#
# A fatal error has been detected by the Java Runtime Environment:
#
#  SIGSEGV (0xb) at pc=0x00007fe9de140889, pid=7238, tid=140642346006272
#
# JRE version: 6.0_26-b03
# Java VM: Java HotSpot(TM) 64-Bit Server VM (20.1-b02 mixed mode linux-amd64 compressed oops)
# Problematic frame:
# C  [libGL.so.1+0x2e9889]  __float128+0x9
#
# If you would like to submit a bug report, please visit:
#   http://java.sun.com/webapps/bugreport/crash.jsp
# The crash happened outside the Java Virtual Machine in native code.
# See problematic frame for where to report the bug.
#

---------------  T H R E A D  ---------------

Current thread (0x00007fe9da429000):  JavaThread "Thread-1" [_thread_in_native, id=7285, stack(0x00007fe9d902f000,0x00007fe9d9130000)]

siginfo:si_signo=SIGSEGV: si_errno=0, si_code=1 (SEGV_MAPERR), si_addr=0x00000000000008c0

Registers:
RAX=0x0000000000000000, RBX=0x00000000bdb37e90, RCX=0x00007fe9da592fc0, RDX=0x00000000eb92ff38
RSP=0x00007fe9d912de28, RBP=0x00007fe9d912de70, RSI=0x00000000eb92ff38, RDI=0x0000000000000001
R8 =0x00007fe9eaf91fe8, R9 =0x00007fe9eaf95e58, R10=0x00007fe9da5933a8, R11=0x00007fe9da592ff8
R12=0x0000000000000000, R13=0x00000000bdb37e90, R14=0x00007fe9d912df20, R15=0x00007fe9da429000
RIP=0x00007fe9de140889, EFLAGS=0x0000000000010206, CSGSFS=0x0000000000000033, ERR=0x0000000000000004
  TRAPNO=0x000000000000000e

Top of Stack: (sp=0x00007fe9d912de28)
0x00007fe9d912de28:   00007fe9dbe77dcd 00007fe9e5ef9dd0
0x00007fe9d912de38:   0000000000000000 00007fe9d912df10
0x00007fe9d912de48:   00000001d912dea8 00007fe9d912df20
0x00007fe9d912de58:   00007fe9da4291d0 00007fe9da429000
0x00007fe9d912de68:   00000000eb92ff38 00007fe9d912dee8
0x00007fe9d912de78:   00007fe9e5f0bb55 0000000000000000
0x00007fe9d912de88:   00000000bdb37e90 00007fe9d912dee8
0x00007fe9d912de98:   00007fe9e5f0b761 00007fe9e5f0b71f
0x00007fe9d912dea8:   00007fe9d912dea8 00000000bdb37e90
0x00007fe9d912deb8:   00007fe9d912df20 00000000bdc17418
0x00007fe9d912dec8:   0000000000000000 00000000bdb37e90
0x00007fe9d912ded8:   0000000000000000 00007fe9d912df08
0x00007fe9d912dee8:   00007fe9d912df68 00007fe9e5efab02
0x00007fe9d912def8:   0000000000000000 00007fe9e5f07298
0x00007fe9d912df08:   0000000000000000 00000000eb92ff28
0x00007fe9d912df18:   0000000000000001 00000000ec594f30
0x00007fe9d912df28:   00007fe9d912df28 00000000bdb37fb0
0x00007fe9d912df38:   00007fe9d912df90 00000000bdc17418
0x00007fe9d912df48:   0000000000000000 00000000bdb37fd8
0x00007fe9d912df58:   00007fe9d912df08 00007fe9d912df78
0x00007fe9d912df68:   00007fe9d912dfd8 00007fe9e5efafdc
0x00007fe9d912df78:   0000000000000000 00000000eb92ff28
0x00007fe9d912df88:   0000000000000001 00000000ec594f30
0x00007fe9d912df98:   00007fe9d912df98 00000000bdd8e71f
0x00007fe9d912dfa8:   00007fe9d912e000 00000000bdd92548
0x00007fe9d912dfb8:   0000000000000000 00000000bdd8e760
0x00007fe9d912dfc8:   00007fe9d912df78 00007fe9d912dfe8
0x00007fe9d912dfd8:   00007fe9d912e048 00007fe9e5efafdc
0x00007fe9d912dfe8:   0000000000000000 00000000eb92ff28
0x00007fe9d912dff8:   0000000000000001 00000000ec594f20
0x00007fe9d912e008:   00007fe9d912e008 00000000bd330621
0x00007fe9d912e018:   00007fe9d912e098 00000000be0b2900 

Instructions: (pc=0x00007fe9de140889)
0x00007fe9de140869:   ff a0 b8 08 00 00 cc cc cc cc cc cc cc cc cc cc
0x00007fe9de140879:   cc cc cc cc cc cc cc 64 48 8b 04 25 60 ff ff ff
0x00007fe9de140889:   ff a0 c0 08 00 00 cc cc cc cc cc cc cc cc cc cc
0x00007fe9de140899:   cc cc cc cc cc cc cc 64 48 8b 04 25 60 ff ff ff 

Register to memory mapping:

RAX=0x0000000000000000 is an unknown value
RBX=0x00000000bdb37e90 is an oop
{method} 
 - klass: {other class}
RCX=0x00007fe9da592fc0 is an unknown value
RDX=0x00000000eb92ff38 is an unknown value
RSP=0x00007fe9d912de28 is pointing into the stack for thread: 0x00007fe9da429000
RBP=0x00007fe9d912de70 is pointing into the stack for thread: 0x00007fe9da429000
RSI=0x00000000eb92ff38 is an unknown value
RDI=0x0000000000000001 is an unknown value
R8 =0x00007fe9eaf91fe8: <offset 0xa99fe8> in /usr/lib/jvm/java-6-sun-1.6.0.26/jre/lib/amd64/server/libjvm.so at 0x00007fe9ea4f8000
R9 =0x00007fe9eaf95e58: <offset 0xa9de58> in /usr/lib/jvm/java-6-sun-1.6.0.26/jre/lib/amd64/server/libjvm.so at 0x00007fe9ea4f8000
R10=0x00007fe9da5933a8 is an unknown value
R11=0x00007fe9da592ff8 is an unknown value
R12=0x0000000000000000 is an unknown value
R13=0x00000000bdb37e90 is an oop
{method} 
 - klass: {other class}
R14=0x00007fe9d912df20 is pointing into the stack for thread: 0x00007fe9da429000
R15=0x00007fe9da429000 is a thread


Stack: [0x00007fe9d902f000,0x00007fe9d9130000],  sp=0x00007fe9d912de28,  free space=1019k
Native frames: (J=compiled Java code, j=interpreted, Vv=VM code, C=native code)
C  [libGL.so.1+0x2e9889]  __float128+0x9
j  com.sun.opengl.impl.GLImpl.glGenTextures1(ILjava/lang/Object;I)V+0
j  com.sun.opengl.impl.GLImpl.glGenTextures(I[II)V+64
j  org.mt4j.util.opengl.JoglGL20Plus.glGenTextures(I[II)V+7
j  org.mt4j.util.opengl.GLTexture.setupGLTexture(II)V+417
j  org.mt4j.util.opengl.GLTexture.<init>(Lprocessing/core/PApplet;IILorg/mt4j/util/opengl/GLTextureSettings;)V+113
j  org.mt4j.util.opengl.GLTexture.<init>(Lprocessing/core/PApplet;Lprocessing/core/PImage;Lorg/mt4j/util/opengl/GLTextureSettings;)V+11
j  org.mt4j.components.visibleComponents.shapes.AbstractShape.setTexture(Lprocessing/core/PImage;)V+266
j  org.mt4j.components.visibleComponents.shapes.MTRectangle.setTexture(Lprocessing/core/PImage;)V+2
j  org.mt4j.components.visibleComponents.font.BitmapFontCharacter.<init>(Lprocessing/core/PApplet;Lprocessing/core/PImage;Ljava/lang/String;III)V+31
j  processing.core.BitmapFontFactoryProxy.createCharacters(Lprocessing/core/PApplet;Lprocessing/core/PFont;Ljava/lang/String;Lorg/mt4j/util/MTColor;)Ljava/util/List;+237
j  processing.core.BitmapFontFactoryProxy.createFont(Lprocessing/core/PApplet;Ljava/lang/String;ILorg/mt4j/util/MTColor;Lorg/mt4j/util/MTColor;Z)Lorg/mt4j/util/font/IFont;+33
j  processing.core.BitmapFontFactoryProxy.createFont(Lprocessing/core/PApplet;Ljava/lang/String;ILorg/mt4j/util/MTColor;Z)Lorg/mt4j/util/font/IFont;+10
j  org.mt4j.util.font.fontFactories.BitmapFontFactory.createFont(Lprocessing/core/PApplet;Ljava/lang/String;ILorg/mt4j/util/MTColor;Z)Lorg/mt4j/util/font/IFont;+26
j  org.mt4j.util.font.FontManager.createFont(Lprocessing/core/PApplet;Ljava/lang/String;ILorg/mt4j/util/MTColor;Z)Lorg/mt4j/util/font/IFont;+146
j  org.mt4j.util.font.FontManager.createFont(Lprocessing/core/PApplet;Ljava/lang/String;ILorg/mt4j/util/MTColor;)Lorg/mt4j/util/font/IFont;+7
j  org.mt4j.components.css.util.CSSStyleManager.getDefaultFont(Lorg/mt4j/AbstractMTApplication;)Lorg/mt4j/util/font/IFont;+19
j  org.mt4j.components.visibleComponents.widgets.MTTextArea.<init>(Lorg/mt4j/AbstractMTApplication;)V+7
j  advanced.physics.scenes.GlobitosScene$TextoTrans.<init>(Ladvanced/physics/scenes/GlobitosScene;Lorg/mt4j/AbstractMTApplication;I)V+7
j  advanced.physics.scenes.GlobitosScene$JuegoGlobos.run()V+55
j  java.lang.Thread.run()V+11
v  ~StubRoutines::call_stub
V  [libjvm.so+0x4df5c0]  JavaCalls::call_helper(JavaValue*, methodHandle*, JavaCallArguments*, Thread*)+0x1e0
V  [libjvm.so+0x70f629]  os::os_exception_wrapper(void (*)(JavaValue*, methodHandle*, JavaCallArguments*, Thread*), JavaValue*, methodHandle*, JavaCallArguments*, Thread*)+0x19
V  [libjvm.so+0x4def06]  JavaCalls::call_virtual(JavaValue*, KlassHandle, symbolHandle, symbolHandle, JavaCallArguments*, Thread*)+0x126
V  [libjvm.so+0x4defb7]  JavaCalls::call_virtual(JavaValue*, Handle, KlassHandle, symbolHandle, symbolHandle, Thread*)+0x47
V  [libjvm.so+0x572ce0]  thread_entry(JavaThread*, Thread*)+0xa0
V  [libjvm.so+0x8190f1]  JavaThread::run()+0x121
V  [libjvm.so+0x710adf]  java_start(Thread*)+0x13f

Java frames: (J=compiled Java code, j=interpreted, Vv=VM code)
j  com.sun.opengl.impl.GLImpl.glGenTextures1(ILjava/lang/Object;I)V+0
j  com.sun.opengl.impl.GLImpl.glGenTextures(I[II)V+64
j  org.mt4j.util.opengl.JoglGL20Plus.glGenTextures(I[II)V+7
j  org.mt4j.util.opengl.GLTexture.setupGLTexture(II)V+417
j  org.mt4j.util.opengl.GLTexture.<init>(Lprocessing/core/PApplet;IILorg/mt4j/util/opengl/GLTextureSettings;)V+113
j  org.mt4j.util.opengl.GLTexture.<init>(Lprocessing/core/PApplet;Lprocessing/core/PImage;Lorg/mt4j/util/opengl/GLTextureSettings;)V+11
j  org.mt4j.components.visibleComponents.shapes.AbstractShape.setTexture(Lprocessing/core/PImage;)V+266
j  org.mt4j.components.visibleComponents.shapes.MTRectangle.setTexture(Lprocessing/core/PImage;)V+2
j  org.mt4j.components.visibleComponents.font.BitmapFontCharacter.<init>(Lprocessing/core/PApplet;Lprocessing/core/PImage;Ljava/lang/String;III)V+31
j  processing.core.BitmapFontFactoryProxy.createCharacters(Lprocessing/core/PApplet;Lprocessing/core/PFont;Ljava/lang/String;Lorg/mt4j/util/MTColor;)Ljava/util/List;+237
j  processing.core.BitmapFontFactoryProxy.createFont(Lprocessing/core/PApplet;Ljava/lang/String;ILorg/mt4j/util/MTColor;Lorg/mt4j/util/MTColor;Z)Lorg/mt4j/util/font/IFont;+33
j  processing.core.BitmapFontFactoryProxy.createFont(Lprocessing/core/PApplet;Ljava/lang/String;ILorg/mt4j/util/MTColor;Z)Lorg/mt4j/util/font/IFont;+10
j  org.mt4j.util.font.fontFactories.BitmapFontFactory.createFont(Lprocessing/core/PApplet;Ljava/lang/String;ILorg/mt4j/util/MTColor;Z)Lorg/mt4j/util/font/IFont;+26
j  org.mt4j.util.font.FontManager.createFont(Lprocessing/core/PApplet;Ljava/lang/String;ILorg/mt4j/util/MTColor;Z)Lorg/mt4j/util/font/IFont;+146
j  org.mt4j.util.font.FontManager.createFont(Lprocessing/core/PApplet;Ljava/lang/String;ILorg/mt4j/util/MTColor;)Lorg/mt4j/util/font/IFont;+7
j  org.mt4j.components.css.util.CSSStyleManager.getDefaultFont(Lorg/mt4j/AbstractMTApplication;)Lorg/mt4j/util/font/IFont;+19
j  org.mt4j.components.visibleComponents.widgets.MTTextArea.<init>(Lorg/mt4j/AbstractMTApplication;)V+7
j  advanced.physics.scenes.GlobitosScene$TextoTrans.<init>(Ladvanced/physics/scenes/GlobitosScene;Lorg/mt4j/AbstractMTApplication;I)V+7
j  advanced.physics.scenes.GlobitosScene$JuegoGlobos.run()V+55
j  java.lang.Thread.run()V+11
v  ~StubRoutines::call_stub

---------------  P R O C E S S  ---------------

Java Threads: ( => current thread )
  0x0000000040862000 JavaThread "DestroyJavaVM" [_thread_blocked, id=7243, stack(0x00007fe9ea172000,0x00007fe9ea273000)]
=>0x00007fe9da429000 JavaThread "Thread-1" [_thread_in_native, id=7285, stack(0x00007fe9d902f000,0x00007fe9d9130000)]
  0x0000000040c78000 JavaThread "AWT-EventQueue-0" [_thread_blocked, id=7274, stack(0x00007fe9de28f000,0x00007fe9de390000)]
  0x0000000040c76000 JavaThread "Animation Thread" [_thread_in_native, id=7273, stack(0x00007fe9de390000,0x00007fe9de491000)]
  0x00007fe9e03f2000 JavaThread "AWT-Shutdown" [_thread_blocked, id=7270, stack(0x00007fe9de491000,0x00007fe9de592000)]
  0x0000000040afd000 JavaThread "AWT-XAWT" daemon [_thread_blocked, id=7268, stack(0x00007fe9de693000,0x00007fe9de794000)]
  0x00007fe9e0255800 JavaThread "Java2D Disposer" daemon [_thread_blocked, id=7267, stack(0x00007fe9dedda000,0x00007fe9deedb000)]
  0x000000004090b000 JavaThread "Low Memory Detector" daemon [_thread_blocked, id=7265, stack(0x00007fe9e455c000,0x00007fe9e465d000)]
  0x0000000040909000 JavaThread "C2 CompilerThread1" daemon [_thread_in_native, id=7264, stack(0x00007fe9e465d000,0x00007fe9e475e000)]
  0x0000000040906000 JavaThread "C2 CompilerThread0" daemon [_thread_blocked, id=7263, stack(0x00007fe9e475e000,0x00007fe9e485f000)]
  0x00007fe9e0001000 JavaThread "JDWP Command Reader" daemon [_thread_in_native, id=7259, stack(0x00007fe9e485f000,0x00007fe9e4960000)]
  0x00000000408f9800 JavaThread "JDWP Event Helper Thread" daemon [_thread_blocked, id=7258, stack(0x00007fe9e4960000,0x00007fe9e4a61000)]
  0x00000000408f5800 JavaThread "JDWP Transport Listener: dt_socket" daemon [_thread_blocked, id=7257, stack(0x00007fe9e4a61000,0x00007fe9e4b62000)]
  0x00000000408e9000 JavaThread "Signal Dispatcher" daemon [_thread_blocked, id=7253, stack(0x00007fe9e4c66000,0x00007fe9e4d67000)]
  0x00000000408cd800 JavaThread "Finalizer" daemon [_thread_blocked, id=7251, stack(0x00007fe9e4d67000,0x00007fe9e4e68000)]
  0x00000000408c6800 JavaThread "Reference Handler" daemon [_thread_blocked, id=7250, stack(0x00007fe9e4e68000,0x00007fe9e4f69000)]

Other Threads:
  0x00000000408bf800 VMThread [stack: 0x00007fe9e4f69000,0x00007fe9e506a000] [id=7249]
  0x000000004090e000 WatcherThread [stack: 0x00007fe9e445b000,0x00007fe9e455c000] [id=7266]

VM state:not at safepoint (normal execution)

VM Mutex/Monitor currently owned by a thread: None

Heap
 PSYoungGen      total 18496K, used 6534K [0x00000000eb560000, 0x00000000ed980000, 0x0000000100000000)
  eden space 15872K, 24% used [0x00000000eb560000,0x00000000eb937058,0x00000000ec4e0000)
  from space 2624K, 99% used [0x00000000ec4e0000,0x00000000ec76aa00,0x00000000ec770000)
  to   space 2624K, 0% used [0x00000000ed6f0000,0x00000000ed6f0000,0x00000000ed980000)
 PSOldGen        total 42304K, used 7407K [0x00000000c2000000, 0x00000000c4950000, 0x00000000eb560000)
  object space 42304K, 17% used [0x00000000c2000000,0x00000000c273bd28,0x00000000c4950000)
 PSPermGen       total 21248K, used 20105K [0x00000000bce00000, 0x00000000be2c0000, 0x00000000c2000000)
  object space 21248K, 94% used [0x00000000bce00000,0x00000000be1a2408,0x00000000be2c0000)

Code Cache  [0x00007fe9e5ef5000, 0x00007fe9e6165000, 0x00007fe9e8ef5000)
 total_blobs=1076 nmethods=283 adapters=755 free_code_cache=48850752 largest_free_block=24000

Dynamic libraries:
40000000-40009000 r-xp 00000000 08:22 1185676                            /usr/lib/jvm/java-6-sun-1.6.0.26/jre/bin/java
40108000-4010a000 rwxp 00008000 08:22 1185676                            /usr/lib/jvm/java-6-sun-1.6.0.26/jre/bin/java
40855000-40d1b000 rwxp 00000000 00:00 0                                  [heap]
41fea000-41fec000 r-xs 00000000 08:22 1986607                            /tmp/glmEUsmn (deleted)
bce00000-be2c0000 rwxp 00000000 00:00 0 
be2c0000-c2000000 rwxp 00000000 00:00 0 
c2000000-c4950000 rwxp 00000000 00:00 0 
c4950000-eb560000 rwxp 00000000 00:00 0 
eb560000-ed980000 rwxp 00000000 00:00 0 
ed980000-100000000 rwxp 00000000 00:00 0 
7fe9d8e2f000-7fe9d902f000 rwxp 00000000 00:00 0 
7fe9d902f000-7fe9d9032000 ---p 00000000 00:00 0 
7fe9d9032000-7fe9d9130000 rwxp 00000000 00:00 0 
7fe9d9130000-7fe9d9132000 rwxs 00000000 08:22 1986607                    /tmp/glmEUsmn (deleted)
7fe9d9132000-7fe9d913c000 r-xs 00000000 08:22 1708639                    /usr/share/fonts/type1/mathml/Symbol.pfb
7fe9d913c000-7fe9d9154000 r-xs 00000000 08:22 1581250                    /usr/share/fonts/type1/gsfonts/n022003l.pfb
7fe9d9169000-7fe9d9182000 r-xs 00000000 08:22 1581253                    /usr/share/fonts/type1/gsfonts/n022004l.pfb
7fe9d9182000-7fe9d919c000 r-xs 00000000 08:22 1581199                    /usr/share/fonts/type1/gsfonts/c059013l.pfb
7fe9d919c000-7fe9d91b4000 r-xs 00000000 08:22 1581208                    /usr/share/fonts/type1/gsfonts/c059036l.pfb
7fe9d91b4000-7fe9d91c7000 r-xs 00000000 08:22 1581235                    /usr/share/fonts/type1/gsfonts/n019064l.pfb
7fe9d91c7000-7fe9d91d1000 r-xs 00000000 08:22 1708248                    /usr/share/fonts/X11/Type1/c0419bt_.pfb
7fe9d91fd000-7fe9d9211000 r-xs 00000000 08:22 1581214                    /usr/share/fonts/type1/gsfonts/n019003l.pfb
7fe9d9211000-7fe9d9227000 r-xs 00000000 08:22 1581247                    /usr/share/fonts/type1/gsfonts/n021024l.pfb
7fe9d9227000-7fe9d923e000 r-xs 00000000 08:22 1581244                    /usr/share/fonts/type1/gsfonts/n021023l.pfb
7fe9d923e000-7fe9d9254000 r-xs 00000000 08:22 1581259                    /usr/share/fonts/type1/gsfonts/n022024l.pfb
7fe9d9254000-7fe9d925d000 r-xs 00000000 08:22 1581274                    /usr/share/fonts/type1/gsfonts/s050000l.pfb
7fe9d925d000-7fe9d9266000 r-xs 00000000 08:22 1708253                    /usr/share/fonts/X11/Type1/c0632bt_.pfb
7fe9d9266000-7fe9d9278000 r-xs 00000000 08:22 1581217                    /usr/share/fonts/type1/gsfonts/n019004l.pfb
7fe9d928f000-7fe9d92a0000 r-xs 00000000 08:22 1581223                    /usr/share/fonts/type1/gsfonts/n019024l.pfb
7fe9d92a0000-7fe9d92a9000 r-xs 00000000 08:22 1708247                    /usr/share/fonts/X11/Type1/c0649bt_.pfb
7fe9d92a9000-7fe9d92ba000 r-xs 00000000 08:22 1581232                    /usr/share/fonts/type1/gsfonts/n019063l.pfb
7fe9d92f6000-7fe9d930e000 r-xs 00000000 08:22 1581205                    /usr/share/fonts/type1/gsfonts/c059033l.pfb
7fe9d930e000-7fe9d9327000 r-xs 00000000 08:22 1581241                    /usr/share/fonts/type1/gsfonts/n021004l.pfb
7fe9d9327000-7fe9d9333000 r-xs 00000000 08:22 1581211                    /usr/share/fonts/type1/gsfonts/d050000l.pfb
7fe9d9333000-7fe9d933c000 r-xs 00000000 08:22 1708261                    /usr/share/fonts/X11/Type1/c0633bt_.pfb
7fe9d933c000-7fe9d934d000 r-xs 00000000 08:22 1581220                    /usr/share/fonts/type1/gsfonts/n019023l.pfb
7fe9d934d000-7fe9d9356000 r-xs 00000000 08:22 1708255                    /usr/share/fonts/X11/Type1/c0648bt_.pfb
7fe9d9356000-7fe9d9371000 r-xs 00000000 08:22 1581202                    /usr/share/fonts/type1/gsfonts/c059016l.pfb
7fe9d93ad000-7fe9d93c3000 r-xs 00000000 08:22 1581256                    /usr/share/fonts/type1/gsfonts/n022023l.pfb
7fe9d93f9000-7fe9d9412000 r-xs 00000000 08:22 1581238                    /usr/share/fonts/type1/gsfonts/n021003l.pfb
7fe9d9424000-7fe9d9436000 r-xs 00000000 08:22 1581229                    /usr/share/fonts/type1/gsfonts/n019044l.pfb
7fe9d9436000-7fe9d9448000 r-xs 00000000 08:22 1581226                    /usr/share/fonts/type1/gsfonts/n019043l.pfb
7fe9d9448000-7fe9d9452000 r-xs 00000000 08:22 1708252                    /usr/share/fonts/X11/Type1/c0611bt_.pfb
7fe9d9452000-7fe9d945c000 r-xs 00000000 08:22 1708260                    /usr/share/fonts/X11/Type1/c0582bt_.pfb
7fe9d945c000-7fe9d9466000 r-xs 00000000 08:22 1708259                    /usr/share/fonts/X11/Type1/c0583bt_.pfb
7fe9d9466000-7fe9d9481000 r-xs 00000000 08:22 272619                     /usr/share/texmf/fonts/type1/public/lm/lmtlc10.pfb
7fe9d9481000-7fe9d949c000 r-xs 00000000 08:22 272614                     /usr/share/texmf/fonts/type1/public/lm/lmtcsc10.pfb
7fe9d949c000-7fe9d94c0000 r-xs 00000000 08:22 272560                     /usr/share/texmf/fonts/type1/public/lm/lmduno10.pfb
7fe9d94c0000-7fe9d94df000 r-xs 00000000 08:22 272576                     /usr/share/texmf/fonts/type1/public/lm/lmr6.pfb
7fe9d94df000-7fe9d94fd000 r-xs 00000000 08:22 272574                     /usr/share/texmf/fonts/type1/public/lm/lmr17.pfb
7fe9d94fd000-7fe9d951b000 r-xs 00000000 08:22 272572                     /usr/share/texmf/fonts/type1/public/lm/lmr10.pfb
7fe9d951b000-7fe9d9523000 r-xs 00000000 08:22 272562                     /usr/share/texmf/fonts/type1/public/lm/lmmi10.pfb
7fe9d9523000-7fe9d952a000 r-xs 00000000 08:22 272610                     /usr/share/texmf/fonts/type1/public/lm/lmsy6.pfb
7fe9d952a000-7fe9d9547000 r-xs 00000000 08:22 272616                     /usr/share/texmf/fonts/type1/public/lm/lmtk10.pfb
7fe9d9547000-7fe9d9565000 r-xs 00000000 08:22 272577                     /usr/share/texmf/fonts/type1/public/lm/lmr7.pfb
7fe9d9565000-7fe9d9582000 r-xs 00000000 08:22 272624                     /usr/share/texmf/fonts/type1/public/lm/lmtt8.pfb
7fe9d9582000-7fe9d959d000 r-xs 00000000 08:22 272625                     /usr/share/texmf/fonts/type1/public/lm/lmtt9.pfb
7fe9d959d000-7fe9d95b9000 r-xs 00000000 08:22 272580                     /usr/share/texmf/fonts/type1/public/lm/lmri10.pfb
7fe9d95b9000-7fe9d95db000 r-xs 00000000 08:22 272595                     /usr/share/texmf/fonts/type1/public/lm/lmssbo10.pfb
7fe9d95db000-7fe9d95e2000 r-xs 00000000 08:22 272545                     /usr/share/texmf/fonts/type1/public/lm/lmbsy10.pfb
7fe9d95e2000-7fe9d95ff000 r-xs 00000000 08:22 272606                     /usr/share/texmf/fonts/type1/public/lm/lmssqbx8.pfb
7fe9d95ff000-7fe9d9607000 r-xs 00000000 08:22 272567                     /usr/share/texmf/fonts/type1/public/lm/lmmi8.pfb
7fe9d9607000-7fe9d960f000 r-xs 00000000 08:22 272547                     /usr/share/texmf/fonts/type1/public/lm/lmbsy7.pfb
7fe9d960f000-7fe9d9617000 r-xs 00000000 08:22 272566                     /usr/share/texmf/fonts/type1/public/lm/lmmi7.pfb
7fe9d9617000-7fe9d9632000 r-xs 00000000 08:22 272603                     /usr/share/texmf/fonts/type1/public/lm/lmsso9.pfb
7fe9d9632000-7fe9d964e000 r-xs 00000000 08:22 272622                     /usr/share/texmf/fonts/type1/public/lm/lmtt10.pfb
7fe9d964e000-7fe9d966f000 r-xs 00000000 08:22 272558                     /usr/share/texmf/fonts/type1/public/lm/lmcsco10.pfb
7fe9d966f000-7fe9d9687000 r-xs 00000000 08:22 272593                     /usr/share/texmf/fonts/type1/public/lm/lmss8.pfb
7fe9d9687000-7fe9d968d000 r-xs 00000000 08:22 272561                     /usr/share/texmf/fonts/type1/public/lm/lmex10.pfb
7fe9d968d000-7fe9d96af000 r-xs 00000000 08:22 272589                     /usr/share/texmf/fonts/type1/public/lm/lmro9.pfb
7fe9d96af000-7fe9d96d1000 r-xs 00000000 08:22 272544                     /usr/share/texmf/fonts/type1/public/lm/lmbo10.pfb
7fe9d96d1000-7fe9d96f0000 r-xs 00000000 08:22 272559                     /usr/share/texmf/fonts/type1/public/lm/lmdunh10.pfb
7fe9d96f0000-7fe9d970e000 r-xs 00000000 08:22 272631                     /usr/share/texmf/fonts/type1/public/lm/lmvtl10.pfb
7fe9d970e000-7fe9d980e000 rwxp 00000000 00:00 0 
7fe9d980e000-7fe9d982d000 r-xs 00000000 08:22 272543                     /usr/share/texmf/fonts/type1/public/lm/lmb10.pfb
7fe9d982d000-7fe9d9835000 r-xs 00000000 08:22 272563                     /usr/share/texmf/fonts/type1/public/lm/lmmi12.pfb
7fe9d9835000-7fe9d983c000 r-xs 00000000 08:22 272609                     /usr/share/texmf/fonts/type1/public/lm/lmsy5.pfb
7fe9d983c000-7fe9d985b000 r-xs 00000000 08:22 272551                     /usr/share/texmf/fonts/type1/public/lm/lmbx6.pfb
7fe9d985b000-7fe9d995b000 rwxp 00000000 00:00 0 
7fe9d995b000-7fe9d9976000 r-xs 00000000 08:22 272602                     /usr/share/texmf/fonts/type1/public/lm/lmsso8.pfb
7fe9d9976000-7fe9d997e000 r-xs 00000000 08:22 272565                     /usr/share/texmf/fonts/type1/public/lm/lmmi6.pfb
7fe9d997e000-7fe9d999f000 r-xs 00000000 08:22 272634                     /usr/share/texmf/fonts/type1/public/lm/lmvtto10.pfb
7fe9d999f000-7fe9d99bb000 r-xs 00000000 08:22 272555                     /usr/share/texmf/fonts/type1/public/lm/lmbxi10.pfb
7fe9d99bb000-7fe9d99d8000 r-xs 00000000 08:22 272604                     /usr/share/texmf/fonts/type1/public/lm/lmssq8.pfb
7fe9d99d8000-7fe9d99f8000 r-xs 00000000 08:22 272615                     /usr/share/texmf/fonts/type1/public/lm/lmtcso10.pfb
7fe9d99f8000-7fe9d9a19000 r-xs 00000000 08:22 272588                     /usr/share/texmf/fonts/type1/public/lm/lmro8.pfb
7fe9d9a19000-7fe9d9a38000 r-xs 00000000 08:22 272605                     /usr/share/texmf/fonts/type1/public/lm/lmssqbo8.pfb
7fe9d9a38000-7fe9d9a58000 r-xs 00000000 08:22 272607                     /usr/share/texmf/fonts/type1/public/lm/lmssqo8.pfb
7fe9d9a58000-7fe9d9a70000 r-xs 00000000 08:22 272591                     /usr/share/texmf/fonts/type1/public/lm/lmss12.pfb
7fe9d9a70000-7fe9d9a8d000 r-xs 00000000 08:22 272633                     /usr/share/texmf/fonts/type1/public/lm/lmvtt10.pfb
7fe9d9a8d000-7fe9d9aa9000 r-xs 00000000 08:22 272582                     /usr/share/texmf/fonts/type1/public/lm/lmri7.pfb
7fe9d9aa9000-7fe9d9ac8000 r-xs 00000000 08:22 272586                     /usr/share/texmf/fonts/type1/public/lm/lmro12.pfb
7fe9d9ac8000-7fe9d9ad0000 r-xs 00000000 08:22 272571                     /usr/share/texmf/fonts/type1/public/lm/lmmib7.pfb
7fe9d9ad0000-7fe9d9aee000 r-xs 00000000 08:22 272575                     /usr/share/texmf/fonts/type1/public/lm/lmr5.pfb
7fe9d9aee000-7fe9d9b0b000 r-xs 00000000 08:22 272550                     /usr/share/texmf/fonts/type1/public/lm/lmbx5.pfb
7fe9d9b0b000-7fe9d9b2e000 r-xs 00000000 08:22 272617                     /usr/share/texmf/fonts/type1/public/lm/lmtko10.pfb
7fe9d9b2e000-7fe9d9b4c000 r-xs 00000000 08:22 272578                     /usr/share/texmf/fonts/type1/public/lm/lmr8.pfb
7fe9d9b4c000-7fe9d9b67000 r-xs 00000000 08:22 272581                     /usr/share/texmf/fonts/type1/public/lm/lmri12.pfb
7fe9d9b67000-7fe9d9b85000 r-xs 00000000 08:22 272552                     /usr/share/texmf/fonts/type1/public/lm/lmbx7.pfb
7fe9d9b85000-7fe9d9ba4000 r-xs 00000000 08:22 272554                     /usr/share/texmf/fonts/type1/public/lm/lmbx9.pfb
7fe9d9ba4000-7fe9d9bc6000 r-xs 00000000 08:22 272598                     /usr/share/texmf/fonts/type1/public/lm/lmssdo10.pfb
7fe9d9bc6000-7fe9d9be3000 r-xs 00000000 08:22 272597                     /usr/share/texmf/fonts/type1/public/lm/lmssdc10.pfb
7fe9d9be3000-7fe9d9bea000 r-xs 00000000 08:22 272608                     /usr/share/texmf/fonts/type1/public/lm/lmsy10.pfb
7fe9d9bea000-7fe9d9c03000 r-xs 00000000 08:22 272626                     /usr/share/texmf/fonts/type1/public/lm/lmtti10.pfb
7fe9d9c03000-7fe9d9c20000 r-xs 00000000 08:22 272557                     /usr/share/texmf/fonts/type1/public/lm/lmcsc10.pfb
7fe9d9c20000-7fe9d9c28000 r-xs 00000000 08:22 272570                     /usr/share/texmf/fonts/type1/public/lm/lmmib5.pfb
7fe9d9c28000-7fe9d9c43000 r-xs 00000000 08:22 272600                     /usr/share/texmf/fonts/type1/public/lm/lmsso12.pfb
7fe9d9c43000-7fe9d9c61000 r-xs 00000000 08:22 272579                     /usr/share/texmf/fonts/type1/public/lm/lmr9.pfb
7fe9d9c61000-7fe9d9c68000 r-xs 00000000 08:22 272613                     /usr/share/texmf/fonts/type1/public/lm/lmsy9.pfb
7fe9d9c68000-7fe9d9c86000 r-xs 00000000 08:22 272548                     /usr/share/texmf/fonts/type1/public/lm/lmbx10.pfb
7fe9d9c86000-7fe9d9c8e000 r-xs 00000000 08:22 272568                     /usr/share/texmf/fonts/type1/public/lm/lmmi9.pfb
7fe9d9c8e000-7fe9d9c95000 r-xs 00000000 08:22 272611                     /usr/share/texmf/fonts/type1/public/lm/lmsy7.pfb
7fe9d9c95000-7fe9d9cad000 r-xs 00000000 08:22 272594                     /usr/share/texmf/fonts/type1/public/lm/lmss9.pfb
7fe9d9cad000-7fe9d9cce000 r-xs 00000000 08:22 272585                     /usr/share/texmf/fonts/type1/public/lm/lmro10.pfb
7fe9d9cce000-7fe9d9ced000 r-xs 00000000 08:22 272553                     /usr/share/texmf/fonts/type1/public/lm/lmbx8.pfb
7fe9d9ced000-7fe9d9cf4000 r-xs 00000000 08:22 272612                     /usr/share/texmf/fonts/type1/public/lm/lmsy8.pfb
7fe9d9cf4000-7fe9d9d10000 r-xs 00000000 08:22 272573                     /usr/share/texmf/fonts/type1/public/lm/lmr12.pfb
7fe9d9d10000-7fe9d9d2e000 r-xs 00000000 08:22 272596                     /usr/share/texmf/fonts/type1/public/lm/lmssbx10.pfb
7fe9d9d2e000-7fe9d9d46000 r-xs 00000000 08:22 272590                     /usr/share/texmf/fonts/type1/public/lm/lmss10.pfb
7fe9d9d46000-7fe9d9d65000 r-xs 00000000 08:22 272629                     /usr/share/texmf/fonts/type1/public/lm/lmvtk10.pfb
7fe9d9d65000-7fe9d9d80000 r-xs 00000000 08:22 272623                     /usr/share/texmf/fonts/type1/public/lm/lmtt12.pfb
7fe9d9d80000-7fe9d9da2000 r-xs 00000000 08:22 272556                     /usr/share/texmf/fonts/type1/public/lm/lmbxo10.pfb
7fe9d9da2000-7fe9d9dbf000 r-xs 00000000 08:22 272549                     /usr/share/texmf/fonts/type1/public/lm/lmbx12.pfb
7fe9d9dbf000-7fe9d9dd7000 r-xs 00000000 08:22 272592                     /usr/share/texmf/fonts/type1/public/lm/lmss17.pfb
7fe9d9dd7000-7fe9d9df2000 r-xs 00000000 08:22 272601                     /usr/share/texmf/fonts/type1/public/lm/lmsso17.pfb
7fe9d9df2000-7fe9d9e17000 r-xs 00000000 08:22 272630                     /usr/share/texmf/fonts/type1/public/lm/lmvtko10.pfb
7fe9d9e17000-7fe9d9e36000 r-xs 00000000 08:22 272627                     /usr/share/texmf/fonts/type1/public/lm/lmtto10.pfb
7fe9d9e36000-7fe9d9e3e000 r-xs 00000000 08:22 272569                     /usr/share/texmf/fonts/type1/public/lm/lmmib10.pfb
7fe9d9e3e000-7fe9d9e58000 r-xs 00000000 08:22 272618                     /usr/share/texmf/fonts/type1/public/lm/lmtl10.pfb
7fe9d9e58000-7fe9d9e7a000 r-xs 00000000 08:22 272632                     /usr/share/texmf/fonts/type1/public/lm/lmvtlo10.pfb
7fe9d9e7a000-7fe9d9e95000 r-xs 00000000 08:22 272599                     /usr/share/texmf/fonts/type1/public/lm/lmsso10.pfb
7fe9d9e95000-7fe9d9eb1000 r-xs 00000000 08:22 272628                     /usr/share/texmf/fonts/type1/public/lm/lmu10.pfb
7fe9d9eb1000-7fe9d9eb9000 r-xs 00000000 08:22 272546                     /usr/share/texmf/fonts/type1/public/lm/lmbsy5.pfb
7fe9d9eb9000-7fe9d9ed4000 r-xs 00000000 08:22 272584                     /usr/share/texmf/fonts/type1/public/lm/lmri9.pfb
7fe9d9ed4000-7fe9d9ef3000 r-xs 00000000 08:22 272621                     /usr/share/texmf/fonts/type1/public/lm/lmtlo10.pfb
7fe9d9ef3000-7fe9d9f0e000 r-xs 00000000 08:22 272583                     /usr/share/texmf/fonts/type1/public/lm/lmri8.pfb
7fe9d9f0e000-7fe9d9f2f000 r-xs 00000000 08:22 272587                     /usr/share/texmf/fonts/type1/public/lm/lmro17.pfb
7fe9d9f2f000-7fe9d9f36000 r-xp 00000000 08:22 1189392                    /usr/lib/jvm/java-6-sun-1.6.0.26/jre/lib/amd64/libnio.so
7fe9d9f36000-7fe9da035000 ---p 00007000 08:22 1189392                    /usr/lib/jvm/java-6-sun-1.6.0.26/jre/lib/amd64/libnio.so
7fe9da035000-7fe9da037000 rwxp 00006000 08:22 1189392                    /usr/lib/jvm/java-6-sun-1.6.0.26/jre/lib/amd64/libnio.so
7fe9da037000-7fe9dab37000 rwxp 00000000 00:00 0 
7fe9dab37000-7fe9dab4a000 r-xp 00000000 08:22 1189407                    /usr/lib/jvm/java-6-sun-1.6.0.26/jre/lib/amd64/libnet.so
7fe9dab4a000-7fe9dac4b000 ---p 00013000 08:22 1189407                    /usr/lib/jvm/java-6-sun-1.6.0.26/jre/lib/amd64/libnet.so
7fe9dac4b000-7fe9dac4e000 rwxp 00014000 08:22 1189407                    /usr/lib/jvm/java-6-sun-1.6.0.26/jre/lib/amd64/libnet.so
7fe9dac4e000-7fe9dad4e000 rwxp 00000000 00:00 0 
7fe9dad4e000-7fe9dad8e000 rwxs cff3d000 00:05 8038                       /dev/nvidia1
7fe9dad8e000-7fe9dae8e000 rwxs 108f9b000 00:05 8038                      /dev/nvidia1
7fe9dae8e000-7fe9dae8f000 rwxs b2c04000 00:05 8038                       /dev/nvidia1
7fe9dae8f000-7fe9daf8f000 rwxs 162082000 00:05 8038                      /dev/nvidia1
7fe9daf8f000-7fe9db19f000 rwxp 00000000 00:00 0 
7fe9db19f000-7fe9dba0f000 rwxs c0000000 00:05 8038                       /dev/nvidia1
7fe9dba0f000-7fe9dba11000 r-xp 00000000 08:24 680267                     /home/bguaman/workspace/mt4j-desktop/libjogl_awt.so
7fe9dba11000-7fe9dbb10000 ---p 00002000 08:24 680267                     /home/bguaman/workspace/mt4j-desktop/libjogl_awt.so
7fe9dbb10000-7fe9dbb11000 rwxp 00001000 08:24 680267                     /home/bguaman/workspace/mt4j-desktop/libjogl_awt.so
7fe9dbb11000-7fe9dbb12000 r-xp 00000000 08:22 1189436                    /usr/lib/jvm/java-6-sun-1.6.0.26/jre/lib/amd64/libjawt.so
7fe9dbb12000-7fe9dbc11000 ---p 00001000 08:22 1189436                    /usr/lib/jvm/java-6-sun-1.6.0.26/jre/lib/amd64/libjawt.so
7fe9dbc11000-7fe9dbc12000 rwxp 00000000 08:22 1189436                    /usr/lib/jvm/java-6-sun-1.6.0.26/jre/lib/amd64/libjawt.so
7fe9dbc12000-7fe9dbc17000 r-xp 00000000 08:22 1182806                    /usr/lib/x86_64-linux-gnu/libXxf86vm.so.1.0.0
7fe9dbc17000-7fe9dbe16000 ---p 00005000 08:22 1182806                    /usr/lib/x86_64-linux-gnu/libXxf86vm.so.1.0.0
7fe9dbe16000-7fe9dbe17000 r-xp 00004000 08:22 1182806                    /usr/lib/x86_64-linux-gnu/libXxf86vm.so.1.0.0
7fe9dbe17000-7fe9dbe18000 rwxp 00005000 08:22 1182806                    /usr/lib/x86_64-linux-gnu/libXxf86vm.so.1.0.0
7fe9dbe18000-7fe9dbf07000 r-xp 00000000 08:24 680264                     /home/bguaman/workspace/mt4j-desktop/libjogl.so
7fe9dbf07000-7fe9dc007000 ---p 000ef000 08:24 680264                     /home/bguaman/workspace/mt4j-desktop/libjogl.so
7fe9dc007000-7fe9dc008000 rwxp 000ef000 08:24 680264                     /home/bguaman/workspace/mt4j-desktop/libjogl.so
7fe9dc008000-7fe9dd456000 r-xp 00000000 08:22 1184078                    /usr/lib/nvidia-current/libnvidia-glcore.so.270.41.06
7fe9dd456000-7fe9dd656000 ---p 0144e000 08:22 1184078                    /usr/lib/nvidia-current/libnvidia-glcore.so.270.41.06
7fe9dd656000-7fe9ddc3e000 rwxp 0144e000 08:22 1184078                    /usr/lib/nvidia-current/libnvidia-glcore.so.270.41.06
7fe9ddc3e000-7fe9ddc55000 rwxp 00000000 00:00 0 
7fe9ddc55000-7fe9ddc56000 r-xp 00000000 08:22 1180743                    /usr/lib/nvidia-current/tls/libnvidia-tls.so.270.41.06
7fe9ddc56000-7fe9dde56000 ---p 00001000 08:22 1180743                    /usr/lib/nvidia-current/tls/libnvidia-tls.so.270.41.06
7fe9dde56000-7fe9dde57000 rwxp 00001000 08:22 1180743                    /usr/lib/nvidia-current/tls/libnvidia-tls.so.270.41.06
7fe9dde57000-7fe9ddf14000 r-xp 00000000 08:22 1183145                    /usr/lib/nvidia-current/libGL.so.270.41.06
7fe9ddf14000-7fe9de114000 ---p 000bd000 08:22 1183145                    /usr/lib/nvidia-current/libGL.so.270.41.06
7fe9de114000-7fe9de14d000 rwxp 000bd000 08:22 1183145                    /usr/lib/nvidia-current/libGL.so.270.41.06
7fe9de14d000-7fe9de163000 rwxp 00000000 00:00 0 
7fe9de164000-7fe9de16c000 r-xs 00000000 08:22 272564                     /usr/share/texmf/fonts/type1/public/lm/lmmi5.pfb
7fe9de16c000-7fe9de18e000 r-xs 00000000 08:22 272620                     /usr/share/texmf/fonts/type1/public/lm/lmtlco10.pfb
7fe9de18e000-7fe9de18f000 r-xp 00000000 08:24 659506                     /home/bguaman/workspace/mt4j-desktop/libgluegen-rt.so
7fe9de18f000-7fe9de28e000 ---p 00001000 08:24 659506                     /home/bguaman/workspace/mt4j-desktop/libgluegen-rt.so
7fe9de28e000-7fe9de28f000 rwxp 00000000 08:24 659506                     /home/bguaman/workspace/mt4j-desktop/libgluegen-rt.so
7fe9de28f000-7fe9de292000 ---p 00000000 00:00 0 
7fe9de292000-7fe9de390000 rwxp 00000000 00:00 0 
7fe9de390000-7fe9de393000 ---p 00000000 00:00 0 
7fe9de393000-7fe9de491000 rwxp 00000000 00:00 0 
7fe9de491000-7fe9de494000 ---p 00000000 00:00 0 
7fe9de494000-7fe9de592000 rwxp 00000000 00:00 0 
7fe9de592000-7fe9de595000 ---p 00000000 00:00 0 
7fe9de595000-7fe9de693000 rwxp 00000000 00:00 0 
7fe9de693000-7fe9de696000 ---p 00000000 00:00 0 
7fe9de696000-7fe9de794000 rwxp 00000000 00:00 0 
7fe9de794000-7fe9de799000 r-xp 00000000 08:22 1180715                    /usr/lib/x86_64-linux-gnu/libXfixes.so.3.1.0
7fe9de799000-7fe9de998000 ---p 00005000 08:22 1180715                    /usr/lib/x86_64-linux-gnu/libXfixes.so.3.1.0
7fe9de998000-7fe9de999000 r-xp 00004000 08:22 1180715                    /usr/lib/x86_64-linux-gnu/libXfixes.so.3.1.0
7fe9de999000-7fe9de99a000 rwxp 00005000 08:22 1180715                    /usr/lib/x86_64-linux-gnu/libXfixes.so.3.1.0
7fe9de99a000-7fe9de9a3000 r-xp 00000000 08:22 1180172                    /usr/lib/x86_64-linux-gnu/libXrender.so.1.3.0
7fe9de9a3000-7fe9deba3000 ---p 00009000 08:22 1180172                    /usr/lib/x86_64-linux-gnu/libXrender.so.1.3.0
7fe9deba3000-7fe9deba4000 r-xp 00009000 08:22 1180172                    /usr/lib/x86_64-linux-gnu/libXrender.so.1.3.0
7fe9deba4000-7fe9deba5000 rwxp 0000a000 08:22 1180172                    /usr/lib/x86_64-linux-gnu/libXrender.so.1.3.0
7fe9deba5000-7fe9debae000 r-xp 00000000 08:22 1188068                    /usr/lib/x86_64-linux-gnu/libXcursor.so.1.0.2
7fe9debae000-7fe9dedad000 ---p 00009000 08:22 1188068                    /usr/lib/x86_64-linux-gnu/libXcursor.so.1.0.2
7fe9dedad000-7fe9dedae000 r-xp 00008000 08:22 1188068                    /usr/lib/x86_64-linux-gnu/libXcursor.so.1.0.2
7fe9dedae000-7fe9dedaf000 rwxp 00009000 08:22 1188068                    /usr/lib/x86_64-linux-gnu/libXcursor.so.1.0.2
7fe9dedb4000-7fe9dedb8000 rwxs 108053000 00:05 8038                      /dev/nvidia1
7fe9dedb8000-7fe9dedb9000 rwxs cff7d000 00:05 8038                       /dev/nvidia1
7fe9dedb9000-7fe9dedba000 rwxs 108052000 00:05 8038                      /dev/nvidia1
7fe9dedba000-7fe9dedbb000 rwxs 108ffa000 00:05 8038                      /dev/nvidia1
7fe9dedbb000-7fe9dedbc000 rwxs 10d065000 00:05 8038                      /dev/nvidia1
7fe9dedbc000-7fe9dedbd000 rwxs b2001000 00:05 8038                       /dev/nvidia1
7fe9dedbd000-7fe9dedd8000 rwxs 13f8c0000 00:05 8038                      /dev/nvidia1
7fe9dedd8000-7fe9dedda000 r-xs 00005000 08:24 816243                     /home/bguaman/workspace/MT4jTUIO4jInputSources/tuio4jInput.jar
7fe9dedda000-7fe9deddd000 ---p 00000000 00:00 0 
7fe9deddd000-7fe9deedb000 rwxp 00000000 00:00 0 
7fe9deedb000-7fe9def54000 r-xp 00000000 08:22 1189423                    /usr/lib/jvm/java-6-sun-1.6.0.26/jre/lib/amd64/libfontmanager.so
7fe9def54000-7fe9df053000 ---p 00079000 08:22 1189423                    /usr/lib/jvm/java-6-sun-1.6.0.26/jre/lib/amd64/libfontmanager.so
7fe9df053000-7fe9df068000 rwxp 00078000 08:22 1189423                    /usr/lib/jvm/java-6-sun-1.6.0.26/jre/lib/amd64/libfontmanager.so
7fe9df068000-7fe9df079000 rwxp 00000000 00:00 0 
7fe9df079000-7fe9df07e000 r-xp 00000000 08:22 1187279                    /usr/lib/x86_64-linux-gnu/libXdmcp.so.6.0.0
7fe9df07e000-7fe9df27d000 ---p 00005000 08:22 1187279                    /usr/lib/x86_64-linux-gnu/libXdmcp.so.6.0.0
7fe9df27d000-7fe9df27e000 r-xp 00004000 08:22 1187279                    /usr/lib/x86_64-linux-gnu/libXdmcp.so.6.0.0
7fe9df27e000-7fe9df27f000 rwxp 00005000 08:22 1187279                    /usr/lib/x86_64-linux-gnu/libXdmcp.so.6.0.0
7fe9df27f000-7fe9df281000 r-xp 00000000 08:22 1187247                    /usr/lib/x86_64-linux-gnu/libXau.so.6.0.0
7fe9df281000-7fe9df480000 ---p 00002000 08:22 1187247                    /usr/lib/x86_64-linux-gnu/libXau.so.6.0.0
7fe9df480000-7fe9df481000 r-xp 00001000 08:22 1187247                    /usr/lib/x86_64-linux-gnu/libXau.so.6.0.0
7fe9df481000-7fe9df482000 rwxp 00002000 08:22 1187247                    /usr/lib/x86_64-linux-gnu/libXau.so.6.0.0
7fe9df482000-7fe9df49d000 r-xp 00000000 08:22 1187284                    /usr/lib/x86_64-linux-gnu/libxcb.so.1.1.0
7fe9df49d000-7fe9df69c000 ---p 0001b000 08:22 1187284                    /usr/lib/x86_64-linux-gnu/libxcb.so.1.1.0
7fe9df69c000-7fe9df69d000 r-xp 0001a000 08:22 1187284                    /usr/lib/x86_64-linux-gnu/libxcb.so.1.1.0
7fe9df69d000-7fe9df69e000 rwxp 0001b000 08:22 1187284                    /usr/lib/x86_64-linux-gnu/libxcb.so.1.1.0
7fe9df69e000-7fe9df6ad000 r-xp 00000000 08:22 1188155                    /usr/lib/x86_64-linux-gnu/libXi.so.6.1.0
7fe9df6ad000-7fe9df8ac000 ---p 0000f000 08:22 1188155                    /usr/lib/x86_64-linux-gnu/libXi.so.6.1.0
7fe9df8ac000-7fe9df8ad000 r-xp 0000e000 08:22 1188155                    /usr/lib/x86_64-linux-gnu/libXi.so.6.1.0
7fe9df8ad000-7fe9df8ae000 rwxp 0000f000 08:22 1188155                    /usr/lib/x86_64-linux-gnu/libXi.so.6.1.0
7fe9df8ae000-7fe9df8b3000 r-xp 00000000 08:22 1182462                    /usr/lib/libXtst.so.6.1.0
7fe9df8b3000-7fe9dfab2000 ---p 00005000 08:22 1182462                    /usr/lib/libXtst.so.6.1.0
7fe9dfab2000-7fe9dfab3000 r-xp 00004000 08:22 1182462                    /usr/lib/libXtst.so.6.1.0
7fe9dfab3000-7fe9dfab4000 rwxp 00005000 08:22 1182462                    /usr/lib/libXtst.so.6.1.0
7fe9dfab4000-7fe9dfbe9000 r-xp 00000000 08:22 1188489                    /usr/lib/x86_64-linux-gnu/libX11.so.6.3.0
7fe9dfbe9000-7fe9dfde9000 ---p 00135000 08:22 1188489                    /usr/lib/x86_64-linux-gnu/libX11.so.6.3.0
7fe9dfde9000-7fe9dfdea000 r-xp 00135000 08:22 1188489                    /usr/lib/x86_64-linux-gnu/libX11.so.6.3.0
7fe9dfdea000-7fe9dfdee000 rwxp 00136000 08:22 1188489                    /usr/lib/x86_64-linux-gnu/libX11.so.6.3.0
7fe9dfdee000-7fe9dfdff000 r-xp 00000000 08:22 1183304                    /usr/lib/x86_64-linux-gnu/libXext.so.6.4.0
7fe9dfdff000-7fe9dfffe000 ---p 00011000 08:22 1183304                    /usr/lib/x86_64-linux-gnu/libXext.so.6.4.0
7fe9dfffe000-7fe9dffff000 r-xp 00010000 08:22 1183304                    /usr/lib/x86_64-linux-gnu/libXext.so.6.4.0
7fe9dffff000-7fe9e0000000 rwxp 00011000 08:22 1183304                    /usr/lib/x86_64-linux-gnu/libXext.so.6.4.0
7fe9e0000000-7fe9e0c90000 rwxp 00000000 00:00 0 
7fe9e0c90000-7fe9e4000000 ---p 00000000 00:00 0 
7fe9e4000000-7fe9e4002000 r-xs 0000b000 08:24 2107912                    /home/bguaman/workspace/mt4j-desktop/lib/tuio/tuio4j.jar
7fe9e4002000-7fe9e400e000 r-xs 0010f000 08:24 678557                     /home/bguaman/workspace/mt4j-desktop/lib/jogl/jogl.jar
7fe9e400e000-7fe9e400f000 r-xs 00005000 08:24 678552                     /home/bguaman/workspace/mt4j-desktop/lib/jogl/opengl.jar
7fe9e400f000-7fe9e4011000 r-xs 0005b000 08:24 678565                     /home/bguaman/workspace/mt4j-desktop/lib/core.jar
7fe9e4011000-7fe9e4013000 r-xs 0000a000 08:24 678566                     /home/bguaman/workspace/mt4j-desktop/lib/muito_blobtracking.jar
7fe9e4013000-7fe9e4015000 r-xs 00004000 08:24 678547                     /home/bguaman/workspace/mt4j-desktop/lib/jogl/gluegen-rt.jar
7fe9e4015000-7fe9e401a000 r-xs 00010000 08:24 1190174                    /home/bguaman/workspace/mt4j-core/lib/xml-apis-ext.jar
7fe9e401a000-7fe9e401b000 r-xs 00000000 08:22 2621607                    /var/cache/fontconfig/c05880de57d1f5e948fdfacc138775d9-le64.cache-3
7fe9e401b000-7fe9e4024000 r-xs 00000000 08:22 2621606                    /var/cache/fontconfig/945677eb7aeaf62f1d50efc3fb3ec7d8-le64.cache-3
7fe9e4024000-7fe9e4026000 r-xs 00000000 08:22 2621574                    /var/cache/fontconfig/99e8ed0e538f840c565b6ed5dad60d56-le64.cache-3
7fe9e4026000-7fe9e4029000 r-xs 00000000 08:22 2621604                    /var/cache/fontconfig/e383d7ea5fbe662a33d9b44caf393297-le64.cache-3
7fe9e4029000-7fe9e402b000 r-xs 00000000 08:22 2621603                    /var/cache/fontconfig/2cd17615ca594fa2959ae173292e504c-le64.cache-3
7fe9e402b000-7fe9e402c000 r-xs 00000000 08:22 2621601                    /var/cache/fontconfig/e7071f4a29fa870f4323321c154eba04-le64.cache-3
7fe9e402c000-7fe9e402f000 r-xs 00000000 08:22 2625717                    /var/cache/fontconfig/b5ea634b0fb353b8ea17632d1f9ef766-le64.cache-3
7fe9e402f000-7fe9e4033000 r-xs 00000000 08:22 2621600                    /var/cache/fontconfig/6eb3985aa4124903f6ff08ba781cd364-le64.cache-3
7fe9e4033000-7fe9e4034000 r-xs 00000000 08:22 2621599                    /var/cache/fontconfig/4c73fe0c47614734b17d736dbde7580a-le64.cache-3
7fe9e4034000-7fe9e4035000 r-xs 00000000 08:22 2621598                    /var/cache/fontconfig/0d8c3b2ac0904cb8a57a757ad11a4a08-le64.cache-3
7fe9e4035000-7fe9e4036000 r-xs 00000000 08:22 2621597                    /var/cache/fontconfig/6a53c69dea097a2d716e069445527da8-le64.cache-3
7fe9e4036000-7fe9e403c000 r-xs 00000000 08:22 2621596                    /var/cache/fontconfig/a755afe4a08bf5b97852ceb7400b47bc-le64.cache-3
7fe9e403c000-7fe9e4040000 r-xs 00000000 08:22 2626406                    /var/cache/fontconfig/6d41288fd70b0be22e8c3a91e032eec0-le64.cache-3
7fe9e4040000-7fe9e4050000 r-xs 00000000 08:22 2621593                    /var/cache/fontconfig/0f34bcd4b6ee430af32735b75db7f02b-le64.cache-3
7fe9e4050000-7fe9e4053000 r-xs 00000000 08:22 2621592                    /var/cache/fontconfig/d60319d88cac85ba9e1a07bd06cfbb8c-le64.cache-3
7fe9e4053000-7fe9e4081000 r-xs 00000000 08:22 2621591                    /var/cache/fontconfig/365b55f210c0a22e9a19e35191240f32-le64.cache-3
7fe9e4081000-7fe9e408b000 r-xs 00000000 08:22 2621590                    /var/cache/fontconfig/d52a8644073d54c13679302ca1180695-le64.cache-3
7fe9e408b000-7fe9e409e000 r-xs 00000000 08:22 2621573                    /var/cache/fontconfig/e13b20fdb08344e0e664864cc2ede53d-le64.cache-3
7fe9e409e000-7fe9e40a2000 r-xs 00000000 08:22 2625713                    /var/cache/fontconfig/7ef2298fde41cc6eeb7af42e48b7d293-le64.cache-3
7fe9e40a2000-7fe9e40b6000 r-xs 00000000 08:22 2621609                    /var/cache/fontconfig/865f88548240fee46819705c6468c165-le64.cache-3
7fe9e40b6000-7fe9e40f8000 r-xp 00000000 08:22 1189412                    /usr/lib/jvm/java-6-sun-1.6.0.26/jre/lib/amd64/xawt/libmawt.so
7fe9e40f8000-7fe9e41f7000 ---p 00042000 08:22 1189412                    /usr/lib/jvm/java-6-sun-1.6.0.26/jre/lib/amd64/xawt/libmawt.so
7fe9e41f7000-7fe9e4203000 rwxp 00041000 08:22 1189412                    /usr/lib/jvm/java-6-sun-1.6.0.26/jre/lib/amd64/xawt/libmawt.so
7fe9e4203000-7fe9e4204000 rwxp 00000000 00:00 0 
7fe9e4204000-7fe9e4296000 r-xp 00000000 08:22 1189435                    /usr/lib/jvm/java-6-sun-1.6.0.26/jre/lib/amd64/libawt.so
7fe9e4296000-7fe9e4395000 ---p 00092000 08:22 1189435                    /usr/lib/jvm/java-6-sun-1.6.0.26/jre/lib/amd64/libawt.so
7fe9e4395000-7fe9e43af000 rwxp 00091000 08:22 1189435                    /usr/lib/jvm/java-6-sun-1.6.0.26/jre/lib/amd64/libawt.so
7fe9e43af000-7fe9e43d3000 rwxp 00000000 00:00 0 
7fe9e43d3000-7fe9e43f4000 r-xs 00261000 08:24 1190172                    /home/bguaman/workspace/mt4j-core/lib/mt4j-core.jar
7fe9e43f4000-7fe9e43fc000 r-xs 00045000 08:24 1190178                    /home/bguaman/workspace/mt4j-core/lib/batik-css.jar
7fe9e43fc000-7fe9e43fd000 r-xs 00006000 08:24 1190173                    /home/bguaman/workspace/mt4j-core/lib/ani.jar
7fe9e43fd000-7fe9e43fe000 r-xs 00002000 08:24 1722383                    /home/bguaman/workspace/mt4j-desktop/examples/advanced/water/lib/waterScene.jar
7fe9e43fe000-7fe9e4402000 r-xs 00091000 08:24 534392                     /home/bguaman/workspace/mt4j-desktop/examples/advanced/physics/lib/jbox2d.jar
7fe9e4402000-7fe9e4404000 r-xs 0000c000 08:24 680828                     /home/bguaman/workspace/mt4j-desktop/examples/advanced/modestMapsMT/lib/modestMaps.jar
7fe9e4404000-7fe9e4405000 r-xs 00001000 08:24 680669                     /home/bguaman/workspace/mt4j-desktop/examples/advanced/fluidSimulator/lib/MSAFluid.jar
7fe9e4405000-7fe9e4409000 r-xs 0005e000 08:24 680788                     /home/bguaman/workspace/mt4j-desktop/examples/advanced/flickrMT/lib/flickrj.jar
7fe9e4409000-7fe9e440b000 r-xs 0003c000 08:24 534101                     /home/bguaman/workspace/mt4j-desktop/extensions/lib/jbullet/vecmath.jar
7fe9e440b000-7fe9e440c000 r-xs 0000b000 08:24 534102                     /home/bguaman/workspace/mt4j-desktop/extensions/lib/jbullet/stack-alloc.jar
7fe9e440c000-7fe9e4415000 r-xs 0006c000 08:24 534103                     /home/bguaman/workspace/mt4j-desktop/extensions/lib/jbullet/jbullet.jar
7fe9e4415000-7fe9e4417000 r-xs 00008000 08:24 678443                     /home/bguaman/workspace/mt4j-desktop/lib/whirlylib/whirlycache-1.0.1.jar
7fe9e4417000-7fe9e441f000 r-xs 0004f000 08:24 678446                     /home/bguaman/workspace/mt4j-desktop/lib/whirlylib/log4j-1.2.8.jar
7fe9e441f000-7fe9e4427000 r-xs 00028000 08:24 678540                     /home/bguaman/workspace/mt4j-desktop/lib/batik/xml-apis.jar
7fe9e4427000-7fe9e4432000 r-xs 000ad000 08:24 678533                     /home/bguaman/workspace/mt4j-desktop/lib/batik/pdf-transcoder.jar
7fe9e4432000-7fe9e443a000 r-xs 00074000 08:24 678535                     /home/bguaman/workspace/mt4j-desktop/lib/batik/js.jar
7fe9e443a000-7fe9e443b000 r-xs 00007000 08:24 678522                     /home/bguaman/workspace/mt4j-desktop/lib/batik/batik-xml.jar
7fe9e443b000-7fe9e443e000 r-xs 0001d000 08:24 678530                     /home/bguaman/workspace/mt4j-desktop/lib/batik/batik-util.jar
7fe9e443e000-7fe9e4440000 r-xs 0001c000 08:24 678524                     /home/bguaman/workspace/mt4j-desktop/lib/batik/batik-transcoder.jar
7fe9e4440000-7fe9e4445000 r-xs 00030000 08:24 678519                     /home/bguaman/workspace/mt4j-desktop/lib/batik/batik-svggen.jar
7fe9e4445000-7fe9e4452000 r-xs 00087000 08:24 678529                     /home/bguaman/workspace/mt4j-desktop/lib/batik/batik-svg-dom.jar
7fe9e4452000-7fe9e4455000 r-xs 0000d000 08:24 678525                     /home/bguaman/workspace/mt4j-desktop/lib/batik/batik-script.jar
7fe9e4455000-7fe9e4457000 r-xs 00010000 08:24 678520                     /home/bguaman/workspace/mt4j-desktop/lib/batik/batik-parser.jar
7fe9e4457000-7fe9e445b000 r-xs 00038000 08:24 678539                     /home/bguaman/workspace/mt4j-desktop/lib/batik/batik-gvt.jar
7fe9e445b000-7fe9e445c000 ---p 00000000 00:00 0 
7fe9e445c000-7fe9e455c000 rwxp 00000000 00:00 0 
7fe9e455c000-7fe9e455f000 ---p 00000000 00:00 0 
7fe9e455f000-7fe9e465d000 rwxp 00000000 00:00 0 
7fe9e465d000-7fe9e4660000 ---p 00000000 00:00 0 
7fe9e4660000-7fe9e475e000 rwxp 00000000 00:00 0 
7fe9e475e000-7fe9e4761000 ---p 00000000 00:00 0 
7fe9e4761000-7fe9e485f000 rwxp 00000000 00:00 0 
7fe9e485f000-7fe9e4862000 ---p 00000000 00:00 0 
7fe9e4862000-7fe9e4960000 rwxp 00000000 00:00 0 
7fe9e4960000-7fe9e4963000 ---p 00000000 00:00 0 
7fe9e4963000-7fe9e4a61000 rwxp 00000000 00:00 0 
7fe9e4a61000-7fe9e4a64000 ---p 00000000 00:00 0 
7fe9e4a64000-7fe9e4b62000 rwxp 00000000 00:00 0 
7fe9e4b62000-7fe9e4b65000 r-xp 00000000 08:22 1189390                    /usr/lib/jvm/java-6-sun-1.6.0.26/jre/lib/amd64/libdt_socket.so
7fe9e4b65000-7fe9e4c64000 ---p 00003000 08:22 1189390                    /usr/lib/jvm/java-6-sun-1.6.0.26/jre/lib/amd64/libdt_socket.so
7fe9e4c64000-7fe9e4c66000 rwxp 00002000 08:22 1189390                    /usr/lib/jvm/java-6-sun-1.6.0.26/jre/lib/amd64/libdt_socket.so
7fe9e4c66000-7fe9e4c69000 ---p 00000000 00:00 0 
7fe9e4c69000-7fe9e4d67000 rwxp 00000000 00:00 0 
7fe9e4d67000-7fe9e4d6a000 ---p 00000000 00:00 0 
7fe9e4d6a000-7fe9e4e68000 rwxp 00000000 00:00 0 
7fe9e4e68000-7fe9e4e6b000 ---p 00000000 00:00 0 
7fe9e4e6b000-7fe9e4f69000 rwxp 00000000 00:00 0 
7fe9e4f69000-7fe9e4f6a000 ---p 00000000 00:00 0 
7fe9e4f6a000-7fe9e55a3000 rwxp 00000000 00:00 0 
7fe9e55a3000-7fe9e573b000 r-xs 03029000 08:22 1202981                    /usr/lib/jvm/java-6-sun-1.6.0.26/jre/lib/rt.jar
7fe9e573b000-7fe9e5763000 rwxp 00000000 00:00 0 
7fe9e5763000-7fe9e5764000 ---p 00000000 00:00 0 
7fe9e5764000-7fe9e5864000 rwxp 00000000 00:00 0 
7fe9e5864000-7fe9e5865000 ---p 00000000 00:00 0 
7fe9e5865000-7fe9e5965000 rwxp 00000000 00:00 0 
7fe9e5965000-7fe9e5966000 ---p 00000000 00:00 0 
7fe9e5966000-7fe9e5a66000 rwxp 00000000 00:00 0 
7fe9e5a66000-7fe9e5a67000 ---p 00000000 00:00 0 
7fe9e5a67000-7fe9e5b72000 rwxp 00000000 00:00 0 
7fe9e5b72000-7fe9e5b90000 rwxp 00000000 00:00 0 
7fe9e5b90000-7fe9e5ba5000 rwxp 00000000 00:00 0 
7fe9e5ba5000-7fe9e5cdb000 rwxp 00000000 00:00 0 
7fe9e5cdb000-7fe9e5ce6000 rwxp 00000000 00:00 0 
7fe9e5ce6000-7fe9e5d04000 rwxp 00000000 00:00 0 
7fe9e5d04000-7fe9e5d19000 rwxp 00000000 00:00 0 
7fe9e5d19000-7fe9e5e4e000 rwxp 00000000 00:00 0 
7fe9e5e4e000-7fe9e5e61000 rwxp 00000000 00:00 0 
7fe9e5e61000-7fe9e5ef4000 rwxp 00000000 00:00 0 
7fe9e5ef4000-7fe9e6165000 rwxp 00000000 00:00 0 
7fe9e6165000-7fe9e8ef5000 rwxp 00000000 00:00 0 
7fe9e8ef5000-7fe9e8f03000 r-xp 00000000 08:22 1189430                    /usr/lib/jvm/java-6-sun-1.6.0.26/jre/lib/amd64/libzip.so
7fe9e8f03000-7fe9e9005000 ---p 0000e000 08:22 1189430                    /usr/lib/jvm/java-6-sun-1.6.0.26/jre/lib/amd64/libzip.so
7fe9e9005000-7fe9e9008000 rwxp 00010000 08:22 1189430                    /usr/lib/jvm/java-6-sun-1.6.0.26/jre/lib/amd64/libzip.so
7fe9e9008000-7fe9e9009000 rwxp 00000000 00:00 0 
7fe9e9009000-7fe9e9015000 r-xp 00000000 08:22 1837256                    /lib/x86_64-linux-gnu/libnss_files-2.13.so
7fe9e9015000-7fe9e9214000 ---p 0000c000 08:22 1837256                    /lib/x86_64-linux-gnu/libnss_files-2.13.so
7fe9e9214000-7fe9e9215000 r-xp 0000b000 08:22 1837256                    /lib/x86_64-linux-gnu/libnss_files-2.13.so
7fe9e9215000-7fe9e9216000 rwxp 0000c000 08:22 1837256                    /lib/x86_64-linux-gnu/libnss_files-2.13.so
7fe9e9216000-7fe9e9221000 r-xp 00000000 08:22 1837260                    /lib/x86_64-linux-gnu/libnss_nis-2.13.so
7fe9e9221000-7fe9e9420000 ---p 0000b000 08:22 1837260                    /lib/x86_64-linux-gnu/libnss_nis-2.13.so
7fe9e9420000-7fe9e9421000 r-xp 0000a000 08:22 1837260                    /lib/x86_64-linux-gnu/libnss_nis-2.13.so
7fe9e9421000-7fe9e9422000 rwxp 0000b000 08:22 1837260                    /lib/x86_64-linux-gnu/libnss_nis-2.13.so
7fe9e9422000-7fe9e942a000 r-xp 00000000 08:22 1837252                    /lib/x86_64-linux-gnu/libnss_compat-2.13.so
7fe9e942a000-7fe9e9629000 ---p 00008000 08:22 1837252                    /lib/x86_64-linux-gnu/libnss_compat-2.13.so
7fe9e9629000-7fe9e962a000 r-xp 00007000 08:22 1837252                    /lib/x86_64-linux-gnu/libnss_compat-2.13.so
7fe9e962a000-7fe9e962b000 rwxp 00008000 08:22 1837252                    /lib/x86_64-linux-gnu/libnss_compat-2.13.so
7fe9e962b000-7fe9e98d0000 r-xp 00000000 08:22 1179791                    /usr/lib/locale/locale-archive
7fe9e98d0000-7fe9e98d3000 r-xp 00000000 08:22 1189418                    /usr/lib/jvm/java-6-sun-1.6.0.26/jre/lib/amd64/libnpt.so
7fe9e98d3000-7fe9e99d2000 ---p 00003000 08:22 1189418                    /usr/lib/jvm/java-6-sun-1.6.0.26/jre/lib/amd64/libnpt.so
7fe9e99d2000-7fe9e99d3000 rwxp 00002000 08:22 1189418                    /usr/lib/jvm/java-6-sun-1.6.0.26/jre/lib/amd64/libnpt.so
7fe9e99d3000-7fe9e9a09000 r-xp 00000000 08:22 1189417                    /usr/lib/jvm/java-6-sun-1.6.0.26/jre/lib/amd64/libjdwp.so
7fe9e9a09000-7fe9e9b08000 ---p 00036000 08:22 1189417                    /usr/lib/jvm/java-6-sun-1.6.0.26/jre/lib/amd64/libjdwp.so
7fe9e9b08000-7fe9e9b12000 rwxp 00035000 08:22 1189417                    /usr/lib/jvm/java-6-sun-1.6.0.26/jre/lib/amd64/libjdwp.so
7fe9e9b12000-7fe9e9b29000 r-xp 00000000 08:22 1837250                    /lib/x86_64-linux-gnu/libnsl-2.13.so
7fe9e9b29000-7fe9e9d28000 ---p 00017000 08:22 1837250                    /lib/x86_64-linux-gnu/libnsl-2.13.so
7fe9e9d28000-7fe9e9d29000 r-xp 00016000 08:22 1837250                    /lib/x86_64-linux-gnu/libnsl-2.13.so
7fe9e9d29000-7fe9e9d2a000 rwxp 00017000 08:22 1837250                    /lib/x86_64-linux-gnu/libnsl-2.13.so
7fe9e9d2a000-7fe9e9d2c000 rwxp 00000000 00:00 0 
7fe9e9d2c000-7fe9e9d55000 r-xp 00000000 08:22 1189429                    /usr/lib/jvm/java-6-sun-1.6.0.26/jre/lib/amd64/libjava.so
7fe9e9d55000-7fe9e9e54000 ---p 00029000 08:22 1189429                    /usr/lib/jvm/java-6-sun-1.6.0.26/jre/lib/amd64/libjava.so
7fe9e9e54000-7fe9e9e5b000 rwxp 00028000 08:22 1189429                    /usr/lib/jvm/java-6-sun-1.6.0.26/jre/lib/amd64/libjava.so
7fe9e9e5b000-7fe9e9e68000 r-xp 00000000 08:22 1189406                    /usr/lib/jvm/java-6-sun-1.6.0.26/jre/lib/amd64/libverify.so
7fe9e9e68000-7fe9e9f67000 ---p 0000d000 08:22 1189406                    /usr/lib/jvm/java-6-sun-1.6.0.26/jre/lib/amd64/libverify.so
7fe9e9f67000-7fe9e9f6a000 rwxp 0000c000 08:22 1189406                    /usr/lib/jvm/java-6-sun-1.6.0.26/jre/lib/amd64/libverify.so
7fe9e9f6a000-7fe9e9f71000 r-xp 00000000 08:22 1837270                    /lib/x86_64-linux-gnu/librt-2.13.so
7fe9e9f71000-7fe9ea170000 ---p 00007000 08:22 1837270                    /lib/x86_64-linux-gnu/librt-2.13.so
7fe9ea170000-7fe9ea171000 r-xp 00006000 08:22 1837270                    /lib/x86_64-linux-gnu/librt-2.13.so
7fe9ea171000-7fe9ea172000 rwxp 00007000 08:22 1837270                    /lib/x86_64-linux-gnu/librt-2.13.so
7fe9ea172000-7fe9ea175000 ---p 00000000 00:00 0 
7fe9ea175000-7fe9ea273000 rwxp 00000000 00:00 0 
7fe9ea273000-7fe9ea2f7000 r-xp 00000000 08:22 1837246                    /lib/x86_64-linux-gnu/libm-2.13.so
7fe9ea2f7000-7fe9ea4f6000 ---p 00084000 08:22 1837246                    /lib/x86_64-linux-gnu/libm-2.13.so
7fe9ea4f6000-7fe9ea4f7000 r-xp 00083000 08:22 1837246                    /lib/x86_64-linux-gnu/libm-2.13.so
7fe9ea4f7000-7fe9ea4f8000 rwxp 00084000 08:22 1837246                    /lib/x86_64-linux-gnu/libm-2.13.so
7fe9ea4f8000-7fe9eae12000 r-xp 00000000 08:22 1189432                    /usr/lib/jvm/java-6-sun-1.6.0.26/jre/lib/amd64/server/libjvm.so
7fe9eae12000-7fe9eaf14000 ---p 0091a000 08:22 1189432                    /usr/lib/jvm/java-6-sun-1.6.0.26/jre/lib/amd64/server/libjvm.so
7fe9eaf14000-7fe9eb0c9000 rwxp 0091c000 08:22 1189432                    /usr/lib/jvm/java-6-sun-1.6.0.26/jre/lib/amd64/server/libjvm.so
7fe9eb0c9000-7fe9eb103000 rwxp 00000000 00:00 0 
7fe9eb103000-7fe9eb28d000 r-xp 00000000 08:22 1837230                    /lib/x86_64-linux-gnu/libc-2.13.so
7fe9eb28d000-7fe9eb48c000 ---p 0018a000 08:22 1837230                    /lib/x86_64-linux-gnu/libc-2.13.so
7fe9eb48c000-7fe9eb490000 r-xp 00189000 08:22 1837230                    /lib/x86_64-linux-gnu/libc-2.13.so
7fe9eb490000-7fe9eb491000 rwxp 0018d000 08:22 1837230                    /lib/x86_64-linux-gnu/libc-2.13.so
7fe9eb491000-7fe9eb497000 rwxp 00000000 00:00 0 
7fe9eb497000-7fe9eb499000 r-xp 00000000 08:22 1837244                    /lib/x86_64-linux-gnu/libdl-2.13.so
7fe9eb499000-7fe9eb699000 ---p 00002000 08:22 1837244                    /lib/x86_64-linux-gnu/libdl-2.13.so
7fe9eb699000-7fe9eb69a000 r-xp 00002000 08:22 1837244                    /lib/x86_64-linux-gnu/libdl-2.13.so
7fe9eb69a000-7fe9eb69b000 rwxp 00003000 08:22 1837244                    /lib/x86_64-linux-gnu/libdl-2.13.so
7fe9eb69b000-7fe9eb6b3000 r-xp 00000000 08:22 1837266                    /lib/x86_64-linux-gnu/libpthread-2.13.so
7fe9eb6b3000-7fe9eb8b3000 ---p 00018000 08:22 1837266                    /lib/x86_64-linux-gnu/libpthread-2.13.so
7fe9eb8b3000-7fe9eb8b4000 r-xp 00018000 08:22 1837266                    /lib/x86_64-linux-gnu/libpthread-2.13.so
7fe9eb8b4000-7fe9eb8b5000 rwxp 00019000 08:22 1837266                    /lib/x86_64-linux-gnu/libpthread-2.13.so
7fe9eb8b5000-7fe9eb8b9000 rwxp 00000000 00:00 0 
7fe9eb8b9000-7fe9eb8da000 r-xp 00000000 08:22 1835033                    /lib/x86_64-linux-gnu/ld-2.13.so
7fe9eb8da000-7fe9eb8db000 r-xs 00000000 08:22 2622676                    /var/cache/fontconfig/4794a0821666d79190d59a36cb4f44b5-le64.cache-3
7fe9eb8db000-7fe9eb8dd000 r-xs 0000f000 08:24 678528                     /home/bguaman/workspace/mt4j-desktop/lib/batik/batik-extension.jar
7fe9eb8dd000-7fe9eb8de000 r-xs 00002000 08:24 678538                     /home/bguaman/workspace/mt4j-desktop/lib/batik/batik-ext.jar
7fe9eb8de000-7fe9eb8e8000 rwxp 00000000 00:00 0 
7fe9eb8e8000-7fe9eb99e000 rwxp 00000000 00:00 0 
7fe9eb99e000-7fe9eb9a1000 rwxp 00000000 00:00 0 
7fe9eb9a1000-7fe9eb9a8000 r-xp 00000000 08:22 1189402                    /usr/lib/jvm/java-6-sun-1.6.0.26/jre/lib/amd64/jli/libjli.so
7fe9eb9a8000-7fe9ebaa9000 ---p 00007000 08:22 1189402                    /usr/lib/jvm/java-6-sun-1.6.0.26/jre/lib/amd64/jli/libjli.so
7fe9ebaa9000-7fe9ebaab000 rwxp 00008000 08:22 1189402                    /usr/lib/jvm/java-6-sun-1.6.0.26/jre/lib/amd64/jli/libjli.so
7fe9ebaab000-7fe9ebaac000 rwxp 00000000 00:00 0 
7fe9ebaac000-7fe9ebab0000 r-xs 00027000 08:24 678513                     /home/bguaman/workspace/mt4j-desktop/lib/batik/batik-dom.jar
7fe9ebab0000-7fe9ebaba000 r-xs 00080000 08:24 678521                     /home/bguaman/workspace/mt4j-desktop/lib/batik/batik-bridge.jar
7fe9ebaba000-7fe9ebac1000 r-xs 0005c000 08:24 678542                     /home/bguaman/workspace/mt4j-desktop/lib/batik/batik-awt-util.jar
7fe9ebac1000-7fe9ebac4000 r-xs 00015000 08:24 678517                     /home/bguaman/workspace/mt4j-desktop/lib/batik/batik-anim.jar
7fe9ebac4000-7fe9ebac6000 r-xs 00006000 08:24 678564                     /home/bguaman/workspace/mt4j-desktop/lib/mri.jar
7fe9ebac6000-7fe9ebacc000 r-xs 00034000 08:24 678567                     /home/bguaman/workspace/mt4j-desktop/lib/junit-4.8.2.jar
7fe9ebacc000-7fe9ebacd000 r-xs 00002000 08:24 678562                     /home/bguaman/workspace/mt4j-desktop/lib/GlulogicMT.jar
7fe9ebacd000-7fe9ebad5000 rwxs 00000000 08:22 2103830                    /tmp/hsperfdata_bguaman/7238
7fe9ebad5000-7fe9ebad6000 rwxp 00000000 00:00 0 
7fe9ebad6000-7fe9ebad7000 r-xp 00000000 00:00 0 
7fe9ebad7000-7fe9ebad9000 rwxp 00000000 00:00 0 
7fe9ebad9000-7fe9ebada000 r-xp 00020000 08:22 1835033                    /lib/x86_64-linux-gnu/ld-2.13.so
7fe9ebada000-7fe9ebadc000 rwxp 00021000 08:22 1835033                    /lib/x86_64-linux-gnu/ld-2.13.so
7fffdfb40000-7fffdfb62000 rwxp 00000000 00:00 0                          [stack]
7fffdfbff000-7fffdfc00000 r-xp 00000000 00:00 0                          [vdso]
ffffffffff600000-ffffffffff601000 r-xp 00000000 00:00 0                  [vsyscall]

VM Arguments:
jvm_args: -agentlib:jdwp=transport=dt_socket,suspend=y,address=localhost:50953 -Djava.library.path=/home/bguaman/workspace/mt4j-desktop -Dfile.encoding=UTF-8 
java_command: advanced.physics.StartGlobitos
Launcher Type: SUN_STANDARD

Environment Variables:
PATH=/usr/local/sbin:/usr/local/bin:/usr/sbin:/usr/bin:/sbin:/bin:/usr/games
USERNAME=bguaman
LD_LIBRARY_PATH=/usr/lib/jvm/java-6-sun-1.6.0.26/jre/lib/amd64/server:/usr/lib/jvm/java-6-sun-1.6.0.26/jre/lib/amd64:/usr/lib/jvm/java-6-sun-1.6.0.26/jre/../lib/amd64:/usr/lib/xulrunner-1.9.2.17
SHELL=/bin/bash
DISPLAY=:0.0

Signal Handlers:
SIGSEGV: [libjvm.so+0x85f800], sa_mask[0]=0x7ffbfeff, sa_flags=0x10000004
SIGBUS: [libjvm.so+0x85f800], sa_mask[0]=0x7ffbfeff, sa_flags=0x10000004
SIGFPE: [libjvm.so+0x70e300], sa_mask[0]=0x7ffbfeff, sa_flags=0x10000004
SIGPIPE: [libjvm.so+0x70e300], sa_mask[0]=0x7ffbfeff, sa_flags=0x10000004
SIGXFSZ: [libjvm.so+0x70e300], sa_mask[0]=0x7ffbfeff, sa_flags=0x10000004
SIGILL: [libjvm.so+0x70e300], sa_mask[0]=0x7ffbfeff, sa_flags=0x10000004
SIGUSR1: SIG_DFL, sa_mask[0]=0x00000000, sa_flags=0x00000000
SIGUSR2: [libjvm.so+0x711110], sa_mask[0]=0x00000004, sa_flags=0x10000004
SIGHUP: [libjvm.so+0x710d10], sa_mask[0]=0x7ffbfeff, sa_flags=0x10000004
SIGINT: [libjvm.so+0x710d10], sa_mask[0]=0x7ffbfeff, sa_flags=0x10000004
SIGTERM: [libjvm.so+0x710d10], sa_mask[0]=0x7ffbfeff, sa_flags=0x10000004
SIGQUIT: [libjvm.so+0x710d10], sa_mask[0]=0x7ffbfeff, sa_flags=0x10000004


---------------  S Y S T E M  ---------------

OS:squeeze/sid

uname:Linux 2.6.38-13-generic #54-Ubuntu SMP Tue Jan 3 13:38:12 UTC 2012 x86_64
libc:glibc 2.13 NPTL 2.13 
rlimit: STACK 8192k, CORE 0k, NPROC infinity, NOFILE 4096, AS infinity
load average:0.12 0.25 0.15

/proc/meminfo:
MemTotal:        4056284 kB
MemFree:           42588 kB
Buffers:          334976 kB
Cached:           460608 kB
SwapCached:          196 kB
Active:          2215980 kB
Inactive:         908696 kB
Active(anon):    1818688 kB
Inactive(anon):   522112 kB
Active(file):     397292 kB
Inactive(file):   386584 kB
Unevictable:           0 kB
Mlocked:               0 kB
SwapTotal:       7815616 kB
SwapFree:        7811588 kB
Dirty:               504 kB
Writeback:             0 kB
AnonPages:       2328804 kB
Mapped:           183148 kB
Shmem:             11708 kB
Slab:             697452 kB
SReclaimable:     667548 kB
SUnreclaim:        29904 kB
KernelStack:        4144 kB
PageTables:        37300 kB
NFS_Unstable:          0 kB
Bounce:                0 kB
WritebackTmp:          0 kB
CommitLimit:     9843756 kB
Committed_AS:    4671124 kB
VmallocTotal:   34359738367 kB
VmallocUsed:      113604 kB
VmallocChunk:   34359609340 kB
HardwareCorrupted:     0 kB
HugePages_Total:       0
HugePages_Free:        0
HugePages_Rsvd:        0
HugePages_Surp:        0
Hugepagesize:       2048 kB
DirectMap4k:      420736 kB
DirectMap2M:     3772416 kB


CPU:total 4 (2 cores per cpu, 1 threads per core) family 15 model 65 stepping 3, cmov, cx8, fxsr, mmx, sse, sse2, sse3, mmxext, 3dnow, 3dnowext

/proc/cpuinfo:
processor	: 0
vendor_id	: AuthenticAMD
cpu family	: 15
model		: 65
model name	: Dual-Core AMD Opteron(tm) Processor 2218
stepping	: 3
cpu MHz		: 1000.000
cache size	: 1024 KB
physical id	: 0
siblings	: 2
core id		: 0
cpu cores	: 2
apicid		: 0
initial apicid	: 0
fpu		: yes
fpu_exception	: yes
cpuid level	: 1
wp		: yes
flags		: fpu vme de pse tsc msr pae mce cx8 apic sep mtrr pge mca cmov pat pse36 clflush mmx fxsr sse sse2 ht syscall nx mmxext fxsr_opt rdtscp lm 3dnowext 3dnow rep_good nopl extd_apicid pni cx16 lahf_lm cmp_legacy svm extapic cr8_legacy
bogomips	: 1999.99
TLB size	: 1024 4K pages
clflush size	: 64
cache_alignment	: 64
address sizes	: 40 bits physical, 48 bits virtual
power management: ts fid vid ttp tm stc

processor	: 1
vendor_id	: AuthenticAMD
cpu family	: 15
model		: 65
model name	: Dual-Core AMD Opteron(tm) Processor 2218
stepping	: 3
cpu MHz		: 1000.000
cache size	: 1024 KB
physical id	: 0
siblings	: 2
core id		: 1
cpu cores	: 2
apicid		: 1
initial apicid	: 1
fpu		: yes
fpu_exception	: yes
cpuid level	: 1
wp		: yes
flags		: fpu vme de pse tsc msr pae mce cx8 apic sep mtrr pge mca cmov pat pse36 clflush mmx fxsr sse sse2 ht syscall nx mmxext fxsr_opt rdtscp lm 3dnowext 3dnow rep_good nopl extd_apicid pni cx16 lahf_lm cmp_legacy svm extapic cr8_legacy
bogomips	: 1999.99
TLB size	: 1024 4K pages
clflush size	: 64
cache_alignment	: 64
address sizes	: 40 bits physical, 48 bits virtual
power management: ts fid vid ttp tm stc

processor	: 2
vendor_id	: AuthenticAMD
cpu family	: 15
model		: 65
model name	: Dual-Core AMD Opteron(tm) Processor 2218
stepping	: 3
cpu MHz		: 1000.000
cache size	: 1024 KB
physical id	: 1
siblings	: 2
core id		: 0
cpu cores	: 2
apicid		: 2
initial apicid	: 2
fpu		: yes
fpu_exception	: yes
cpuid level	: 1
wp		: yes
flags		: fpu vme de pse tsc msr pae mce cx8 apic sep mtrr pge mca cmov pat pse36 clflush mmx fxsr sse sse2 ht syscall nx mmxext fxsr_opt rdtscp lm 3dnowext 3dnow rep_good nopl extd_apicid pni cx16 lahf_lm cmp_legacy svm extapic cr8_legacy
bogomips	: 1999.99
TLB size	: 1024 4K pages
clflush size	: 64
cache_alignment	: 64
address sizes	: 40 bits physical, 48 bits virtual
power management: ts fid vid ttp tm stc

processor	: 3
vendor_id	: AuthenticAMD
cpu family	: 15
model		: 65
model name	: Dual-Core AMD Opteron(tm) Processor 2218
stepping	: 3
cpu MHz		: 1000.000
cache size	: 1024 KB
physical id	: 1
siblings	: 2
core id		: 1
cpu cores	: 2
apicid		: 3
initial apicid	: 3
fpu		: yes
fpu_exception	: yes
cpuid level	: 1
wp		: yes
flags		: fpu vme de pse tsc msr pae mce cx8 apic sep mtrr pge mca cmov pat pse36 clflush mmx fxsr sse sse2 ht syscall nx mmxext fxsr_opt rdtscp lm 3dnowext 3dnow rep_good nopl extd_apicid pni cx16 lahf_lm cmp_legacy svm extapic cr8_legacy
bogomips	: 1999.99
TLB size	: 1024 4K pages
clflush size	: 64
cache_alignment	: 64
address sizes	: 40 bits physical, 48 bits virtual
power management: ts fid vid ttp tm stc



Memory: 4k page, physical 4056284k(42588k free), swap 7815616k(7811588k free)

vm_info: Java HotSpot(TM) 64-Bit Server VM (20.1-b02) for linux-amd64 JRE (1.6.0_26-b03), built on May  4 2011 01:13:47 by "java_re" with gcc 3.2.2 (SuSE Linux)

time: Tue Jun  5 16:21:18 2012
elapsed time: 19 seconds

