#
# A fatal error has been detected by the Java Runtime Environment:
#
#  SIGSEGV (0xb) at pc=0x00007f38178ceb69, pid=5138, tid=139878833669888
#
# JRE version: 6.0_26-b03
# Java VM: Java HotSpot(TM) 64-Bit Server VM (20.1-b02 mixed mode linux-amd64 compressed oops)
# Problematic frame:
# C  [libGL.so.1+0x2e8b69]  __float128+0x9
#
# If you would like to submit a bug report, please visit:
#   http://java.sun.com/webapps/bugreport/crash.jsp
# The crash happened outside the Java Virtual Machine in native code.
# See problematic frame for where to report the bug.
#

---------------  T H R E A D  ---------------

Current thread (0x00007f38106d6000):  JavaThread "Thread-2" [_thread_in_native, id=5163, stack(0x00007f3814214000,0x00007f3814315000)]

siginfo:si_signo=SIGSEGV: si_errno=0, si_code=1 (SEGV_MAPERR), si_addr=0x0000000000000688

Registers:
RAX=0x0000000000000000, RBX=0x00000000bdc389f0, RCX=0x0000000000000438, RDX=0x0000000000000780
RSP=0x00007f3814313648, RBP=0x00007f3814313690, RSI=0x0000000000000000, RDI=0x0000000000000000
R8 =0x0000000000001908, R9 =0x0000000000001401, R10=0x00007f38143133c0, R11=0x00007f38178ceb60
R12=0x0000000000000000, R13=0x00000000bdc389f0, R14=0x00007f3814313790, R15=0x00007f38106d6000
RIP=0x00007f38178ceb69, EFLAGS=0x0000000000010206, CSGSFS=0x0000000000000033, ERR=0x0000000000000004
  TRAPNO=0x000000000000000e

Top of Stack: (sp=0x00007f3814313648)
0x00007f3814313648:   00007f3815624ae0 00007f380e842000
0x00007f3814313658:   00007f38000000b7 0000078000000438
0x00007f3814313668:   0000000000000000 00007f3814313790
0x00007f3814313678:   00007f38106d61d0 00007f3814313730
0x00007f3814313688:   00007f380e842000 00007f3814313730
0x00007f3814313698:   00007f381f7dfd6e 00007f3800001908
0x00007f38143136a8:   00007f3800001401 00007f3814313758
0x00007f38143136b8:   00007f3800000000 00007f38143137d8
0x00007f38143136c8:   00007f3814313750 00007f38143136d0
0x00007f38143136d8:   00000000bce86ae0 00007f38106d6000
0x00007f38143136e8:   00007f38143136e8 00007f38143136f0
0x00007f38143136f8:   00000000bdc389f0 00007f3814313790
0x00007f3814313708:   00000000bdcb4508 0000000000000000
0x00007f3814313718:   00000000bdc389f0 0000000000000000
0x00007f3814313728:   00007f3814313750 00007f38143137d8
0x00007f3814313738:   00007f381f7d4a82 0000000000000000
0x00007f3814313748:   00007f381f7dcf58 0000000000000000
0x00007f3814313758:   00000000ebc713a0 0000000000001401
0x00007f3814313768:   0000000000001908 0000000000000438
0x00007f3814313778:   0000000000000780 0000000000000000
0x00007f3814313788:   0000000000000000 00000000ec4e1da8
0x00007f3814313798:   00007f3814313798 00000000bdc388f2
0x00007f38143137a8:   00007f3814313828 00000000bdcb4508
0x00007f38143137b8:   0000000000000000 00000000bdc38920
0x00007f38143137c8:   00007f3814313750 00007f38143137f0
0x00007f38143137d8:   00007f3814313870 00007f381f7d4f5c
0x00007f38143137e8:   0000000000000001 00000000ebc713a0
0x00007f38143137f8:   0000000000001401 0000000000001908
0x00007f3814313808:   0000000000000438 0000000000000780
0x00007f3814313818:   0000000000000000 0000000000000000
0x00007f3814313828:   00000000ec4e1da8 00007f3814313830
0x00007f3814313838:   00000000bd94879b 00007f38143138a8 

Instructions: (pc=0x00007f38178ceb69)
0x00007f38178ceb49:   ff a0 80 06 00 00 cc cc cc cc cc cc cc cc cc cc
0x00007f38178ceb59:   cc cc cc cc cc cc cc 64 48 8b 04 25 60 ff ff ff
0x00007f38178ceb69:   ff a0 88 06 00 00 cc cc cc cc cc cc cc cc cc cc
0x00007f38178ceb79:   cc cc cc cc cc cc cc 64 48 8b 04 25 60 ff ff ff 

Register to memory mapping:

RAX=0x0000000000000000 is an unknown value
RBX=0x00000000bdc389f0 is an oop
{method} 
 - klass: {other class}
RCX=0x0000000000000438 is an unknown value
RDX=0x0000000000000780 is an unknown value
RSP=0x00007f3814313648 is pointing into the stack for thread: 0x00007f38106d6000
RBP=0x00007f3814313690 is pointing into the stack for thread: 0x00007f38106d6000
RSI=0x0000000000000000 is an unknown value
RDI=0x0000000000000000 is an unknown value
R8 =0x0000000000001908 is an unknown value
R9 =0x0000000000001401 is an unknown value
R10=0x00007f38143133c0 is pointing into the stack for thread: 0x00007f38106d6000
R11=0x00007f38178ceb60: glReadPixels+0 in /usr/lib/nvidia-current/libGL.so.1 at 0x00007f38175e6000
R12=0x0000000000000000 is an unknown value
R13=0x00000000bdc389f0 is an oop
{method} 
 - klass: {other class}
R14=0x00007f3814313790 is pointing into the stack for thread: 0x00007f38106d6000
R15=0x00007f38106d6000 is a thread


Stack: [0x00007f3814214000,0x00007f3814315000],  sp=0x00007f3814313648,  free space=1021k
Native frames: (J=compiled Java code, j=interpreted, Vv=VM code, C=native code)
C  [libGL.so.1+0x2e8b69]  __float128+0x9
j  com.sun.opengl.impl.GLImpl.glReadPixels0(IIIIIILjava/lang/Object;I)V+0
j  com.sun.opengl.impl.GLImpl.glReadPixels(IIIIIILjava/nio/Buffer;)V+50
j  processing.opengl.PGraphicsOpenGL.loadPixels()V+75
j  processing.core.PImage.save(Ljava/lang/String;)V+30
j  processing.core.PApplet.saveFrame(Ljava/lang/String;)V+13
j  advanced.drawing.DrawSurfaceScene.run()V+14
j  java.lang.Thread.run()V+11
v  ~StubRoutines::call_stub
V  [libjvm.so+0x4df5c0]  JavaCalls::call_helper(JavaValue*, methodHandle*, JavaCallArguments*, Thread*)+0x1e0
V  [libjvm.so+0x70f629]  os::os_exception_wrapper(void (*)(JavaValue*, methodHandle*, JavaCallArguments*, Thread*), JavaValue*, methodHandle*, JavaCallArguments*, Thread*)+0x19
V  [libjvm.so+0x4def06]  JavaCalls::call_virtual(JavaValue*, KlassHandle, symbolHandle, symbolHandle, JavaCallArguments*, Thread*)+0x126
V  [libjvm.so+0x4defb7]  JavaCalls::call_virtual(JavaValue*, Handle, KlassHandle, symbolHandle, symbolHandle, Thread*)+0x47
V  [libjvm.so+0x572ce0]  thread_entry(JavaThread*, Thread*)+0xa0
V  [libjvm.so+0x8190f1]  JavaThread::run()+0x121
V  [libjvm.so+0x710adf]  java_start(Thread*)+0x13f

Java frames: (J=compiled Java code, j=interpreted, Vv=VM code)
j  com.sun.opengl.impl.GLImpl.glReadPixels0(IIIIIILjava/lang/Object;I)V+0
j  com.sun.opengl.impl.GLImpl.glReadPixels(IIIIIILjava/nio/Buffer;)V+50
j  processing.opengl.PGraphicsOpenGL.loadPixels()V+75
j  processing.core.PImage.save(Ljava/lang/String;)V+30
j  processing.core.PApplet.saveFrame(Ljava/lang/String;)V+13
j  advanced.drawing.DrawSurfaceScene.run()V+14
j  java.lang.Thread.run()V+11
v  ~StubRoutines::call_stub

---------------  P R O C E S S  ---------------

Java Threads: ( => current thread )
=>0x00007f38106d6000 JavaThread "Thread-2" [_thread_in_native, id=5163, stack(0x00007f3814214000,0x00007f3814315000)]
  0x00007f38105b0000 JavaThread "Thread-1" [_thread_in_native, id=5162, stack(0x00007f3814515000,0x00007f3814616000)]
  0x0000000040cca000 JavaThread "DestroyJavaVM" [_thread_blocked, id=5143, stack(0x00007f3823565000,0x00007f3823666000)]
  0x0000000040e4b800 JavaThread "Animation Thread" [_thread_in_native, id=5161, stack(0x00007f38179f3000,0x00007f3817af4000)]
  0x00007f381004a000 JavaThread "AWT-EventQueue-0" [_thread_blocked, id=5160, stack(0x00007f3817af4000,0x00007f3817bf5000)]
  0x00007f381834b000 JavaThread "AWT-Shutdown" [_thread_blocked, id=5159, stack(0x00007f3817bf5000,0x00007f3817cf6000)]
  0x00007f38182db000 JavaThread "AWT-XAWT" daemon [_thread_in_native, id=5157, stack(0x00007f381c041000,0x00007f381c142000)]
  0x00007f3818254800 JavaThread "Java2D Disposer" daemon [_thread_blocked, id=5156, stack(0x00007f381c8a1000,0x00007f381c9a2000)]
  0x00007f3818024800 JavaThread "Low Memory Detector" daemon [_thread_blocked, id=5154, stack(0x00007f381df98000,0x00007f381e099000)]
  0x00007f3818022000 JavaThread "C2 CompilerThread1" daemon [_thread_blocked, id=5153, stack(0x00007f381e099000,0x00007f381e19a000)]
  0x00007f381801f000 JavaThread "C2 CompilerThread0" daemon [_thread_blocked, id=5152, stack(0x00007f381e19a000,0x00007f381e29b000)]
  0x00007f381801d000 JavaThread "Signal Dispatcher" daemon [_thread_blocked, id=5151, stack(0x00007f381e29b000,0x00007f381e39c000)]
  0x00007f3818001000 JavaThread "Finalizer" daemon [_thread_blocked, id=5150, stack(0x00007f381e641000,0x00007f381e742000)]
  0x0000000040d2e800 JavaThread "Reference Handler" daemon [_thread_blocked, id=5149, stack(0x00007f381e742000,0x00007f381e843000)]

Other Threads:
  0x0000000040d28000 VMThread [stack: 0x00007f381e843000,0x00007f381e944000] [id=5148]
  0x00007f3818027800 WatcherThread [stack: 0x00007f381de97000,0x00007f381df98000] [id=5155]

VM state:not at safepoint (normal execution)

VM Mutex/Monitor currently owned by a thread: None

Heap
 PSYoungGen      total 18496K, used 17553K [0x00000000eb560000, 0x00000000eca00000, 0x0000000100000000)
  eden space 15872K, 97% used [0x00000000eb560000,0x00000000ec46dab0,0x00000000ec4e0000)
  from space 2624K, 81% used [0x00000000ec4e0000,0x00000000ec6f69f0,0x00000000ec770000)
  to   space 2624K, 0% used [0x00000000ec770000,0x00000000ec770000,0x00000000eca00000)
 PSOldGen        total 42304K, used 0K [0x00000000c2000000, 0x00000000c4950000, 0x00000000eb560000)
  object space 42304K, 0% used [0x00000000c2000000,0x00000000c2000000,0x00000000c4950000)
 PSPermGen       total 21248K, used 18316K [0x00000000bce00000, 0x00000000be2c0000, 0x00000000c2000000)
  object space 21248K, 86% used [0x00000000bce00000,0x00000000bdfe30d0,0x00000000be2c0000)

Code Cache  [0x00007f381f7cf000, 0x00007f381fa3f000, 0x00007f38227cf000)
 total_blobs=890 nmethods=91 adapters=753 free_code_cache=49368448 largest_free_block=7872

Dynamic libraries:
40000000-40009000 r-xp 00000000 08:22 1185676                            /usr/lib/jvm/java-6-sun-1.6.0.26/jre/bin/java
40108000-4010a000 rwxp 00008000 08:22 1185676                            /usr/lib/jvm/java-6-sun-1.6.0.26/jre/bin/java
40cbf000-410ae000 rwxp 00000000 00:00 0                                  [heap]
410ae000-410b0000 r-xs 00000000 08:22 1993131                            /tmp/glPj6u7p (deleted)
41fea000-42061000 rwxp 00000000 00:00 0 
bce00000-be2c0000 rwxp 00000000 00:00 0 
be2c0000-c2000000 rwxp 00000000 00:00 0 
c2000000-c4950000 rwxp 00000000 00:00 0 
c4950000-eb560000 rwxp 00000000 00:00 0 
eb560000-eca00000 rwxp 00000000 00:00 0 
eca00000-100000000 rwxp 00000000 00:00 0 
7f380e841000-7f3810000000 rwxp 00000000 00:00 0 
7f3810000000-7f38107cf000 rwxp 00000000 00:00 0 
7f38107cf000-7f3814000000 ---p 00000000 00:00 0 
7f3814114000-7f3814214000 rwxp 00000000 00:00 0 
7f3814214000-7f3814217000 ---p 00000000 00:00 0 
7f3814217000-7f3814515000 rwxp 00000000 00:00 0 
7f3814515000-7f3814518000 ---p 00000000 00:00 0 
7f3814518000-7f3814616000 rwxp 00000000 00:00 0 
7f3814616000-7f3814629000 r-xp 00000000 08:22 1189407                    /usr/lib/jvm/java-6-sun-1.6.0.26/jre/lib/amd64/libnet.so
7f3814629000-7f381472a000 ---p 00013000 08:22 1189407                    /usr/lib/jvm/java-6-sun-1.6.0.26/jre/lib/amd64/libnet.so
7f381472a000-7f381472d000 rwxp 00014000 08:22 1189407                    /usr/lib/jvm/java-6-sun-1.6.0.26/jre/lib/amd64/libnet.so
7f381472d000-7f381482d000 rwxs 65724000 00:05 6100                       /dev/nvidia1
7f381482d000-7f381482e000 rwxs b2c03000 00:05 6100                       /dev/nvidia1
7f381482e000-7f381492e000 rwxs 4e678000 00:05 6100                       /dev/nvidia1
7f381492e000-7f381519e000 rwxs c0000000 00:05 6100                       /dev/nvidia1
7f381519e000-7f38151a0000 r-xp 00000000 08:24 696261                     /home/bguaman/workspace/PLAYmt4j/MT4JClient/mt4j-desktop/libjogl_awt.so
7f38151a0000-7f381529f000 ---p 00002000 08:24 696261                     /home/bguaman/workspace/PLAYmt4j/MT4JClient/mt4j-desktop/libjogl_awt.so
7f381529f000-7f38152a0000 rwxp 00001000 08:24 696261                     /home/bguaman/workspace/PLAYmt4j/MT4JClient/mt4j-desktop/libjogl_awt.so
7f38152a0000-7f38152a1000 r-xp 00000000 08:22 1189436                    /usr/lib/jvm/java-6-sun-1.6.0.26/jre/lib/amd64/libjawt.so
7f38152a1000-7f38153a0000 ---p 00001000 08:22 1189436                    /usr/lib/jvm/java-6-sun-1.6.0.26/jre/lib/amd64/libjawt.so
7f38153a0000-7f38153a1000 rwxp 00000000 08:22 1189436                    /usr/lib/jvm/java-6-sun-1.6.0.26/jre/lib/amd64/libjawt.so
7f38153a1000-7f38153a6000 r-xp 00000000 08:22 1182806                    /usr/lib/x86_64-linux-gnu/libXxf86vm.so.1.0.0
7f38153a6000-7f38155a5000 ---p 00005000 08:22 1182806                    /usr/lib/x86_64-linux-gnu/libXxf86vm.so.1.0.0
7f38155a5000-7f38155a6000 r-xp 00004000 08:22 1182806                    /usr/lib/x86_64-linux-gnu/libXxf86vm.so.1.0.0
7f38155a6000-7f38155a7000 rwxp 00005000 08:22 1182806                    /usr/lib/x86_64-linux-gnu/libXxf86vm.so.1.0.0
7f38155a7000-7f3815696000 r-xp 00000000 08:24 696252                     /home/bguaman/workspace/PLAYmt4j/MT4JClient/mt4j-desktop/libjogl.so
7f3815696000-7f3815796000 ---p 000ef000 08:24 696252                     /home/bguaman/workspace/PLAYmt4j/MT4JClient/mt4j-desktop/libjogl.so
7f3815796000-7f3815797000 rwxp 000ef000 08:24 696252                     /home/bguaman/workspace/PLAYmt4j/MT4JClient/mt4j-desktop/libjogl.so
7f3815797000-7f3816be5000 r-xp 00000000 08:22 1184078                    /usr/lib/nvidia-current/libnvidia-glcore.so.270.41.06
7f3816be5000-7f3816de5000 ---p 0144e000 08:22 1184078                    /usr/lib/nvidia-current/libnvidia-glcore.so.270.41.06
7f3816de5000-7f38173cd000 rwxp 0144e000 08:22 1184078                    /usr/lib/nvidia-current/libnvidia-glcore.so.270.41.06
7f38173cd000-7f38173e4000 rwxp 00000000 00:00 0 
7f38173e4000-7f38173e5000 r-xp 00000000 08:22 1180743                    /usr/lib/nvidia-current/tls/libnvidia-tls.so.270.41.06
7f38173e5000-7f38175e5000 ---p 00001000 08:22 1180743                    /usr/lib/nvidia-current/tls/libnvidia-tls.so.270.41.06
7f38175e5000-7f38175e6000 rwxp 00001000 08:22 1180743                    /usr/lib/nvidia-current/tls/libnvidia-tls.so.270.41.06
7f38175e6000-7f38176a3000 r-xp 00000000 08:22 1183145                    /usr/lib/nvidia-current/libGL.so.270.41.06
7f38176a3000-7f38178a3000 ---p 000bd000 08:22 1183145                    /usr/lib/nvidia-current/libGL.so.270.41.06
7f38178a3000-7f38178dc000 rwxp 000bd000 08:22 1183145                    /usr/lib/nvidia-current/libGL.so.270.41.06
7f38178dc000-7f38178f2000 rwxp 00000000 00:00 0 
7f38178f2000-7f38178f3000 r-xp 00000000 08:24 696219                     /home/bguaman/workspace/PLAYmt4j/MT4JClient/mt4j-desktop/libgluegen-rt.so
7f38178f3000-7f38179f2000 ---p 00001000 08:24 696219                     /home/bguaman/workspace/PLAYmt4j/MT4JClient/mt4j-desktop/libgluegen-rt.so
7f38179f2000-7f38179f3000 rwxp 00000000 08:24 696219                     /home/bguaman/workspace/PLAYmt4j/MT4JClient/mt4j-desktop/libgluegen-rt.so
7f38179f3000-7f38179f6000 ---p 00000000 00:00 0 
7f38179f6000-7f3817af4000 rwxp 00000000 00:00 0 
7f3817af4000-7f3817af7000 ---p 00000000 00:00 0 
7f3817af7000-7f3817bf5000 rwxp 00000000 00:00 0 
7f3817bf5000-7f3817bf8000 ---p 00000000 00:00 0 
7f3817bf8000-7f3817cf6000 rwxp 00000000 00:00 0 
7f3817cf6000-7f3817cf9000 ---p 00000000 00:00 0 
7f3817cf9000-7f3817df7000 rwxp 00000000 00:00 0 
7f3817df7000-7f3817dff000 r-xp 00000000 08:22 1187959                    /usr/lib/x86_64-linux-gnu/libXrandr.so.2.2.0
7f3817dff000-7f3817ffe000 ---p 00008000 08:22 1187959                    /usr/lib/x86_64-linux-gnu/libXrandr.so.2.2.0
7f3817ffe000-7f3817fff000 r-xp 00007000 08:22 1187959                    /usr/lib/x86_64-linux-gnu/libXrandr.so.2.2.0
7f3817fff000-7f3818000000 rwxp 00008000 08:22 1187959                    /usr/lib/x86_64-linux-gnu/libXrandr.so.2.2.0
7f3818000000-7f3818be5000 rwxp 00000000 00:00 0 
7f3818be5000-7f381c000000 ---p 00000000 00:00 0 
7f381c041000-7f381c044000 ---p 00000000 00:00 0 
7f381c044000-7f381c142000 rwxp 00000000 00:00 0 
7f381c142000-7f381c143000 r-xs 00000000 08:22 2621607                    /var/cache/fontconfig/c05880de57d1f5e948fdfacc138775d9-le64.cache-3
7f381c143000-7f381c14c000 r-xs 00000000 08:22 2621606                    /var/cache/fontconfig/945677eb7aeaf62f1d50efc3fb3ec7d8-le64.cache-3
7f381c14c000-7f381c14e000 r-xs 00000000 08:22 2621574                    /var/cache/fontconfig/99e8ed0e538f840c565b6ed5dad60d56-le64.cache-3
7f381c14e000-7f381c151000 r-xs 00000000 08:22 2621604                    /var/cache/fontconfig/e383d7ea5fbe662a33d9b44caf393297-le64.cache-3
7f381c151000-7f381c153000 r-xs 00000000 08:22 2621603                    /var/cache/fontconfig/2cd17615ca594fa2959ae173292e504c-le64.cache-3
7f381c153000-7f381c154000 r-xs 00000000 08:22 2621601                    /var/cache/fontconfig/e7071f4a29fa870f4323321c154eba04-le64.cache-3
7f381c154000-7f381c157000 r-xs 00000000 08:22 2625717                    /var/cache/fontconfig/b5ea634b0fb353b8ea17632d1f9ef766-le64.cache-3
7f381c157000-7f381c15b000 r-xs 00000000 08:22 2621600                    /var/cache/fontconfig/6eb3985aa4124903f6ff08ba781cd364-le64.cache-3
7f381c15b000-7f381c15c000 r-xs 00000000 08:22 2621599                    /var/cache/fontconfig/4c73fe0c47614734b17d736dbde7580a-le64.cache-3
7f381c15c000-7f381c15d000 r-xs 00000000 08:22 2621598                    /var/cache/fontconfig/0d8c3b2ac0904cb8a57a757ad11a4a08-le64.cache-3
7f381c15d000-7f381c15e000 r-xs 00000000 08:22 2621597                    /var/cache/fontconfig/6a53c69dea097a2d716e069445527da8-le64.cache-3
7f381c15e000-7f381c164000 r-xs 00000000 08:22 2621596                    /var/cache/fontconfig/a755afe4a08bf5b97852ceb7400b47bc-le64.cache-3
7f381c164000-7f381c168000 r-xs 00000000 08:22 2626406                    /var/cache/fontconfig/6d41288fd70b0be22e8c3a91e032eec0-le64.cache-3
7f381c168000-7f381c178000 r-xs 00000000 08:22 2621593                    /var/cache/fontconfig/0f34bcd4b6ee430af32735b75db7f02b-le64.cache-3
7f381c178000-7f381c17b000 r-xs 00000000 08:22 2621592                    /var/cache/fontconfig/d60319d88cac85ba9e1a07bd06cfbb8c-le64.cache-3
7f381c17b000-7f381c17c000 r-xs 00000000 08:22 2622676                    /var/cache/fontconfig/4794a0821666d79190d59a36cb4f44b5-le64.cache-3
7f381c17c000-7f381c1aa000 r-xs 00000000 08:22 2621591                    /var/cache/fontconfig/365b55f210c0a22e9a19e35191240f32-le64.cache-3
7f381c1aa000-7f381c1b4000 r-xs 00000000 08:22 2621590                    /var/cache/fontconfig/d52a8644073d54c13679302ca1180695-le64.cache-3
7f381c1b4000-7f381c1ba000 r-xs 00000000 08:22 2626487                    /var/cache/fontconfig/105b9c7e6f0a4f82d8c9b6e39c52c6f9-le64.cache-3
7f381c200000-7f381c240000 rwxs cff7e000 00:05 6100                       /dev/nvidia1
7f381c240000-7f381c25b000 rwxs 140e00000 00:05 6100                      /dev/nvidia1
7f381c25b000-7f381c260000 r-xp 00000000 08:22 1180715                    /usr/lib/x86_64-linux-gnu/libXfixes.so.3.1.0
7f381c260000-7f381c45f000 ---p 00005000 08:22 1180715                    /usr/lib/x86_64-linux-gnu/libXfixes.so.3.1.0
7f381c45f000-7f381c460000 r-xp 00004000 08:22 1180715                    /usr/lib/x86_64-linux-gnu/libXfixes.so.3.1.0
7f381c460000-7f381c461000 rwxp 00005000 08:22 1180715                    /usr/lib/x86_64-linux-gnu/libXfixes.so.3.1.0
7f381c461000-7f381c46a000 r-xp 00000000 08:22 1180172                    /usr/lib/x86_64-linux-gnu/libXrender.so.1.3.0
7f381c46a000-7f381c66a000 ---p 00009000 08:22 1180172                    /usr/lib/x86_64-linux-gnu/libXrender.so.1.3.0
7f381c66a000-7f381c66b000 r-xp 00009000 08:22 1180172                    /usr/lib/x86_64-linux-gnu/libXrender.so.1.3.0
7f381c66b000-7f381c66c000 rwxp 0000a000 08:22 1180172                    /usr/lib/x86_64-linux-gnu/libXrender.so.1.3.0
7f381c66c000-7f381c675000 r-xp 00000000 08:22 1188068                    /usr/lib/x86_64-linux-gnu/libXcursor.so.1.0.2
7f381c675000-7f381c874000 ---p 00009000 08:22 1188068                    /usr/lib/x86_64-linux-gnu/libXcursor.so.1.0.2
7f381c874000-7f381c875000 r-xp 00008000 08:22 1188068                    /usr/lib/x86_64-linux-gnu/libXcursor.so.1.0.2
7f381c875000-7f381c876000 rwxp 00009000 08:22 1188068                    /usr/lib/x86_64-linux-gnu/libXcursor.so.1.0.2
7f381c87b000-7f381c87d000 rwxs 00000000 08:22 1993131                    /tmp/glPj6u7p (deleted)
7f381c87d000-7f381c881000 rwxs 65685000 00:05 6100                       /dev/nvidia1
7f381c881000-7f381c882000 rwxs cffbe000 00:05 6100                       /dev/nvidia1
7f381c882000-7f381c883000 rwxs 65684000 00:05 6100                       /dev/nvidia1
7f381c883000-7f381c884000 rwxs 6567f000 00:05 6100                       /dev/nvidia1
7f381c884000-7f381c885000 rwxs 65773000 00:05 6100                       /dev/nvidia1
7f381c885000-7f381c887000 r-xs 00005000 08:24 816243                     /home/bguaman/workspace/MT4jTUIO4jInputSources/tuio4jInput.jar
7f381c887000-7f381c889000 r-xs 0000b000 08:24 692063                     /home/bguaman/workspace/PLAYmt4j/MT4JClient/mt4j-desktop/lib/tuio/tuio4j.jar
7f381c889000-7f381c895000 r-xs 0010f000 08:24 692263                     /home/bguaman/workspace/PLAYmt4j/MT4JClient/mt4j-desktop/lib/jogl/jogl.jar
7f381c895000-7f381c896000 r-xs 00005000 08:24 692258                     /home/bguaman/workspace/PLAYmt4j/MT4JClient/mt4j-desktop/lib/jogl/opengl.jar
7f381c896000-7f381c898000 r-xs 0005b000 08:24 692276                     /home/bguaman/workspace/PLAYmt4j/MT4JClient/mt4j-desktop/lib/core.jar
7f381c898000-7f381c89a000 r-xs 0000a000 08:24 692277                     /home/bguaman/workspace/PLAYmt4j/MT4JClient/mt4j-desktop/lib/muito_blobtracking.jar
7f381c89a000-7f381c89c000 r-xs 00004000 08:24 692253                     /home/bguaman/workspace/PLAYmt4j/MT4JClient/mt4j-desktop/lib/jogl/gluegen-rt.jar
7f381c89c000-7f381c8a1000 r-xs 00010000 08:24 684921                     /home/bguaman/workspace/PLAYmt4j/MT4JClient/mt4j-core/lib/xml-apis-ext.jar
7f381c8a1000-7f381c8a4000 ---p 00000000 00:00 0 
7f381c8a4000-7f381c9a2000 rwxp 00000000 00:00 0 
7f381c9a2000-7f381ca1b000 r-xp 00000000 08:22 1189423                    /usr/lib/jvm/java-6-sun-1.6.0.26/jre/lib/amd64/libfontmanager.so
7f381ca1b000-7f381cb1a000 ---p 00079000 08:22 1189423                    /usr/lib/jvm/java-6-sun-1.6.0.26/jre/lib/amd64/libfontmanager.so
7f381cb1a000-7f381cb2f000 rwxp 00078000 08:22 1189423                    /usr/lib/jvm/java-6-sun-1.6.0.26/jre/lib/amd64/libfontmanager.so
7f381cb2f000-7f381cb40000 rwxp 00000000 00:00 0 
7f381cb40000-7f381cb45000 r-xp 00000000 08:22 1187279                    /usr/lib/x86_64-linux-gnu/libXdmcp.so.6.0.0
7f381cb45000-7f381cd44000 ---p 00005000 08:22 1187279                    /usr/lib/x86_64-linux-gnu/libXdmcp.so.6.0.0
7f381cd44000-7f381cd45000 r-xp 00004000 08:22 1187279                    /usr/lib/x86_64-linux-gnu/libXdmcp.so.6.0.0
7f381cd45000-7f381cd46000 rwxp 00005000 08:22 1187279                    /usr/lib/x86_64-linux-gnu/libXdmcp.so.6.0.0
7f381cd46000-7f381cd48000 r-xp 00000000 08:22 1187247                    /usr/lib/x86_64-linux-gnu/libXau.so.6.0.0
7f381cd48000-7f381cf47000 ---p 00002000 08:22 1187247                    /usr/lib/x86_64-linux-gnu/libXau.so.6.0.0
7f381cf47000-7f381cf48000 r-xp 00001000 08:22 1187247                    /usr/lib/x86_64-linux-gnu/libXau.so.6.0.0
7f381cf48000-7f381cf49000 rwxp 00002000 08:22 1187247                    /usr/lib/x86_64-linux-gnu/libXau.so.6.0.0
7f381cf49000-7f381cf64000 r-xp 00000000 08:22 1187284                    /usr/lib/x86_64-linux-gnu/libxcb.so.1.1.0
7f381cf64000-7f381d163000 ---p 0001b000 08:22 1187284                    /usr/lib/x86_64-linux-gnu/libxcb.so.1.1.0
7f381d163000-7f381d164000 r-xp 0001a000 08:22 1187284                    /usr/lib/x86_64-linux-gnu/libxcb.so.1.1.0
7f381d164000-7f381d165000 rwxp 0001b000 08:22 1187284                    /usr/lib/x86_64-linux-gnu/libxcb.so.1.1.0
7f381d165000-7f381d174000 r-xp 00000000 08:22 1188155                    /usr/lib/x86_64-linux-gnu/libXi.so.6.1.0
7f381d174000-7f381d373000 ---p 0000f000 08:22 1188155                    /usr/lib/x86_64-linux-gnu/libXi.so.6.1.0
7f381d373000-7f381d374000 r-xp 0000e000 08:22 1188155                    /usr/lib/x86_64-linux-gnu/libXi.so.6.1.0
7f381d374000-7f381d375000 rwxp 0000f000 08:22 1188155                    /usr/lib/x86_64-linux-gnu/libXi.so.6.1.0
7f381d375000-7f381d37a000 r-xp 00000000 08:22 1182462                    /usr/lib/libXtst.so.6.1.0
7f381d37a000-7f381d579000 ---p 00005000 08:22 1182462                    /usr/lib/libXtst.so.6.1.0
7f381d579000-7f381d57a000 r-xp 00004000 08:22 1182462                    /usr/lib/libXtst.so.6.1.0
7f381d57a000-7f381d57b000 rwxp 00005000 08:22 1182462                    /usr/lib/libXtst.so.6.1.0
7f381d57b000-7f381d6b0000 r-xp 00000000 08:22 1188489                    /usr/lib/x86_64-linux-gnu/libX11.so.6.3.0
7f381d6b0000-7f381d8b0000 ---p 00135000 08:22 1188489                    /usr/lib/x86_64-linux-gnu/libX11.so.6.3.0
7f381d8b0000-7f381d8b1000 r-xp 00135000 08:22 1188489                    /usr/lib/x86_64-linux-gnu/libX11.so.6.3.0
7f381d8b1000-7f381d8b5000 rwxp 00136000 08:22 1188489                    /usr/lib/x86_64-linux-gnu/libX11.so.6.3.0
7f381d8b5000-7f381d8c6000 r-xp 00000000 08:22 1183304                    /usr/lib/x86_64-linux-gnu/libXext.so.6.4.0
7f381d8c6000-7f381dac5000 ---p 00011000 08:22 1183304                    /usr/lib/x86_64-linux-gnu/libXext.so.6.4.0
7f381dac5000-7f381dac6000 r-xp 00010000 08:22 1183304                    /usr/lib/x86_64-linux-gnu/libXext.so.6.4.0
7f381dac6000-7f381dac7000 rwxp 00011000 08:22 1183304                    /usr/lib/x86_64-linux-gnu/libXext.so.6.4.0
7f381dac7000-7f381dada000 r-xs 00000000 08:22 2621573                    /var/cache/fontconfig/e13b20fdb08344e0e664864cc2ede53d-le64.cache-3
7f381dada000-7f381dade000 r-xs 00000000 08:22 2626485                    /var/cache/fontconfig/7ef2298fde41cc6eeb7af42e48b7d293-le64.cache-3
7f381dade000-7f381daf2000 r-xs 00000000 08:22 2621609                    /var/cache/fontconfig/865f88548240fee46819705c6468c165-le64.cache-3
7f381daf2000-7f381db34000 r-xp 00000000 08:22 1189412                    /usr/lib/jvm/java-6-sun-1.6.0.26/jre/lib/amd64/xawt/libmawt.so
7f381db34000-7f381dc33000 ---p 00042000 08:22 1189412                    /usr/lib/jvm/java-6-sun-1.6.0.26/jre/lib/amd64/xawt/libmawt.so
7f381dc33000-7f381dc3f000 rwxp 00041000 08:22 1189412                    /usr/lib/jvm/java-6-sun-1.6.0.26/jre/lib/amd64/xawt/libmawt.so
7f381dc3f000-7f381dc40000 rwxp 00000000 00:00 0 
7f381dc40000-7f381dcd2000 r-xp 00000000 08:22 1189435                    /usr/lib/jvm/java-6-sun-1.6.0.26/jre/lib/amd64/libawt.so
7f381dcd2000-7f381ddd1000 ---p 00092000 08:22 1189435                    /usr/lib/jvm/java-6-sun-1.6.0.26/jre/lib/amd64/libawt.so
7f381ddd1000-7f381ddeb000 rwxp 00091000 08:22 1189435                    /usr/lib/jvm/java-6-sun-1.6.0.26/jre/lib/amd64/libawt.so
7f381ddeb000-7f381de0f000 rwxp 00000000 00:00 0 
7f381de0f000-7f381de30000 r-xs 00261000 08:24 684919                     /home/bguaman/workspace/PLAYmt4j/MT4JClient/mt4j-core/lib/mt4j-core.jar
7f381de30000-7f381de38000 r-xs 00045000 08:24 684925                     /home/bguaman/workspace/PLAYmt4j/MT4JClient/mt4j-core/lib/batik-css.jar
7f381de38000-7f381de39000 r-xs 00006000 08:24 684920                     /home/bguaman/workspace/PLAYmt4j/MT4JClient/mt4j-core/lib/ani.jar
7f381de39000-7f381de3a000 r-xs 00002000 08:24 695877                     /home/bguaman/workspace/PLAYmt4j/MT4JClient/mt4j-desktop/examples/advanced/water/lib/waterScene.jar
7f381de3a000-7f381de3e000 r-xs 00091000 08:24 694960                     /home/bguaman/workspace/PLAYmt4j/MT4JClient/mt4j-desktop/examples/advanced/physics/lib/jbox2d.jar
7f381de3e000-7f381de40000 r-xs 0000c000 08:24 696150                     /home/bguaman/workspace/PLAYmt4j/MT4JClient/mt4j-desktop/examples/advanced/modestMapsMT/lib/modestMaps.jar
7f381de40000-7f381de41000 r-xs 00001000 08:24 695903                     /home/bguaman/workspace/PLAYmt4j/MT4JClient/mt4j-desktop/examples/advanced/fluidSimulator/lib/MSAFluid.jar
7f381de41000-7f381de45000 r-xs 0005e000 08:24 696093                     /home/bguaman/workspace/PLAYmt4j/MT4JClient/mt4j-desktop/examples/advanced/flickrMT/lib/flickrj.jar
7f381de45000-7f381de47000 r-xs 0003c000 08:24 688488                     /home/bguaman/workspace/PLAYmt4j/MT4JClient/mt4j-desktop/extensions/lib/jbullet/vecmath.jar
7f381de47000-7f381de48000 r-xs 0000b000 08:24 688489                     /home/bguaman/workspace/PLAYmt4j/MT4JClient/mt4j-desktop/extensions/lib/jbullet/stack-alloc.jar
7f381de48000-7f381de51000 r-xs 0006c000 08:24 688490                     /home/bguaman/workspace/PLAYmt4j/MT4JClient/mt4j-desktop/extensions/lib/jbullet/jbullet.jar
7f381de51000-7f381de53000 r-xs 00008000 08:24 692099                     /home/bguaman/workspace/PLAYmt4j/MT4JClient/mt4j-desktop/lib/whirlylib/whirlycache-1.0.1.jar
7f381de53000-7f381de5b000 r-xs 0004f000 08:24 692104                     /home/bguaman/workspace/PLAYmt4j/MT4JClient/mt4j-desktop/lib/whirlylib/log4j-1.2.8.jar
7f381de5b000-7f381de63000 r-xs 00028000 08:24 692211                     /home/bguaman/workspace/PLAYmt4j/MT4JClient/mt4j-desktop/lib/batik/xml-apis.jar
7f381de63000-7f381de6e000 r-xs 000ad000 08:24 692204                     /home/bguaman/workspace/PLAYmt4j/MT4JClient/mt4j-desktop/lib/batik/pdf-transcoder.jar
7f381de6e000-7f381de76000 r-xs 00074000 08:24 692206                     /home/bguaman/workspace/PLAYmt4j/MT4JClient/mt4j-desktop/lib/batik/js.jar
7f381de76000-7f381de77000 r-xs 00007000 08:24 692193                     /home/bguaman/workspace/PLAYmt4j/MT4JClient/mt4j-desktop/lib/batik/batik-xml.jar
7f381de77000-7f381de7a000 r-xs 0001d000 08:24 692201                     /home/bguaman/workspace/PLAYmt4j/MT4JClient/mt4j-desktop/lib/batik/batik-util.jar
7f381de7a000-7f381de7c000 r-xs 0001c000 08:24 692195                     /home/bguaman/workspace/PLAYmt4j/MT4JClient/mt4j-desktop/lib/batik/batik-transcoder.jar
7f381de7c000-7f381de81000 r-xs 00030000 08:24 692190                     /home/bguaman/workspace/PLAYmt4j/MT4JClient/mt4j-desktop/lib/batik/batik-svggen.jar
7f381de81000-7f381de8e000 r-xs 00087000 08:24 692200                     /home/bguaman/workspace/PLAYmt4j/MT4JClient/mt4j-desktop/lib/batik/batik-svg-dom.jar
7f381de8e000-7f381de91000 r-xs 0000d000 08:24 692196                     /home/bguaman/workspace/PLAYmt4j/MT4JClient/mt4j-desktop/lib/batik/batik-script.jar
7f381de91000-7f381de93000 r-xs 00010000 08:24 692191                     /home/bguaman/workspace/PLAYmt4j/MT4JClient/mt4j-desktop/lib/batik/batik-parser.jar
7f381de93000-7f381de97000 r-xs 00038000 08:24 692210                     /home/bguaman/workspace/PLAYmt4j/MT4JClient/mt4j-desktop/lib/batik/batik-gvt.jar
7f381de97000-7f381de98000 ---p 00000000 00:00 0 
7f381de98000-7f381df98000 rwxp 00000000 00:00 0 
7f381df98000-7f381df9b000 ---p 00000000 00:00 0 
7f381df9b000-7f381e099000 rwxp 00000000 00:00 0 
7f381e099000-7f381e09c000 ---p 00000000 00:00 0 
7f381e09c000-7f381e19a000 rwxp 00000000 00:00 0 
7f381e19a000-7f381e19d000 ---p 00000000 00:00 0 
7f381e19d000-7f381e29b000 rwxp 00000000 00:00 0 
7f381e29b000-7f381e29e000 ---p 00000000 00:00 0 
7f381e29e000-7f381e39c000 rwxp 00000000 00:00 0 
7f381e39c000-7f381e641000 r-xp 00000000 08:22 1179791                    /usr/lib/locale/locale-archive
7f381e641000-7f381e644000 ---p 00000000 00:00 0 
7f381e644000-7f381e742000 rwxp 00000000 00:00 0 
7f381e742000-7f381e745000 ---p 00000000 00:00 0 
7f381e745000-7f381e843000 rwxp 00000000 00:00 0 
7f381e843000-7f381e844000 ---p 00000000 00:00 0 
7f381e844000-7f381ee7d000 rwxp 00000000 00:00 0 
7f381ee7d000-7f381f015000 r-xs 03029000 08:22 1202981                    /usr/lib/jvm/java-6-sun-1.6.0.26/jre/lib/rt.jar
7f381f015000-7f381f03d000 rwxp 00000000 00:00 0 
7f381f03d000-7f381f03e000 ---p 00000000 00:00 0 
7f381f03e000-7f381f13e000 rwxp 00000000 00:00 0 
7f381f13e000-7f381f13f000 ---p 00000000 00:00 0 
7f381f13f000-7f381f23f000 rwxp 00000000 00:00 0 
7f381f23f000-7f381f240000 ---p 00000000 00:00 0 
7f381f240000-7f381f340000 rwxp 00000000 00:00 0 
7f381f340000-7f381f341000 ---p 00000000 00:00 0 
7f381f341000-7f381f44c000 rwxp 00000000 00:00 0 
7f381f44c000-7f381f46a000 rwxp 00000000 00:00 0 
7f381f46a000-7f381f47f000 rwxp 00000000 00:00 0 
7f381f47f000-7f381f5b5000 rwxp 00000000 00:00 0 
7f381f5b5000-7f381f5c0000 rwxp 00000000 00:00 0 
7f381f5c0000-7f381f5de000 rwxp 00000000 00:00 0 
7f381f5de000-7f381f5f3000 rwxp 00000000 00:00 0 
7f381f5f3000-7f381f728000 rwxp 00000000 00:00 0 
7f381f728000-7f381f733000 rwxp 00000000 00:00 0 
7f381f733000-7f381f7ce000 rwxp 00000000 00:00 0 
7f381f7ce000-7f381fa3f000 rwxp 00000000 00:00 0 
7f381fa3f000-7f38227cf000 rwxp 00000000 00:00 0 
7f38227cf000-7f38227dd000 r-xp 00000000 08:22 1189430                    /usr/lib/jvm/java-6-sun-1.6.0.26/jre/lib/amd64/libzip.so
7f38227dd000-7f38228df000 ---p 0000e000 08:22 1189430                    /usr/lib/jvm/java-6-sun-1.6.0.26/jre/lib/amd64/libzip.so
7f38228df000-7f38228e2000 rwxp 00010000 08:22 1189430                    /usr/lib/jvm/java-6-sun-1.6.0.26/jre/lib/amd64/libzip.so
7f38228e2000-7f38228e3000 rwxp 00000000 00:00 0 
7f38228e3000-7f38228ef000 r-xp 00000000 08:22 1837256                    /lib/x86_64-linux-gnu/libnss_files-2.13.so
7f38228ef000-7f3822aee000 ---p 0000c000 08:22 1837256                    /lib/x86_64-linux-gnu/libnss_files-2.13.so
7f3822aee000-7f3822aef000 r-xp 0000b000 08:22 1837256                    /lib/x86_64-linux-gnu/libnss_files-2.13.so
7f3822aef000-7f3822af0000 rwxp 0000c000 08:22 1837256                    /lib/x86_64-linux-gnu/libnss_files-2.13.so
7f3822af0000-7f3822afb000 r-xp 00000000 08:22 1837260                    /lib/x86_64-linux-gnu/libnss_nis-2.13.so
7f3822afb000-7f3822cfa000 ---p 0000b000 08:22 1837260                    /lib/x86_64-linux-gnu/libnss_nis-2.13.so
7f3822cfa000-7f3822cfb000 r-xp 0000a000 08:22 1837260                    /lib/x86_64-linux-gnu/libnss_nis-2.13.so
7f3822cfb000-7f3822cfc000 rwxp 0000b000 08:22 1837260                    /lib/x86_64-linux-gnu/libnss_nis-2.13.so
7f3822cfc000-7f3822d04000 r-xp 00000000 08:22 1837252                    /lib/x86_64-linux-gnu/libnss_compat-2.13.so
7f3822d04000-7f3822f03000 ---p 00008000 08:22 1837252                    /lib/x86_64-linux-gnu/libnss_compat-2.13.so
7f3822f03000-7f3822f04000 r-xp 00007000 08:22 1837252                    /lib/x86_64-linux-gnu/libnss_compat-2.13.so
7f3822f04000-7f3822f05000 rwxp 00008000 08:22 1837252                    /lib/x86_64-linux-gnu/libnss_compat-2.13.so
7f3822f05000-7f3822f1c000 r-xp 00000000 08:22 1837250                    /lib/x86_64-linux-gnu/libnsl-2.13.so
7f3822f1c000-7f382311b000 ---p 00017000 08:22 1837250                    /lib/x86_64-linux-gnu/libnsl-2.13.so
7f382311b000-7f382311c000 r-xp 00016000 08:22 1837250                    /lib/x86_64-linux-gnu/libnsl-2.13.so
7f382311c000-7f382311d000 rwxp 00017000 08:22 1837250                    /lib/x86_64-linux-gnu/libnsl-2.13.so
7f382311d000-7f382311f000 rwxp 00000000 00:00 0 
7f382311f000-7f3823148000 r-xp 00000000 08:22 1189429                    /usr/lib/jvm/java-6-sun-1.6.0.26/jre/lib/amd64/libjava.so
7f3823148000-7f3823247000 ---p 00029000 08:22 1189429                    /usr/lib/jvm/java-6-sun-1.6.0.26/jre/lib/amd64/libjava.so
7f3823247000-7f382324e000 rwxp 00028000 08:22 1189429                    /usr/lib/jvm/java-6-sun-1.6.0.26/jre/lib/amd64/libjava.so
7f382324e000-7f382325b000 r-xp 00000000 08:22 1189406                    /usr/lib/jvm/java-6-sun-1.6.0.26/jre/lib/amd64/libverify.so
7f382325b000-7f382335a000 ---p 0000d000 08:22 1189406                    /usr/lib/jvm/java-6-sun-1.6.0.26/jre/lib/amd64/libverify.so
7f382335a000-7f382335d000 rwxp 0000c000 08:22 1189406                    /usr/lib/jvm/java-6-sun-1.6.0.26/jre/lib/amd64/libverify.so
7f382335d000-7f3823364000 r-xp 00000000 08:22 1837270                    /lib/x86_64-linux-gnu/librt-2.13.so
7f3823364000-7f3823563000 ---p 00007000 08:22 1837270                    /lib/x86_64-linux-gnu/librt-2.13.so
7f3823563000-7f3823564000 r-xp 00006000 08:22 1837270                    /lib/x86_64-linux-gnu/librt-2.13.so
7f3823564000-7f3823565000 rwxp 00007000 08:22 1837270                    /lib/x86_64-linux-gnu/librt-2.13.so
7f3823565000-7f3823568000 ---p 00000000 00:00 0 
7f3823568000-7f3823666000 rwxp 00000000 00:00 0 
7f3823666000-7f38236ea000 r-xp 00000000 08:22 1837246                    /lib/x86_64-linux-gnu/libm-2.13.so
7f38236ea000-7f38238e9000 ---p 00084000 08:22 1837246                    /lib/x86_64-linux-gnu/libm-2.13.so
7f38238e9000-7f38238ea000 r-xp 00083000 08:22 1837246                    /lib/x86_64-linux-gnu/libm-2.13.so
7f38238ea000-7f38238eb000 rwxp 00084000 08:22 1837246                    /lib/x86_64-linux-gnu/libm-2.13.so
7f38238eb000-7f3824205000 r-xp 00000000 08:22 1189432                    /usr/lib/jvm/java-6-sun-1.6.0.26/jre/lib/amd64/server/libjvm.so
7f3824205000-7f3824307000 ---p 0091a000 08:22 1189432                    /usr/lib/jvm/java-6-sun-1.6.0.26/jre/lib/amd64/server/libjvm.so
7f3824307000-7f38244bc000 rwxp 0091c000 08:22 1189432                    /usr/lib/jvm/java-6-sun-1.6.0.26/jre/lib/amd64/server/libjvm.so
7f38244bc000-7f38244f6000 rwxp 00000000 00:00 0 
7f38244f6000-7f3824680000 r-xp 00000000 08:22 1837230                    /lib/x86_64-linux-gnu/libc-2.13.so
7f3824680000-7f382487f000 ---p 0018a000 08:22 1837230                    /lib/x86_64-linux-gnu/libc-2.13.so
7f382487f000-7f3824883000 r-xp 00189000 08:22 1837230                    /lib/x86_64-linux-gnu/libc-2.13.so
7f3824883000-7f3824884000 rwxp 0018d000 08:22 1837230                    /lib/x86_64-linux-gnu/libc-2.13.so
7f3824884000-7f382488a000 rwxp 00000000 00:00 0 
7f382488a000-7f382488c000 r-xp 00000000 08:22 1837244                    /lib/x86_64-linux-gnu/libdl-2.13.so
7f382488c000-7f3824a8c000 ---p 00002000 08:22 1837244                    /lib/x86_64-linux-gnu/libdl-2.13.so
7f3824a8c000-7f3824a8d000 r-xp 00002000 08:22 1837244                    /lib/x86_64-linux-gnu/libdl-2.13.so
7f3824a8d000-7f3824a8e000 rwxp 00003000 08:22 1837244                    /lib/x86_64-linux-gnu/libdl-2.13.so
7f3824a8e000-7f3824aa6000 r-xp 00000000 08:22 1837266                    /lib/x86_64-linux-gnu/libpthread-2.13.so
7f3824aa6000-7f3824ca6000 ---p 00018000 08:22 1837266                    /lib/x86_64-linux-gnu/libpthread-2.13.so
7f3824ca6000-7f3824ca7000 r-xp 00018000 08:22 1837266                    /lib/x86_64-linux-gnu/libpthread-2.13.so
7f3824ca7000-7f3824ca8000 rwxp 00019000 08:22 1837266                    /lib/x86_64-linux-gnu/libpthread-2.13.so
7f3824ca8000-7f3824cac000 rwxp 00000000 00:00 0 
7f3824cac000-7f3824ccd000 r-xp 00000000 08:22 1835033                    /lib/x86_64-linux-gnu/ld-2.13.so
7f3824ccd000-7f3824cce000 rwxs b2001000 00:05 6100                       /dev/nvidia1
7f3824cce000-7f3824cd0000 r-xs 0000f000 08:24 692199                     /home/bguaman/workspace/PLAYmt4j/MT4JClient/mt4j-desktop/lib/batik/batik-extension.jar
7f3824cd0000-7f3824cd1000 r-xs 00002000 08:24 692209                     /home/bguaman/workspace/PLAYmt4j/MT4JClient/mt4j-desktop/lib/batik/batik-ext.jar
7f3824cd1000-7f3824cdb000 rwxp 00000000 00:00 0 
7f3824cdb000-7f3824d91000 rwxp 00000000 00:00 0 
7f3824d91000-7f3824d94000 rwxp 00000000 00:00 0 
7f3824d94000-7f3824d9b000 r-xp 00000000 08:22 1189402                    /usr/lib/jvm/java-6-sun-1.6.0.26/jre/lib/amd64/jli/libjli.so
7f3824d9b000-7f3824e9c000 ---p 00007000 08:22 1189402                    /usr/lib/jvm/java-6-sun-1.6.0.26/jre/lib/amd64/jli/libjli.so
7f3824e9c000-7f3824e9e000 rwxp 00008000 08:22 1189402                    /usr/lib/jvm/java-6-sun-1.6.0.26/jre/lib/amd64/jli/libjli.so
7f3824e9e000-7f3824e9f000 rwxp 00000000 00:00 0 
7f3824e9f000-7f3824ea3000 r-xs 00027000 08:24 692184                     /home/bguaman/workspace/PLAYmt4j/MT4JClient/mt4j-desktop/lib/batik/batik-dom.jar
7f3824ea3000-7f3824ead000 r-xs 00080000 08:24 692192                     /home/bguaman/workspace/PLAYmt4j/MT4JClient/mt4j-desktop/lib/batik/batik-bridge.jar
7f3824ead000-7f3824eb4000 r-xs 0005c000 08:24 692213                     /home/bguaman/workspace/PLAYmt4j/MT4JClient/mt4j-desktop/lib/batik/batik-awt-util.jar
7f3824eb4000-7f3824eb7000 r-xs 00015000 08:24 692188                     /home/bguaman/workspace/PLAYmt4j/MT4JClient/mt4j-desktop/lib/batik/batik-anim.jar
7f3824eb7000-7f3824eb9000 r-xs 00006000 08:24 692275                     /home/bguaman/workspace/PLAYmt4j/MT4JClient/mt4j-desktop/lib/mri.jar
7f3824eb9000-7f3824ebf000 r-xs 00034000 08:24 692278                     /home/bguaman/workspace/PLAYmt4j/MT4JClient/mt4j-desktop/lib/junit-4.8.2.jar
7f3824ebf000-7f3824ec0000 r-xs 00002000 08:24 692273                     /home/bguaman/workspace/PLAYmt4j/MT4JClient/mt4j-desktop/lib/GlulogicMT.jar
7f3824ec0000-7f3824ec8000 rwxs 00000000 08:22 1993113                    /tmp/hsperfdata_bguaman/5138
7f3824ec8000-7f3824ec9000 rwxp 00000000 00:00 0 
7f3824ec9000-7f3824eca000 r-xp 00000000 00:00 0 
7f3824eca000-7f3824ecc000 rwxp 00000000 00:00 0 
7f3824ecc000-7f3824ecd000 r-xp 00020000 08:22 1835033                    /lib/x86_64-linux-gnu/ld-2.13.so
7f3824ecd000-7f3824ecf000 rwxp 00021000 08:22 1835033                    /lib/x86_64-linux-gnu/ld-2.13.so
7fffcb5b0000-7fffcb5d2000 rwxp 00000000 00:00 0                          [stack]
7fffcb5ff000-7fffcb600000 r-xp 00000000 00:00 0                          [vdso]
ffffffffff600000-ffffffffff601000 r-xp 00000000 00:00 0                  [vsyscall]

VM Arguments:
jvm_args: -Djava.library.path=/home/bguaman/workspace/PLAYmt4j/MT4JClient/mt4j-desktop -Dfile.encoding=UTF-8 
java_command: advanced.drawing.StartDrawExample
Launcher Type: SUN_STANDARD

Environment Variables:
PATH=/usr/local/sbin:/usr/local/bin:/usr/sbin:/usr/bin:/sbin:/bin:/usr/games
USERNAME=bguaman
LD_LIBRARY_PATH=/usr/lib/jvm/java-6-sun-1.6.0.26/jre/lib/amd64/server:/usr/lib/jvm/java-6-sun-1.6.0.26/jre/lib/amd64:/usr/lib/jvm/java-6-sun-1.6.0.26/jre/../lib/amd64:/usr/lib/xulrunner-1.9.2.17
SHELL=/bin/bash
DISPLAY=:0.0

Signal Handlers:
SIGSEGV: [libjvm.so+0x85f800], sa_mask[0]=0x7ffbfeff, sa_flags=0x10000004
SIGBUS: [libjvm.so+0x85f800], sa_mask[0]=0x7ffbfeff, sa_flags=0x10000004
SIGFPE: [libjvm.so+0x70e300], sa_mask[0]=0x7ffbfeff, sa_flags=0x10000004
SIGPIPE: [libjvm.so+0x70e300], sa_mask[0]=0x7ffbfeff, sa_flags=0x10000004
SIGXFSZ: [libjvm.so+0x70e300], sa_mask[0]=0x7ffbfeff, sa_flags=0x10000004
SIGILL: [libjvm.so+0x70e300], sa_mask[0]=0x7ffbfeff, sa_flags=0x10000004
SIGUSR1: SIG_DFL, sa_mask[0]=0x00000000, sa_flags=0x00000000
SIGUSR2: [libjvm.so+0x711110], sa_mask[0]=0x00000004, sa_flags=0x10000004
SIGHUP: [libjvm.so+0x710d10], sa_mask[0]=0x7ffbfeff, sa_flags=0x10000004
SIGINT: [libjvm.so+0x710d10], sa_mask[0]=0x7ffbfeff, sa_flags=0x10000004
SIGTERM: [libjvm.so+0x710d10], sa_mask[0]=0x7ffbfeff, sa_flags=0x10000004
SIGQUIT: [libjvm.so+0x710d10], sa_mask[0]=0x7ffbfeff, sa_flags=0x10000004


---------------  S Y S T E M  ---------------

OS:squeeze/sid

uname:Linux 2.6.38-13-generic #54-Ubuntu SMP Tue Jan 3 13:38:12 UTC 2012 x86_64
libc:glibc 2.13 NPTL 2.13 
rlimit: STACK 8192k, CORE 0k, NPROC infinity, NOFILE 4096, AS infinity
load average:0.02 0.06 0.05

/proc/meminfo:
MemTotal:        4056284 kB
MemFree:           34020 kB
Buffers:          699352 kB
Cached:           686908 kB
SwapCached:            0 kB
Active:          1788436 kB
Inactive:        1121628 kB
Active(anon):    1200916 kB
Inactive(anon):   345644 kB
Active(file):     587520 kB
Inactive(file):   775984 kB
Unevictable:           0 kB
Mlocked:               0 kB
SwapTotal:       7815616 kB
SwapFree:        7815540 kB
Dirty:             11760 kB
Writeback:             0 kB
AnonPages:       1523828 kB
Mapped:           188944 kB
Shmem:             22744 kB
Slab:             927688 kB
SReclaimable:     898648 kB
SUnreclaim:        29040 kB
KernelStack:        3576 kB
PageTables:        34352 kB
NFS_Unstable:          0 kB
Bounce:                0 kB
WritebackTmp:          0 kB
CommitLimit:     9843756 kB
Committed_AS:    3500144 kB
VmallocTotal:   34359738367 kB
VmallocUsed:      113588 kB
VmallocChunk:   34359615996 kB
HardwareCorrupted:     0 kB
HugePages_Total:       0
HugePages_Free:        0
HugePages_Rsvd:        0
HugePages_Surp:        0
Hugepagesize:       2048 kB
DirectMap4k:      246656 kB
DirectMap2M:     3946496 kB


CPU:total 4 (2 cores per cpu, 1 threads per core) family 15 model 65 stepping 3, cmov, cx8, fxsr, mmx, sse, sse2, sse3, mmxext, 3dnow, 3dnowext

/proc/cpuinfo:
processor	: 0
vendor_id	: AuthenticAMD
cpu family	: 15
model		: 65
model name	: Dual-Core AMD Opteron(tm) Processor 2218
stepping	: 3
cpu MHz		: 1000.000
cache size	: 1024 KB
physical id	: 0
siblings	: 2
core id		: 0
cpu cores	: 2
apicid		: 0
initial apicid	: 0
fpu		: yes
fpu_exception	: yes
cpuid level	: 1
wp		: yes
flags		: fpu vme de pse tsc msr pae mce cx8 apic sep mtrr pge mca cmov pat pse36 clflush mmx fxsr sse sse2 ht syscall nx mmxext fxsr_opt rdtscp lm 3dnowext 3dnow rep_good nopl extd_apicid pni cx16 lahf_lm cmp_legacy svm extapic cr8_legacy
bogomips	: 2000.01
TLB size	: 1024 4K pages
clflush size	: 64
cache_alignment	: 64
address sizes	: 40 bits physical, 48 bits virtual
power management: ts fid vid ttp tm stc

processor	: 1
vendor_id	: AuthenticAMD
cpu family	: 15
model		: 65
model name	: Dual-Core AMD Opteron(tm) Processor 2218
stepping	: 3
cpu MHz		: 1000.000
cache size	: 1024 KB
physical id	: 0
siblings	: 2
core id		: 1
cpu cores	: 2
apicid		: 1
initial apicid	: 1
fpu		: yes
fpu_exception	: yes
cpuid level	: 1
wp		: yes
flags		: fpu vme de pse tsc msr pae mce cx8 apic sep mtrr pge mca cmov pat pse36 clflush mmx fxsr sse sse2 ht syscall nx mmxext fxsr_opt rdtscp lm 3dnowext 3dnow rep_good nopl extd_apicid pni cx16 lahf_lm cmp_legacy svm extapic cr8_legacy
bogomips	: 2000.01
TLB size	: 1024 4K pages
clflush size	: 64
cache_alignment	: 64
address sizes	: 40 bits physical, 48 bits virtual
power management: ts fid vid ttp tm stc

processor	: 2
vendor_id	: AuthenticAMD
cpu family	: 15
model		: 65
model name	: Dual-Core AMD Opteron(tm) Processor 2218
stepping	: 3
cpu MHz		: 1000.000
cache size	: 1024 KB
physical id	: 1
siblings	: 2
core id		: 0
cpu cores	: 2
apicid		: 2
initial apicid	: 2
fpu		: yes
fpu_exception	: yes
cpuid level	: 1
wp		: yes
flags		: fpu vme de pse tsc msr pae mce cx8 apic sep mtrr pge mca cmov pat pse36 clflush mmx fxsr sse sse2 ht syscall nx mmxext fxsr_opt rdtscp lm 3dnowext 3dnow rep_good nopl extd_apicid pni cx16 lahf_lm cmp_legacy svm extapic cr8_legacy
bogomips	: 2000.01
TLB size	: 1024 4K pages
clflush size	: 64
cache_alignment	: 64
address sizes	: 40 bits physical, 48 bits virtual
power management: ts fid vid ttp tm stc

processor	: 3
vendor_id	: AuthenticAMD
cpu family	: 15
model		: 65
model name	: Dual-Core AMD Opteron(tm) Processor 2218
stepping	: 3
cpu MHz		: 1000.000
cache size	: 1024 KB
physical id	: 1
siblings	: 2
core id		: 1
cpu cores	: 2
apicid		: 3
initial apicid	: 3
fpu		: yes
fpu_exception	: yes
cpuid level	: 1
wp		: yes
flags		: fpu vme de pse tsc msr pae mce cx8 apic sep mtrr pge mca cmov pat pse36 clflush mmx fxsr sse sse2 ht syscall nx mmxext fxsr_opt rdtscp lm 3dnowext 3dnow rep_good nopl extd_apicid pni cx16 lahf_lm cmp_legacy svm extapic cr8_legacy
bogomips	: 2000.01
TLB size	: 1024 4K pages
clflush size	: 64
cache_alignment	: 64
address sizes	: 40 bits physical, 48 bits virtual
power management: ts fid vid ttp tm stc



Memory: 4k page, physical 4056284k(34020k free), swap 7815616k(7815540k free)

vm_info: Java HotSpot(TM) 64-Bit Server VM (20.1-b02) for linux-amd64 JRE (1.6.0_26-b03), built on May  4 2011 01:13:47 by "java_re" with gcc 3.2.2 (SuSE Linux)

time: Thu Jul 12 11:51:24 2012
elapsed time: 11 seconds

