#
# A fatal error has been detected by the Java Runtime Environment:
#
#  SIGSEGV (0xb) at pc=0x00007f3662ce9889, pid=7858, tid=139871486961408
#
# JRE version: 6.0_26-b03
# Java VM: Java HotSpot(TM) 64-Bit Server VM (20.1-b02 mixed mode linux-amd64 compressed oops)
# Problematic frame:
# C  [libGL.so.1+0x2e9889]  __float128+0x9
#
# If you would like to submit a bug report, please visit:
#   http://java.sun.com/webapps/bugreport/crash.jsp
# The crash happened outside the Java Virtual Machine in native code.
# See problematic frame for where to report the bug.
#

---------------  T H R E A D  ---------------

Current thread (0x00007f365e586800):  JavaThread "Thread-1" [_thread_in_native, id=7885, stack(0x00007f365e3b6000,0x00007f365e4b7000)]

siginfo:si_signo=SIGSEGV: si_errno=0, si_code=1 (SEGV_MAPERR), si_addr=0x00000000000008c0

Registers:
RAX=0x0000000000000000, RBX=0x00000000bdb1a1d0, RCX=0x00007f365e586e40, RDX=0x00000000eb69c130
RSP=0x00007f365e4b4fa8, RBP=0x00007f365e4b4ff0, RSI=0x00000000eb69c130, RDI=0x0000000000000001
R8 =0x00007f366f4c9fe8, R9 =0x00007f366f4cde58, R10=0x00007f365e587228, R11=0x00007f365e586e78
R12=0x0000000000000000, R13=0x00000000bdb1a1d0, R14=0x00007f365e4b50a0, R15=0x00007f365e586800
RIP=0x00007f3662ce9889, EFLAGS=0x0000000000010202, CSGSFS=0x0000000000000033, ERR=0x0000000000000004
  TRAPNO=0x000000000000000e

Top of Stack: (sp=0x00007f365e4b4fa8)
0x00007f365e4b4fa8:   00007f3660a20dcd 00000000bda7c828
0x00007f365e4b4fb8:   0000000000000000 00007f365e4b5090
0x00007f365e4b4fc8:   0000000100000000 00007f365e4b50a0
0x00007f365e4b4fd8:   00007f365e5869d0 00007f366a91985a
0x00007f365e4b4fe8:   00000000eb69c130 00007f365e4b5068
0x00007f365e4b4ff8:   00007f366a924d6e 00000000bdbe540d
0x00007f365e4b5008:   00007f365e4b5050 00000000bdbf5710
0x00007f365e4b5018:   0000000000000000 00000000bdbe5418
0x00007f365e4b5028:   00007f365e4b5028 0000000000000000
0x00007f365e4b5038:   00007f365e4b50a0 00000000bdbf5710
0x00007f365e4b5048:   0000000000000000 00000000bdb1a1d0
0x00007f365e4b5058:   0000000000000000 00007f365e4b5088
0x00007f365e4b5068:   00007f365e4b50e8 00007f366a919a82
0x00007f365e4b5078:   0000000000000000 00007f366a921f58
0x00007f365e4b5088:   0000000000000000 00000000eb69c120
0x00007f365e4b5098:   0000000000000001 00000000ec5b3c50
0x00007f365e4b50a8:   00007f365e4b50a8 00000000bdb1a2f0
0x00007f365e4b50b8:   00007f365e4b5110 00000000bdbf5710
0x00007f365e4b50c8:   0000000000000000 00000000bdb1a318
0x00007f365e4b50d8:   00007f365e4b5088 00007f365e4b50f8
0x00007f365e4b50e8:   00007f365e4b5158 00007f366a919f5c
0x00007f365e4b50f8:   0000000000000000 00000000eb69c120
0x00007f365e4b5108:   0000000000000001 00000000ec5b3c50
0x00007f365e4b5118:   00007f365e4b5118 00000000bdd3267f
0x00007f365e4b5128:   00007f365e4b5180 00000000bdd360d8
0x00007f365e4b5138:   0000000000000000 00000000bdd326c0
0x00007f365e4b5148:   00007f365e4b50f8 00007f365e4b5168
0x00007f365e4b5158:   00007f365e4b51c8 00007f366a919f5c
0x00007f365e4b5168:   0000000000000000 00000000eb69c120
0x00007f365e4b5178:   0000000000000001 00000000ec5b3c40
0x00007f365e4b5188:   00007f365e4b5188 00000000bd323a11
0x00007f365e4b5198:   00007f365e4b5218 00000000be0541d8 

Instructions: (pc=0x00007f3662ce9889)
0x00007f3662ce9869:   ff a0 b8 08 00 00 cc cc cc cc cc cc cc cc cc cc
0x00007f3662ce9879:   cc cc cc cc cc cc cc 64 48 8b 04 25 60 ff ff ff
0x00007f3662ce9889:   ff a0 c0 08 00 00 cc cc cc cc cc cc cc cc cc cc
0x00007f3662ce9899:   cc cc cc cc cc cc cc 64 48 8b 04 25 60 ff ff ff 

Register to memory mapping:

RAX=0x0000000000000000 is an unknown value
RBX=0x00000000bdb1a1d0 is an oop
{method} 
 - klass: {other class}
RCX=0x00007f365e586e40 is an unknown value
RDX=0x00000000eb69c130 is an unknown value
RSP=0x00007f365e4b4fa8 is pointing into the stack for thread: 0x00007f365e586800
RBP=0x00007f365e4b4ff0 is pointing into the stack for thread: 0x00007f365e586800
RSI=0x00000000eb69c130 is an unknown value
RDI=0x0000000000000001 is an unknown value
R8 =0x00007f366f4c9fe8: <offset 0xa99fe8> in /usr/lib/jvm/java-6-sun-1.6.0.26/jre/lib/amd64/server/libjvm.so at 0x00007f366ea30000
R9 =0x00007f366f4cde58: <offset 0xa9de58> in /usr/lib/jvm/java-6-sun-1.6.0.26/jre/lib/amd64/server/libjvm.so at 0x00007f366ea30000
R10=0x00007f365e587228 is an unknown value
R11=0x00007f365e586e78 is an unknown value
R12=0x0000000000000000 is an unknown value
R13=0x00000000bdb1a1d0 is an oop
{method} 
 - klass: {other class}
R14=0x00007f365e4b50a0 is pointing into the stack for thread: 0x00007f365e586800
R15=0x00007f365e586800 is a thread


Stack: [0x00007f365e3b6000,0x00007f365e4b7000],  sp=0x00007f365e4b4fa8,  free space=1019k
Native frames: (J=compiled Java code, j=interpreted, Vv=VM code, C=native code)
C  [libGL.so.1+0x2e9889]  __float128+0x9
j  com.sun.opengl.impl.GLImpl.glGenTextures1(ILjava/lang/Object;I)V+0
j  com.sun.opengl.impl.GLImpl.glGenTextures(I[II)V+64
j  org.mt4j.util.opengl.JoglGL20Plus.glGenTextures(I[II)V+7
j  org.mt4j.util.opengl.GLTexture.setupGLTexture(II)V+417
j  org.mt4j.util.opengl.GLTexture.<init>(Lprocessing/core/PApplet;IILorg/mt4j/util/opengl/GLTextureSettings;)V+113
j  org.mt4j.util.opengl.GLTexture.<init>(Lprocessing/core/PApplet;Lprocessing/core/PImage;Lorg/mt4j/util/opengl/GLTextureSettings;)V+11
j  org.mt4j.components.visibleComponents.shapes.AbstractShape.setTexture(Lprocessing/core/PImage;)V+266
j  org.mt4j.components.visibleComponents.shapes.MTRectangle.setTexture(Lprocessing/core/PImage;)V+2
j  org.mt4j.components.visibleComponents.font.BitmapFontCharacter.<init>(Lprocessing/core/PApplet;Lprocessing/core/PImage;Ljava/lang/String;III)V+31
j  processing.core.BitmapFontFactoryProxy.createCharacters(Lprocessing/core/PApplet;Lprocessing/core/PFont;Ljava/lang/String;Lorg/mt4j/util/MTColor;)Ljava/util/List;+237
j  processing.core.BitmapFontFactoryProxy.createFont(Lprocessing/core/PApplet;Ljava/lang/String;ILorg/mt4j/util/MTColor;Lorg/mt4j/util/MTColor;Z)Lorg/mt4j/util/font/IFont;+33
j  processing.core.BitmapFontFactoryProxy.createFont(Lprocessing/core/PApplet;Ljava/lang/String;ILorg/mt4j/util/MTColor;Z)Lorg/mt4j/util/font/IFont;+10
j  org.mt4j.util.font.fontFactories.BitmapFontFactory.createFont(Lprocessing/core/PApplet;Ljava/lang/String;ILorg/mt4j/util/MTColor;Z)Lorg/mt4j/util/font/IFont;+26
j  org.mt4j.util.font.FontManager.createFont(Lprocessing/core/PApplet;Ljava/lang/String;ILorg/mt4j/util/MTColor;Z)Lorg/mt4j/util/font/IFont;+146
j  org.mt4j.util.font.FontManager.createFont(Lprocessing/core/PApplet;Ljava/lang/String;ILorg/mt4j/util/MTColor;)Lorg/mt4j/util/font/IFont;+7
j  org.mt4j.components.css.util.CSSStyleManager.getDefaultFont(Lorg/mt4j/AbstractMTApplication;)Lorg/mt4j/util/font/IFont;+19
j  org.mt4j.components.visibleComponents.widgets.MTTextArea.<init>(Lorg/mt4j/AbstractMTApplication;)V+7
j  advanced.physics.scenes.GlobitosScene$TextoTrans.<init>(Ladvanced/physics/scenes/GlobitosScene;Lorg/mt4j/AbstractMTApplication;I)V+7
j  advanced.physics.scenes.GlobitosScene$JuegoGlobos.run()V+55
j  java.lang.Thread.run()V+11
v  ~StubRoutines::call_stub
V  [libjvm.so+0x4df5c0]  JavaCalls::call_helper(JavaValue*, methodHandle*, JavaCallArguments*, Thread*)+0x1e0
V  [libjvm.so+0x70f629]  os::os_exception_wrapper(void (*)(JavaValue*, methodHandle*, JavaCallArguments*, Thread*), JavaValue*, methodHandle*, JavaCallArguments*, Thread*)+0x19
V  [libjvm.so+0x4def06]  JavaCalls::call_virtual(JavaValue*, KlassHandle, symbolHandle, symbolHandle, JavaCallArguments*, Thread*)+0x126
V  [libjvm.so+0x4defb7]  JavaCalls::call_virtual(JavaValue*, Handle, KlassHandle, symbolHandle, symbolHandle, Thread*)+0x47
V  [libjvm.so+0x572ce0]  thread_entry(JavaThread*, Thread*)+0xa0
V  [libjvm.so+0x8190f1]  JavaThread::run()+0x121
V  [libjvm.so+0x710adf]  java_start(Thread*)+0x13f

Java frames: (J=compiled Java code, j=interpreted, Vv=VM code)
j  com.sun.opengl.impl.GLImpl.glGenTextures1(ILjava/lang/Object;I)V+0
j  com.sun.opengl.impl.GLImpl.glGenTextures(I[II)V+64
j  org.mt4j.util.opengl.JoglGL20Plus.glGenTextures(I[II)V+7
j  org.mt4j.util.opengl.GLTexture.setupGLTexture(II)V+417
j  org.mt4j.util.opengl.GLTexture.<init>(Lprocessing/core/PApplet;IILorg/mt4j/util/opengl/GLTextureSettings;)V+113
j  org.mt4j.util.opengl.GLTexture.<init>(Lprocessing/core/PApplet;Lprocessing/core/PImage;Lorg/mt4j/util/opengl/GLTextureSettings;)V+11
j  org.mt4j.components.visibleComponents.shapes.AbstractShape.setTexture(Lprocessing/core/PImage;)V+266
j  org.mt4j.components.visibleComponents.shapes.MTRectangle.setTexture(Lprocessing/core/PImage;)V+2
j  org.mt4j.components.visibleComponents.font.BitmapFontCharacter.<init>(Lprocessing/core/PApplet;Lprocessing/core/PImage;Ljava/lang/String;III)V+31
j  processing.core.BitmapFontFactoryProxy.createCharacters(Lprocessing/core/PApplet;Lprocessing/core/PFont;Ljava/lang/String;Lorg/mt4j/util/MTColor;)Ljava/util/List;+237
j  processing.core.BitmapFontFactoryProxy.createFont(Lprocessing/core/PApplet;Ljava/lang/String;ILorg/mt4j/util/MTColor;Lorg/mt4j/util/MTColor;Z)Lorg/mt4j/util/font/IFont;+33
j  processing.core.BitmapFontFactoryProxy.createFont(Lprocessing/core/PApplet;Ljava/lang/String;ILorg/mt4j/util/MTColor;Z)Lorg/mt4j/util/font/IFont;+10
j  org.mt4j.util.font.fontFactories.BitmapFontFactory.createFont(Lprocessing/core/PApplet;Ljava/lang/String;ILorg/mt4j/util/MTColor;Z)Lorg/mt4j/util/font/IFont;+26
j  org.mt4j.util.font.FontManager.createFont(Lprocessing/core/PApplet;Ljava/lang/String;ILorg/mt4j/util/MTColor;Z)Lorg/mt4j/util/font/IFont;+146
j  org.mt4j.util.font.FontManager.createFont(Lprocessing/core/PApplet;Ljava/lang/String;ILorg/mt4j/util/MTColor;)Lorg/mt4j/util/font/IFont;+7
j  org.mt4j.components.css.util.CSSStyleManager.getDefaultFont(Lorg/mt4j/AbstractMTApplication;)Lorg/mt4j/util/font/IFont;+19
j  org.mt4j.components.visibleComponents.widgets.MTTextArea.<init>(Lorg/mt4j/AbstractMTApplication;)V+7
j  advanced.physics.scenes.GlobitosScene$TextoTrans.<init>(Ladvanced/physics/scenes/GlobitosScene;Lorg/mt4j/AbstractMTApplication;I)V+7
j  advanced.physics.scenes.GlobitosScene$JuegoGlobos.run()V+55
j  java.lang.Thread.run()V+11
v  ~StubRoutines::call_stub

---------------  P R O C E S S  ---------------

Java Threads: ( => current thread )
  0x0000000041334800 JavaThread "DestroyJavaVM" [_thread_blocked, id=7863, stack(0x00007f366e6aa000,0x00007f366e7ab000)]
=>0x00007f365e586800 JavaThread "Thread-1" [_thread_in_native, id=7885, stack(0x00007f365e3b6000,0x00007f365e4b7000)]
  0x00007f366433f000 JavaThread "AWT-EventQueue-0" [_thread_blocked, id=7883, stack(0x00007f3662e0d000,0x00007f3662f0e000)]
  0x00007f3664348800 JavaThread "Animation Thread" [_thread_blocked, id=7882, stack(0x00007f3662f0e000,0x00007f366300f000)]
  0x00007f366433d000 JavaThread "AWT-Shutdown" [_thread_blocked, id=7881, stack(0x00007f366300f000,0x00007f3663110000)]
  0x00007f36643d3800 JavaThread "AWT-XAWT" daemon [_thread_in_native, id=7879, stack(0x00007f3663211000,0x00007f3663312000)]
  0x0000000041560000 JavaThread "Java2D Disposer" daemon [_thread_blocked, id=7878, stack(0x00007f3663958000,0x00007f3663a59000)]
  0x00007f3664070800 JavaThread "Low Memory Detector" daemon [_thread_blocked, id=7876, stack(0x00007f36690dd000,0x00007f36691de000)]
  0x00007f366406e000 JavaThread "C2 CompilerThread1" daemon [_thread_blocked, id=7875, stack(0x00007f36691de000,0x00007f36692df000)]
  0x00007f366406b000 JavaThread "C2 CompilerThread0" daemon [_thread_in_vm, id=7874, stack(0x00007f36692df000,0x00007f36693e0000)]
  0x00007f3664068800 JavaThread "Signal Dispatcher" daemon [_thread_blocked, id=7873, stack(0x00007f36693e0000,0x00007f36694e1000)]
  0x00007f366404d000 JavaThread "Finalizer" daemon [_thread_blocked, id=7870, stack(0x00007f3669786000,0x00007f3669887000)]
  0x00007f366404b000 JavaThread "Reference Handler" daemon [_thread_blocked, id=7869, stack(0x00007f3669887000,0x00007f3669988000)]

Other Threads:
  0x00007f3664044000 VMThread [stack: 0x00007f3669988000,0x00007f3669a89000] [id=7868]
  0x00007f3664083000 WatcherThread [stack: 0x00007f3668fdc000,0x00007f36690dd000] [id=7877]

VM state:not at safepoint (normal execution)

VM Mutex/Monitor currently owned by a thread: None

Heap
 PSYoungGen      total 18496K, used 3919K [0x00000000eb560000, 0x00000000ed980000, 0x0000000100000000)
  eden space 15872K, 8% used [0x00000000eb560000,0x00000000eb6a7dc8,0x00000000ec4e0000)
  from space 2624K, 99% used [0x00000000ec4e0000,0x00000000ec76c020,0x00000000ec770000)
  to   space 2624K, 0% used [0x00000000ed6f0000,0x00000000ed6f0000,0x00000000ed980000)
 PSOldGen        total 42304K, used 7418K [0x00000000c2000000, 0x00000000c4950000, 0x00000000eb560000)
  object space 42304K, 17% used [0x00000000c2000000,0x00000000c273ea70,0x00000000c4950000)
 PSPermGen       total 21248K, used 19938K [0x00000000bce00000, 0x00000000be2c0000, 0x00000000c2000000)
  object space 21248K, 93% used [0x00000000bce00000,0x00000000be178aa8,0x00000000be2c0000)

Code Cache  [0x00007f366a914000, 0x00007f366ab84000, 0x00007f366d914000)
 total_blobs=1028 nmethods=225 adapters=757 free_code_cache=49016704 largest_free_block=18176

Dynamic libraries:
40000000-40009000 r-xp 00000000 08:22 1185676                            /usr/lib/jvm/java-6-sun-1.6.0.26/jre/bin/java
40108000-4010a000 rwxp 00008000 08:22 1185676                            /usr/lib/jvm/java-6-sun-1.6.0.26/jre/bin/java
4132a000-41c19000 rwxp 00000000 00:00 0                                  [heap]
41c30000-41ca7000 rwxp 00000000 00:00 0 
41e0f000-41e11000 r-xs 00000000 08:22 1986615                            /tmp/glGTunQJ (deleted)
bce00000-be2c0000 rwxp 00000000 00:00 0 
be2c0000-c2000000 rwxp 00000000 00:00 0 
c2000000-c4950000 rwxp 00000000 00:00 0 
c4950000-eb560000 rwxp 00000000 00:00 0 
eb560000-ed980000 rwxp 00000000 00:00 0 
ed980000-100000000 rwxp 00000000 00:00 0 
7f3658000000-7f3658021000 rwxp 00000000 00:00 0 
7f3658021000-7f365c000000 ---p 00000000 00:00 0 
7f365cfd6000-7f365d3d7000 rwxp 00000000 00:00 0 
7f365d4ce000-7f365dfce000 rwxp 00000000 00:00 0 
7f365e0b6000-7f365e3b6000 rwxp 00000000 00:00 0 
7f365e3b6000-7f365e3b9000 ---p 00000000 00:00 0 
7f365e3b9000-7f365e6b7000 rwxp 00000000 00:00 0 
7f365e6b7000-7f365e6b9000 rwxs 00000000 08:22 1986615                    /tmp/glGTunQJ (deleted)
7f365e895000-7f365e8ae000 r-xs 00000000 08:22 1581241                    /usr/share/fonts/type1/gsfonts/n021004l.pfb
7f365e9bd000-7f365e9cf000 r-xs 00000000 08:22 1581226                    /usr/share/fonts/type1/gsfonts/n019043l.pfb
7f365ea47000-7f365ea66000 r-xs 00000000 08:22 272576                     /usr/share/texmf/fonts/type1/public/lm/lmr6.pfb
7f365eb24000-7f365eb40000 r-xs 00000000 08:22 272580                     /usr/share/texmf/fonts/type1/public/lm/lmri10.pfb
7f365ec95000-7f365ecb4000 r-xs 00000000 08:22 272543                     /usr/share/texmf/fonts/type1/public/lm/lmb10.pfb
7f365ecfd000-7f365ed05000 r-xs 00000000 08:22 272565                     /usr/share/texmf/fonts/type1/public/lm/lmmi6.pfb
7f365f055000-7f365f074000 r-xs 00000000 08:22 272553                     /usr/share/texmf/fonts/type1/public/lm/lmbx8.pfb
7f365f07b000-7f365f097000 r-xs 00000000 08:22 272573                     /usr/share/texmf/fonts/type1/public/lm/lmr12.pfb
7f365f238000-7f365f240000 r-xs 00000000 08:22 272546                     /usr/share/texmf/fonts/type1/public/lm/lmbsy5.pfb
7f365f2d8000-7f365f2df000 r-xp 00000000 08:22 1189392                    /usr/lib/jvm/java-6-sun-1.6.0.26/jre/lib/amd64/libnio.so
7f365f2df000-7f365f3de000 ---p 00007000 08:22 1189392                    /usr/lib/jvm/java-6-sun-1.6.0.26/jre/lib/amd64/libnio.so
7f365f3de000-7f365f3e0000 rwxp 00006000 08:22 1189392                    /usr/lib/jvm/java-6-sun-1.6.0.26/jre/lib/amd64/libnio.so
7f365f3e0000-7f365f7e0000 rwxp 00000000 00:00 0 
7f365f7e0000-7f365f7f3000 r-xp 00000000 08:22 1189407                    /usr/lib/jvm/java-6-sun-1.6.0.26/jre/lib/amd64/libnet.so
7f365f7f3000-7f365f8f4000 ---p 00013000 08:22 1189407                    /usr/lib/jvm/java-6-sun-1.6.0.26/jre/lib/amd64/libnet.so
7f365f8f4000-7f365f8f7000 rwxp 00014000 08:22 1189407                    /usr/lib/jvm/java-6-sun-1.6.0.26/jre/lib/amd64/libnet.so
7f365f8f7000-7f365f937000 rwxs cff3d000 00:05 8038                       /dev/nvidia1
7f365f937000-7f365fa37000 rwxs 161265000 00:05 8038                      /dev/nvidia1
7f365fa37000-7f365fa38000 rwxs b2c04000 00:05 8038                       /dev/nvidia1
7f365fa38000-7f365fb38000 rwxs 164d6e000 00:05 8038                      /dev/nvidia1
7f365fb38000-7f365fd48000 rwxp 00000000 00:00 0 
7f365fd48000-7f36605b8000 rwxs c0000000 00:05 8038                       /dev/nvidia1
7f36605b8000-7f36605ba000 r-xp 00000000 08:24 680267                     /home/bguaman/workspace/mt4j-desktop/libjogl_awt.so
7f36605ba000-7f36606b9000 ---p 00002000 08:24 680267                     /home/bguaman/workspace/mt4j-desktop/libjogl_awt.so
7f36606b9000-7f36606ba000 rwxp 00001000 08:24 680267                     /home/bguaman/workspace/mt4j-desktop/libjogl_awt.so
7f36606ba000-7f36606bb000 r-xp 00000000 08:22 1189436                    /usr/lib/jvm/java-6-sun-1.6.0.26/jre/lib/amd64/libjawt.so
7f36606bb000-7f36607ba000 ---p 00001000 08:22 1189436                    /usr/lib/jvm/java-6-sun-1.6.0.26/jre/lib/amd64/libjawt.so
7f36607ba000-7f36607bb000 rwxp 00000000 08:22 1189436                    /usr/lib/jvm/java-6-sun-1.6.0.26/jre/lib/amd64/libjawt.so
7f36607bb000-7f36607c0000 r-xp 00000000 08:22 1182806                    /usr/lib/x86_64-linux-gnu/libXxf86vm.so.1.0.0
7f36607c0000-7f36609bf000 ---p 00005000 08:22 1182806                    /usr/lib/x86_64-linux-gnu/libXxf86vm.so.1.0.0
7f36609bf000-7f36609c0000 r-xp 00004000 08:22 1182806                    /usr/lib/x86_64-linux-gnu/libXxf86vm.so.1.0.0
7f36609c0000-7f36609c1000 rwxp 00005000 08:22 1182806                    /usr/lib/x86_64-linux-gnu/libXxf86vm.so.1.0.0
7f36609c1000-7f3660ab0000 r-xp 00000000 08:24 680264                     /home/bguaman/workspace/mt4j-desktop/libjogl.so
7f3660ab0000-7f3660bb0000 ---p 000ef000 08:24 680264                     /home/bguaman/workspace/mt4j-desktop/libjogl.so
7f3660bb0000-7f3660bb1000 rwxp 000ef000 08:24 680264                     /home/bguaman/workspace/mt4j-desktop/libjogl.so
7f3660bb1000-7f3661fff000 r-xp 00000000 08:22 1184078                    /usr/lib/nvidia-current/libnvidia-glcore.so.270.41.06
7f3661fff000-7f36621ff000 ---p 0144e000 08:22 1184078                    /usr/lib/nvidia-current/libnvidia-glcore.so.270.41.06
7f36621ff000-7f36627e7000 rwxp 0144e000 08:22 1184078                    /usr/lib/nvidia-current/libnvidia-glcore.so.270.41.06
7f36627e7000-7f36627fe000 rwxp 00000000 00:00 0 
7f36627fe000-7f36627ff000 r-xp 00000000 08:22 1180743                    /usr/lib/nvidia-current/tls/libnvidia-tls.so.270.41.06
7f36627ff000-7f36629ff000 ---p 00001000 08:22 1180743                    /usr/lib/nvidia-current/tls/libnvidia-tls.so.270.41.06
7f36629ff000-7f3662a00000 rwxp 00001000 08:22 1180743                    /usr/lib/nvidia-current/tls/libnvidia-tls.so.270.41.06
7f3662a00000-7f3662abd000 r-xp 00000000 08:22 1183145                    /usr/lib/nvidia-current/libGL.so.270.41.06
7f3662abd000-7f3662cbd000 ---p 000bd000 08:22 1183145                    /usr/lib/nvidia-current/libGL.so.270.41.06
7f3662cbd000-7f3662cf6000 rwxp 000bd000 08:22 1183145                    /usr/lib/nvidia-current/libGL.so.270.41.06
7f3662cf6000-7f3662d0c000 rwxp 00000000 00:00 0 
7f3662d0c000-7f3662d0d000 r-xp 00000000 08:24 659506                     /home/bguaman/workspace/mt4j-desktop/libgluegen-rt.so
7f3662d0d000-7f3662e0c000 ---p 00001000 08:24 659506                     /home/bguaman/workspace/mt4j-desktop/libgluegen-rt.so
7f3662e0c000-7f3662e0d000 rwxp 00000000 08:24 659506                     /home/bguaman/workspace/mt4j-desktop/libgluegen-rt.so
7f3662e0d000-7f3662e10000 ---p 00000000 00:00 0 
7f3662e10000-7f3662f0e000 rwxp 00000000 00:00 0 
7f3662f0e000-7f3662f11000 ---p 00000000 00:00 0 
7f3662f11000-7f366300f000 rwxp 00000000 00:00 0 
7f366300f000-7f3663012000 ---p 00000000 00:00 0 
7f3663012000-7f3663110000 rwxp 00000000 00:00 0 
7f3663110000-7f3663113000 ---p 00000000 00:00 0 
7f3663113000-7f3663211000 rwxp 00000000 00:00 0 
7f3663211000-7f3663214000 ---p 00000000 00:00 0 
7f3663214000-7f3663312000 rwxp 00000000 00:00 0 
7f3663312000-7f3663317000 r-xp 00000000 08:22 1180715                    /usr/lib/x86_64-linux-gnu/libXfixes.so.3.1.0
7f3663317000-7f3663516000 ---p 00005000 08:22 1180715                    /usr/lib/x86_64-linux-gnu/libXfixes.so.3.1.0
7f3663516000-7f3663517000 r-xp 00004000 08:22 1180715                    /usr/lib/x86_64-linux-gnu/libXfixes.so.3.1.0
7f3663517000-7f3663518000 rwxp 00005000 08:22 1180715                    /usr/lib/x86_64-linux-gnu/libXfixes.so.3.1.0
7f3663518000-7f3663521000 r-xp 00000000 08:22 1180172                    /usr/lib/x86_64-linux-gnu/libXrender.so.1.3.0
7f3663521000-7f3663721000 ---p 00009000 08:22 1180172                    /usr/lib/x86_64-linux-gnu/libXrender.so.1.3.0
7f3663721000-7f3663722000 r-xp 00009000 08:22 1180172                    /usr/lib/x86_64-linux-gnu/libXrender.so.1.3.0
7f3663722000-7f3663723000 rwxp 0000a000 08:22 1180172                    /usr/lib/x86_64-linux-gnu/libXrender.so.1.3.0
7f3663723000-7f366372c000 r-xp 00000000 08:22 1188068                    /usr/lib/x86_64-linux-gnu/libXcursor.so.1.0.2
7f366372c000-7f366392b000 ---p 00009000 08:22 1188068                    /usr/lib/x86_64-linux-gnu/libXcursor.so.1.0.2
7f366392b000-7f366392c000 r-xp 00008000 08:22 1188068                    /usr/lib/x86_64-linux-gnu/libXcursor.so.1.0.2
7f366392c000-7f366392d000 rwxp 00009000 08:22 1188068                    /usr/lib/x86_64-linux-gnu/libXcursor.so.1.0.2
7f3663935000-7f3663939000 rwxs 163645000 00:05 8038                      /dev/nvidia1
7f3663939000-7f366393a000 rwxs cff7d000 00:05 8038                       /dev/nvidia1
7f366393a000-7f366393b000 rwxs 163644000 00:05 8038                      /dev/nvidia1
7f366393b000-7f366393c000 rwxs 163fe3000 00:05 8038                      /dev/nvidia1
7f366393c000-7f366393d000 rwxs 166ae5000 00:05 8038                      /dev/nvidia1
7f366393d000-7f3663958000 rwxs 13f8c0000 00:05 8038                      /dev/nvidia1
7f3663958000-7f366395b000 ---p 00000000 00:00 0 
7f366395b000-7f3663a59000 rwxp 00000000 00:00 0 
7f3663a59000-7f3663ad2000 r-xp 00000000 08:22 1189423                    /usr/lib/jvm/java-6-sun-1.6.0.26/jre/lib/amd64/libfontmanager.so
7f3663ad2000-7f3663bd1000 ---p 00079000 08:22 1189423                    /usr/lib/jvm/java-6-sun-1.6.0.26/jre/lib/amd64/libfontmanager.so
7f3663bd1000-7f3663be6000 rwxp 00078000 08:22 1189423                    /usr/lib/jvm/java-6-sun-1.6.0.26/jre/lib/amd64/libfontmanager.so
7f3663be6000-7f3663bf7000 rwxp 00000000 00:00 0 
7f3663bf7000-7f3663bfc000 r-xp 00000000 08:22 1187279                    /usr/lib/x86_64-linux-gnu/libXdmcp.so.6.0.0
7f3663bfc000-7f3663dfb000 ---p 00005000 08:22 1187279                    /usr/lib/x86_64-linux-gnu/libXdmcp.so.6.0.0
7f3663dfb000-7f3663dfc000 r-xp 00004000 08:22 1187279                    /usr/lib/x86_64-linux-gnu/libXdmcp.so.6.0.0
7f3663dfc000-7f3663dfd000 rwxp 00005000 08:22 1187279                    /usr/lib/x86_64-linux-gnu/libXdmcp.so.6.0.0
7f3663dfd000-7f3663dff000 r-xp 00000000 08:22 1187247                    /usr/lib/x86_64-linux-gnu/libXau.so.6.0.0
7f3663dff000-7f3663ffe000 ---p 00002000 08:22 1187247                    /usr/lib/x86_64-linux-gnu/libXau.so.6.0.0
7f3663ffe000-7f3663fff000 r-xp 00001000 08:22 1187247                    /usr/lib/x86_64-linux-gnu/libXau.so.6.0.0
7f3663fff000-7f3664000000 rwxp 00002000 08:22 1187247                    /usr/lib/x86_64-linux-gnu/libXau.so.6.0.0
7f3664000000-7f366540b000 rwxp 00000000 00:00 0 
7f366540b000-7f3668000000 ---p 00000000 00:00 0 
7f3668000000-7f3668001000 rwxs b2001000 00:05 8038                       /dev/nvidia1
7f3668001000-7f3668003000 r-xs 00005000 08:24 816243                     /home/bguaman/workspace/MT4jTUIO4jInputSources/tuio4jInput.jar
7f3668003000-7f3668005000 r-xs 0000b000 08:24 2107912                    /home/bguaman/workspace/mt4j-desktop/lib/tuio/tuio4j.jar
7f3668005000-7f3668011000 r-xs 0010f000 08:24 678557                     /home/bguaman/workspace/mt4j-desktop/lib/jogl/jogl.jar
7f3668011000-7f3668012000 r-xs 00005000 08:24 678552                     /home/bguaman/workspace/mt4j-desktop/lib/jogl/opengl.jar
7f3668012000-7f3668014000 r-xs 0005b000 08:24 678565                     /home/bguaman/workspace/mt4j-desktop/lib/core.jar
7f3668014000-7f3668016000 r-xs 0000a000 08:24 678566                     /home/bguaman/workspace/mt4j-desktop/lib/muito_blobtracking.jar
7f3668016000-7f3668018000 r-xs 00004000 08:24 678547                     /home/bguaman/workspace/mt4j-desktop/lib/jogl/gluegen-rt.jar
7f3668018000-7f366801d000 r-xs 00010000 08:24 1190174                    /home/bguaman/workspace/mt4j-core/lib/xml-apis-ext.jar
7f366801d000-7f366801e000 r-xs 00000000 08:22 2621607                    /var/cache/fontconfig/c05880de57d1f5e948fdfacc138775d9-le64.cache-3
7f366801e000-7f3668027000 r-xs 00000000 08:22 2621606                    /var/cache/fontconfig/945677eb7aeaf62f1d50efc3fb3ec7d8-le64.cache-3
7f3668027000-7f3668029000 r-xs 00000000 08:22 2621574                    /var/cache/fontconfig/99e8ed0e538f840c565b6ed5dad60d56-le64.cache-3
7f3668029000-7f366802c000 r-xs 00000000 08:22 2621604                    /var/cache/fontconfig/e383d7ea5fbe662a33d9b44caf393297-le64.cache-3
7f366802c000-7f366802e000 r-xs 00000000 08:22 2621603                    /var/cache/fontconfig/2cd17615ca594fa2959ae173292e504c-le64.cache-3
7f366802e000-7f366802f000 r-xs 00000000 08:22 2621601                    /var/cache/fontconfig/e7071f4a29fa870f4323321c154eba04-le64.cache-3
7f366802f000-7f3668032000 r-xs 00000000 08:22 2625717                    /var/cache/fontconfig/b5ea634b0fb353b8ea17632d1f9ef766-le64.cache-3
7f3668032000-7f3668036000 r-xs 00000000 08:22 2621600                    /var/cache/fontconfig/6eb3985aa4124903f6ff08ba781cd364-le64.cache-3
7f3668036000-7f366803c000 r-xs 00000000 08:22 2621596                    /var/cache/fontconfig/a755afe4a08bf5b97852ceb7400b47bc-le64.cache-3
7f366803c000-7f366806a000 r-xs 00000000 08:22 2621591                    /var/cache/fontconfig/365b55f210c0a22e9a19e35191240f32-le64.cache-3
7f366806a000-7f3668085000 r-xp 00000000 08:22 1187284                    /usr/lib/x86_64-linux-gnu/libxcb.so.1.1.0
7f3668085000-7f3668284000 ---p 0001b000 08:22 1187284                    /usr/lib/x86_64-linux-gnu/libxcb.so.1.1.0
7f3668284000-7f3668285000 r-xp 0001a000 08:22 1187284                    /usr/lib/x86_64-linux-gnu/libxcb.so.1.1.0
7f3668285000-7f3668286000 rwxp 0001b000 08:22 1187284                    /usr/lib/x86_64-linux-gnu/libxcb.so.1.1.0
7f3668286000-7f3668295000 r-xp 00000000 08:22 1188155                    /usr/lib/x86_64-linux-gnu/libXi.so.6.1.0
7f3668295000-7f3668494000 ---p 0000f000 08:22 1188155                    /usr/lib/x86_64-linux-gnu/libXi.so.6.1.0
7f3668494000-7f3668495000 r-xp 0000e000 08:22 1188155                    /usr/lib/x86_64-linux-gnu/libXi.so.6.1.0
7f3668495000-7f3668496000 rwxp 0000f000 08:22 1188155                    /usr/lib/x86_64-linux-gnu/libXi.so.6.1.0
7f3668496000-7f366849b000 r-xp 00000000 08:22 1182462                    /usr/lib/libXtst.so.6.1.0
7f366849b000-7f366869a000 ---p 00005000 08:22 1182462                    /usr/lib/libXtst.so.6.1.0
7f366869a000-7f366869b000 r-xp 00004000 08:22 1182462                    /usr/lib/libXtst.so.6.1.0
7f366869b000-7f366869c000 rwxp 00005000 08:22 1182462                    /usr/lib/libXtst.so.6.1.0
7f366869c000-7f36687d1000 r-xp 00000000 08:22 1188489                    /usr/lib/x86_64-linux-gnu/libX11.so.6.3.0
7f36687d1000-7f36689d1000 ---p 00135000 08:22 1188489                    /usr/lib/x86_64-linux-gnu/libX11.so.6.3.0
7f36689d1000-7f36689d2000 r-xp 00135000 08:22 1188489                    /usr/lib/x86_64-linux-gnu/libX11.so.6.3.0
7f36689d2000-7f36689d6000 rwxp 00136000 08:22 1188489                    /usr/lib/x86_64-linux-gnu/libX11.so.6.3.0
7f36689d6000-7f36689e7000 r-xp 00000000 08:22 1183304                    /usr/lib/x86_64-linux-gnu/libXext.so.6.4.0
7f36689e7000-7f3668be6000 ---p 00011000 08:22 1183304                    /usr/lib/x86_64-linux-gnu/libXext.so.6.4.0
7f3668be6000-7f3668be7000 r-xp 00010000 08:22 1183304                    /usr/lib/x86_64-linux-gnu/libXext.so.6.4.0
7f3668be7000-7f3668be8000 rwxp 00011000 08:22 1183304                    /usr/lib/x86_64-linux-gnu/libXext.so.6.4.0
7f3668be8000-7f3668be9000 r-xs 00000000 08:22 2621599                    /var/cache/fontconfig/4c73fe0c47614734b17d736dbde7580a-le64.cache-3
7f3668be9000-7f3668bea000 r-xs 00000000 08:22 2621598                    /var/cache/fontconfig/0d8c3b2ac0904cb8a57a757ad11a4a08-le64.cache-3
7f3668bea000-7f3668beb000 r-xs 00000000 08:22 2621597                    /var/cache/fontconfig/6a53c69dea097a2d716e069445527da8-le64.cache-3
7f3668beb000-7f3668bef000 r-xs 00000000 08:22 2626406                    /var/cache/fontconfig/6d41288fd70b0be22e8c3a91e032eec0-le64.cache-3
7f3668bef000-7f3668bff000 r-xs 00000000 08:22 2621593                    /var/cache/fontconfig/0f34bcd4b6ee430af32735b75db7f02b-le64.cache-3
7f3668bff000-7f3668c13000 r-xs 00000000 08:22 2621609                    /var/cache/fontconfig/865f88548240fee46819705c6468c165-le64.cache-3
7f3668c13000-7f3668c55000 r-xp 00000000 08:22 1189412                    /usr/lib/jvm/java-6-sun-1.6.0.26/jre/lib/amd64/xawt/libmawt.so
7f3668c55000-7f3668d54000 ---p 00042000 08:22 1189412                    /usr/lib/jvm/java-6-sun-1.6.0.26/jre/lib/amd64/xawt/libmawt.so
7f3668d54000-7f3668d60000 rwxp 00041000 08:22 1189412                    /usr/lib/jvm/java-6-sun-1.6.0.26/jre/lib/amd64/xawt/libmawt.so
7f3668d60000-7f3668d61000 rwxp 00000000 00:00 0 
7f3668d61000-7f3668df3000 r-xp 00000000 08:22 1189435                    /usr/lib/jvm/java-6-sun-1.6.0.26/jre/lib/amd64/libawt.so
7f3668df3000-7f3668ef2000 ---p 00092000 08:22 1189435                    /usr/lib/jvm/java-6-sun-1.6.0.26/jre/lib/amd64/libawt.so
7f3668ef2000-7f3668f0c000 rwxp 00091000 08:22 1189435                    /usr/lib/jvm/java-6-sun-1.6.0.26/jre/lib/amd64/libawt.so
7f3668f0c000-7f3668f30000 rwxp 00000000 00:00 0 
7f3668f30000-7f3668f51000 r-xs 00261000 08:24 1190172                    /home/bguaman/workspace/mt4j-core/lib/mt4j-core.jar
7f3668f51000-7f3668f59000 r-xs 00045000 08:24 1190178                    /home/bguaman/workspace/mt4j-core/lib/batik-css.jar
7f3668f59000-7f3668f5a000 r-xs 00006000 08:24 1190173                    /home/bguaman/workspace/mt4j-core/lib/ani.jar
7f3668f5a000-7f3668f5b000 r-xs 00002000 08:24 1722383                    /home/bguaman/workspace/mt4j-desktop/examples/advanced/water/lib/waterScene.jar
7f3668f5b000-7f3668f5f000 r-xs 00091000 08:24 534392                     /home/bguaman/workspace/mt4j-desktop/examples/advanced/physics/lib/jbox2d.jar
7f3668f5f000-7f3668f61000 r-xs 0000c000 08:24 680828                     /home/bguaman/workspace/mt4j-desktop/examples/advanced/modestMapsMT/lib/modestMaps.jar
7f3668f61000-7f3668f62000 r-xs 00001000 08:24 680669                     /home/bguaman/workspace/mt4j-desktop/examples/advanced/fluidSimulator/lib/MSAFluid.jar
7f3668f62000-7f3668f66000 r-xs 0005e000 08:24 680788                     /home/bguaman/workspace/mt4j-desktop/examples/advanced/flickrMT/lib/flickrj.jar
7f3668f66000-7f3668f68000 r-xs 0003c000 08:24 534101                     /home/bguaman/workspace/mt4j-desktop/extensions/lib/jbullet/vecmath.jar
7f3668f68000-7f3668f69000 r-xs 0000b000 08:24 534102                     /home/bguaman/workspace/mt4j-desktop/extensions/lib/jbullet/stack-alloc.jar
7f3668f69000-7f3668f72000 r-xs 0006c000 08:24 534103                     /home/bguaman/workspace/mt4j-desktop/extensions/lib/jbullet/jbullet.jar
7f3668f72000-7f3668f74000 r-xs 00008000 08:24 678443                     /home/bguaman/workspace/mt4j-desktop/lib/whirlylib/whirlycache-1.0.1.jar
7f3668f74000-7f3668f7c000 r-xs 0004f000 08:24 678446                     /home/bguaman/workspace/mt4j-desktop/lib/whirlylib/log4j-1.2.8.jar
7f3668f7c000-7f3668f84000 r-xs 00028000 08:24 678540                     /home/bguaman/workspace/mt4j-desktop/lib/batik/xml-apis.jar
7f3668f84000-7f3668f8f000 r-xs 000ad000 08:24 678533                     /home/bguaman/workspace/mt4j-desktop/lib/batik/pdf-transcoder.jar
7f3668f8f000-7f3668f97000 r-xs 00074000 08:24 678535                     /home/bguaman/workspace/mt4j-desktop/lib/batik/js.jar
7f3668f97000-7f3668f98000 r-xs 00007000 08:24 678522                     /home/bguaman/workspace/mt4j-desktop/lib/batik/batik-xml.jar
7f3668f98000-7f3668f9b000 r-xs 0001d000 08:24 678530                     /home/bguaman/workspace/mt4j-desktop/lib/batik/batik-util.jar
7f3668f9b000-7f3668f9d000 r-xs 0001c000 08:24 678524                     /home/bguaman/workspace/mt4j-desktop/lib/batik/batik-transcoder.jar
7f3668f9d000-7f3668fa2000 r-xs 00030000 08:24 678519                     /home/bguaman/workspace/mt4j-desktop/lib/batik/batik-svggen.jar
7f3668fa2000-7f3668faf000 r-xs 00087000 08:24 678529                     /home/bguaman/workspace/mt4j-desktop/lib/batik/batik-svg-dom.jar
7f3668faf000-7f3668fb2000 r-xs 0000d000 08:24 678525                     /home/bguaman/workspace/mt4j-desktop/lib/batik/batik-script.jar
7f3668fb2000-7f3668fb4000 r-xs 00010000 08:24 678520                     /home/bguaman/workspace/mt4j-desktop/lib/batik/batik-parser.jar
7f3668fb4000-7f3668fb8000 r-xs 00038000 08:24 678539                     /home/bguaman/workspace/mt4j-desktop/lib/batik/batik-gvt.jar
7f3668fb8000-7f3668fba000 r-xs 0000f000 08:24 678528                     /home/bguaman/workspace/mt4j-desktop/lib/batik/batik-extension.jar
7f3668fba000-7f3668fbb000 r-xs 00002000 08:24 678538                     /home/bguaman/workspace/mt4j-desktop/lib/batik/batik-ext.jar
7f3668fbb000-7f3668fbf000 r-xs 00027000 08:24 678513                     /home/bguaman/workspace/mt4j-desktop/lib/batik/batik-dom.jar
7f3668fbf000-7f3668fc9000 r-xs 00080000 08:24 678521                     /home/bguaman/workspace/mt4j-desktop/lib/batik/batik-bridge.jar
7f3668fc9000-7f3668fd0000 r-xs 0005c000 08:24 678542                     /home/bguaman/workspace/mt4j-desktop/lib/batik/batik-awt-util.jar
7f3668fd0000-7f3668fd3000 r-xs 00015000 08:24 678517                     /home/bguaman/workspace/mt4j-desktop/lib/batik/batik-anim.jar
7f3668fd3000-7f3668fd5000 r-xs 00006000 08:24 678564                     /home/bguaman/workspace/mt4j-desktop/lib/mri.jar
7f3668fd5000-7f3668fdb000 r-xs 00034000 08:24 678567                     /home/bguaman/workspace/mt4j-desktop/lib/junit-4.8.2.jar
7f3668fdb000-7f3668fdc000 r-xs 00002000 08:24 678562                     /home/bguaman/workspace/mt4j-desktop/lib/GlulogicMT.jar
7f3668fdc000-7f3668fdd000 ---p 00000000 00:00 0 
7f3668fdd000-7f36690dd000 rwxp 00000000 00:00 0 
7f36690dd000-7f36690e0000 ---p 00000000 00:00 0 
7f36690e0000-7f36691de000 rwxp 00000000 00:00 0 
7f36691de000-7f36691e1000 ---p 00000000 00:00 0 
7f36691e1000-7f36692df000 rwxp 00000000 00:00 0 
7f36692df000-7f36692e2000 ---p 00000000 00:00 0 
7f36692e2000-7f36693e0000 rwxp 00000000 00:00 0 
7f36693e0000-7f36693e3000 ---p 00000000 00:00 0 
7f36693e3000-7f36694e1000 rwxp 00000000 00:00 0 
7f36694e1000-7f3669786000 r-xp 00000000 08:22 1179791                    /usr/lib/locale/locale-archive
7f3669786000-7f3669789000 ---p 00000000 00:00 0 
7f3669789000-7f3669887000 rwxp 00000000 00:00 0 
7f3669887000-7f366988a000 ---p 00000000 00:00 0 
7f366988a000-7f3669988000 rwxp 00000000 00:00 0 
7f3669988000-7f3669989000 ---p 00000000 00:00 0 
7f3669989000-7f3669fc2000 rwxp 00000000 00:00 0 
7f3669fc2000-7f366a15a000 r-xs 03029000 08:22 1202981                    /usr/lib/jvm/java-6-sun-1.6.0.26/jre/lib/rt.jar
7f366a15a000-7f366a182000 rwxp 00000000 00:00 0 
7f366a182000-7f366a183000 ---p 00000000 00:00 0 
7f366a183000-7f366a283000 rwxp 00000000 00:00 0 
7f366a283000-7f366a284000 ---p 00000000 00:00 0 
7f366a284000-7f366a384000 rwxp 00000000 00:00 0 
7f366a384000-7f366a385000 ---p 00000000 00:00 0 
7f366a385000-7f366a485000 rwxp 00000000 00:00 0 
7f366a485000-7f366a486000 ---p 00000000 00:00 0 
7f366a486000-7f366a591000 rwxp 00000000 00:00 0 
7f366a591000-7f366a5af000 rwxp 00000000 00:00 0 
7f366a5af000-7f366a5c4000 rwxp 00000000 00:00 0 
7f366a5c4000-7f366a6fa000 rwxp 00000000 00:00 0 
7f366a6fa000-7f366a705000 rwxp 00000000 00:00 0 
7f366a705000-7f366a723000 rwxp 00000000 00:00 0 
7f366a723000-7f366a738000 rwxp 00000000 00:00 0 
7f366a738000-7f366a86d000 rwxp 00000000 00:00 0 
7f366a86d000-7f366a880000 rwxp 00000000 00:00 0 
7f366a880000-7f366a913000 rwxp 00000000 00:00 0 
7f366a913000-7f366ab84000 rwxp 00000000 00:00 0 
7f366ab84000-7f366d914000 rwxp 00000000 00:00 0 
7f366d914000-7f366d922000 r-xp 00000000 08:22 1189430                    /usr/lib/jvm/java-6-sun-1.6.0.26/jre/lib/amd64/libzip.so
7f366d922000-7f366da24000 ---p 0000e000 08:22 1189430                    /usr/lib/jvm/java-6-sun-1.6.0.26/jre/lib/amd64/libzip.so
7f366da24000-7f366da27000 rwxp 00010000 08:22 1189430                    /usr/lib/jvm/java-6-sun-1.6.0.26/jre/lib/amd64/libzip.so
7f366da27000-7f366da28000 rwxp 00000000 00:00 0 
7f366da28000-7f366da34000 r-xp 00000000 08:22 1837256                    /lib/x86_64-linux-gnu/libnss_files-2.13.so
7f366da34000-7f366dc33000 ---p 0000c000 08:22 1837256                    /lib/x86_64-linux-gnu/libnss_files-2.13.so
7f366dc33000-7f366dc34000 r-xp 0000b000 08:22 1837256                    /lib/x86_64-linux-gnu/libnss_files-2.13.so
7f366dc34000-7f366dc35000 rwxp 0000c000 08:22 1837256                    /lib/x86_64-linux-gnu/libnss_files-2.13.so
7f366dc35000-7f366dc40000 r-xp 00000000 08:22 1837260                    /lib/x86_64-linux-gnu/libnss_nis-2.13.so
7f366dc40000-7f366de3f000 ---p 0000b000 08:22 1837260                    /lib/x86_64-linux-gnu/libnss_nis-2.13.so
7f366de3f000-7f366de40000 r-xp 0000a000 08:22 1837260                    /lib/x86_64-linux-gnu/libnss_nis-2.13.so
7f366de40000-7f366de41000 rwxp 0000b000 08:22 1837260                    /lib/x86_64-linux-gnu/libnss_nis-2.13.so
7f366de41000-7f366de49000 r-xp 00000000 08:22 1837252                    /lib/x86_64-linux-gnu/libnss_compat-2.13.so
7f366de49000-7f366e048000 ---p 00008000 08:22 1837252                    /lib/x86_64-linux-gnu/libnss_compat-2.13.so
7f366e048000-7f366e049000 r-xp 00007000 08:22 1837252                    /lib/x86_64-linux-gnu/libnss_compat-2.13.so
7f366e049000-7f366e04a000 rwxp 00008000 08:22 1837252                    /lib/x86_64-linux-gnu/libnss_compat-2.13.so
7f366e04a000-7f366e061000 r-xp 00000000 08:22 1837250                    /lib/x86_64-linux-gnu/libnsl-2.13.so
7f366e061000-7f366e260000 ---p 00017000 08:22 1837250                    /lib/x86_64-linux-gnu/libnsl-2.13.so
7f366e260000-7f366e261000 r-xp 00016000 08:22 1837250                    /lib/x86_64-linux-gnu/libnsl-2.13.so
7f366e261000-7f366e262000 rwxp 00017000 08:22 1837250                    /lib/x86_64-linux-gnu/libnsl-2.13.so
7f366e262000-7f366e264000 rwxp 00000000 00:00 0 
7f366e264000-7f366e28d000 r-xp 00000000 08:22 1189429                    /usr/lib/jvm/java-6-sun-1.6.0.26/jre/lib/amd64/libjava.so
7f366e28d000-7f366e38c000 ---p 00029000 08:22 1189429                    /usr/lib/jvm/java-6-sun-1.6.0.26/jre/lib/amd64/libjava.so
7f366e38c000-7f366e393000 rwxp 00028000 08:22 1189429                    /usr/lib/jvm/java-6-sun-1.6.0.26/jre/lib/amd64/libjava.so
7f366e393000-7f366e3a0000 r-xp 00000000 08:22 1189406                    /usr/lib/jvm/java-6-sun-1.6.0.26/jre/lib/amd64/libverify.so
7f366e3a0000-7f366e49f000 ---p 0000d000 08:22 1189406                    /usr/lib/jvm/java-6-sun-1.6.0.26/jre/lib/amd64/libverify.so
7f366e49f000-7f366e4a2000 rwxp 0000c000 08:22 1189406                    /usr/lib/jvm/java-6-sun-1.6.0.26/jre/lib/amd64/libverify.so
7f366e4a2000-7f366e4a9000 r-xp 00000000 08:22 1837270                    /lib/x86_64-linux-gnu/librt-2.13.so
7f366e4a9000-7f366e6a8000 ---p 00007000 08:22 1837270                    /lib/x86_64-linux-gnu/librt-2.13.so
7f366e6a8000-7f366e6a9000 r-xp 00006000 08:22 1837270                    /lib/x86_64-linux-gnu/librt-2.13.so
7f366e6a9000-7f366e6aa000 rwxp 00007000 08:22 1837270                    /lib/x86_64-linux-gnu/librt-2.13.so
7f366e6aa000-7f366e6ad000 ---p 00000000 00:00 0 
7f366e6ad000-7f366e7ab000 rwxp 00000000 00:00 0 
7f366e7ab000-7f366e82f000 r-xp 00000000 08:22 1837246                    /lib/x86_64-linux-gnu/libm-2.13.so
7f366e82f000-7f366ea2e000 ---p 00084000 08:22 1837246                    /lib/x86_64-linux-gnu/libm-2.13.so
7f366ea2e000-7f366ea2f000 r-xp 00083000 08:22 1837246                    /lib/x86_64-linux-gnu/libm-2.13.so
7f366ea2f000-7f366ea30000 rwxp 00084000 08:22 1837246                    /lib/x86_64-linux-gnu/libm-2.13.so
7f366ea30000-7f366f34a000 r-xp 00000000 08:22 1189432                    /usr/lib/jvm/java-6-sun-1.6.0.26/jre/lib/amd64/server/libjvm.so
7f366f34a000-7f366f44c000 ---p 0091a000 08:22 1189432                    /usr/lib/jvm/java-6-sun-1.6.0.26/jre/lib/amd64/server/libjvm.so
7f366f44c000-7f366f601000 rwxp 0091c000 08:22 1189432                    /usr/lib/jvm/java-6-sun-1.6.0.26/jre/lib/amd64/server/libjvm.so
7f366f601000-7f366f63b000 rwxp 00000000 00:00 0 
7f366f63b000-7f366f7c5000 r-xp 00000000 08:22 1837230                    /lib/x86_64-linux-gnu/libc-2.13.so
7f366f7c5000-7f366f9c4000 ---p 0018a000 08:22 1837230                    /lib/x86_64-linux-gnu/libc-2.13.so
7f366f9c4000-7f366f9c8000 r-xp 00189000 08:22 1837230                    /lib/x86_64-linux-gnu/libc-2.13.so
7f366f9c8000-7f366f9c9000 rwxp 0018d000 08:22 1837230                    /lib/x86_64-linux-gnu/libc-2.13.so
7f366f9c9000-7f366f9cf000 rwxp 00000000 00:00 0 
7f366f9cf000-7f366f9d1000 r-xp 00000000 08:22 1837244                    /lib/x86_64-linux-gnu/libdl-2.13.so
7f366f9d1000-7f366fbd1000 ---p 00002000 08:22 1837244                    /lib/x86_64-linux-gnu/libdl-2.13.so
7f366fbd1000-7f366fbd2000 r-xp 00002000 08:22 1837244                    /lib/x86_64-linux-gnu/libdl-2.13.so
7f366fbd2000-7f366fbd3000 rwxp 00003000 08:22 1837244                    /lib/x86_64-linux-gnu/libdl-2.13.so
7f366fbd3000-7f366fbeb000 r-xp 00000000 08:22 1837266                    /lib/x86_64-linux-gnu/libpthread-2.13.so
7f366fbeb000-7f366fdeb000 ---p 00018000 08:22 1837266                    /lib/x86_64-linux-gnu/libpthread-2.13.so
7f366fdeb000-7f366fdec000 r-xp 00018000 08:22 1837266                    /lib/x86_64-linux-gnu/libpthread-2.13.so
7f366fdec000-7f366fded000 rwxp 00019000 08:22 1837266                    /lib/x86_64-linux-gnu/libpthread-2.13.so
7f366fded000-7f366fdf1000 rwxp 00000000 00:00 0 
7f366fdf1000-7f366fe12000 r-xp 00000000 08:22 1835033                    /lib/x86_64-linux-gnu/ld-2.13.so
7f366fe12000-7f366fe15000 r-xs 00000000 08:22 2621592                    /var/cache/fontconfig/d60319d88cac85ba9e1a07bd06cfbb8c-le64.cache-3
7f366fe15000-7f366fe16000 r-xs 00000000 08:22 2622676                    /var/cache/fontconfig/4794a0821666d79190d59a36cb4f44b5-le64.cache-3
7f366fe16000-7f366fe20000 rwxp 00000000 00:00 0 
7f366fe20000-7f366fed6000 rwxp 00000000 00:00 0 
7f366fed6000-7f366fed9000 rwxp 00000000 00:00 0 
7f366fed9000-7f366fee0000 r-xp 00000000 08:22 1189402                    /usr/lib/jvm/java-6-sun-1.6.0.26/jre/lib/amd64/jli/libjli.so
7f366fee0000-7f366ffe1000 ---p 00007000 08:22 1189402                    /usr/lib/jvm/java-6-sun-1.6.0.26/jre/lib/amd64/jli/libjli.so
7f366ffe1000-7f366ffe3000 rwxp 00008000 08:22 1189402                    /usr/lib/jvm/java-6-sun-1.6.0.26/jre/lib/amd64/jli/libjli.so
7f366ffe3000-7f366ffe4000 rwxp 00000000 00:00 0 
7f366ffe4000-7f366ffee000 r-xs 00000000 08:22 2621590                    /var/cache/fontconfig/d52a8644073d54c13679302ca1180695-le64.cache-3
7f366ffee000-7f3670001000 r-xs 00000000 08:22 2621573                    /var/cache/fontconfig/e13b20fdb08344e0e664864cc2ede53d-le64.cache-3
7f3670001000-7f3670005000 r-xs 00000000 08:22 2625713                    /var/cache/fontconfig/7ef2298fde41cc6eeb7af42e48b7d293-le64.cache-3
7f3670005000-7f367000d000 rwxs 00000000 08:22 2103830                    /tmp/hsperfdata_bguaman/7858
7f367000d000-7f367000e000 rwxp 00000000 00:00 0 
7f367000e000-7f367000f000 r-xp 00000000 00:00 0 
7f367000f000-7f3670011000 rwxp 00000000 00:00 0 
7f3670011000-7f3670012000 r-xp 00020000 08:22 1835033                    /lib/x86_64-linux-gnu/ld-2.13.so
7f3670012000-7f3670014000 rwxp 00021000 08:22 1835033                    /lib/x86_64-linux-gnu/ld-2.13.so
7fff2a940000-7fff2a962000 rwxp 00000000 00:00 0                          [stack]
7fff2a9ff000-7fff2aa00000 r-xp 00000000 00:00 0                          [vdso]
ffffffffff600000-ffffffffff601000 r-xp 00000000 00:00 0                  [vsyscall]

VM Arguments:
jvm_args: -Djava.library.path=/home/bguaman/workspace/mt4j-desktop -Dfile.encoding=UTF-8 
java_command: advanced.physics.StartGlobitos
Launcher Type: SUN_STANDARD

Environment Variables:
PATH=/usr/local/sbin:/usr/local/bin:/usr/sbin:/usr/bin:/sbin:/bin:/usr/games
USERNAME=bguaman
LD_LIBRARY_PATH=/usr/lib/jvm/java-6-sun-1.6.0.26/jre/lib/amd64/server:/usr/lib/jvm/java-6-sun-1.6.0.26/jre/lib/amd64:/usr/lib/jvm/java-6-sun-1.6.0.26/jre/../lib/amd64:/usr/lib/xulrunner-1.9.2.17
SHELL=/bin/bash
DISPLAY=:0.0

Signal Handlers:
SIGSEGV: [libjvm.so+0x85f800], sa_mask[0]=0x7ffbfeff, sa_flags=0x10000004
SIGBUS: [libjvm.so+0x85f800], sa_mask[0]=0x7ffbfeff, sa_flags=0x10000004
SIGFPE: [libjvm.so+0x70e300], sa_mask[0]=0x7ffbfeff, sa_flags=0x10000004
SIGPIPE: [libjvm.so+0x70e300], sa_mask[0]=0x7ffbfeff, sa_flags=0x10000004
SIGXFSZ: [libjvm.so+0x70e300], sa_mask[0]=0x7ffbfeff, sa_flags=0x10000004
SIGILL: [libjvm.so+0x70e300], sa_mask[0]=0x7ffbfeff, sa_flags=0x10000004
SIGUSR1: SIG_DFL, sa_mask[0]=0x00000000, sa_flags=0x00000000
SIGUSR2: [libjvm.so+0x711110], sa_mask[0]=0x00000004, sa_flags=0x10000004
SIGHUP: [libjvm.so+0x710d10], sa_mask[0]=0x7ffbfeff, sa_flags=0x10000004
SIGINT: [libjvm.so+0x710d10], sa_mask[0]=0x7ffbfeff, sa_flags=0x10000004
SIGTERM: [libjvm.so+0x710d10], sa_mask[0]=0x7ffbfeff, sa_flags=0x10000004
SIGQUIT: [libjvm.so+0x710d10], sa_mask[0]=0x7ffbfeff, sa_flags=0x10000004


---------------  S Y S T E M  ---------------

OS:squeeze/sid

uname:Linux 2.6.38-13-generic #54-Ubuntu SMP Tue Jan 3 13:38:12 UTC 2012 x86_64
libc:glibc 2.13 NPTL 2.13 
rlimit: STACK 8192k, CORE 0k, NPROC infinity, NOFILE 4096, AS infinity
load average:0.08 0.10 0.12

/proc/meminfo:
MemTotal:        4056284 kB
MemFree:           47620 kB
Buffers:          334304 kB
Cached:           443132 kB
SwapCached:          144 kB
Active:          2218488 kB
Inactive:         911984 kB
Active(anon):    1836376 kB
Inactive(anon):   527784 kB
Active(file):     382112 kB
Inactive(file):   384200 kB
Unevictable:           0 kB
Mlocked:               0 kB
SwapTotal:       7815616 kB
SwapFree:        7811456 kB
Dirty:              1040 kB
Writeback:             0 kB
AnonPages:       2353212 kB
Mapped:           180748 kB
Shmem:             11116 kB
Slab:             686452 kB
SReclaimable:     656744 kB
SUnreclaim:        29708 kB
KernelStack:        4056 kB
PageTables:        37420 kB
NFS_Unstable:          0 kB
Bounce:                0 kB
WritebackTmp:          0 kB
CommitLimit:     9843756 kB
Committed_AS:    4705488 kB
VmallocTotal:   34359738367 kB
VmallocUsed:      113604 kB
VmallocChunk:   34359609340 kB
HardwareCorrupted:     0 kB
HugePages_Total:       0
HugePages_Free:        0
HugePages_Rsvd:        0
HugePages_Surp:        0
Hugepagesize:       2048 kB
DirectMap4k:      422784 kB
DirectMap2M:     3770368 kB


CPU:total 4 (2 cores per cpu, 1 threads per core) family 15 model 65 stepping 3, cmov, cx8, fxsr, mmx, sse, sse2, sse3, mmxext, 3dnow, 3dnowext

/proc/cpuinfo:
processor	: 0
vendor_id	: AuthenticAMD
cpu family	: 15
model		: 65
model name	: Dual-Core AMD Opteron(tm) Processor 2218
stepping	: 3
cpu MHz		: 1000.000
cache size	: 1024 KB
physical id	: 0
siblings	: 2
core id		: 0
cpu cores	: 2
apicid		: 0
initial apicid	: 0
fpu		: yes
fpu_exception	: yes
cpuid level	: 1
wp		: yes
flags		: fpu vme de pse tsc msr pae mce cx8 apic sep mtrr pge mca cmov pat pse36 clflush mmx fxsr sse sse2 ht syscall nx mmxext fxsr_opt rdtscp lm 3dnowext 3dnow rep_good nopl extd_apicid pni cx16 lahf_lm cmp_legacy svm extapic cr8_legacy
bogomips	: 1999.99
TLB size	: 1024 4K pages
clflush size	: 64
cache_alignment	: 64
address sizes	: 40 bits physical, 48 bits virtual
power management: ts fid vid ttp tm stc

processor	: 1
vendor_id	: AuthenticAMD
cpu family	: 15
model		: 65
model name	: Dual-Core AMD Opteron(tm) Processor 2218
stepping	: 3
cpu MHz		: 1000.000
cache size	: 1024 KB
physical id	: 0
siblings	: 2
core id		: 1
cpu cores	: 2
apicid		: 1
initial apicid	: 1
fpu		: yes
fpu_exception	: yes
cpuid level	: 1
wp		: yes
flags		: fpu vme de pse tsc msr pae mce cx8 apic sep mtrr pge mca cmov pat pse36 clflush mmx fxsr sse sse2 ht syscall nx mmxext fxsr_opt rdtscp lm 3dnowext 3dnow rep_good nopl extd_apicid pni cx16 lahf_lm cmp_legacy svm extapic cr8_legacy
bogomips	: 1999.99
TLB size	: 1024 4K pages
clflush size	: 64
cache_alignment	: 64
address sizes	: 40 bits physical, 48 bits virtual
power management: ts fid vid ttp tm stc

processor	: 2
vendor_id	: AuthenticAMD
cpu family	: 15
model		: 65
model name	: Dual-Core AMD Opteron(tm) Processor 2218
stepping	: 3
cpu MHz		: 1000.000
cache size	: 1024 KB
physical id	: 1
siblings	: 2
core id		: 0
cpu cores	: 2
apicid		: 2
initial apicid	: 2
fpu		: yes
fpu_exception	: yes
cpuid level	: 1
wp		: yes
flags		: fpu vme de pse tsc msr pae mce cx8 apic sep mtrr pge mca cmov pat pse36 clflush mmx fxsr sse sse2 ht syscall nx mmxext fxsr_opt rdtscp lm 3dnowext 3dnow rep_good nopl extd_apicid pni cx16 lahf_lm cmp_legacy svm extapic cr8_legacy
bogomips	: 1999.99
TLB size	: 1024 4K pages
clflush size	: 64
cache_alignment	: 64
address sizes	: 40 bits physical, 48 bits virtual
power management: ts fid vid ttp tm stc

processor	: 3
vendor_id	: AuthenticAMD
cpu family	: 15
model		: 65
model name	: Dual-Core AMD Opteron(tm) Processor 2218
stepping	: 3
cpu MHz		: 1000.000
cache size	: 1024 KB
physical id	: 1
siblings	: 2
core id		: 1
cpu cores	: 2
apicid		: 3
initial apicid	: 3
fpu		: yes
fpu_exception	: yes
cpuid level	: 1
wp		: yes
flags		: fpu vme de pse tsc msr pae mce cx8 apic sep mtrr pge mca cmov pat pse36 clflush mmx fxsr sse sse2 ht syscall nx mmxext fxsr_opt rdtscp lm 3dnowext 3dnow rep_good nopl extd_apicid pni cx16 lahf_lm cmp_legacy svm extapic cr8_legacy
bogomips	: 1999.99
TLB size	: 1024 4K pages
clflush size	: 64
cache_alignment	: 64
address sizes	: 40 bits physical, 48 bits virtual
power management: ts fid vid ttp tm stc



Memory: 4k page, physical 4056284k(47620k free), swap 7815616k(7811456k free)

vm_info: Java HotSpot(TM) 64-Bit Server VM (20.1-b02) for linux-amd64 JRE (1.6.0_26-b03), built on May  4 2011 01:13:47 by "java_re" with gcc 3.2.2 (SuSE Linux)

time: Tue Jun  5 16:27:39 2012
elapsed time: 8 seconds

