#
# A fatal error has been detected by the Java Runtime Environment:
#
#  SIGSEGV (0xb) at pc=0x00007f16737cdb69, pid=5443, tid=139734346114816
#
# JRE version: 6.0_26-b03
# Java VM: Java HotSpot(TM) 64-Bit Server VM (20.1-b02 mixed mode linux-amd64 compressed oops)
# Problematic frame:
# C  [libGL.so.1+0x2e8b69]  __float128+0x9
#
# If you would like to submit a bug report, please visit:
#   http://java.sun.com/webapps/bugreport/crash.jsp
# The crash happened outside the Java Virtual Machine in native code.
# See problematic frame for where to report the bug.
#

---------------  T H R E A D  ---------------

Current thread (0x0000000040dba800):  JavaThread "Thread-2" [_thread_in_native, id=5471, stack(0x00007f1670002000,0x00007f1670103000)]

siginfo:si_signo=SIGSEGV: si_errno=0, si_code=1 (SEGV_MAPERR), si_addr=0x0000000000000688

Registers:
RAX=0x0000000000000000, RBX=0x00000000bdc38b08, RCX=0x0000000000000438, RDX=0x0000000000000780
RSP=0x00007f1670101358, RBP=0x00007f16701013a0, RSI=0x0000000000000000, RDI=0x0000000000000000
R8 =0x0000000000001908, R9 =0x0000000000001401, R10=0x00007f16701010d0, R11=0x00007f16737cdb60
R12=0x0000000000000000, R13=0x00000000bdc38b08, R14=0x00007f1670101498, R15=0x0000000040dba800
RIP=0x00007f16737cdb69, EFLAGS=0x0000000000010202, CSGSFS=0x0000000000000033, ERR=0x0000000000000004
  TRAPNO=0x000000000000000e

Top of Stack: (sp=0x00007f1670101358)
0x00007f1670101358:   00007f1671523ae0 00007f166a842000
0x00007f1670101368:   00007f16000000b7 0000078000000438
0x00007f1670101378:   0000000000000000 00007f1670101498
0x00007f1670101388:   0000000040dba9d0 00007f1670101438
0x00007f1670101398:   00007f166a842000 00007f1670101438
0x00007f16701013a8:   00007f167b715d6e 00007f1600001908
0x00007f16701013b8:   00007f1600001401 00007f1670101460
0x00007f16701013c8:   00007f1600000000 00007f16701014e0
0x00007f16701013d8:   00007f1670101458 00000000bce86ae0
0x00007f16701013e8:   00007f1670101428 0000000040dba800
0x00007f16701013f8:   00007f16701013f8 00000000bdc38b08
0x00007f1670101408:   00007f1670101498 00000000bdcb4620
0x00007f1670101418:   0000000000000000 00000000bdc38b08
0x00007f1670101428:   0000000000000000 00007f1670101458
0x00007f1670101438:   00007f16701014e0 00007f167b70aa82
0x00007f1670101448:   0000000000000000 00007f167b712f58
0x00007f1670101458:   0000000000000000 00000000ebba8690
0x00007f1670101468:   0000000000001401 0000000000001908
0x00007f1670101478:   0000000000000438 0000000000000780
0x00007f1670101488:   0000000000000000 0000000000000000
0x00007f1670101498:   00000000ec565960 00007f16701014a0
0x00007f16701014a8:   00000000bdc38a0a 00007f1670101530
0x00007f16701014b8:   00000000bdcb4620 0000000000000000
0x00007f16701014c8:   00000000bdc38a38 00007f1670101458
0x00007f16701014d8:   00007f16701014f8 00007f1670101578
0x00007f16701014e8:   00007f167b70af5c 0000000000000001
0x00007f16701014f8:   00000000ebba8690 0000000000001401
0x00007f1670101508:   0000000000001908 0000000000000438
0x00007f1670101518:   0000000000000780 0000000000000000
0x00007f1670101528:   0000000000000000 00000000ec565960
0x00007f1670101538:   00007f1670101538 00000000bd92f7cb
0x00007f1670101548:   00007f16701015b0 00000000bd97fbc0 

Instructions: (pc=0x00007f16737cdb69)
0x00007f16737cdb49:   ff a0 80 06 00 00 cc cc cc cc cc cc cc cc cc cc
0x00007f16737cdb59:   cc cc cc cc cc cc cc 64 48 8b 04 25 60 ff ff ff
0x00007f16737cdb69:   ff a0 88 06 00 00 cc cc cc cc cc cc cc cc cc cc
0x00007f16737cdb79:   cc cc cc cc cc cc cc 64 48 8b 04 25 60 ff ff ff 

Register to memory mapping:

RAX=0x0000000000000000 is an unknown value
RBX=0x00000000bdc38b08 is an oop
{method} 
 - klass: {other class}
RCX=0x0000000000000438 is an unknown value
RDX=0x0000000000000780 is an unknown value
RSP=0x00007f1670101358 is pointing into the stack for thread: 0x0000000040dba800
RBP=0x00007f16701013a0 is pointing into the stack for thread: 0x0000000040dba800
RSI=0x0000000000000000 is an unknown value
RDI=0x0000000000000000 is an unknown value
R8 =0x0000000000001908 is an unknown value
R9 =0x0000000000001401 is an unknown value
R10=0x00007f16701010d0 is pointing into the stack for thread: 0x0000000040dba800
R11=0x00007f16737cdb60: glReadPixels+0 in /usr/lib/nvidia-current/libGL.so.1 at 0x00007f16734e5000
R12=0x0000000000000000 is an unknown value
R13=0x00000000bdc38b08 is an oop
{method} 
 - klass: {other class}
R14=0x00007f1670101498 is pointing into the stack for thread: 0x0000000040dba800
R15=0x0000000040dba800 is a thread


Stack: [0x00007f1670002000,0x00007f1670103000],  sp=0x00007f1670101358,  free space=1020k
Native frames: (J=compiled Java code, j=interpreted, Vv=VM code, C=native code)
C  [libGL.so.1+0x2e8b69]  __float128+0x9
j  com.sun.opengl.impl.GLImpl.glReadPixels0(IIIIIILjava/lang/Object;I)V+0
j  com.sun.opengl.impl.GLImpl.glReadPixels(IIIIIILjava/nio/Buffer;)V+50
j  processing.opengl.PGraphicsOpenGL.loadPixels()V+75
j  processing.core.PImage.save(Ljava/lang/String;)V+30
j  processing.core.PApplet.saveFrame()V+38
j  advanced.drawing.MainDrawingScene.run()V+12
j  java.lang.Thread.run()V+11
v  ~StubRoutines::call_stub
V  [libjvm.so+0x4df5c0]  JavaCalls::call_helper(JavaValue*, methodHandle*, JavaCallArguments*, Thread*)+0x1e0
V  [libjvm.so+0x70f629]  os::os_exception_wrapper(void (*)(JavaValue*, methodHandle*, JavaCallArguments*, Thread*), JavaValue*, methodHandle*, JavaCallArguments*, Thread*)+0x19
V  [libjvm.so+0x4def06]  JavaCalls::call_virtual(JavaValue*, KlassHandle, symbolHandle, symbolHandle, JavaCallArguments*, Thread*)+0x126
V  [libjvm.so+0x4defb7]  JavaCalls::call_virtual(JavaValue*, Handle, KlassHandle, symbolHandle, symbolHandle, Thread*)+0x47
V  [libjvm.so+0x572ce0]  thread_entry(JavaThread*, Thread*)+0xa0
V  [libjvm.so+0x8190f1]  JavaThread::run()+0x121
V  [libjvm.so+0x710adf]  java_start(Thread*)+0x13f

Java frames: (J=compiled Java code, j=interpreted, Vv=VM code)
j  com.sun.opengl.impl.GLImpl.glReadPixels0(IIIIIILjava/lang/Object;I)V+0
j  com.sun.opengl.impl.GLImpl.glReadPixels(IIIIIILjava/nio/Buffer;)V+50
j  processing.opengl.PGraphicsOpenGL.loadPixels()V+75
j  processing.core.PImage.save(Ljava/lang/String;)V+30
j  processing.core.PApplet.saveFrame()V+38
j  advanced.drawing.MainDrawingScene.run()V+12
j  java.lang.Thread.run()V+11
v  ~StubRoutines::call_stub

---------------  P R O C E S S  ---------------

Java Threads: ( => current thread )
=>0x0000000040dba800 JavaThread "Thread-2" [_thread_in_native, id=5471, stack(0x00007f1670002000,0x00007f1670103000)]
  0x0000000040acb000 JavaThread "Thread-1" [_thread_in_native, id=5469, stack(0x00007f1670204000,0x00007f1670305000)]
  0x000000004075f000 JavaThread "DestroyJavaVM" [_thread_blocked, id=5448, stack(0x00007f167f49b000,0x00007f167f59c000)]
  0x0000000040ad7000 JavaThread "Animation Thread" [_thread_blocked, id=5468, stack(0x00007f16738f2000,0x00007f16739f3000)]
  0x00007f1674361800 JavaThread "AWT-EventQueue-0" [_thread_blocked, id=5465, stack(0x00007f16739f3000,0x00007f1673af4000)]
  0x00007f167435c800 JavaThread "AWT-Shutdown" [_thread_blocked, id=5464, stack(0x00007f1673af4000,0x00007f1673bf5000)]
  0x0000000040b60800 JavaThread "AWT-XAWT" daemon [_thread_in_native, id=5462, stack(0x00007f1673eff000,0x00007f1674000000)]
  0x00007f1674252000 JavaThread "Java2D Disposer" daemon [_thread_blocked, id=5461, stack(0x00007f16787b3000,0x00007f16788b4000)]
  0x00007f1674022800 JavaThread "Low Memory Detector" daemon [_thread_blocked, id=5459, stack(0x00007f1679ece000,0x00007f1679fcf000)]
  0x00007f1674020000 JavaThread "C2 CompilerThread1" daemon [_thread_blocked, id=5458, stack(0x00007f1679fcf000,0x00007f167a0d0000)]
  0x00007f167401d000 JavaThread "C2 CompilerThread0" daemon [_thread_blocked, id=5457, stack(0x00007f167a0d0000,0x00007f167a1d1000)]
  0x00007f167401b000 JavaThread "Signal Dispatcher" daemon [_thread_blocked, id=5456, stack(0x00007f167a1d1000,0x00007f167a2d2000)]
  0x00000000407c5800 JavaThread "Finalizer" daemon [_thread_blocked, id=5455, stack(0x00007f167a577000,0x00007f167a678000)]
  0x00000000407c3800 JavaThread "Reference Handler" daemon [_thread_blocked, id=5454, stack(0x00007f167a678000,0x00007f167a779000)]

Other Threads:
  0x00000000407bd000 VMThread [stack: 0x00007f167a779000,0x00007f167a87a000] [id=5453]
  0x00007f1674025800 WatcherThread [stack: 0x00007f1679dcd000,0x00007f1679ece000] [id=5460]

VM state:not at safepoint (normal execution)

VM Mutex/Monitor currently owned by a thread: None

Heap
 PSYoungGen      total 18496K, used 16763K [0x00000000eb560000, 0x00000000eca00000, 0x0000000100000000)
  eden space 15872K, 92% used [0x00000000eb560000,0x00000000ec3a42f8,0x00000000ec4e0000)
  from space 2624K, 82% used [0x00000000ec4e0000,0x00000000ec6faa00,0x00000000ec770000)
  to   space 2624K, 0% used [0x00000000ec770000,0x00000000ec770000,0x00000000eca00000)
 PSOldGen        total 42304K, used 0K [0x00000000c2000000, 0x00000000c4950000, 0x00000000eb560000)
  object space 42304K, 0% used [0x00000000c2000000,0x00000000c2000000,0x00000000c4950000)
 PSPermGen       total 21248K, used 18225K [0x00000000bce00000, 0x00000000be2c0000, 0x00000000c2000000)
  object space 21248K, 85% used [0x00000000bce00000,0x00000000bdfcc5e8,0x00000000be2c0000)

Code Cache  [0x00007f167b705000, 0x00007f167b975000, 0x00007f167e705000)
 total_blobs=873 nmethods=79 adapters=748 free_code_cache=49381504 largest_free_block=20672

Dynamic libraries:
40000000-40009000 r-xp 00000000 08:22 1185676                            /usr/lib/jvm/java-6-sun-1.6.0.26/jre/bin/java
40108000-4010a000 rwxp 00008000 08:22 1185676                            /usr/lib/jvm/java-6-sun-1.6.0.26/jre/bin/java
405b9000-40630000 rwxp 00000000 00:00 0 
40754000-40e8b000 rwxp 00000000 00:00 0                                  [heap]
4131c000-4131e000 r-xs 00000000 08:22 1993131                            /tmp/glw3GSkX (deleted)
bce00000-be2c0000 rwxp 00000000 00:00 0 
be2c0000-c2000000 rwxp 00000000 00:00 0 
c2000000-c4950000 rwxp 00000000 00:00 0 
c4950000-eb560000 rwxp 00000000 00:00 0 
eb560000-eca00000 rwxp 00000000 00:00 0 
eca00000-100000000 rwxp 00000000 00:00 0 
7f166a841000-7f166c000000 rwxp 00000000 00:00 0 
7f166c000000-7f166c5ec000 rwxp 00000000 00:00 0 
7f166c5ec000-7f1670000000 ---p 00000000 00:00 0 
7f1670002000-7f1670005000 ---p 00000000 00:00 0 
7f1670005000-7f1670103000 rwxp 00000000 00:00 0 
7f1670103000-7f1670106000 ---p 00000000 00:00 0 
7f1670106000-7f1670204000 rwxp 00000000 00:00 0 
7f1670204000-7f1670207000 ---p 00000000 00:00 0 
7f1670207000-7f1670305000 rwxp 00000000 00:00 0 
7f1670305000-7f1670318000 r-xp 00000000 08:22 1189407                    /usr/lib/jvm/java-6-sun-1.6.0.26/jre/lib/amd64/libnet.so
7f1670318000-7f1670419000 ---p 00013000 08:22 1189407                    /usr/lib/jvm/java-6-sun-1.6.0.26/jre/lib/amd64/libnet.so
7f1670419000-7f167041c000 rwxp 00014000 08:22 1189407                    /usr/lib/jvm/java-6-sun-1.6.0.26/jre/lib/amd64/libnet.so
7f167041c000-7f167051c000 rwxs 65683000 00:05 6100                       /dev/nvidia1
7f167051c000-7f167051d000 rwxs b2c03000 00:05 6100                       /dev/nvidia1
7f167051d000-7f167061d000 rwxs 65603000 00:05 6100                       /dev/nvidia1
7f167061d000-7f167082d000 rwxp 00000000 00:00 0 
7f167082d000-7f167109d000 rwxs c0000000 00:05 6100                       /dev/nvidia1
7f167109d000-7f167109f000 r-xp 00000000 08:24 696261                     /home/bguaman/workspace/PLAYmt4j/MT4JClient/mt4j-desktop/libjogl_awt.so
7f167109f000-7f167119e000 ---p 00002000 08:24 696261                     /home/bguaman/workspace/PLAYmt4j/MT4JClient/mt4j-desktop/libjogl_awt.so
7f167119e000-7f167119f000 rwxp 00001000 08:24 696261                     /home/bguaman/workspace/PLAYmt4j/MT4JClient/mt4j-desktop/libjogl_awt.so
7f167119f000-7f16711a0000 r-xp 00000000 08:22 1189436                    /usr/lib/jvm/java-6-sun-1.6.0.26/jre/lib/amd64/libjawt.so
7f16711a0000-7f167129f000 ---p 00001000 08:22 1189436                    /usr/lib/jvm/java-6-sun-1.6.0.26/jre/lib/amd64/libjawt.so
7f167129f000-7f16712a0000 rwxp 00000000 08:22 1189436                    /usr/lib/jvm/java-6-sun-1.6.0.26/jre/lib/amd64/libjawt.so
7f16712a0000-7f16712a5000 r-xp 00000000 08:22 1182806                    /usr/lib/x86_64-linux-gnu/libXxf86vm.so.1.0.0
7f16712a5000-7f16714a4000 ---p 00005000 08:22 1182806                    /usr/lib/x86_64-linux-gnu/libXxf86vm.so.1.0.0
7f16714a4000-7f16714a5000 r-xp 00004000 08:22 1182806                    /usr/lib/x86_64-linux-gnu/libXxf86vm.so.1.0.0
7f16714a5000-7f16714a6000 rwxp 00005000 08:22 1182806                    /usr/lib/x86_64-linux-gnu/libXxf86vm.so.1.0.0
7f16714a6000-7f1671595000 r-xp 00000000 08:24 696252                     /home/bguaman/workspace/PLAYmt4j/MT4JClient/mt4j-desktop/libjogl.so
7f1671595000-7f1671695000 ---p 000ef000 08:24 696252                     /home/bguaman/workspace/PLAYmt4j/MT4JClient/mt4j-desktop/libjogl.so
7f1671695000-7f1671696000 rwxp 000ef000 08:24 696252                     /home/bguaman/workspace/PLAYmt4j/MT4JClient/mt4j-desktop/libjogl.so
7f1671696000-7f1672ae4000 r-xp 00000000 08:22 1184078                    /usr/lib/nvidia-current/libnvidia-glcore.so.270.41.06
7f1672ae4000-7f1672ce4000 ---p 0144e000 08:22 1184078                    /usr/lib/nvidia-current/libnvidia-glcore.so.270.41.06
7f1672ce4000-7f16732cc000 rwxp 0144e000 08:22 1184078                    /usr/lib/nvidia-current/libnvidia-glcore.so.270.41.06
7f16732cc000-7f16732e3000 rwxp 00000000 00:00 0 
7f16732e3000-7f16732e4000 r-xp 00000000 08:22 1180743                    /usr/lib/nvidia-current/tls/libnvidia-tls.so.270.41.06
7f16732e4000-7f16734e4000 ---p 00001000 08:22 1180743                    /usr/lib/nvidia-current/tls/libnvidia-tls.so.270.41.06
7f16734e4000-7f16734e5000 rwxp 00001000 08:22 1180743                    /usr/lib/nvidia-current/tls/libnvidia-tls.so.270.41.06
7f16734e5000-7f16735a2000 r-xp 00000000 08:22 1183145                    /usr/lib/nvidia-current/libGL.so.270.41.06
7f16735a2000-7f16737a2000 ---p 000bd000 08:22 1183145                    /usr/lib/nvidia-current/libGL.so.270.41.06
7f16737a2000-7f16737db000 rwxp 000bd000 08:22 1183145                    /usr/lib/nvidia-current/libGL.so.270.41.06
7f16737db000-7f16737f1000 rwxp 00000000 00:00 0 
7f16737f1000-7f16737f2000 r-xp 00000000 08:24 696219                     /home/bguaman/workspace/PLAYmt4j/MT4JClient/mt4j-desktop/libgluegen-rt.so
7f16737f2000-7f16738f1000 ---p 00001000 08:24 696219                     /home/bguaman/workspace/PLAYmt4j/MT4JClient/mt4j-desktop/libgluegen-rt.so
7f16738f1000-7f16738f2000 rwxp 00000000 08:24 696219                     /home/bguaman/workspace/PLAYmt4j/MT4JClient/mt4j-desktop/libgluegen-rt.so
7f16738f2000-7f16738f5000 ---p 00000000 00:00 0 
7f16738f5000-7f16739f3000 rwxp 00000000 00:00 0 
7f16739f3000-7f16739f6000 ---p 00000000 00:00 0 
7f16739f6000-7f1673af4000 rwxp 00000000 00:00 0 
7f1673af4000-7f1673af7000 ---p 00000000 00:00 0 
7f1673af7000-7f1673bf5000 rwxp 00000000 00:00 0 
7f1673bf5000-7f1673bf8000 ---p 00000000 00:00 0 
7f1673bf8000-7f1673cf6000 rwxp 00000000 00:00 0 
7f1673cf6000-7f1673cfe000 r-xp 00000000 08:22 1187959                    /usr/lib/x86_64-linux-gnu/libXrandr.so.2.2.0
7f1673cfe000-7f1673efd000 ---p 00008000 08:22 1187959                    /usr/lib/x86_64-linux-gnu/libXrandr.so.2.2.0
7f1673efd000-7f1673efe000 r-xp 00007000 08:22 1187959                    /usr/lib/x86_64-linux-gnu/libXrandr.so.2.2.0
7f1673efe000-7f1673eff000 rwxp 00008000 08:22 1187959                    /usr/lib/x86_64-linux-gnu/libXrandr.so.2.2.0
7f1673eff000-7f1673f02000 ---p 00000000 00:00 0 
7f1673f02000-7f1674000000 rwxp 00000000 00:00 0 
7f1674000000-7f1674f14000 rwxp 00000000 00:00 0 
7f1674f14000-7f1678000000 ---p 00000000 00:00 0 
7f1678068000-7f1678069000 r-xs 00000000 08:22 2621607                    /var/cache/fontconfig/c05880de57d1f5e948fdfacc138775d9-le64.cache-3
7f1678069000-7f1678072000 r-xs 00000000 08:22 2621606                    /var/cache/fontconfig/945677eb7aeaf62f1d50efc3fb3ec7d8-le64.cache-3
7f1678072000-7f1678074000 r-xs 00000000 08:22 2621574                    /var/cache/fontconfig/99e8ed0e538f840c565b6ed5dad60d56-le64.cache-3
7f1678074000-7f1678077000 r-xs 00000000 08:22 2621604                    /var/cache/fontconfig/e383d7ea5fbe662a33d9b44caf393297-le64.cache-3
7f1678077000-7f1678079000 r-xs 00000000 08:22 2621603                    /var/cache/fontconfig/2cd17615ca594fa2959ae173292e504c-le64.cache-3
7f1678079000-7f167807a000 r-xs 00000000 08:22 2621601                    /var/cache/fontconfig/e7071f4a29fa870f4323321c154eba04-le64.cache-3
7f167807a000-7f167807d000 r-xs 00000000 08:22 2625717                    /var/cache/fontconfig/b5ea634b0fb353b8ea17632d1f9ef766-le64.cache-3
7f167807d000-7f1678081000 r-xs 00000000 08:22 2621600                    /var/cache/fontconfig/6eb3985aa4124903f6ff08ba781cd364-le64.cache-3
7f1678081000-7f1678082000 r-xs 00000000 08:22 2621599                    /var/cache/fontconfig/4c73fe0c47614734b17d736dbde7580a-le64.cache-3
7f1678082000-7f1678083000 r-xs 00000000 08:22 2621598                    /var/cache/fontconfig/0d8c3b2ac0904cb8a57a757ad11a4a08-le64.cache-3
7f1678083000-7f1678084000 r-xs 00000000 08:22 2621597                    /var/cache/fontconfig/6a53c69dea097a2d716e069445527da8-le64.cache-3
7f1678084000-7f167808a000 r-xs 00000000 08:22 2621596                    /var/cache/fontconfig/a755afe4a08bf5b97852ceb7400b47bc-le64.cache-3
7f167808a000-7f167808e000 r-xs 00000000 08:22 2626406                    /var/cache/fontconfig/6d41288fd70b0be22e8c3a91e032eec0-le64.cache-3
7f167808e000-7f167809e000 r-xs 00000000 08:22 2621593                    /var/cache/fontconfig/0f34bcd4b6ee430af32735b75db7f02b-le64.cache-3
7f167809e000-7f16780cc000 r-xs 00000000 08:22 2621591                    /var/cache/fontconfig/365b55f210c0a22e9a19e35191240f32-le64.cache-3
7f1678127000-7f1678129000 rwxs 00000000 08:22 1993131                    /tmp/glw3GSkX (deleted)
7f1678129000-7f1678169000 rwxs cff7e000 00:05 6100                       /dev/nvidia1
7f1678169000-7f167816d000 rwxs 62267000 00:05 6100                       /dev/nvidia1
7f167816d000-7f1678172000 r-xp 00000000 08:22 1180715                    /usr/lib/x86_64-linux-gnu/libXfixes.so.3.1.0
7f1678172000-7f1678371000 ---p 00005000 08:22 1180715                    /usr/lib/x86_64-linux-gnu/libXfixes.so.3.1.0
7f1678371000-7f1678372000 r-xp 00004000 08:22 1180715                    /usr/lib/x86_64-linux-gnu/libXfixes.so.3.1.0
7f1678372000-7f1678373000 rwxp 00005000 08:22 1180715                    /usr/lib/x86_64-linux-gnu/libXfixes.so.3.1.0
7f1678373000-7f167837c000 r-xp 00000000 08:22 1180172                    /usr/lib/x86_64-linux-gnu/libXrender.so.1.3.0
7f167837c000-7f167857c000 ---p 00009000 08:22 1180172                    /usr/lib/x86_64-linux-gnu/libXrender.so.1.3.0
7f167857c000-7f167857d000 r-xp 00009000 08:22 1180172                    /usr/lib/x86_64-linux-gnu/libXrender.so.1.3.0
7f167857d000-7f167857e000 rwxp 0000a000 08:22 1180172                    /usr/lib/x86_64-linux-gnu/libXrender.so.1.3.0
7f167857e000-7f1678587000 r-xp 00000000 08:22 1188068                    /usr/lib/x86_64-linux-gnu/libXcursor.so.1.0.2
7f1678587000-7f1678786000 ---p 00009000 08:22 1188068                    /usr/lib/x86_64-linux-gnu/libXcursor.so.1.0.2
7f1678786000-7f1678787000 r-xp 00008000 08:22 1188068                    /usr/lib/x86_64-linux-gnu/libXcursor.so.1.0.2
7f1678787000-7f1678788000 rwxp 00009000 08:22 1188068                    /usr/lib/x86_64-linux-gnu/libXcursor.so.1.0.2
7f1678788000-7f1678789000 rwxs cffbe000 00:05 6100                       /dev/nvidia1
7f1678789000-7f167878a000 rwxs 62266000 00:05 6100                       /dev/nvidia1
7f167878a000-7f167878b000 rwxs 62271000 00:05 6100                       /dev/nvidia1
7f167878b000-7f167878c000 rwxs 73e87000 00:05 6100                       /dev/nvidia1
7f167878c000-7f16787a7000 rwxs 140e00000 00:05 6100                      /dev/nvidia1
7f16787a7000-7f16787b3000 r-xs 0010f000 08:24 692263                     /home/bguaman/workspace/PLAYmt4j/MT4JClient/mt4j-desktop/lib/jogl/jogl.jar
7f16787b3000-7f16787b6000 ---p 00000000 00:00 0 
7f16787b6000-7f16788b4000 rwxp 00000000 00:00 0 
7f16788b4000-7f167892d000 r-xp 00000000 08:22 1189423                    /usr/lib/jvm/java-6-sun-1.6.0.26/jre/lib/amd64/libfontmanager.so
7f167892d000-7f1678a2c000 ---p 00079000 08:22 1189423                    /usr/lib/jvm/java-6-sun-1.6.0.26/jre/lib/amd64/libfontmanager.so
7f1678a2c000-7f1678a41000 rwxp 00078000 08:22 1189423                    /usr/lib/jvm/java-6-sun-1.6.0.26/jre/lib/amd64/libfontmanager.so
7f1678a41000-7f1678a52000 rwxp 00000000 00:00 0 
7f1678a52000-7f1678a57000 r-xp 00000000 08:22 1187279                    /usr/lib/x86_64-linux-gnu/libXdmcp.so.6.0.0
7f1678a57000-7f1678c56000 ---p 00005000 08:22 1187279                    /usr/lib/x86_64-linux-gnu/libXdmcp.so.6.0.0
7f1678c56000-7f1678c57000 r-xp 00004000 08:22 1187279                    /usr/lib/x86_64-linux-gnu/libXdmcp.so.6.0.0
7f1678c57000-7f1678c58000 rwxp 00005000 08:22 1187279                    /usr/lib/x86_64-linux-gnu/libXdmcp.so.6.0.0
7f1678c58000-7f1678c5a000 r-xp 00000000 08:22 1187247                    /usr/lib/x86_64-linux-gnu/libXau.so.6.0.0
7f1678c5a000-7f1678e59000 ---p 00002000 08:22 1187247                    /usr/lib/x86_64-linux-gnu/libXau.so.6.0.0
7f1678e59000-7f1678e5a000 r-xp 00001000 08:22 1187247                    /usr/lib/x86_64-linux-gnu/libXau.so.6.0.0
7f1678e5a000-7f1678e5b000 rwxp 00002000 08:22 1187247                    /usr/lib/x86_64-linux-gnu/libXau.so.6.0.0
7f1678e5b000-7f1678e76000 r-xp 00000000 08:22 1187284                    /usr/lib/x86_64-linux-gnu/libxcb.so.1.1.0
7f1678e76000-7f1679075000 ---p 0001b000 08:22 1187284                    /usr/lib/x86_64-linux-gnu/libxcb.so.1.1.0
7f1679075000-7f1679076000 r-xp 0001a000 08:22 1187284                    /usr/lib/x86_64-linux-gnu/libxcb.so.1.1.0
7f1679076000-7f1679077000 rwxp 0001b000 08:22 1187284                    /usr/lib/x86_64-linux-gnu/libxcb.so.1.1.0
7f1679077000-7f1679086000 r-xp 00000000 08:22 1188155                    /usr/lib/x86_64-linux-gnu/libXi.so.6.1.0
7f1679086000-7f1679285000 ---p 0000f000 08:22 1188155                    /usr/lib/x86_64-linux-gnu/libXi.so.6.1.0
7f1679285000-7f1679286000 r-xp 0000e000 08:22 1188155                    /usr/lib/x86_64-linux-gnu/libXi.so.6.1.0
7f1679286000-7f1679287000 rwxp 0000f000 08:22 1188155                    /usr/lib/x86_64-linux-gnu/libXi.so.6.1.0
7f1679287000-7f167928c000 r-xp 00000000 08:22 1182462                    /usr/lib/libXtst.so.6.1.0
7f167928c000-7f167948b000 ---p 00005000 08:22 1182462                    /usr/lib/libXtst.so.6.1.0
7f167948b000-7f167948c000 r-xp 00004000 08:22 1182462                    /usr/lib/libXtst.so.6.1.0
7f167948c000-7f167948d000 rwxp 00005000 08:22 1182462                    /usr/lib/libXtst.so.6.1.0
7f167948d000-7f16795c2000 r-xp 00000000 08:22 1188489                    /usr/lib/x86_64-linux-gnu/libX11.so.6.3.0
7f16795c2000-7f16797c2000 ---p 00135000 08:22 1188489                    /usr/lib/x86_64-linux-gnu/libX11.so.6.3.0
7f16797c2000-7f16797c3000 r-xp 00135000 08:22 1188489                    /usr/lib/x86_64-linux-gnu/libX11.so.6.3.0
7f16797c3000-7f16797c7000 rwxp 00136000 08:22 1188489                    /usr/lib/x86_64-linux-gnu/libX11.so.6.3.0
7f16797c7000-7f16797d8000 r-xp 00000000 08:22 1183304                    /usr/lib/x86_64-linux-gnu/libXext.so.6.4.0
7f16797d8000-7f16799d7000 ---p 00011000 08:22 1183304                    /usr/lib/x86_64-linux-gnu/libXext.so.6.4.0
7f16799d7000-7f16799d8000 r-xp 00010000 08:22 1183304                    /usr/lib/x86_64-linux-gnu/libXext.so.6.4.0
7f16799d8000-7f16799d9000 rwxp 00011000 08:22 1183304                    /usr/lib/x86_64-linux-gnu/libXext.so.6.4.0
7f16799d9000-7f16799da000 rwxs b2001000 00:05 6100                       /dev/nvidia1
7f16799da000-7f16799dc000 r-xs 00005000 08:24 816243                     /home/bguaman/workspace/MT4jTUIO4jInputSources/tuio4jInput.jar
7f16799dc000-7f16799de000 r-xs 0000b000 08:24 692063                     /home/bguaman/workspace/PLAYmt4j/MT4JClient/mt4j-desktop/lib/tuio/tuio4j.jar
7f16799de000-7f16799df000 r-xs 00005000 08:24 692258                     /home/bguaman/workspace/PLAYmt4j/MT4JClient/mt4j-desktop/lib/jogl/opengl.jar
7f16799df000-7f16799e1000 r-xs 0005b000 08:24 692276                     /home/bguaman/workspace/PLAYmt4j/MT4JClient/mt4j-desktop/lib/core.jar
7f16799e1000-7f16799eb000 r-xs 00000000 08:22 2621590                    /var/cache/fontconfig/d52a8644073d54c13679302ca1180695-le64.cache-3
7f16799eb000-7f16799f1000 r-xs 00000000 08:22 2626487                    /var/cache/fontconfig/105b9c7e6f0a4f82d8c9b6e39c52c6f9-le64.cache-3
7f16799f1000-7f1679a04000 r-xs 00000000 08:22 2621573                    /var/cache/fontconfig/e13b20fdb08344e0e664864cc2ede53d-le64.cache-3
7f1679a04000-7f1679a46000 r-xp 00000000 08:22 1189412                    /usr/lib/jvm/java-6-sun-1.6.0.26/jre/lib/amd64/xawt/libmawt.so
7f1679a46000-7f1679b45000 ---p 00042000 08:22 1189412                    /usr/lib/jvm/java-6-sun-1.6.0.26/jre/lib/amd64/xawt/libmawt.so
7f1679b45000-7f1679b51000 rwxp 00041000 08:22 1189412                    /usr/lib/jvm/java-6-sun-1.6.0.26/jre/lib/amd64/xawt/libmawt.so
7f1679b51000-7f1679b52000 rwxp 00000000 00:00 0 
7f1679b52000-7f1679be4000 r-xp 00000000 08:22 1189435                    /usr/lib/jvm/java-6-sun-1.6.0.26/jre/lib/amd64/libawt.so
7f1679be4000-7f1679ce3000 ---p 00092000 08:22 1189435                    /usr/lib/jvm/java-6-sun-1.6.0.26/jre/lib/amd64/libawt.so
7f1679ce3000-7f1679cfd000 rwxp 00091000 08:22 1189435                    /usr/lib/jvm/java-6-sun-1.6.0.26/jre/lib/amd64/libawt.so
7f1679cfd000-7f1679d21000 rwxp 00000000 00:00 0 
7f1679d21000-7f1679d42000 r-xs 00261000 08:24 684919                     /home/bguaman/workspace/PLAYmt4j/MT4JClient/mt4j-core/lib/mt4j-core.jar
7f1679d42000-7f1679d4a000 r-xs 00045000 08:24 684925                     /home/bguaman/workspace/PLAYmt4j/MT4JClient/mt4j-core/lib/batik-css.jar
7f1679d4a000-7f1679d4b000 r-xs 00006000 08:24 684920                     /home/bguaman/workspace/PLAYmt4j/MT4JClient/mt4j-core/lib/ani.jar
7f1679d4b000-7f1679d4c000 r-xs 00002000 08:24 695877                     /home/bguaman/workspace/PLAYmt4j/MT4JClient/mt4j-desktop/examples/advanced/water/lib/waterScene.jar
7f1679d4c000-7f1679d50000 r-xs 00091000 08:24 694960                     /home/bguaman/workspace/PLAYmt4j/MT4JClient/mt4j-desktop/examples/advanced/physics/lib/jbox2d.jar
7f1679d50000-7f1679d52000 r-xs 0000c000 08:24 696150                     /home/bguaman/workspace/PLAYmt4j/MT4JClient/mt4j-desktop/examples/advanced/modestMapsMT/lib/modestMaps.jar
7f1679d52000-7f1679d53000 r-xs 00001000 08:24 695903                     /home/bguaman/workspace/PLAYmt4j/MT4JClient/mt4j-desktop/examples/advanced/fluidSimulator/lib/MSAFluid.jar
7f1679d53000-7f1679d57000 r-xs 0005e000 08:24 696093                     /home/bguaman/workspace/PLAYmt4j/MT4JClient/mt4j-desktop/examples/advanced/flickrMT/lib/flickrj.jar
7f1679d57000-7f1679d59000 r-xs 0003c000 08:24 688488                     /home/bguaman/workspace/PLAYmt4j/MT4JClient/mt4j-desktop/extensions/lib/jbullet/vecmath.jar
7f1679d59000-7f1679d5a000 r-xs 0000b000 08:24 688489                     /home/bguaman/workspace/PLAYmt4j/MT4JClient/mt4j-desktop/extensions/lib/jbullet/stack-alloc.jar
7f1679d5a000-7f1679d63000 r-xs 0006c000 08:24 688490                     /home/bguaman/workspace/PLAYmt4j/MT4JClient/mt4j-desktop/extensions/lib/jbullet/jbullet.jar
7f1679d63000-7f1679d65000 r-xs 00008000 08:24 692099                     /home/bguaman/workspace/PLAYmt4j/MT4JClient/mt4j-desktop/lib/whirlylib/whirlycache-1.0.1.jar
7f1679d65000-7f1679d6d000 r-xs 0004f000 08:24 692104                     /home/bguaman/workspace/PLAYmt4j/MT4JClient/mt4j-desktop/lib/whirlylib/log4j-1.2.8.jar
7f1679d6d000-7f1679d75000 r-xs 00028000 08:24 692211                     /home/bguaman/workspace/PLAYmt4j/MT4JClient/mt4j-desktop/lib/batik/xml-apis.jar
7f1679d75000-7f1679d80000 r-xs 000ad000 08:24 692204                     /home/bguaman/workspace/PLAYmt4j/MT4JClient/mt4j-desktop/lib/batik/pdf-transcoder.jar
7f1679d80000-7f1679d88000 r-xs 00074000 08:24 692206                     /home/bguaman/workspace/PLAYmt4j/MT4JClient/mt4j-desktop/lib/batik/js.jar
7f1679d88000-7f1679d89000 r-xs 00007000 08:24 692193                     /home/bguaman/workspace/PLAYmt4j/MT4JClient/mt4j-desktop/lib/batik/batik-xml.jar
7f1679d89000-7f1679d8c000 r-xs 0001d000 08:24 692201                     /home/bguaman/workspace/PLAYmt4j/MT4JClient/mt4j-desktop/lib/batik/batik-util.jar
7f1679d8c000-7f1679d8e000 r-xs 0001c000 08:24 692195                     /home/bguaman/workspace/PLAYmt4j/MT4JClient/mt4j-desktop/lib/batik/batik-transcoder.jar
7f1679d8e000-7f1679d93000 r-xs 00030000 08:24 692190                     /home/bguaman/workspace/PLAYmt4j/MT4JClient/mt4j-desktop/lib/batik/batik-svggen.jar
7f1679d93000-7f1679da0000 r-xs 00087000 08:24 692200                     /home/bguaman/workspace/PLAYmt4j/MT4JClient/mt4j-desktop/lib/batik/batik-svg-dom.jar
7f1679da0000-7f1679da3000 r-xs 0000d000 08:24 692196                     /home/bguaman/workspace/PLAYmt4j/MT4JClient/mt4j-desktop/lib/batik/batik-script.jar
7f1679da3000-7f1679da5000 r-xs 00010000 08:24 692191                     /home/bguaman/workspace/PLAYmt4j/MT4JClient/mt4j-desktop/lib/batik/batik-parser.jar
7f1679da5000-7f1679da9000 r-xs 00038000 08:24 692210                     /home/bguaman/workspace/PLAYmt4j/MT4JClient/mt4j-desktop/lib/batik/batik-gvt.jar
7f1679da9000-7f1679dab000 r-xs 0000f000 08:24 692199                     /home/bguaman/workspace/PLAYmt4j/MT4JClient/mt4j-desktop/lib/batik/batik-extension.jar
7f1679dab000-7f1679dac000 r-xs 00002000 08:24 692209                     /home/bguaman/workspace/PLAYmt4j/MT4JClient/mt4j-desktop/lib/batik/batik-ext.jar
7f1679dac000-7f1679db0000 r-xs 00027000 08:24 692184                     /home/bguaman/workspace/PLAYmt4j/MT4JClient/mt4j-desktop/lib/batik/batik-dom.jar
7f1679db0000-7f1679dba000 r-xs 00080000 08:24 692192                     /home/bguaman/workspace/PLAYmt4j/MT4JClient/mt4j-desktop/lib/batik/batik-bridge.jar
7f1679dba000-7f1679dc1000 r-xs 0005c000 08:24 692213                     /home/bguaman/workspace/PLAYmt4j/MT4JClient/mt4j-desktop/lib/batik/batik-awt-util.jar
7f1679dc1000-7f1679dc4000 r-xs 00015000 08:24 692188                     /home/bguaman/workspace/PLAYmt4j/MT4JClient/mt4j-desktop/lib/batik/batik-anim.jar
7f1679dc4000-7f1679dc6000 r-xs 00006000 08:24 692275                     /home/bguaman/workspace/PLAYmt4j/MT4JClient/mt4j-desktop/lib/mri.jar
7f1679dc6000-7f1679dcc000 r-xs 00034000 08:24 692278                     /home/bguaman/workspace/PLAYmt4j/MT4JClient/mt4j-desktop/lib/junit-4.8.2.jar
7f1679dcc000-7f1679dcd000 r-xs 00002000 08:24 692273                     /home/bguaman/workspace/PLAYmt4j/MT4JClient/mt4j-desktop/lib/GlulogicMT.jar
7f1679dcd000-7f1679dce000 ---p 00000000 00:00 0 
7f1679dce000-7f1679ece000 rwxp 00000000 00:00 0 
7f1679ece000-7f1679ed1000 ---p 00000000 00:00 0 
7f1679ed1000-7f1679fcf000 rwxp 00000000 00:00 0 
7f1679fcf000-7f1679fd2000 ---p 00000000 00:00 0 
7f1679fd2000-7f167a0d0000 rwxp 00000000 00:00 0 
7f167a0d0000-7f167a0d3000 ---p 00000000 00:00 0 
7f167a0d3000-7f167a1d1000 rwxp 00000000 00:00 0 
7f167a1d1000-7f167a1d4000 ---p 00000000 00:00 0 
7f167a1d4000-7f167a2d2000 rwxp 00000000 00:00 0 
7f167a2d2000-7f167a577000 r-xp 00000000 08:22 1179791                    /usr/lib/locale/locale-archive
7f167a577000-7f167a57a000 ---p 00000000 00:00 0 
7f167a57a000-7f167a678000 rwxp 00000000 00:00 0 
7f167a678000-7f167a67b000 ---p 00000000 00:00 0 
7f167a67b000-7f167a779000 rwxp 00000000 00:00 0 
7f167a779000-7f167a77a000 ---p 00000000 00:00 0 
7f167a77a000-7f167adb3000 rwxp 00000000 00:00 0 
7f167adb3000-7f167af4b000 r-xs 03029000 08:22 1202981                    /usr/lib/jvm/java-6-sun-1.6.0.26/jre/lib/rt.jar
7f167af4b000-7f167af73000 rwxp 00000000 00:00 0 
7f167af73000-7f167af74000 ---p 00000000 00:00 0 
7f167af74000-7f167b074000 rwxp 00000000 00:00 0 
7f167b074000-7f167b075000 ---p 00000000 00:00 0 
7f167b075000-7f167b175000 rwxp 00000000 00:00 0 
7f167b175000-7f167b176000 ---p 00000000 00:00 0 
7f167b176000-7f167b276000 rwxp 00000000 00:00 0 
7f167b276000-7f167b277000 ---p 00000000 00:00 0 
7f167b277000-7f167b382000 rwxp 00000000 00:00 0 
7f167b382000-7f167b3a0000 rwxp 00000000 00:00 0 
7f167b3a0000-7f167b3b5000 rwxp 00000000 00:00 0 
7f167b3b5000-7f167b4eb000 rwxp 00000000 00:00 0 
7f167b4eb000-7f167b4f6000 rwxp 00000000 00:00 0 
7f167b4f6000-7f167b514000 rwxp 00000000 00:00 0 
7f167b514000-7f167b529000 rwxp 00000000 00:00 0 
7f167b529000-7f167b65e000 rwxp 00000000 00:00 0 
7f167b65e000-7f167b669000 rwxp 00000000 00:00 0 
7f167b669000-7f167b704000 rwxp 00000000 00:00 0 
7f167b704000-7f167b975000 rwxp 00000000 00:00 0 
7f167b975000-7f167e705000 rwxp 00000000 00:00 0 
7f167e705000-7f167e713000 r-xp 00000000 08:22 1189430                    /usr/lib/jvm/java-6-sun-1.6.0.26/jre/lib/amd64/libzip.so
7f167e713000-7f167e815000 ---p 0000e000 08:22 1189430                    /usr/lib/jvm/java-6-sun-1.6.0.26/jre/lib/amd64/libzip.so
7f167e815000-7f167e818000 rwxp 00010000 08:22 1189430                    /usr/lib/jvm/java-6-sun-1.6.0.26/jre/lib/amd64/libzip.so
7f167e818000-7f167e819000 rwxp 00000000 00:00 0 
7f167e819000-7f167e825000 r-xp 00000000 08:22 1837256                    /lib/x86_64-linux-gnu/libnss_files-2.13.so
7f167e825000-7f167ea24000 ---p 0000c000 08:22 1837256                    /lib/x86_64-linux-gnu/libnss_files-2.13.so
7f167ea24000-7f167ea25000 r-xp 0000b000 08:22 1837256                    /lib/x86_64-linux-gnu/libnss_files-2.13.so
7f167ea25000-7f167ea26000 rwxp 0000c000 08:22 1837256                    /lib/x86_64-linux-gnu/libnss_files-2.13.so
7f167ea26000-7f167ea31000 r-xp 00000000 08:22 1837260                    /lib/x86_64-linux-gnu/libnss_nis-2.13.so
7f167ea31000-7f167ec30000 ---p 0000b000 08:22 1837260                    /lib/x86_64-linux-gnu/libnss_nis-2.13.so
7f167ec30000-7f167ec31000 r-xp 0000a000 08:22 1837260                    /lib/x86_64-linux-gnu/libnss_nis-2.13.so
7f167ec31000-7f167ec32000 rwxp 0000b000 08:22 1837260                    /lib/x86_64-linux-gnu/libnss_nis-2.13.so
7f167ec32000-7f167ec3a000 r-xp 00000000 08:22 1837252                    /lib/x86_64-linux-gnu/libnss_compat-2.13.so
7f167ec3a000-7f167ee39000 ---p 00008000 08:22 1837252                    /lib/x86_64-linux-gnu/libnss_compat-2.13.so
7f167ee39000-7f167ee3a000 r-xp 00007000 08:22 1837252                    /lib/x86_64-linux-gnu/libnss_compat-2.13.so
7f167ee3a000-7f167ee3b000 rwxp 00008000 08:22 1837252                    /lib/x86_64-linux-gnu/libnss_compat-2.13.so
7f167ee3b000-7f167ee52000 r-xp 00000000 08:22 1837250                    /lib/x86_64-linux-gnu/libnsl-2.13.so
7f167ee52000-7f167f051000 ---p 00017000 08:22 1837250                    /lib/x86_64-linux-gnu/libnsl-2.13.so
7f167f051000-7f167f052000 r-xp 00016000 08:22 1837250                    /lib/x86_64-linux-gnu/libnsl-2.13.so
7f167f052000-7f167f053000 rwxp 00017000 08:22 1837250                    /lib/x86_64-linux-gnu/libnsl-2.13.so
7f167f053000-7f167f055000 rwxp 00000000 00:00 0 
7f167f055000-7f167f07e000 r-xp 00000000 08:22 1189429                    /usr/lib/jvm/java-6-sun-1.6.0.26/jre/lib/amd64/libjava.so
7f167f07e000-7f167f17d000 ---p 00029000 08:22 1189429                    /usr/lib/jvm/java-6-sun-1.6.0.26/jre/lib/amd64/libjava.so
7f167f17d000-7f167f184000 rwxp 00028000 08:22 1189429                    /usr/lib/jvm/java-6-sun-1.6.0.26/jre/lib/amd64/libjava.so
7f167f184000-7f167f191000 r-xp 00000000 08:22 1189406                    /usr/lib/jvm/java-6-sun-1.6.0.26/jre/lib/amd64/libverify.so
7f167f191000-7f167f290000 ---p 0000d000 08:22 1189406                    /usr/lib/jvm/java-6-sun-1.6.0.26/jre/lib/amd64/libverify.so
7f167f290000-7f167f293000 rwxp 0000c000 08:22 1189406                    /usr/lib/jvm/java-6-sun-1.6.0.26/jre/lib/amd64/libverify.so
7f167f293000-7f167f29a000 r-xp 00000000 08:22 1837270                    /lib/x86_64-linux-gnu/librt-2.13.so
7f167f29a000-7f167f499000 ---p 00007000 08:22 1837270                    /lib/x86_64-linux-gnu/librt-2.13.so
7f167f499000-7f167f49a000 r-xp 00006000 08:22 1837270                    /lib/x86_64-linux-gnu/librt-2.13.so
7f167f49a000-7f167f49b000 rwxp 00007000 08:22 1837270                    /lib/x86_64-linux-gnu/librt-2.13.so
7f167f49b000-7f167f49e000 ---p 00000000 00:00 0 
7f167f49e000-7f167f59c000 rwxp 00000000 00:00 0 
7f167f59c000-7f167f620000 r-xp 00000000 08:22 1837246                    /lib/x86_64-linux-gnu/libm-2.13.so
7f167f620000-7f167f81f000 ---p 00084000 08:22 1837246                    /lib/x86_64-linux-gnu/libm-2.13.so
7f167f81f000-7f167f820000 r-xp 00083000 08:22 1837246                    /lib/x86_64-linux-gnu/libm-2.13.so
7f167f820000-7f167f821000 rwxp 00084000 08:22 1837246                    /lib/x86_64-linux-gnu/libm-2.13.so
7f167f821000-7f168013b000 r-xp 00000000 08:22 1189432                    /usr/lib/jvm/java-6-sun-1.6.0.26/jre/lib/amd64/server/libjvm.so
7f168013b000-7f168023d000 ---p 0091a000 08:22 1189432                    /usr/lib/jvm/java-6-sun-1.6.0.26/jre/lib/amd64/server/libjvm.so
7f168023d000-7f16803f2000 rwxp 0091c000 08:22 1189432                    /usr/lib/jvm/java-6-sun-1.6.0.26/jre/lib/amd64/server/libjvm.so
7f16803f2000-7f168042c000 rwxp 00000000 00:00 0 
7f168042c000-7f16805b6000 r-xp 00000000 08:22 1837230                    /lib/x86_64-linux-gnu/libc-2.13.so
7f16805b6000-7f16807b5000 ---p 0018a000 08:22 1837230                    /lib/x86_64-linux-gnu/libc-2.13.so
7f16807b5000-7f16807b9000 r-xp 00189000 08:22 1837230                    /lib/x86_64-linux-gnu/libc-2.13.so
7f16807b9000-7f16807ba000 rwxp 0018d000 08:22 1837230                    /lib/x86_64-linux-gnu/libc-2.13.so
7f16807ba000-7f16807c0000 rwxp 00000000 00:00 0 
7f16807c0000-7f16807c2000 r-xp 00000000 08:22 1837244                    /lib/x86_64-linux-gnu/libdl-2.13.so
7f16807c2000-7f16809c2000 ---p 00002000 08:22 1837244                    /lib/x86_64-linux-gnu/libdl-2.13.so
7f16809c2000-7f16809c3000 r-xp 00002000 08:22 1837244                    /lib/x86_64-linux-gnu/libdl-2.13.so
7f16809c3000-7f16809c4000 rwxp 00003000 08:22 1837244                    /lib/x86_64-linux-gnu/libdl-2.13.so
7f16809c4000-7f16809dc000 r-xp 00000000 08:22 1837266                    /lib/x86_64-linux-gnu/libpthread-2.13.so
7f16809dc000-7f1680bdc000 ---p 00018000 08:22 1837266                    /lib/x86_64-linux-gnu/libpthread-2.13.so
7f1680bdc000-7f1680bdd000 r-xp 00018000 08:22 1837266                    /lib/x86_64-linux-gnu/libpthread-2.13.so
7f1680bdd000-7f1680bde000 rwxp 00019000 08:22 1837266                    /lib/x86_64-linux-gnu/libpthread-2.13.so
7f1680bde000-7f1680be2000 rwxp 00000000 00:00 0 
7f1680be2000-7f1680c03000 r-xp 00000000 08:22 1835033                    /lib/x86_64-linux-gnu/ld-2.13.so
7f1680c03000-7f1680c05000 r-xs 0000a000 08:24 692277                     /home/bguaman/workspace/PLAYmt4j/MT4JClient/mt4j-desktop/lib/muito_blobtracking.jar
7f1680c05000-7f1680c07000 r-xs 00004000 08:24 692253                     /home/bguaman/workspace/PLAYmt4j/MT4JClient/mt4j-desktop/lib/jogl/gluegen-rt.jar
7f1680c07000-7f1680c11000 rwxp 00000000 00:00 0 
7f1680c11000-7f1680cc7000 rwxp 00000000 00:00 0 
7f1680cc7000-7f1680cca000 rwxp 00000000 00:00 0 
7f1680cca000-7f1680cd1000 r-xp 00000000 08:22 1189402                    /usr/lib/jvm/java-6-sun-1.6.0.26/jre/lib/amd64/jli/libjli.so
7f1680cd1000-7f1680dd2000 ---p 00007000 08:22 1189402                    /usr/lib/jvm/java-6-sun-1.6.0.26/jre/lib/amd64/jli/libjli.so
7f1680dd2000-7f1680dd4000 rwxp 00008000 08:22 1189402                    /usr/lib/jvm/java-6-sun-1.6.0.26/jre/lib/amd64/jli/libjli.so
7f1680dd4000-7f1680dd5000 rwxp 00000000 00:00 0 
7f1680dd5000-7f1680dda000 r-xs 00010000 08:24 684921                     /home/bguaman/workspace/PLAYmt4j/MT4JClient/mt4j-core/lib/xml-apis-ext.jar
7f1680dda000-7f1680ddd000 r-xs 00000000 08:22 2621592                    /var/cache/fontconfig/d60319d88cac85ba9e1a07bd06cfbb8c-le64.cache-3
7f1680ddd000-7f1680dde000 r-xs 00000000 08:22 2622676                    /var/cache/fontconfig/4794a0821666d79190d59a36cb4f44b5-le64.cache-3
7f1680dde000-7f1680de2000 r-xs 00000000 08:22 2626485                    /var/cache/fontconfig/7ef2298fde41cc6eeb7af42e48b7d293-le64.cache-3
7f1680de2000-7f1680df6000 r-xs 00000000 08:22 2621609                    /var/cache/fontconfig/865f88548240fee46819705c6468c165-le64.cache-3
7f1680df6000-7f1680dfe000 rwxs 00000000 08:22 1993113                    /tmp/hsperfdata_bguaman/5443
7f1680dfe000-7f1680dff000 rwxp 00000000 00:00 0 
7f1680dff000-7f1680e00000 r-xp 00000000 00:00 0 
7f1680e00000-7f1680e02000 rwxp 00000000 00:00 0 
7f1680e02000-7f1680e03000 r-xp 00020000 08:22 1835033                    /lib/x86_64-linux-gnu/ld-2.13.so
7f1680e03000-7f1680e05000 rwxp 00021000 08:22 1835033                    /lib/x86_64-linux-gnu/ld-2.13.so
7fff1c9ac000-7fff1c9ce000 rwxp 00000000 00:00 0                          [stack]
7fff1c9ff000-7fff1ca00000 r-xp 00000000 00:00 0                          [vdso]
ffffffffff600000-ffffffffff601000 r-xp 00000000 00:00 0                  [vsyscall]

VM Arguments:
jvm_args: -Djava.library.path=/home/bguaman/workspace/PLAYmt4j/MT4JClient/mt4j-desktop -Dfile.encoding=UTF-8 
java_command: advanced.drawing.StartDrawExample
Launcher Type: SUN_STANDARD

Environment Variables:
PATH=/usr/local/sbin:/usr/local/bin:/usr/sbin:/usr/bin:/sbin:/bin:/usr/games
USERNAME=bguaman
LD_LIBRARY_PATH=/usr/lib/jvm/java-6-sun-1.6.0.26/jre/lib/amd64/server:/usr/lib/jvm/java-6-sun-1.6.0.26/jre/lib/amd64:/usr/lib/jvm/java-6-sun-1.6.0.26/jre/../lib/amd64:/usr/lib/xulrunner-1.9.2.17
SHELL=/bin/bash
DISPLAY=:0.0

Signal Handlers:
SIGSEGV: [libjvm.so+0x85f800], sa_mask[0]=0x7ffbfeff, sa_flags=0x10000004
SIGBUS: [libjvm.so+0x85f800], sa_mask[0]=0x7ffbfeff, sa_flags=0x10000004
SIGFPE: [libjvm.so+0x70e300], sa_mask[0]=0x7ffbfeff, sa_flags=0x10000004
SIGPIPE: [libjvm.so+0x70e300], sa_mask[0]=0x7ffbfeff, sa_flags=0x10000004
SIGXFSZ: [libjvm.so+0x70e300], sa_mask[0]=0x7ffbfeff, sa_flags=0x10000004
SIGILL: [libjvm.so+0x70e300], sa_mask[0]=0x7ffbfeff, sa_flags=0x10000004
SIGUSR1: SIG_DFL, sa_mask[0]=0x00000000, sa_flags=0x00000000
SIGUSR2: [libjvm.so+0x711110], sa_mask[0]=0x00000004, sa_flags=0x10000004
SIGHUP: [libjvm.so+0x710d10], sa_mask[0]=0x7ffbfeff, sa_flags=0x10000004
SIGINT: [libjvm.so+0x710d10], sa_mask[0]=0x7ffbfeff, sa_flags=0x10000004
SIGTERM: [libjvm.so+0x710d10], sa_mask[0]=0x7ffbfeff, sa_flags=0x10000004
SIGQUIT: [libjvm.so+0x710d10], sa_mask[0]=0x7ffbfeff, sa_flags=0x10000004


---------------  S Y S T E M  ---------------

OS:squeeze/sid

uname:Linux 2.6.38-13-generic #54-Ubuntu SMP Tue Jan 3 13:38:12 UTC 2012 x86_64
libc:glibc 2.13 NPTL 2.13 
rlimit: STACK 8192k, CORE 0k, NPROC infinity, NOFILE 4096, AS infinity
load average:0.06 0.05 0.05

/proc/meminfo:
MemTotal:        4056284 kB
MemFree:          184864 kB
Buffers:          690568 kB
Cached:           676024 kB
SwapCached:            0 kB
Active:          1649760 kB
Inactive:        1111052 kB
Active(anon):    1067848 kB
Inactive(anon):   349116 kB
Active(file):     581912 kB
Inactive(file):   761936 kB
Unevictable:           0 kB
Mlocked:               0 kB
SwapTotal:       7815616 kB
SwapFree:        7815540 kB
Dirty:               592 kB
Writeback:             0 kB
AnonPages:       1394276 kB
Mapped:           188916 kB
Shmem:             22744 kB
Slab:             925180 kB
SReclaimable:     896184 kB
SUnreclaim:        28996 kB
KernelStack:        3576 kB
PageTables:        33984 kB
NFS_Unstable:          0 kB
Bounce:                0 kB
WritebackTmp:          0 kB
CommitLimit:     9843756 kB
Committed_AS:    3504840 kB
VmallocTotal:   34359738367 kB
VmallocUsed:      113588 kB
VmallocChunk:   34359615996 kB
HardwareCorrupted:     0 kB
HugePages_Total:       0
HugePages_Free:        0
HugePages_Rsvd:        0
HugePages_Surp:        0
Hugepagesize:       2048 kB
DirectMap4k:      252800 kB
DirectMap2M:     3940352 kB


CPU:total 4 (2 cores per cpu, 1 threads per core) family 15 model 65 stepping 3, cmov, cx8, fxsr, mmx, sse, sse2, sse3, mmxext, 3dnow, 3dnowext

/proc/cpuinfo:
processor	: 0
vendor_id	: AuthenticAMD
cpu family	: 15
model		: 65
model name	: Dual-Core AMD Opteron(tm) Processor 2218
stepping	: 3
cpu MHz		: 1000.000
cache size	: 1024 KB
physical id	: 0
siblings	: 2
core id		: 0
cpu cores	: 2
apicid		: 0
initial apicid	: 0
fpu		: yes
fpu_exception	: yes
cpuid level	: 1
wp		: yes
flags		: fpu vme de pse tsc msr pae mce cx8 apic sep mtrr pge mca cmov pat pse36 clflush mmx fxsr sse sse2 ht syscall nx mmxext fxsr_opt rdtscp lm 3dnowext 3dnow rep_good nopl extd_apicid pni cx16 lahf_lm cmp_legacy svm extapic cr8_legacy
bogomips	: 2000.01
TLB size	: 1024 4K pages
clflush size	: 64
cache_alignment	: 64
address sizes	: 40 bits physical, 48 bits virtual
power management: ts fid vid ttp tm stc

processor	: 1
vendor_id	: AuthenticAMD
cpu family	: 15
model		: 65
model name	: Dual-Core AMD Opteron(tm) Processor 2218
stepping	: 3
cpu MHz		: 1000.000
cache size	: 1024 KB
physical id	: 0
siblings	: 2
core id		: 1
cpu cores	: 2
apicid		: 1
initial apicid	: 1
fpu		: yes
fpu_exception	: yes
cpuid level	: 1
wp		: yes
flags		: fpu vme de pse tsc msr pae mce cx8 apic sep mtrr pge mca cmov pat pse36 clflush mmx fxsr sse sse2 ht syscall nx mmxext fxsr_opt rdtscp lm 3dnowext 3dnow rep_good nopl extd_apicid pni cx16 lahf_lm cmp_legacy svm extapic cr8_legacy
bogomips	: 2000.01
TLB size	: 1024 4K pages
clflush size	: 64
cache_alignment	: 64
address sizes	: 40 bits physical, 48 bits virtual
power management: ts fid vid ttp tm stc

processor	: 2
vendor_id	: AuthenticAMD
cpu family	: 15
model		: 65
model name	: Dual-Core AMD Opteron(tm) Processor 2218
stepping	: 3
cpu MHz		: 1000.000
cache size	: 1024 KB
physical id	: 1
siblings	: 2
core id		: 0
cpu cores	: 2
apicid		: 2
initial apicid	: 2
fpu		: yes
fpu_exception	: yes
cpuid level	: 1
wp		: yes
flags		: fpu vme de pse tsc msr pae mce cx8 apic sep mtrr pge mca cmov pat pse36 clflush mmx fxsr sse sse2 ht syscall nx mmxext fxsr_opt rdtscp lm 3dnowext 3dnow rep_good nopl extd_apicid pni cx16 lahf_lm cmp_legacy svm extapic cr8_legacy
bogomips	: 2000.01
TLB size	: 1024 4K pages
clflush size	: 64
cache_alignment	: 64
address sizes	: 40 bits physical, 48 bits virtual
power management: ts fid vid ttp tm stc

processor	: 3
vendor_id	: AuthenticAMD
cpu family	: 15
model		: 65
model name	: Dual-Core AMD Opteron(tm) Processor 2218
stepping	: 3
cpu MHz		: 1000.000
cache size	: 1024 KB
physical id	: 1
siblings	: 2
core id		: 1
cpu cores	: 2
apicid		: 3
initial apicid	: 3
fpu		: yes
fpu_exception	: yes
cpuid level	: 1
wp		: yes
flags		: fpu vme de pse tsc msr pae mce cx8 apic sep mtrr pge mca cmov pat pse36 clflush mmx fxsr sse sse2 ht syscall nx mmxext fxsr_opt rdtscp lm 3dnowext 3dnow rep_good nopl extd_apicid pni cx16 lahf_lm cmp_legacy svm extapic cr8_legacy
bogomips	: 2000.01
TLB size	: 1024 4K pages
clflush size	: 64
cache_alignment	: 64
address sizes	: 40 bits physical, 48 bits virtual
power management: ts fid vid ttp tm stc



Memory: 4k page, physical 4056284k(184864k free), swap 7815616k(7815540k free)

vm_info: Java HotSpot(TM) 64-Bit Server VM (20.1-b02) for linux-amd64 JRE (1.6.0_26-b03), built on May  4 2011 01:13:47 by "java_re" with gcc 3.2.2 (SuSE Linux)

time: Thu Jul 12 11:58:40 2012
elapsed time: 11 seconds

