#
# A fatal error has been detected by the Java Runtime Environment:
#
#  EXCEPTION_ACCESS_VIOLATION (0xc0000005) at pc=0x652d1b67, pid=2432, tid=3468
#
# JRE version: 7.0_05-b05
# Java VM: Java HotSpot(TM) Client VM (23.1-b03 mixed mode, sharing windows-x86 )
# Problematic frame:
# V  [jvm.dll+0xa1b67]
#
# Failed to write core dump. Minidumps are not enabled by default on client versions of Windows
#
# If you would like to submit a bug report, please visit:
#   http://bugreport.sun.com/bugreport/crash.jsp
#

---------------  T H R E A D  ---------------

Current thread (0x00ea5c00):  JavaThread "C1 CompilerThread0" daemon [_thread_in_vm, id=3468, stack(0x04b00000,0x04b50000)]

siginfo: ExceptionCode=0xc0000005, writing address 0x04e8c0b0

Registers:
EAX=0x00000019, EBX=0x00eb0ff8, ECX=0x00000001, EDX=0x04e8c0b0
ESP=0x04b4f0f0, EBP=0x04b4f0f8, ESI=0x09495700, EDI=0x04e8c0b0
EIP=0x652d1b67, EFLAGS=0x00010202

Top of Stack: (sp=0x04b4f0f0)
0x04b4f0f0:   04e8c0b0 00000001 04b4f104 6523fe16
0x04b4f100:   04b4f618 04b4f120 6523df72 04e8c0b0
0x04b4f110:   00000000 04b4f614 00001b43 00ea6454
0x04b4f120:   04b4f150 65236236 04e8c0b0 04b4f614
0x04b4f130:   754811c0 04b4f614 04b4f150 04b4f170
0x04b4f140:   65233d03 00ea5c00 00ea5c00 04b4f614
0x04b4f150:   04b4f178 652362ca 00ea6438 00000000
0x04b4f160:   04b4f1c3 094945b0 00ea5c00 04b4f1dc 

Instructions: (pc=0x652d1b67)
0x652d1b47:   01 89 4d f8 85 c0 78 1c 33 c9 83 3d 50 c6 53 65
0x652d1b57:   01 0f 9f c1 89 4d fc 8b 55 f8 83 7d fc 00 74 01
0x652d1b67:   f0 83 02 01 8b e5 5d c3 cc 55 8b ec 83 ec 08 8b
0x652d1b77:   01 89 4d f8 85 c0 78 1c 33 c9 83 3d 50 c6 53 65 


Register to memory mapping:

EAX=0x00000019 is an unknown value
EBX=0x00eb0ff8 is an unknown value
ECX=0x00000001 is an unknown value
EDX=0x04e8c0b0 is an unknown value
ESP=0x04b4f0f0 is pointing into the stack for thread: 0x00ea5c00
EBP=0x04b4f0f8 is pointing into the stack for thread: 0x00ea5c00
ESI=0x09495700 is an unknown value
EDI=0x04e8c0b0 is an unknown value


Stack: [0x04b00000,0x04b50000],  sp=0x04b4f0f0,  free space=316k
Native frames: (J=compiled Java code, j=interpreted, Vv=VM code, C=native code)
V  [jvm.dll+0xa1b67]
V  [jvm.dll+0xfe16]
V  [jvm.dll+0xdf72]
V  [jvm.dll+0x6236]
V  [jvm.dll+0x62ca]
V  [jvm.dll+0xf911]
V  [jvm.dll+0x24770e]
V  [jvm.dll+0x24b4f7]
V  [jvm.dll+0x24bfa1]
V  [jvm.dll+0x24ee46]
V  [jvm.dll+0x24efa9]
V  [jvm.dll+0x23ea52]
V  [jvm.dll+0x23f183]
V  [jvm.dll+0x23f2aa]
V  [jvm.dll+0x23f407]
V  [jvm.dll+0x23f68d]
V  [jvm.dll+0x45b9e]
V  [jvm.dll+0x46114]
V  [jvm.dll+0x149977]
V  [jvm.dll+0x149ae0]
V  [jvm.dll+0x17e049]
C  [msvcr100.dll+0x5c6de]  endthreadex+0x3a
C  [msvcr100.dll+0x5c788]  endthreadex+0xe4
C  [kernel32.dll+0x13697]  BaseThreadInitThunk+0x12
C  [ntdll.dll+0x3c002]  RtlInitializeExceptionChain+0x63
C  [ntdll.dll+0x3bfd5]  RtlInitializeExceptionChain+0x36


Current CompileTask:
C1:  19033  560             com.sun.opengl.impl.GLImpl::glMultMatrixf (62 bytes)


---------------  P R O C E S S  ---------------

Java Threads: ( => current thread )
  0x04df9800 JavaThread "Thread-4" [_thread_in_Java, id=2116, stack(0x07800000,0x07850000)]
  0x04df8c00 JavaThread "Thread-2" [_thread_in_native, id=2488, stack(0x0d230000,0x0d280000)]
  0x04df8400 JavaThread "DestroyJavaVM" [_thread_blocked, id=2396, stack(0x00fc0000,0x01010000)]
  0x04df8000 JavaThread "Animation Thread" [_thread_blocked, id=3884, stack(0x08810000,0x08860000)]
  0x04df7800 JavaThread "D3D Screen Updater" daemon [_thread_blocked, id=2480, stack(0x089e0000,0x08a30000)]
  0x04df6c00 JavaThread "AWT-EventQueue-0" [_thread_blocked, id=3972, stack(0x04ef0000,0x04f40000)]
  0x04df6400 JavaThread "AWT-Windows" daemon [_thread_in_native, id=2848, stack(0x05160000,0x051b0000)]
  0x04df6000 JavaThread "AWT-Shutdown" [_thread_blocked, id=924, stack(0x05070000,0x050c0000)]
  0x04df5800 JavaThread "Java2D Disposer" daemon [_thread_blocked, id=1008, stack(0x04f70000,0x04fc0000)]
  0x00eab400 JavaThread "Service Thread" daemon [_thread_blocked, id=2088, stack(0x04840000,0x04890000)]
=>0x00ea5c00 JavaThread "C1 CompilerThread0" daemon [_thread_in_vm, id=3468, stack(0x04b00000,0x04b50000)]
  0x00ea4400 JavaThread "Attach Listener" daemon [_thread_blocked, id=1620, stack(0x04990000,0x049e0000)]
  0x00e9f400 JavaThread "Signal Dispatcher" daemon [_thread_blocked, id=3796, stack(0x01220000,0x01270000)]
  0x00e86000 JavaThread "Finalizer" daemon [_thread_blocked, id=3756, stack(0x04890000,0x048e0000)]
  0x00e84800 JavaThread "Reference Handler" daemon [_thread_blocked, id=3428, stack(0x01130000,0x01180000)]

Other Threads:
  0x00e83000 VMThread [stack: 0x01280000,0x012d0000] [id=3036]
  0x00ebd400 WatcherThread [stack: 0x04c50000,0x04ca0000] [id=3160]

VM state:not at safepoint (normal execution)

VM Mutex/Monitor currently owned by a thread: None

Heap
 def new generation   total 17216K, used 9282K [0x242b0000, 0x25550000, 0x29800000)
  eden space 15360K,  60% used [0x242b0000, 0x24bc0128, 0x251b0000)
  from space 1856K,   0% used [0x25380000, 0x25380aa8, 0x25550000)
  to   space 1856K,   0% used [0x251b0000, 0x251b0000, 0x25380000)
 tenured generation   total 37976K, used 22784K [0x29800000, 0x2bd16000, 0x342b0000)
   the space 37976K,  59% used [0x29800000, 0x2ae40068, 0x2ae40200, 0x2bd16000)
 compacting perm gen  total 12288K, used 6085K [0x342b0000, 0x34eb0000, 0x382b0000)
   the space 12288K,  49% used [0x342b0000, 0x348a17b0, 0x348a1800, 0x34eb0000)
    ro space 10240K,  42% used [0x382b0000, 0x386ee580, 0x386ee600, 0x38cb0000)
    rw space 12288K,  54% used [0x38cb0000, 0x3932f128, 0x3932f200, 0x398b0000)

Code Cache  [0x02730000, 0x028e0000, 0x04730000)
 total_blobs=982 nmethods=565 adapters=352 free_code_cache=31056Kb largest_free_block=31801536

Compilation events (10 events):
Event: 18.919 Thread 0x00ea5c00 nmethod 554 0x028d8748 code [0x028d8840, 0x028d88c0]
Event: 18.919 Thread 0x00ea5c00  555             org.mt4j.components.visibleComponents.shapes.MTPolygon::drawComponent (340 bytes)
Event: 18.922 Thread 0x00ea5c00 nmethod 555 0x028d9308 code [0x028d9640, 0x028da040]
Event: 18.922 Thread 0x00ea5c00  556             org.mt4j.util.PlatformUtil::beginGL (9 bytes)
Event: 18.922 Thread 0x00ea5c00 nmethod 556 0x028db048 code [0x028db160, 0x028db26c]
Event: 18.922 Thread 0x00ea5c00  557             org.mt4j.util.DesktopPlatformUtil::beginGL (22 bytes)
Event: 18.922 Thread 0x00ea5c00 nmethod 557 0x028db408 code [0x028db510, 0x028db5ec]
Event: 18.922 Thread 0x00ea5c00  558             processing.opengl.PGraphicsOpenGL::beginGL (261 bytes)
Event: 18.923 Thread 0x00ea5c00 nmethod 558 0x028db6c8 code [0x028db810, 0x028dbc28]
Event: 18.923 Thread 0x00ea5c00  560             com.sun.opengl.impl.GLImpl::glMultMatrixf (62 bytes)

GC Heap History (10 events):
Event: 12.338 GC heap before
{Heap before GC invocations=13 (full 2):
 def new generation   total 10816K, used 9681K [0x242b0000, 0x24e60000, 0x29800000)
  eden space 9664K,  99% used [0x242b0000, 0x24c1b0d0, 0x24c20000)
  from space 1152K,   3% used [0x24c20000, 0x24c29440, 0x24d40000)
  to   space 1152K,   0% used [0x24d40000, 0x24d40000, 0x24e60000)
 tenured generation   total 23796K, used 22375K [0x29800000, 0x2af3d000, 0x342b0000)
   the space 23796K,  94% used [0x29800000, 0x2add9d58, 0x2add9e00, 0x2af3d000)
 compacting perm gen  total 12288K, used 5246K [0x342b0000, 0x34eb0000, 0x382b0000)
   the space 12288K,  42% used [0x342b0000, 0x347cfbb8, 0x347cfc00, 0x34eb0000)
    ro space 10240K,  42% used [0x382b0000, 0x386ee580, 0x386ee600, 0x38cb0000)
    rw space 12288K,  54% used [0x38cb0000, 0x3932f128, 0x3932f200, 0x398b0000)
Event: 12.339 GC heap after
Heap after GC invocations=14 (full 2):
 def new generation   total 10816K, used 38K [0x242b0000, 0x24e60000, 0x29800000)
  eden space 9664K,   0% used [0x242b0000, 0x242b0000, 0x24c20000)
  from space 1152K,   3% used [0x24d40000, 0x24d49990, 0x24e60000)
  to   space 1152K,   0% used [0x24c20000, 0x24c20000, 0x24d40000)
 tenured generation   total 23796K, used 22375K [0x29800000, 0x2af3d000, 0x342b0000)
   the space 23796K,  94% used [0x29800000, 0x2add9d58, 0x2add9e00, 0x2af3d000)
 compacting perm gen  total 12288K, used 5246K [0x342b0000, 0x34eb0000, 0x382b0000)
   the space 12288K,  42% used [0x342b0000, 0x347cfbb8, 0x347cfc00, 0x34eb0000)
    ro space 10240K,  42% used [0x382b0000, 0x386ee580, 0x386ee600, 0x38cb0000)
    rw space 12288K,  54% used [0x38cb0000, 0x3932f128, 0x3932f200, 0x398b0000)
}
Event: 12.656 GC heap before
{Heap before GC invocations=14 (full 2):
 def new generation   total 10816K, used 9702K [0x242b0000, 0x24e60000, 0x29800000)
  eden space 9664K, 100% used [0x242b0000, 0x24c20000, 0x24c20000)
  from space 1152K,   3% used [0x24d40000, 0x24d49990, 0x24e60000)
  to   space 1152K,   0% used [0x24c20000, 0x24c20000, 0x24d40000)
 tenured generation   total 23796K, used 22375K [0x29800000, 0x2af3d000, 0x342b0000)
   the space 23796K,  94% used [0x29800000, 0x2add9d58, 0x2add9e00, 0x2af3d000)
 compacting perm gen  total 12288K, used 5801K [0x342b0000, 0x34eb0000, 0x382b0000)
   the space 12288K,  47% used [0x342b0000, 0x3485a730, 0x3485a800, 0x34eb0000)
    ro space 10240K,  42% used [0x382b0000, 0x386ee580, 0x386ee600, 0x38cb0000)
    rw space 12288K,  54% used [0x38cb0000, 0x3932f128, 0x3932f200, 0x398b0000)
Event: 12.662 GC heap after
Heap after GC invocations=15 (full 2):
 def new generation   total 10816K, used 991K [0x242b0000, 0x24e60000, 0x29800000)
  eden space 9664K,   0% used [0x242b0000, 0x242b0000, 0x24c20000)
  from space 1152K,  86% used [0x24c20000, 0x24d17fd0, 0x24d40000)
  to   space 1152K,   0% used [0x24d40000, 0x24d40000, 0x24e60000)
 tenured generation   total 23796K, used 22375K [0x29800000, 0x2af3d000, 0x342b0000)
   the space 23796K,  94% used [0x29800000, 0x2add9d58, 0x2add9e00, 0x2af3d000)
 compacting perm gen  total 12288K, used 5801K [0x342b0000, 0x34eb0000, 0x382b0000)
   the space 12288K,  47% used [0x342b0000, 0x3485a730, 0x3485a800, 0x34eb0000)
    ro space 10240K,  42% used [0x382b0000, 0x386ee580, 0x386ee600, 0x38cb0000)
    rw space 12288K,  54% used [0x38cb0000, 0x3932f128, 0x3932f200, 0x398b0000)
}
Event: 16.704 GC heap before
{Heap before GC invocations=15 (full 2):
 def new generation   total 10816K, used 5237K [0x242b0000, 0x24e60000, 0x29800000)
  eden space 9664K,  43% used [0x242b0000, 0x246d5520, 0x24c20000)
  from space 1152K,  86% used [0x24c20000, 0x24d17fd0, 0x24d40000)
  to   space 1152K,   0% used [0x24d40000, 0x24d40000, 0x24e60000)
 tenured generation   total 23796K, used 22375K [0x29800000, 0x2af3d000, 0x342b0000)
   the space 23796K,  94% used [0x29800000, 0x2add9d58, 0x2add9e00, 0x2af3d000)
 compacting perm gen  total 12288K, used 6081K [0x342b0000, 0x34eb0000, 0x382b0000)
   the space 12288K,  49% used [0x342b0000, 0x348a0438, 0x348a0600, 0x34eb0000)
    ro space 10240K,  42% used [0x382b0000, 0x386ee580, 0x386ee600, 0x38cb0000)
    rw space 12288K,  54% used [0x38cb0000, 0x3932f128, 0x3932f200, 0x398b0000)
Event: 16.709 GC heap after
Heap after GC invocations=16 (full 2):
 def new generation   total 10816K, used 705K [0x242b0000, 0x24e60000, 0x29800000)
  eden space 9664K,   0% used [0x242b0000, 0x242b0000, 0x24c20000)
  from space 1152K,  61% used [0x24d40000, 0x24df0720, 0x24e60000)
  to   space 1152K,   0% used [0x24c20000, 0x24c20000, 0x24d40000)
 tenured generation   total 23796K, used 22758K [0x29800000, 0x2af3d000, 0x342b0000)
   the space 23796K,  95% used [0x29800000, 0x2ae39b30, 0x2ae39c00, 0x2af3d000)
 compacting perm gen  total 12288K, used 6081K [0x342b0000, 0x34eb0000, 0x382b0000)
   the space 12288K,  49% used [0x342b0000, 0x348a0438, 0x348a0600, 0x34eb0000)
    ro space 10240K,  42% used [0x382b0000, 0x386ee580, 0x386ee600, 0x38cb0000)
    rw space 12288K,  54% used [0x38cb0000, 0x3932f128, 0x3932f200, 0x398b0000)
}
Event: 16.864 GC heap before
{Heap before GC invocations=16 (full 2):
 def new generation   total 10816K, used 10361K [0x242b0000, 0x24e60000, 0x29800000)
  eden space 9664K,  99% used [0x242b0000, 0x24c1de78, 0x24c20000)
  from space 1152K,  61% used [0x24d40000, 0x24df0720, 0x24e60000)
  to   space 1152K,   0% used [0x24c20000, 0x24c20000, 0x24d40000)
 tenured generation   total 23796K, used 22758K [0x29800000, 0x2af3d000, 0x342b0000)
   the space 23796K,  95% used [0x29800000, 0x2ae39b30, 0x2ae39c00, 0x2af3d000)
 compacting perm gen  total 12288K, used 6081K [0x342b0000, 0x34eb0000, 0x382b0000)
   the space 12288K,  49% used [0x342b0000, 0x348a0438, 0x348a0600, 0x34eb0000)
    ro space 10240K,  42% used [0x382b0000, 0x386ee580, 0x386ee600, 0x38cb0000)
    rw space 12288K,  54% used [0x38cb0000, 0x3932f128, 0x3932f200, 0x398b0000)
Event: 16.948 GC heap after
Heap after GC invocations=17 (full 3):
 def new generation   total 17216K, used 0K [0x242b0000, 0x25550000, 0x29800000)
  eden space 15360K,   0% used [0x242b0000, 0x242b0000, 0x251b0000)
  from space 1856K,   0% used [0x251b0000, 0x251b0000, 0x25380000)
  to   space 1856K,   0% used [0x25380000, 0x25380000, 0x25550000)
 tenured generation   total 37976K, used 22784K [0x29800000, 0x2bd16000, 0x342b0000)
   the space 37976K,  59% used [0x29800000, 0x2ae40068, 0x2ae40200, 0x2bd16000)
 compacting perm gen  total 12288K, used 6081K [0x342b0000, 0x34eb0000, 0x382b0000)
   the space 12288K,  49% used [0x342b0000, 0x348a0438, 0x348a0600, 0x34eb0000)
    ro space 10240K,  42% used [0x382b0000, 0x386ee580, 0x386ee600, 0x38cb0000)
    rw space 12288K,  54% used [0x38cb0000, 0x3932f128, 0x3932f200, 0x398b0000)
}
Event: 17.067 GC heap before
{Heap before GC invocations=17 (full 3):
 def new generation   total 17216K, used 15343K [0x242b0000, 0x25550000, 0x29800000)
  eden space 15360K,  99% used [0x242b0000, 0x251abcd0, 0x251b0000)
  from space 1856K,   0% used [0x251b0000, 0x251b0000, 0x25380000)
  to   space 1856K,   0% used [0x25380000, 0x25380000, 0x25550000)
 tenured generation   total 37976K, used 22784K [0x29800000, 0x2bd16000, 0x342b0000)
   the space 37976K,  59% used [0x29800000, 0x2ae40068, 0x2ae40200, 0x2bd16000)
 compacting perm gen  total 12288K, used 6081K [0x342b0000, 0x34eb0000, 0x382b0000)
   the space 12288K,  49% used [0x342b0000, 0x348a0458, 0x348a0600, 0x34eb0000)
    ro space 10240K,  42% used [0x382b0000, 0x386ee580, 0x386ee600, 0x38cb0000)
    rw space 12288K,  54% used [0x38cb0000, 0x3932f128, 0x3932f200, 0x398b0000)
Event: 17.068 GC heap after
Heap after GC invocations=18 (full 3):
 def new generation   total 17216K, used 2K [0x242b0000, 0x25550000, 0x29800000)
  eden space 15360K,   0% used [0x242b0000, 0x242b0000, 0x251b0000)
  from space 1856K,   0% used [0x25380000, 0x25380aa8, 0x25550000)
  to   space 1856K,   0% used [0x251b0000, 0x251b0000, 0x25380000)
 tenured generation   total 37976K, used 22784K [0x29800000, 0x2bd16000, 0x342b0000)
   the space 37976K,  59% used [0x29800000, 0x2ae40068, 0x2ae40200, 0x2bd16000)
 compacting perm gen  total 12288K, used 6081K [0x342b0000, 0x34eb0000, 0x382b0000)
   the space 12288K,  49% used [0x342b0000, 0x348a0458, 0x348a0600, 0x34eb0000)
    ro space 10240K,  42% used [0x382b0000, 0x386ee580, 0x386ee600, 0x38cb0000)
    rw space 12288K,  54% used [0x38cb0000, 0x3932f128, 0x3932f200, 0x398b0000)
}

Deoptimization events (0 events):
No events

Internal exceptions (10 events):
Event: 15.919 Thread 0x04df8000 Threw 0x245cdbe8 at C:\jdk7u5_32P\jdk7u5\hotspot\src\share\vm\prims\jvm.cpp:1166
Event: 15.920 Thread 0x04df8000 Threw 0x245d5c68 at C:\jdk7u5_32P\jdk7u5\hotspot\src\share\vm\prims\jvm.cpp:1166
Event: 15.922 Thread 0x04df8000 Threw 0x245daac8 at C:\jdk7u5_32P\jdk7u5\hotspot\src\share\vm\prims\jvm.cpp:1166
Event: 15.924 Thread 0x04df8000 Threw 0x245e3ae0 at C:\jdk7u5_32P\jdk7u5\hotspot\src\share\vm\prims\jvm.cpp:1166
Event: 15.925 Thread 0x04df8000 Threw 0x245ea638 at C:\jdk7u5_32P\jdk7u5\hotspot\src\share\vm\prims\jvm.cpp:1166
Event: 17.128 Thread 0x04df8000 Implicit null exception at 0x027d5424 to 0x027d5a9b
Event: 17.128 Thread 0x04df8000 Threw 0x24ab1f70 at C:\jdk7u5_32P\jdk7u5\hotspot\src\share\vm\runtime\sharedRuntime.cpp:613
Event: 17.128 Thread 0x04df8000 Implicit null exception at 0x027d5424 to 0x027d5a9b
Event: 17.128 Thread 0x04df8000 Threw 0x24ab8488 at C:\jdk7u5_32P\jdk7u5\hotspot\src\share\vm\runtime\sharedRuntime.cpp:613
Event: 17.128 Thread 0x04df8000 Threw 0x24ab8768 at C:\jdk7u5_32P\jdk7u5\hotspot\src\share\vm\prims\jni.cpp:715

Events (10 events):
Event: 16.948 Executing VM operation: GenCollectForAllocation done
Event: 16.949 Thread 0x00ea5c00 flushing nmethod 0x027e1ac8
Event: 16.949 Thread 0x00ea5c00 flushing nmethod 0x027e8808
Event: 17.067 Executing VM operation: GenCollectForAllocation
Event: 17.068 Executing VM operation: GenCollectForAllocation done
Event: 18.894 loading class 0x093cf658
Event: 18.894 loading class 0x093cf658 done
Event: 18.895 Thread 0x00ea5c00 flushing nmethod 0x028202c8
Event: 18.896 loading class 0x399e0160
Event: 18.896 loading class 0x399e0160 done


Dynamic libraries:
0x01300000 - 0x0132f000 	C:\Program Files (x86)\Java\jre7\bin\javaw.exe
0x77950000 - 0x77ad0000 	C:\Windows\SysWOW64\ntdll.dll
0x75470000 - 0x75580000 	C:\Windows\syswow64\kernel32.dll
0x77040000 - 0x77086000 	C:\Windows\syswow64\KERNELBASE.dll
0x76240000 - 0x762e0000 	C:\Windows\syswow64\ADVAPI32.dll
0x75ba0000 - 0x75c4c000 	C:\Windows\syswow64\msvcrt.dll
0x76030000 - 0x76049000 	C:\Windows\SysWOW64\sechost.dll
0x75750000 - 0x75840000 	C:\Windows\syswow64\RPCRT4.dll
0x75030000 - 0x75090000 	C:\Windows\syswow64\SspiCli.dll
0x75020000 - 0x7502c000 	C:\Windows\syswow64\CRYPTBASE.dll
0x75cb0000 - 0x75db0000 	C:\Windows\syswow64\USER32.dll
0x75de0000 - 0x75e70000 	C:\Windows\syswow64\GDI32.dll
0x756e0000 - 0x756ea000 	C:\Windows\syswow64\LPK.dll
0x76080000 - 0x7611d000 	C:\Windows\syswow64\USP10.dll
0x72320000 - 0x724be000 	C:\Windows\WinSxS\x86_microsoft.windows.common-controls_6595b64144ccf1df_6.0.7600.16661_none_420fe3fa2b8113bd\COMCTL32.dll
0x756f0000 - 0x75747000 	C:\Windows\syswow64\SHLWAPI.dll
0x75390000 - 0x753f0000 	C:\Windows\system32\IMM32.DLL
0x75840000 - 0x7590c000 	C:\Windows\syswow64\MSCTF.dll
0x60980000 - 0x60a3e000 	C:\Program Files (x86)\Java\jre7\bin\msvcr100.dll
0x65230000 - 0x6557a000 	C:\Program Files (x86)\Java\jre7\bin\client\jvm.dll
0x71a60000 - 0x71a67000 	C:\Windows\system32\WSOCK32.dll
0x75910000 - 0x75945000 	C:\Windows\syswow64\WS2_32.dll
0x77920000 - 0x77926000 	C:\Windows\syswow64\NSI.dll
0x72db0000 - 0x72de2000 	C:\Windows\system32\WINMM.dll
0x75090000 - 0x75095000 	C:\Windows\syswow64\PSAPI.DLL
0x66900000 - 0x6690c000 	C:\Program Files (x86)\Java\jre7\bin\verify.dll
0x664e0000 - 0x66500000 	C:\Program Files (x86)\Java\jre7\bin\java.dll
0x664c0000 - 0x664d3000 	C:\Program Files (x86)\Java\jre7\bin\zip.dll
0x60830000 - 0x60972000 	C:\Program Files (x86)\Java\jre7\bin\awt.dll
0x762e0000 - 0x7636f000 	C:\Windows\syswow64\OLEAUT32.dll
0x75580000 - 0x756dc000 	C:\Windows\syswow64\ole32.dll
0x722a0000 - 0x72320000 	C:\Windows\system32\uxtheme.dll
0x71b20000 - 0x71b33000 	C:\Windows\system32\dwmapi.dll
0x6a9c0000 - 0x6ab83000 	C:\Windows\system32\d3d9.dll
0x74570000 - 0x74579000 	C:\Windows\system32\VERSION.dll
0x73960000 - 0x73966000 	C:\Windows\system32\d3d8thk.dll
0x69b50000 - 0x6a9bb000 	C:\Windows\system32\nvd3dum.dll
0x71e40000 - 0x71e65000 	C:\Windows\system32\powrprof.dll
0x750a0000 - 0x7523d000 	C:\Windows\syswow64\SETUPAPI.dll
0x763c0000 - 0x763e7000 	C:\Windows\syswow64\CFGMGR32.dll
0x75db0000 - 0x75dc2000 	C:\Windows\syswow64\DEVOBJ.dll
0x62520000 - 0x6254a000 	C:\Program Files (x86)\Java\jre7\bin\fontmanager.dll
0x10000000 - 0x1004d000 	C:\Users\Sony\workspace\mt4j-Play\mt4j-desktop\jogl.dll
0x66830000 - 0x668f8000 	C:\Windows\system32\OPENGL32.dll
0x669a0000 - 0x669c2000 	C:\Windows\system32\GLU32.dll
0x66740000 - 0x66827000 	C:\Windows\system32\DDRAW.dll
0x66990000 - 0x66996000 	C:\Windows\system32\DCIMAN32.dll
0x62600000 - 0x62606000 	C:\Program Files (x86)\Java\jre7\bin\jawt.dll
0x00cf0000 - 0x00cf5000 	C:\Users\Sony\workspace\mt4j-Play\mt4j-desktop\jogl_awt.dll
0x60de0000 - 0x620a3000 	C:\Windows\system32\nvoglv32.DLL
0x763f0000 - 0x77039000 	C:\Windows\syswow64\SHELL32.dll
0x75360000 - 0x7538d000 	C:\Windows\syswow64\WINTRUST.dll
0x76120000 - 0x7623e000 	C:\Windows\syswow64\CRYPT32.dll
0x75f90000 - 0x75f9c000 	C:\Windows\syswow64\MSASN1.dll
0x72b80000 - 0x72ba1000 	C:\Windows\system32\ntmarta.dll
0x76370000 - 0x763b5000 	C:\Windows\syswow64\WLDAP32.dll
0x65d00000 - 0x65d14000 	C:\Program Files (x86)\Java\jre7\bin\net.dll
0x72bd0000 - 0x72c0c000 	C:\Windows\system32\mswsock.dll
0x72bc0000 - 0x72bc6000 	C:\Windows\System32\wship6.dll
0x65cf0000 - 0x65cff000 	C:\Program Files (x86)\Java\jre7\bin\nio.dll
0x62500000 - 0x6251a000 	C:\Users\Sony\workspace\mt4j-Play\mt4j-desktop\Win7Touch.dll
0x60800000 - 0x60825000 	C:\Program Files (x86)\Java\jre7\bin\jpeg.dll
0x624e0000 - 0x62500000 	C:\Program Files (x86)\Java\jre7\bin\sunec.dll
0x74450000 - 0x74460000 	C:\Windows\system32\NLAapi.dll
0x744d0000 - 0x74514000 	C:\Windows\system32\DNSAPI.dll
0x66940000 - 0x66948000 	C:\Windows\System32\winrnr.dll
0x66930000 - 0x66940000 	C:\Windows\system32\napinsp.dll
0x66910000 - 0x66922000 	C:\Windows\system32\pnrpnsp.dll
0x74130000 - 0x74157000 	C:\Program Files (x86)\Common Files\Microsoft Shared\Windows Live\WLIDNSP.DLL
0x72bb0000 - 0x72bb5000 	C:\Windows\System32\wshtcpip.dll
0x71d60000 - 0x71d7c000 	C:\Windows\system32\IPHLPAPI.DLL
0x71d50000 - 0x71d57000 	C:\Windows\system32\WINNSI.DLL
0x740c0000 - 0x740c6000 	C:\Windows\system32\rasadhlp.dll
0x73e00000 - 0x73e38000 	C:\Windows\System32\fwpuclnt.dll
0x73d10000 - 0x73dfb000 	C:\Windows\system32\dbghelp.dll

VM Arguments:
jvm_args: -Djava.library.path=C:\Users\Sony\workspace\mt4j-Play\mt4j-desktop -Dfile.encoding=Cp1252 
java_command: advanced.drawing.StartDrawExample
Launcher Type: SUN_STANDARD

Environment Variables:
CLASSPATH=.;C:\Program Files (x86)\Java\jre7\lib\ext\QTJava.zip
PATH=C:/Program Files (x86)/Java/jre7/bin/client;C:/Program Files (x86)/Java/jre7/bin;C:/Program Files (x86)/Java/jre7/lib/i386;C:\Program Files (x86)\NVIDIA Corporation\PhysX\Common;C:\usr\local\cell\host-win32\spu\bin;C:\usr\local\cell\host-win32\ppu\bin;C:\usr\local\cell\host-win32\bin;C:\usr\local\cell\host-win32\Cg\bin;C:\usr\local\cell\host-win32\sn\bin;C:\Program Files (x86)\SN Systems\PS3\bin;C:\Program Files\Common Files\Microsoft Shared\Windows Live;C:\Program Files (x86)\Common Files\Microsoft Shared\Windows Live;C:\Windows\system32;C:\Windows;C:\Windows\System32\Wbem;C:\Windows\System32\WindowsPowerShell\v1.0\;C:\Program Files (x86)\Windows Live\Shared;C:\Program Files\TortoiseGit\bin;C:\Program Files (x86)\Microsoft SQL Server\90\Tools\binn\;C:\Program Files (x86)\NVIDIA Corporation\Cg\bin;C:\Program Files (x86)\NVIDIA Corporation\Cg\bin.x64;C:\Program Files (x86)\Microsoft ASP.NET\ASP.NET Web Pages\v1.0\;C:\Program Files (x86)\Windows Kits\8.0\Windows Performance Toolkit\;C:\Program Files\Microsoft SQL Server\110\Tools\Binn\;C:\strawberry\c\bin;C:\strawberry\perl\site\bin;C:\strawberry\perl\bin;C:\Program Files (x86)\QuickTime\QTSystem\;C:\Program Files (x86)\Java\jre7\bin;C:\Users\Sony\Desktop\CCV-1.3-win-bin\eclipse;
USERNAME=Sony
OS=Windows_NT
PROCESSOR_IDENTIFIER=AMD64 Family 15 Model 65 Stepping 3, AuthenticAMD



---------------  S Y S T E M  ---------------

OS: Windows 7 , 64 bit Build 7600 

CPU:total 4 (2 cores per cpu, 1 threads per core) family 15 model 65 stepping 3, cmov, cx8, fxsr, mmx, sse, sse2, sse3, mmxext, 3dnowpref, tsc

Memory: 4k page, physical 4192740k(1703320k free), swap 8383580k(5507220k free)

vm_info: Java HotSpot(TM) Client VM (23.1-b03) for windows-x86 JRE (1.7.0_05-b05), built on May 15 2012 18:11:27 by "java_re" with unknown MS VC++:1600

time: Tue Jul 31 08:59:04 2012
elapsed time: 19 seconds

