#
# A fatal error has been detected by the Java Runtime Environment:
#
#  SIGSEGV (0xb) at pc=0x00007fac9eaec889, pid=5534, tid=140379303569152
#
# JRE version: 6.0_26-b03
# Java VM: Java HotSpot(TM) 64-Bit Server VM (20.1-b02 mixed mode linux-amd64 compressed oops)
# Problematic frame:
# C  [libGL.so.1+0x2e9889]  __float128+0x9
#
# If you would like to submit a bug report, please visit:
#   http://java.sun.com/webapps/bugreport/crash.jsp
# The crash happened outside the Java Virtual Machine in native code.
# See problematic frame for where to report the bug.
#

---------------  T H R E A D  ---------------

Current thread (0x0000000040e18000):  JavaThread "Thread-2" [_thread_in_native, id=5559, stack(0x00007fac9a75e000,0x00007fac9a85f000)]

siginfo:si_signo=SIGSEGV: si_errno=0, si_code=1 (SEGV_MAPERR), si_addr=0x00000000000008c0

Registers:
RAX=0x0000000000000000, RBX=0x00000000bdb1a1d0, RCX=0x00007faca0487420, RDX=0x00000000ec479070
RSP=0x00007fac9a85ce98, RBP=0x00007fac9a85cee0, RSI=0x00000000ec479070, RDI=0x0000000000000001
R8 =0x00007facab37dfe8, R9 =0x00007facab381e58, R10=0x00007faca0487808, R11=0x00007faca0487458
R12=0x0000000000000000, R13=0x00000000bdb1a1d0, R14=0x00007fac9a85cf88, R15=0x0000000040e18000
RIP=0x00007fac9eaec889, EFLAGS=0x0000000000010202, CSGSFS=0x0000000000000033, ERR=0x0000000000000004
  TRAPNO=0x000000000000000e

Top of Stack: (sp=0x00007fac9a85ce98)
0x00007fac9a85ce98:   00007fac9c823dcd 0000000000000000
0x00007fac9a85cea8:   00000000bd969860 00007fac9a85cf78
0x00007fac9a85ceb8:   000000019a85ced0 00007fac9a85cf88
0x00007fac9a85cec8:   0000000040e181d0 00000000bdd8dea0
0x00007fac9a85ced8:   00000000ec479070 00007fac9a85cf50
0x00007fac9a85cee8:   00007faca67d8d6e 00007fac9a85cf38
0x00007fac9a85cef8:   00000000bdbf5710 0000000000000000
0x00007fac9a85cf08:   00000000bdbe5418 00007fac9a85cf10
0x00007fac9a85cf18:   0000000000000000 00007fac9a85cf88
0x00007fac9a85cf28:   00000000bdbf5710 0000000000000000
0x00007fac9a85cf38:   00000000bdb1a1d0 0000000000000000
0x00007fac9a85cf48:   00007fac9a85cf70 00007fac9a85cfd0
0x00007fac9a85cf58:   00007faca67cda82 0000000000000000
0x00007fac9a85cf68:   00007faca67d5f58 0000000000000000
0x00007fac9a85cf78:   00000000ec479060 0000000000000001
0x00007fac9a85cf88:   00000000ef6a9010 00007fac9a85cf90
0x00007fac9a85cf98:   00000000bdb1a2f0 00007fac9a85cff8
0x00007fac9a85cfa8:   00000000bdbf5710 0000000000000000
0x00007fac9a85cfb8:   00000000bdb1a318 00007fac9a85cf70
0x00007fac9a85cfc8:   00007fac9a85cfe0 00007fac9a85d040
0x00007fac9a85cfd8:   00007faca67cdf5c 0000000000000000
0x00007fac9a85cfe8:   00000000ec479060 0000000000000001
0x00007fac9a85cff8:   00000000ef6a9010 00007fac9a85d000
0x00007fac9a85d008:   00000000bdd76717 00007fac9a85d068
0x00007fac9a85d018:   00000000bdd7a170 0000000000000000
0x00007fac9a85d028:   00000000bdd76758 00007fac9a85cfe0
0x00007fac9a85d038:   00007fac9a85d050 00007fac9a85d0b0
0x00007fac9a85d048:   00007faca67cdf5c 0000000000000000
0x00007fac9a85d058:   00000000ec479060 0000000000000001
0x00007fac9a85d068:   00000000ef6a9000 00007fac9a85d070
0x00007fac9a85d078:   00000000bd323a11 00007fac9a85d100
0x00007fac9a85d088:   00000000be094310 0000000000000000 

Instructions: (pc=0x00007fac9eaec889)
0x00007fac9eaec869:   ff a0 b8 08 00 00 cc cc cc cc cc cc cc cc cc cc
0x00007fac9eaec879:   cc cc cc cc cc cc cc 64 48 8b 04 25 60 ff ff ff
0x00007fac9eaec889:   ff a0 c0 08 00 00 cc cc cc cc cc cc cc cc cc cc
0x00007fac9eaec899:   cc cc cc cc cc cc cc 64 48 8b 04 25 60 ff ff ff 

Register to memory mapping:

RAX=0x0000000000000000 is an unknown value
RBX=0x00000000bdb1a1d0 is an oop
{method} 
 - klass: {other class}
RCX=0x00007faca0487420 is an unknown value
RDX=0x00000000ec479070 is an unknown value
RSP=0x00007fac9a85ce98 is pointing into the stack for thread: 0x0000000040e18000
RBP=0x00007fac9a85cee0 is pointing into the stack for thread: 0x0000000040e18000
RSI=0x00000000ec479070 is an unknown value
RDI=0x0000000000000001 is an unknown value
R8 =0x00007facab37dfe8: <offset 0xa99fe8> in /usr/lib/jvm/java-6-sun-1.6.0.26/jre/lib/amd64/server/libjvm.so at 0x00007facaa8e4000
R9 =0x00007facab381e58: <offset 0xa9de58> in /usr/lib/jvm/java-6-sun-1.6.0.26/jre/lib/amd64/server/libjvm.so at 0x00007facaa8e4000
R10=0x00007faca0487808 is an unknown value
R11=0x00007faca0487458 is an unknown value
R12=0x0000000000000000 is an unknown value
R13=0x00000000bdb1a1d0 is an oop
{method} 
 - klass: {other class}
R14=0x00007fac9a85cf88 is pointing into the stack for thread: 0x0000000040e18000
R15=0x0000000040e18000 is a thread


Stack: [0x00007fac9a75e000,0x00007fac9a85f000],  sp=0x00007fac9a85ce98,  free space=1019k
Native frames: (J=compiled Java code, j=interpreted, Vv=VM code, C=native code)
C  [libGL.so.1+0x2e9889]  __float128+0x9
j  com.sun.opengl.impl.GLImpl.glGenTextures1(ILjava/lang/Object;I)V+0
j  com.sun.opengl.impl.GLImpl.glGenTextures(I[II)V+64
j  org.mt4j.util.opengl.JoglGL20Plus.glGenTextures(I[II)V+7
j  org.mt4j.util.opengl.GLTexture.setupGLTexture(II)V+417
j  org.mt4j.util.opengl.GLTexture.<init>(Lprocessing/core/PApplet;IILorg/mt4j/util/opengl/GLTextureSettings;)V+113
j  org.mt4j.util.opengl.GLTexture.<init>(Lprocessing/core/PApplet;Lprocessing/core/PImage;Lorg/mt4j/util/opengl/GLTextureSettings;)V+11
j  org.mt4j.components.visibleComponents.shapes.AbstractShape.setTexture(Lprocessing/core/PImage;)V+266
j  org.mt4j.components.visibleComponents.shapes.MTRectangle.setTexture(Lprocessing/core/PImage;)V+2
j  org.mt4j.components.visibleComponents.font.BitmapFontCharacter.<init>(Lprocessing/core/PApplet;Lprocessing/core/PImage;Ljava/lang/String;III)V+31
j  processing.core.BitmapFontFactoryProxy.createCharacters(Lprocessing/core/PApplet;Lprocessing/core/PFont;Ljava/lang/String;Lorg/mt4j/util/MTColor;)Ljava/util/List;+237
j  processing.core.BitmapFontFactoryProxy.createFont(Lprocessing/core/PApplet;Ljava/lang/String;ILorg/mt4j/util/MTColor;Lorg/mt4j/util/MTColor;Z)Lorg/mt4j/util/font/IFont;+33
j  processing.core.BitmapFontFactoryProxy.createFont(Lprocessing/core/PApplet;Ljava/lang/String;ILorg/mt4j/util/MTColor;Z)Lorg/mt4j/util/font/IFont;+10
j  org.mt4j.util.font.fontFactories.BitmapFontFactory.createFont(Lprocessing/core/PApplet;Ljava/lang/String;ILorg/mt4j/util/MTColor;Z)Lorg/mt4j/util/font/IFont;+26
j  org.mt4j.util.font.FontManager.createFont(Lprocessing/core/PApplet;Ljava/lang/String;ILorg/mt4j/util/MTColor;Z)Lorg/mt4j/util/font/IFont;+146
j  org.mt4j.util.font.FontManager.createFont(Lprocessing/core/PApplet;Ljava/lang/String;ILorg/mt4j/util/MTColor;)Lorg/mt4j/util/font/IFont;+7
j  advanced.physics.scenes.GlobitosScene$JuegoGlobos.run()V+313
j  java.lang.Thread.run()V+11
v  ~StubRoutines::call_stub
V  [libjvm.so+0x4df5c0]  JavaCalls::call_helper(JavaValue*, methodHandle*, JavaCallArguments*, Thread*)+0x1e0
V  [libjvm.so+0x70f629]  os::os_exception_wrapper(void (*)(JavaValue*, methodHandle*, JavaCallArguments*, Thread*), JavaValue*, methodHandle*, JavaCallArguments*, Thread*)+0x19
V  [libjvm.so+0x4def06]  JavaCalls::call_virtual(JavaValue*, KlassHandle, symbolHandle, symbolHandle, JavaCallArguments*, Thread*)+0x126
V  [libjvm.so+0x4defb7]  JavaCalls::call_virtual(JavaValue*, Handle, KlassHandle, symbolHandle, symbolHandle, Thread*)+0x47
V  [libjvm.so+0x572ce0]  thread_entry(JavaThread*, Thread*)+0xa0
V  [libjvm.so+0x8190f1]  JavaThread::run()+0x121
V  [libjvm.so+0x710adf]  java_start(Thread*)+0x13f

Java frames: (J=compiled Java code, j=interpreted, Vv=VM code)
j  com.sun.opengl.impl.GLImpl.glGenTextures1(ILjava/lang/Object;I)V+0
j  com.sun.opengl.impl.GLImpl.glGenTextures(I[II)V+64
j  org.mt4j.util.opengl.JoglGL20Plus.glGenTextures(I[II)V+7
j  org.mt4j.util.opengl.GLTexture.setupGLTexture(II)V+417
j  org.mt4j.util.opengl.GLTexture.<init>(Lprocessing/core/PApplet;IILorg/mt4j/util/opengl/GLTextureSettings;)V+113
j  org.mt4j.util.opengl.GLTexture.<init>(Lprocessing/core/PApplet;Lprocessing/core/PImage;Lorg/mt4j/util/opengl/GLTextureSettings;)V+11
j  org.mt4j.components.visibleComponents.shapes.AbstractShape.setTexture(Lprocessing/core/PImage;)V+266
j  org.mt4j.components.visibleComponents.shapes.MTRectangle.setTexture(Lprocessing/core/PImage;)V+2
j  org.mt4j.components.visibleComponents.font.BitmapFontCharacter.<init>(Lprocessing/core/PApplet;Lprocessing/core/PImage;Ljava/lang/String;III)V+31
j  processing.core.BitmapFontFactoryProxy.createCharacters(Lprocessing/core/PApplet;Lprocessing/core/PFont;Ljava/lang/String;Lorg/mt4j/util/MTColor;)Ljava/util/List;+237
j  processing.core.BitmapFontFactoryProxy.createFont(Lprocessing/core/PApplet;Ljava/lang/String;ILorg/mt4j/util/MTColor;Lorg/mt4j/util/MTColor;Z)Lorg/mt4j/util/font/IFont;+33
j  processing.core.BitmapFontFactoryProxy.createFont(Lprocessing/core/PApplet;Ljava/lang/String;ILorg/mt4j/util/MTColor;Z)Lorg/mt4j/util/font/IFont;+10
j  org.mt4j.util.font.fontFactories.BitmapFontFactory.createFont(Lprocessing/core/PApplet;Ljava/lang/String;ILorg/mt4j/util/MTColor;Z)Lorg/mt4j/util/font/IFont;+26
j  org.mt4j.util.font.FontManager.createFont(Lprocessing/core/PApplet;Ljava/lang/String;ILorg/mt4j/util/MTColor;Z)Lorg/mt4j/util/font/IFont;+146
j  org.mt4j.util.font.FontManager.createFont(Lprocessing/core/PApplet;Ljava/lang/String;ILorg/mt4j/util/MTColor;)Lorg/mt4j/util/font/IFont;+7
j  advanced.physics.scenes.GlobitosScene$JuegoGlobos.run()V+313
j  java.lang.Thread.run()V+11
v  ~StubRoutines::call_stub

---------------  P R O C E S S  ---------------

Java Threads: ( => current thread )
  0x00007faca0dce800 JavaThread "DestroyJavaVM" [_thread_blocked, id=5539, stack(0x00007facaa55e000,0x00007facaa65f000)]
=>0x0000000040e18000 JavaThread "Thread-2" [_thread_in_native, id=5559, stack(0x00007fac9a75e000,0x00007fac9a85f000)]
  0x00007faca03ce000 JavaThread "Thread-1" [_thread_in_native, id=5558, stack(0x00007fac9b522000,0x00007fac9b623000)]
  0x0000000040965000 JavaThread "AWT-EventQueue-0" [_thread_blocked, id=5557, stack(0x00007fac9ec10000,0x00007fac9ed11000)]
  0x00007faca0057800 JavaThread "Animation Thread" [_thread_blocked, id=5556, stack(0x00007fac9ed11000,0x00007fac9ee12000)]
  0x00007faca01ef800 JavaThread "AWT-Shutdown" [_thread_blocked, id=5555, stack(0x00007fac9ee12000,0x00007fac9ef13000)]
  0x0000000040857000 JavaThread "AWT-XAWT" daemon [_thread_in_native, id=5553, stack(0x00007fac9f0f6000,0x00007fac9f1f7000)]
  0x0000000040833800 JavaThread "Java2D Disposer" daemon [_thread_blocked, id=5552, stack(0x00007faca4039000,0x00007faca413a000)]
  0x00000000405e5000 JavaThread "Low Memory Detector" daemon [_thread_blocked, id=5550, stack(0x00007faca4f91000,0x00007faca5092000)]
  0x00000000405e2800 JavaThread "C2 CompilerThread1" daemon [_thread_blocked, id=5549, stack(0x00007faca5092000,0x00007faca5193000)]
  0x00000000405e0000 JavaThread "C2 CompilerThread0" daemon [_thread_blocked, id=5548, stack(0x00007faca5193000,0x00007faca5294000)]
  0x00000000405dd800 JavaThread "Signal Dispatcher" daemon [_thread_blocked, id=5547, stack(0x00007faca5294000,0x00007faca5395000)]
  0x00000000405c1800 JavaThread "Finalizer" daemon [_thread_blocked, id=5546, stack(0x00007faca563a000,0x00007faca573b000)]
  0x00000000405ba000 JavaThread "Reference Handler" daemon [_thread_blocked, id=5545, stack(0x00007faca573b000,0x00007faca583c000)]

Other Threads:
  0x00000000405b3000 VMThread [stack: 0x00007faca583c000,0x00007faca593d000] [id=5544]
  0x00000000405f0000 WatcherThread [stack: 0x00007faca4e90000,0x00007faca4f91000] [id=5551]

VM state:not at safepoint (normal execution)

VM Mutex/Monitor currently owned by a thread: None

Heap
 PSYoungGen      total 66112K, used 18217K [0x00000000eb560000, 0x00000000ef880000, 0x0000000100000000)
  eden space 63488K, 24% used [0x00000000eb560000,0x00000000ec49bc58,0x00000000ef360000)
  from space 2624K, 99% used [0x00000000ef5f0000,0x00000000ef87e9f0,0x00000000ef880000)
  to   space 2624K, 0% used [0x00000000ef360000,0x00000000ef360000,0x00000000ef5f0000)
 PSOldGen        total 42304K, used 7566K [0x00000000c2000000, 0x00000000c4950000, 0x00000000eb560000)
  object space 42304K, 17% used [0x00000000c2000000,0x00000000c2763be0,0x00000000c4950000)
 PSPermGen       total 21248K, used 20148K [0x00000000bce00000, 0x00000000be2c0000, 0x00000000c2000000)
  object space 21248K, 94% used [0x00000000bce00000,0x00000000be1ad030,0x00000000be2c0000)

Code Cache  [0x00007faca67c8000, 0x00007faca6a38000, 0x00007faca97c8000)
 total_blobs=1247 nmethods=444 adapters=757 free_code_cache=48528320 largest_free_block=18240

Dynamic libraries:
40000000-40009000 r-xp 00000000 08:22 1185676                            /usr/lib/jvm/java-6-sun-1.6.0.26/jre/bin/java
40108000-4010a000 rwxp 00008000 08:22 1185676                            /usr/lib/jvm/java-6-sun-1.6.0.26/jre/bin/java
40477000-404ee000 rwxp 00000000 00:00 0 
4054b000-4170e000 rwxp 00000000 00:00 0                                  [heap]
41a59000-41a5b000 r-xs 00000000 08:22 1986195                            /tmp/glOXAmQI (deleted)
bce00000-be2c0000 rwxp 00000000 00:00 0 
be2c0000-c2000000 rwxp 00000000 00:00 0 
c2000000-c4950000 rwxp 00000000 00:00 0 
c4950000-eb560000 rwxp 00000000 00:00 0 
eb560000-ef880000 rwxp 00000000 00:00 0 
ef880000-100000000 rwxp 00000000 00:00 0 
7fac94000000-7fac94021000 rwxp 00000000 00:00 0 
7fac94021000-7fac98000000 ---p 00000000 00:00 0 
7fac9a75e000-7fac9a761000 ---p 00000000 00:00 0 
7fac9a761000-7fac9a85f000 rwxp 00000000 00:00 0 
7fac9a85f000-7fac9a861000 rwxs 00000000 08:22 1986195                    /tmp/glOXAmQI (deleted)
7fac9a861000-7fac9a86b000 r-xs 00000000 08:22 1708639                    /usr/share/fonts/type1/mathml/Symbol.pfb
7fac9a86b000-7fac9a883000 r-xs 00000000 08:22 1581250                    /usr/share/fonts/type1/gsfonts/n022003l.pfb
7fac9a883000-7fac9a898000 r-xs 00000000 08:22 1581193                    /usr/share/fonts/type1/gsfonts/b018032l.pfb
7fac9a898000-7fac9a8b1000 r-xs 00000000 08:22 1581253                    /usr/share/fonts/type1/gsfonts/n022004l.pfb
7fac9a8b1000-7fac9a8cb000 r-xs 00000000 08:22 1581199                    /usr/share/fonts/type1/gsfonts/c059013l.pfb
7fac9a8cb000-7fac9a8e3000 r-xs 00000000 08:22 1581208                    /usr/share/fonts/type1/gsfonts/c059036l.pfb
7fac9a8e3000-7fac9a8f6000 r-xs 00000000 08:22 1581235                    /usr/share/fonts/type1/gsfonts/n019064l.pfb
7fac9a8f6000-7fac9a900000 r-xs 00000000 08:22 1708248                    /usr/share/fonts/X11/Type1/c0419bt_.pfb
7fac9a900000-7fac9a91b000 r-xs 00000000 08:22 1581265                    /usr/share/fonts/type1/gsfonts/p052004l.pfb
7fac9a91b000-7fac9a92c000 r-xs 00000000 08:22 1581184                    /usr/share/fonts/type1/gsfonts/a010035l.pfb
7fac9a92c000-7fac9a940000 r-xs 00000000 08:22 1581214                    /usr/share/fonts/type1/gsfonts/n019003l.pfb
7fac9a940000-7fac9a956000 r-xs 00000000 08:22 1581247                    /usr/share/fonts/type1/gsfonts/n021024l.pfb
7fac9a956000-7fac9a96d000 r-xs 00000000 08:22 1581244                    /usr/share/fonts/type1/gsfonts/n021023l.pfb
7fac9a96d000-7fac9a983000 r-xs 00000000 08:22 1581259                    /usr/share/fonts/type1/gsfonts/n022024l.pfb
7fac9a983000-7fac9a98c000 r-xs 00000000 08:22 1581274                    /usr/share/fonts/type1/gsfonts/s050000l.pfb
7fac9a98c000-7fac9a995000 r-xs 00000000 08:22 1708253                    /usr/share/fonts/X11/Type1/c0632bt_.pfb
7fac9a995000-7fac9a9a7000 r-xs 00000000 08:22 1581217                    /usr/share/fonts/type1/gsfonts/n019004l.pfb
7fac9a9a7000-7fac9a9be000 r-xs 00000000 08:22 1581277                    /usr/share/fonts/type1/gsfonts/z003034l.pfb
7fac9a9be000-7fac9a9cf000 r-xs 00000000 08:22 1581223                    /usr/share/fonts/type1/gsfonts/n019024l.pfb
7fac9a9cf000-7fac9a9d8000 r-xs 00000000 08:22 1708247                    /usr/share/fonts/X11/Type1/c0649bt_.pfb
7fac9a9d8000-7fac9a9e9000 r-xs 00000000 08:22 1581232                    /usr/share/fonts/type1/gsfonts/n019063l.pfb
7fac9a9e9000-7fac9a9f9000 r-xs 00000000 08:22 1581175                    /usr/share/fonts/type1/gsfonts/a010013l.pfb
7fac9a9f9000-7fac9aa09000 r-xs 00000000 08:22 1581178                    /usr/share/fonts/type1/gsfonts/a010015l.pfb
7fac9aa09000-7fac9aa25000 r-xs 00000000 08:22 1581271                    /usr/share/fonts/type1/gsfonts/p052024l.pfb
7fac9aa25000-7fac9aa3d000 r-xs 00000000 08:22 1581205                    /usr/share/fonts/type1/gsfonts/c059033l.pfb
7fac9aa3d000-7fac9aa56000 r-xs 00000000 08:22 1581241                    /usr/share/fonts/type1/gsfonts/n021004l.pfb
7fac9aa56000-7fac9aa62000 r-xs 00000000 08:22 1581211                    /usr/share/fonts/type1/gsfonts/d050000l.pfb
7fac9aa62000-7fac9aa6b000 r-xs 00000000 08:22 1708261                    /usr/share/fonts/X11/Type1/c0633bt_.pfb
7fac9aa6b000-7fac9aa7c000 r-xs 00000000 08:22 1581220                    /usr/share/fonts/type1/gsfonts/n019023l.pfb
7fac9aa7c000-7fac9aa85000 r-xs 00000000 08:22 1708255                    /usr/share/fonts/X11/Type1/c0648bt_.pfb
7fac9aa85000-7fac9aaa0000 r-xs 00000000 08:22 1581202                    /usr/share/fonts/type1/gsfonts/c059016l.pfb
7fac9aaa0000-7fac9aab0000 r-xs 00000000 08:22 1581181                    /usr/share/fonts/type1/gsfonts/a010033l.pfb
7fac9aab0000-7fac9aac9000 r-xs 00000000 08:22 1581187                    /usr/share/fonts/type1/gsfonts/b018012l.pfb
7fac9aac9000-7fac9aadc000 r-xs 00000000 08:22 1581190                    /usr/share/fonts/type1/gsfonts/b018015l.pfb
7fac9aadc000-7fac9aaf2000 r-xs 00000000 08:22 1581256                    /usr/share/fonts/type1/gsfonts/n022023l.pfb
7fac9aaf2000-7fac9ab0d000 r-xs 00000000 08:22 1581268                    /usr/share/fonts/type1/gsfonts/p052023l.pfb
7fac9ab0d000-7fac9ab28000 r-xs 00000000 08:22 1581262                    /usr/share/fonts/type1/gsfonts/p052003l.pfb
7fac9ab28000-7fac9ab41000 r-xs 00000000 08:22 1581238                    /usr/share/fonts/type1/gsfonts/n021003l.pfb
7fac9ab41000-7fac9ab53000 r-xs 00000000 08:22 1581196                    /usr/share/fonts/type1/gsfonts/b018035l.pfb
7fac9ab53000-7fac9ab65000 r-xs 00000000 08:22 1581229                    /usr/share/fonts/type1/gsfonts/n019044l.pfb
7fac9ab65000-7fac9ab77000 r-xs 00000000 08:22 1581226                    /usr/share/fonts/type1/gsfonts/n019043l.pfb
7fac9ab77000-7fac9ab81000 r-xs 00000000 08:22 1708252                    /usr/share/fonts/X11/Type1/c0611bt_.pfb
7fac9ab81000-7fac9ab8b000 r-xs 00000000 08:22 1708260                    /usr/share/fonts/X11/Type1/c0582bt_.pfb
7fac9ab8b000-7fac9ab95000 r-xs 00000000 08:22 1708259                    /usr/share/fonts/X11/Type1/c0583bt_.pfb
7fac9ab95000-7fac9abb0000 r-xs 00000000 08:22 272619                     /usr/share/texmf/fonts/type1/public/lm/lmtlc10.pfb
7fac9abb0000-7fac9abcb000 r-xs 00000000 08:22 272614                     /usr/share/texmf/fonts/type1/public/lm/lmtcsc10.pfb
7fac9abcb000-7fac9abef000 r-xs 00000000 08:22 272560                     /usr/share/texmf/fonts/type1/public/lm/lmduno10.pfb
7fac9abef000-7fac9ac0e000 r-xs 00000000 08:22 272576                     /usr/share/texmf/fonts/type1/public/lm/lmr6.pfb
7fac9ac0e000-7fac9ac2c000 r-xs 00000000 08:22 272574                     /usr/share/texmf/fonts/type1/public/lm/lmr17.pfb
7fac9ac2c000-7fac9ac4a000 r-xs 00000000 08:22 272572                     /usr/share/texmf/fonts/type1/public/lm/lmr10.pfb
7fac9ac4a000-7fac9ac52000 r-xs 00000000 08:22 272562                     /usr/share/texmf/fonts/type1/public/lm/lmmi10.pfb
7fac9ac52000-7fac9ac59000 r-xs 00000000 08:22 272610                     /usr/share/texmf/fonts/type1/public/lm/lmsy6.pfb
7fac9ac59000-7fac9ac76000 r-xs 00000000 08:22 272616                     /usr/share/texmf/fonts/type1/public/lm/lmtk10.pfb
7fac9ac76000-7fac9ac94000 r-xs 00000000 08:22 272577                     /usr/share/texmf/fonts/type1/public/lm/lmr7.pfb
7fac9ac94000-7fac9acb1000 r-xs 00000000 08:22 272624                     /usr/share/texmf/fonts/type1/public/lm/lmtt8.pfb
7fac9acb1000-7fac9accc000 r-xs 00000000 08:22 272625                     /usr/share/texmf/fonts/type1/public/lm/lmtt9.pfb
7fac9accc000-7fac9ace8000 r-xs 00000000 08:22 272580                     /usr/share/texmf/fonts/type1/public/lm/lmri10.pfb
7fac9ace8000-7fac9ad0a000 r-xs 00000000 08:22 272595                     /usr/share/texmf/fonts/type1/public/lm/lmssbo10.pfb
7fac9ad0a000-7fac9ad11000 r-xs 00000000 08:22 272545                     /usr/share/texmf/fonts/type1/public/lm/lmbsy10.pfb
7fac9ad11000-7fac9ad2e000 r-xs 00000000 08:22 272606                     /usr/share/texmf/fonts/type1/public/lm/lmssqbx8.pfb
7fac9ad2e000-7fac9ad36000 r-xs 00000000 08:22 272567                     /usr/share/texmf/fonts/type1/public/lm/lmmi8.pfb
7fac9ad36000-7fac9ad3e000 r-xs 00000000 08:22 272547                     /usr/share/texmf/fonts/type1/public/lm/lmbsy7.pfb
7fac9ad3e000-7fac9ad46000 r-xs 00000000 08:22 272566                     /usr/share/texmf/fonts/type1/public/lm/lmmi7.pfb
7fac9ad46000-7fac9ad61000 r-xs 00000000 08:22 272603                     /usr/share/texmf/fonts/type1/public/lm/lmsso9.pfb
7fac9ad61000-7fac9ad7d000 r-xs 00000000 08:22 272622                     /usr/share/texmf/fonts/type1/public/lm/lmtt10.pfb
7fac9ad7d000-7fac9ad9e000 r-xs 00000000 08:22 272558                     /usr/share/texmf/fonts/type1/public/lm/lmcsco10.pfb
7fac9ad9e000-7fac9adb6000 r-xs 00000000 08:22 272593                     /usr/share/texmf/fonts/type1/public/lm/lmss8.pfb
7fac9adb6000-7fac9adbc000 r-xs 00000000 08:22 272561                     /usr/share/texmf/fonts/type1/public/lm/lmex10.pfb
7fac9adbc000-7fac9adde000 r-xs 00000000 08:22 272589                     /usr/share/texmf/fonts/type1/public/lm/lmro9.pfb
7fac9adde000-7fac9ae00000 r-xs 00000000 08:22 272544                     /usr/share/texmf/fonts/type1/public/lm/lmbo10.pfb
7fac9ae00000-7fac9ae1f000 r-xs 00000000 08:22 272559                     /usr/share/texmf/fonts/type1/public/lm/lmdunh10.pfb
7fac9ae1f000-7fac9ae3d000 r-xs 00000000 08:22 272631                     /usr/share/texmf/fonts/type1/public/lm/lmvtl10.pfb
7fac9ae3d000-7fac9ae5c000 r-xs 00000000 08:22 272543                     /usr/share/texmf/fonts/type1/public/lm/lmb10.pfb
7fac9ae5c000-7fac9ae64000 r-xs 00000000 08:22 272563                     /usr/share/texmf/fonts/type1/public/lm/lmmi12.pfb
7fac9ae64000-7fac9ae6b000 r-xs 00000000 08:22 272609                     /usr/share/texmf/fonts/type1/public/lm/lmsy5.pfb
7fac9ae6b000-7fac9ae8a000 r-xs 00000000 08:22 272551                     /usr/share/texmf/fonts/type1/public/lm/lmbx6.pfb
7fac9ae8a000-7fac9aea5000 r-xs 00000000 08:22 272602                     /usr/share/texmf/fonts/type1/public/lm/lmsso8.pfb
7fac9aea5000-7fac9aead000 r-xs 00000000 08:22 272565                     /usr/share/texmf/fonts/type1/public/lm/lmmi6.pfb
7fac9aead000-7fac9aece000 r-xs 00000000 08:22 272634                     /usr/share/texmf/fonts/type1/public/lm/lmvtto10.pfb
7fac9aece000-7fac9aeea000 r-xs 00000000 08:22 272555                     /usr/share/texmf/fonts/type1/public/lm/lmbxi10.pfb
7fac9aeea000-7fac9af07000 r-xs 00000000 08:22 272604                     /usr/share/texmf/fonts/type1/public/lm/lmssq8.pfb
7fac9af07000-7fac9af27000 r-xs 00000000 08:22 272615                     /usr/share/texmf/fonts/type1/public/lm/lmtcso10.pfb
7fac9af27000-7fac9af48000 r-xs 00000000 08:22 272588                     /usr/share/texmf/fonts/type1/public/lm/lmro8.pfb
7fac9af48000-7fac9af67000 r-xs 00000000 08:22 272605                     /usr/share/texmf/fonts/type1/public/lm/lmssqbo8.pfb
7fac9af67000-7fac9af87000 r-xs 00000000 08:22 272607                     /usr/share/texmf/fonts/type1/public/lm/lmssqo8.pfb
7fac9af87000-7fac9af9f000 r-xs 00000000 08:22 272591                     /usr/share/texmf/fonts/type1/public/lm/lmss12.pfb
7fac9af9f000-7fac9afbc000 r-xs 00000000 08:22 272633                     /usr/share/texmf/fonts/type1/public/lm/lmvtt10.pfb
7fac9afbc000-7fac9afd8000 r-xs 00000000 08:22 272582                     /usr/share/texmf/fonts/type1/public/lm/lmri7.pfb
7fac9afd8000-7fac9aff7000 r-xs 00000000 08:22 272586                     /usr/share/texmf/fonts/type1/public/lm/lmro12.pfb
7fac9aff7000-7fac9afff000 r-xs 00000000 08:22 272571                     /usr/share/texmf/fonts/type1/public/lm/lmmib7.pfb
7fac9afff000-7fac9b01d000 r-xs 00000000 08:22 272575                     /usr/share/texmf/fonts/type1/public/lm/lmr5.pfb
7fac9b01d000-7fac9b03a000 r-xs 00000000 08:22 272550                     /usr/share/texmf/fonts/type1/public/lm/lmbx5.pfb
7fac9b03a000-7fac9b05d000 r-xs 00000000 08:22 272617                     /usr/share/texmf/fonts/type1/public/lm/lmtko10.pfb
7fac9b05d000-7fac9b07b000 r-xs 00000000 08:22 272578                     /usr/share/texmf/fonts/type1/public/lm/lmr8.pfb
7fac9b07b000-7fac9b096000 r-xs 00000000 08:22 272581                     /usr/share/texmf/fonts/type1/public/lm/lmri12.pfb
7fac9b096000-7fac9b0b4000 r-xs 00000000 08:22 272552                     /usr/share/texmf/fonts/type1/public/lm/lmbx7.pfb
7fac9b0b4000-7fac9b0d3000 r-xs 00000000 08:22 272554                     /usr/share/texmf/fonts/type1/public/lm/lmbx9.pfb
7fac9b0d3000-7fac9b0f5000 r-xs 00000000 08:22 272598                     /usr/share/texmf/fonts/type1/public/lm/lmssdo10.pfb
7fac9b0f5000-7fac9b112000 r-xs 00000000 08:22 272597                     /usr/share/texmf/fonts/type1/public/lm/lmssdc10.pfb
7fac9b112000-7fac9b119000 r-xs 00000000 08:22 272608                     /usr/share/texmf/fonts/type1/public/lm/lmsy10.pfb
7fac9b119000-7fac9b132000 r-xs 00000000 08:22 272626                     /usr/share/texmf/fonts/type1/public/lm/lmtti10.pfb
7fac9b132000-7fac9b14f000 r-xs 00000000 08:22 272557                     /usr/share/texmf/fonts/type1/public/lm/lmcsc10.pfb
7fac9b14f000-7fac9b157000 r-xs 00000000 08:22 272570                     /usr/share/texmf/fonts/type1/public/lm/lmmib5.pfb
7fac9b157000-7fac9b172000 r-xs 00000000 08:22 272600                     /usr/share/texmf/fonts/type1/public/lm/lmsso12.pfb
7fac9b172000-7fac9b190000 r-xs 00000000 08:22 272579                     /usr/share/texmf/fonts/type1/public/lm/lmr9.pfb
7fac9b190000-7fac9b197000 r-xs 00000000 08:22 272613                     /usr/share/texmf/fonts/type1/public/lm/lmsy9.pfb
7fac9b197000-7fac9b1b5000 r-xs 00000000 08:22 272548                     /usr/share/texmf/fonts/type1/public/lm/lmbx10.pfb
7fac9b1b5000-7fac9b1bd000 r-xs 00000000 08:22 272568                     /usr/share/texmf/fonts/type1/public/lm/lmmi9.pfb
7fac9b1bd000-7fac9b1c4000 r-xs 00000000 08:22 272611                     /usr/share/texmf/fonts/type1/public/lm/lmsy7.pfb
7fac9b1c4000-7fac9b1dc000 r-xs 00000000 08:22 272594                     /usr/share/texmf/fonts/type1/public/lm/lmss9.pfb
7fac9b1dc000-7fac9b1fd000 r-xs 00000000 08:22 272585                     /usr/share/texmf/fonts/type1/public/lm/lmro10.pfb
7fac9b1fd000-7fac9b21c000 r-xs 00000000 08:22 272553                     /usr/share/texmf/fonts/type1/public/lm/lmbx8.pfb
7fac9b21c000-7fac9b223000 r-xs 00000000 08:22 272612                     /usr/share/texmf/fonts/type1/public/lm/lmsy8.pfb
7fac9b223000-7fac9b23f000 r-xs 00000000 08:22 272573                     /usr/share/texmf/fonts/type1/public/lm/lmr12.pfb
7fac9b23f000-7fac9b25d000 r-xs 00000000 08:22 272596                     /usr/share/texmf/fonts/type1/public/lm/lmssbx10.pfb
7fac9b25d000-7fac9b275000 r-xs 00000000 08:22 272590                     /usr/share/texmf/fonts/type1/public/lm/lmss10.pfb
7fac9b275000-7fac9b294000 r-xs 00000000 08:22 272629                     /usr/share/texmf/fonts/type1/public/lm/lmvtk10.pfb
7fac9b294000-7fac9b2af000 r-xs 00000000 08:22 272623                     /usr/share/texmf/fonts/type1/public/lm/lmtt12.pfb
7fac9b2af000-7fac9b2d1000 r-xs 00000000 08:22 272556                     /usr/share/texmf/fonts/type1/public/lm/lmbxo10.pfb
7fac9b2d1000-7fac9b2ee000 r-xs 00000000 08:22 272549                     /usr/share/texmf/fonts/type1/public/lm/lmbx12.pfb
7fac9b2ee000-7fac9b306000 r-xs 00000000 08:22 272592                     /usr/share/texmf/fonts/type1/public/lm/lmss17.pfb
7fac9b306000-7fac9b321000 r-xs 00000000 08:22 272601                     /usr/share/texmf/fonts/type1/public/lm/lmsso17.pfb
7fac9b321000-7fac9b346000 r-xs 00000000 08:22 272630                     /usr/share/texmf/fonts/type1/public/lm/lmvtko10.pfb
7fac9b346000-7fac9b365000 r-xs 00000000 08:22 272627                     /usr/share/texmf/fonts/type1/public/lm/lmtto10.pfb
7fac9b365000-7fac9b36d000 r-xs 00000000 08:22 272569                     /usr/share/texmf/fonts/type1/public/lm/lmmib10.pfb
7fac9b36d000-7fac9b387000 r-xs 00000000 08:22 272618                     /usr/share/texmf/fonts/type1/public/lm/lmtl10.pfb
7fac9b387000-7fac9b3a9000 r-xs 00000000 08:22 272632                     /usr/share/texmf/fonts/type1/public/lm/lmvtlo10.pfb
7fac9b3a9000-7fac9b3c4000 r-xs 00000000 08:22 272599                     /usr/share/texmf/fonts/type1/public/lm/lmsso10.pfb
7fac9b3c4000-7fac9b3e0000 r-xs 00000000 08:22 272628                     /usr/share/texmf/fonts/type1/public/lm/lmu10.pfb
7fac9b3e0000-7fac9b3fb000 r-xs 00000000 08:22 272584                     /usr/share/texmf/fonts/type1/public/lm/lmri9.pfb
7fac9b3fb000-7fac9b41a000 r-xs 00000000 08:22 272621                     /usr/share/texmf/fonts/type1/public/lm/lmtlo10.pfb
7fac9b41a000-7fac9b421000 r-xp 00000000 08:22 1189392                    /usr/lib/jvm/java-6-sun-1.6.0.26/jre/lib/amd64/libnio.so
7fac9b421000-7fac9b520000 ---p 00007000 08:22 1189392                    /usr/lib/jvm/java-6-sun-1.6.0.26/jre/lib/amd64/libnio.so
7fac9b520000-7fac9b522000 rwxp 00006000 08:22 1189392                    /usr/lib/jvm/java-6-sun-1.6.0.26/jre/lib/amd64/libnio.so
7fac9b522000-7fac9b525000 ---p 00000000 00:00 0 
7fac9b525000-7fac9b623000 rwxp 00000000 00:00 0 
7fac9b623000-7fac9b636000 r-xp 00000000 08:22 1189407                    /usr/lib/jvm/java-6-sun-1.6.0.26/jre/lib/amd64/libnet.so
7fac9b636000-7fac9b737000 ---p 00013000 08:22 1189407                    /usr/lib/jvm/java-6-sun-1.6.0.26/jre/lib/amd64/libnet.so
7fac9b737000-7fac9b73a000 rwxp 00014000 08:22 1189407                    /usr/lib/jvm/java-6-sun-1.6.0.26/jre/lib/amd64/libnet.so
7fac9b73a000-7fac9b83a000 rwxs 62b2e000 00:05 6006                       /dev/nvidia1
7fac9b83a000-7fac9b83b000 rwxs b2c03000 00:05 6006                       /dev/nvidia1
7fac9b83b000-7fac9b93b000 rwxs 39935000 00:05 6006                       /dev/nvidia1
7fac9b93b000-7fac9bb4b000 rwxp 00000000 00:00 0 
7fac9bb4b000-7fac9c3bb000 rwxs c0000000 00:05 6006                       /dev/nvidia1
7fac9c3bb000-7fac9c3bd000 r-xp 00000000 08:24 680267                     /home/bguaman/workspace/mt4j-desktop/libjogl_awt.so
7fac9c3bd000-7fac9c4bc000 ---p 00002000 08:24 680267                     /home/bguaman/workspace/mt4j-desktop/libjogl_awt.so
7fac9c4bc000-7fac9c4bd000 rwxp 00001000 08:24 680267                     /home/bguaman/workspace/mt4j-desktop/libjogl_awt.so
7fac9c4bd000-7fac9c4be000 r-xp 00000000 08:22 1189436                    /usr/lib/jvm/java-6-sun-1.6.0.26/jre/lib/amd64/libjawt.so
7fac9c4be000-7fac9c5bd000 ---p 00001000 08:22 1189436                    /usr/lib/jvm/java-6-sun-1.6.0.26/jre/lib/amd64/libjawt.so
7fac9c5bd000-7fac9c5be000 rwxp 00000000 08:22 1189436                    /usr/lib/jvm/java-6-sun-1.6.0.26/jre/lib/amd64/libjawt.so
7fac9c5be000-7fac9c5c3000 r-xp 00000000 08:22 1182806                    /usr/lib/x86_64-linux-gnu/libXxf86vm.so.1.0.0
7fac9c5c3000-7fac9c7c2000 ---p 00005000 08:22 1182806                    /usr/lib/x86_64-linux-gnu/libXxf86vm.so.1.0.0
7fac9c7c2000-7fac9c7c3000 r-xp 00004000 08:22 1182806                    /usr/lib/x86_64-linux-gnu/libXxf86vm.so.1.0.0
7fac9c7c3000-7fac9c7c4000 rwxp 00005000 08:22 1182806                    /usr/lib/x86_64-linux-gnu/libXxf86vm.so.1.0.0
7fac9c7c4000-7fac9c8b3000 r-xp 00000000 08:24 680264                     /home/bguaman/workspace/mt4j-desktop/libjogl.so
7fac9c8b3000-7fac9c9b3000 ---p 000ef000 08:24 680264                     /home/bguaman/workspace/mt4j-desktop/libjogl.so
7fac9c9b3000-7fac9c9b4000 rwxp 000ef000 08:24 680264                     /home/bguaman/workspace/mt4j-desktop/libjogl.so
7fac9c9b4000-7fac9de02000 r-xp 00000000 08:22 1184078                    /usr/lib/nvidia-current/libnvidia-glcore.so.270.41.06
7fac9de02000-7fac9e002000 ---p 0144e000 08:22 1184078                    /usr/lib/nvidia-current/libnvidia-glcore.so.270.41.06
7fac9e002000-7fac9e5ea000 rwxp 0144e000 08:22 1184078                    /usr/lib/nvidia-current/libnvidia-glcore.so.270.41.06
7fac9e5ea000-7fac9e601000 rwxp 00000000 00:00 0 
7fac9e601000-7fac9e602000 r-xp 00000000 08:22 1180743                    /usr/lib/nvidia-current/tls/libnvidia-tls.so.270.41.06
7fac9e602000-7fac9e802000 ---p 00001000 08:22 1180743                    /usr/lib/nvidia-current/tls/libnvidia-tls.so.270.41.06
7fac9e802000-7fac9e803000 rwxp 00001000 08:22 1180743                    /usr/lib/nvidia-current/tls/libnvidia-tls.so.270.41.06
7fac9e803000-7fac9e8c0000 r-xp 00000000 08:22 1183145                    /usr/lib/nvidia-current/libGL.so.270.41.06
7fac9e8c0000-7fac9eac0000 ---p 000bd000 08:22 1183145                    /usr/lib/nvidia-current/libGL.so.270.41.06
7fac9eac0000-7fac9eaf9000 rwxp 000bd000 08:22 1183145                    /usr/lib/nvidia-current/libGL.so.270.41.06
7fac9eaf9000-7fac9eb0f000 rwxp 00000000 00:00 0 
7fac9eb0f000-7fac9eb10000 r-xp 00000000 08:24 659506                     /home/bguaman/workspace/mt4j-desktop/libgluegen-rt.so
7fac9eb10000-7fac9ec0f000 ---p 00001000 08:24 659506                     /home/bguaman/workspace/mt4j-desktop/libgluegen-rt.so
7fac9ec0f000-7fac9ec10000 rwxp 00000000 08:24 659506                     /home/bguaman/workspace/mt4j-desktop/libgluegen-rt.so
7fac9ec10000-7fac9ec13000 ---p 00000000 00:00 0 
7fac9ec13000-7fac9ed11000 rwxp 00000000 00:00 0 
7fac9ed11000-7fac9ed14000 ---p 00000000 00:00 0 
7fac9ed14000-7fac9ee12000 rwxp 00000000 00:00 0 
7fac9ee12000-7fac9ee15000 ---p 00000000 00:00 0 
7fac9ee15000-7fac9ef13000 rwxp 00000000 00:00 0 
7fac9ef13000-7fac9ef1c000 r-xs 00000000 08:22 2621606                    /var/cache/fontconfig/945677eb7aeaf62f1d50efc3fb3ec7d8-le64.cache-3
7fac9ef1c000-7fac9ef2c000 r-xs 00000000 08:22 2621593                    /var/cache/fontconfig/0f34bcd4b6ee430af32735b75db7f02b-le64.cache-3
7fac9ef34000-7fac9ef4f000 r-xs 00000000 08:22 272583                     /usr/share/texmf/fonts/type1/public/lm/lmri8.pfb
7fac9ef4f000-7fac9ef70000 r-xs 00000000 08:22 272587                     /usr/share/texmf/fonts/type1/public/lm/lmro17.pfb
7fac9ef70000-7fac9ef78000 r-xs 00000000 08:22 272564                     /usr/share/texmf/fonts/type1/public/lm/lmmi5.pfb
7fac9ef78000-7fac9ef9a000 r-xs 00000000 08:22 272620                     /usr/share/texmf/fonts/type1/public/lm/lmtlco10.pfb
7fac9ef9a000-7fac9efda000 rwxs cff7e000 00:05 6006                       /dev/nvidia1
7fac9efda000-7fac9eff5000 rwxs 13f000000 00:05 6006                      /dev/nvidia1
7fac9eff5000-7fac9eff8000 ---p 00000000 00:00 0 
7fac9eff8000-7fac9f0f6000 rwxp 00000000 00:00 0 
7fac9f0f6000-7fac9f0f9000 ---p 00000000 00:00 0 
7fac9f0f9000-7fac9f1f7000 rwxp 00000000 00:00 0 
7fac9f1f7000-7fac9f1fc000 r-xp 00000000 08:22 1180715                    /usr/lib/x86_64-linux-gnu/libXfixes.so.3.1.0
7fac9f1fc000-7fac9f3fb000 ---p 00005000 08:22 1180715                    /usr/lib/x86_64-linux-gnu/libXfixes.so.3.1.0
7fac9f3fb000-7fac9f3fc000 r-xp 00004000 08:22 1180715                    /usr/lib/x86_64-linux-gnu/libXfixes.so.3.1.0
7fac9f3fc000-7fac9f3fd000 rwxp 00005000 08:22 1180715                    /usr/lib/x86_64-linux-gnu/libXfixes.so.3.1.0
7fac9f3fd000-7fac9f406000 r-xp 00000000 08:22 1180172                    /usr/lib/x86_64-linux-gnu/libXrender.so.1.3.0
7fac9f406000-7fac9f606000 ---p 00009000 08:22 1180172                    /usr/lib/x86_64-linux-gnu/libXrender.so.1.3.0
7fac9f606000-7fac9f607000 r-xp 00009000 08:22 1180172                    /usr/lib/x86_64-linux-gnu/libXrender.so.1.3.0
7fac9f607000-7fac9f608000 rwxp 0000a000 08:22 1180172                    /usr/lib/x86_64-linux-gnu/libXrender.so.1.3.0
7fac9f608000-7fac9f611000 r-xp 00000000 08:22 1188068                    /usr/lib/x86_64-linux-gnu/libXcursor.so.1.0.2
7fac9f611000-7fac9f810000 ---p 00009000 08:22 1188068                    /usr/lib/x86_64-linux-gnu/libXcursor.so.1.0.2
7fac9f810000-7fac9f811000 r-xp 00008000 08:22 1188068                    /usr/lib/x86_64-linux-gnu/libXcursor.so.1.0.2
7fac9f811000-7fac9f812000 rwxp 00009000 08:22 1188068                    /usr/lib/x86_64-linux-gnu/libXcursor.so.1.0.2
7fac9f816000-7fac9f81e000 r-xs 00000000 08:22 272546                     /usr/share/texmf/fonts/type1/public/lm/lmbsy5.pfb
7fac9f81e000-7fac9f822000 rwxs 36e9a000 00:05 6006                       /dev/nvidia1
7fac9f822000-7fac9f823000 rwxs cffbe000 00:05 6006                       /dev/nvidia1
7fac9f823000-7fac9f824000 rwxs 62ba3000 00:05 6006                       /dev/nvidia1
7fac9f824000-7fac9f825000 rwxs 62ba2000 00:05 6006                       /dev/nvidia1
7fac9f825000-7fac9f826000 rwxs 62a86000 00:05 6006                       /dev/nvidia1
7fac9f826000-7fac9f827000 rwxs b2001000 00:05 6006                       /dev/nvidia1
7fac9f827000-7fac9f829000 r-xs 0000b000 08:24 2107912                    /home/bguaman/workspace/mt4j-desktop/lib/tuio/tuio4j.jar
7fac9f829000-7fac9f835000 r-xs 0010f000 08:24 678557                     /home/bguaman/workspace/mt4j-desktop/lib/jogl/jogl.jar
7fac9f835000-7fac9f836000 r-xs 00005000 08:24 678552                     /home/bguaman/workspace/mt4j-desktop/lib/jogl/opengl.jar
7fac9f836000-7fac9f838000 r-xs 0005b000 08:24 678565                     /home/bguaman/workspace/mt4j-desktop/lib/core.jar
7fac9f838000-7fac9f83d000 r-xs 00010000 08:24 1190174                    /home/bguaman/workspace/mt4j-core/lib/xml-apis-ext.jar
7fac9f83d000-7fac9f8b6000 r-xp 00000000 08:22 1189423                    /usr/lib/jvm/java-6-sun-1.6.0.26/jre/lib/amd64/libfontmanager.so
7fac9f8b6000-7fac9f9b5000 ---p 00079000 08:22 1189423                    /usr/lib/jvm/java-6-sun-1.6.0.26/jre/lib/amd64/libfontmanager.so
7fac9f9b5000-7fac9f9ca000 rwxp 00078000 08:22 1189423                    /usr/lib/jvm/java-6-sun-1.6.0.26/jre/lib/amd64/libfontmanager.so
7fac9f9ca000-7fac9f9db000 rwxp 00000000 00:00 0 
7fac9f9db000-7fac9f9e0000 r-xp 00000000 08:22 1187279                    /usr/lib/x86_64-linux-gnu/libXdmcp.so.6.0.0
7fac9f9e0000-7fac9fbdf000 ---p 00005000 08:22 1187279                    /usr/lib/x86_64-linux-gnu/libXdmcp.so.6.0.0
7fac9fbdf000-7fac9fbe0000 r-xp 00004000 08:22 1187279                    /usr/lib/x86_64-linux-gnu/libXdmcp.so.6.0.0
7fac9fbe0000-7fac9fbe1000 rwxp 00005000 08:22 1187279                    /usr/lib/x86_64-linux-gnu/libXdmcp.so.6.0.0
7fac9fbe1000-7fac9fbe3000 r-xp 00000000 08:22 1187247                    /usr/lib/x86_64-linux-gnu/libXau.so.6.0.0
7fac9fbe3000-7fac9fde2000 ---p 00002000 08:22 1187247                    /usr/lib/x86_64-linux-gnu/libXau.so.6.0.0
7fac9fde2000-7fac9fde3000 r-xp 00001000 08:22 1187247                    /usr/lib/x86_64-linux-gnu/libXau.so.6.0.0
7fac9fde3000-7fac9fde4000 rwxp 00002000 08:22 1187247                    /usr/lib/x86_64-linux-gnu/libXau.so.6.0.0
7fac9fde4000-7fac9fdff000 r-xp 00000000 08:22 1187284                    /usr/lib/x86_64-linux-gnu/libxcb.so.1.1.0
7fac9fdff000-7fac9fffe000 ---p 0001b000 08:22 1187284                    /usr/lib/x86_64-linux-gnu/libxcb.so.1.1.0
7fac9fffe000-7fac9ffff000 r-xp 0001a000 08:22 1187284                    /usr/lib/x86_64-linux-gnu/libxcb.so.1.1.0
7fac9ffff000-7faca0000000 rwxp 0001b000 08:22 1187284                    /usr/lib/x86_64-linux-gnu/libxcb.so.1.1.0
7faca0000000-7faca2202000 rwxp 00000000 00:00 0 
7faca2202000-7faca4000000 ---p 00000000 00:00 0 
7faca4000000-7faca4002000 r-xs 0000a000 08:24 678566                     /home/bguaman/workspace/mt4j-desktop/lib/muito_blobtracking.jar
7faca4002000-7faca4004000 r-xs 00004000 08:24 678547                     /home/bguaman/workspace/mt4j-desktop/lib/jogl/gluegen-rt.jar
7faca4004000-7faca4006000 r-xs 00000000 08:22 2621574                    /var/cache/fontconfig/99e8ed0e538f840c565b6ed5dad60d56-le64.cache-3
7faca4006000-7faca4009000 r-xs 00000000 08:22 2621604                    /var/cache/fontconfig/e383d7ea5fbe662a33d9b44caf393297-le64.cache-3
7faca4009000-7faca400b000 r-xs 00000000 08:22 2621603                    /var/cache/fontconfig/2cd17615ca594fa2959ae173292e504c-le64.cache-3
7faca400b000-7faca4039000 r-xs 00000000 08:22 2621591                    /var/cache/fontconfig/365b55f210c0a22e9a19e35191240f32-le64.cache-3
7faca4039000-7faca403c000 ---p 00000000 00:00 0 
7faca403c000-7faca413a000 rwxp 00000000 00:00 0 
7faca413a000-7faca4149000 r-xp 00000000 08:22 1188155                    /usr/lib/x86_64-linux-gnu/libXi.so.6.1.0
7faca4149000-7faca4348000 ---p 0000f000 08:22 1188155                    /usr/lib/x86_64-linux-gnu/libXi.so.6.1.0
7faca4348000-7faca4349000 r-xp 0000e000 08:22 1188155                    /usr/lib/x86_64-linux-gnu/libXi.so.6.1.0
7faca4349000-7faca434a000 rwxp 0000f000 08:22 1188155                    /usr/lib/x86_64-linux-gnu/libXi.so.6.1.0
7faca434a000-7faca434f000 r-xp 00000000 08:22 1182462                    /usr/lib/libXtst.so.6.1.0
7faca434f000-7faca454e000 ---p 00005000 08:22 1182462                    /usr/lib/libXtst.so.6.1.0
7faca454e000-7faca454f000 r-xp 00004000 08:22 1182462                    /usr/lib/libXtst.so.6.1.0
7faca454f000-7faca4550000 rwxp 00005000 08:22 1182462                    /usr/lib/libXtst.so.6.1.0
7faca4550000-7faca4685000 r-xp 00000000 08:22 1188489                    /usr/lib/x86_64-linux-gnu/libX11.so.6.3.0
7faca4685000-7faca4885000 ---p 00135000 08:22 1188489                    /usr/lib/x86_64-linux-gnu/libX11.so.6.3.0
7faca4885000-7faca4886000 r-xp 00135000 08:22 1188489                    /usr/lib/x86_64-linux-gnu/libX11.so.6.3.0
7faca4886000-7faca488a000 rwxp 00136000 08:22 1188489                    /usr/lib/x86_64-linux-gnu/libX11.so.6.3.0
7faca488a000-7faca489b000 r-xp 00000000 08:22 1183304                    /usr/lib/x86_64-linux-gnu/libXext.so.6.4.0
7faca489b000-7faca4a9a000 ---p 00011000 08:22 1183304                    /usr/lib/x86_64-linux-gnu/libXext.so.6.4.0
7faca4a9a000-7faca4a9b000 r-xp 00010000 08:22 1183304                    /usr/lib/x86_64-linux-gnu/libXext.so.6.4.0
7faca4a9b000-7faca4a9c000 rwxp 00011000 08:22 1183304                    /usr/lib/x86_64-linux-gnu/libXext.so.6.4.0
7faca4a9c000-7faca4a9d000 r-xs 00003000 08:24 2107913                    /home/bguaman/workspace/mt4j-desktop/lib/tuio/tuio4jinput.jar
7faca4a9d000-7faca4aa1000 r-xs 00000000 08:22 2621600                    /var/cache/fontconfig/6eb3985aa4124903f6ff08ba781cd364-le64.cache-3
7faca4aa1000-7faca4aa2000 r-xs 00000000 08:22 2621599                    /var/cache/fontconfig/4c73fe0c47614734b17d736dbde7580a-le64.cache-3
7faca4aa2000-7faca4aa3000 r-xs 00000000 08:22 2621598                    /var/cache/fontconfig/0d8c3b2ac0904cb8a57a757ad11a4a08-le64.cache-3
7faca4aa3000-7faca4aa4000 r-xs 00000000 08:22 2621597                    /var/cache/fontconfig/6a53c69dea097a2d716e069445527da8-le64.cache-3
7faca4aa4000-7faca4aaa000 r-xs 00000000 08:22 2621596                    /var/cache/fontconfig/a755afe4a08bf5b97852ceb7400b47bc-le64.cache-3
7faca4aaa000-7faca4ab4000 r-xs 00000000 08:22 2621590                    /var/cache/fontconfig/d52a8644073d54c13679302ca1180695-le64.cache-3
7faca4ab4000-7faca4ac7000 r-xs 00000000 08:22 2621573                    /var/cache/fontconfig/e13b20fdb08344e0e664864cc2ede53d-le64.cache-3
7faca4ac7000-7faca4b09000 r-xp 00000000 08:22 1189412                    /usr/lib/jvm/java-6-sun-1.6.0.26/jre/lib/amd64/xawt/libmawt.so
7faca4b09000-7faca4c08000 ---p 00042000 08:22 1189412                    /usr/lib/jvm/java-6-sun-1.6.0.26/jre/lib/amd64/xawt/libmawt.so
7faca4c08000-7faca4c14000 rwxp 00041000 08:22 1189412                    /usr/lib/jvm/java-6-sun-1.6.0.26/jre/lib/amd64/xawt/libmawt.so
7faca4c14000-7faca4c15000 rwxp 00000000 00:00 0 
7faca4c15000-7faca4ca7000 r-xp 00000000 08:22 1189435                    /usr/lib/jvm/java-6-sun-1.6.0.26/jre/lib/amd64/libawt.so
7faca4ca7000-7faca4da6000 ---p 00092000 08:22 1189435                    /usr/lib/jvm/java-6-sun-1.6.0.26/jre/lib/amd64/libawt.so
7faca4da6000-7faca4dc0000 rwxp 00091000 08:22 1189435                    /usr/lib/jvm/java-6-sun-1.6.0.26/jre/lib/amd64/libawt.so
7faca4dc0000-7faca4de4000 rwxp 00000000 00:00 0 
7faca4de4000-7faca4e05000 r-xs 00261000 08:24 1190172                    /home/bguaman/workspace/mt4j-core/lib/mt4j-core.jar
7faca4e05000-7faca4e0d000 r-xs 00045000 08:24 1190178                    /home/bguaman/workspace/mt4j-core/lib/batik-css.jar
7faca4e0d000-7faca4e0e000 r-xs 00006000 08:24 1190173                    /home/bguaman/workspace/mt4j-core/lib/ani.jar
7faca4e0e000-7faca4e0f000 r-xs 00002000 08:24 1722383                    /home/bguaman/workspace/mt4j-desktop/examples/advanced/water/lib/waterScene.jar
7faca4e0f000-7faca4e13000 r-xs 00091000 08:24 534392                     /home/bguaman/workspace/mt4j-desktop/examples/advanced/physics/lib/jbox2d.jar
7faca4e13000-7faca4e15000 r-xs 0000c000 08:24 680828                     /home/bguaman/workspace/mt4j-desktop/examples/advanced/modestMapsMT/lib/modestMaps.jar
7faca4e15000-7faca4e16000 r-xs 00001000 08:24 680669                     /home/bguaman/workspace/mt4j-desktop/examples/advanced/fluidSimulator/lib/MSAFluid.jar
7faca4e16000-7faca4e1a000 r-xs 0005e000 08:24 680788                     /home/bguaman/workspace/mt4j-desktop/examples/advanced/flickrMT/lib/flickrj.jar
7faca4e1a000-7faca4e1c000 r-xs 0003c000 08:24 534101                     /home/bguaman/workspace/mt4j-desktop/extensions/lib/jbullet/vecmath.jar
7faca4e1c000-7faca4e1d000 r-xs 0000b000 08:24 534102                     /home/bguaman/workspace/mt4j-desktop/extensions/lib/jbullet/stack-alloc.jar
7faca4e1d000-7faca4e26000 r-xs 0006c000 08:24 534103                     /home/bguaman/workspace/mt4j-desktop/extensions/lib/jbullet/jbullet.jar
7faca4e26000-7faca4e28000 r-xs 00008000 08:24 678443                     /home/bguaman/workspace/mt4j-desktop/lib/whirlylib/whirlycache-1.0.1.jar
7faca4e28000-7faca4e30000 r-xs 0004f000 08:24 678446                     /home/bguaman/workspace/mt4j-desktop/lib/whirlylib/log4j-1.2.8.jar
7faca4e30000-7faca4e38000 r-xs 00028000 08:24 678540                     /home/bguaman/workspace/mt4j-desktop/lib/batik/xml-apis.jar
7faca4e38000-7faca4e43000 r-xs 000ad000 08:24 678533                     /home/bguaman/workspace/mt4j-desktop/lib/batik/pdf-transcoder.jar
7faca4e43000-7faca4e4b000 r-xs 00074000 08:24 678535                     /home/bguaman/workspace/mt4j-desktop/lib/batik/js.jar
7faca4e4b000-7faca4e4c000 r-xs 00007000 08:24 678522                     /home/bguaman/workspace/mt4j-desktop/lib/batik/batik-xml.jar
7faca4e4c000-7faca4e4f000 r-xs 0001d000 08:24 678530                     /home/bguaman/workspace/mt4j-desktop/lib/batik/batik-util.jar
7faca4e4f000-7faca4e51000 r-xs 0001c000 08:24 678524                     /home/bguaman/workspace/mt4j-desktop/lib/batik/batik-transcoder.jar
7faca4e51000-7faca4e56000 r-xs 00030000 08:24 678519                     /home/bguaman/workspace/mt4j-desktop/lib/batik/batik-svggen.jar
7faca4e56000-7faca4e63000 r-xs 00087000 08:24 678529                     /home/bguaman/workspace/mt4j-desktop/lib/batik/batik-svg-dom.jar
7faca4e63000-7faca4e66000 r-xs 0000d000 08:24 678525                     /home/bguaman/workspace/mt4j-desktop/lib/batik/batik-script.jar
7faca4e66000-7faca4e68000 r-xs 00010000 08:24 678520                     /home/bguaman/workspace/mt4j-desktop/lib/batik/batik-parser.jar
7faca4e68000-7faca4e6c000 r-xs 00038000 08:24 678539                     /home/bguaman/workspace/mt4j-desktop/lib/batik/batik-gvt.jar
7faca4e6c000-7faca4e6e000 r-xs 0000f000 08:24 678528                     /home/bguaman/workspace/mt4j-desktop/lib/batik/batik-extension.jar
7faca4e6e000-7faca4e6f000 r-xs 00002000 08:24 678538                     /home/bguaman/workspace/mt4j-desktop/lib/batik/batik-ext.jar
7faca4e6f000-7faca4e73000 r-xs 00027000 08:24 678513                     /home/bguaman/workspace/mt4j-desktop/lib/batik/batik-dom.jar
7faca4e73000-7faca4e7d000 r-xs 00080000 08:24 678521                     /home/bguaman/workspace/mt4j-desktop/lib/batik/batik-bridge.jar
7faca4e7d000-7faca4e84000 r-xs 0005c000 08:24 678542                     /home/bguaman/workspace/mt4j-desktop/lib/batik/batik-awt-util.jar
7faca4e84000-7faca4e87000 r-xs 00015000 08:24 678517                     /home/bguaman/workspace/mt4j-desktop/lib/batik/batik-anim.jar
7faca4e87000-7faca4e89000 r-xs 00006000 08:24 678564                     /home/bguaman/workspace/mt4j-desktop/lib/mri.jar
7faca4e89000-7faca4e8f000 r-xs 00034000 08:24 678567                     /home/bguaman/workspace/mt4j-desktop/lib/junit-4.8.2.jar
7faca4e8f000-7faca4e90000 r-xs 00002000 08:24 678562                     /home/bguaman/workspace/mt4j-desktop/lib/GlulogicMT.jar
7faca4e90000-7faca4e91000 ---p 00000000 00:00 0 
7faca4e91000-7faca4f91000 rwxp 00000000 00:00 0 
7faca4f91000-7faca4f94000 ---p 00000000 00:00 0 
7faca4f94000-7faca5092000 rwxp 00000000 00:00 0 
7faca5092000-7faca5095000 ---p 00000000 00:00 0 
7faca5095000-7faca5193000 rwxp 00000000 00:00 0 
7faca5193000-7faca5196000 ---p 00000000 00:00 0 
7faca5196000-7faca5294000 rwxp 00000000 00:00 0 
7faca5294000-7faca5297000 ---p 00000000 00:00 0 
7faca5297000-7faca5395000 rwxp 00000000 00:00 0 
7faca5395000-7faca563a000 r-xp 00000000 08:22 1179791                    /usr/lib/locale/locale-archive
7faca563a000-7faca563d000 ---p 00000000 00:00 0 
7faca563d000-7faca573b000 rwxp 00000000 00:00 0 
7faca573b000-7faca573e000 ---p 00000000 00:00 0 
7faca573e000-7faca583c000 rwxp 00000000 00:00 0 
7faca583c000-7faca583d000 ---p 00000000 00:00 0 
7faca583d000-7faca5e76000 rwxp 00000000 00:00 0 
7faca5e76000-7faca600e000 r-xs 03029000 08:22 1202981                    /usr/lib/jvm/java-6-sun-1.6.0.26/jre/lib/rt.jar
7faca600e000-7faca6036000 rwxp 00000000 00:00 0 
7faca6036000-7faca6037000 ---p 00000000 00:00 0 
7faca6037000-7faca6137000 rwxp 00000000 00:00 0 
7faca6137000-7faca6138000 ---p 00000000 00:00 0 
7faca6138000-7faca6238000 rwxp 00000000 00:00 0 
7faca6238000-7faca6239000 ---p 00000000 00:00 0 
7faca6239000-7faca6339000 rwxp 00000000 00:00 0 
7faca6339000-7faca633a000 ---p 00000000 00:00 0 
7faca633a000-7faca6445000 rwxp 00000000 00:00 0 
7faca6445000-7faca6463000 rwxp 00000000 00:00 0 
7faca6463000-7faca6478000 rwxp 00000000 00:00 0 
7faca6478000-7faca65ae000 rwxp 00000000 00:00 0 
7faca65ae000-7faca65b9000 rwxp 00000000 00:00 0 
7faca65b9000-7faca65d7000 rwxp 00000000 00:00 0 
7faca65d7000-7faca65ec000 rwxp 00000000 00:00 0 
7faca65ec000-7faca6721000 rwxp 00000000 00:00 0 
7faca6721000-7faca6744000 rwxp 00000000 00:00 0 
7faca6744000-7faca67c7000 rwxp 00000000 00:00 0 
7faca67c7000-7faca6a38000 rwxp 00000000 00:00 0 
7faca6a38000-7faca97c8000 rwxp 00000000 00:00 0 
7faca97c8000-7faca97d6000 r-xp 00000000 08:22 1189430                    /usr/lib/jvm/java-6-sun-1.6.0.26/jre/lib/amd64/libzip.so
7faca97d6000-7faca98d8000 ---p 0000e000 08:22 1189430                    /usr/lib/jvm/java-6-sun-1.6.0.26/jre/lib/amd64/libzip.so
7faca98d8000-7faca98db000 rwxp 00010000 08:22 1189430                    /usr/lib/jvm/java-6-sun-1.6.0.26/jre/lib/amd64/libzip.so
7faca98db000-7faca98dc000 rwxp 00000000 00:00 0 
7faca98dc000-7faca98e8000 r-xp 00000000 08:22 1837256                    /lib/x86_64-linux-gnu/libnss_files-2.13.so
7faca98e8000-7faca9ae7000 ---p 0000c000 08:22 1837256                    /lib/x86_64-linux-gnu/libnss_files-2.13.so
7faca9ae7000-7faca9ae8000 r-xp 0000b000 08:22 1837256                    /lib/x86_64-linux-gnu/libnss_files-2.13.so
7faca9ae8000-7faca9ae9000 rwxp 0000c000 08:22 1837256                    /lib/x86_64-linux-gnu/libnss_files-2.13.so
7faca9ae9000-7faca9af4000 r-xp 00000000 08:22 1837260                    /lib/x86_64-linux-gnu/libnss_nis-2.13.so
7faca9af4000-7faca9cf3000 ---p 0000b000 08:22 1837260                    /lib/x86_64-linux-gnu/libnss_nis-2.13.so
7faca9cf3000-7faca9cf4000 r-xp 0000a000 08:22 1837260                    /lib/x86_64-linux-gnu/libnss_nis-2.13.so
7faca9cf4000-7faca9cf5000 rwxp 0000b000 08:22 1837260                    /lib/x86_64-linux-gnu/libnss_nis-2.13.so
7faca9cf5000-7faca9cfd000 r-xp 00000000 08:22 1837252                    /lib/x86_64-linux-gnu/libnss_compat-2.13.so
7faca9cfd000-7faca9efc000 ---p 00008000 08:22 1837252                    /lib/x86_64-linux-gnu/libnss_compat-2.13.so
7faca9efc000-7faca9efd000 r-xp 00007000 08:22 1837252                    /lib/x86_64-linux-gnu/libnss_compat-2.13.so
7faca9efd000-7faca9efe000 rwxp 00008000 08:22 1837252                    /lib/x86_64-linux-gnu/libnss_compat-2.13.so
7faca9efe000-7faca9f15000 r-xp 00000000 08:22 1837250                    /lib/x86_64-linux-gnu/libnsl-2.13.so
7faca9f15000-7facaa114000 ---p 00017000 08:22 1837250                    /lib/x86_64-linux-gnu/libnsl-2.13.so
7facaa114000-7facaa115000 r-xp 00016000 08:22 1837250                    /lib/x86_64-linux-gnu/libnsl-2.13.so
7facaa115000-7facaa116000 rwxp 00017000 08:22 1837250                    /lib/x86_64-linux-gnu/libnsl-2.13.so
7facaa116000-7facaa118000 rwxp 00000000 00:00 0 
7facaa118000-7facaa141000 r-xp 00000000 08:22 1189429                    /usr/lib/jvm/java-6-sun-1.6.0.26/jre/lib/amd64/libjava.so
7facaa141000-7facaa240000 ---p 00029000 08:22 1189429                    /usr/lib/jvm/java-6-sun-1.6.0.26/jre/lib/amd64/libjava.so
7facaa240000-7facaa247000 rwxp 00028000 08:22 1189429                    /usr/lib/jvm/java-6-sun-1.6.0.26/jre/lib/amd64/libjava.so
7facaa247000-7facaa254000 r-xp 00000000 08:22 1189406                    /usr/lib/jvm/java-6-sun-1.6.0.26/jre/lib/amd64/libverify.so
7facaa254000-7facaa353000 ---p 0000d000 08:22 1189406                    /usr/lib/jvm/java-6-sun-1.6.0.26/jre/lib/amd64/libverify.so
7facaa353000-7facaa356000 rwxp 0000c000 08:22 1189406                    /usr/lib/jvm/java-6-sun-1.6.0.26/jre/lib/amd64/libverify.so
7facaa356000-7facaa35d000 r-xp 00000000 08:22 1837270                    /lib/x86_64-linux-gnu/librt-2.13.so
7facaa35d000-7facaa55c000 ---p 00007000 08:22 1837270                    /lib/x86_64-linux-gnu/librt-2.13.so
7facaa55c000-7facaa55d000 r-xp 00006000 08:22 1837270                    /lib/x86_64-linux-gnu/librt-2.13.so
7facaa55d000-7facaa55e000 rwxp 00007000 08:22 1837270                    /lib/x86_64-linux-gnu/librt-2.13.so
7facaa55e000-7facaa561000 ---p 00000000 00:00 0 
7facaa561000-7facaa65f000 rwxp 00000000 00:00 0 
7facaa65f000-7facaa6e3000 r-xp 00000000 08:22 1837246                    /lib/x86_64-linux-gnu/libm-2.13.so
7facaa6e3000-7facaa8e2000 ---p 00084000 08:22 1837246                    /lib/x86_64-linux-gnu/libm-2.13.so
7facaa8e2000-7facaa8e3000 r-xp 00083000 08:22 1837246                    /lib/x86_64-linux-gnu/libm-2.13.so
7facaa8e3000-7facaa8e4000 rwxp 00084000 08:22 1837246                    /lib/x86_64-linux-gnu/libm-2.13.so
7facaa8e4000-7facab1fe000 r-xp 00000000 08:22 1189432                    /usr/lib/jvm/java-6-sun-1.6.0.26/jre/lib/amd64/server/libjvm.so
7facab1fe000-7facab300000 ---p 0091a000 08:22 1189432                    /usr/lib/jvm/java-6-sun-1.6.0.26/jre/lib/amd64/server/libjvm.so
7facab300000-7facab4b5000 rwxp 0091c000 08:22 1189432                    /usr/lib/jvm/java-6-sun-1.6.0.26/jre/lib/amd64/server/libjvm.so
7facab4b5000-7facab4ef000 rwxp 00000000 00:00 0 
7facab4ef000-7facab679000 r-xp 00000000 08:22 1837230                    /lib/x86_64-linux-gnu/libc-2.13.so
7facab679000-7facab878000 ---p 0018a000 08:22 1837230                    /lib/x86_64-linux-gnu/libc-2.13.so
7facab878000-7facab87c000 r-xp 00189000 08:22 1837230                    /lib/x86_64-linux-gnu/libc-2.13.so
7facab87c000-7facab87d000 rwxp 0018d000 08:22 1837230                    /lib/x86_64-linux-gnu/libc-2.13.so
7facab87d000-7facab883000 rwxp 00000000 00:00 0 
7facab883000-7facab885000 r-xp 00000000 08:22 1837244                    /lib/x86_64-linux-gnu/libdl-2.13.so
7facab885000-7facaba85000 ---p 00002000 08:22 1837244                    /lib/x86_64-linux-gnu/libdl-2.13.so
7facaba85000-7facaba86000 r-xp 00002000 08:22 1837244                    /lib/x86_64-linux-gnu/libdl-2.13.so
7facaba86000-7facaba87000 rwxp 00003000 08:22 1837244                    /lib/x86_64-linux-gnu/libdl-2.13.so
7facaba87000-7facaba9f000 r-xp 00000000 08:22 1837266                    /lib/x86_64-linux-gnu/libpthread-2.13.so
7facaba9f000-7facabc9f000 ---p 00018000 08:22 1837266                    /lib/x86_64-linux-gnu/libpthread-2.13.so
7facabc9f000-7facabca0000 r-xp 00018000 08:22 1837266                    /lib/x86_64-linux-gnu/libpthread-2.13.so
7facabca0000-7facabca1000 rwxp 00019000 08:22 1837266                    /lib/x86_64-linux-gnu/libpthread-2.13.so
7facabca1000-7facabca5000 rwxp 00000000 00:00 0 
7facabca5000-7facabcc6000 r-xp 00000000 08:22 1835033                    /lib/x86_64-linux-gnu/ld-2.13.so
7facabcc6000-7facabcc7000 r-xs 00000000 08:22 2621601                    /var/cache/fontconfig/e7071f4a29fa870f4323321c154eba04-le64.cache-3
7facabcc7000-7facabcca000 r-xs 00000000 08:22 2625717                    /var/cache/fontconfig/b5ea634b0fb353b8ea17632d1f9ef766-le64.cache-3
7facabcca000-7facabcd4000 rwxp 00000000 00:00 0 
7facabcd4000-7facabd8a000 rwxp 00000000 00:00 0 
7facabd8a000-7facabd8d000 rwxp 00000000 00:00 0 
7facabd8d000-7facabd94000 r-xp 00000000 08:22 1189402                    /usr/lib/jvm/java-6-sun-1.6.0.26/jre/lib/amd64/jli/libjli.so
7facabd94000-7facabe95000 ---p 00007000 08:22 1189402                    /usr/lib/jvm/java-6-sun-1.6.0.26/jre/lib/amd64/jli/libjli.so
7facabe95000-7facabe97000 rwxp 00008000 08:22 1189402                    /usr/lib/jvm/java-6-sun-1.6.0.26/jre/lib/amd64/jli/libjli.so
7facabe97000-7facabe98000 rwxp 00000000 00:00 0 
7facabe98000-7facabe99000 r-xs 00000000 08:22 2621607                    /var/cache/fontconfig/c05880de57d1f5e948fdfacc138775d9-le64.cache-3
7facabe99000-7facabe9d000 r-xs 00000000 08:22 2626406                    /var/cache/fontconfig/6d41288fd70b0be22e8c3a91e032eec0-le64.cache-3
7facabe9d000-7facabea0000 r-xs 00000000 08:22 2621592                    /var/cache/fontconfig/d60319d88cac85ba9e1a07bd06cfbb8c-le64.cache-3
7facabea0000-7facabea1000 r-xs 00000000 08:22 2622676                    /var/cache/fontconfig/4794a0821666d79190d59a36cb4f44b5-le64.cache-3
7facabea1000-7facabea5000 r-xs 00000000 08:22 2625713                    /var/cache/fontconfig/7ef2298fde41cc6eeb7af42e48b7d293-le64.cache-3
7facabea5000-7facabeb9000 r-xs 00000000 08:22 2621609                    /var/cache/fontconfig/865f88548240fee46819705c6468c165-le64.cache-3
7facabeb9000-7facabec1000 rwxs 00000000 08:22 2103828                    /tmp/hsperfdata_bguaman/5534
7facabec1000-7facabec2000 rwxp 00000000 00:00 0 
7facabec2000-7facabec3000 r-xp 00000000 00:00 0 
7facabec3000-7facabec5000 rwxp 00000000 00:00 0 
7facabec5000-7facabec6000 r-xp 00020000 08:22 1835033                    /lib/x86_64-linux-gnu/ld-2.13.so
7facabec6000-7facabec8000 rwxp 00021000 08:22 1835033                    /lib/x86_64-linux-gnu/ld-2.13.so
7ffff1a09000-7ffff1a2b000 rwxp 00000000 00:00 0                          [stack]
7ffff1b99000-7ffff1b9a000 r-xp 00000000 00:00 0                          [vdso]
ffffffffff600000-ffffffffff601000 r-xp 00000000 00:00 0                  [vsyscall]

VM Arguments:
jvm_args: -Djava.library.path=/home/bguaman/workspace/mt4j-desktop -Dfile.encoding=UTF-8 
java_command: advanced.physics.StartGlobitos
Launcher Type: SUN_STANDARD

Environment Variables:
PATH=/usr/local/sbin:/usr/local/bin:/usr/sbin:/usr/bin:/sbin:/bin:/usr/games
USERNAME=bguaman
LD_LIBRARY_PATH=/usr/lib/jvm/java-6-sun-1.6.0.26/jre/lib/amd64/server:/usr/lib/jvm/java-6-sun-1.6.0.26/jre/lib/amd64:/usr/lib/jvm/java-6-sun-1.6.0.26/jre/../lib/amd64:/usr/lib/xulrunner-1.9.2.17
SHELL=/bin/bash
DISPLAY=:0.0

Signal Handlers:
SIGSEGV: [libjvm.so+0x85f800], sa_mask[0]=0x7ffbfeff, sa_flags=0x10000004
SIGBUS: [libjvm.so+0x85f800], sa_mask[0]=0x7ffbfeff, sa_flags=0x10000004
SIGFPE: [libjvm.so+0x70e300], sa_mask[0]=0x7ffbfeff, sa_flags=0x10000004
SIGPIPE: [libjvm.so+0x70e300], sa_mask[0]=0x7ffbfeff, sa_flags=0x10000004
SIGXFSZ: [libjvm.so+0x70e300], sa_mask[0]=0x7ffbfeff, sa_flags=0x10000004
SIGILL: [libjvm.so+0x70e300], sa_mask[0]=0x7ffbfeff, sa_flags=0x10000004
SIGUSR1: SIG_DFL, sa_mask[0]=0x00000000, sa_flags=0x00000000
SIGUSR2: [libjvm.so+0x711110], sa_mask[0]=0x00000004, sa_flags=0x10000004
SIGHUP: [libjvm.so+0x710d10], sa_mask[0]=0x7ffbfeff, sa_flags=0x10000004
SIGINT: [libjvm.so+0x710d10], sa_mask[0]=0x7ffbfeff, sa_flags=0x10000004
SIGTERM: [libjvm.so+0x710d10], sa_mask[0]=0x7ffbfeff, sa_flags=0x10000004
SIGQUIT: [libjvm.so+0x710d10], sa_mask[0]=0x7ffbfeff, sa_flags=0x10000004


---------------  S Y S T E M  ---------------

OS:squeeze/sid

uname:Linux 2.6.38-13-generic #54-Ubuntu SMP Tue Jan 3 13:38:12 UTC 2012 x86_64
libc:glibc 2.13 NPTL 2.13 
rlimit: STACK 8192k, CORE 0k, NPROC infinity, NOFILE 4096, AS infinity
load average:0.17 0.09 0.06

/proc/meminfo:
MemTotal:        4056284 kB
MemFree:          641548 kB
Buffers:          659300 kB
Cached:           775512 kB
SwapCached:            0 kB
Active:          1459040 kB
Inactive:         944396 kB
Active(anon):     969408 kB
Inactive(anon):     5280 kB
Active(file):     489632 kB
Inactive(file):   939116 kB
Unevictable:           0 kB
Mlocked:               0 kB
SwapTotal:       7815616 kB
SwapFree:        7815616 kB
Dirty:                92 kB
Writeback:             0 kB
AnonPages:        968676 kB
Mapped:           173424 kB
Shmem:              6064 kB
Slab:             835024 kB
SReclaimable:     805224 kB
SUnreclaim:        29800 kB
KernelStack:        3168 kB
PageTables:        28396 kB
NFS_Unstable:          0 kB
Bounce:                0 kB
WritebackTmp:          0 kB
CommitLimit:     9843756 kB
Committed_AS:    2558640 kB
VmallocTotal:   34359738367 kB
VmallocUsed:      113588 kB
VmallocChunk:   34359615996 kB
HardwareCorrupted:     0 kB
HugePages_Total:       0
HugePages_Free:        0
HugePages_Rsvd:        0
HugePages_Surp:        0
Hugepagesize:       2048 kB
DirectMap4k:      166784 kB
DirectMap2M:     4026368 kB


CPU:total 4 (2 cores per cpu, 1 threads per core) family 15 model 65 stepping 3, cmov, cx8, fxsr, mmx, sse, sse2, sse3, mmxext, 3dnow, 3dnowext

/proc/cpuinfo:
processor	: 0
vendor_id	: AuthenticAMD
cpu family	: 15
model		: 65
model name	: Dual-Core AMD Opteron(tm) Processor 2218
stepping	: 3
cpu MHz		: 1000.000
cache size	: 1024 KB
physical id	: 0
siblings	: 2
core id		: 0
cpu cores	: 2
apicid		: 0
initial apicid	: 0
fpu		: yes
fpu_exception	: yes
cpuid level	: 1
wp		: yes
flags		: fpu vme de pse tsc msr pae mce cx8 apic sep mtrr pge mca cmov pat pse36 clflush mmx fxsr sse sse2 ht syscall nx mmxext fxsr_opt rdtscp lm 3dnowext 3dnow rep_good nopl extd_apicid pni cx16 lahf_lm cmp_legacy svm extapic cr8_legacy
bogomips	: 2000.01
TLB size	: 1024 4K pages
clflush size	: 64
cache_alignment	: 64
address sizes	: 40 bits physical, 48 bits virtual
power management: ts fid vid ttp tm stc

processor	: 1
vendor_id	: AuthenticAMD
cpu family	: 15
model		: 65
model name	: Dual-Core AMD Opteron(tm) Processor 2218
stepping	: 3
cpu MHz		: 1000.000
cache size	: 1024 KB
physical id	: 0
siblings	: 2
core id		: 1
cpu cores	: 2
apicid		: 1
initial apicid	: 1
fpu		: yes
fpu_exception	: yes
cpuid level	: 1
wp		: yes
flags		: fpu vme de pse tsc msr pae mce cx8 apic sep mtrr pge mca cmov pat pse36 clflush mmx fxsr sse sse2 ht syscall nx mmxext fxsr_opt rdtscp lm 3dnowext 3dnow rep_good nopl extd_apicid pni cx16 lahf_lm cmp_legacy svm extapic cr8_legacy
bogomips	: 2000.01
TLB size	: 1024 4K pages
clflush size	: 64
cache_alignment	: 64
address sizes	: 40 bits physical, 48 bits virtual
power management: ts fid vid ttp tm stc

processor	: 2
vendor_id	: AuthenticAMD
cpu family	: 15
model		: 65
model name	: Dual-Core AMD Opteron(tm) Processor 2218
stepping	: 3
cpu MHz		: 1000.000
cache size	: 1024 KB
physical id	: 1
siblings	: 2
core id		: 0
cpu cores	: 2
apicid		: 2
initial apicid	: 2
fpu		: yes
fpu_exception	: yes
cpuid level	: 1
wp		: yes
flags		: fpu vme de pse tsc msr pae mce cx8 apic sep mtrr pge mca cmov pat pse36 clflush mmx fxsr sse sse2 ht syscall nx mmxext fxsr_opt rdtscp lm 3dnowext 3dnow rep_good nopl extd_apicid pni cx16 lahf_lm cmp_legacy svm extapic cr8_legacy
bogomips	: 2000.01
TLB size	: 1024 4K pages
clflush size	: 64
cache_alignment	: 64
address sizes	: 40 bits physical, 48 bits virtual
power management: ts fid vid ttp tm stc

processor	: 3
vendor_id	: AuthenticAMD
cpu family	: 15
model		: 65
model name	: Dual-Core AMD Opteron(tm) Processor 2218
stepping	: 3
cpu MHz		: 1000.000
cache size	: 1024 KB
physical id	: 1
siblings	: 2
core id		: 1
cpu cores	: 2
apicid		: 3
initial apicid	: 3
fpu		: yes
fpu_exception	: yes
cpuid level	: 1
wp		: yes
flags		: fpu vme de pse tsc msr pae mce cx8 apic sep mtrr pge mca cmov pat pse36 clflush mmx fxsr sse sse2 ht syscall nx mmxext fxsr_opt rdtscp lm 3dnowext 3dnow rep_good nopl extd_apicid pni cx16 lahf_lm cmp_legacy svm extapic cr8_legacy
bogomips	: 2000.01
TLB size	: 1024 4K pages
clflush size	: 64
cache_alignment	: 64
address sizes	: 40 bits physical, 48 bits virtual
power management: ts fid vid ttp tm stc



Memory: 4k page, physical 4056284k(641548k free), swap 7815616k(7815616k free)

vm_info: Java HotSpot(TM) 64-Bit Server VM (20.1-b02) for linux-amd64 JRE (1.6.0_26-b03), built on May  4 2011 01:13:47 by "java_re" with gcc 3.2.2 (SuSE Linux)

time: Tue May  8 11:41:30 2012
elapsed time: 62 seconds

