#
# A fatal error has been detected by the Java Runtime Environment:
#
#  SIGSEGV (0xb) at pc=0x00007f7aeadb4889, pid=5444, tid=140165833189120
#
# JRE version: 6.0_26-b03
# Java VM: Java HotSpot(TM) 64-Bit Server VM (20.1-b02 mixed mode linux-amd64 compressed oops)
# Problematic frame:
# C  [libGL.so.1+0x2e9889]  __float128+0x9
#
# If you would like to submit a bug report, please visit:
#   http://java.sun.com/webapps/bugreport/crash.jsp
# The crash happened outside the Java Virtual Machine in native code.
# See problematic frame for where to report the bug.
#

---------------  T H R E A D  ---------------

Current thread (0x00007f7aecf8f000):  JavaThread "Thread-2" [_thread_in_native, id=5470, stack(0x00007f7ae6a26000,0x00007f7ae6b27000)]

siginfo:si_signo=SIGSEGV: si_errno=0, si_code=1 (SEGV_MAPERR), si_addr=0x00000000000008c0

Registers:
RAX=0x0000000000000000, RBX=0x00000000bdb1b130, RCX=0x00000000417bfc50, RDX=0x00000000eb726d78
RSP=0x00007f7ae6b24d98, RBP=0x00007f7ae6b24de0, RSI=0x00000000eb726d78, RDI=0x0000000000000001
R8 =0x00007f7af7642fe8, R9 =0x00007f7af7646e58, R10=0x00000000417c0038, R11=0x00000000417bfc88
R12=0x0000000000000000, R13=0x00000000bdb1b130, R14=0x00007f7ae6b24e88, R15=0x00007f7aecf8f000
RIP=0x00007f7aeadb4889, EFLAGS=0x0000000000010202, CSGSFS=0x0000000000000033, ERR=0x0000000000000004
  TRAPNO=0x000000000000000e

Top of Stack: (sp=0x00007f7ae6b24d98)
0x00007f7ae6b24d98:   00007f7ae8aebdcd 0000000000000000
0x00007f7ae6b24da8:   00000000bd96a7c0 00007f7ae6b24e78
0x00007f7ae6b24db8:   00000001e6b24dd0 00007f7ae6b24e88
0x00007f7ae6b24dc8:   00007f7aecf8f1d0 00000000bdd819d0
0x00007f7ae6b24dd8:   00000000eb726d78 00007f7ae6b24e50
0x00007f7ae6b24de8:   00007f7af2a9dd6e 00007f7ae6b24e38
0x00007f7ae6b24df8:   00000000bdbf6670 0000000000000000
0x00007f7ae6b24e08:   00000000bdbe6378 00007f7ae6b24e10
0x00007f7ae6b24e18:   0000000000000000 00007f7ae6b24e88
0x00007f7ae6b24e28:   00000000bdbf6670 0000000000000000
0x00007f7ae6b24e38:   00000000bdb1b130 0000000000000000
0x00007f7ae6b24e48:   00007f7ae6b24e70 00007f7ae6b24ed0
0x00007f7ae6b24e58:   00007f7af2a92a82 0000000000000000
0x00007f7ae6b24e68:   00007f7af2a9af58 0000000000000000
0x00007f7ae6b24e78:   00000000eb726d68 0000000000000001
0x00007f7ae6b24e88:   00000000ef61c058 00007f7ae6b24e90
0x00007f7ae6b24e98:   00000000bdb1b250 00007f7ae6b24ef8
0x00007f7ae6b24ea8:   00000000bdbf6670 0000000000000000
0x00007f7ae6b24eb8:   00000000bdb1b278 00007f7ae6b24e70
0x00007f7ae6b24ec8:   00007f7ae6b24ee0 00007f7ae6b24f40
0x00007f7ae6b24ed8:   00007f7af2a92f5c 0000000000000000
0x00007f7ae6b24ee8:   00000000eb726d68 0000000000000001
0x00007f7ae6b24ef8:   00000000ef61c058 00007f7ae6b24f00
0x00007f7ae6b24f08:   00000000bdd6a247 00007f7ae6b24f68
0x00007f7ae6b24f18:   00000000bdd6dca0 0000000000000000
0x00007f7ae6b24f28:   00000000bdd6a288 00007f7ae6b24ee0
0x00007f7ae6b24f38:   00007f7ae6b24f50 00007f7ae6b24fb0
0x00007f7ae6b24f48:   00007f7af2a92f5c 0000000000000000
0x00007f7ae6b24f58:   00000000eb726d68 0000000000000001
0x00007f7ae6b24f68:   00000000ef61c048 00007f7ae6b24f70
0x00007f7ae6b24f78:   00000000bd323a11 00007f7ae6b25000
0x00007f7ae6b24f88:   00000000be087f60 0000000000000000 

Instructions: (pc=0x00007f7aeadb4889)
0x00007f7aeadb4869:   ff a0 b8 08 00 00 cc cc cc cc cc cc cc cc cc cc
0x00007f7aeadb4879:   cc cc cc cc cc cc cc 64 48 8b 04 25 60 ff ff ff
0x00007f7aeadb4889:   ff a0 c0 08 00 00 cc cc cc cc cc cc cc cc cc cc
0x00007f7aeadb4899:   cc cc cc cc cc cc cc 64 48 8b 04 25 60 ff ff ff 

Register to memory mapping:

RAX=0x0000000000000000 is an unknown value
RBX=0x00000000bdb1b130 is an oop
{method} 
 - klass: {other class}
RCX=0x00000000417bfc50 is an unknown value
RDX=0x00000000eb726d78 is an unknown value
RSP=0x00007f7ae6b24d98 is pointing into the stack for thread: 0x00007f7aecf8f000
RBP=0x00007f7ae6b24de0 is pointing into the stack for thread: 0x00007f7aecf8f000
RSI=0x00000000eb726d78 is an unknown value
RDI=0x0000000000000001 is an unknown value
R8 =0x00007f7af7642fe8: <offset 0xa99fe8> in /usr/lib/jvm/java-6-sun-1.6.0.26/jre/lib/amd64/server/libjvm.so at 0x00007f7af6ba9000
R9 =0x00007f7af7646e58: <offset 0xa9de58> in /usr/lib/jvm/java-6-sun-1.6.0.26/jre/lib/amd64/server/libjvm.so at 0x00007f7af6ba9000
R10=0x00000000417c0038 is an unknown value
R11=0x00000000417bfc88 is an unknown value
R12=0x0000000000000000 is an unknown value
R13=0x00000000bdb1b130 is an oop
{method} 
 - klass: {other class}
R14=0x00007f7ae6b24e88 is pointing into the stack for thread: 0x00007f7aecf8f000
R15=0x00007f7aecf8f000 is a thread


Stack: [0x00007f7ae6a26000,0x00007f7ae6b27000],  sp=0x00007f7ae6b24d98,  free space=1019k
Native frames: (J=compiled Java code, j=interpreted, Vv=VM code, C=native code)
C  [libGL.so.1+0x2e9889]  __float128+0x9
j  com.sun.opengl.impl.GLImpl.glGenTextures1(ILjava/lang/Object;I)V+0
j  com.sun.opengl.impl.GLImpl.glGenTextures(I[II)V+64
j  org.mt4j.util.opengl.JoglGL20Plus.glGenTextures(I[II)V+7
j  org.mt4j.util.opengl.GLTexture.setupGLTexture(II)V+417
j  org.mt4j.util.opengl.GLTexture.<init>(Lprocessing/core/PApplet;IILorg/mt4j/util/opengl/GLTextureSettings;)V+113
j  org.mt4j.util.opengl.GLTexture.<init>(Lprocessing/core/PApplet;Lprocessing/core/PImage;Lorg/mt4j/util/opengl/GLTextureSettings;)V+11
j  org.mt4j.components.visibleComponents.shapes.AbstractShape.setTexture(Lprocessing/core/PImage;)V+266
j  org.mt4j.components.visibleComponents.shapes.MTRectangle.setTexture(Lprocessing/core/PImage;)V+2
j  org.mt4j.components.visibleComponents.font.BitmapFontCharacter.<init>(Lprocessing/core/PApplet;Lprocessing/core/PImage;Ljava/lang/String;III)V+31
j  processing.core.BitmapFontFactoryProxy.createCharacters(Lprocessing/core/PApplet;Lprocessing/core/PFont;Ljava/lang/String;Lorg/mt4j/util/MTColor;)Ljava/util/List;+237
j  processing.core.BitmapFontFactoryProxy.createFont(Lprocessing/core/PApplet;Ljava/lang/String;ILorg/mt4j/util/MTColor;Lorg/mt4j/util/MTColor;Z)Lorg/mt4j/util/font/IFont;+33
j  processing.core.BitmapFontFactoryProxy.createFont(Lprocessing/core/PApplet;Ljava/lang/String;ILorg/mt4j/util/MTColor;Z)Lorg/mt4j/util/font/IFont;+10
j  org.mt4j.util.font.fontFactories.BitmapFontFactory.createFont(Lprocessing/core/PApplet;Ljava/lang/String;ILorg/mt4j/util/MTColor;Z)Lorg/mt4j/util/font/IFont;+26
j  org.mt4j.util.font.FontManager.createFont(Lprocessing/core/PApplet;Ljava/lang/String;ILorg/mt4j/util/MTColor;Z)Lorg/mt4j/util/font/IFont;+146
j  org.mt4j.util.font.FontManager.createFont(Lprocessing/core/PApplet;Ljava/lang/String;ILorg/mt4j/util/MTColor;)Lorg/mt4j/util/font/IFont;+7
j  advanced.physics.scenes.GlobitosScene$JuegoGlobos.run()V+313
j  java.lang.Thread.run()V+11
v  ~StubRoutines::call_stub
V  [libjvm.so+0x4df5c0]  JavaCalls::call_helper(JavaValue*, methodHandle*, JavaCallArguments*, Thread*)+0x1e0
V  [libjvm.so+0x70f629]  os::os_exception_wrapper(void (*)(JavaValue*, methodHandle*, JavaCallArguments*, Thread*), JavaValue*, methodHandle*, JavaCallArguments*, Thread*)+0x19
V  [libjvm.so+0x4def06]  JavaCalls::call_virtual(JavaValue*, KlassHandle, symbolHandle, symbolHandle, JavaCallArguments*, Thread*)+0x126
V  [libjvm.so+0x4defb7]  JavaCalls::call_virtual(JavaValue*, Handle, KlassHandle, symbolHandle, symbolHandle, Thread*)+0x47
V  [libjvm.so+0x572ce0]  thread_entry(JavaThread*, Thread*)+0xa0
V  [libjvm.so+0x8190f1]  JavaThread::run()+0x121
V  [libjvm.so+0x710adf]  java_start(Thread*)+0x13f

Java frames: (J=compiled Java code, j=interpreted, Vv=VM code)
j  com.sun.opengl.impl.GLImpl.glGenTextures1(ILjava/lang/Object;I)V+0
j  com.sun.opengl.impl.GLImpl.glGenTextures(I[II)V+64
j  org.mt4j.util.opengl.JoglGL20Plus.glGenTextures(I[II)V+7
j  org.mt4j.util.opengl.GLTexture.setupGLTexture(II)V+417
j  org.mt4j.util.opengl.GLTexture.<init>(Lprocessing/core/PApplet;IILorg/mt4j/util/opengl/GLTextureSettings;)V+113
j  org.mt4j.util.opengl.GLTexture.<init>(Lprocessing/core/PApplet;Lprocessing/core/PImage;Lorg/mt4j/util/opengl/GLTextureSettings;)V+11
j  org.mt4j.components.visibleComponents.shapes.AbstractShape.setTexture(Lprocessing/core/PImage;)V+266
j  org.mt4j.components.visibleComponents.shapes.MTRectangle.setTexture(Lprocessing/core/PImage;)V+2
j  org.mt4j.components.visibleComponents.font.BitmapFontCharacter.<init>(Lprocessing/core/PApplet;Lprocessing/core/PImage;Ljava/lang/String;III)V+31
j  processing.core.BitmapFontFactoryProxy.createCharacters(Lprocessing/core/PApplet;Lprocessing/core/PFont;Ljava/lang/String;Lorg/mt4j/util/MTColor;)Ljava/util/List;+237
j  processing.core.BitmapFontFactoryProxy.createFont(Lprocessing/core/PApplet;Ljava/lang/String;ILorg/mt4j/util/MTColor;Lorg/mt4j/util/MTColor;Z)Lorg/mt4j/util/font/IFont;+33
j  processing.core.BitmapFontFactoryProxy.createFont(Lprocessing/core/PApplet;Ljava/lang/String;ILorg/mt4j/util/MTColor;Z)Lorg/mt4j/util/font/IFont;+10
j  org.mt4j.util.font.fontFactories.BitmapFontFactory.createFont(Lprocessing/core/PApplet;Ljava/lang/String;ILorg/mt4j/util/MTColor;Z)Lorg/mt4j/util/font/IFont;+26
j  org.mt4j.util.font.FontManager.createFont(Lprocessing/core/PApplet;Ljava/lang/String;ILorg/mt4j/util/MTColor;Z)Lorg/mt4j/util/font/IFont;+146
j  org.mt4j.util.font.FontManager.createFont(Lprocessing/core/PApplet;Ljava/lang/String;ILorg/mt4j/util/MTColor;)Lorg/mt4j/util/font/IFont;+7
j  advanced.physics.scenes.GlobitosScene$JuegoGlobos.run()V+313
j  java.lang.Thread.run()V+11
v  ~StubRoutines::call_stub

---------------  P R O C E S S  ---------------

Java Threads: ( => current thread )
  0x00007f7aecf90000 JavaThread "DestroyJavaVM" [_thread_blocked, id=5445, stack(0x00007f7af6823000,0x00007f7af6924000)]
=>0x00007f7aecf8f000 JavaThread "Thread-2" [_thread_in_native, id=5470, stack(0x00007f7ae6a26000,0x00007f7ae6b27000)]
  0x00007f7aec52c800 JavaThread "Thread-1" [_thread_in_native, id=5468, stack(0x00007f7ae77ea000,0x00007f7ae78eb000)]
  0x00000000417e8800 JavaThread "AWT-EventQueue-0" [_thread_blocked, id=5467, stack(0x00007f7aeaed8000,0x00007f7aeafd9000)]
  0x00007f7aec30a000 JavaThread "Animation Thread" [_thread_in_Java, id=5466, stack(0x00007f7aeafd9000,0x00007f7aeb0da000)]
  0x00007f7aec2fb000 JavaThread "AWT-Shutdown" [_thread_blocked, id=5465, stack(0x00007f7aeb0da000,0x00007f7aeb1db000)]
  0x00000000417d2800 JavaThread "AWT-XAWT" daemon [_thread_blocked, id=5463, stack(0x00007f7aeb3af000,0x00007f7aeb4b0000)]
  0x00007f7aec1e5000 JavaThread "Java2D Disposer" daemon [_thread_blocked, id=5462, stack(0x00007f7aebaf6000,0x00007f7aebbf7000)]
  0x00000000414ba800 JavaThread "Low Memory Detector" daemon [_thread_blocked, id=5460, stack(0x00007f7af1256000,0x00007f7af1357000)]
  0x00007f7aec007000 JavaThread "C2 CompilerThread1" daemon [_thread_blocked, id=5459, stack(0x00007f7af1357000,0x00007f7af1458000)]
  0x00000000414b6800 JavaThread "C2 CompilerThread0" daemon [_thread_blocked, id=5458, stack(0x00007f7af1458000,0x00007f7af1559000)]
  0x00000000414b4800 JavaThread "Signal Dispatcher" daemon [_thread_blocked, id=5457, stack(0x00007f7af1559000,0x00007f7af165a000)]
  0x0000000041498000 JavaThread "Finalizer" daemon [_thread_blocked, id=5456, stack(0x00007f7af18ff000,0x00007f7af1a00000)]
  0x0000000041496000 JavaThread "Reference Handler" daemon [_thread_blocked, id=5455, stack(0x00007f7af1a00000,0x00007f7af1b01000)]

Other Threads:
  0x000000004148f000 VMThread [stack: 0x00007f7af1b01000,0x00007f7af1c02000] [id=5454]
  0x00000000414cd000 WatcherThread [stack: 0x00007f7af1155000,0x00007f7af1256000] [id=5461]

VM state:not at safepoint (normal execution)

VM Mutex/Monitor currently owned by a thread: None

Heap
 PSYoungGen      total 66112K, used 11041K [0x00000000eb560000, 0x00000000ef880000, 0x0000000100000000)
  eden space 63488K, 13% used [0x00000000eb560000,0x00000000ebd99aa8,0x00000000ef360000)
  from space 2624K, 99% used [0x00000000ef5f0000,0x00000000ef87e9f0,0x00000000ef880000)
  to   space 2624K, 0% used [0x00000000ef360000,0x00000000ef360000,0x00000000ef5f0000)
 PSOldGen        total 42304K, used 7720K [0x00000000c2000000, 0x00000000c4950000, 0x00000000eb560000)
  object space 42304K, 18% used [0x00000000c2000000,0x00000000c278a1f0,0x00000000c4950000)
 PSPermGen       total 21248K, used 20239K [0x00000000bce00000, 0x00000000be2c0000, 0x00000000c2000000)
  object space 21248K, 95% used [0x00000000bce00000,0x00000000be1c3e28,0x00000000be2c0000)

Code Cache  [0x00007f7af2a8d000, 0x00007f7af2cfd000, 0x00007f7af5a8d000)
 total_blobs=1244 nmethods=434 adapters=764 free_code_cache=48511232 largest_free_block=12096

Dynamic libraries:
40000000-40009000 r-xp 00000000 08:22 1185676                            /usr/lib/jvm/java-6-sun-1.6.0.26/jre/bin/java
40108000-4010a000 rwxp 00008000 08:22 1185676                            /usr/lib/jvm/java-6-sun-1.6.0.26/jre/bin/java
40155000-401cc000 rwxp 00000000 00:00 0 
41427000-41e93000 rwxp 00000000 00:00 0                                  [heap]
41ea7000-41ea9000 r-xs 00000000 08:22 1986191                            /tmp/gl2ffJED (deleted)
bce00000-be2c0000 rwxp 00000000 00:00 0 
be2c0000-c2000000 rwxp 00000000 00:00 0 
c2000000-c4950000 rwxp 00000000 00:00 0 
c4950000-eb560000 rwxp 00000000 00:00 0 
eb560000-ef880000 rwxp 00000000 00:00 0 
ef880000-100000000 rwxp 00000000 00:00 0 
7f7ae531d000-7f7ae6a26000 rwxp 00000000 00:00 0 
7f7ae6a26000-7f7ae6a29000 ---p 00000000 00:00 0 
7f7ae6a29000-7f7ae6b27000 rwxp 00000000 00:00 0 
7f7ae6b27000-7f7ae6b29000 rwxs 00000000 08:22 1986191                    /tmp/gl2ffJED (deleted)
7f7ae6b29000-7f7ae6b33000 r-xs 00000000 08:22 1708639                    /usr/share/fonts/type1/mathml/Symbol.pfb
7f7ae6b33000-7f7ae6b4b000 r-xs 00000000 08:22 1581250                    /usr/share/fonts/type1/gsfonts/n022003l.pfb
7f7ae6b4b000-7f7ae6b60000 r-xs 00000000 08:22 1581193                    /usr/share/fonts/type1/gsfonts/b018032l.pfb
7f7ae6b60000-7f7ae6b79000 r-xs 00000000 08:22 1581253                    /usr/share/fonts/type1/gsfonts/n022004l.pfb
7f7ae6b79000-7f7ae6b93000 r-xs 00000000 08:22 1581199                    /usr/share/fonts/type1/gsfonts/c059013l.pfb
7f7ae6b93000-7f7ae6bab000 r-xs 00000000 08:22 1581208                    /usr/share/fonts/type1/gsfonts/c059036l.pfb
7f7ae6bab000-7f7ae6bbe000 r-xs 00000000 08:22 1581235                    /usr/share/fonts/type1/gsfonts/n019064l.pfb
7f7ae6bbe000-7f7ae6bc8000 r-xs 00000000 08:22 1708248                    /usr/share/fonts/X11/Type1/c0419bt_.pfb
7f7ae6bc8000-7f7ae6be3000 r-xs 00000000 08:22 1581265                    /usr/share/fonts/type1/gsfonts/p052004l.pfb
7f7ae6be3000-7f7ae6bf4000 r-xs 00000000 08:22 1581184                    /usr/share/fonts/type1/gsfonts/a010035l.pfb
7f7ae6bf4000-7f7ae6c08000 r-xs 00000000 08:22 1581214                    /usr/share/fonts/type1/gsfonts/n019003l.pfb
7f7ae6c08000-7f7ae6c1e000 r-xs 00000000 08:22 1581247                    /usr/share/fonts/type1/gsfonts/n021024l.pfb
7f7ae6c1e000-7f7ae6c35000 r-xs 00000000 08:22 1581244                    /usr/share/fonts/type1/gsfonts/n021023l.pfb
7f7ae6c35000-7f7ae6c4b000 r-xs 00000000 08:22 1581259                    /usr/share/fonts/type1/gsfonts/n022024l.pfb
7f7ae6c4b000-7f7ae6c54000 r-xs 00000000 08:22 1581274                    /usr/share/fonts/type1/gsfonts/s050000l.pfb
7f7ae6c54000-7f7ae6c5d000 r-xs 00000000 08:22 1708253                    /usr/share/fonts/X11/Type1/c0632bt_.pfb
7f7ae6c5d000-7f7ae6c6f000 r-xs 00000000 08:22 1581217                    /usr/share/fonts/type1/gsfonts/n019004l.pfb
7f7ae6c6f000-7f7ae6c86000 r-xs 00000000 08:22 1581277                    /usr/share/fonts/type1/gsfonts/z003034l.pfb
7f7ae6c86000-7f7ae6c97000 r-xs 00000000 08:22 1581223                    /usr/share/fonts/type1/gsfonts/n019024l.pfb
7f7ae6c97000-7f7ae6ca0000 r-xs 00000000 08:22 1708247                    /usr/share/fonts/X11/Type1/c0649bt_.pfb
7f7ae6ca0000-7f7ae6cb1000 r-xs 00000000 08:22 1581232                    /usr/share/fonts/type1/gsfonts/n019063l.pfb
7f7ae6cb1000-7f7ae6cc1000 r-xs 00000000 08:22 1581175                    /usr/share/fonts/type1/gsfonts/a010013l.pfb
7f7ae6cc1000-7f7ae6cd1000 r-xs 00000000 08:22 1581178                    /usr/share/fonts/type1/gsfonts/a010015l.pfb
7f7ae6cd1000-7f7ae6ced000 r-xs 00000000 08:22 1581271                    /usr/share/fonts/type1/gsfonts/p052024l.pfb
7f7ae6ced000-7f7ae6d05000 r-xs 00000000 08:22 1581205                    /usr/share/fonts/type1/gsfonts/c059033l.pfb
7f7ae6d05000-7f7ae6d1e000 r-xs 00000000 08:22 1581241                    /usr/share/fonts/type1/gsfonts/n021004l.pfb
7f7ae6d1e000-7f7ae6d2a000 r-xs 00000000 08:22 1581211                    /usr/share/fonts/type1/gsfonts/d050000l.pfb
7f7ae6d2a000-7f7ae6d33000 r-xs 00000000 08:22 1708261                    /usr/share/fonts/X11/Type1/c0633bt_.pfb
7f7ae6d33000-7f7ae6d44000 r-xs 00000000 08:22 1581220                    /usr/share/fonts/type1/gsfonts/n019023l.pfb
7f7ae6d44000-7f7ae6d4d000 r-xs 00000000 08:22 1708255                    /usr/share/fonts/X11/Type1/c0648bt_.pfb
7f7ae6d4d000-7f7ae6d68000 r-xs 00000000 08:22 1581202                    /usr/share/fonts/type1/gsfonts/c059016l.pfb
7f7ae6d68000-7f7ae6d78000 r-xs 00000000 08:22 1581181                    /usr/share/fonts/type1/gsfonts/a010033l.pfb
7f7ae6d78000-7f7ae6d91000 r-xs 00000000 08:22 1581187                    /usr/share/fonts/type1/gsfonts/b018012l.pfb
7f7ae6d91000-7f7ae6da4000 r-xs 00000000 08:22 1581190                    /usr/share/fonts/type1/gsfonts/b018015l.pfb
7f7ae6da4000-7f7ae6dba000 r-xs 00000000 08:22 1581256                    /usr/share/fonts/type1/gsfonts/n022023l.pfb
7f7ae6dba000-7f7ae6dd5000 r-xs 00000000 08:22 1581268                    /usr/share/fonts/type1/gsfonts/p052023l.pfb
7f7ae6dd5000-7f7ae6df0000 r-xs 00000000 08:22 1581262                    /usr/share/fonts/type1/gsfonts/p052003l.pfb
7f7ae6df0000-7f7ae6e09000 r-xs 00000000 08:22 1581238                    /usr/share/fonts/type1/gsfonts/n021003l.pfb
7f7ae6e09000-7f7ae6e1b000 r-xs 00000000 08:22 1581196                    /usr/share/fonts/type1/gsfonts/b018035l.pfb
7f7ae6e1b000-7f7ae6e2d000 r-xs 00000000 08:22 1581229                    /usr/share/fonts/type1/gsfonts/n019044l.pfb
7f7ae6e2d000-7f7ae6e3f000 r-xs 00000000 08:22 1581226                    /usr/share/fonts/type1/gsfonts/n019043l.pfb
7f7ae6e3f000-7f7ae6e49000 r-xs 00000000 08:22 1708252                    /usr/share/fonts/X11/Type1/c0611bt_.pfb
7f7ae6e49000-7f7ae6e53000 r-xs 00000000 08:22 1708260                    /usr/share/fonts/X11/Type1/c0582bt_.pfb
7f7ae6e53000-7f7ae6e5d000 r-xs 00000000 08:22 1708259                    /usr/share/fonts/X11/Type1/c0583bt_.pfb
7f7ae6e5d000-7f7ae6e78000 r-xs 00000000 08:22 272619                     /usr/share/texmf/fonts/type1/public/lm/lmtlc10.pfb
7f7ae6e78000-7f7ae6e93000 r-xs 00000000 08:22 272614                     /usr/share/texmf/fonts/type1/public/lm/lmtcsc10.pfb
7f7ae6e93000-7f7ae6eb7000 r-xs 00000000 08:22 272560                     /usr/share/texmf/fonts/type1/public/lm/lmduno10.pfb
7f7ae6eb7000-7f7ae6ed6000 r-xs 00000000 08:22 272576                     /usr/share/texmf/fonts/type1/public/lm/lmr6.pfb
7f7ae6ed6000-7f7ae6ef4000 r-xs 00000000 08:22 272574                     /usr/share/texmf/fonts/type1/public/lm/lmr17.pfb
7f7ae6ef4000-7f7ae6f12000 r-xs 00000000 08:22 272572                     /usr/share/texmf/fonts/type1/public/lm/lmr10.pfb
7f7ae6f12000-7f7ae6f1a000 r-xs 00000000 08:22 272562                     /usr/share/texmf/fonts/type1/public/lm/lmmi10.pfb
7f7ae6f1a000-7f7ae6f21000 r-xs 00000000 08:22 272610                     /usr/share/texmf/fonts/type1/public/lm/lmsy6.pfb
7f7ae6f21000-7f7ae6f3e000 r-xs 00000000 08:22 272616                     /usr/share/texmf/fonts/type1/public/lm/lmtk10.pfb
7f7ae6f3e000-7f7ae6f5c000 r-xs 00000000 08:22 272577                     /usr/share/texmf/fonts/type1/public/lm/lmr7.pfb
7f7ae6f5c000-7f7ae6f79000 r-xs 00000000 08:22 272624                     /usr/share/texmf/fonts/type1/public/lm/lmtt8.pfb
7f7ae6f79000-7f7ae6f94000 r-xs 00000000 08:22 272625                     /usr/share/texmf/fonts/type1/public/lm/lmtt9.pfb
7f7ae6f94000-7f7ae6fb0000 r-xs 00000000 08:22 272580                     /usr/share/texmf/fonts/type1/public/lm/lmri10.pfb
7f7ae6fb0000-7f7ae6fd2000 r-xs 00000000 08:22 272595                     /usr/share/texmf/fonts/type1/public/lm/lmssbo10.pfb
7f7ae6fd2000-7f7ae6fd9000 r-xs 00000000 08:22 272545                     /usr/share/texmf/fonts/type1/public/lm/lmbsy10.pfb
7f7ae6fd9000-7f7ae6ff6000 r-xs 00000000 08:22 272606                     /usr/share/texmf/fonts/type1/public/lm/lmssqbx8.pfb
7f7ae6ff6000-7f7ae6ffe000 r-xs 00000000 08:22 272567                     /usr/share/texmf/fonts/type1/public/lm/lmmi8.pfb
7f7ae6ffe000-7f7ae7006000 r-xs 00000000 08:22 272547                     /usr/share/texmf/fonts/type1/public/lm/lmbsy7.pfb
7f7ae7006000-7f7ae700e000 r-xs 00000000 08:22 272566                     /usr/share/texmf/fonts/type1/public/lm/lmmi7.pfb
7f7ae700e000-7f7ae7029000 r-xs 00000000 08:22 272603                     /usr/share/texmf/fonts/type1/public/lm/lmsso9.pfb
7f7ae7029000-7f7ae7045000 r-xs 00000000 08:22 272622                     /usr/share/texmf/fonts/type1/public/lm/lmtt10.pfb
7f7ae7045000-7f7ae7066000 r-xs 00000000 08:22 272558                     /usr/share/texmf/fonts/type1/public/lm/lmcsco10.pfb
7f7ae7066000-7f7ae707e000 r-xs 00000000 08:22 272593                     /usr/share/texmf/fonts/type1/public/lm/lmss8.pfb
7f7ae707e000-7f7ae7084000 r-xs 00000000 08:22 272561                     /usr/share/texmf/fonts/type1/public/lm/lmex10.pfb
7f7ae7084000-7f7ae70a6000 r-xs 00000000 08:22 272589                     /usr/share/texmf/fonts/type1/public/lm/lmro9.pfb
7f7ae70a6000-7f7ae70c8000 r-xs 00000000 08:22 272544                     /usr/share/texmf/fonts/type1/public/lm/lmbo10.pfb
7f7ae70c8000-7f7ae70e7000 r-xs 00000000 08:22 272559                     /usr/share/texmf/fonts/type1/public/lm/lmdunh10.pfb
7f7ae70e7000-7f7ae7105000 r-xs 00000000 08:22 272631                     /usr/share/texmf/fonts/type1/public/lm/lmvtl10.pfb
7f7ae7105000-7f7ae7124000 r-xs 00000000 08:22 272543                     /usr/share/texmf/fonts/type1/public/lm/lmb10.pfb
7f7ae7124000-7f7ae712c000 r-xs 00000000 08:22 272563                     /usr/share/texmf/fonts/type1/public/lm/lmmi12.pfb
7f7ae712c000-7f7ae7133000 r-xs 00000000 08:22 272609                     /usr/share/texmf/fonts/type1/public/lm/lmsy5.pfb
7f7ae7133000-7f7ae7152000 r-xs 00000000 08:22 272551                     /usr/share/texmf/fonts/type1/public/lm/lmbx6.pfb
7f7ae7152000-7f7ae716d000 r-xs 00000000 08:22 272602                     /usr/share/texmf/fonts/type1/public/lm/lmsso8.pfb
7f7ae716d000-7f7ae7175000 r-xs 00000000 08:22 272565                     /usr/share/texmf/fonts/type1/public/lm/lmmi6.pfb
7f7ae7175000-7f7ae7196000 r-xs 00000000 08:22 272634                     /usr/share/texmf/fonts/type1/public/lm/lmvtto10.pfb
7f7ae7196000-7f7ae71b2000 r-xs 00000000 08:22 272555                     /usr/share/texmf/fonts/type1/public/lm/lmbxi10.pfb
7f7ae71b2000-7f7ae71cf000 r-xs 00000000 08:22 272604                     /usr/share/texmf/fonts/type1/public/lm/lmssq8.pfb
7f7ae71cf000-7f7ae71ef000 r-xs 00000000 08:22 272615                     /usr/share/texmf/fonts/type1/public/lm/lmtcso10.pfb
7f7ae71ef000-7f7ae7210000 r-xs 00000000 08:22 272588                     /usr/share/texmf/fonts/type1/public/lm/lmro8.pfb
7f7ae7210000-7f7ae722f000 r-xs 00000000 08:22 272605                     /usr/share/texmf/fonts/type1/public/lm/lmssqbo8.pfb
7f7ae722f000-7f7ae724f000 r-xs 00000000 08:22 272607                     /usr/share/texmf/fonts/type1/public/lm/lmssqo8.pfb
7f7ae724f000-7f7ae7267000 r-xs 00000000 08:22 272591                     /usr/share/texmf/fonts/type1/public/lm/lmss12.pfb
7f7ae7267000-7f7ae7284000 r-xs 00000000 08:22 272633                     /usr/share/texmf/fonts/type1/public/lm/lmvtt10.pfb
7f7ae7284000-7f7ae72a0000 r-xs 00000000 08:22 272582                     /usr/share/texmf/fonts/type1/public/lm/lmri7.pfb
7f7ae72a0000-7f7ae72bf000 r-xs 00000000 08:22 272586                     /usr/share/texmf/fonts/type1/public/lm/lmro12.pfb
7f7ae72bf000-7f7ae72c7000 r-xs 00000000 08:22 272571                     /usr/share/texmf/fonts/type1/public/lm/lmmib7.pfb
7f7ae72c7000-7f7ae72e5000 r-xs 00000000 08:22 272575                     /usr/share/texmf/fonts/type1/public/lm/lmr5.pfb
7f7ae72e5000-7f7ae7302000 r-xs 00000000 08:22 272550                     /usr/share/texmf/fonts/type1/public/lm/lmbx5.pfb
7f7ae7302000-7f7ae7325000 r-xs 00000000 08:22 272617                     /usr/share/texmf/fonts/type1/public/lm/lmtko10.pfb
7f7ae7325000-7f7ae7343000 r-xs 00000000 08:22 272578                     /usr/share/texmf/fonts/type1/public/lm/lmr8.pfb
7f7ae7343000-7f7ae735e000 r-xs 00000000 08:22 272581                     /usr/share/texmf/fonts/type1/public/lm/lmri12.pfb
7f7ae735e000-7f7ae737c000 r-xs 00000000 08:22 272552                     /usr/share/texmf/fonts/type1/public/lm/lmbx7.pfb
7f7ae737c000-7f7ae739b000 r-xs 00000000 08:22 272554                     /usr/share/texmf/fonts/type1/public/lm/lmbx9.pfb
7f7ae739b000-7f7ae73bd000 r-xs 00000000 08:22 272598                     /usr/share/texmf/fonts/type1/public/lm/lmssdo10.pfb
7f7ae73bd000-7f7ae73da000 r-xs 00000000 08:22 272597                     /usr/share/texmf/fonts/type1/public/lm/lmssdc10.pfb
7f7ae73da000-7f7ae73e1000 r-xs 00000000 08:22 272608                     /usr/share/texmf/fonts/type1/public/lm/lmsy10.pfb
7f7ae73e1000-7f7ae73fa000 r-xs 00000000 08:22 272626                     /usr/share/texmf/fonts/type1/public/lm/lmtti10.pfb
7f7ae73fa000-7f7ae7417000 r-xs 00000000 08:22 272557                     /usr/share/texmf/fonts/type1/public/lm/lmcsc10.pfb
7f7ae7417000-7f7ae741f000 r-xs 00000000 08:22 272570                     /usr/share/texmf/fonts/type1/public/lm/lmmib5.pfb
7f7ae741f000-7f7ae743a000 r-xs 00000000 08:22 272600                     /usr/share/texmf/fonts/type1/public/lm/lmsso12.pfb
7f7ae743a000-7f7ae7458000 r-xs 00000000 08:22 272579                     /usr/share/texmf/fonts/type1/public/lm/lmr9.pfb
7f7ae7458000-7f7ae745f000 r-xs 00000000 08:22 272613                     /usr/share/texmf/fonts/type1/public/lm/lmsy9.pfb
7f7ae745f000-7f7ae747d000 r-xs 00000000 08:22 272548                     /usr/share/texmf/fonts/type1/public/lm/lmbx10.pfb
7f7ae747d000-7f7ae7485000 r-xs 00000000 08:22 272568                     /usr/share/texmf/fonts/type1/public/lm/lmmi9.pfb
7f7ae7485000-7f7ae748c000 r-xs 00000000 08:22 272611                     /usr/share/texmf/fonts/type1/public/lm/lmsy7.pfb
7f7ae748c000-7f7ae74a4000 r-xs 00000000 08:22 272594                     /usr/share/texmf/fonts/type1/public/lm/lmss9.pfb
7f7ae74a4000-7f7ae74c5000 r-xs 00000000 08:22 272585                     /usr/share/texmf/fonts/type1/public/lm/lmro10.pfb
7f7ae74c5000-7f7ae74e4000 r-xs 00000000 08:22 272553                     /usr/share/texmf/fonts/type1/public/lm/lmbx8.pfb
7f7ae74e4000-7f7ae74eb000 r-xs 00000000 08:22 272612                     /usr/share/texmf/fonts/type1/public/lm/lmsy8.pfb
7f7ae74eb000-7f7ae7507000 r-xs 00000000 08:22 272573                     /usr/share/texmf/fonts/type1/public/lm/lmr12.pfb
7f7ae7507000-7f7ae7525000 r-xs 00000000 08:22 272596                     /usr/share/texmf/fonts/type1/public/lm/lmssbx10.pfb
7f7ae7525000-7f7ae753d000 r-xs 00000000 08:22 272590                     /usr/share/texmf/fonts/type1/public/lm/lmss10.pfb
7f7ae753d000-7f7ae755c000 r-xs 00000000 08:22 272629                     /usr/share/texmf/fonts/type1/public/lm/lmvtk10.pfb
7f7ae755c000-7f7ae7577000 r-xs 00000000 08:22 272623                     /usr/share/texmf/fonts/type1/public/lm/lmtt12.pfb
7f7ae7577000-7f7ae7599000 r-xs 00000000 08:22 272556                     /usr/share/texmf/fonts/type1/public/lm/lmbxo10.pfb
7f7ae7599000-7f7ae75b6000 r-xs 00000000 08:22 272549                     /usr/share/texmf/fonts/type1/public/lm/lmbx12.pfb
7f7ae75b6000-7f7ae75ce000 r-xs 00000000 08:22 272592                     /usr/share/texmf/fonts/type1/public/lm/lmss17.pfb
7f7ae75ce000-7f7ae75e9000 r-xs 00000000 08:22 272601                     /usr/share/texmf/fonts/type1/public/lm/lmsso17.pfb
7f7ae75e9000-7f7ae760e000 r-xs 00000000 08:22 272630                     /usr/share/texmf/fonts/type1/public/lm/lmvtko10.pfb
7f7ae760e000-7f7ae762d000 r-xs 00000000 08:22 272627                     /usr/share/texmf/fonts/type1/public/lm/lmtto10.pfb
7f7ae762d000-7f7ae7635000 r-xs 00000000 08:22 272569                     /usr/share/texmf/fonts/type1/public/lm/lmmib10.pfb
7f7ae7635000-7f7ae764f000 r-xs 00000000 08:22 272618                     /usr/share/texmf/fonts/type1/public/lm/lmtl10.pfb
7f7ae764f000-7f7ae7671000 r-xs 00000000 08:22 272632                     /usr/share/texmf/fonts/type1/public/lm/lmvtlo10.pfb
7f7ae7671000-7f7ae768c000 r-xs 00000000 08:22 272599                     /usr/share/texmf/fonts/type1/public/lm/lmsso10.pfb
7f7ae768c000-7f7ae76a8000 r-xs 00000000 08:22 272628                     /usr/share/texmf/fonts/type1/public/lm/lmu10.pfb
7f7ae76a8000-7f7ae76c3000 r-xs 00000000 08:22 272584                     /usr/share/texmf/fonts/type1/public/lm/lmri9.pfb
7f7ae76c3000-7f7ae76e2000 r-xs 00000000 08:22 272621                     /usr/share/texmf/fonts/type1/public/lm/lmtlo10.pfb
7f7ae76e2000-7f7ae76e9000 r-xp 00000000 08:22 1189392                    /usr/lib/jvm/java-6-sun-1.6.0.26/jre/lib/amd64/libnio.so
7f7ae76e9000-7f7ae77e8000 ---p 00007000 08:22 1189392                    /usr/lib/jvm/java-6-sun-1.6.0.26/jre/lib/amd64/libnio.so
7f7ae77e8000-7f7ae77ea000 rwxp 00006000 08:22 1189392                    /usr/lib/jvm/java-6-sun-1.6.0.26/jre/lib/amd64/libnio.so
7f7ae77ea000-7f7ae77ed000 ---p 00000000 00:00 0 
7f7ae77ed000-7f7ae78eb000 rwxp 00000000 00:00 0 
7f7ae78eb000-7f7ae78fe000 r-xp 00000000 08:22 1189407                    /usr/lib/jvm/java-6-sun-1.6.0.26/jre/lib/amd64/libnet.so
7f7ae78fe000-7f7ae79ff000 ---p 00013000 08:22 1189407                    /usr/lib/jvm/java-6-sun-1.6.0.26/jre/lib/amd64/libnet.so
7f7ae79ff000-7f7ae7a02000 rwxp 00014000 08:22 1189407                    /usr/lib/jvm/java-6-sun-1.6.0.26/jre/lib/amd64/libnet.so
7f7ae7a02000-7f7ae7b02000 rwxs 62be2000 00:05 6006                       /dev/nvidia1
7f7ae7b02000-7f7ae7b03000 rwxs b2c03000 00:05 6006                       /dev/nvidia1
7f7ae7b03000-7f7ae7c03000 rwxs 62b3a000 00:05 6006                       /dev/nvidia1
7f7ae7c03000-7f7ae7e13000 rwxp 00000000 00:00 0 
7f7ae7e13000-7f7ae8683000 rwxs c0000000 00:05 6006                       /dev/nvidia1
7f7ae8683000-7f7ae8685000 r-xp 00000000 08:24 680267                     /home/bguaman/workspace/mt4j-desktop/libjogl_awt.so
7f7ae8685000-7f7ae8784000 ---p 00002000 08:24 680267                     /home/bguaman/workspace/mt4j-desktop/libjogl_awt.so
7f7ae8784000-7f7ae8785000 rwxp 00001000 08:24 680267                     /home/bguaman/workspace/mt4j-desktop/libjogl_awt.so
7f7ae8785000-7f7ae8786000 r-xp 00000000 08:22 1189436                    /usr/lib/jvm/java-6-sun-1.6.0.26/jre/lib/amd64/libjawt.so
7f7ae8786000-7f7ae8885000 ---p 00001000 08:22 1189436                    /usr/lib/jvm/java-6-sun-1.6.0.26/jre/lib/amd64/libjawt.so
7f7ae8885000-7f7ae8886000 rwxp 00000000 08:22 1189436                    /usr/lib/jvm/java-6-sun-1.6.0.26/jre/lib/amd64/libjawt.so
7f7ae8886000-7f7ae888b000 r-xp 00000000 08:22 1182806                    /usr/lib/x86_64-linux-gnu/libXxf86vm.so.1.0.0
7f7ae888b000-7f7ae8a8a000 ---p 00005000 08:22 1182806                    /usr/lib/x86_64-linux-gnu/libXxf86vm.so.1.0.0
7f7ae8a8a000-7f7ae8a8b000 r-xp 00004000 08:22 1182806                    /usr/lib/x86_64-linux-gnu/libXxf86vm.so.1.0.0
7f7ae8a8b000-7f7ae8a8c000 rwxp 00005000 08:22 1182806                    /usr/lib/x86_64-linux-gnu/libXxf86vm.so.1.0.0
7f7ae8a8c000-7f7ae8b7b000 r-xp 00000000 08:24 680264                     /home/bguaman/workspace/mt4j-desktop/libjogl.so
7f7ae8b7b000-7f7ae8c7b000 ---p 000ef000 08:24 680264                     /home/bguaman/workspace/mt4j-desktop/libjogl.so
7f7ae8c7b000-7f7ae8c7c000 rwxp 000ef000 08:24 680264                     /home/bguaman/workspace/mt4j-desktop/libjogl.so
7f7ae8c7c000-7f7aea0ca000 r-xp 00000000 08:22 1184078                    /usr/lib/nvidia-current/libnvidia-glcore.so.270.41.06
7f7aea0ca000-7f7aea2ca000 ---p 0144e000 08:22 1184078                    /usr/lib/nvidia-current/libnvidia-glcore.so.270.41.06
7f7aea2ca000-7f7aea8b2000 rwxp 0144e000 08:22 1184078                    /usr/lib/nvidia-current/libnvidia-glcore.so.270.41.06
7f7aea8b2000-7f7aea8c9000 rwxp 00000000 00:00 0 
7f7aea8c9000-7f7aea8ca000 r-xp 00000000 08:22 1180743                    /usr/lib/nvidia-current/tls/libnvidia-tls.so.270.41.06
7f7aea8ca000-7f7aeaaca000 ---p 00001000 08:22 1180743                    /usr/lib/nvidia-current/tls/libnvidia-tls.so.270.41.06
7f7aeaaca000-7f7aeaacb000 rwxp 00001000 08:22 1180743                    /usr/lib/nvidia-current/tls/libnvidia-tls.so.270.41.06
7f7aeaacb000-7f7aeab88000 r-xp 00000000 08:22 1183145                    /usr/lib/nvidia-current/libGL.so.270.41.06
7f7aeab88000-7f7aead88000 ---p 000bd000 08:22 1183145                    /usr/lib/nvidia-current/libGL.so.270.41.06
7f7aead88000-7f7aeadc1000 rwxp 000bd000 08:22 1183145                    /usr/lib/nvidia-current/libGL.so.270.41.06
7f7aeadc1000-7f7aeadd7000 rwxp 00000000 00:00 0 
7f7aeadd7000-7f7aeadd8000 r-xp 00000000 08:24 659506                     /home/bguaman/workspace/mt4j-desktop/libgluegen-rt.so
7f7aeadd8000-7f7aeaed7000 ---p 00001000 08:24 659506                     /home/bguaman/workspace/mt4j-desktop/libgluegen-rt.so
7f7aeaed7000-7f7aeaed8000 rwxp 00000000 08:24 659506                     /home/bguaman/workspace/mt4j-desktop/libgluegen-rt.so
7f7aeaed8000-7f7aeaedb000 ---p 00000000 00:00 0 
7f7aeaedb000-7f7aeafd9000 rwxp 00000000 00:00 0 
7f7aeafd9000-7f7aeafdc000 ---p 00000000 00:00 0 
7f7aeafdc000-7f7aeb0da000 rwxp 00000000 00:00 0 
7f7aeb0da000-7f7aeb0dd000 ---p 00000000 00:00 0 
7f7aeb0dd000-7f7aeb1db000 rwxp 00000000 00:00 0 
7f7aeb1db000-7f7aeb1dc000 r-xs 00000000 08:22 2621607                    /var/cache/fontconfig/c05880de57d1f5e948fdfacc138775d9-le64.cache-3
7f7aeb1dc000-7f7aeb1e5000 r-xs 00000000 08:22 2621606                    /var/cache/fontconfig/945677eb7aeaf62f1d50efc3fb3ec7d8-le64.cache-3
7f7aeb1ed000-7f7aeb208000 r-xs 00000000 08:22 272583                     /usr/share/texmf/fonts/type1/public/lm/lmri8.pfb
7f7aeb208000-7f7aeb229000 r-xs 00000000 08:22 272587                     /usr/share/texmf/fonts/type1/public/lm/lmro17.pfb
7f7aeb229000-7f7aeb231000 r-xs 00000000 08:22 272564                     /usr/share/texmf/fonts/type1/public/lm/lmmi5.pfb
7f7aeb231000-7f7aeb253000 r-xs 00000000 08:22 272620                     /usr/share/texmf/fonts/type1/public/lm/lmtlco10.pfb
7f7aeb253000-7f7aeb293000 rwxs cff7e000 00:05 6006                       /dev/nvidia1
7f7aeb293000-7f7aeb2ae000 rwxs 13f000000 00:05 6006                      /dev/nvidia1
7f7aeb2ae000-7f7aeb2b1000 ---p 00000000 00:00 0 
7f7aeb2b1000-7f7aeb3af000 rwxp 00000000 00:00 0 
7f7aeb3af000-7f7aeb3b2000 ---p 00000000 00:00 0 
7f7aeb3b2000-7f7aeb4b0000 rwxp 00000000 00:00 0 
7f7aeb4b0000-7f7aeb4b5000 r-xp 00000000 08:22 1180715                    /usr/lib/x86_64-linux-gnu/libXfixes.so.3.1.0
7f7aeb4b5000-7f7aeb6b4000 ---p 00005000 08:22 1180715                    /usr/lib/x86_64-linux-gnu/libXfixes.so.3.1.0
7f7aeb6b4000-7f7aeb6b5000 r-xp 00004000 08:22 1180715                    /usr/lib/x86_64-linux-gnu/libXfixes.so.3.1.0
7f7aeb6b5000-7f7aeb6b6000 rwxp 00005000 08:22 1180715                    /usr/lib/x86_64-linux-gnu/libXfixes.so.3.1.0
7f7aeb6b6000-7f7aeb6bf000 r-xp 00000000 08:22 1180172                    /usr/lib/x86_64-linux-gnu/libXrender.so.1.3.0
7f7aeb6bf000-7f7aeb8bf000 ---p 00009000 08:22 1180172                    /usr/lib/x86_64-linux-gnu/libXrender.so.1.3.0
7f7aeb8bf000-7f7aeb8c0000 r-xp 00009000 08:22 1180172                    /usr/lib/x86_64-linux-gnu/libXrender.so.1.3.0
7f7aeb8c0000-7f7aeb8c1000 rwxp 0000a000 08:22 1180172                    /usr/lib/x86_64-linux-gnu/libXrender.so.1.3.0
7f7aeb8c1000-7f7aeb8ca000 r-xp 00000000 08:22 1188068                    /usr/lib/x86_64-linux-gnu/libXcursor.so.1.0.2
7f7aeb8ca000-7f7aebac9000 ---p 00009000 08:22 1188068                    /usr/lib/x86_64-linux-gnu/libXcursor.so.1.0.2
7f7aebac9000-7f7aebaca000 r-xp 00008000 08:22 1188068                    /usr/lib/x86_64-linux-gnu/libXcursor.so.1.0.2
7f7aebaca000-7f7aebacb000 rwxp 00009000 08:22 1188068                    /usr/lib/x86_64-linux-gnu/libXcursor.so.1.0.2
7f7aebacc000-7f7aebad4000 r-xs 00000000 08:22 272546                     /usr/share/texmf/fonts/type1/public/lm/lmbsy5.pfb
7f7aebad4000-7f7aebad8000 rwxs 3e48b000 00:05 6006                       /dev/nvidia1
7f7aebad8000-7f7aebad9000 rwxs cffbe000 00:05 6006                       /dev/nvidia1
7f7aebad9000-7f7aebada000 rwxs 3e48a000 00:05 6006                       /dev/nvidia1
7f7aebada000-7f7aebadb000 rwxs 398cf000 00:05 6006                       /dev/nvidia1
7f7aebadb000-7f7aebadd000 r-xs 0000b000 08:24 2107912                    /home/bguaman/workspace/mt4j-desktop/lib/tuio/tuio4j.jar
7f7aebadd000-7f7aebae9000 r-xs 0010f000 08:24 678557                     /home/bguaman/workspace/mt4j-desktop/lib/jogl/jogl.jar
7f7aebae9000-7f7aebaea000 r-xs 00005000 08:24 678552                     /home/bguaman/workspace/mt4j-desktop/lib/jogl/opengl.jar
7f7aebaea000-7f7aebaec000 r-xs 0005b000 08:24 678565                     /home/bguaman/workspace/mt4j-desktop/lib/core.jar
7f7aebaec000-7f7aebaed000 r-xs 00003000 08:24 2107913                    /home/bguaman/workspace/mt4j-desktop/lib/tuio/tuio4jinput.jar
7f7aebaed000-7f7aebaef000 r-xs 0000a000 08:24 678566                     /home/bguaman/workspace/mt4j-desktop/lib/muito_blobtracking.jar
7f7aebaef000-7f7aebaf1000 r-xs 00004000 08:24 678547                     /home/bguaman/workspace/mt4j-desktop/lib/jogl/gluegen-rt.jar
7f7aebaf1000-7f7aebaf6000 r-xs 00010000 08:24 1190174                    /home/bguaman/workspace/mt4j-core/lib/xml-apis-ext.jar
7f7aebaf6000-7f7aebaf9000 ---p 00000000 00:00 0 
7f7aebaf9000-7f7aebbf7000 rwxp 00000000 00:00 0 
7f7aebbf7000-7f7aebbfc000 r-xp 00000000 08:22 1187279                    /usr/lib/x86_64-linux-gnu/libXdmcp.so.6.0.0
7f7aebbfc000-7f7aebdfb000 ---p 00005000 08:22 1187279                    /usr/lib/x86_64-linux-gnu/libXdmcp.so.6.0.0
7f7aebdfb000-7f7aebdfc000 r-xp 00004000 08:22 1187279                    /usr/lib/x86_64-linux-gnu/libXdmcp.so.6.0.0
7f7aebdfc000-7f7aebdfd000 rwxp 00005000 08:22 1187279                    /usr/lib/x86_64-linux-gnu/libXdmcp.so.6.0.0
7f7aebdfd000-7f7aebdff000 r-xp 00000000 08:22 1187247                    /usr/lib/x86_64-linux-gnu/libXau.so.6.0.0
7f7aebdff000-7f7aebffe000 ---p 00002000 08:22 1187247                    /usr/lib/x86_64-linux-gnu/libXau.so.6.0.0
7f7aebffe000-7f7aebfff000 r-xp 00001000 08:22 1187247                    /usr/lib/x86_64-linux-gnu/libXau.so.6.0.0
7f7aebfff000-7f7aec000000 rwxp 00002000 08:22 1187247                    /usr/lib/x86_64-linux-gnu/libXau.so.6.0.0
7f7aec000000-7f7aed83f000 rwxp 00000000 00:00 0 
7f7aed83f000-7f7af0000000 ---p 00000000 00:00 0 
7f7af0000000-7f7af0001000 rwxs 62bff000 00:05 6006                       /dev/nvidia1
7f7af0001000-7f7af0003000 r-xs 00000000 08:22 2621574                    /var/cache/fontconfig/99e8ed0e538f840c565b6ed5dad60d56-le64.cache-3
7f7af0003000-7f7af0013000 r-xs 00000000 08:22 2621593                    /var/cache/fontconfig/0f34bcd4b6ee430af32735b75db7f02b-le64.cache-3
7f7af0013000-7f7af0016000 r-xs 00000000 08:22 2621592                    /var/cache/fontconfig/d60319d88cac85ba9e1a07bd06cfbb8c-le64.cache-3
7f7af0016000-7f7af0017000 r-xs 00000000 08:22 2622676                    /var/cache/fontconfig/4794a0821666d79190d59a36cb4f44b5-le64.cache-3
7f7af0017000-7f7af0045000 r-xs 00000000 08:22 2621591                    /var/cache/fontconfig/365b55f210c0a22e9a19e35191240f32-le64.cache-3
7f7af0045000-7f7af00be000 r-xp 00000000 08:22 1189423                    /usr/lib/jvm/java-6-sun-1.6.0.26/jre/lib/amd64/libfontmanager.so
7f7af00be000-7f7af01bd000 ---p 00079000 08:22 1189423                    /usr/lib/jvm/java-6-sun-1.6.0.26/jre/lib/amd64/libfontmanager.so
7f7af01bd000-7f7af01d2000 rwxp 00078000 08:22 1189423                    /usr/lib/jvm/java-6-sun-1.6.0.26/jre/lib/amd64/libfontmanager.so
7f7af01d2000-7f7af01e3000 rwxp 00000000 00:00 0 
7f7af01e3000-7f7af01fe000 r-xp 00000000 08:22 1187284                    /usr/lib/x86_64-linux-gnu/libxcb.so.1.1.0
7f7af01fe000-7f7af03fd000 ---p 0001b000 08:22 1187284                    /usr/lib/x86_64-linux-gnu/libxcb.so.1.1.0
7f7af03fd000-7f7af03fe000 r-xp 0001a000 08:22 1187284                    /usr/lib/x86_64-linux-gnu/libxcb.so.1.1.0
7f7af03fe000-7f7af03ff000 rwxp 0001b000 08:22 1187284                    /usr/lib/x86_64-linux-gnu/libxcb.so.1.1.0
7f7af03ff000-7f7af040e000 r-xp 00000000 08:22 1188155                    /usr/lib/x86_64-linux-gnu/libXi.so.6.1.0
7f7af040e000-7f7af060d000 ---p 0000f000 08:22 1188155                    /usr/lib/x86_64-linux-gnu/libXi.so.6.1.0
7f7af060d000-7f7af060e000 r-xp 0000e000 08:22 1188155                    /usr/lib/x86_64-linux-gnu/libXi.so.6.1.0
7f7af060e000-7f7af060f000 rwxp 0000f000 08:22 1188155                    /usr/lib/x86_64-linux-gnu/libXi.so.6.1.0
7f7af060f000-7f7af0614000 r-xp 00000000 08:22 1182462                    /usr/lib/libXtst.so.6.1.0
7f7af0614000-7f7af0813000 ---p 00005000 08:22 1182462                    /usr/lib/libXtst.so.6.1.0
7f7af0813000-7f7af0814000 r-xp 00004000 08:22 1182462                    /usr/lib/libXtst.so.6.1.0
7f7af0814000-7f7af0815000 rwxp 00005000 08:22 1182462                    /usr/lib/libXtst.so.6.1.0
7f7af0815000-7f7af094a000 r-xp 00000000 08:22 1188489                    /usr/lib/x86_64-linux-gnu/libX11.so.6.3.0
7f7af094a000-7f7af0b4a000 ---p 00135000 08:22 1188489                    /usr/lib/x86_64-linux-gnu/libX11.so.6.3.0
7f7af0b4a000-7f7af0b4b000 r-xp 00135000 08:22 1188489                    /usr/lib/x86_64-linux-gnu/libX11.so.6.3.0
7f7af0b4b000-7f7af0b4f000 rwxp 00136000 08:22 1188489                    /usr/lib/x86_64-linux-gnu/libX11.so.6.3.0
7f7af0b4f000-7f7af0b60000 r-xp 00000000 08:22 1183304                    /usr/lib/x86_64-linux-gnu/libXext.so.6.4.0
7f7af0b60000-7f7af0d5f000 ---p 00011000 08:22 1183304                    /usr/lib/x86_64-linux-gnu/libXext.so.6.4.0
7f7af0d5f000-7f7af0d60000 r-xp 00010000 08:22 1183304                    /usr/lib/x86_64-linux-gnu/libXext.so.6.4.0
7f7af0d60000-7f7af0d61000 rwxp 00011000 08:22 1183304                    /usr/lib/x86_64-linux-gnu/libXext.so.6.4.0
7f7af0d61000-7f7af0d62000 rwxs b2001000 00:05 6006                       /dev/nvidia1
7f7af0d62000-7f7af0d65000 r-xs 00000000 08:22 2621604                    /var/cache/fontconfig/e383d7ea5fbe662a33d9b44caf393297-le64.cache-3
7f7af0d65000-7f7af0d67000 r-xs 00000000 08:22 2621603                    /var/cache/fontconfig/2cd17615ca594fa2959ae173292e504c-le64.cache-3
7f7af0d67000-7f7af0d68000 r-xs 00000000 08:22 2621601                    /var/cache/fontconfig/e7071f4a29fa870f4323321c154eba04-le64.cache-3
7f7af0d68000-7f7af0d6b000 r-xs 00000000 08:22 2625717                    /var/cache/fontconfig/b5ea634b0fb353b8ea17632d1f9ef766-le64.cache-3
7f7af0d6b000-7f7af0d6f000 r-xs 00000000 08:22 2621600                    /var/cache/fontconfig/6eb3985aa4124903f6ff08ba781cd364-le64.cache-3
7f7af0d6f000-7f7af0d70000 r-xs 00000000 08:22 2621599                    /var/cache/fontconfig/4c73fe0c47614734b17d736dbde7580a-le64.cache-3
7f7af0d70000-7f7af0d71000 r-xs 00000000 08:22 2621598                    /var/cache/fontconfig/0d8c3b2ac0904cb8a57a757ad11a4a08-le64.cache-3
7f7af0d71000-7f7af0d72000 r-xs 00000000 08:22 2621597                    /var/cache/fontconfig/6a53c69dea097a2d716e069445527da8-le64.cache-3
7f7af0d72000-7f7af0d78000 r-xs 00000000 08:22 2621596                    /var/cache/fontconfig/a755afe4a08bf5b97852ceb7400b47bc-le64.cache-3
7f7af0d78000-7f7af0d8c000 r-xs 00000000 08:22 2621609                    /var/cache/fontconfig/865f88548240fee46819705c6468c165-le64.cache-3
7f7af0d8c000-7f7af0dce000 r-xp 00000000 08:22 1189412                    /usr/lib/jvm/java-6-sun-1.6.0.26/jre/lib/amd64/xawt/libmawt.so
7f7af0dce000-7f7af0ecd000 ---p 00042000 08:22 1189412                    /usr/lib/jvm/java-6-sun-1.6.0.26/jre/lib/amd64/xawt/libmawt.so
7f7af0ecd000-7f7af0ed9000 rwxp 00041000 08:22 1189412                    /usr/lib/jvm/java-6-sun-1.6.0.26/jre/lib/amd64/xawt/libmawt.so
7f7af0ed9000-7f7af0eda000 rwxp 00000000 00:00 0 
7f7af0eda000-7f7af0f6c000 r-xp 00000000 08:22 1189435                    /usr/lib/jvm/java-6-sun-1.6.0.26/jre/lib/amd64/libawt.so
7f7af0f6c000-7f7af106b000 ---p 00092000 08:22 1189435                    /usr/lib/jvm/java-6-sun-1.6.0.26/jre/lib/amd64/libawt.so
7f7af106b000-7f7af1085000 rwxp 00091000 08:22 1189435                    /usr/lib/jvm/java-6-sun-1.6.0.26/jre/lib/amd64/libawt.so
7f7af1085000-7f7af10a9000 rwxp 00000000 00:00 0 
7f7af10a9000-7f7af10ca000 r-xs 00261000 08:24 1190172                    /home/bguaman/workspace/mt4j-core/lib/mt4j-core.jar
7f7af10ca000-7f7af10d2000 r-xs 00045000 08:24 1190178                    /home/bguaman/workspace/mt4j-core/lib/batik-css.jar
7f7af10d2000-7f7af10d3000 r-xs 00006000 08:24 1190173                    /home/bguaman/workspace/mt4j-core/lib/ani.jar
7f7af10d3000-7f7af10d4000 r-xs 00002000 08:24 1722383                    /home/bguaman/workspace/mt4j-desktop/examples/advanced/water/lib/waterScene.jar
7f7af10d4000-7f7af10d8000 r-xs 00091000 08:24 534392                     /home/bguaman/workspace/mt4j-desktop/examples/advanced/physics/lib/jbox2d.jar
7f7af10d8000-7f7af10da000 r-xs 0000c000 08:24 680828                     /home/bguaman/workspace/mt4j-desktop/examples/advanced/modestMapsMT/lib/modestMaps.jar
7f7af10da000-7f7af10db000 r-xs 00001000 08:24 680669                     /home/bguaman/workspace/mt4j-desktop/examples/advanced/fluidSimulator/lib/MSAFluid.jar
7f7af10db000-7f7af10df000 r-xs 0005e000 08:24 680788                     /home/bguaman/workspace/mt4j-desktop/examples/advanced/flickrMT/lib/flickrj.jar
7f7af10df000-7f7af10e1000 r-xs 0003c000 08:24 534101                     /home/bguaman/workspace/mt4j-desktop/extensions/lib/jbullet/vecmath.jar
7f7af10e1000-7f7af10e2000 r-xs 0000b000 08:24 534102                     /home/bguaman/workspace/mt4j-desktop/extensions/lib/jbullet/stack-alloc.jar
7f7af10e2000-7f7af10eb000 r-xs 0006c000 08:24 534103                     /home/bguaman/workspace/mt4j-desktop/extensions/lib/jbullet/jbullet.jar
7f7af10eb000-7f7af10ed000 r-xs 00008000 08:24 678443                     /home/bguaman/workspace/mt4j-desktop/lib/whirlylib/whirlycache-1.0.1.jar
7f7af10ed000-7f7af10f5000 r-xs 0004f000 08:24 678446                     /home/bguaman/workspace/mt4j-desktop/lib/whirlylib/log4j-1.2.8.jar
7f7af10f5000-7f7af10fd000 r-xs 00028000 08:24 678540                     /home/bguaman/workspace/mt4j-desktop/lib/batik/xml-apis.jar
7f7af10fd000-7f7af1108000 r-xs 000ad000 08:24 678533                     /home/bguaman/workspace/mt4j-desktop/lib/batik/pdf-transcoder.jar
7f7af1108000-7f7af1110000 r-xs 00074000 08:24 678535                     /home/bguaman/workspace/mt4j-desktop/lib/batik/js.jar
7f7af1110000-7f7af1111000 r-xs 00007000 08:24 678522                     /home/bguaman/workspace/mt4j-desktop/lib/batik/batik-xml.jar
7f7af1111000-7f7af1114000 r-xs 0001d000 08:24 678530                     /home/bguaman/workspace/mt4j-desktop/lib/batik/batik-util.jar
7f7af1114000-7f7af1116000 r-xs 0001c000 08:24 678524                     /home/bguaman/workspace/mt4j-desktop/lib/batik/batik-transcoder.jar
7f7af1116000-7f7af111b000 r-xs 00030000 08:24 678519                     /home/bguaman/workspace/mt4j-desktop/lib/batik/batik-svggen.jar
7f7af111b000-7f7af1128000 r-xs 00087000 08:24 678529                     /home/bguaman/workspace/mt4j-desktop/lib/batik/batik-svg-dom.jar
7f7af1128000-7f7af112b000 r-xs 0000d000 08:24 678525                     /home/bguaman/workspace/mt4j-desktop/lib/batik/batik-script.jar
7f7af112b000-7f7af112d000 r-xs 00010000 08:24 678520                     /home/bguaman/workspace/mt4j-desktop/lib/batik/batik-parser.jar
7f7af112d000-7f7af1131000 r-xs 00038000 08:24 678539                     /home/bguaman/workspace/mt4j-desktop/lib/batik/batik-gvt.jar
7f7af1131000-7f7af1133000 r-xs 0000f000 08:24 678528                     /home/bguaman/workspace/mt4j-desktop/lib/batik/batik-extension.jar
7f7af1133000-7f7af1134000 r-xs 00002000 08:24 678538                     /home/bguaman/workspace/mt4j-desktop/lib/batik/batik-ext.jar
7f7af1134000-7f7af1138000 r-xs 00027000 08:24 678513                     /home/bguaman/workspace/mt4j-desktop/lib/batik/batik-dom.jar
7f7af1138000-7f7af1142000 r-xs 00080000 08:24 678521                     /home/bguaman/workspace/mt4j-desktop/lib/batik/batik-bridge.jar
7f7af1142000-7f7af1149000 r-xs 0005c000 08:24 678542                     /home/bguaman/workspace/mt4j-desktop/lib/batik/batik-awt-util.jar
7f7af1149000-7f7af114c000 r-xs 00015000 08:24 678517                     /home/bguaman/workspace/mt4j-desktop/lib/batik/batik-anim.jar
7f7af114c000-7f7af114e000 r-xs 00006000 08:24 678564                     /home/bguaman/workspace/mt4j-desktop/lib/mri.jar
7f7af114e000-7f7af1154000 r-xs 00034000 08:24 678567                     /home/bguaman/workspace/mt4j-desktop/lib/junit-4.8.2.jar
7f7af1154000-7f7af1155000 r-xs 00002000 08:24 678562                     /home/bguaman/workspace/mt4j-desktop/lib/GlulogicMT.jar
7f7af1155000-7f7af1156000 ---p 00000000 00:00 0 
7f7af1156000-7f7af1256000 rwxp 00000000 00:00 0 
7f7af1256000-7f7af1259000 ---p 00000000 00:00 0 
7f7af1259000-7f7af1357000 rwxp 00000000 00:00 0 
7f7af1357000-7f7af135a000 ---p 00000000 00:00 0 
7f7af135a000-7f7af1458000 rwxp 00000000 00:00 0 
7f7af1458000-7f7af145b000 ---p 00000000 00:00 0 
7f7af145b000-7f7af1559000 rwxp 00000000 00:00 0 
7f7af1559000-7f7af155c000 ---p 00000000 00:00 0 
7f7af155c000-7f7af165a000 rwxp 00000000 00:00 0 
7f7af165a000-7f7af18ff000 r-xp 00000000 08:22 1179791                    /usr/lib/locale/locale-archive
7f7af18ff000-7f7af1902000 ---p 00000000 00:00 0 
7f7af1902000-7f7af1a00000 rwxp 00000000 00:00 0 
7f7af1a00000-7f7af1a03000 ---p 00000000 00:00 0 
7f7af1a03000-7f7af1b01000 rwxp 00000000 00:00 0 
7f7af1b01000-7f7af1b02000 ---p 00000000 00:00 0 
7f7af1b02000-7f7af213b000 rwxp 00000000 00:00 0 
7f7af213b000-7f7af22d3000 r-xs 03029000 08:22 1202981                    /usr/lib/jvm/java-6-sun-1.6.0.26/jre/lib/rt.jar
7f7af22d3000-7f7af22fb000 rwxp 00000000 00:00 0 
7f7af22fb000-7f7af22fc000 ---p 00000000 00:00 0 
7f7af22fc000-7f7af23fc000 rwxp 00000000 00:00 0 
7f7af23fc000-7f7af23fd000 ---p 00000000 00:00 0 
7f7af23fd000-7f7af24fd000 rwxp 00000000 00:00 0 
7f7af24fd000-7f7af24fe000 ---p 00000000 00:00 0 
7f7af24fe000-7f7af25fe000 rwxp 00000000 00:00 0 
7f7af25fe000-7f7af25ff000 ---p 00000000 00:00 0 
7f7af25ff000-7f7af270a000 rwxp 00000000 00:00 0 
7f7af270a000-7f7af2728000 rwxp 00000000 00:00 0 
7f7af2728000-7f7af273d000 rwxp 00000000 00:00 0 
7f7af273d000-7f7af2873000 rwxp 00000000 00:00 0 
7f7af2873000-7f7af287e000 rwxp 00000000 00:00 0 
7f7af287e000-7f7af289c000 rwxp 00000000 00:00 0 
7f7af289c000-7f7af28b1000 rwxp 00000000 00:00 0 
7f7af28b1000-7f7af29e6000 rwxp 00000000 00:00 0 
7f7af29e6000-7f7af2a09000 rwxp 00000000 00:00 0 
7f7af2a09000-7f7af2a8c000 rwxp 00000000 00:00 0 
7f7af2a8c000-7f7af2cfd000 rwxp 00000000 00:00 0 
7f7af2cfd000-7f7af5a8d000 rwxp 00000000 00:00 0 
7f7af5a8d000-7f7af5a9b000 r-xp 00000000 08:22 1189430                    /usr/lib/jvm/java-6-sun-1.6.0.26/jre/lib/amd64/libzip.so
7f7af5a9b000-7f7af5b9d000 ---p 0000e000 08:22 1189430                    /usr/lib/jvm/java-6-sun-1.6.0.26/jre/lib/amd64/libzip.so
7f7af5b9d000-7f7af5ba0000 rwxp 00010000 08:22 1189430                    /usr/lib/jvm/java-6-sun-1.6.0.26/jre/lib/amd64/libzip.so
7f7af5ba0000-7f7af5ba1000 rwxp 00000000 00:00 0 
7f7af5ba1000-7f7af5bad000 r-xp 00000000 08:22 1837256                    /lib/x86_64-linux-gnu/libnss_files-2.13.so
7f7af5bad000-7f7af5dac000 ---p 0000c000 08:22 1837256                    /lib/x86_64-linux-gnu/libnss_files-2.13.so
7f7af5dac000-7f7af5dad000 r-xp 0000b000 08:22 1837256                    /lib/x86_64-linux-gnu/libnss_files-2.13.so
7f7af5dad000-7f7af5dae000 rwxp 0000c000 08:22 1837256                    /lib/x86_64-linux-gnu/libnss_files-2.13.so
7f7af5dae000-7f7af5db9000 r-xp 00000000 08:22 1837260                    /lib/x86_64-linux-gnu/libnss_nis-2.13.so
7f7af5db9000-7f7af5fb8000 ---p 0000b000 08:22 1837260                    /lib/x86_64-linux-gnu/libnss_nis-2.13.so
7f7af5fb8000-7f7af5fb9000 r-xp 0000a000 08:22 1837260                    /lib/x86_64-linux-gnu/libnss_nis-2.13.so
7f7af5fb9000-7f7af5fba000 rwxp 0000b000 08:22 1837260                    /lib/x86_64-linux-gnu/libnss_nis-2.13.so
7f7af5fba000-7f7af5fc2000 r-xp 00000000 08:22 1837252                    /lib/x86_64-linux-gnu/libnss_compat-2.13.so
7f7af5fc2000-7f7af61c1000 ---p 00008000 08:22 1837252                    /lib/x86_64-linux-gnu/libnss_compat-2.13.so
7f7af61c1000-7f7af61c2000 r-xp 00007000 08:22 1837252                    /lib/x86_64-linux-gnu/libnss_compat-2.13.so
7f7af61c2000-7f7af61c3000 rwxp 00008000 08:22 1837252                    /lib/x86_64-linux-gnu/libnss_compat-2.13.so
7f7af61c3000-7f7af61da000 r-xp 00000000 08:22 1837250                    /lib/x86_64-linux-gnu/libnsl-2.13.so
7f7af61da000-7f7af63d9000 ---p 00017000 08:22 1837250                    /lib/x86_64-linux-gnu/libnsl-2.13.so
7f7af63d9000-7f7af63da000 r-xp 00016000 08:22 1837250                    /lib/x86_64-linux-gnu/libnsl-2.13.so
7f7af63da000-7f7af63db000 rwxp 00017000 08:22 1837250                    /lib/x86_64-linux-gnu/libnsl-2.13.so
7f7af63db000-7f7af63dd000 rwxp 00000000 00:00 0 
7f7af63dd000-7f7af6406000 r-xp 00000000 08:22 1189429                    /usr/lib/jvm/java-6-sun-1.6.0.26/jre/lib/amd64/libjava.so
7f7af6406000-7f7af6505000 ---p 00029000 08:22 1189429                    /usr/lib/jvm/java-6-sun-1.6.0.26/jre/lib/amd64/libjava.so
7f7af6505000-7f7af650c000 rwxp 00028000 08:22 1189429                    /usr/lib/jvm/java-6-sun-1.6.0.26/jre/lib/amd64/libjava.so
7f7af650c000-7f7af6519000 r-xp 00000000 08:22 1189406                    /usr/lib/jvm/java-6-sun-1.6.0.26/jre/lib/amd64/libverify.so
7f7af6519000-7f7af6618000 ---p 0000d000 08:22 1189406                    /usr/lib/jvm/java-6-sun-1.6.0.26/jre/lib/amd64/libverify.so
7f7af6618000-7f7af661b000 rwxp 0000c000 08:22 1189406                    /usr/lib/jvm/java-6-sun-1.6.0.26/jre/lib/amd64/libverify.so
7f7af661b000-7f7af6622000 r-xp 00000000 08:22 1837270                    /lib/x86_64-linux-gnu/librt-2.13.so
7f7af6622000-7f7af6821000 ---p 00007000 08:22 1837270                    /lib/x86_64-linux-gnu/librt-2.13.so
7f7af6821000-7f7af6822000 r-xp 00006000 08:22 1837270                    /lib/x86_64-linux-gnu/librt-2.13.so
7f7af6822000-7f7af6823000 rwxp 00007000 08:22 1837270                    /lib/x86_64-linux-gnu/librt-2.13.so
7f7af6823000-7f7af6826000 ---p 00000000 00:00 0 
7f7af6826000-7f7af6924000 rwxp 00000000 00:00 0 
7f7af6924000-7f7af69a8000 r-xp 00000000 08:22 1837246                    /lib/x86_64-linux-gnu/libm-2.13.so
7f7af69a8000-7f7af6ba7000 ---p 00084000 08:22 1837246                    /lib/x86_64-linux-gnu/libm-2.13.so
7f7af6ba7000-7f7af6ba8000 r-xp 00083000 08:22 1837246                    /lib/x86_64-linux-gnu/libm-2.13.so
7f7af6ba8000-7f7af6ba9000 rwxp 00084000 08:22 1837246                    /lib/x86_64-linux-gnu/libm-2.13.so
7f7af6ba9000-7f7af74c3000 r-xp 00000000 08:22 1189432                    /usr/lib/jvm/java-6-sun-1.6.0.26/jre/lib/amd64/server/libjvm.so
7f7af74c3000-7f7af75c5000 ---p 0091a000 08:22 1189432                    /usr/lib/jvm/java-6-sun-1.6.0.26/jre/lib/amd64/server/libjvm.so
7f7af75c5000-7f7af777a000 rwxp 0091c000 08:22 1189432                    /usr/lib/jvm/java-6-sun-1.6.0.26/jre/lib/amd64/server/libjvm.so
7f7af777a000-7f7af77b4000 rwxp 00000000 00:00 0 
7f7af77b4000-7f7af793e000 r-xp 00000000 08:22 1837230                    /lib/x86_64-linux-gnu/libc-2.13.so
7f7af793e000-7f7af7b3d000 ---p 0018a000 08:22 1837230                    /lib/x86_64-linux-gnu/libc-2.13.so
7f7af7b3d000-7f7af7b41000 r-xp 00189000 08:22 1837230                    /lib/x86_64-linux-gnu/libc-2.13.so
7f7af7b41000-7f7af7b42000 rwxp 0018d000 08:22 1837230                    /lib/x86_64-linux-gnu/libc-2.13.so
7f7af7b42000-7f7af7b48000 rwxp 00000000 00:00 0 
7f7af7b48000-7f7af7b4a000 r-xp 00000000 08:22 1837244                    /lib/x86_64-linux-gnu/libdl-2.13.so
7f7af7b4a000-7f7af7d4a000 ---p 00002000 08:22 1837244                    /lib/x86_64-linux-gnu/libdl-2.13.so
7f7af7d4a000-7f7af7d4b000 r-xp 00002000 08:22 1837244                    /lib/x86_64-linux-gnu/libdl-2.13.so
7f7af7d4b000-7f7af7d4c000 rwxp 00003000 08:22 1837244                    /lib/x86_64-linux-gnu/libdl-2.13.so
7f7af7d4c000-7f7af7d64000 r-xp 00000000 08:22 1837266                    /lib/x86_64-linux-gnu/libpthread-2.13.so
7f7af7d64000-7f7af7f64000 ---p 00018000 08:22 1837266                    /lib/x86_64-linux-gnu/libpthread-2.13.so
7f7af7f64000-7f7af7f65000 r-xp 00018000 08:22 1837266                    /lib/x86_64-linux-gnu/libpthread-2.13.so
7f7af7f65000-7f7af7f66000 rwxp 00019000 08:22 1837266                    /lib/x86_64-linux-gnu/libpthread-2.13.so
7f7af7f66000-7f7af7f6a000 rwxp 00000000 00:00 0 
7f7af7f6a000-7f7af7f8b000 r-xp 00000000 08:22 1835033                    /lib/x86_64-linux-gnu/ld-2.13.so
7f7af7f8b000-7f7af7f8f000 r-xs 00000000 08:22 2626406                    /var/cache/fontconfig/6d41288fd70b0be22e8c3a91e032eec0-le64.cache-3
7f7af7f8f000-7f7af7f99000 rwxp 00000000 00:00 0 
7f7af7f99000-7f7af804f000 rwxp 00000000 00:00 0 
7f7af804f000-7f7af8052000 rwxp 00000000 00:00 0 
7f7af8052000-7f7af8059000 r-xp 00000000 08:22 1189402                    /usr/lib/jvm/java-6-sun-1.6.0.26/jre/lib/amd64/jli/libjli.so
7f7af8059000-7f7af815a000 ---p 00007000 08:22 1189402                    /usr/lib/jvm/java-6-sun-1.6.0.26/jre/lib/amd64/jli/libjli.so
7f7af815a000-7f7af815c000 rwxp 00008000 08:22 1189402                    /usr/lib/jvm/java-6-sun-1.6.0.26/jre/lib/amd64/jli/libjli.so
7f7af815c000-7f7af815d000 rwxp 00000000 00:00 0 
7f7af815d000-7f7af8167000 r-xs 00000000 08:22 2621590                    /var/cache/fontconfig/d52a8644073d54c13679302ca1180695-le64.cache-3
7f7af8167000-7f7af817a000 r-xs 00000000 08:22 2621573                    /var/cache/fontconfig/e13b20fdb08344e0e664864cc2ede53d-le64.cache-3
7f7af817a000-7f7af817e000 r-xs 00000000 08:22 2625713                    /var/cache/fontconfig/7ef2298fde41cc6eeb7af42e48b7d293-le64.cache-3
7f7af817e000-7f7af8186000 rwxs 00000000 08:22 2103828                    /tmp/hsperfdata_bguaman/5444
7f7af8186000-7f7af8187000 rwxp 00000000 00:00 0 
7f7af8187000-7f7af8188000 r-xp 00000000 00:00 0 
7f7af8188000-7f7af818a000 rwxp 00000000 00:00 0 
7f7af818a000-7f7af818b000 r-xp 00020000 08:22 1835033                    /lib/x86_64-linux-gnu/ld-2.13.so
7f7af818b000-7f7af818d000 rwxp 00021000 08:22 1835033                    /lib/x86_64-linux-gnu/ld-2.13.so
7fff73441000-7fff73463000 rwxp 00000000 00:00 0                          [stack]
7fff73596000-7fff73597000 r-xp 00000000 00:00 0                          [vdso]
ffffffffff600000-ffffffffff601000 r-xp 00000000 00:00 0                  [vsyscall]

VM Arguments:
jvm_args: -Djava.library.path=/home/bguaman/workspace/mt4j-desktop -Dfile.encoding=UTF-8 
java_command: advanced.physics.StartGlobitos
Launcher Type: SUN_STANDARD

Environment Variables:
PATH=/usr/local/sbin:/usr/local/bin:/usr/sbin:/usr/bin:/sbin:/bin:/usr/games
USERNAME=bguaman
LD_LIBRARY_PATH=/usr/lib/jvm/java-6-sun-1.6.0.26/jre/lib/amd64/server:/usr/lib/jvm/java-6-sun-1.6.0.26/jre/lib/amd64:/usr/lib/jvm/java-6-sun-1.6.0.26/jre/../lib/amd64:/usr/lib/xulrunner-1.9.2.17
SHELL=/bin/bash
DISPLAY=:0.0

Signal Handlers:
SIGSEGV: [libjvm.so+0x85f800], sa_mask[0]=0x7ffbfeff, sa_flags=0x10000004
SIGBUS: [libjvm.so+0x85f800], sa_mask[0]=0x7ffbfeff, sa_flags=0x10000004
SIGFPE: [libjvm.so+0x70e300], sa_mask[0]=0x7ffbfeff, sa_flags=0x10000004
SIGPIPE: [libjvm.so+0x70e300], sa_mask[0]=0x7ffbfeff, sa_flags=0x10000004
SIGXFSZ: [libjvm.so+0x70e300], sa_mask[0]=0x7ffbfeff, sa_flags=0x10000004
SIGILL: [libjvm.so+0x70e300], sa_mask[0]=0x7ffbfeff, sa_flags=0x10000004
SIGUSR1: SIG_DFL, sa_mask[0]=0x00000000, sa_flags=0x00000000
SIGUSR2: [libjvm.so+0x711110], sa_mask[0]=0x00000004, sa_flags=0x10000004
SIGHUP: [libjvm.so+0x710d10], sa_mask[0]=0x7ffbfeff, sa_flags=0x10000004
SIGINT: [libjvm.so+0x710d10], sa_mask[0]=0x7ffbfeff, sa_flags=0x10000004
SIGTERM: [libjvm.so+0x710d10], sa_mask[0]=0x7ffbfeff, sa_flags=0x10000004
SIGQUIT: [libjvm.so+0x710d10], sa_mask[0]=0x7ffbfeff, sa_flags=0x10000004


---------------  S Y S T E M  ---------------

OS:squeeze/sid

uname:Linux 2.6.38-13-generic #54-Ubuntu SMP Tue Jan 3 13:38:12 UTC 2012 x86_64
libc:glibc 2.13 NPTL 2.13 
rlimit: STACK 8192k, CORE 0k, NPROC infinity, NOFILE 4096, AS infinity
load average:0.04 0.06 0.05

/proc/meminfo:
MemTotal:        4056284 kB
MemFree:          633360 kB
Buffers:          658828 kB
Cached:           774592 kB
SwapCached:            0 kB
Active:          1465664 kB
Inactive:         945552 kB
Active(anon):     978676 kB
Inactive(anon):     5280 kB
Active(file):     486988 kB
Inactive(file):   940272 kB
Unevictable:           0 kB
Mlocked:               0 kB
SwapTotal:       7815616 kB
SwapFree:        7815616 kB
Dirty:               176 kB
Writeback:             0 kB
AnonPages:        977956 kB
Mapped:           173436 kB
Shmem:              6064 kB
Slab:             835104 kB
SReclaimable:     805208 kB
SUnreclaim:        29896 kB
KernelStack:        3200 kB
PageTables:        28404 kB
NFS_Unstable:          0 kB
Bounce:                0 kB
WritebackTmp:          0 kB
CommitLimit:     9843756 kB
Committed_AS:    2580516 kB
VmallocTotal:   34359738367 kB
VmallocUsed:      113588 kB
VmallocChunk:   34359615996 kB
HardwareCorrupted:     0 kB
HugePages_Total:       0
HugePages_Free:        0
HugePages_Rsvd:        0
HugePages_Surp:        0
Hugepagesize:       2048 kB
DirectMap4k:      166784 kB
DirectMap2M:     4026368 kB


CPU:total 4 (2 cores per cpu, 1 threads per core) family 15 model 65 stepping 3, cmov, cx8, fxsr, mmx, sse, sse2, sse3, mmxext, 3dnow, 3dnowext

/proc/cpuinfo:
processor	: 0
vendor_id	: AuthenticAMD
cpu family	: 15
model		: 65
model name	: Dual-Core AMD Opteron(tm) Processor 2218
stepping	: 3
cpu MHz		: 1000.000
cache size	: 1024 KB
physical id	: 0
siblings	: 2
core id		: 0
cpu cores	: 2
apicid		: 0
initial apicid	: 0
fpu		: yes
fpu_exception	: yes
cpuid level	: 1
wp		: yes
flags		: fpu vme de pse tsc msr pae mce cx8 apic sep mtrr pge mca cmov pat pse36 clflush mmx fxsr sse sse2 ht syscall nx mmxext fxsr_opt rdtscp lm 3dnowext 3dnow rep_good nopl extd_apicid pni cx16 lahf_lm cmp_legacy svm extapic cr8_legacy
bogomips	: 2000.01
TLB size	: 1024 4K pages
clflush size	: 64
cache_alignment	: 64
address sizes	: 40 bits physical, 48 bits virtual
power management: ts fid vid ttp tm stc

processor	: 1
vendor_id	: AuthenticAMD
cpu family	: 15
model		: 65
model name	: Dual-Core AMD Opteron(tm) Processor 2218
stepping	: 3
cpu MHz		: 1000.000
cache size	: 1024 KB
physical id	: 0
siblings	: 2
core id		: 1
cpu cores	: 2
apicid		: 1
initial apicid	: 1
fpu		: yes
fpu_exception	: yes
cpuid level	: 1
wp		: yes
flags		: fpu vme de pse tsc msr pae mce cx8 apic sep mtrr pge mca cmov pat pse36 clflush mmx fxsr sse sse2 ht syscall nx mmxext fxsr_opt rdtscp lm 3dnowext 3dnow rep_good nopl extd_apicid pni cx16 lahf_lm cmp_legacy svm extapic cr8_legacy
bogomips	: 2000.01
TLB size	: 1024 4K pages
clflush size	: 64
cache_alignment	: 64
address sizes	: 40 bits physical, 48 bits virtual
power management: ts fid vid ttp tm stc

processor	: 2
vendor_id	: AuthenticAMD
cpu family	: 15
model		: 65
model name	: Dual-Core AMD Opteron(tm) Processor 2218
stepping	: 3
cpu MHz		: 2600.000
cache size	: 1024 KB
physical id	: 1
siblings	: 2
core id		: 0
cpu cores	: 2
apicid		: 2
initial apicid	: 2
fpu		: yes
fpu_exception	: yes
cpuid level	: 1
wp		: yes
flags		: fpu vme de pse tsc msr pae mce cx8 apic sep mtrr pge mca cmov pat pse36 clflush mmx fxsr sse sse2 ht syscall nx mmxext fxsr_opt rdtscp lm 3dnowext 3dnow rep_good nopl extd_apicid pni cx16 lahf_lm cmp_legacy svm extapic cr8_legacy
bogomips	: 5200.04
TLB size	: 1024 4K pages
clflush size	: 64
cache_alignment	: 64
address sizes	: 40 bits physical, 48 bits virtual
power management: ts fid vid ttp tm stc

processor	: 3
vendor_id	: AuthenticAMD
cpu family	: 15
model		: 65
model name	: Dual-Core AMD Opteron(tm) Processor 2218
stepping	: 3
cpu MHz		: 2600.000
cache size	: 1024 KB
physical id	: 1
siblings	: 2
core id		: 1
cpu cores	: 2
apicid		: 3
initial apicid	: 3
fpu		: yes
fpu_exception	: yes
cpuid level	: 1
wp		: yes
flags		: fpu vme de pse tsc msr pae mce cx8 apic sep mtrr pge mca cmov pat pse36 clflush mmx fxsr sse sse2 ht syscall nx mmxext fxsr_opt rdtscp lm 3dnowext 3dnow rep_good nopl extd_apicid pni cx16 lahf_lm cmp_legacy svm extapic cr8_legacy
bogomips	: 5200.04
TLB size	: 1024 4K pages
clflush size	: 64
cache_alignment	: 64
address sizes	: 40 bits physical, 48 bits virtual
power management: ts fid vid ttp tm stc



Memory: 4k page, physical 4056284k(633360k free), swap 7815616k(7815616k free)

vm_info: Java HotSpot(TM) 64-Bit Server VM (20.1-b02) for linux-amd64 JRE (1.6.0_26-b03), built on May  4 2011 01:13:47 by "java_re" with gcc 3.2.2 (SuSE Linux)

time: Tue May  8 11:33:56 2012
elapsed time: 62 seconds

