#
# A fatal error has been detected by the Java Runtime Environment:
#
#  SIGSEGV (0xb) at pc=0x00007f9912892889, pid=7960, tid=140295336851200
#
# JRE version: 6.0_26-b03
# Java VM: Java HotSpot(TM) 64-Bit Server VM (20.1-b02 mixed mode linux-amd64 compressed oops)
# Problematic frame:
# C  [libGL.so.1+0x2e9889]  __float128+0x9
#
# If you would like to submit a bug report, please visit:
#   http://java.sun.com/webapps/bugreport/crash.jsp
# The crash happened outside the Java Virtual Machine in native code.
# See problematic frame for where to report the bug.
#

---------------  T H R E A D  ---------------

Current thread (0x00007f990dd77800):  JavaThread "Thread-1" [_thread_in_native, id=7985, stack(0x00007f990da77000,0x00007f990db78000)]

siginfo:si_signo=SIGSEGV: si_errno=0, si_code=1 (SEGV_MAPERR), si_addr=0x00000000000008c0

Registers:
RAX=0x0000000000000000, RBX=0x00000000bdb1a1d0, RCX=0x00007f990db7b100, RDX=0x00000000eb69d850
RSP=0x00007f990db75ea8, RBP=0x00007f990db75ef0, RSI=0x00000000eb69d850, RDI=0x0000000000000001
R8 =0x00007f991f08ffe8, R9 =0x00007f991f093e58, R10=0x00007f990db7b4e8, R11=0x00007f990db7b138
R12=0x0000000000000000, R13=0x00000000bdb1a1d0, R14=0x00007f990db75fa0, R15=0x00007f990dd77800
RIP=0x00007f9912892889, EFLAGS=0x0000000000010202, CSGSFS=0x0000000000000033, ERR=0x0000000000000004
  TRAPNO=0x000000000000000e

Top of Stack: (sp=0x00007f990db75ea8)
0x00007f990db75ea8:   00007f99105c9dcd 00000000bda7c828
0x00007f990db75eb8:   0000000000000000 00007f990db75f90
0x00007f990db75ec8:   0000000100000000 00007f990db75fa0
0x00007f990db75ed8:   00007f990dd779d0 00007f991a4df85a
0x00007f990db75ee8:   00000000eb69d850 00007f990db75f68
0x00007f990db75ef8:   00007f991a4ead6e 00000000bdbe540d
0x00007f990db75f08:   00007f990db75f50 00000000bdbf5710
0x00007f990db75f18:   0000000000000000 00000000bdbe5418
0x00007f990db75f28:   00007f990db75f28 0000000000000000
0x00007f990db75f38:   00007f990db75fa0 00000000bdbf5710
0x00007f990db75f48:   0000000000000000 00000000bdb1a1d0
0x00007f990db75f58:   0000000000000000 00007f990db75f88
0x00007f990db75f68:   00007f990db75fe8 00007f991a4dfa82
0x00007f990db75f78:   0000000000000000 00007f991a4e7f58
0x00007f990db75f88:   0000000000000000 00000000eb69d840
0x00007f990db75f98:   0000000000000001 00000000ec5c3e58
0x00007f990db75fa8:   00007f990db75fa8 00000000bdb1a2f0
0x00007f990db75fb8:   00007f990db76010 00000000bdbf5710
0x00007f990db75fc8:   0000000000000000 00000000bdb1a318
0x00007f990db75fd8:   00007f990db75f88 00007f990db75ff8
0x00007f990db75fe8:   00007f990db76058 00007f991a4dff5c
0x00007f990db75ff8:   0000000000000000 00000000eb69d840
0x00007f990db76008:   0000000000000001 00000000ec5c3e58
0x00007f990db76018:   00007f990db76018 00000000bdd3262f
0x00007f990db76028:   00007f990db76080 00000000bdd36088
0x00007f990db76038:   0000000000000000 00000000bdd32670
0x00007f990db76048:   00007f990db75ff8 00007f990db76068
0x00007f990db76058:   00007f990db760c8 00007f991a4dff5c
0x00007f990db76068:   0000000000000000 00000000eb69d840
0x00007f990db76078:   0000000000000001 00000000ec5c3e48
0x00007f990db76088:   00007f990db76088 00000000bd323a11
0x00007f990db76098:   00007f990db76118 00000000be054188 

Instructions: (pc=0x00007f9912892889)
0x00007f9912892869:   ff a0 b8 08 00 00 cc cc cc cc cc cc cc cc cc cc
0x00007f9912892879:   cc cc cc cc cc cc cc 64 48 8b 04 25 60 ff ff ff
0x00007f9912892889:   ff a0 c0 08 00 00 cc cc cc cc cc cc cc cc cc cc
0x00007f9912892899:   cc cc cc cc cc cc cc 64 48 8b 04 25 60 ff ff ff 

Register to memory mapping:

RAX=0x0000000000000000 is an unknown value
RBX=0x00000000bdb1a1d0 is an oop
{method} 
 - klass: {other class}
RCX=0x00007f990db7b100 is an unknown value
RDX=0x00000000eb69d850 is an oop
[D 
 - klass: {type array double}
 - length: 3
RSP=0x00007f990db75ea8 is pointing into the stack for thread: 0x00007f990dd77800
RBP=0x00007f990db75ef0 is pointing into the stack for thread: 0x00007f990dd77800
RSI=0x00000000eb69d850 is an oop
[D 
 - klass: {type array double}
 - length: 3
RDI=0x0000000000000001 is an unknown value
R8 =0x00007f991f08ffe8: <offset 0xa99fe8> in /usr/lib/jvm/java-6-sun-1.6.0.26/jre/lib/amd64/server/libjvm.so at 0x00007f991e5f6000
R9 =0x00007f991f093e58: <offset 0xa9de58> in /usr/lib/jvm/java-6-sun-1.6.0.26/jre/lib/amd64/server/libjvm.so at 0x00007f991e5f6000
R10=0x00007f990db7b4e8 is an unknown value
R11=0x00007f990db7b138 is an unknown value
R12=0x0000000000000000 is an unknown value
R13=0x00000000bdb1a1d0 is an oop
{method} 
 - klass: {other class}
R14=0x00007f990db75fa0 is pointing into the stack for thread: 0x00007f990dd77800
R15=0x00007f990dd77800 is a thread


Stack: [0x00007f990da77000,0x00007f990db78000],  sp=0x00007f990db75ea8,  free space=1019k
Native frames: (J=compiled Java code, j=interpreted, Vv=VM code, C=native code)
C  [libGL.so.1+0x2e9889]  __float128+0x9
j  com.sun.opengl.impl.GLImpl.glGenTextures1(ILjava/lang/Object;I)V+0
j  com.sun.opengl.impl.GLImpl.glGenTextures(I[II)V+64
j  org.mt4j.util.opengl.JoglGL20Plus.glGenTextures(I[II)V+7
j  org.mt4j.util.opengl.GLTexture.setupGLTexture(II)V+417
j  org.mt4j.util.opengl.GLTexture.<init>(Lprocessing/core/PApplet;IILorg/mt4j/util/opengl/GLTextureSettings;)V+113
j  org.mt4j.util.opengl.GLTexture.<init>(Lprocessing/core/PApplet;Lprocessing/core/PImage;Lorg/mt4j/util/opengl/GLTextureSettings;)V+11
j  org.mt4j.components.visibleComponents.shapes.AbstractShape.setTexture(Lprocessing/core/PImage;)V+266
j  org.mt4j.components.visibleComponents.shapes.MTRectangle.setTexture(Lprocessing/core/PImage;)V+2
j  org.mt4j.components.visibleComponents.font.BitmapFontCharacter.<init>(Lprocessing/core/PApplet;Lprocessing/core/PImage;Ljava/lang/String;III)V+31
j  processing.core.BitmapFontFactoryProxy.createCharacters(Lprocessing/core/PApplet;Lprocessing/core/PFont;Ljava/lang/String;Lorg/mt4j/util/MTColor;)Ljava/util/List;+237
j  processing.core.BitmapFontFactoryProxy.createFont(Lprocessing/core/PApplet;Ljava/lang/String;ILorg/mt4j/util/MTColor;Lorg/mt4j/util/MTColor;Z)Lorg/mt4j/util/font/IFont;+33
j  processing.core.BitmapFontFactoryProxy.createFont(Lprocessing/core/PApplet;Ljava/lang/String;ILorg/mt4j/util/MTColor;Z)Lorg/mt4j/util/font/IFont;+10
j  org.mt4j.util.font.fontFactories.BitmapFontFactory.createFont(Lprocessing/core/PApplet;Ljava/lang/String;ILorg/mt4j/util/MTColor;Z)Lorg/mt4j/util/font/IFont;+26
j  org.mt4j.util.font.FontManager.createFont(Lprocessing/core/PApplet;Ljava/lang/String;ILorg/mt4j/util/MTColor;Z)Lorg/mt4j/util/font/IFont;+146
j  org.mt4j.util.font.FontManager.createFont(Lprocessing/core/PApplet;Ljava/lang/String;ILorg/mt4j/util/MTColor;)Lorg/mt4j/util/font/IFont;+7
j  org.mt4j.components.css.util.CSSStyleManager.getDefaultFont(Lorg/mt4j/AbstractMTApplication;)Lorg/mt4j/util/font/IFont;+19
j  org.mt4j.components.visibleComponents.widgets.MTTextArea.<init>(Lorg/mt4j/AbstractMTApplication;)V+7
j  advanced.physics.scenes.GlobitosScene$TextoTrans.<init>(Ladvanced/physics/scenes/GlobitosScene;Lorg/mt4j/AbstractMTApplication;I)V+7
j  advanced.physics.scenes.GlobitosScene$JuegoGlobos.run()V+55
j  java.lang.Thread.run()V+11
v  ~StubRoutines::call_stub
V  [libjvm.so+0x4df5c0]  JavaCalls::call_helper(JavaValue*, methodHandle*, JavaCallArguments*, Thread*)+0x1e0
V  [libjvm.so+0x70f629]  os::os_exception_wrapper(void (*)(JavaValue*, methodHandle*, JavaCallArguments*, Thread*), JavaValue*, methodHandle*, JavaCallArguments*, Thread*)+0x19
V  [libjvm.so+0x4def06]  JavaCalls::call_virtual(JavaValue*, KlassHandle, symbolHandle, symbolHandle, JavaCallArguments*, Thread*)+0x126
V  [libjvm.so+0x4defb7]  JavaCalls::call_virtual(JavaValue*, Handle, KlassHandle, symbolHandle, symbolHandle, Thread*)+0x47
V  [libjvm.so+0x572ce0]  thread_entry(JavaThread*, Thread*)+0xa0
V  [libjvm.so+0x8190f1]  JavaThread::run()+0x121
V  [libjvm.so+0x710adf]  java_start(Thread*)+0x13f

Java frames: (J=compiled Java code, j=interpreted, Vv=VM code)
j  com.sun.opengl.impl.GLImpl.glGenTextures1(ILjava/lang/Object;I)V+0
j  com.sun.opengl.impl.GLImpl.glGenTextures(I[II)V+64
j  org.mt4j.util.opengl.JoglGL20Plus.glGenTextures(I[II)V+7
j  org.mt4j.util.opengl.GLTexture.setupGLTexture(II)V+417
j  org.mt4j.util.opengl.GLTexture.<init>(Lprocessing/core/PApplet;IILorg/mt4j/util/opengl/GLTextureSettings;)V+113
j  org.mt4j.util.opengl.GLTexture.<init>(Lprocessing/core/PApplet;Lprocessing/core/PImage;Lorg/mt4j/util/opengl/GLTextureSettings;)V+11
j  org.mt4j.components.visibleComponents.shapes.AbstractShape.setTexture(Lprocessing/core/PImage;)V+266
j  org.mt4j.components.visibleComponents.shapes.MTRectangle.setTexture(Lprocessing/core/PImage;)V+2
j  org.mt4j.components.visibleComponents.font.BitmapFontCharacter.<init>(Lprocessing/core/PApplet;Lprocessing/core/PImage;Ljava/lang/String;III)V+31
j  processing.core.BitmapFontFactoryProxy.createCharacters(Lprocessing/core/PApplet;Lprocessing/core/PFont;Ljava/lang/String;Lorg/mt4j/util/MTColor;)Ljava/util/List;+237
j  processing.core.BitmapFontFactoryProxy.createFont(Lprocessing/core/PApplet;Ljava/lang/String;ILorg/mt4j/util/MTColor;Lorg/mt4j/util/MTColor;Z)Lorg/mt4j/util/font/IFont;+33
j  processing.core.BitmapFontFactoryProxy.createFont(Lprocessing/core/PApplet;Ljava/lang/String;ILorg/mt4j/util/MTColor;Z)Lorg/mt4j/util/font/IFont;+10
j  org.mt4j.util.font.fontFactories.BitmapFontFactory.createFont(Lprocessing/core/PApplet;Ljava/lang/String;ILorg/mt4j/util/MTColor;Z)Lorg/mt4j/util/font/IFont;+26
j  org.mt4j.util.font.FontManager.createFont(Lprocessing/core/PApplet;Ljava/lang/String;ILorg/mt4j/util/MTColor;Z)Lorg/mt4j/util/font/IFont;+146
j  org.mt4j.util.font.FontManager.createFont(Lprocessing/core/PApplet;Ljava/lang/String;ILorg/mt4j/util/MTColor;)Lorg/mt4j/util/font/IFont;+7
j  org.mt4j.components.css.util.CSSStyleManager.getDefaultFont(Lorg/mt4j/AbstractMTApplication;)Lorg/mt4j/util/font/IFont;+19
j  org.mt4j.components.visibleComponents.widgets.MTTextArea.<init>(Lorg/mt4j/AbstractMTApplication;)V+7
j  advanced.physics.scenes.GlobitosScene$TextoTrans.<init>(Ladvanced/physics/scenes/GlobitosScene;Lorg/mt4j/AbstractMTApplication;I)V+7
j  advanced.physics.scenes.GlobitosScene$JuegoGlobos.run()V+55
j  java.lang.Thread.run()V+11
v  ~StubRoutines::call_stub

---------------  P R O C E S S  ---------------

Java Threads: ( => current thread )
  0x000000004181e800 JavaThread "DestroyJavaVM" [_thread_blocked, id=7961, stack(0x00007f991e270000,0x00007f991e371000)]
=>0x00007f990dd77800 JavaThread "Thread-1" [_thread_in_native, id=7985, stack(0x00007f990da77000,0x00007f990db78000)]
  0x00007f99143ad000 JavaThread "AWT-EventQueue-0" [_thread_blocked, id=7983, stack(0x00007f99129e1000,0x00007f9912ae2000)]
  0x0000000041bb2800 JavaThread "Animation Thread" [_thread_blocked, id=7982, stack(0x00007f9912ae2000,0x00007f9912be3000)]
  0x0000000041ba9000 JavaThread "AWT-Shutdown" [_thread_blocked, id=7981, stack(0x00007f9912be3000,0x00007f9912ce4000)]
  0x0000000041b6f800 JavaThread "AWT-XAWT" daemon [_thread_in_native, id=7979, stack(0x00007f9912de5000,0x00007f9912ee6000)]
  0x00007f9914279800 JavaThread "Java2D Disposer" daemon [_thread_blocked, id=7978, stack(0x00007f991352c000,0x00007f991362d000)]
  0x00007f9914002800 JavaThread "Low Memory Detector" daemon [_thread_blocked, id=7976, stack(0x00007f9918ca3000,0x00007f9918da4000)]
  0x00000000418ab800 JavaThread "C2 CompilerThread1" daemon [_thread_in_native, id=7975, stack(0x00007f9918da4000,0x00007f9918ea5000)]
  0x00000000418a9000 JavaThread "C2 CompilerThread0" daemon [_thread_in_native, id=7974, stack(0x00007f9918ea5000,0x00007f9918fa6000)]
  0x00000000418a6800 JavaThread "Signal Dispatcher" daemon [_thread_blocked, id=7973, stack(0x00007f9918fa6000,0x00007f99190a7000)]
  0x000000004188a800 JavaThread "Finalizer" daemon [_thread_blocked, id=7972, stack(0x00007f991934c000,0x00007f991944d000)]
  0x0000000041883000 JavaThread "Reference Handler" daemon [_thread_blocked, id=7971, stack(0x00007f991944d000,0x00007f991954e000)]

Other Threads:
  0x000000004187c000 VMThread [stack: 0x00007f991954e000,0x00007f991964f000] [id=7968]
  0x00007f9914005800 WatcherThread [stack: 0x00007f9918ba2000,0x00007f9918ca3000] [id=7977]

VM state:not at safepoint (normal execution)

VM Mutex/Monitor currently owned by a thread: None

Heap
 PSYoungGen      total 18496K, used 3934K [0x00000000eb560000, 0x00000000ed980000, 0x0000000100000000)
  eden space 15872K, 8% used [0x00000000eb560000,0x00000000eb6a8fa8,0x00000000ec4e0000)
  from space 2624K, 99% used [0x00000000ec4e0000,0x00000000ec76ea10,0x00000000ec770000)
  to   space 2624K, 0% used [0x00000000ed6f0000,0x00000000ed6f0000,0x00000000ed980000)
 PSOldGen        total 42304K, used 7319K [0x00000000c2000000, 0x00000000c4950000, 0x00000000eb560000)
  object space 42304K, 17% used [0x00000000c2000000,0x00000000c2725ff8,0x00000000c4950000)
 PSPermGen       total 21248K, used 19869K [0x00000000bce00000, 0x00000000be2c0000, 0x00000000c2000000)
  object space 21248K, 93% used [0x00000000bce00000,0x00000000be167758,0x00000000be2c0000)

Code Cache  [0x00007f991a4da000, 0x00007f991a74a000, 0x00007f991d4da000)
 total_blobs=1034 nmethods=231 adapters=755 free_code_cache=48992320 largest_free_block=5376

Dynamic libraries:
40000000-40009000 r-xp 00000000 08:22 1185676                            /usr/lib/jvm/java-6-sun-1.6.0.26/jre/bin/java
40108000-4010a000 rwxp 00008000 08:22 1185676                            /usr/lib/jvm/java-6-sun-1.6.0.26/jre/bin/java
4125f000-41261000 r-xs 00000000 08:22 1986577                            /tmp/gl7NPaQc (deleted)
41814000-41d1e000 rwxp 00000000 00:00 0                                  [heap]
bce00000-be2c0000 rwxp 00000000 00:00 0 
be2c0000-c2000000 rwxp 00000000 00:00 0 
c2000000-c4950000 rwxp 00000000 00:00 0 
c4950000-eb560000 rwxp 00000000 00:00 0 
eb560000-ed980000 rwxp 00000000 00:00 0 
ed980000-100000000 rwxp 00000000 00:00 0 
7f9908000000-7f9909425000 rwxp 00000000 00:00 0 
7f9909425000-7f990c000000 ---p 00000000 00:00 0 
7f990d882000-7f990d982000 rwxp 00000000 00:00 0 
7f990da77000-7f990da7a000 ---p 00000000 00:00 0 
7f990da7a000-7f990dd78000 rwxp 00000000 00:00 0 
7f990dd78000-7f990dd7a000 rwxs 00000000 08:22 1986577                    /tmp/gl7NPaQc (deleted)
7f990dd7a000-7f990dd84000 r-xs 00000000 08:22 1708639                    /usr/share/fonts/type1/mathml/Symbol.pfb
7f990dd84000-7f990dd9c000 r-xs 00000000 08:22 1581250                    /usr/share/fonts/type1/gsfonts/n022003l.pfb
7f990dd9c000-7f990ddb1000 r-xs 00000000 08:22 1581193                    /usr/share/fonts/type1/gsfonts/b018032l.pfb
7f990ddb1000-7f990ddca000 r-xs 00000000 08:22 1581253                    /usr/share/fonts/type1/gsfonts/n022004l.pfb
7f990ddca000-7f990dde4000 r-xs 00000000 08:22 1581199                    /usr/share/fonts/type1/gsfonts/c059013l.pfb
7f990dde4000-7f990ddfc000 r-xs 00000000 08:22 1581208                    /usr/share/fonts/type1/gsfonts/c059036l.pfb
7f990ddfc000-7f990de0f000 r-xs 00000000 08:22 1581235                    /usr/share/fonts/type1/gsfonts/n019064l.pfb
7f990de0f000-7f990de19000 r-xs 00000000 08:22 1708248                    /usr/share/fonts/X11/Type1/c0419bt_.pfb
7f990de19000-7f990de34000 r-xs 00000000 08:22 1581265                    /usr/share/fonts/type1/gsfonts/p052004l.pfb
7f990de34000-7f990de45000 r-xs 00000000 08:22 1581184                    /usr/share/fonts/type1/gsfonts/a010035l.pfb
7f990de45000-7f990de59000 r-xs 00000000 08:22 1581214                    /usr/share/fonts/type1/gsfonts/n019003l.pfb
7f990de59000-7f990de6f000 r-xs 00000000 08:22 1581247                    /usr/share/fonts/type1/gsfonts/n021024l.pfb
7f990de6f000-7f990de86000 r-xs 00000000 08:22 1581244                    /usr/share/fonts/type1/gsfonts/n021023l.pfb
7f990de86000-7f990de9c000 r-xs 00000000 08:22 1581259                    /usr/share/fonts/type1/gsfonts/n022024l.pfb
7f990de9c000-7f990dea5000 r-xs 00000000 08:22 1581274                    /usr/share/fonts/type1/gsfonts/s050000l.pfb
7f990dea5000-7f990deae000 r-xs 00000000 08:22 1708253                    /usr/share/fonts/X11/Type1/c0632bt_.pfb
7f990deae000-7f990dec0000 r-xs 00000000 08:22 1581217                    /usr/share/fonts/type1/gsfonts/n019004l.pfb
7f990dec0000-7f990ded7000 r-xs 00000000 08:22 1581277                    /usr/share/fonts/type1/gsfonts/z003034l.pfb
7f990ded7000-7f990dee8000 r-xs 00000000 08:22 1581223                    /usr/share/fonts/type1/gsfonts/n019024l.pfb
7f990dee8000-7f990def1000 r-xs 00000000 08:22 1708247                    /usr/share/fonts/X11/Type1/c0649bt_.pfb
7f990def1000-7f990df02000 r-xs 00000000 08:22 1581232                    /usr/share/fonts/type1/gsfonts/n019063l.pfb
7f990df02000-7f990df12000 r-xs 00000000 08:22 1581175                    /usr/share/fonts/type1/gsfonts/a010013l.pfb
7f990df12000-7f990df22000 r-xs 00000000 08:22 1581178                    /usr/share/fonts/type1/gsfonts/a010015l.pfb
7f990df22000-7f990df3e000 r-xs 00000000 08:22 1581271                    /usr/share/fonts/type1/gsfonts/p052024l.pfb
7f990df3e000-7f990df56000 r-xs 00000000 08:22 1581205                    /usr/share/fonts/type1/gsfonts/c059033l.pfb
7f990df56000-7f990df6f000 r-xs 00000000 08:22 1581241                    /usr/share/fonts/type1/gsfonts/n021004l.pfb
7f990df6f000-7f990df7b000 r-xs 00000000 08:22 1581211                    /usr/share/fonts/type1/gsfonts/d050000l.pfb
7f990df7b000-7f990df84000 r-xs 00000000 08:22 1708261                    /usr/share/fonts/X11/Type1/c0633bt_.pfb
7f990df84000-7f990df95000 r-xs 00000000 08:22 1581220                    /usr/share/fonts/type1/gsfonts/n019023l.pfb
7f990df95000-7f990df9e000 r-xs 00000000 08:22 1708255                    /usr/share/fonts/X11/Type1/c0648bt_.pfb
7f990df9e000-7f990dfb9000 r-xs 00000000 08:22 1581202                    /usr/share/fonts/type1/gsfonts/c059016l.pfb
7f990dfb9000-7f990dfc9000 r-xs 00000000 08:22 1581181                    /usr/share/fonts/type1/gsfonts/a010033l.pfb
7f990dfc9000-7f990dfe2000 r-xs 00000000 08:22 1581187                    /usr/share/fonts/type1/gsfonts/b018012l.pfb
7f990dfe2000-7f990dff5000 r-xs 00000000 08:22 1581190                    /usr/share/fonts/type1/gsfonts/b018015l.pfb
7f990dff5000-7f990e00b000 r-xs 00000000 08:22 1581256                    /usr/share/fonts/type1/gsfonts/n022023l.pfb
7f990e041000-7f990e05a000 r-xs 00000000 08:22 1581238                    /usr/share/fonts/type1/gsfonts/n021003l.pfb
7f990e05a000-7f990e06c000 r-xs 00000000 08:22 1581196                    /usr/share/fonts/type1/gsfonts/b018035l.pfb
7f990e06c000-7f990e07e000 r-xs 00000000 08:22 1581229                    /usr/share/fonts/type1/gsfonts/n019044l.pfb
7f990e07e000-7f990e090000 r-xs 00000000 08:22 1581226                    /usr/share/fonts/type1/gsfonts/n019043l.pfb
7f990e090000-7f990e09a000 r-xs 00000000 08:22 1708252                    /usr/share/fonts/X11/Type1/c0611bt_.pfb
7f990e09a000-7f990e0a4000 r-xs 00000000 08:22 1708260                    /usr/share/fonts/X11/Type1/c0582bt_.pfb
7f990e0a4000-7f990e0ae000 r-xs 00000000 08:22 1708259                    /usr/share/fonts/X11/Type1/c0583bt_.pfb
7f990e0ae000-7f990e0c9000 r-xs 00000000 08:22 272619                     /usr/share/texmf/fonts/type1/public/lm/lmtlc10.pfb
7f990e0c9000-7f990e0e4000 r-xs 00000000 08:22 272614                     /usr/share/texmf/fonts/type1/public/lm/lmtcsc10.pfb
7f990e0e4000-7f990e108000 r-xs 00000000 08:22 272560                     /usr/share/texmf/fonts/type1/public/lm/lmduno10.pfb
7f990e108000-7f990e127000 r-xs 00000000 08:22 272576                     /usr/share/texmf/fonts/type1/public/lm/lmr6.pfb
7f990e127000-7f990e145000 r-xs 00000000 08:22 272574                     /usr/share/texmf/fonts/type1/public/lm/lmr17.pfb
7f990e145000-7f990e163000 r-xs 00000000 08:22 272572                     /usr/share/texmf/fonts/type1/public/lm/lmr10.pfb
7f990e163000-7f990e16b000 r-xs 00000000 08:22 272562                     /usr/share/texmf/fonts/type1/public/lm/lmmi10.pfb
7f990e16b000-7f990e172000 r-xs 00000000 08:22 272610                     /usr/share/texmf/fonts/type1/public/lm/lmsy6.pfb
7f990e172000-7f990e18f000 r-xs 00000000 08:22 272616                     /usr/share/texmf/fonts/type1/public/lm/lmtk10.pfb
7f990e18f000-7f990e1ad000 r-xs 00000000 08:22 272577                     /usr/share/texmf/fonts/type1/public/lm/lmr7.pfb
7f990e1ad000-7f990e1ca000 r-xs 00000000 08:22 272624                     /usr/share/texmf/fonts/type1/public/lm/lmtt8.pfb
7f990e1ca000-7f990e1e5000 r-xs 00000000 08:22 272625                     /usr/share/texmf/fonts/type1/public/lm/lmtt9.pfb
7f990e1e5000-7f990e201000 r-xs 00000000 08:22 272580                     /usr/share/texmf/fonts/type1/public/lm/lmri10.pfb
7f990e201000-7f990e223000 r-xs 00000000 08:22 272595                     /usr/share/texmf/fonts/type1/public/lm/lmssbo10.pfb
7f990e223000-7f990e22a000 r-xs 00000000 08:22 272545                     /usr/share/texmf/fonts/type1/public/lm/lmbsy10.pfb
7f990e22a000-7f990e247000 r-xs 00000000 08:22 272606                     /usr/share/texmf/fonts/type1/public/lm/lmssqbx8.pfb
7f990e247000-7f990e24f000 r-xs 00000000 08:22 272567                     /usr/share/texmf/fonts/type1/public/lm/lmmi8.pfb
7f990e24f000-7f990e257000 r-xs 00000000 08:22 272547                     /usr/share/texmf/fonts/type1/public/lm/lmbsy7.pfb
7f990e257000-7f990e25f000 r-xs 00000000 08:22 272566                     /usr/share/texmf/fonts/type1/public/lm/lmmi7.pfb
7f990e25f000-7f990e27a000 r-xs 00000000 08:22 272603                     /usr/share/texmf/fonts/type1/public/lm/lmsso9.pfb
7f990e27a000-7f990e296000 r-xs 00000000 08:22 272622                     /usr/share/texmf/fonts/type1/public/lm/lmtt10.pfb
7f990e296000-7f990e2b7000 r-xs 00000000 08:22 272558                     /usr/share/texmf/fonts/type1/public/lm/lmcsco10.pfb
7f990e2b7000-7f990e2cf000 r-xs 00000000 08:22 272593                     /usr/share/texmf/fonts/type1/public/lm/lmss8.pfb
7f990e2cf000-7f990e2d5000 r-xs 00000000 08:22 272561                     /usr/share/texmf/fonts/type1/public/lm/lmex10.pfb
7f990e2d5000-7f990e2f7000 r-xs 00000000 08:22 272589                     /usr/share/texmf/fonts/type1/public/lm/lmro9.pfb
7f990e2f7000-7f990e319000 r-xs 00000000 08:22 272544                     /usr/share/texmf/fonts/type1/public/lm/lmbo10.pfb
7f990e319000-7f990e338000 r-xs 00000000 08:22 272559                     /usr/share/texmf/fonts/type1/public/lm/lmdunh10.pfb
7f990e338000-7f990e356000 r-xs 00000000 08:22 272631                     /usr/share/texmf/fonts/type1/public/lm/lmvtl10.pfb
7f990e356000-7f990e375000 r-xs 00000000 08:22 272543                     /usr/share/texmf/fonts/type1/public/lm/lmb10.pfb
7f990e375000-7f990e37d000 r-xs 00000000 08:22 272563                     /usr/share/texmf/fonts/type1/public/lm/lmmi12.pfb
7f990e37d000-7f990e384000 r-xs 00000000 08:22 272609                     /usr/share/texmf/fonts/type1/public/lm/lmsy5.pfb
7f990e384000-7f990e3a3000 r-xs 00000000 08:22 272551                     /usr/share/texmf/fonts/type1/public/lm/lmbx6.pfb
7f990e3a3000-7f990e3be000 r-xs 00000000 08:22 272602                     /usr/share/texmf/fonts/type1/public/lm/lmsso8.pfb
7f990e3be000-7f990e3c6000 r-xs 00000000 08:22 272565                     /usr/share/texmf/fonts/type1/public/lm/lmmi6.pfb
7f990e3c6000-7f990e3e7000 r-xs 00000000 08:22 272634                     /usr/share/texmf/fonts/type1/public/lm/lmvtto10.pfb
7f990e3e7000-7f990e403000 r-xs 00000000 08:22 272555                     /usr/share/texmf/fonts/type1/public/lm/lmbxi10.pfb
7f990e403000-7f990e420000 r-xs 00000000 08:22 272604                     /usr/share/texmf/fonts/type1/public/lm/lmssq8.pfb
7f990e420000-7f990e440000 r-xs 00000000 08:22 272615                     /usr/share/texmf/fonts/type1/public/lm/lmtcso10.pfb
7f990e440000-7f990e461000 r-xs 00000000 08:22 272588                     /usr/share/texmf/fonts/type1/public/lm/lmro8.pfb
7f990e461000-7f990e480000 r-xs 00000000 08:22 272605                     /usr/share/texmf/fonts/type1/public/lm/lmssqbo8.pfb
7f990e480000-7f990e4a0000 r-xs 00000000 08:22 272607                     /usr/share/texmf/fonts/type1/public/lm/lmssqo8.pfb
7f990e4a0000-7f990e4b8000 r-xs 00000000 08:22 272591                     /usr/share/texmf/fonts/type1/public/lm/lmss12.pfb
7f990e4b8000-7f990e4d5000 r-xs 00000000 08:22 272633                     /usr/share/texmf/fonts/type1/public/lm/lmvtt10.pfb
7f990e4d5000-7f990e4f1000 r-xs 00000000 08:22 272582                     /usr/share/texmf/fonts/type1/public/lm/lmri7.pfb
7f990e4f1000-7f990e510000 r-xs 00000000 08:22 272586                     /usr/share/texmf/fonts/type1/public/lm/lmro12.pfb
7f990e510000-7f990e518000 r-xs 00000000 08:22 272571                     /usr/share/texmf/fonts/type1/public/lm/lmmib7.pfb
7f990e518000-7f990e536000 r-xs 00000000 08:22 272575                     /usr/share/texmf/fonts/type1/public/lm/lmr5.pfb
7f990e536000-7f990e553000 r-xs 00000000 08:22 272550                     /usr/share/texmf/fonts/type1/public/lm/lmbx5.pfb
7f990e553000-7f990e576000 r-xs 00000000 08:22 272617                     /usr/share/texmf/fonts/type1/public/lm/lmtko10.pfb
7f990e576000-7f990e594000 r-xs 00000000 08:22 272578                     /usr/share/texmf/fonts/type1/public/lm/lmr8.pfb
7f990e594000-7f990e5af000 r-xs 00000000 08:22 272581                     /usr/share/texmf/fonts/type1/public/lm/lmri12.pfb
7f990e5af000-7f990e5cd000 r-xs 00000000 08:22 272552                     /usr/share/texmf/fonts/type1/public/lm/lmbx7.pfb
7f990e5cd000-7f990e5ec000 r-xs 00000000 08:22 272554                     /usr/share/texmf/fonts/type1/public/lm/lmbx9.pfb
7f990e5ec000-7f990e60e000 r-xs 00000000 08:22 272598                     /usr/share/texmf/fonts/type1/public/lm/lmssdo10.pfb
7f990e60e000-7f990e62b000 r-xs 00000000 08:22 272597                     /usr/share/texmf/fonts/type1/public/lm/lmssdc10.pfb
7f990e62b000-7f990e632000 r-xs 00000000 08:22 272608                     /usr/share/texmf/fonts/type1/public/lm/lmsy10.pfb
7f990e632000-7f990e64b000 r-xs 00000000 08:22 272626                     /usr/share/texmf/fonts/type1/public/lm/lmtti10.pfb
7f990e64b000-7f990e668000 r-xs 00000000 08:22 272557                     /usr/share/texmf/fonts/type1/public/lm/lmcsc10.pfb
7f990e668000-7f990e670000 r-xs 00000000 08:22 272570                     /usr/share/texmf/fonts/type1/public/lm/lmmib5.pfb
7f990e670000-7f990e68b000 r-xs 00000000 08:22 272600                     /usr/share/texmf/fonts/type1/public/lm/lmsso12.pfb
7f990e68b000-7f990e6a9000 r-xs 00000000 08:22 272579                     /usr/share/texmf/fonts/type1/public/lm/lmr9.pfb
7f990e6a9000-7f990e6b0000 r-xs 00000000 08:22 272613                     /usr/share/texmf/fonts/type1/public/lm/lmsy9.pfb
7f990e6b0000-7f990e6ce000 r-xs 00000000 08:22 272548                     /usr/share/texmf/fonts/type1/public/lm/lmbx10.pfb
7f990e6ce000-7f990e6d6000 r-xs 00000000 08:22 272568                     /usr/share/texmf/fonts/type1/public/lm/lmmi9.pfb
7f990e6d6000-7f990e6dd000 r-xs 00000000 08:22 272611                     /usr/share/texmf/fonts/type1/public/lm/lmsy7.pfb
7f990e6dd000-7f990e6f5000 r-xs 00000000 08:22 272594                     /usr/share/texmf/fonts/type1/public/lm/lmss9.pfb
7f990e6f5000-7f990e716000 r-xs 00000000 08:22 272585                     /usr/share/texmf/fonts/type1/public/lm/lmro10.pfb
7f990e716000-7f990e735000 r-xs 00000000 08:22 272553                     /usr/share/texmf/fonts/type1/public/lm/lmbx8.pfb
7f990e735000-7f990e73c000 r-xs 00000000 08:22 272612                     /usr/share/texmf/fonts/type1/public/lm/lmsy8.pfb
7f990e73c000-7f990e758000 r-xs 00000000 08:22 272573                     /usr/share/texmf/fonts/type1/public/lm/lmr12.pfb
7f990e758000-7f990e776000 r-xs 00000000 08:22 272596                     /usr/share/texmf/fonts/type1/public/lm/lmssbx10.pfb
7f990e776000-7f990e78e000 r-xs 00000000 08:22 272590                     /usr/share/texmf/fonts/type1/public/lm/lmss10.pfb
7f990e78e000-7f990e7ad000 r-xs 00000000 08:22 272629                     /usr/share/texmf/fonts/type1/public/lm/lmvtk10.pfb
7f990e7ad000-7f990e7c8000 r-xs 00000000 08:22 272623                     /usr/share/texmf/fonts/type1/public/lm/lmtt12.pfb
7f990e7c8000-7f990e7ea000 r-xs 00000000 08:22 272556                     /usr/share/texmf/fonts/type1/public/lm/lmbxo10.pfb
7f990e7ea000-7f990e807000 r-xs 00000000 08:22 272549                     /usr/share/texmf/fonts/type1/public/lm/lmbx12.pfb
7f990e807000-7f990e81f000 r-xs 00000000 08:22 272592                     /usr/share/texmf/fonts/type1/public/lm/lmss17.pfb
7f990e81f000-7f990e83a000 r-xs 00000000 08:22 272601                     /usr/share/texmf/fonts/type1/public/lm/lmsso17.pfb
7f990e83a000-7f990e85f000 r-xs 00000000 08:22 272630                     /usr/share/texmf/fonts/type1/public/lm/lmvtko10.pfb
7f990e85f000-7f990e87e000 r-xs 00000000 08:22 272627                     /usr/share/texmf/fonts/type1/public/lm/lmtto10.pfb
7f990e87e000-7f990e886000 r-xs 00000000 08:22 272569                     /usr/share/texmf/fonts/type1/public/lm/lmmib10.pfb
7f990e886000-7f990e8a0000 r-xs 00000000 08:22 272618                     /usr/share/texmf/fonts/type1/public/lm/lmtl10.pfb
7f990e8a0000-7f990e8c2000 r-xs 00000000 08:22 272632                     /usr/share/texmf/fonts/type1/public/lm/lmvtlo10.pfb
7f990e8c2000-7f990e8dd000 r-xs 00000000 08:22 272599                     /usr/share/texmf/fonts/type1/public/lm/lmsso10.pfb
7f990e8dd000-7f990e8f9000 r-xs 00000000 08:22 272628                     /usr/share/texmf/fonts/type1/public/lm/lmu10.pfb
7f990e8f9000-7f990e901000 r-xs 00000000 08:22 272546                     /usr/share/texmf/fonts/type1/public/lm/lmbsy5.pfb
7f990e901000-7f990e908000 r-xp 00000000 08:22 1189392                    /usr/lib/jvm/java-6-sun-1.6.0.26/jre/lib/amd64/libnio.so
7f990e908000-7f990ea07000 ---p 00007000 08:22 1189392                    /usr/lib/jvm/java-6-sun-1.6.0.26/jre/lib/amd64/libnio.so
7f990ea07000-7f990ea09000 rwxp 00006000 08:22 1189392                    /usr/lib/jvm/java-6-sun-1.6.0.26/jre/lib/amd64/libnio.so
7f990ea09000-7f990eb09000 rwxp 00000000 00:00 0 
7f990eb0b000-7f990eb26000 r-xs 00000000 08:22 272584                     /usr/share/texmf/fonts/type1/public/lm/lmri9.pfb
7f990eb26000-7f990eb45000 r-xs 00000000 08:22 272621                     /usr/share/texmf/fonts/type1/public/lm/lmtlo10.pfb
7f990eb45000-7f990eb60000 r-xs 00000000 08:22 272583                     /usr/share/texmf/fonts/type1/public/lm/lmri8.pfb
7f990eb60000-7f990eb81000 r-xs 00000000 08:22 272587                     /usr/share/texmf/fonts/type1/public/lm/lmro17.pfb
7f990eb81000-7f990eb89000 r-xs 00000000 08:22 272564                     /usr/share/texmf/fonts/type1/public/lm/lmmi5.pfb
7f990eb89000-7f990f389000 rwxp 00000000 00:00 0 
7f990f389000-7f990f39c000 r-xp 00000000 08:22 1189407                    /usr/lib/jvm/java-6-sun-1.6.0.26/jre/lib/amd64/libnet.so
7f990f39c000-7f990f49d000 ---p 00013000 08:22 1189407                    /usr/lib/jvm/java-6-sun-1.6.0.26/jre/lib/amd64/libnet.so
7f990f49d000-7f990f4a0000 rwxp 00014000 08:22 1189407                    /usr/lib/jvm/java-6-sun-1.6.0.26/jre/lib/amd64/libnet.so
7f990f4a0000-7f990f4e0000 rwxs cff7e000 00:05 8038                       /dev/nvidia1
7f990f4e0000-7f990f5e0000 rwxs 707bc000 00:05 8038                       /dev/nvidia1
7f990f5e0000-7f990f5e1000 rwxs b2c03000 00:05 8038                       /dev/nvidia1
7f990f5e1000-7f990f6e1000 rwxs 6d4ff000 00:05 8038                       /dev/nvidia1
7f990f6e1000-7f990f8f1000 rwxp 00000000 00:00 0 
7f990f8f1000-7f9910161000 rwxs c0000000 00:05 8038                       /dev/nvidia1
7f9910161000-7f9910163000 r-xp 00000000 08:24 680267                     /home/bguaman/workspace/mt4j-desktop/libjogl_awt.so
7f9910163000-7f9910262000 ---p 00002000 08:24 680267                     /home/bguaman/workspace/mt4j-desktop/libjogl_awt.so
7f9910262000-7f9910263000 rwxp 00001000 08:24 680267                     /home/bguaman/workspace/mt4j-desktop/libjogl_awt.so
7f9910263000-7f9910264000 r-xp 00000000 08:22 1189436                    /usr/lib/jvm/java-6-sun-1.6.0.26/jre/lib/amd64/libjawt.so
7f9910264000-7f9910363000 ---p 00001000 08:22 1189436                    /usr/lib/jvm/java-6-sun-1.6.0.26/jre/lib/amd64/libjawt.so
7f9910363000-7f9910364000 rwxp 00000000 08:22 1189436                    /usr/lib/jvm/java-6-sun-1.6.0.26/jre/lib/amd64/libjawt.so
7f9910364000-7f9910369000 r-xp 00000000 08:22 1182806                    /usr/lib/x86_64-linux-gnu/libXxf86vm.so.1.0.0
7f9910369000-7f9910568000 ---p 00005000 08:22 1182806                    /usr/lib/x86_64-linux-gnu/libXxf86vm.so.1.0.0
7f9910568000-7f9910569000 r-xp 00004000 08:22 1182806                    /usr/lib/x86_64-linux-gnu/libXxf86vm.so.1.0.0
7f9910569000-7f991056a000 rwxp 00005000 08:22 1182806                    /usr/lib/x86_64-linux-gnu/libXxf86vm.so.1.0.0
7f991056a000-7f9910659000 r-xp 00000000 08:24 680264                     /home/bguaman/workspace/mt4j-desktop/libjogl.so
7f9910659000-7f9910759000 ---p 000ef000 08:24 680264                     /home/bguaman/workspace/mt4j-desktop/libjogl.so
7f9910759000-7f991075a000 rwxp 000ef000 08:24 680264                     /home/bguaman/workspace/mt4j-desktop/libjogl.so
7f991075a000-7f9911ba8000 r-xp 00000000 08:22 1184078                    /usr/lib/nvidia-current/libnvidia-glcore.so.270.41.06
7f9911ba8000-7f9911da8000 ---p 0144e000 08:22 1184078                    /usr/lib/nvidia-current/libnvidia-glcore.so.270.41.06
7f9911da8000-7f9912390000 rwxp 0144e000 08:22 1184078                    /usr/lib/nvidia-current/libnvidia-glcore.so.270.41.06
7f9912390000-7f99123a7000 rwxp 00000000 00:00 0 
7f99123a7000-7f99123a8000 r-xp 00000000 08:22 1180743                    /usr/lib/nvidia-current/tls/libnvidia-tls.so.270.41.06
7f99123a8000-7f99125a8000 ---p 00001000 08:22 1180743                    /usr/lib/nvidia-current/tls/libnvidia-tls.so.270.41.06
7f99125a8000-7f99125a9000 rwxp 00001000 08:22 1180743                    /usr/lib/nvidia-current/tls/libnvidia-tls.so.270.41.06
7f99125a9000-7f9912666000 r-xp 00000000 08:22 1183145                    /usr/lib/nvidia-current/libGL.so.270.41.06
7f9912666000-7f9912866000 ---p 000bd000 08:22 1183145                    /usr/lib/nvidia-current/libGL.so.270.41.06
7f9912866000-7f991289f000 rwxp 000bd000 08:22 1183145                    /usr/lib/nvidia-current/libGL.so.270.41.06
7f991289f000-7f99128b5000 rwxp 00000000 00:00 0 
7f99128b8000-7f99128da000 r-xs 00000000 08:22 272620                     /usr/share/texmf/fonts/type1/public/lm/lmtlco10.pfb
7f99128da000-7f99128de000 rwxs 36dee000 00:05 8038                       /dev/nvidia1
7f99128de000-7f99128df000 rwxs cffbe000 00:05 8038                       /dev/nvidia1
7f99128df000-7f99128e0000 rwxs 707ad000 00:05 8038                       /dev/nvidia1
7f99128e0000-7f99128e1000 r-xp 00000000 08:24 659506                     /home/bguaman/workspace/mt4j-desktop/libgluegen-rt.so
7f99128e1000-7f99129e0000 ---p 00001000 08:24 659506                     /home/bguaman/workspace/mt4j-desktop/libgluegen-rt.so
7f99129e0000-7f99129e1000 rwxp 00000000 08:24 659506                     /home/bguaman/workspace/mt4j-desktop/libgluegen-rt.so
7f99129e1000-7f99129e4000 ---p 00000000 00:00 0 
7f99129e4000-7f9912ae2000 rwxp 00000000 00:00 0 
7f9912ae2000-7f9912ae5000 ---p 00000000 00:00 0 
7f9912ae5000-7f9912be3000 rwxp 00000000 00:00 0 
7f9912be3000-7f9912be6000 ---p 00000000 00:00 0 
7f9912be6000-7f9912ce4000 rwxp 00000000 00:00 0 
7f9912ce4000-7f9912ce7000 ---p 00000000 00:00 0 
7f9912ce7000-7f9912de5000 rwxp 00000000 00:00 0 
7f9912de5000-7f9912de8000 ---p 00000000 00:00 0 
7f9912de8000-7f9912ee6000 rwxp 00000000 00:00 0 
7f9912ee6000-7f9912eeb000 r-xp 00000000 08:22 1180715                    /usr/lib/x86_64-linux-gnu/libXfixes.so.3.1.0
7f9912eeb000-7f99130ea000 ---p 00005000 08:22 1180715                    /usr/lib/x86_64-linux-gnu/libXfixes.so.3.1.0
7f99130ea000-7f99130eb000 r-xp 00004000 08:22 1180715                    /usr/lib/x86_64-linux-gnu/libXfixes.so.3.1.0
7f99130eb000-7f99130ec000 rwxp 00005000 08:22 1180715                    /usr/lib/x86_64-linux-gnu/libXfixes.so.3.1.0
7f99130ec000-7f99130f5000 r-xp 00000000 08:22 1180172                    /usr/lib/x86_64-linux-gnu/libXrender.so.1.3.0
7f99130f5000-7f99132f5000 ---p 00009000 08:22 1180172                    /usr/lib/x86_64-linux-gnu/libXrender.so.1.3.0
7f99132f5000-7f99132f6000 r-xp 00009000 08:22 1180172                    /usr/lib/x86_64-linux-gnu/libXrender.so.1.3.0
7f99132f6000-7f99132f7000 rwxp 0000a000 08:22 1180172                    /usr/lib/x86_64-linux-gnu/libXrender.so.1.3.0
7f99132f7000-7f9913300000 r-xp 00000000 08:22 1188068                    /usr/lib/x86_64-linux-gnu/libXcursor.so.1.0.2
7f9913300000-7f99134ff000 ---p 00009000 08:22 1188068                    /usr/lib/x86_64-linux-gnu/libXcursor.so.1.0.2
7f99134ff000-7f9913500000 r-xp 00008000 08:22 1188068                    /usr/lib/x86_64-linux-gnu/libXcursor.so.1.0.2
7f9913500000-7f9913501000 rwxp 00009000 08:22 1188068                    /usr/lib/x86_64-linux-gnu/libXcursor.so.1.0.2
7f9913501000-7f991351c000 rwxs 13f8c0000 00:05 8038                      /dev/nvidia1
7f991351c000-7f991351e000 r-xs 00005000 08:24 816243                     /home/bguaman/workspace/MT4jTUIO4jInputSources/tuio4jInput.jar
7f991351e000-7f9913520000 r-xs 0000b000 08:24 2107912                    /home/bguaman/workspace/mt4j-desktop/lib/tuio/tuio4j.jar
7f9913520000-7f991352c000 r-xs 0010f000 08:24 678557                     /home/bguaman/workspace/mt4j-desktop/lib/jogl/jogl.jar
7f991352c000-7f991352f000 ---p 00000000 00:00 0 
7f991352f000-7f991362d000 rwxp 00000000 00:00 0 
7f991362d000-7f99136a6000 r-xp 00000000 08:22 1189423                    /usr/lib/jvm/java-6-sun-1.6.0.26/jre/lib/amd64/libfontmanager.so
7f99136a6000-7f99137a5000 ---p 00079000 08:22 1189423                    /usr/lib/jvm/java-6-sun-1.6.0.26/jre/lib/amd64/libfontmanager.so
7f99137a5000-7f99137ba000 rwxp 00078000 08:22 1189423                    /usr/lib/jvm/java-6-sun-1.6.0.26/jre/lib/amd64/libfontmanager.so
7f99137ba000-7f99137cb000 rwxp 00000000 00:00 0 
7f99137cb000-7f99137d0000 r-xp 00000000 08:22 1187279                    /usr/lib/x86_64-linux-gnu/libXdmcp.so.6.0.0
7f99137d0000-7f99139cf000 ---p 00005000 08:22 1187279                    /usr/lib/x86_64-linux-gnu/libXdmcp.so.6.0.0
7f99139cf000-7f99139d0000 r-xp 00004000 08:22 1187279                    /usr/lib/x86_64-linux-gnu/libXdmcp.so.6.0.0
7f99139d0000-7f99139d1000 rwxp 00005000 08:22 1187279                    /usr/lib/x86_64-linux-gnu/libXdmcp.so.6.0.0
7f99139d1000-7f99139d3000 r-xp 00000000 08:22 1187247                    /usr/lib/x86_64-linux-gnu/libXau.so.6.0.0
7f99139d3000-7f9913bd2000 ---p 00002000 08:22 1187247                    /usr/lib/x86_64-linux-gnu/libXau.so.6.0.0
7f9913bd2000-7f9913bd3000 r-xp 00001000 08:22 1187247                    /usr/lib/x86_64-linux-gnu/libXau.so.6.0.0
7f9913bd3000-7f9913bd4000 rwxp 00002000 08:22 1187247                    /usr/lib/x86_64-linux-gnu/libXau.so.6.0.0
7f9913bd4000-7f9913bef000 r-xp 00000000 08:22 1187284                    /usr/lib/x86_64-linux-gnu/libxcb.so.1.1.0
7f9913bef000-7f9913dee000 ---p 0001b000 08:22 1187284                    /usr/lib/x86_64-linux-gnu/libxcb.so.1.1.0
7f9913dee000-7f9913def000 r-xp 0001a000 08:22 1187284                    /usr/lib/x86_64-linux-gnu/libxcb.so.1.1.0
7f9913def000-7f9913df0000 rwxp 0001b000 08:22 1187284                    /usr/lib/x86_64-linux-gnu/libxcb.so.1.1.0
7f9913df0000-7f9913dff000 r-xp 00000000 08:22 1188155                    /usr/lib/x86_64-linux-gnu/libXi.so.6.1.0
7f9913dff000-7f9913ffe000 ---p 0000f000 08:22 1188155                    /usr/lib/x86_64-linux-gnu/libXi.so.6.1.0
7f9913ffe000-7f9913fff000 r-xp 0000e000 08:22 1188155                    /usr/lib/x86_64-linux-gnu/libXi.so.6.1.0
7f9913fff000-7f9914000000 rwxp 0000f000 08:22 1188155                    /usr/lib/x86_64-linux-gnu/libXi.so.6.1.0
7f9914000000-7f9914bbe000 rwxp 00000000 00:00 0 
7f9914bbe000-7f9918000000 ---p 00000000 00:00 0 
7f9918000000-7f9918001000 rwxs 36fff000 00:05 8038                       /dev/nvidia1
7f9918001000-7f9918002000 r-xs 00005000 08:24 678552                     /home/bguaman/workspace/mt4j-desktop/lib/jogl/opengl.jar
7f9918002000-7f9918004000 r-xs 0005b000 08:24 678565                     /home/bguaman/workspace/mt4j-desktop/lib/core.jar
7f9918004000-7f9918006000 r-xs 0000a000 08:24 678566                     /home/bguaman/workspace/mt4j-desktop/lib/muito_blobtracking.jar
7f9918006000-7f9918008000 r-xs 00004000 08:24 678547                     /home/bguaman/workspace/mt4j-desktop/lib/jogl/gluegen-rt.jar
7f9918008000-7f991800d000 r-xs 00010000 08:24 1190174                    /home/bguaman/workspace/mt4j-core/lib/xml-apis-ext.jar
7f991800d000-7f991800e000 r-xs 00000000 08:22 2621607                    /var/cache/fontconfig/c05880de57d1f5e948fdfacc138775d9-le64.cache-3
7f991800e000-7f9918017000 r-xs 00000000 08:22 2621606                    /var/cache/fontconfig/945677eb7aeaf62f1d50efc3fb3ec7d8-le64.cache-3
7f9918017000-7f9918019000 r-xs 00000000 08:22 2621574                    /var/cache/fontconfig/99e8ed0e538f840c565b6ed5dad60d56-le64.cache-3
7f9918019000-7f991801c000 r-xs 00000000 08:22 2621604                    /var/cache/fontconfig/e383d7ea5fbe662a33d9b44caf393297-le64.cache-3
7f991801c000-7f991801e000 r-xs 00000000 08:22 2621603                    /var/cache/fontconfig/2cd17615ca594fa2959ae173292e504c-le64.cache-3
7f991801e000-7f991802e000 r-xs 00000000 08:22 2621593                    /var/cache/fontconfig/0f34bcd4b6ee430af32735b75db7f02b-le64.cache-3
7f991802e000-7f991805c000 r-xs 00000000 08:22 2621591                    /var/cache/fontconfig/365b55f210c0a22e9a19e35191240f32-le64.cache-3
7f991805c000-7f9918061000 r-xp 00000000 08:22 1182462                    /usr/lib/libXtst.so.6.1.0
7f9918061000-7f9918260000 ---p 00005000 08:22 1182462                    /usr/lib/libXtst.so.6.1.0
7f9918260000-7f9918261000 r-xp 00004000 08:22 1182462                    /usr/lib/libXtst.so.6.1.0
7f9918261000-7f9918262000 rwxp 00005000 08:22 1182462                    /usr/lib/libXtst.so.6.1.0
7f9918262000-7f9918397000 r-xp 00000000 08:22 1188489                    /usr/lib/x86_64-linux-gnu/libX11.so.6.3.0
7f9918397000-7f9918597000 ---p 00135000 08:22 1188489                    /usr/lib/x86_64-linux-gnu/libX11.so.6.3.0
7f9918597000-7f9918598000 r-xp 00135000 08:22 1188489                    /usr/lib/x86_64-linux-gnu/libX11.so.6.3.0
7f9918598000-7f991859c000 rwxp 00136000 08:22 1188489                    /usr/lib/x86_64-linux-gnu/libX11.so.6.3.0
7f991859c000-7f99185ad000 r-xp 00000000 08:22 1183304                    /usr/lib/x86_64-linux-gnu/libXext.so.6.4.0
7f99185ad000-7f99187ac000 ---p 00011000 08:22 1183304                    /usr/lib/x86_64-linux-gnu/libXext.so.6.4.0
7f99187ac000-7f99187ad000 r-xp 00010000 08:22 1183304                    /usr/lib/x86_64-linux-gnu/libXext.so.6.4.0
7f99187ad000-7f99187ae000 rwxp 00011000 08:22 1183304                    /usr/lib/x86_64-linux-gnu/libXext.so.6.4.0
7f99187ae000-7f99187af000 rwxs 36f60000 00:05 8038                       /dev/nvidia1
7f99187af000-7f99187b3000 r-xs 00000000 08:22 2621600                    /var/cache/fontconfig/6eb3985aa4124903f6ff08ba781cd364-le64.cache-3
7f99187b3000-7f99187b4000 r-xs 00000000 08:22 2621599                    /var/cache/fontconfig/4c73fe0c47614734b17d736dbde7580a-le64.cache-3
7f99187b4000-7f99187b5000 r-xs 00000000 08:22 2621598                    /var/cache/fontconfig/0d8c3b2ac0904cb8a57a757ad11a4a08-le64.cache-3
7f99187b5000-7f99187b6000 r-xs 00000000 08:22 2621597                    /var/cache/fontconfig/6a53c69dea097a2d716e069445527da8-le64.cache-3
7f99187b6000-7f99187bc000 r-xs 00000000 08:22 2621596                    /var/cache/fontconfig/a755afe4a08bf5b97852ceb7400b47bc-le64.cache-3
7f99187bc000-7f99187c6000 r-xs 00000000 08:22 2621590                    /var/cache/fontconfig/d52a8644073d54c13679302ca1180695-le64.cache-3
7f99187c6000-7f99187d9000 r-xs 00000000 08:22 2621573                    /var/cache/fontconfig/e13b20fdb08344e0e664864cc2ede53d-le64.cache-3
7f99187d9000-7f991881b000 r-xp 00000000 08:22 1189412                    /usr/lib/jvm/java-6-sun-1.6.0.26/jre/lib/amd64/xawt/libmawt.so
7f991881b000-7f991891a000 ---p 00042000 08:22 1189412                    /usr/lib/jvm/java-6-sun-1.6.0.26/jre/lib/amd64/xawt/libmawt.so
7f991891a000-7f9918926000 rwxp 00041000 08:22 1189412                    /usr/lib/jvm/java-6-sun-1.6.0.26/jre/lib/amd64/xawt/libmawt.so
7f9918926000-7f9918927000 rwxp 00000000 00:00 0 
7f9918927000-7f99189b9000 r-xp 00000000 08:22 1189435                    /usr/lib/jvm/java-6-sun-1.6.0.26/jre/lib/amd64/libawt.so
7f99189b9000-7f9918ab8000 ---p 00092000 08:22 1189435                    /usr/lib/jvm/java-6-sun-1.6.0.26/jre/lib/amd64/libawt.so
7f9918ab8000-7f9918ad2000 rwxp 00091000 08:22 1189435                    /usr/lib/jvm/java-6-sun-1.6.0.26/jre/lib/amd64/libawt.so
7f9918ad2000-7f9918af6000 rwxp 00000000 00:00 0 
7f9918af6000-7f9918b17000 r-xs 00261000 08:24 1190172                    /home/bguaman/workspace/mt4j-core/lib/mt4j-core.jar
7f9918b17000-7f9918b1f000 r-xs 00045000 08:24 1190178                    /home/bguaman/workspace/mt4j-core/lib/batik-css.jar
7f9918b1f000-7f9918b20000 r-xs 00006000 08:24 1190173                    /home/bguaman/workspace/mt4j-core/lib/ani.jar
7f9918b20000-7f9918b21000 r-xs 00002000 08:24 1722383                    /home/bguaman/workspace/mt4j-desktop/examples/advanced/water/lib/waterScene.jar
7f9918b21000-7f9918b25000 r-xs 00091000 08:24 534392                     /home/bguaman/workspace/mt4j-desktop/examples/advanced/physics/lib/jbox2d.jar
7f9918b25000-7f9918b27000 r-xs 0000c000 08:24 680828                     /home/bguaman/workspace/mt4j-desktop/examples/advanced/modestMapsMT/lib/modestMaps.jar
7f9918b27000-7f9918b28000 r-xs 00001000 08:24 680669                     /home/bguaman/workspace/mt4j-desktop/examples/advanced/fluidSimulator/lib/MSAFluid.jar
7f9918b28000-7f9918b2c000 r-xs 0005e000 08:24 680788                     /home/bguaman/workspace/mt4j-desktop/examples/advanced/flickrMT/lib/flickrj.jar
7f9918b2c000-7f9918b2e000 r-xs 0003c000 08:24 534101                     /home/bguaman/workspace/mt4j-desktop/extensions/lib/jbullet/vecmath.jar
7f9918b2e000-7f9918b2f000 r-xs 0000b000 08:24 534102                     /home/bguaman/workspace/mt4j-desktop/extensions/lib/jbullet/stack-alloc.jar
7f9918b2f000-7f9918b38000 r-xs 0006c000 08:24 534103                     /home/bguaman/workspace/mt4j-desktop/extensions/lib/jbullet/jbullet.jar
7f9918b38000-7f9918b3a000 r-xs 00008000 08:24 678443                     /home/bguaman/workspace/mt4j-desktop/lib/whirlylib/whirlycache-1.0.1.jar
7f9918b3a000-7f9918b42000 r-xs 0004f000 08:24 678446                     /home/bguaman/workspace/mt4j-desktop/lib/whirlylib/log4j-1.2.8.jar
7f9918b42000-7f9918b4a000 r-xs 00028000 08:24 678540                     /home/bguaman/workspace/mt4j-desktop/lib/batik/xml-apis.jar
7f9918b4a000-7f9918b55000 r-xs 000ad000 08:24 678533                     /home/bguaman/workspace/mt4j-desktop/lib/batik/pdf-transcoder.jar
7f9918b55000-7f9918b5d000 r-xs 00074000 08:24 678535                     /home/bguaman/workspace/mt4j-desktop/lib/batik/js.jar
7f9918b5d000-7f9918b5e000 r-xs 00007000 08:24 678522                     /home/bguaman/workspace/mt4j-desktop/lib/batik/batik-xml.jar
7f9918b5e000-7f9918b61000 r-xs 0001d000 08:24 678530                     /home/bguaman/workspace/mt4j-desktop/lib/batik/batik-util.jar
7f9918b61000-7f9918b63000 r-xs 0001c000 08:24 678524                     /home/bguaman/workspace/mt4j-desktop/lib/batik/batik-transcoder.jar
7f9918b63000-7f9918b68000 r-xs 00030000 08:24 678519                     /home/bguaman/workspace/mt4j-desktop/lib/batik/batik-svggen.jar
7f9918b68000-7f9918b75000 r-xs 00087000 08:24 678529                     /home/bguaman/workspace/mt4j-desktop/lib/batik/batik-svg-dom.jar
7f9918b75000-7f9918b78000 r-xs 0000d000 08:24 678525                     /home/bguaman/workspace/mt4j-desktop/lib/batik/batik-script.jar
7f9918b78000-7f9918b7a000 r-xs 00010000 08:24 678520                     /home/bguaman/workspace/mt4j-desktop/lib/batik/batik-parser.jar
7f9918b7a000-7f9918b7e000 r-xs 00038000 08:24 678539                     /home/bguaman/workspace/mt4j-desktop/lib/batik/batik-gvt.jar
7f9918b7e000-7f9918b80000 r-xs 0000f000 08:24 678528                     /home/bguaman/workspace/mt4j-desktop/lib/batik/batik-extension.jar
7f9918b80000-7f9918b81000 r-xs 00002000 08:24 678538                     /home/bguaman/workspace/mt4j-desktop/lib/batik/batik-ext.jar
7f9918b81000-7f9918b85000 r-xs 00027000 08:24 678513                     /home/bguaman/workspace/mt4j-desktop/lib/batik/batik-dom.jar
7f9918b85000-7f9918b8f000 r-xs 00080000 08:24 678521                     /home/bguaman/workspace/mt4j-desktop/lib/batik/batik-bridge.jar
7f9918b8f000-7f9918b96000 r-xs 0005c000 08:24 678542                     /home/bguaman/workspace/mt4j-desktop/lib/batik/batik-awt-util.jar
7f9918b96000-7f9918b99000 r-xs 00015000 08:24 678517                     /home/bguaman/workspace/mt4j-desktop/lib/batik/batik-anim.jar
7f9918b99000-7f9918b9b000 r-xs 00006000 08:24 678564                     /home/bguaman/workspace/mt4j-desktop/lib/mri.jar
7f9918b9b000-7f9918ba1000 r-xs 00034000 08:24 678567                     /home/bguaman/workspace/mt4j-desktop/lib/junit-4.8.2.jar
7f9918ba1000-7f9918ba2000 r-xs 00002000 08:24 678562                     /home/bguaman/workspace/mt4j-desktop/lib/GlulogicMT.jar
7f9918ba2000-7f9918ba3000 ---p 00000000 00:00 0 
7f9918ba3000-7f9918ca3000 rwxp 00000000 00:00 0 
7f9918ca3000-7f9918ca6000 ---p 00000000 00:00 0 
7f9918ca6000-7f9918da4000 rwxp 00000000 00:00 0 
7f9918da4000-7f9918da7000 ---p 00000000 00:00 0 
7f9918da7000-7f9918ea5000 rwxp 00000000 00:00 0 
7f9918ea5000-7f9918ea8000 ---p 00000000 00:00 0 
7f9918ea8000-7f9918fa6000 rwxp 00000000 00:00 0 
7f9918fa6000-7f9918fa9000 ---p 00000000 00:00 0 
7f9918fa9000-7f99190a7000 rwxp 00000000 00:00 0 
7f99190a7000-7f991934c000 r-xp 00000000 08:22 1179791                    /usr/lib/locale/locale-archive
7f991934c000-7f991934f000 ---p 00000000 00:00 0 
7f991934f000-7f991944d000 rwxp 00000000 00:00 0 
7f991944d000-7f9919450000 ---p 00000000 00:00 0 
7f9919450000-7f991954e000 rwxp 00000000 00:00 0 
7f991954e000-7f991954f000 ---p 00000000 00:00 0 
7f991954f000-7f9919b88000 rwxp 00000000 00:00 0 
7f9919b88000-7f9919d20000 r-xs 03029000 08:22 1202981                    /usr/lib/jvm/java-6-sun-1.6.0.26/jre/lib/rt.jar
7f9919d20000-7f9919d48000 rwxp 00000000 00:00 0 
7f9919d48000-7f9919d49000 ---p 00000000 00:00 0 
7f9919d49000-7f9919e49000 rwxp 00000000 00:00 0 
7f9919e49000-7f9919e4a000 ---p 00000000 00:00 0 
7f9919e4a000-7f9919f4a000 rwxp 00000000 00:00 0 
7f9919f4a000-7f9919f4b000 ---p 00000000 00:00 0 
7f9919f4b000-7f991a04b000 rwxp 00000000 00:00 0 
7f991a04b000-7f991a04c000 ---p 00000000 00:00 0 
7f991a04c000-7f991a157000 rwxp 00000000 00:00 0 
7f991a157000-7f991a175000 rwxp 00000000 00:00 0 
7f991a175000-7f991a18a000 rwxp 00000000 00:00 0 
7f991a18a000-7f991a2c0000 rwxp 00000000 00:00 0 
7f991a2c0000-7f991a2cb000 rwxp 00000000 00:00 0 
7f991a2cb000-7f991a2e9000 rwxp 00000000 00:00 0 
7f991a2e9000-7f991a2fe000 rwxp 00000000 00:00 0 
7f991a2fe000-7f991a433000 rwxp 00000000 00:00 0 
7f991a433000-7f991a446000 rwxp 00000000 00:00 0 
7f991a446000-7f991a4d9000 rwxp 00000000 00:00 0 
7f991a4d9000-7f991a74a000 rwxp 00000000 00:00 0 
7f991a74a000-7f991d4da000 rwxp 00000000 00:00 0 
7f991d4da000-7f991d4e8000 r-xp 00000000 08:22 1189430                    /usr/lib/jvm/java-6-sun-1.6.0.26/jre/lib/amd64/libzip.so
7f991d4e8000-7f991d5ea000 ---p 0000e000 08:22 1189430                    /usr/lib/jvm/java-6-sun-1.6.0.26/jre/lib/amd64/libzip.so
7f991d5ea000-7f991d5ed000 rwxp 00010000 08:22 1189430                    /usr/lib/jvm/java-6-sun-1.6.0.26/jre/lib/amd64/libzip.so
7f991d5ed000-7f991d5ee000 rwxp 00000000 00:00 0 
7f991d5ee000-7f991d5fa000 r-xp 00000000 08:22 1837256                    /lib/x86_64-linux-gnu/libnss_files-2.13.so
7f991d5fa000-7f991d7f9000 ---p 0000c000 08:22 1837256                    /lib/x86_64-linux-gnu/libnss_files-2.13.so
7f991d7f9000-7f991d7fa000 r-xp 0000b000 08:22 1837256                    /lib/x86_64-linux-gnu/libnss_files-2.13.so
7f991d7fa000-7f991d7fb000 rwxp 0000c000 08:22 1837256                    /lib/x86_64-linux-gnu/libnss_files-2.13.so
7f991d7fb000-7f991d806000 r-xp 00000000 08:22 1837260                    /lib/x86_64-linux-gnu/libnss_nis-2.13.so
7f991d806000-7f991da05000 ---p 0000b000 08:22 1837260                    /lib/x86_64-linux-gnu/libnss_nis-2.13.so
7f991da05000-7f991da06000 r-xp 0000a000 08:22 1837260                    /lib/x86_64-linux-gnu/libnss_nis-2.13.so
7f991da06000-7f991da07000 rwxp 0000b000 08:22 1837260                    /lib/x86_64-linux-gnu/libnss_nis-2.13.so
7f991da07000-7f991da0f000 r-xp 00000000 08:22 1837252                    /lib/x86_64-linux-gnu/libnss_compat-2.13.so
7f991da0f000-7f991dc0e000 ---p 00008000 08:22 1837252                    /lib/x86_64-linux-gnu/libnss_compat-2.13.so
7f991dc0e000-7f991dc0f000 r-xp 00007000 08:22 1837252                    /lib/x86_64-linux-gnu/libnss_compat-2.13.so
7f991dc0f000-7f991dc10000 rwxp 00008000 08:22 1837252                    /lib/x86_64-linux-gnu/libnss_compat-2.13.so
7f991dc10000-7f991dc27000 r-xp 00000000 08:22 1837250                    /lib/x86_64-linux-gnu/libnsl-2.13.so
7f991dc27000-7f991de26000 ---p 00017000 08:22 1837250                    /lib/x86_64-linux-gnu/libnsl-2.13.so
7f991de26000-7f991de27000 r-xp 00016000 08:22 1837250                    /lib/x86_64-linux-gnu/libnsl-2.13.so
7f991de27000-7f991de28000 rwxp 00017000 08:22 1837250                    /lib/x86_64-linux-gnu/libnsl-2.13.so
7f991de28000-7f991de2a000 rwxp 00000000 00:00 0 
7f991de2a000-7f991de53000 r-xp 00000000 08:22 1189429                    /usr/lib/jvm/java-6-sun-1.6.0.26/jre/lib/amd64/libjava.so
7f991de53000-7f991df52000 ---p 00029000 08:22 1189429                    /usr/lib/jvm/java-6-sun-1.6.0.26/jre/lib/amd64/libjava.so
7f991df52000-7f991df59000 rwxp 00028000 08:22 1189429                    /usr/lib/jvm/java-6-sun-1.6.0.26/jre/lib/amd64/libjava.so
7f991df59000-7f991df66000 r-xp 00000000 08:22 1189406                    /usr/lib/jvm/java-6-sun-1.6.0.26/jre/lib/amd64/libverify.so
7f991df66000-7f991e065000 ---p 0000d000 08:22 1189406                    /usr/lib/jvm/java-6-sun-1.6.0.26/jre/lib/amd64/libverify.so
7f991e065000-7f991e068000 rwxp 0000c000 08:22 1189406                    /usr/lib/jvm/java-6-sun-1.6.0.26/jre/lib/amd64/libverify.so
7f991e068000-7f991e06f000 r-xp 00000000 08:22 1837270                    /lib/x86_64-linux-gnu/librt-2.13.so
7f991e06f000-7f991e26e000 ---p 00007000 08:22 1837270                    /lib/x86_64-linux-gnu/librt-2.13.so
7f991e26e000-7f991e26f000 r-xp 00006000 08:22 1837270                    /lib/x86_64-linux-gnu/librt-2.13.so
7f991e26f000-7f991e270000 rwxp 00007000 08:22 1837270                    /lib/x86_64-linux-gnu/librt-2.13.so
7f991e270000-7f991e273000 ---p 00000000 00:00 0 
7f991e273000-7f991e371000 rwxp 00000000 00:00 0 
7f991e371000-7f991e3f5000 r-xp 00000000 08:22 1837246                    /lib/x86_64-linux-gnu/libm-2.13.so
7f991e3f5000-7f991e5f4000 ---p 00084000 08:22 1837246                    /lib/x86_64-linux-gnu/libm-2.13.so
7f991e5f4000-7f991e5f5000 r-xp 00083000 08:22 1837246                    /lib/x86_64-linux-gnu/libm-2.13.so
7f991e5f5000-7f991e5f6000 rwxp 00084000 08:22 1837246                    /lib/x86_64-linux-gnu/libm-2.13.so
7f991e5f6000-7f991ef10000 r-xp 00000000 08:22 1189432                    /usr/lib/jvm/java-6-sun-1.6.0.26/jre/lib/amd64/server/libjvm.so
7f991ef10000-7f991f012000 ---p 0091a000 08:22 1189432                    /usr/lib/jvm/java-6-sun-1.6.0.26/jre/lib/amd64/server/libjvm.so
7f991f012000-7f991f1c7000 rwxp 0091c000 08:22 1189432                    /usr/lib/jvm/java-6-sun-1.6.0.26/jre/lib/amd64/server/libjvm.so
7f991f1c7000-7f991f201000 rwxp 00000000 00:00 0 
7f991f201000-7f991f38b000 r-xp 00000000 08:22 1837230                    /lib/x86_64-linux-gnu/libc-2.13.so
7f991f38b000-7f991f58a000 ---p 0018a000 08:22 1837230                    /lib/x86_64-linux-gnu/libc-2.13.so
7f991f58a000-7f991f58e000 r-xp 00189000 08:22 1837230                    /lib/x86_64-linux-gnu/libc-2.13.so
7f991f58e000-7f991f58f000 rwxp 0018d000 08:22 1837230                    /lib/x86_64-linux-gnu/libc-2.13.so
7f991f58f000-7f991f595000 rwxp 00000000 00:00 0 
7f991f595000-7f991f597000 r-xp 00000000 08:22 1837244                    /lib/x86_64-linux-gnu/libdl-2.13.so
7f991f597000-7f991f797000 ---p 00002000 08:22 1837244                    /lib/x86_64-linux-gnu/libdl-2.13.so
7f991f797000-7f991f798000 r-xp 00002000 08:22 1837244                    /lib/x86_64-linux-gnu/libdl-2.13.so
7f991f798000-7f991f799000 rwxp 00003000 08:22 1837244                    /lib/x86_64-linux-gnu/libdl-2.13.so
7f991f799000-7f991f7b1000 r-xp 00000000 08:22 1837266                    /lib/x86_64-linux-gnu/libpthread-2.13.so
7f991f7b1000-7f991f9b1000 ---p 00018000 08:22 1837266                    /lib/x86_64-linux-gnu/libpthread-2.13.so
7f991f9b1000-7f991f9b2000 r-xp 00018000 08:22 1837266                    /lib/x86_64-linux-gnu/libpthread-2.13.so
7f991f9b2000-7f991f9b3000 rwxp 00019000 08:22 1837266                    /lib/x86_64-linux-gnu/libpthread-2.13.so
7f991f9b3000-7f991f9b7000 rwxp 00000000 00:00 0 
7f991f9b7000-7f991f9d8000 r-xp 00000000 08:22 1835033                    /lib/x86_64-linux-gnu/ld-2.13.so
7f991f9d8000-7f991f9d9000 r-xs 00000000 08:22 2621601                    /var/cache/fontconfig/e7071f4a29fa870f4323321c154eba04-le64.cache-3
7f991f9d9000-7f991f9dc000 r-xs 00000000 08:22 2625717                    /var/cache/fontconfig/b5ea634b0fb353b8ea17632d1f9ef766-le64.cache-3
7f991f9dc000-7f991f9e6000 rwxp 00000000 00:00 0 
7f991f9e6000-7f991fa9c000 rwxp 00000000 00:00 0 
7f991fa9c000-7f991fa9f000 rwxp 00000000 00:00 0 
7f991fa9f000-7f991faa6000 r-xp 00000000 08:22 1189402                    /usr/lib/jvm/java-6-sun-1.6.0.26/jre/lib/amd64/jli/libjli.so
7f991faa6000-7f991fba7000 ---p 00007000 08:22 1189402                    /usr/lib/jvm/java-6-sun-1.6.0.26/jre/lib/amd64/jli/libjli.so
7f991fba7000-7f991fba9000 rwxp 00008000 08:22 1189402                    /usr/lib/jvm/java-6-sun-1.6.0.26/jre/lib/amd64/jli/libjli.so
7f991fba9000-7f991fbaa000 rwxp 00000000 00:00 0 
7f991fbaa000-7f991fbab000 rwxs b2001000 00:05 8038                       /dev/nvidia1
7f991fbab000-7f991fbaf000 r-xs 00000000 08:22 2626406                    /var/cache/fontconfig/6d41288fd70b0be22e8c3a91e032eec0-le64.cache-3
7f991fbaf000-7f991fbb2000 r-xs 00000000 08:22 2621592                    /var/cache/fontconfig/d60319d88cac85ba9e1a07bd06cfbb8c-le64.cache-3
7f991fbb2000-7f991fbb3000 r-xs 00000000 08:22 2622676                    /var/cache/fontconfig/4794a0821666d79190d59a36cb4f44b5-le64.cache-3
7f991fbb3000-7f991fbb7000 r-xs 00000000 08:22 2625713                    /var/cache/fontconfig/7ef2298fde41cc6eeb7af42e48b7d293-le64.cache-3
7f991fbb7000-7f991fbcb000 r-xs 00000000 08:22 2621609                    /var/cache/fontconfig/865f88548240fee46819705c6468c165-le64.cache-3
7f991fbcb000-7f991fbd3000 rwxs 00000000 08:22 2103136                    /tmp/hsperfdata_bguaman/7960
7f991fbd3000-7f991fbd4000 rwxp 00000000 00:00 0 
7f991fbd4000-7f991fbd5000 r-xp 00000000 00:00 0 
7f991fbd5000-7f991fbd7000 rwxp 00000000 00:00 0 
7f991fbd7000-7f991fbd8000 r-xp 00020000 08:22 1835033                    /lib/x86_64-linux-gnu/ld-2.13.so
7f991fbd8000-7f991fbda000 rwxp 00021000 08:22 1835033                    /lib/x86_64-linux-gnu/ld-2.13.so
7fffa3762000-7fffa3784000 rwxp 00000000 00:00 0                          [stack]
7fffa37ff000-7fffa3800000 r-xp 00000000 00:00 0                          [vdso]
ffffffffff600000-ffffffffff601000 r-xp 00000000 00:00 0                  [vsyscall]

VM Arguments:
jvm_args: -Djava.library.path=/home/bguaman/workspace/mt4j-desktop -Dfile.encoding=UTF-8 
java_command: advanced.physics.StartGlobitos
Launcher Type: SUN_STANDARD

Environment Variables:
PATH=/usr/local/sbin:/usr/local/bin:/usr/sbin:/usr/bin:/sbin:/bin:/usr/games
USERNAME=bguaman
LD_LIBRARY_PATH=/usr/lib/jvm/java-6-sun-1.6.0.26/jre/lib/amd64/server:/usr/lib/jvm/java-6-sun-1.6.0.26/jre/lib/amd64:/usr/lib/jvm/java-6-sun-1.6.0.26/jre/../lib/amd64:/usr/lib/xulrunner-1.9.2.17
SHELL=/bin/bash
DISPLAY=:0.0

Signal Handlers:
SIGSEGV: [libjvm.so+0x85f800], sa_mask[0]=0x7ffbfeff, sa_flags=0x10000004
SIGBUS: [libjvm.so+0x85f800], sa_mask[0]=0x7ffbfeff, sa_flags=0x10000004
SIGFPE: [libjvm.so+0x70e300], sa_mask[0]=0x7ffbfeff, sa_flags=0x10000004
SIGPIPE: [libjvm.so+0x70e300], sa_mask[0]=0x7ffbfeff, sa_flags=0x10000004
SIGXFSZ: [libjvm.so+0x70e300], sa_mask[0]=0x7ffbfeff, sa_flags=0x10000004
SIGILL: [libjvm.so+0x70e300], sa_mask[0]=0x7ffbfeff, sa_flags=0x10000004
SIGUSR1: SIG_DFL, sa_mask[0]=0x00000000, sa_flags=0x00000000
SIGUSR2: [libjvm.so+0x711110], sa_mask[0]=0x00000004, sa_flags=0x10000004
SIGHUP: [libjvm.so+0x710d10], sa_mask[0]=0x7ffbfeff, sa_flags=0x10000004
SIGINT: [libjvm.so+0x710d10], sa_mask[0]=0x7ffbfeff, sa_flags=0x10000004
SIGTERM: [libjvm.so+0x710d10], sa_mask[0]=0x7ffbfeff, sa_flags=0x10000004
SIGQUIT: [libjvm.so+0x710d10], sa_mask[0]=0x7ffbfeff, sa_flags=0x10000004


---------------  S Y S T E M  ---------------

OS:squeeze/sid

uname:Linux 2.6.38-13-generic #54-Ubuntu SMP Tue Jan 3 13:38:12 UTC 2012 x86_64
libc:glibc 2.13 NPTL 2.13 
rlimit: STACK 8192k, CORE 0k, NPROC infinity, NOFILE 4096, AS infinity
load average:0.50 0.21 0.15

/proc/meminfo:
MemTotal:        4056284 kB
MemFree:          355772 kB
Buffers:          336832 kB
Cached:           471988 kB
SwapCached:          144 kB
Active:          2046016 kB
Inactive:         780340 kB
Active(anon):    1650132 kB
Inactive(anon):   378520 kB
Active(file):     395884 kB
Inactive(file):   401820 kB
Unevictable:           0 kB
Mlocked:               0 kB
SwapTotal:       7815616 kB
SwapFree:        7811456 kB
Dirty:              1108 kB
Writeback:             0 kB
AnonPages:       2017368 kB
Mapped:           167404 kB
Shmem:             11116 kB
Slab:             686044 kB
SReclaimable:     656640 kB
SUnreclaim:        29404 kB
KernelStack:        3760 kB
PageTables:        35860 kB
NFS_Unstable:          0 kB
Bounce:                0 kB
WritebackTmp:          0 kB
CommitLimit:     9843756 kB
Committed_AS:    4280700 kB
VmallocTotal:   34359738367 kB
VmallocUsed:      113588 kB
VmallocChunk:   34359609340 kB
HardwareCorrupted:     0 kB
HugePages_Total:       0
HugePages_Free:        0
HugePages_Rsvd:        0
HugePages_Surp:        0
Hugepagesize:       2048 kB
DirectMap4k:      424832 kB
DirectMap2M:     3768320 kB


CPU:total 4 (2 cores per cpu, 1 threads per core) family 15 model 65 stepping 3, cmov, cx8, fxsr, mmx, sse, sse2, sse3, mmxext, 3dnow, 3dnowext

/proc/cpuinfo:
processor	: 0
vendor_id	: AuthenticAMD
cpu family	: 15
model		: 65
model name	: Dual-Core AMD Opteron(tm) Processor 2218
stepping	: 3
cpu MHz		: 2600.000
cache size	: 1024 KB
physical id	: 0
siblings	: 2
core id		: 0
cpu cores	: 2
apicid		: 0
initial apicid	: 0
fpu		: yes
fpu_exception	: yes
cpuid level	: 1
wp		: yes
flags		: fpu vme de pse tsc msr pae mce cx8 apic sep mtrr pge mca cmov pat pse36 clflush mmx fxsr sse sse2 ht syscall nx mmxext fxsr_opt rdtscp lm 3dnowext 3dnow rep_good nopl extd_apicid pni cx16 lahf_lm cmp_legacy svm extapic cr8_legacy
bogomips	: 5199.99
TLB size	: 1024 4K pages
clflush size	: 64
cache_alignment	: 64
address sizes	: 40 bits physical, 48 bits virtual
power management: ts fid vid ttp tm stc

processor	: 1
vendor_id	: AuthenticAMD
cpu family	: 15
model		: 65
model name	: Dual-Core AMD Opteron(tm) Processor 2218
stepping	: 3
cpu MHz		: 2600.000
cache size	: 1024 KB
physical id	: 0
siblings	: 2
core id		: 1
cpu cores	: 2
apicid		: 1
initial apicid	: 1
fpu		: yes
fpu_exception	: yes
cpuid level	: 1
wp		: yes
flags		: fpu vme de pse tsc msr pae mce cx8 apic sep mtrr pge mca cmov pat pse36 clflush mmx fxsr sse sse2 ht syscall nx mmxext fxsr_opt rdtscp lm 3dnowext 3dnow rep_good nopl extd_apicid pni cx16 lahf_lm cmp_legacy svm extapic cr8_legacy
bogomips	: 5199.99
TLB size	: 1024 4K pages
clflush size	: 64
cache_alignment	: 64
address sizes	: 40 bits physical, 48 bits virtual
power management: ts fid vid ttp tm stc

processor	: 2
vendor_id	: AuthenticAMD
cpu family	: 15
model		: 65
model name	: Dual-Core AMD Opteron(tm) Processor 2218
stepping	: 3
cpu MHz		: 1000.000
cache size	: 1024 KB
physical id	: 1
siblings	: 2
core id		: 0
cpu cores	: 2
apicid		: 2
initial apicid	: 2
fpu		: yes
fpu_exception	: yes
cpuid level	: 1
wp		: yes
flags		: fpu vme de pse tsc msr pae mce cx8 apic sep mtrr pge mca cmov pat pse36 clflush mmx fxsr sse sse2 ht syscall nx mmxext fxsr_opt rdtscp lm 3dnowext 3dnow rep_good nopl extd_apicid pni cx16 lahf_lm cmp_legacy svm extapic cr8_legacy
bogomips	: 1999.99
TLB size	: 1024 4K pages
clflush size	: 64
cache_alignment	: 64
address sizes	: 40 bits physical, 48 bits virtual
power management: ts fid vid ttp tm stc

processor	: 3
vendor_id	: AuthenticAMD
cpu family	: 15
model		: 65
model name	: Dual-Core AMD Opteron(tm) Processor 2218
stepping	: 3
cpu MHz		: 1000.000
cache size	: 1024 KB
physical id	: 1
siblings	: 2
core id		: 1
cpu cores	: 2
apicid		: 3
initial apicid	: 3
fpu		: yes
fpu_exception	: yes
cpuid level	: 1
wp		: yes
flags		: fpu vme de pse tsc msr pae mce cx8 apic sep mtrr pge mca cmov pat pse36 clflush mmx fxsr sse sse2 ht syscall nx mmxext fxsr_opt rdtscp lm 3dnowext 3dnow rep_good nopl extd_apicid pni cx16 lahf_lm cmp_legacy svm extapic cr8_legacy
bogomips	: 1999.99
TLB size	: 1024 4K pages
clflush size	: 64
cache_alignment	: 64
address sizes	: 40 bits physical, 48 bits virtual
power management: ts fid vid ttp tm stc



Memory: 4k page, physical 4056284k(355772k free), swap 7815616k(7811456k free)

vm_info: Java HotSpot(TM) 64-Bit Server VM (20.1-b02) for linux-amd64 JRE (1.6.0_26-b03), built on May  4 2011 01:13:47 by "java_re" with gcc 3.2.2 (SuSE Linux)

time: Tue Jun  5 16:28:18 2012
elapsed time: 8 seconds

