#
# A fatal error has been detected by the Java Runtime Environment:
#
#  SIGSEGV (0xb) at pc=0x00007fbc05018b69, pid=6318, tid=140445443729152
#
# JRE version: 6.0_26-b03
# Java VM: Java HotSpot(TM) 64-Bit Server VM (20.1-b02 mixed mode linux-amd64 compressed oops)
# Problematic frame:
# C  [libGL.so.1+0x2e8b69]  __float128+0x9
#
# If you would like to submit a bug report, please visit:
#   http://java.sun.com/webapps/bugreport/crash.jsp
# The crash happened outside the Java Virtual Machine in native code.
# See problematic frame for where to report the bug.
#

---------------  T H R E A D  ---------------

Current thread (0x00000000418df800):  JavaThread "Thread-2" [_thread_in_native, id=6343, stack(0x00007fbc00b8a000,0x00007fbc00c8b000)]

siginfo:si_signo=SIGSEGV: si_errno=0, si_code=1 (SEGV_MAPERR), si_addr=0x0000000000000688

Registers:
RAX=0x0000000000000000, RBX=0x00000000bdc3c7e8, RCX=0x0000000000000438, RDX=0x0000000000000780
RSP=0x00007fbc00c89448, RBP=0x00007fbc00c89490, RSI=0x0000000000000000, RDI=0x0000000000000000
R8 =0x0000000000001908, R9 =0x0000000000001401, R10=0x00007fbc00c891c0, R11=0x00007fbc05018b60
R12=0x0000000000000000, R13=0x00000000bdc3c7e8, R14=0x00007fbc00c89590, R15=0x00000000418df800
RIP=0x00007fbc05018b69, EFLAGS=0x0000000000010206, CSGSFS=0x0000000000000033, ERR=0x0000000000000004
  TRAPNO=0x000000000000000e

Top of Stack: (sp=0x00007fbc00c89448)
0x00007fbc00c89448:   00007fbc02d6eae0 00007fbc003a0000
0x00007fbc00c89458:   00007fbc000000b7 0000078000000438
0x00007fbc00c89468:   0000000000000000 00007fbc00c89590
0x00007fbc00c89478:   00000000418df9d0 00007fbc00c89530
0x00007fbc00c89488:   00007fbc003a0000 00007fbc00c89530
0x00007fbc00c89498:   00007fbc0cf15d6e 00007fbc00001908
0x00007fbc00c894a8:   00007fbc00001401 00007fbc00c89558
0x00007fbc00c894b8:   00007fbc00000000 00007fbc00c895d8
0x00007fbc00c894c8:   00007fbc00c89550 00007fbc00c894d0
0x00007fbc00c894d8:   00000000bce86ae0 00000000418df800
0x00007fbc00c894e8:   00007fbc00c894e8 00007fbc00c894f0
0x00007fbc00c894f8:   00000000bdc3c7e8 00007fbc00c89590
0x00007fbc00c89508:   00000000bdcb8300 0000000000000000
0x00007fbc00c89518:   00000000bdc3c7e8 0000000000000000
0x00007fbc00c89528:   00007fbc00c89550 00007fbc00c895d8
0x00007fbc00c89538:   00007fbc0cf0aa82 0000000000000000
0x00007fbc00c89548:   00007fbc0cf12f58 0000000000000000
0x00007fbc00c89558:   00000000ebb84bd0 0000000000001401
0x00007fbc00c89568:   0000000000001908 0000000000000438
0x00007fbc00c89578:   0000000000000780 0000000000000000
0x00007fbc00c89588:   0000000000000000 00000000ec5c0f40
0x00007fbc00c89598:   00007fbc00c89598 00000000bdc3c6ea
0x00007fbc00c895a8:   00007fbc00c89628 00000000bdcb8300
0x00007fbc00c895b8:   0000000000000000 00000000bdc3c718
0x00007fbc00c895c8:   00007fbc00c89550 00007fbc00c895f0
0x00007fbc00c895d8:   00007fbc00c89670 00007fbc0cf0af5c
0x00007fbc00c895e8:   0000000000000001 00000000ebb84bd0
0x00007fbc00c895f8:   0000000000001401 0000000000001908
0x00007fbc00c89608:   0000000000000438 0000000000000780
0x00007fbc00c89618:   0000000000000000 0000000000000000
0x00007fbc00c89628:   00000000ec5c0f40 00007fbc00c89630
0x00007fbc00c89638:   00000000bd966bbb 00007fbc00c896a8 

Instructions: (pc=0x00007fbc05018b69)
0x00007fbc05018b49:   ff a0 80 06 00 00 cc cc cc cc cc cc cc cc cc cc
0x00007fbc05018b59:   cc cc cc cc cc cc cc 64 48 8b 04 25 60 ff ff ff
0x00007fbc05018b69:   ff a0 88 06 00 00 cc cc cc cc cc cc cc cc cc cc
0x00007fbc05018b79:   cc cc cc cc cc cc cc 64 48 8b 04 25 60 ff ff ff 

Register to memory mapping:

RAX=0x0000000000000000 is an unknown value
RBX=0x00000000bdc3c7e8 is an oop
{method} 
 - klass: {other class}
RCX=0x0000000000000438 is an unknown value
RDX=0x0000000000000780 is an unknown value
RSP=0x00007fbc00c89448 is pointing into the stack for thread: 0x00000000418df800
RBP=0x00007fbc00c89490 is pointing into the stack for thread: 0x00000000418df800
RSI=0x0000000000000000 is an unknown value
RDI=0x0000000000000000 is an unknown value
R8 =0x0000000000001908 is an unknown value
R9 =0x0000000000001401 is an unknown value
R10=0x00007fbc00c891c0 is pointing into the stack for thread: 0x00000000418df800
R11=0x00007fbc05018b60: glReadPixels+0 in /usr/lib/nvidia-current/libGL.so.1 at 0x00007fbc04d30000
R12=0x0000000000000000 is an unknown value
R13=0x00000000bdc3c7e8 is an oop
{method} 
 - klass: {other class}
R14=0x00007fbc00c89590 is pointing into the stack for thread: 0x00000000418df800
R15=0x00000000418df800 is a thread


Stack: [0x00007fbc00b8a000,0x00007fbc00c8b000],  sp=0x00007fbc00c89448,  free space=1021k
Native frames: (J=compiled Java code, j=interpreted, Vv=VM code, C=native code)
C  [libGL.so.1+0x2e8b69]  __float128+0x9
j  com.sun.opengl.impl.GLImpl.glReadPixels0(IIIIIILjava/lang/Object;I)V+0
j  com.sun.opengl.impl.GLImpl.glReadPixels(IIIIIILjava/nio/Buffer;)V+50
j  processing.opengl.PGraphicsOpenGL.loadPixels()V+75
j  processing.core.PImage.save(Ljava/lang/String;)V+30
j  processing.core.PApplet.saveFrame(Ljava/lang/String;)V+13
j  advanced.drawing.MainDrawingScene.run()V+15
j  java.lang.Thread.run()V+11
v  ~StubRoutines::call_stub
V  [libjvm.so+0x4df5c0]  JavaCalls::call_helper(JavaValue*, methodHandle*, JavaCallArguments*, Thread*)+0x1e0
V  [libjvm.so+0x70f629]  os::os_exception_wrapper(void (*)(JavaValue*, methodHandle*, JavaCallArguments*, Thread*), JavaValue*, methodHandle*, JavaCallArguments*, Thread*)+0x19
V  [libjvm.so+0x4def06]  JavaCalls::call_virtual(JavaValue*, KlassHandle, symbolHandle, symbolHandle, JavaCallArguments*, Thread*)+0x126
V  [libjvm.so+0x4defb7]  JavaCalls::call_virtual(JavaValue*, Handle, KlassHandle, symbolHandle, symbolHandle, Thread*)+0x47
V  [libjvm.so+0x572ce0]  thread_entry(JavaThread*, Thread*)+0xa0
V  [libjvm.so+0x8190f1]  JavaThread::run()+0x121
V  [libjvm.so+0x710adf]  java_start(Thread*)+0x13f

Java frames: (J=compiled Java code, j=interpreted, Vv=VM code)
j  com.sun.opengl.impl.GLImpl.glReadPixels0(IIIIIILjava/lang/Object;I)V+0
j  com.sun.opengl.impl.GLImpl.glReadPixels(IIIIIILjava/nio/Buffer;)V+50
j  processing.opengl.PGraphicsOpenGL.loadPixels()V+75
j  processing.core.PImage.save(Ljava/lang/String;)V+30
j  processing.core.PApplet.saveFrame(Ljava/lang/String;)V+13
j  advanced.drawing.MainDrawingScene.run()V+15
j  java.lang.Thread.run()V+11
v  ~StubRoutines::call_stub

---------------  P R O C E S S  ---------------

Java Threads: ( => current thread )
  0x00007fbc084b8000 JavaThread "DestroyJavaVM" [_thread_blocked, id=6319, stack(0x00007fbc10c9b000,0x00007fbc10d9c000)]
=>0x00000000418df800 JavaThread "Thread-2" [_thread_in_native, id=6343, stack(0x00007fbc00b8a000,0x00007fbc00c8b000)]
  0x0000000041620000 JavaThread "Thread-1" [_thread_in_native, id=6342, stack(0x00007fbc01c5f000,0x00007fbc01d60000)]
  0x0000000041186000 JavaThread "Animation Thread" [_thread_in_Java, id=6341, stack(0x00007fbc0513d000,0x00007fbc0523e000)]
  0x000000004126a000 JavaThread "AWT-EventQueue-0" [_thread_blocked, id=6340, stack(0x00007fbc0523e000,0x00007fbc0533f000)]
  0x000000004115d800 JavaThread "AWT-Shutdown" [_thread_blocked, id=6339, stack(0x00007fbc0533f000,0x00007fbc05440000)]
  0x00007fbc082b9800 JavaThread "AWT-XAWT" daemon [_thread_in_native, id=6337, stack(0x00007fbc0581d000,0x00007fbc0591e000)]
  0x00007fbc08233000 JavaThread "Java2D Disposer" daemon [_thread_blocked, id=6336, stack(0x00007fbc05f64000,0x00007fbc06065000)]
  0x00007fbc0800c000 JavaThread "Low Memory Detector" daemon [_thread_blocked, id=6334, stack(0x00007fbc07654000,0x00007fbc07755000)]
  0x00007fbc08009000 JavaThread "C2 CompilerThread1" daemon [_thread_blocked, id=6333, stack(0x00007fbc07755000,0x00007fbc07856000)]
  0x00007fbc08006800 JavaThread "C2 CompilerThread0" daemon [_thread_blocked, id=6332, stack(0x00007fbc07856000,0x00007fbc07957000)]
  0x0000000040eef000 JavaThread "Signal Dispatcher" daemon [_thread_blocked, id=6331, stack(0x00007fbc07957000,0x00007fbc07a58000)]
  0x0000000040ed3000 JavaThread "Finalizer" daemon [_thread_blocked, id=6330, stack(0x00007fbc07cfd000,0x00007fbc07dfe000)]
  0x0000000040ed0800 JavaThread "Reference Handler" daemon [_thread_blocked, id=6329, stack(0x00007fbc07dfe000,0x00007fbc07eff000)]

Other Threads:
  0x0000000040eca000 VMThread [stack: 0x00007fbc07eff000,0x00007fbc08000000] [id=6328]
  0x00007fbc08016800 WatcherThread [stack: 0x00007fbc07553000,0x00007fbc07654000] [id=6335]

VM state:not at safepoint (normal execution)

VM Mutex/Monitor currently owned by a thread: None

Heap
 PSYoungGen      total 18496K, used 16684K [0x00000000eb560000, 0x00000000eca00000, 0x0000000100000000)
  eden space 15872K, 91% used [0x00000000eb560000,0x00000000ec3807c0,0x00000000ec4e0000)
  from space 2624K, 84% used [0x00000000ec4e0000,0x00000000ec70aa00,0x00000000ec770000)
  to   space 2624K, 0% used [0x00000000ec770000,0x00000000ec770000,0x00000000eca00000)
 PSOldGen        total 42304K, used 0K [0x00000000c2000000, 0x00000000c4950000, 0x00000000eb560000)
  object space 42304K, 0% used [0x00000000c2000000,0x00000000c2000000,0x00000000c4950000)
 PSPermGen       total 21248K, used 18231K [0x00000000bce00000, 0x00000000be2c0000, 0x00000000c2000000)
  object space 21248K, 85% used [0x00000000bce00000,0x00000000bdfcdec8,0x00000000be2c0000)

Code Cache  [0x00007fbc0cf05000, 0x00007fbc0d175000, 0x00007fbc0ff05000)
 total_blobs=872 nmethods=78 adapters=748 free_code_cache=49392256 largest_free_block=6336

Dynamic libraries:
40000000-40009000 r-xp 00000000 08:22 1185676                            /usr/lib/jvm/java-6-sun-1.6.0.26/jre/bin/java
40108000-4010a000 rwxp 00008000 08:22 1185676                            /usr/lib/jvm/java-6-sun-1.6.0.26/jre/bin/java
40485000-404fc000 rwxp 00000000 00:00 0 
40bc1000-40bc3000 r-xs 00000000 08:22 1993135                            /tmp/gloL1WBp (deleted)
40e61000-419ac000 rwxp 00000000 00:00 0                                  [heap]
bce00000-be2c0000 rwxp 00000000 00:00 0 
be2c0000-c2000000 rwxp 00000000 00:00 0 
c2000000-c4950000 rwxp 00000000 00:00 0 
c4950000-eb560000 rwxp 00000000 00:00 0 
eb560000-eca00000 rwxp 00000000 00:00 0 
eca00000-100000000 rwxp 00000000 00:00 0 
7fbc0039f000-7fbc00b8a000 rwxp 00000000 00:00 0 
7fbc00b8a000-7fbc00b8d000 ---p 00000000 00:00 0 
7fbc00b8d000-7fbc01c5f000 rwxp 00000000 00:00 0 
7fbc01c5f000-7fbc01c62000 ---p 00000000 00:00 0 
7fbc01c62000-7fbc01d60000 rwxp 00000000 00:00 0 
7fbc01d60000-7fbc01d73000 r-xp 00000000 08:22 1189407                    /usr/lib/jvm/java-6-sun-1.6.0.26/jre/lib/amd64/libnet.so
7fbc01d73000-7fbc01e74000 ---p 00013000 08:22 1189407                    /usr/lib/jvm/java-6-sun-1.6.0.26/jre/lib/amd64/libnet.so
7fbc01e74000-7fbc01e77000 rwxp 00014000 08:22 1189407                    /usr/lib/jvm/java-6-sun-1.6.0.26/jre/lib/amd64/libnet.so
7fbc01e77000-7fbc01f77000 rwxs 4b0ee000 00:05 6100                       /dev/nvidia1
7fbc01f77000-7fbc01f78000 rwxs b2c03000 00:05 6100                       /dev/nvidia1
7fbc01f78000-7fbc02078000 rwxs 11f1f5000 00:05 6100                      /dev/nvidia1
7fbc02078000-7fbc028e8000 rwxs c0000000 00:05 6100                       /dev/nvidia1
7fbc028e8000-7fbc028ea000 r-xp 00000000 08:24 696261                     /home/bguaman/workspace/PLAYmt4j/MT4JClient/mt4j-desktop/libjogl_awt.so
7fbc028ea000-7fbc029e9000 ---p 00002000 08:24 696261                     /home/bguaman/workspace/PLAYmt4j/MT4JClient/mt4j-desktop/libjogl_awt.so
7fbc029e9000-7fbc029ea000 rwxp 00001000 08:24 696261                     /home/bguaman/workspace/PLAYmt4j/MT4JClient/mt4j-desktop/libjogl_awt.so
7fbc029ea000-7fbc029eb000 r-xp 00000000 08:22 1189436                    /usr/lib/jvm/java-6-sun-1.6.0.26/jre/lib/amd64/libjawt.so
7fbc029eb000-7fbc02aea000 ---p 00001000 08:22 1189436                    /usr/lib/jvm/java-6-sun-1.6.0.26/jre/lib/amd64/libjawt.so
7fbc02aea000-7fbc02aeb000 rwxp 00000000 08:22 1189436                    /usr/lib/jvm/java-6-sun-1.6.0.26/jre/lib/amd64/libjawt.so
7fbc02aeb000-7fbc02af0000 r-xp 00000000 08:22 1182806                    /usr/lib/x86_64-linux-gnu/libXxf86vm.so.1.0.0
7fbc02af0000-7fbc02cef000 ---p 00005000 08:22 1182806                    /usr/lib/x86_64-linux-gnu/libXxf86vm.so.1.0.0
7fbc02cef000-7fbc02cf0000 r-xp 00004000 08:22 1182806                    /usr/lib/x86_64-linux-gnu/libXxf86vm.so.1.0.0
7fbc02cf0000-7fbc02cf1000 rwxp 00005000 08:22 1182806                    /usr/lib/x86_64-linux-gnu/libXxf86vm.so.1.0.0
7fbc02cf1000-7fbc02de0000 r-xp 00000000 08:24 696252                     /home/bguaman/workspace/PLAYmt4j/MT4JClient/mt4j-desktop/libjogl.so
7fbc02de0000-7fbc02ee0000 ---p 000ef000 08:24 696252                     /home/bguaman/workspace/PLAYmt4j/MT4JClient/mt4j-desktop/libjogl.so
7fbc02ee0000-7fbc02ee1000 rwxp 000ef000 08:24 696252                     /home/bguaman/workspace/PLAYmt4j/MT4JClient/mt4j-desktop/libjogl.so
7fbc02ee1000-7fbc0432f000 r-xp 00000000 08:22 1184078                    /usr/lib/nvidia-current/libnvidia-glcore.so.270.41.06
7fbc0432f000-7fbc0452f000 ---p 0144e000 08:22 1184078                    /usr/lib/nvidia-current/libnvidia-glcore.so.270.41.06
7fbc0452f000-7fbc04b17000 rwxp 0144e000 08:22 1184078                    /usr/lib/nvidia-current/libnvidia-glcore.so.270.41.06
7fbc04b17000-7fbc04b2e000 rwxp 00000000 00:00 0 
7fbc04b2e000-7fbc04b2f000 r-xp 00000000 08:22 1180743                    /usr/lib/nvidia-current/tls/libnvidia-tls.so.270.41.06
7fbc04b2f000-7fbc04d2f000 ---p 00001000 08:22 1180743                    /usr/lib/nvidia-current/tls/libnvidia-tls.so.270.41.06
7fbc04d2f000-7fbc04d30000 rwxp 00001000 08:22 1180743                    /usr/lib/nvidia-current/tls/libnvidia-tls.so.270.41.06
7fbc04d30000-7fbc04ded000 r-xp 00000000 08:22 1183145                    /usr/lib/nvidia-current/libGL.so.270.41.06
7fbc04ded000-7fbc04fed000 ---p 000bd000 08:22 1183145                    /usr/lib/nvidia-current/libGL.so.270.41.06
7fbc04fed000-7fbc05026000 rwxp 000bd000 08:22 1183145                    /usr/lib/nvidia-current/libGL.so.270.41.06
7fbc05026000-7fbc0503c000 rwxp 00000000 00:00 0 
7fbc0503c000-7fbc0503d000 r-xp 00000000 08:24 696219                     /home/bguaman/workspace/PLAYmt4j/MT4JClient/mt4j-desktop/libgluegen-rt.so
7fbc0503d000-7fbc0513c000 ---p 00001000 08:24 696219                     /home/bguaman/workspace/PLAYmt4j/MT4JClient/mt4j-desktop/libgluegen-rt.so
7fbc0513c000-7fbc0513d000 rwxp 00000000 08:24 696219                     /home/bguaman/workspace/PLAYmt4j/MT4JClient/mt4j-desktop/libgluegen-rt.so
7fbc0513d000-7fbc05140000 ---p 00000000 00:00 0 
7fbc05140000-7fbc0523e000 rwxp 00000000 00:00 0 
7fbc0523e000-7fbc05241000 ---p 00000000 00:00 0 
7fbc05241000-7fbc0533f000 rwxp 00000000 00:00 0 
7fbc0533f000-7fbc05342000 ---p 00000000 00:00 0 
7fbc05342000-7fbc05440000 rwxp 00000000 00:00 0 
7fbc05440000-7fbc05448000 r-xp 00000000 08:22 1187959                    /usr/lib/x86_64-linux-gnu/libXrandr.so.2.2.0
7fbc05448000-7fbc05647000 ---p 00008000 08:22 1187959                    /usr/lib/x86_64-linux-gnu/libXrandr.so.2.2.0
7fbc05647000-7fbc05648000 r-xp 00007000 08:22 1187959                    /usr/lib/x86_64-linux-gnu/libXrandr.so.2.2.0
7fbc05648000-7fbc05649000 rwxp 00008000 08:22 1187959                    /usr/lib/x86_64-linux-gnu/libXrandr.so.2.2.0
7fbc05649000-7fbc0564a000 r-xs 00000000 08:22 2621607                    /var/cache/fontconfig/c05880de57d1f5e948fdfacc138775d9-le64.cache-3
7fbc0564a000-7fbc05653000 r-xs 00000000 08:22 2621606                    /var/cache/fontconfig/945677eb7aeaf62f1d50efc3fb3ec7d8-le64.cache-3
7fbc056c1000-7fbc05701000 rwxs cff7e000 00:05 6100                       /dev/nvidia1
7fbc05701000-7fbc0571c000 rwxs 140e00000 00:05 6100                      /dev/nvidia1
7fbc0571c000-7fbc0571f000 ---p 00000000 00:00 0 
7fbc0571f000-7fbc0581d000 rwxp 00000000 00:00 0 
7fbc0581d000-7fbc05820000 ---p 00000000 00:00 0 
7fbc05820000-7fbc0591e000 rwxp 00000000 00:00 0 
7fbc0591e000-7fbc05923000 r-xp 00000000 08:22 1180715                    /usr/lib/x86_64-linux-gnu/libXfixes.so.3.1.0
7fbc05923000-7fbc05b22000 ---p 00005000 08:22 1180715                    /usr/lib/x86_64-linux-gnu/libXfixes.so.3.1.0
7fbc05b22000-7fbc05b23000 r-xp 00004000 08:22 1180715                    /usr/lib/x86_64-linux-gnu/libXfixes.so.3.1.0
7fbc05b23000-7fbc05b24000 rwxp 00005000 08:22 1180715                    /usr/lib/x86_64-linux-gnu/libXfixes.so.3.1.0
7fbc05b24000-7fbc05b2d000 r-xp 00000000 08:22 1180172                    /usr/lib/x86_64-linux-gnu/libXrender.so.1.3.0
7fbc05b2d000-7fbc05d2d000 ---p 00009000 08:22 1180172                    /usr/lib/x86_64-linux-gnu/libXrender.so.1.3.0
7fbc05d2d000-7fbc05d2e000 r-xp 00009000 08:22 1180172                    /usr/lib/x86_64-linux-gnu/libXrender.so.1.3.0
7fbc05d2e000-7fbc05d2f000 rwxp 0000a000 08:22 1180172                    /usr/lib/x86_64-linux-gnu/libXrender.so.1.3.0
7fbc05d2f000-7fbc05d38000 r-xp 00000000 08:22 1188068                    /usr/lib/x86_64-linux-gnu/libXcursor.so.1.0.2
7fbc05d38000-7fbc05f37000 ---p 00009000 08:22 1188068                    /usr/lib/x86_64-linux-gnu/libXcursor.so.1.0.2
7fbc05f37000-7fbc05f38000 r-xp 00008000 08:22 1188068                    /usr/lib/x86_64-linux-gnu/libXcursor.so.1.0.2
7fbc05f38000-7fbc05f39000 rwxp 00009000 08:22 1188068                    /usr/lib/x86_64-linux-gnu/libXcursor.so.1.0.2
7fbc05f43000-7fbc05f45000 rwxs 00000000 08:22 1993135                    /tmp/gloL1WBp (deleted)
7fbc05f45000-7fbc05f49000 rwxs 799f3000 00:05 6100                       /dev/nvidia1
7fbc05f49000-7fbc05f4a000 rwxs cffbe000 00:05 6100                       /dev/nvidia1
7fbc05f4a000-7fbc05f4b000 rwxs 46f2f000 00:05 6100                       /dev/nvidia1
7fbc05f4b000-7fbc05f4c000 rwxs 46f29000 00:05 6100                       /dev/nvidia1
7fbc05f4c000-7fbc05f4d000 rwxs 124765000 00:05 6100                      /dev/nvidia1
7fbc05f4d000-7fbc05f4e000 rwxs b2001000 00:05 6100                       /dev/nvidia1
7fbc05f4e000-7fbc05f50000 r-xs 00005000 08:24 816243                     /home/bguaman/workspace/MT4jTUIO4jInputSources/tuio4jInput.jar
7fbc05f50000-7fbc05f52000 r-xs 0000b000 08:24 692063                     /home/bguaman/workspace/PLAYmt4j/MT4JClient/mt4j-desktop/lib/tuio/tuio4j.jar
7fbc05f52000-7fbc05f5e000 r-xs 0010f000 08:24 692263                     /home/bguaman/workspace/PLAYmt4j/MT4JClient/mt4j-desktop/lib/jogl/jogl.jar
7fbc05f5e000-7fbc05f5f000 r-xs 00005000 08:24 692258                     /home/bguaman/workspace/PLAYmt4j/MT4JClient/mt4j-desktop/lib/jogl/opengl.jar
7fbc05f5f000-7fbc05f64000 r-xs 00010000 08:24 684921                     /home/bguaman/workspace/PLAYmt4j/MT4JClient/mt4j-core/lib/xml-apis-ext.jar
7fbc05f64000-7fbc05f67000 ---p 00000000 00:00 0 
7fbc05f67000-7fbc06065000 rwxp 00000000 00:00 0 
7fbc06065000-7fbc060de000 r-xp 00000000 08:22 1189423                    /usr/lib/jvm/java-6-sun-1.6.0.26/jre/lib/amd64/libfontmanager.so
7fbc060de000-7fbc061dd000 ---p 00079000 08:22 1189423                    /usr/lib/jvm/java-6-sun-1.6.0.26/jre/lib/amd64/libfontmanager.so
7fbc061dd000-7fbc061f2000 rwxp 00078000 08:22 1189423                    /usr/lib/jvm/java-6-sun-1.6.0.26/jre/lib/amd64/libfontmanager.so
7fbc061f2000-7fbc06203000 rwxp 00000000 00:00 0 
7fbc06203000-7fbc06208000 r-xp 00000000 08:22 1187279                    /usr/lib/x86_64-linux-gnu/libXdmcp.so.6.0.0
7fbc06208000-7fbc06407000 ---p 00005000 08:22 1187279                    /usr/lib/x86_64-linux-gnu/libXdmcp.so.6.0.0
7fbc06407000-7fbc06408000 r-xp 00004000 08:22 1187279                    /usr/lib/x86_64-linux-gnu/libXdmcp.so.6.0.0
7fbc06408000-7fbc06409000 rwxp 00005000 08:22 1187279                    /usr/lib/x86_64-linux-gnu/libXdmcp.so.6.0.0
7fbc06409000-7fbc0640b000 r-xp 00000000 08:22 1187247                    /usr/lib/x86_64-linux-gnu/libXau.so.6.0.0
7fbc0640b000-7fbc0660a000 ---p 00002000 08:22 1187247                    /usr/lib/x86_64-linux-gnu/libXau.so.6.0.0
7fbc0660a000-7fbc0660b000 r-xp 00001000 08:22 1187247                    /usr/lib/x86_64-linux-gnu/libXau.so.6.0.0
7fbc0660b000-7fbc0660c000 rwxp 00002000 08:22 1187247                    /usr/lib/x86_64-linux-gnu/libXau.so.6.0.0
7fbc0660c000-7fbc06627000 r-xp 00000000 08:22 1187284                    /usr/lib/x86_64-linux-gnu/libxcb.so.1.1.0
7fbc06627000-7fbc06826000 ---p 0001b000 08:22 1187284                    /usr/lib/x86_64-linux-gnu/libxcb.so.1.1.0
7fbc06826000-7fbc06827000 r-xp 0001a000 08:22 1187284                    /usr/lib/x86_64-linux-gnu/libxcb.so.1.1.0
7fbc06827000-7fbc06828000 rwxp 0001b000 08:22 1187284                    /usr/lib/x86_64-linux-gnu/libxcb.so.1.1.0
7fbc06828000-7fbc06837000 r-xp 00000000 08:22 1188155                    /usr/lib/x86_64-linux-gnu/libXi.so.6.1.0
7fbc06837000-7fbc06a36000 ---p 0000f000 08:22 1188155                    /usr/lib/x86_64-linux-gnu/libXi.so.6.1.0
7fbc06a36000-7fbc06a37000 r-xp 0000e000 08:22 1188155                    /usr/lib/x86_64-linux-gnu/libXi.so.6.1.0
7fbc06a37000-7fbc06a38000 rwxp 0000f000 08:22 1188155                    /usr/lib/x86_64-linux-gnu/libXi.so.6.1.0
7fbc06a38000-7fbc06a3d000 r-xp 00000000 08:22 1182462                    /usr/lib/libXtst.so.6.1.0
7fbc06a3d000-7fbc06c3c000 ---p 00005000 08:22 1182462                    /usr/lib/libXtst.so.6.1.0
7fbc06c3c000-7fbc06c3d000 r-xp 00004000 08:22 1182462                    /usr/lib/libXtst.so.6.1.0
7fbc06c3d000-7fbc06c3e000 rwxp 00005000 08:22 1182462                    /usr/lib/libXtst.so.6.1.0
7fbc06c3e000-7fbc06d73000 r-xp 00000000 08:22 1188489                    /usr/lib/x86_64-linux-gnu/libX11.so.6.3.0
7fbc06d73000-7fbc06f73000 ---p 00135000 08:22 1188489                    /usr/lib/x86_64-linux-gnu/libX11.so.6.3.0
7fbc06f73000-7fbc06f74000 r-xp 00135000 08:22 1188489                    /usr/lib/x86_64-linux-gnu/libX11.so.6.3.0
7fbc06f74000-7fbc06f78000 rwxp 00136000 08:22 1188489                    /usr/lib/x86_64-linux-gnu/libX11.so.6.3.0
7fbc06f78000-7fbc06f89000 r-xp 00000000 08:22 1183304                    /usr/lib/x86_64-linux-gnu/libXext.so.6.4.0
7fbc06f89000-7fbc07188000 ---p 00011000 08:22 1183304                    /usr/lib/x86_64-linux-gnu/libXext.so.6.4.0
7fbc07188000-7fbc07189000 r-xp 00010000 08:22 1183304                    /usr/lib/x86_64-linux-gnu/libXext.so.6.4.0
7fbc07189000-7fbc0718a000 rwxp 00011000 08:22 1183304                    /usr/lib/x86_64-linux-gnu/libXext.so.6.4.0
7fbc0718a000-7fbc071cc000 r-xp 00000000 08:22 1189412                    /usr/lib/jvm/java-6-sun-1.6.0.26/jre/lib/amd64/xawt/libmawt.so
7fbc071cc000-7fbc072cb000 ---p 00042000 08:22 1189412                    /usr/lib/jvm/java-6-sun-1.6.0.26/jre/lib/amd64/xawt/libmawt.so
7fbc072cb000-7fbc072d7000 rwxp 00041000 08:22 1189412                    /usr/lib/jvm/java-6-sun-1.6.0.26/jre/lib/amd64/xawt/libmawt.so
7fbc072d7000-7fbc072d8000 rwxp 00000000 00:00 0 
7fbc072d8000-7fbc0736a000 r-xp 00000000 08:22 1189435                    /usr/lib/jvm/java-6-sun-1.6.0.26/jre/lib/amd64/libawt.so
7fbc0736a000-7fbc07469000 ---p 00092000 08:22 1189435                    /usr/lib/jvm/java-6-sun-1.6.0.26/jre/lib/amd64/libawt.so
7fbc07469000-7fbc07483000 rwxp 00091000 08:22 1189435                    /usr/lib/jvm/java-6-sun-1.6.0.26/jre/lib/amd64/libawt.so
7fbc07483000-7fbc074a7000 rwxp 00000000 00:00 0 
7fbc074a7000-7fbc074c8000 r-xs 00261000 08:24 684919                     /home/bguaman/workspace/PLAYmt4j/MT4JClient/mt4j-core/lib/mt4j-core.jar
7fbc074c8000-7fbc074d0000 r-xs 00045000 08:24 684925                     /home/bguaman/workspace/PLAYmt4j/MT4JClient/mt4j-core/lib/batik-css.jar
7fbc074d0000-7fbc074d1000 r-xs 00006000 08:24 684920                     /home/bguaman/workspace/PLAYmt4j/MT4JClient/mt4j-core/lib/ani.jar
7fbc074d1000-7fbc074d2000 r-xs 00002000 08:24 695877                     /home/bguaman/workspace/PLAYmt4j/MT4JClient/mt4j-desktop/examples/advanced/water/lib/waterScene.jar
7fbc074d2000-7fbc074d6000 r-xs 00091000 08:24 694960                     /home/bguaman/workspace/PLAYmt4j/MT4JClient/mt4j-desktop/examples/advanced/physics/lib/jbox2d.jar
7fbc074d6000-7fbc074d8000 r-xs 0000c000 08:24 696150                     /home/bguaman/workspace/PLAYmt4j/MT4JClient/mt4j-desktop/examples/advanced/modestMapsMT/lib/modestMaps.jar
7fbc074d8000-7fbc074d9000 r-xs 00001000 08:24 695903                     /home/bguaman/workspace/PLAYmt4j/MT4JClient/mt4j-desktop/examples/advanced/fluidSimulator/lib/MSAFluid.jar
7fbc074d9000-7fbc074dd000 r-xs 0005e000 08:24 696093                     /home/bguaman/workspace/PLAYmt4j/MT4JClient/mt4j-desktop/examples/advanced/flickrMT/lib/flickrj.jar
7fbc074dd000-7fbc074df000 r-xs 0003c000 08:24 688488                     /home/bguaman/workspace/PLAYmt4j/MT4JClient/mt4j-desktop/extensions/lib/jbullet/vecmath.jar
7fbc074df000-7fbc074e0000 r-xs 0000b000 08:24 688489                     /home/bguaman/workspace/PLAYmt4j/MT4JClient/mt4j-desktop/extensions/lib/jbullet/stack-alloc.jar
7fbc074e0000-7fbc074e9000 r-xs 0006c000 08:24 688490                     /home/bguaman/workspace/PLAYmt4j/MT4JClient/mt4j-desktop/extensions/lib/jbullet/jbullet.jar
7fbc074e9000-7fbc074eb000 r-xs 00008000 08:24 692099                     /home/bguaman/workspace/PLAYmt4j/MT4JClient/mt4j-desktop/lib/whirlylib/whirlycache-1.0.1.jar
7fbc074eb000-7fbc074f3000 r-xs 0004f000 08:24 692104                     /home/bguaman/workspace/PLAYmt4j/MT4JClient/mt4j-desktop/lib/whirlylib/log4j-1.2.8.jar
7fbc074f3000-7fbc074fb000 r-xs 00028000 08:24 692211                     /home/bguaman/workspace/PLAYmt4j/MT4JClient/mt4j-desktop/lib/batik/xml-apis.jar
7fbc074fb000-7fbc07506000 r-xs 000ad000 08:24 692204                     /home/bguaman/workspace/PLAYmt4j/MT4JClient/mt4j-desktop/lib/batik/pdf-transcoder.jar
7fbc07506000-7fbc0750e000 r-xs 00074000 08:24 692206                     /home/bguaman/workspace/PLAYmt4j/MT4JClient/mt4j-desktop/lib/batik/js.jar
7fbc0750e000-7fbc0750f000 r-xs 00007000 08:24 692193                     /home/bguaman/workspace/PLAYmt4j/MT4JClient/mt4j-desktop/lib/batik/batik-xml.jar
7fbc0750f000-7fbc07512000 r-xs 0001d000 08:24 692201                     /home/bguaman/workspace/PLAYmt4j/MT4JClient/mt4j-desktop/lib/batik/batik-util.jar
7fbc07512000-7fbc07514000 r-xs 0001c000 08:24 692195                     /home/bguaman/workspace/PLAYmt4j/MT4JClient/mt4j-desktop/lib/batik/batik-transcoder.jar
7fbc07514000-7fbc07519000 r-xs 00030000 08:24 692190                     /home/bguaman/workspace/PLAYmt4j/MT4JClient/mt4j-desktop/lib/batik/batik-svggen.jar
7fbc07519000-7fbc07526000 r-xs 00087000 08:24 692200                     /home/bguaman/workspace/PLAYmt4j/MT4JClient/mt4j-desktop/lib/batik/batik-svg-dom.jar
7fbc07526000-7fbc07529000 r-xs 0000d000 08:24 692196                     /home/bguaman/workspace/PLAYmt4j/MT4JClient/mt4j-desktop/lib/batik/batik-script.jar
7fbc07529000-7fbc0752b000 r-xs 00010000 08:24 692191                     /home/bguaman/workspace/PLAYmt4j/MT4JClient/mt4j-desktop/lib/batik/batik-parser.jar
7fbc0752b000-7fbc0752f000 r-xs 00038000 08:24 692210                     /home/bguaman/workspace/PLAYmt4j/MT4JClient/mt4j-desktop/lib/batik/batik-gvt.jar
7fbc0752f000-7fbc07531000 r-xs 0000f000 08:24 692199                     /home/bguaman/workspace/PLAYmt4j/MT4JClient/mt4j-desktop/lib/batik/batik-extension.jar
7fbc07531000-7fbc07532000 r-xs 00002000 08:24 692209                     /home/bguaman/workspace/PLAYmt4j/MT4JClient/mt4j-desktop/lib/batik/batik-ext.jar
7fbc07532000-7fbc07536000 r-xs 00027000 08:24 692184                     /home/bguaman/workspace/PLAYmt4j/MT4JClient/mt4j-desktop/lib/batik/batik-dom.jar
7fbc07536000-7fbc07540000 r-xs 00080000 08:24 692192                     /home/bguaman/workspace/PLAYmt4j/MT4JClient/mt4j-desktop/lib/batik/batik-bridge.jar
7fbc07540000-7fbc07547000 r-xs 0005c000 08:24 692213                     /home/bguaman/workspace/PLAYmt4j/MT4JClient/mt4j-desktop/lib/batik/batik-awt-util.jar
7fbc07547000-7fbc0754a000 r-xs 00015000 08:24 692188                     /home/bguaman/workspace/PLAYmt4j/MT4JClient/mt4j-desktop/lib/batik/batik-anim.jar
7fbc0754a000-7fbc0754c000 r-xs 00006000 08:24 692275                     /home/bguaman/workspace/PLAYmt4j/MT4JClient/mt4j-desktop/lib/mri.jar
7fbc0754c000-7fbc07552000 r-xs 00034000 08:24 692278                     /home/bguaman/workspace/PLAYmt4j/MT4JClient/mt4j-desktop/lib/junit-4.8.2.jar
7fbc07552000-7fbc07553000 r-xs 00002000 08:24 692273                     /home/bguaman/workspace/PLAYmt4j/MT4JClient/mt4j-desktop/lib/GlulogicMT.jar
7fbc07553000-7fbc07554000 ---p 00000000 00:00 0 
7fbc07554000-7fbc07654000 rwxp 00000000 00:00 0 
7fbc07654000-7fbc07657000 ---p 00000000 00:00 0 
7fbc07657000-7fbc07755000 rwxp 00000000 00:00 0 
7fbc07755000-7fbc07758000 ---p 00000000 00:00 0 
7fbc07758000-7fbc07856000 rwxp 00000000 00:00 0 
7fbc07856000-7fbc07859000 ---p 00000000 00:00 0 
7fbc07859000-7fbc07957000 rwxp 00000000 00:00 0 
7fbc07957000-7fbc0795a000 ---p 00000000 00:00 0 
7fbc0795a000-7fbc07a58000 rwxp 00000000 00:00 0 
7fbc07a58000-7fbc07cfd000 r-xp 00000000 08:22 1179791                    /usr/lib/locale/locale-archive
7fbc07cfd000-7fbc07d00000 ---p 00000000 00:00 0 
7fbc07d00000-7fbc07dfe000 rwxp 00000000 00:00 0 
7fbc07dfe000-7fbc07e01000 ---p 00000000 00:00 0 
7fbc07e01000-7fbc07eff000 rwxp 00000000 00:00 0 
7fbc07eff000-7fbc07f00000 ---p 00000000 00:00 0 
7fbc07f00000-7fbc08000000 rwxp 00000000 00:00 0 
7fbc08000000-7fbc08f16000 rwxp 00000000 00:00 0 
7fbc08f16000-7fbc0c000000 ---p 00000000 00:00 0 
7fbc0c000000-7fbc0c001000 r-xs 00000000 08:22 2621601                    /var/cache/fontconfig/e7071f4a29fa870f4323321c154eba04-le64.cache-3
7fbc0c001000-7fbc0c004000 r-xs 00000000 08:22 2625717                    /var/cache/fontconfig/b5ea634b0fb353b8ea17632d1f9ef766-le64.cache-3
7fbc0c004000-7fbc0c008000 r-xs 00000000 08:22 2621600                    /var/cache/fontconfig/6eb3985aa4124903f6ff08ba781cd364-le64.cache-3
7fbc0c008000-7fbc0c009000 r-xs 00000000 08:22 2621599                    /var/cache/fontconfig/4c73fe0c47614734b17d736dbde7580a-le64.cache-3
7fbc0c009000-7fbc0c00a000 r-xs 00000000 08:22 2621598                    /var/cache/fontconfig/0d8c3b2ac0904cb8a57a757ad11a4a08-le64.cache-3
7fbc0c00a000-7fbc0c00b000 r-xs 00000000 08:22 2621597                    /var/cache/fontconfig/6a53c69dea097a2d716e069445527da8-le64.cache-3
7fbc0c00b000-7fbc0c011000 r-xs 00000000 08:22 2621596                    /var/cache/fontconfig/a755afe4a08bf5b97852ceb7400b47bc-le64.cache-3
7fbc0c011000-7fbc0c015000 r-xs 00000000 08:22 2626406                    /var/cache/fontconfig/6d41288fd70b0be22e8c3a91e032eec0-le64.cache-3
7fbc0c015000-7fbc0c025000 r-xs 00000000 08:22 2621593                    /var/cache/fontconfig/0f34bcd4b6ee430af32735b75db7f02b-le64.cache-3
7fbc0c025000-7fbc0c028000 r-xs 00000000 08:22 2621592                    /var/cache/fontconfig/d60319d88cac85ba9e1a07bd06cfbb8c-le64.cache-3
7fbc0c028000-7fbc0c029000 r-xs 00000000 08:22 2622676                    /var/cache/fontconfig/4794a0821666d79190d59a36cb4f44b5-le64.cache-3
7fbc0c029000-7fbc0c057000 r-xs 00000000 08:22 2621591                    /var/cache/fontconfig/365b55f210c0a22e9a19e35191240f32-le64.cache-3
7fbc0c057000-7fbc0c061000 r-xs 00000000 08:22 2621590                    /var/cache/fontconfig/d52a8644073d54c13679302ca1180695-le64.cache-3
7fbc0c061000-7fbc0c067000 r-xs 00000000 08:22 2626487                    /var/cache/fontconfig/105b9c7e6f0a4f82d8c9b6e39c52c6f9-le64.cache-3
7fbc0c067000-7fbc0c07a000 r-xs 00000000 08:22 2621573                    /var/cache/fontconfig/e13b20fdb08344e0e664864cc2ede53d-le64.cache-3
7fbc0c07a000-7fbc0c5b3000 rwxp 00000000 00:00 0 
7fbc0c5b3000-7fbc0c74b000 r-xs 03029000 08:22 1202981                    /usr/lib/jvm/java-6-sun-1.6.0.26/jre/lib/rt.jar
7fbc0c74b000-7fbc0c773000 rwxp 00000000 00:00 0 
7fbc0c773000-7fbc0c774000 ---p 00000000 00:00 0 
7fbc0c774000-7fbc0c874000 rwxp 00000000 00:00 0 
7fbc0c874000-7fbc0c875000 ---p 00000000 00:00 0 
7fbc0c875000-7fbc0c975000 rwxp 00000000 00:00 0 
7fbc0c975000-7fbc0c976000 ---p 00000000 00:00 0 
7fbc0c976000-7fbc0ca76000 rwxp 00000000 00:00 0 
7fbc0ca76000-7fbc0ca77000 ---p 00000000 00:00 0 
7fbc0ca77000-7fbc0cb82000 rwxp 00000000 00:00 0 
7fbc0cb82000-7fbc0cba0000 rwxp 00000000 00:00 0 
7fbc0cba0000-7fbc0cbb5000 rwxp 00000000 00:00 0 
7fbc0cbb5000-7fbc0cceb000 rwxp 00000000 00:00 0 
7fbc0cceb000-7fbc0ccf6000 rwxp 00000000 00:00 0 
7fbc0ccf6000-7fbc0cd14000 rwxp 00000000 00:00 0 
7fbc0cd14000-7fbc0cd29000 rwxp 00000000 00:00 0 
7fbc0cd29000-7fbc0ce5e000 rwxp 00000000 00:00 0 
7fbc0ce5e000-7fbc0ce69000 rwxp 00000000 00:00 0 
7fbc0ce69000-7fbc0cf04000 rwxp 00000000 00:00 0 
7fbc0cf04000-7fbc0d175000 rwxp 00000000 00:00 0 
7fbc0d175000-7fbc0ff05000 rwxp 00000000 00:00 0 
7fbc0ff05000-7fbc0ff13000 r-xp 00000000 08:22 1189430                    /usr/lib/jvm/java-6-sun-1.6.0.26/jre/lib/amd64/libzip.so
7fbc0ff13000-7fbc10015000 ---p 0000e000 08:22 1189430                    /usr/lib/jvm/java-6-sun-1.6.0.26/jre/lib/amd64/libzip.so
7fbc10015000-7fbc10018000 rwxp 00010000 08:22 1189430                    /usr/lib/jvm/java-6-sun-1.6.0.26/jre/lib/amd64/libzip.so
7fbc10018000-7fbc10019000 rwxp 00000000 00:00 0 
7fbc10019000-7fbc10025000 r-xp 00000000 08:22 1837256                    /lib/x86_64-linux-gnu/libnss_files-2.13.so
7fbc10025000-7fbc10224000 ---p 0000c000 08:22 1837256                    /lib/x86_64-linux-gnu/libnss_files-2.13.so
7fbc10224000-7fbc10225000 r-xp 0000b000 08:22 1837256                    /lib/x86_64-linux-gnu/libnss_files-2.13.so
7fbc10225000-7fbc10226000 rwxp 0000c000 08:22 1837256                    /lib/x86_64-linux-gnu/libnss_files-2.13.so
7fbc10226000-7fbc10231000 r-xp 00000000 08:22 1837260                    /lib/x86_64-linux-gnu/libnss_nis-2.13.so
7fbc10231000-7fbc10430000 ---p 0000b000 08:22 1837260                    /lib/x86_64-linux-gnu/libnss_nis-2.13.so
7fbc10430000-7fbc10431000 r-xp 0000a000 08:22 1837260                    /lib/x86_64-linux-gnu/libnss_nis-2.13.so
7fbc10431000-7fbc10432000 rwxp 0000b000 08:22 1837260                    /lib/x86_64-linux-gnu/libnss_nis-2.13.so
7fbc10432000-7fbc1043a000 r-xp 00000000 08:22 1837252                    /lib/x86_64-linux-gnu/libnss_compat-2.13.so
7fbc1043a000-7fbc10639000 ---p 00008000 08:22 1837252                    /lib/x86_64-linux-gnu/libnss_compat-2.13.so
7fbc10639000-7fbc1063a000 r-xp 00007000 08:22 1837252                    /lib/x86_64-linux-gnu/libnss_compat-2.13.so
7fbc1063a000-7fbc1063b000 rwxp 00008000 08:22 1837252                    /lib/x86_64-linux-gnu/libnss_compat-2.13.so
7fbc1063b000-7fbc10652000 r-xp 00000000 08:22 1837250                    /lib/x86_64-linux-gnu/libnsl-2.13.so
7fbc10652000-7fbc10851000 ---p 00017000 08:22 1837250                    /lib/x86_64-linux-gnu/libnsl-2.13.so
7fbc10851000-7fbc10852000 r-xp 00016000 08:22 1837250                    /lib/x86_64-linux-gnu/libnsl-2.13.so
7fbc10852000-7fbc10853000 rwxp 00017000 08:22 1837250                    /lib/x86_64-linux-gnu/libnsl-2.13.so
7fbc10853000-7fbc10855000 rwxp 00000000 00:00 0 
7fbc10855000-7fbc1087e000 r-xp 00000000 08:22 1189429                    /usr/lib/jvm/java-6-sun-1.6.0.26/jre/lib/amd64/libjava.so
7fbc1087e000-7fbc1097d000 ---p 00029000 08:22 1189429                    /usr/lib/jvm/java-6-sun-1.6.0.26/jre/lib/amd64/libjava.so
7fbc1097d000-7fbc10984000 rwxp 00028000 08:22 1189429                    /usr/lib/jvm/java-6-sun-1.6.0.26/jre/lib/amd64/libjava.so
7fbc10984000-7fbc10991000 r-xp 00000000 08:22 1189406                    /usr/lib/jvm/java-6-sun-1.6.0.26/jre/lib/amd64/libverify.so
7fbc10991000-7fbc10a90000 ---p 0000d000 08:22 1189406                    /usr/lib/jvm/java-6-sun-1.6.0.26/jre/lib/amd64/libverify.so
7fbc10a90000-7fbc10a93000 rwxp 0000c000 08:22 1189406                    /usr/lib/jvm/java-6-sun-1.6.0.26/jre/lib/amd64/libverify.so
7fbc10a93000-7fbc10a9a000 r-xp 00000000 08:22 1837270                    /lib/x86_64-linux-gnu/librt-2.13.so
7fbc10a9a000-7fbc10c99000 ---p 00007000 08:22 1837270                    /lib/x86_64-linux-gnu/librt-2.13.so
7fbc10c99000-7fbc10c9a000 r-xp 00006000 08:22 1837270                    /lib/x86_64-linux-gnu/librt-2.13.so
7fbc10c9a000-7fbc10c9b000 rwxp 00007000 08:22 1837270                    /lib/x86_64-linux-gnu/librt-2.13.so
7fbc10c9b000-7fbc10c9e000 ---p 00000000 00:00 0 
7fbc10c9e000-7fbc10d9c000 rwxp 00000000 00:00 0 
7fbc10d9c000-7fbc10e20000 r-xp 00000000 08:22 1837246                    /lib/x86_64-linux-gnu/libm-2.13.so
7fbc10e20000-7fbc1101f000 ---p 00084000 08:22 1837246                    /lib/x86_64-linux-gnu/libm-2.13.so
7fbc1101f000-7fbc11020000 r-xp 00083000 08:22 1837246                    /lib/x86_64-linux-gnu/libm-2.13.so
7fbc11020000-7fbc11021000 rwxp 00084000 08:22 1837246                    /lib/x86_64-linux-gnu/libm-2.13.so
7fbc11021000-7fbc1193b000 r-xp 00000000 08:22 1189432                    /usr/lib/jvm/java-6-sun-1.6.0.26/jre/lib/amd64/server/libjvm.so
7fbc1193b000-7fbc11a3d000 ---p 0091a000 08:22 1189432                    /usr/lib/jvm/java-6-sun-1.6.0.26/jre/lib/amd64/server/libjvm.so
7fbc11a3d000-7fbc11bf2000 rwxp 0091c000 08:22 1189432                    /usr/lib/jvm/java-6-sun-1.6.0.26/jre/lib/amd64/server/libjvm.so
7fbc11bf2000-7fbc11c2c000 rwxp 00000000 00:00 0 
7fbc11c2c000-7fbc11db6000 r-xp 00000000 08:22 1837230                    /lib/x86_64-linux-gnu/libc-2.13.so
7fbc11db6000-7fbc11fb5000 ---p 0018a000 08:22 1837230                    /lib/x86_64-linux-gnu/libc-2.13.so
7fbc11fb5000-7fbc11fb9000 r-xp 00189000 08:22 1837230                    /lib/x86_64-linux-gnu/libc-2.13.so
7fbc11fb9000-7fbc11fba000 rwxp 0018d000 08:22 1837230                    /lib/x86_64-linux-gnu/libc-2.13.so
7fbc11fba000-7fbc11fc0000 rwxp 00000000 00:00 0 
7fbc11fc0000-7fbc11fc2000 r-xp 00000000 08:22 1837244                    /lib/x86_64-linux-gnu/libdl-2.13.so
7fbc11fc2000-7fbc121c2000 ---p 00002000 08:22 1837244                    /lib/x86_64-linux-gnu/libdl-2.13.so
7fbc121c2000-7fbc121c3000 r-xp 00002000 08:22 1837244                    /lib/x86_64-linux-gnu/libdl-2.13.so
7fbc121c3000-7fbc121c4000 rwxp 00003000 08:22 1837244                    /lib/x86_64-linux-gnu/libdl-2.13.so
7fbc121c4000-7fbc121dc000 r-xp 00000000 08:22 1837266                    /lib/x86_64-linux-gnu/libpthread-2.13.so
7fbc121dc000-7fbc123dc000 ---p 00018000 08:22 1837266                    /lib/x86_64-linux-gnu/libpthread-2.13.so
7fbc123dc000-7fbc123dd000 r-xp 00018000 08:22 1837266                    /lib/x86_64-linux-gnu/libpthread-2.13.so
7fbc123dd000-7fbc123de000 rwxp 00019000 08:22 1837266                    /lib/x86_64-linux-gnu/libpthread-2.13.so
7fbc123de000-7fbc123e2000 rwxp 00000000 00:00 0 
7fbc123e2000-7fbc12403000 r-xp 00000000 08:22 1835033                    /lib/x86_64-linux-gnu/ld-2.13.so
7fbc12403000-7fbc12405000 r-xs 0005b000 08:24 692276                     /home/bguaman/workspace/PLAYmt4j/MT4JClient/mt4j-desktop/lib/core.jar
7fbc12405000-7fbc12407000 r-xs 0000a000 08:24 692277                     /home/bguaman/workspace/PLAYmt4j/MT4JClient/mt4j-desktop/lib/muito_blobtracking.jar
7fbc12407000-7fbc12411000 rwxp 00000000 00:00 0 
7fbc12411000-7fbc124c7000 rwxp 00000000 00:00 0 
7fbc124c7000-7fbc124ca000 rwxp 00000000 00:00 0 
7fbc124ca000-7fbc124d1000 r-xp 00000000 08:22 1189402                    /usr/lib/jvm/java-6-sun-1.6.0.26/jre/lib/amd64/jli/libjli.so
7fbc124d1000-7fbc125d2000 ---p 00007000 08:22 1189402                    /usr/lib/jvm/java-6-sun-1.6.0.26/jre/lib/amd64/jli/libjli.so
7fbc125d2000-7fbc125d4000 rwxp 00008000 08:22 1189402                    /usr/lib/jvm/java-6-sun-1.6.0.26/jre/lib/amd64/jli/libjli.so
7fbc125d4000-7fbc125d5000 rwxp 00000000 00:00 0 
7fbc125d5000-7fbc125d7000 r-xs 00004000 08:24 692253                     /home/bguaman/workspace/PLAYmt4j/MT4JClient/mt4j-desktop/lib/jogl/gluegen-rt.jar
7fbc125d7000-7fbc125d9000 r-xs 00000000 08:22 2621574                    /var/cache/fontconfig/99e8ed0e538f840c565b6ed5dad60d56-le64.cache-3
7fbc125d9000-7fbc125dc000 r-xs 00000000 08:22 2621604                    /var/cache/fontconfig/e383d7ea5fbe662a33d9b44caf393297-le64.cache-3
7fbc125dc000-7fbc125de000 r-xs 00000000 08:22 2621603                    /var/cache/fontconfig/2cd17615ca594fa2959ae173292e504c-le64.cache-3
7fbc125de000-7fbc125e2000 r-xs 00000000 08:22 2626485                    /var/cache/fontconfig/7ef2298fde41cc6eeb7af42e48b7d293-le64.cache-3
7fbc125e2000-7fbc125f6000 r-xs 00000000 08:22 2621609                    /var/cache/fontconfig/865f88548240fee46819705c6468c165-le64.cache-3
7fbc125f6000-7fbc125fe000 rwxs 00000000 08:22 1993131                    /tmp/hsperfdata_bguaman/6318
7fbc125fe000-7fbc125ff000 rwxp 00000000 00:00 0 
7fbc125ff000-7fbc12600000 r-xp 00000000 00:00 0 
7fbc12600000-7fbc12602000 rwxp 00000000 00:00 0 
7fbc12602000-7fbc12603000 r-xp 00020000 08:22 1835033                    /lib/x86_64-linux-gnu/ld-2.13.so
7fbc12603000-7fbc12605000 rwxp 00021000 08:22 1835033                    /lib/x86_64-linux-gnu/ld-2.13.so
7fff59d30000-7fff59d52000 rwxp 00000000 00:00 0                          [stack]
7fff59dff000-7fff59e00000 r-xp 00000000 00:00 0                          [vdso]
ffffffffff600000-ffffffffff601000 r-xp 00000000 00:00 0                  [vsyscall]

VM Arguments:
jvm_args: -Djava.library.path=/home/bguaman/workspace/PLAYmt4j/MT4JClient/mt4j-desktop -Dfile.encoding=UTF-8 
java_command: advanced.drawing.StartDrawExample
Launcher Type: SUN_STANDARD

Environment Variables:
PATH=/usr/local/sbin:/usr/local/bin:/usr/sbin:/usr/bin:/sbin:/bin:/usr/games
USERNAME=bguaman
LD_LIBRARY_PATH=/usr/lib/jvm/java-6-sun-1.6.0.26/jre/lib/amd64/server:/usr/lib/jvm/java-6-sun-1.6.0.26/jre/lib/amd64:/usr/lib/jvm/java-6-sun-1.6.0.26/jre/../lib/amd64:/usr/lib/xulrunner-1.9.2.17
SHELL=/bin/bash
DISPLAY=:0.0

Signal Handlers:
SIGSEGV: [libjvm.so+0x85f800], sa_mask[0]=0x7ffbfeff, sa_flags=0x10000004
SIGBUS: [libjvm.so+0x85f800], sa_mask[0]=0x7ffbfeff, sa_flags=0x10000004
SIGFPE: [libjvm.so+0x70e300], sa_mask[0]=0x7ffbfeff, sa_flags=0x10000004
SIGPIPE: [libjvm.so+0x70e300], sa_mask[0]=0x7ffbfeff, sa_flags=0x10000004
SIGXFSZ: [libjvm.so+0x70e300], sa_mask[0]=0x7ffbfeff, sa_flags=0x10000004
SIGILL: [libjvm.so+0x70e300], sa_mask[0]=0x7ffbfeff, sa_flags=0x10000004
SIGUSR1: SIG_DFL, sa_mask[0]=0x00000000, sa_flags=0x00000000
SIGUSR2: [libjvm.so+0x711110], sa_mask[0]=0x00000004, sa_flags=0x10000004
SIGHUP: [libjvm.so+0x710d10], sa_mask[0]=0x7ffbfeff, sa_flags=0x10000004
SIGINT: [libjvm.so+0x710d10], sa_mask[0]=0x7ffbfeff, sa_flags=0x10000004
SIGTERM: [libjvm.so+0x710d10], sa_mask[0]=0x7ffbfeff, sa_flags=0x10000004
SIGQUIT: [libjvm.so+0x710d10], sa_mask[0]=0x7ffbfeff, sa_flags=0x10000004


---------------  S Y S T E M  ---------------

OS:squeeze/sid

uname:Linux 2.6.38-13-generic #54-Ubuntu SMP Tue Jan 3 13:38:12 UTC 2012 x86_64
libc:glibc 2.13 NPTL 2.13 
rlimit: STACK 8192k, CORE 0k, NPROC infinity, NOFILE 4096, AS infinity
load average:0.00 0.01 0.05

/proc/meminfo:
MemTotal:        4056284 kB
MemFree:           36292 kB
Buffers:          552052 kB
Cached:           650068 kB
SwapCached:           72 kB
Active:          1934848 kB
Inactive:        1007692 kB
Active(anon):    1381944 kB
Inactive(anon):   398300 kB
Active(file):     552904 kB
Inactive(file):   609392 kB
Unevictable:           0 kB
Mlocked:               0 kB
SwapTotal:       7815616 kB
SwapFree:        7815376 kB
Dirty:               100 kB
Writeback:           184 kB
AnonPages:       1740436 kB
Mapped:           212212 kB
Shmem:             39764 kB
Slab:             887308 kB
SReclaimable:     857664 kB
SUnreclaim:        29644 kB
KernelStack:        3856 kB
PageTables:        38228 kB
NFS_Unstable:          0 kB
Bounce:                0 kB
WritebackTmp:          0 kB
CommitLimit:     9843756 kB
Committed_AS:    4237184 kB
VmallocTotal:   34359738367 kB
VmallocUsed:      113588 kB
VmallocChunk:   34359615996 kB
HardwareCorrupted:     0 kB
HugePages_Total:       0
HugePages_Free:        0
HugePages_Rsvd:        0
HugePages_Surp:        0
Hugepagesize:       2048 kB
DirectMap4k:      502656 kB
DirectMap2M:     3690496 kB


CPU:total 4 (2 cores per cpu, 1 threads per core) family 15 model 65 stepping 3, cmov, cx8, fxsr, mmx, sse, sse2, sse3, mmxext, 3dnow, 3dnowext

/proc/cpuinfo:
processor	: 0
vendor_id	: AuthenticAMD
cpu family	: 15
model		: 65
model name	: Dual-Core AMD Opteron(tm) Processor 2218
stepping	: 3
cpu MHz		: 1000.000
cache size	: 1024 KB
physical id	: 0
siblings	: 2
core id		: 0
cpu cores	: 2
apicid		: 0
initial apicid	: 0
fpu		: yes
fpu_exception	: yes
cpuid level	: 1
wp		: yes
flags		: fpu vme de pse tsc msr pae mce cx8 apic sep mtrr pge mca cmov pat pse36 clflush mmx fxsr sse sse2 ht syscall nx mmxext fxsr_opt rdtscp lm 3dnowext 3dnow rep_good nopl extd_apicid pni cx16 lahf_lm cmp_legacy svm extapic cr8_legacy
bogomips	: 2000.01
TLB size	: 1024 4K pages
clflush size	: 64
cache_alignment	: 64
address sizes	: 40 bits physical, 48 bits virtual
power management: ts fid vid ttp tm stc

processor	: 1
vendor_id	: AuthenticAMD
cpu family	: 15
model		: 65
model name	: Dual-Core AMD Opteron(tm) Processor 2218
stepping	: 3
cpu MHz		: 1000.000
cache size	: 1024 KB
physical id	: 0
siblings	: 2
core id		: 1
cpu cores	: 2
apicid		: 1
initial apicid	: 1
fpu		: yes
fpu_exception	: yes
cpuid level	: 1
wp		: yes
flags		: fpu vme de pse tsc msr pae mce cx8 apic sep mtrr pge mca cmov pat pse36 clflush mmx fxsr sse sse2 ht syscall nx mmxext fxsr_opt rdtscp lm 3dnowext 3dnow rep_good nopl extd_apicid pni cx16 lahf_lm cmp_legacy svm extapic cr8_legacy
bogomips	: 2000.01
TLB size	: 1024 4K pages
clflush size	: 64
cache_alignment	: 64
address sizes	: 40 bits physical, 48 bits virtual
power management: ts fid vid ttp tm stc

processor	: 2
vendor_id	: AuthenticAMD
cpu family	: 15
model		: 65
model name	: Dual-Core AMD Opteron(tm) Processor 2218
stepping	: 3
cpu MHz		: 2600.000
cache size	: 1024 KB
physical id	: 1
siblings	: 2
core id		: 0
cpu cores	: 2
apicid		: 2
initial apicid	: 2
fpu		: yes
fpu_exception	: yes
cpuid level	: 1
wp		: yes
flags		: fpu vme de pse tsc msr pae mce cx8 apic sep mtrr pge mca cmov pat pse36 clflush mmx fxsr sse sse2 ht syscall nx mmxext fxsr_opt rdtscp lm 3dnowext 3dnow rep_good nopl extd_apicid pni cx16 lahf_lm cmp_legacy svm extapic cr8_legacy
bogomips	: 5200.05
TLB size	: 1024 4K pages
clflush size	: 64
cache_alignment	: 64
address sizes	: 40 bits physical, 48 bits virtual
power management: ts fid vid ttp tm stc

processor	: 3
vendor_id	: AuthenticAMD
cpu family	: 15
model		: 65
model name	: Dual-Core AMD Opteron(tm) Processor 2218
stepping	: 3
cpu MHz		: 2600.000
cache size	: 1024 KB
physical id	: 1
siblings	: 2
core id		: 1
cpu cores	: 2
apicid		: 3
initial apicid	: 3
fpu		: yes
fpu_exception	: yes
cpuid level	: 1
wp		: yes
flags		: fpu vme de pse tsc msr pae mce cx8 apic sep mtrr pge mca cmov pat pse36 clflush mmx fxsr sse sse2 ht syscall nx mmxext fxsr_opt rdtscp lm 3dnowext 3dnow rep_good nopl extd_apicid pni cx16 lahf_lm cmp_legacy svm extapic cr8_legacy
bogomips	: 5200.05
TLB size	: 1024 4K pages
clflush size	: 64
cache_alignment	: 64
address sizes	: 40 bits physical, 48 bits virtual
power management: ts fid vid ttp tm stc



Memory: 4k page, physical 4056284k(36292k free), swap 7815616k(7815376k free)

vm_info: Java HotSpot(TM) 64-Bit Server VM (20.1-b02) for linux-amd64 JRE (1.6.0_26-b03), built on May  4 2011 01:13:47 by "java_re" with gcc 3.2.2 (SuSE Linux)

time: Thu Jul 12 14:01:00 2012
elapsed time: 11 seconds

