#
# A fatal error has been detected by the Java Runtime Environment:
#
#  SIGSEGV (0xb) at pc=0x00007f1c0c477889, pid=7117, tid=139758305863424
#
# JRE version: 6.0_26-b03
# Java VM: Java HotSpot(TM) 64-Bit Server VM (20.1-b02 mixed mode linux-amd64 compressed oops)
# Problematic frame:
# C  [libGL.so.1+0x2e9889]  __float128+0x9
#
# If you would like to submit a bug report, please visit:
#   http://java.sun.com/webapps/bugreport/crash.jsp
# The crash happened outside the Java Virtual Machine in native code.
# See problematic frame for where to report the bug.
#

---------------  T H R E A D  ---------------

Current thread (0x00007f1c08fbd000):  JavaThread "Thread-1" [_thread_in_native, id=7143, stack(0x00007f1c041ce000,0x00007f1c042cf000)]

siginfo:si_signo=SIGSEGV: si_errno=0, si_code=1 (SEGV_MAPERR), si_addr=0x00000000000008c0

Registers:
RAX=0x0000000000000000, RBX=0x00000000bdb1a1d0, RCX=0x00007f1c08fbd5b0, RDX=0x00000000eb635e10
RSP=0x00007f1c042ccc28, RBP=0x00007f1c042ccc70, RSI=0x00000000eb635e10, RDI=0x0000000000000001
R8 =0x00007f1c14d05fe8, R9 =0x00007f1c14d09e58, R10=0x00007f1c08fbd998, R11=0x00007f1c08fbd5e8
R12=0x0000000000000000, R13=0x00000000bdb1a1d0, R14=0x00007f1c042ccd20, R15=0x00007f1c08fbd000
RIP=0x00007f1c0c477889, EFLAGS=0x0000000000010206, CSGSFS=0x0000000000000033, ERR=0x0000000000000004
  TRAPNO=0x000000000000000e

Top of Stack: (sp=0x00007f1c042ccc28)
0x00007f1c042ccc28:   00007f1c06020dcd 00000000bda7c828
0x00007f1c042ccc38:   0000000000000000 00007f1c042ccd10
0x00007f1c042ccc48:   0000000100000000 00007f1c042ccd20
0x00007f1c042ccc58:   00007f1c08fbd1d0 00007f1c1015585a
0x00007f1c042ccc68:   00000000eb635e10 00007f1c042ccce8
0x00007f1c042ccc78:   00007f1c10160d6e 00000000bdbe540d
0x00007f1c042ccc88:   00007f1c042cccd0 00000000bdbf5710
0x00007f1c042ccc98:   0000000000000000 00000000bdbe5418
0x00007f1c042ccca8:   00007f1c042ccca8 0000000000000000
0x00007f1c042cccb8:   00007f1c042ccd20 00000000bdbf5710
0x00007f1c042cccc8:   0000000000000000 00000000bdb1a1d0
0x00007f1c042cccd8:   0000000000000000 00007f1c042ccd08
0x00007f1c042ccce8:   00007f1c042ccd68 00007f1c10155a82
0x00007f1c042cccf8:   0000000000000000 00007f1c1015df58
0x00007f1c042ccd08:   0000000000000000 00000000eb635e00
0x00007f1c042ccd18:   0000000000000001 00000000ec675600
0x00007f1c042ccd28:   00007f1c042ccd28 00000000bdb1a2f0
0x00007f1c042ccd38:   00007f1c042ccd90 00000000bdbf5710
0x00007f1c042ccd48:   0000000000000000 00000000bdb1a318
0x00007f1c042ccd58:   00007f1c042ccd08 00007f1c042ccd78
0x00007f1c042ccd68:   00007f1c042ccdd8 00007f1c10155f5c
0x00007f1c042ccd78:   0000000000000000 00000000eb635e00
0x00007f1c042ccd88:   0000000000000001 00000000ec675600
0x00007f1c042ccd98:   00007f1c042ccd98 00000000bdd6a247
0x00007f1c042ccda8:   00007f1c042cce00 00000000bdd6dca0
0x00007f1c042ccdb8:   0000000000000000 00000000bdd6a288
0x00007f1c042ccdc8:   00007f1c042ccd78 00007f1c042ccde8
0x00007f1c042ccdd8:   00007f1c042cce48 00007f1c10155f5c
0x00007f1c042ccde8:   0000000000000000 00000000eb635e00
0x00007f1c042ccdf8:   0000000000000001 00000000ec6755f0
0x00007f1c042cce08:   00007f1c042cce08 00000000bd323a11
0x00007f1c042cce18:   00007f1c042cce98 00000000be086f48 

Instructions: (pc=0x00007f1c0c477889)
0x00007f1c0c477869:   ff a0 b8 08 00 00 cc cc cc cc cc cc cc cc cc cc
0x00007f1c0c477879:   cc cc cc cc cc cc cc 64 48 8b 04 25 60 ff ff ff
0x00007f1c0c477889:   ff a0 c0 08 00 00 cc cc cc cc cc cc cc cc cc cc
0x00007f1c0c477899:   cc cc cc cc cc cc cc 64 48 8b 04 25 60 ff ff ff 

Register to memory mapping:

RAX=0x0000000000000000 is an unknown value
RBX=0x00000000bdb1a1d0 is an oop
{method} 
 - klass: {other class}
RCX=0x00007f1c08fbd5b0 is an unknown value
RDX=0x00000000eb635e10 is an unknown value
RSP=0x00007f1c042ccc28 is pointing into the stack for thread: 0x00007f1c08fbd000
RBP=0x00007f1c042ccc70 is pointing into the stack for thread: 0x00007f1c08fbd000
RSI=0x00000000eb635e10 is an unknown value
RDI=0x0000000000000001 is an unknown value
R8 =0x00007f1c14d05fe8: <offset 0xa99fe8> in /usr/lib/jvm/java-6-sun-1.6.0.26/jre/lib/amd64/server/libjvm.so at 0x00007f1c1426c000
R9 =0x00007f1c14d09e58: <offset 0xa9de58> in /usr/lib/jvm/java-6-sun-1.6.0.26/jre/lib/amd64/server/libjvm.so at 0x00007f1c1426c000
R10=0x00007f1c08fbd998 is an unknown value
R11=0x00007f1c08fbd5e8 is an unknown value
R12=0x0000000000000000 is an unknown value
R13=0x00000000bdb1a1d0 is an oop
{method} 
 - klass: {other class}
R14=0x00007f1c042ccd20 is pointing into the stack for thread: 0x00007f1c08fbd000
R15=0x00007f1c08fbd000 is a thread


Stack: [0x00007f1c041ce000,0x00007f1c042cf000],  sp=0x00007f1c042ccc28,  free space=1019k
Native frames: (J=compiled Java code, j=interpreted, Vv=VM code, C=native code)
C  [libGL.so.1+0x2e9889]  __float128+0x9
j  com.sun.opengl.impl.GLImpl.glGenTextures1(ILjava/lang/Object;I)V+0
j  com.sun.opengl.impl.GLImpl.glGenTextures(I[II)V+64
j  org.mt4j.util.opengl.JoglGL20Plus.glGenTextures(I[II)V+7
j  org.mt4j.util.opengl.GLTexture.setupGLTexture(II)V+417
j  org.mt4j.util.opengl.GLTexture.<init>(Lprocessing/core/PApplet;IILorg/mt4j/util/opengl/GLTextureSettings;)V+113
j  org.mt4j.util.opengl.GLTexture.<init>(Lprocessing/core/PApplet;Lprocessing/core/PImage;Lorg/mt4j/util/opengl/GLTextureSettings;)V+11
j  org.mt4j.components.visibleComponents.shapes.AbstractShape.setTexture(Lprocessing/core/PImage;)V+266
j  org.mt4j.components.visibleComponents.shapes.MTRectangle.setTexture(Lprocessing/core/PImage;)V+2
j  org.mt4j.components.visibleComponents.font.BitmapFontCharacter.<init>(Lprocessing/core/PApplet;Lprocessing/core/PImage;Ljava/lang/String;III)V+31
j  processing.core.BitmapFontFactoryProxy.createCharacters(Lprocessing/core/PApplet;Lprocessing/core/PFont;Ljava/lang/String;Lorg/mt4j/util/MTColor;)Ljava/util/List;+237
j  processing.core.BitmapFontFactoryProxy.createFont(Lprocessing/core/PApplet;Ljava/lang/String;ILorg/mt4j/util/MTColor;Lorg/mt4j/util/MTColor;Z)Lorg/mt4j/util/font/IFont;+33
j  processing.core.BitmapFontFactoryProxy.createFont(Lprocessing/core/PApplet;Ljava/lang/String;ILorg/mt4j/util/MTColor;Z)Lorg/mt4j/util/font/IFont;+10
j  org.mt4j.util.font.fontFactories.BitmapFontFactory.createFont(Lprocessing/core/PApplet;Ljava/lang/String;ILorg/mt4j/util/MTColor;Z)Lorg/mt4j/util/font/IFont;+26
j  org.mt4j.util.font.FontManager.createFont(Lprocessing/core/PApplet;Ljava/lang/String;ILorg/mt4j/util/MTColor;Z)Lorg/mt4j/util/font/IFont;+146
j  org.mt4j.util.font.FontManager.createFont(Lprocessing/core/PApplet;Ljava/lang/String;ILorg/mt4j/util/MTColor;)Lorg/mt4j/util/font/IFont;+7
j  org.mt4j.components.css.util.CSSStyleManager.getDefaultFont(Lorg/mt4j/AbstractMTApplication;)Lorg/mt4j/util/font/IFont;+19
j  org.mt4j.components.visibleComponents.widgets.MTTextArea.<init>(Lorg/mt4j/AbstractMTApplication;)V+7
j  advanced.physics.scenes.GlobitosScene$TextoTrans.<init>(Ladvanced/physics/scenes/GlobitosScene;Lorg/mt4j/AbstractMTApplication;I)V+7
j  advanced.physics.scenes.GlobitosScene$JuegoGlobos.run()V+55
j  java.lang.Thread.run()V+11
v  ~StubRoutines::call_stub
V  [libjvm.so+0x4df5c0]  JavaCalls::call_helper(JavaValue*, methodHandle*, JavaCallArguments*, Thread*)+0x1e0
V  [libjvm.so+0x70f629]  os::os_exception_wrapper(void (*)(JavaValue*, methodHandle*, JavaCallArguments*, Thread*), JavaValue*, methodHandle*, JavaCallArguments*, Thread*)+0x19
V  [libjvm.so+0x4def06]  JavaCalls::call_virtual(JavaValue*, KlassHandle, symbolHandle, symbolHandle, JavaCallArguments*, Thread*)+0x126
V  [libjvm.so+0x4defb7]  JavaCalls::call_virtual(JavaValue*, Handle, KlassHandle, symbolHandle, symbolHandle, Thread*)+0x47
V  [libjvm.so+0x572ce0]  thread_entry(JavaThread*, Thread*)+0xa0
V  [libjvm.so+0x8190f1]  JavaThread::run()+0x121
V  [libjvm.so+0x710adf]  java_start(Thread*)+0x13f

Java frames: (J=compiled Java code, j=interpreted, Vv=VM code)
j  com.sun.opengl.impl.GLImpl.glGenTextures1(ILjava/lang/Object;I)V+0
j  com.sun.opengl.impl.GLImpl.glGenTextures(I[II)V+64
j  org.mt4j.util.opengl.JoglGL20Plus.glGenTextures(I[II)V+7
j  org.mt4j.util.opengl.GLTexture.setupGLTexture(II)V+417
j  org.mt4j.util.opengl.GLTexture.<init>(Lprocessing/core/PApplet;IILorg/mt4j/util/opengl/GLTextureSettings;)V+113
j  org.mt4j.util.opengl.GLTexture.<init>(Lprocessing/core/PApplet;Lprocessing/core/PImage;Lorg/mt4j/util/opengl/GLTextureSettings;)V+11
j  org.mt4j.components.visibleComponents.shapes.AbstractShape.setTexture(Lprocessing/core/PImage;)V+266
j  org.mt4j.components.visibleComponents.shapes.MTRectangle.setTexture(Lprocessing/core/PImage;)V+2
j  org.mt4j.components.visibleComponents.font.BitmapFontCharacter.<init>(Lprocessing/core/PApplet;Lprocessing/core/PImage;Ljava/lang/String;III)V+31
j  processing.core.BitmapFontFactoryProxy.createCharacters(Lprocessing/core/PApplet;Lprocessing/core/PFont;Ljava/lang/String;Lorg/mt4j/util/MTColor;)Ljava/util/List;+237
j  processing.core.BitmapFontFactoryProxy.createFont(Lprocessing/core/PApplet;Ljava/lang/String;ILorg/mt4j/util/MTColor;Lorg/mt4j/util/MTColor;Z)Lorg/mt4j/util/font/IFont;+33
j  processing.core.BitmapFontFactoryProxy.createFont(Lprocessing/core/PApplet;Ljava/lang/String;ILorg/mt4j/util/MTColor;Z)Lorg/mt4j/util/font/IFont;+10
j  org.mt4j.util.font.fontFactories.BitmapFontFactory.createFont(Lprocessing/core/PApplet;Ljava/lang/String;ILorg/mt4j/util/MTColor;Z)Lorg/mt4j/util/font/IFont;+26
j  org.mt4j.util.font.FontManager.createFont(Lprocessing/core/PApplet;Ljava/lang/String;ILorg/mt4j/util/MTColor;Z)Lorg/mt4j/util/font/IFont;+146
j  org.mt4j.util.font.FontManager.createFont(Lprocessing/core/PApplet;Ljava/lang/String;ILorg/mt4j/util/MTColor;)Lorg/mt4j/util/font/IFont;+7
j  org.mt4j.components.css.util.CSSStyleManager.getDefaultFont(Lorg/mt4j/AbstractMTApplication;)Lorg/mt4j/util/font/IFont;+19
j  org.mt4j.components.visibleComponents.widgets.MTTextArea.<init>(Lorg/mt4j/AbstractMTApplication;)V+7
j  advanced.physics.scenes.GlobitosScene$TextoTrans.<init>(Ladvanced/physics/scenes/GlobitosScene;Lorg/mt4j/AbstractMTApplication;I)V+7
j  advanced.physics.scenes.GlobitosScene$JuegoGlobos.run()V+55
j  java.lang.Thread.run()V+11
v  ~StubRoutines::call_stub

---------------  P R O C E S S  ---------------

Java Threads: ( => current thread )
  0x00007f1c0901a000 JavaThread "DestroyJavaVM" [_thread_blocked, id=7122, stack(0x00007f1c13ee6000,0x00007f1c13fe7000)]
=>0x00007f1c08fbd000 JavaThread "Thread-1" [_thread_in_native, id=7143, stack(0x00007f1c041ce000,0x00007f1c042cf000)]
  0x0000000041440000 JavaThread "AWT-EventQueue-0" [_thread_blocked, id=7142, stack(0x00007f1c0c59b000,0x00007f1c0c69c000)]
  0x00007f1c0843a000 JavaThread "Animation Thread" [_thread_in_vm, id=7141, stack(0x00007f1c0c69c000,0x00007f1c0c79d000)]
  0x00007f1c08427800 JavaThread "AWT-Shutdown" [_thread_blocked, id=7140, stack(0x00007f1c0c79d000,0x00007f1c0c89e000)]
  0x00007f1c08279000 JavaThread "AWT-XAWT" daemon [_thread_blocked, id=7138, stack(0x00007f1c0cab7000,0x00007f1c0cbb8000)]
  0x0000000041249000 JavaThread "Java2D Disposer" daemon [_thread_blocked, id=7137, stack(0x00007f1c0d1fe000,0x00007f1c0d2ff000)]
  0x00007f1c08076000 JavaThread "Low Memory Detector" daemon [_thread_blocked, id=7133, stack(0x00007f1c0e919000,0x00007f1c0ea1a000)]
  0x00007f1c08073800 JavaThread "C2 CompilerThread1" daemon [_thread_in_native, id=7132, stack(0x00007f1c0ea1a000,0x00007f1c0eb1b000)]
  0x00007f1c08070800 JavaThread "C2 CompilerThread0" daemon [_thread_in_vm, id=7131, stack(0x00007f1c0eb1b000,0x00007f1c0ec1c000)]
  0x00007f1c0806e800 JavaThread "Signal Dispatcher" daemon [_thread_blocked, id=7130, stack(0x00007f1c0ec1c000,0x00007f1c0ed1d000)]
  0x00007f1c08052800 JavaThread "Finalizer" daemon [_thread_blocked, id=7129, stack(0x00007f1c0efc2000,0x00007f1c0f0c3000)]
  0x00007f1c08050800 JavaThread "Reference Handler" daemon [_thread_blocked, id=7128, stack(0x00007f1c0f0c3000,0x00007f1c0f1c4000)]

Other Threads:
  0x00007f1c08049800 VMThread [stack: 0x00007f1c0f1c4000,0x00007f1c0f2c5000] [id=7127]
  0x00007f1c08079000 WatcherThread [stack: 0x00007f1c0e818000,0x00007f1c0e919000] [id=7134]

VM state:not at safepoint (normal execution)

VM Mutex/Monitor currently owned by a thread: None

Heap
 PSYoungGen      total 18496K, used 3519K [0x00000000eb560000, 0x00000000ed980000, 0x0000000100000000)
  eden space 15872K, 5% used [0x00000000eb560000,0x00000000eb641560,0x00000000ec4e0000)
  from space 2624K, 99% used [0x00000000ec4e0000,0x00000000ec76e9f0,0x00000000ec770000)
  to   space 2624K, 0% used [0x00000000ed6f0000,0x00000000ed6f0000,0x00000000ed980000)
 PSOldGen        total 42304K, used 7345K [0x00000000c2000000, 0x00000000c4950000, 0x00000000eb560000)
  object space 42304K, 17% used [0x00000000c2000000,0x00000000c272c610,0x00000000c4950000)
 PSPermGen       total 21248K, used 19904K [0x00000000bce00000, 0x00000000be2c0000, 0x00000000c2000000)
  object space 21248K, 93% used [0x00000000bce00000,0x00000000be170108,0x00000000be2c0000)

Code Cache  [0x00007f1c10150000, 0x00007f1c103c0000, 0x00007f1c13150000)
 total_blobs=1029 nmethods=226 adapters=757 free_code_cache=49020352 largest_free_block=21120

Dynamic libraries:
40000000-40009000 r-xp 00000000 08:22 1185676                            /usr/lib/jvm/java-6-sun-1.6.0.26/jre/bin/java
40108000-4010a000 rwxp 00008000 08:22 1185676                            /usr/lib/jvm/java-6-sun-1.6.0.26/jre/bin/java
40809000-40880000 rwxp 00000000 00:00 0 
4100e000-41e46000 rwxp 00000000 00:00 0                                  [heap]
41e53000-41e55000 r-xs 00000000 08:22 1986603                            /tmp/glJRt86O (deleted)
bce00000-be2c0000 rwxp 00000000 00:00 0 
be2c0000-c2000000 rwxp 00000000 00:00 0 
c2000000-c4950000 rwxp 00000000 00:00 0 
c4950000-eb560000 rwxp 00000000 00:00 0 
eb560000-ed980000 rwxp 00000000 00:00 0 
ed980000-100000000 rwxp 00000000 00:00 0 
7f1c040ce000-7f1c041ce000 rwxp 00000000 00:00 0 
7f1c041ce000-7f1c041d1000 ---p 00000000 00:00 0 
7f1c041d1000-7f1c042cf000 rwxp 00000000 00:00 0 
7f1c042cf000-7f1c042d1000 rwxs 00000000 08:22 1986603                    /tmp/glJRt86O (deleted)
7f1c042d1000-7f1c042db000 r-xs 00000000 08:22 1708639                    /usr/share/fonts/type1/mathml/Symbol.pfb
7f1c042db000-7f1c042f3000 r-xs 00000000 08:22 1581250                    /usr/share/fonts/type1/gsfonts/n022003l.pfb
7f1c042f3000-7f1c04308000 r-xs 00000000 08:22 1581193                    /usr/share/fonts/type1/gsfonts/b018032l.pfb
7f1c04308000-7f1c04321000 r-xs 00000000 08:22 1581253                    /usr/share/fonts/type1/gsfonts/n022004l.pfb
7f1c04321000-7f1c0433b000 r-xs 00000000 08:22 1581199                    /usr/share/fonts/type1/gsfonts/c059013l.pfb
7f1c0433b000-7f1c04353000 r-xs 00000000 08:22 1581208                    /usr/share/fonts/type1/gsfonts/c059036l.pfb
7f1c04353000-7f1c04366000 r-xs 00000000 08:22 1581235                    /usr/share/fonts/type1/gsfonts/n019064l.pfb
7f1c04366000-7f1c04370000 r-xs 00000000 08:22 1708248                    /usr/share/fonts/X11/Type1/c0419bt_.pfb
7f1c04370000-7f1c0438b000 r-xs 00000000 08:22 1581265                    /usr/share/fonts/type1/gsfonts/p052004l.pfb
7f1c0438b000-7f1c0439c000 r-xs 00000000 08:22 1581184                    /usr/share/fonts/type1/gsfonts/a010035l.pfb
7f1c0439c000-7f1c043b0000 r-xs 00000000 08:22 1581214                    /usr/share/fonts/type1/gsfonts/n019003l.pfb
7f1c043b0000-7f1c043c6000 r-xs 00000000 08:22 1581247                    /usr/share/fonts/type1/gsfonts/n021024l.pfb
7f1c043c6000-7f1c043dd000 r-xs 00000000 08:22 1581244                    /usr/share/fonts/type1/gsfonts/n021023l.pfb
7f1c043dd000-7f1c043f3000 r-xs 00000000 08:22 1581259                    /usr/share/fonts/type1/gsfonts/n022024l.pfb
7f1c043f3000-7f1c043fc000 r-xs 00000000 08:22 1581274                    /usr/share/fonts/type1/gsfonts/s050000l.pfb
7f1c043fc000-7f1c04405000 r-xs 00000000 08:22 1708253                    /usr/share/fonts/X11/Type1/c0632bt_.pfb
7f1c04405000-7f1c04417000 r-xs 00000000 08:22 1581217                    /usr/share/fonts/type1/gsfonts/n019004l.pfb
7f1c04417000-7f1c0442e000 r-xs 00000000 08:22 1581277                    /usr/share/fonts/type1/gsfonts/z003034l.pfb
7f1c0442e000-7f1c0443f000 r-xs 00000000 08:22 1581223                    /usr/share/fonts/type1/gsfonts/n019024l.pfb
7f1c0443f000-7f1c04448000 r-xs 00000000 08:22 1708247                    /usr/share/fonts/X11/Type1/c0649bt_.pfb
7f1c04448000-7f1c04459000 r-xs 00000000 08:22 1581232                    /usr/share/fonts/type1/gsfonts/n019063l.pfb
7f1c04459000-7f1c04469000 r-xs 00000000 08:22 1581175                    /usr/share/fonts/type1/gsfonts/a010013l.pfb
7f1c04469000-7f1c04479000 r-xs 00000000 08:22 1581178                    /usr/share/fonts/type1/gsfonts/a010015l.pfb
7f1c04479000-7f1c04495000 r-xs 00000000 08:22 1581271                    /usr/share/fonts/type1/gsfonts/p052024l.pfb
7f1c04495000-7f1c044ad000 r-xs 00000000 08:22 1581205                    /usr/share/fonts/type1/gsfonts/c059033l.pfb
7f1c044ad000-7f1c044c6000 r-xs 00000000 08:22 1581241                    /usr/share/fonts/type1/gsfonts/n021004l.pfb
7f1c044c6000-7f1c044d2000 r-xs 00000000 08:22 1581211                    /usr/share/fonts/type1/gsfonts/d050000l.pfb
7f1c044d2000-7f1c044db000 r-xs 00000000 08:22 1708261                    /usr/share/fonts/X11/Type1/c0633bt_.pfb
7f1c044db000-7f1c044ec000 r-xs 00000000 08:22 1581220                    /usr/share/fonts/type1/gsfonts/n019023l.pfb
7f1c044ec000-7f1c044f5000 r-xs 00000000 08:22 1708255                    /usr/share/fonts/X11/Type1/c0648bt_.pfb
7f1c044f5000-7f1c04510000 r-xs 00000000 08:22 1581202                    /usr/share/fonts/type1/gsfonts/c059016l.pfb
7f1c04510000-7f1c04520000 r-xs 00000000 08:22 1581181                    /usr/share/fonts/type1/gsfonts/a010033l.pfb
7f1c04520000-7f1c04539000 r-xs 00000000 08:22 1581187                    /usr/share/fonts/type1/gsfonts/b018012l.pfb
7f1c04539000-7f1c0454c000 r-xs 00000000 08:22 1581190                    /usr/share/fonts/type1/gsfonts/b018015l.pfb
7f1c0454c000-7f1c04562000 r-xs 00000000 08:22 1581256                    /usr/share/fonts/type1/gsfonts/n022023l.pfb
7f1c04562000-7f1c0457d000 r-xs 00000000 08:22 1581268                    /usr/share/fonts/type1/gsfonts/p052023l.pfb
7f1c0457d000-7f1c04598000 r-xs 00000000 08:22 1581262                    /usr/share/fonts/type1/gsfonts/p052003l.pfb
7f1c04598000-7f1c045b1000 r-xs 00000000 08:22 1581238                    /usr/share/fonts/type1/gsfonts/n021003l.pfb
7f1c045b1000-7f1c045c3000 r-xs 00000000 08:22 1581196                    /usr/share/fonts/type1/gsfonts/b018035l.pfb
7f1c045c3000-7f1c045d5000 r-xs 00000000 08:22 1581229                    /usr/share/fonts/type1/gsfonts/n019044l.pfb
7f1c045d5000-7f1c045e7000 r-xs 00000000 08:22 1581226                    /usr/share/fonts/type1/gsfonts/n019043l.pfb
7f1c045e7000-7f1c045f1000 r-xs 00000000 08:22 1708252                    /usr/share/fonts/X11/Type1/c0611bt_.pfb
7f1c045f1000-7f1c045fb000 r-xs 00000000 08:22 1708260                    /usr/share/fonts/X11/Type1/c0582bt_.pfb
7f1c045fb000-7f1c04605000 r-xs 00000000 08:22 1708259                    /usr/share/fonts/X11/Type1/c0583bt_.pfb
7f1c04605000-7f1c04620000 r-xs 00000000 08:22 272619                     /usr/share/texmf/fonts/type1/public/lm/lmtlc10.pfb
7f1c04620000-7f1c0463b000 r-xs 00000000 08:22 272614                     /usr/share/texmf/fonts/type1/public/lm/lmtcsc10.pfb
7f1c0463b000-7f1c0465f000 r-xs 00000000 08:22 272560                     /usr/share/texmf/fonts/type1/public/lm/lmduno10.pfb
7f1c0465f000-7f1c0467e000 r-xs 00000000 08:22 272576                     /usr/share/texmf/fonts/type1/public/lm/lmr6.pfb
7f1c0467e000-7f1c0469c000 r-xs 00000000 08:22 272574                     /usr/share/texmf/fonts/type1/public/lm/lmr17.pfb
7f1c0469c000-7f1c046ba000 r-xs 00000000 08:22 272572                     /usr/share/texmf/fonts/type1/public/lm/lmr10.pfb
7f1c046ba000-7f1c046c2000 r-xs 00000000 08:22 272562                     /usr/share/texmf/fonts/type1/public/lm/lmmi10.pfb
7f1c046c2000-7f1c046c9000 r-xs 00000000 08:22 272610                     /usr/share/texmf/fonts/type1/public/lm/lmsy6.pfb
7f1c046c9000-7f1c046e6000 r-xs 00000000 08:22 272616                     /usr/share/texmf/fonts/type1/public/lm/lmtk10.pfb
7f1c046e6000-7f1c04704000 r-xs 00000000 08:22 272577                     /usr/share/texmf/fonts/type1/public/lm/lmr7.pfb
7f1c04704000-7f1c04721000 r-xs 00000000 08:22 272624                     /usr/share/texmf/fonts/type1/public/lm/lmtt8.pfb
7f1c04721000-7f1c0473c000 r-xs 00000000 08:22 272625                     /usr/share/texmf/fonts/type1/public/lm/lmtt9.pfb
7f1c0473c000-7f1c04758000 r-xs 00000000 08:22 272580                     /usr/share/texmf/fonts/type1/public/lm/lmri10.pfb
7f1c04758000-7f1c0477a000 r-xs 00000000 08:22 272595                     /usr/share/texmf/fonts/type1/public/lm/lmssbo10.pfb
7f1c0477a000-7f1c04781000 r-xs 00000000 08:22 272545                     /usr/share/texmf/fonts/type1/public/lm/lmbsy10.pfb
7f1c04781000-7f1c0479e000 r-xs 00000000 08:22 272606                     /usr/share/texmf/fonts/type1/public/lm/lmssqbx8.pfb
7f1c0479e000-7f1c047a6000 r-xs 00000000 08:22 272567                     /usr/share/texmf/fonts/type1/public/lm/lmmi8.pfb
7f1c047a6000-7f1c047ae000 r-xs 00000000 08:22 272547                     /usr/share/texmf/fonts/type1/public/lm/lmbsy7.pfb
7f1c047ae000-7f1c047b6000 r-xs 00000000 08:22 272566                     /usr/share/texmf/fonts/type1/public/lm/lmmi7.pfb
7f1c047b6000-7f1c047d1000 r-xs 00000000 08:22 272603                     /usr/share/texmf/fonts/type1/public/lm/lmsso9.pfb
7f1c047d1000-7f1c047ed000 r-xs 00000000 08:22 272622                     /usr/share/texmf/fonts/type1/public/lm/lmtt10.pfb
7f1c047ed000-7f1c0480e000 r-xs 00000000 08:22 272558                     /usr/share/texmf/fonts/type1/public/lm/lmcsco10.pfb
7f1c0480e000-7f1c04826000 r-xs 00000000 08:22 272593                     /usr/share/texmf/fonts/type1/public/lm/lmss8.pfb
7f1c04826000-7f1c0482c000 r-xs 00000000 08:22 272561                     /usr/share/texmf/fonts/type1/public/lm/lmex10.pfb
7f1c0482c000-7f1c0484e000 r-xs 00000000 08:22 272589                     /usr/share/texmf/fonts/type1/public/lm/lmro9.pfb
7f1c0484e000-7f1c04870000 r-xs 00000000 08:22 272544                     /usr/share/texmf/fonts/type1/public/lm/lmbo10.pfb
7f1c04870000-7f1c0488f000 r-xs 00000000 08:22 272559                     /usr/share/texmf/fonts/type1/public/lm/lmdunh10.pfb
7f1c0488f000-7f1c048ad000 r-xs 00000000 08:22 272631                     /usr/share/texmf/fonts/type1/public/lm/lmvtl10.pfb
7f1c048ad000-7f1c048cc000 r-xs 00000000 08:22 272543                     /usr/share/texmf/fonts/type1/public/lm/lmb10.pfb
7f1c048cc000-7f1c048d4000 r-xs 00000000 08:22 272563                     /usr/share/texmf/fonts/type1/public/lm/lmmi12.pfb
7f1c048d4000-7f1c048db000 r-xs 00000000 08:22 272609                     /usr/share/texmf/fonts/type1/public/lm/lmsy5.pfb
7f1c048db000-7f1c048fa000 r-xs 00000000 08:22 272551                     /usr/share/texmf/fonts/type1/public/lm/lmbx6.pfb
7f1c048fa000-7f1c04915000 r-xs 00000000 08:22 272602                     /usr/share/texmf/fonts/type1/public/lm/lmsso8.pfb
7f1c04915000-7f1c0491d000 r-xs 00000000 08:22 272565                     /usr/share/texmf/fonts/type1/public/lm/lmmi6.pfb
7f1c0491d000-7f1c0493e000 r-xs 00000000 08:22 272634                     /usr/share/texmf/fonts/type1/public/lm/lmvtto10.pfb
7f1c0493e000-7f1c0495a000 r-xs 00000000 08:22 272555                     /usr/share/texmf/fonts/type1/public/lm/lmbxi10.pfb
7f1c0495a000-7f1c04977000 r-xs 00000000 08:22 272604                     /usr/share/texmf/fonts/type1/public/lm/lmssq8.pfb
7f1c04977000-7f1c04997000 r-xs 00000000 08:22 272615                     /usr/share/texmf/fonts/type1/public/lm/lmtcso10.pfb
7f1c04997000-7f1c049b8000 r-xs 00000000 08:22 272588                     /usr/share/texmf/fonts/type1/public/lm/lmro8.pfb
7f1c049b8000-7f1c049d7000 r-xs 00000000 08:22 272605                     /usr/share/texmf/fonts/type1/public/lm/lmssqbo8.pfb
7f1c049d7000-7f1c049f7000 r-xs 00000000 08:22 272607                     /usr/share/texmf/fonts/type1/public/lm/lmssqo8.pfb
7f1c049f7000-7f1c04a0f000 r-xs 00000000 08:22 272591                     /usr/share/texmf/fonts/type1/public/lm/lmss12.pfb
7f1c04a0f000-7f1c04a2c000 r-xs 00000000 08:22 272633                     /usr/share/texmf/fonts/type1/public/lm/lmvtt10.pfb
7f1c04a2c000-7f1c04a48000 r-xs 00000000 08:22 272582                     /usr/share/texmf/fonts/type1/public/lm/lmri7.pfb
7f1c04a48000-7f1c04a67000 r-xs 00000000 08:22 272586                     /usr/share/texmf/fonts/type1/public/lm/lmro12.pfb
7f1c04a67000-7f1c04a6f000 r-xs 00000000 08:22 272571                     /usr/share/texmf/fonts/type1/public/lm/lmmib7.pfb
7f1c04a6f000-7f1c04a8d000 r-xs 00000000 08:22 272575                     /usr/share/texmf/fonts/type1/public/lm/lmr5.pfb
7f1c04a8d000-7f1c04aaa000 r-xs 00000000 08:22 272550                     /usr/share/texmf/fonts/type1/public/lm/lmbx5.pfb
7f1c04aaa000-7f1c04acd000 r-xs 00000000 08:22 272617                     /usr/share/texmf/fonts/type1/public/lm/lmtko10.pfb
7f1c04acd000-7f1c04aeb000 r-xs 00000000 08:22 272578                     /usr/share/texmf/fonts/type1/public/lm/lmr8.pfb
7f1c04aeb000-7f1c04b06000 r-xs 00000000 08:22 272581                     /usr/share/texmf/fonts/type1/public/lm/lmri12.pfb
7f1c04b06000-7f1c04b24000 r-xs 00000000 08:22 272552                     /usr/share/texmf/fonts/type1/public/lm/lmbx7.pfb
7f1c04b24000-7f1c04b43000 r-xs 00000000 08:22 272554                     /usr/share/texmf/fonts/type1/public/lm/lmbx9.pfb
7f1c04b43000-7f1c04b65000 r-xs 00000000 08:22 272598                     /usr/share/texmf/fonts/type1/public/lm/lmssdo10.pfb
7f1c04b65000-7f1c04b82000 r-xs 00000000 08:22 272597                     /usr/share/texmf/fonts/type1/public/lm/lmssdc10.pfb
7f1c04b82000-7f1c04b89000 r-xs 00000000 08:22 272608                     /usr/share/texmf/fonts/type1/public/lm/lmsy10.pfb
7f1c04b89000-7f1c04ba2000 r-xs 00000000 08:22 272626                     /usr/share/texmf/fonts/type1/public/lm/lmtti10.pfb
7f1c04ba2000-7f1c04bbf000 r-xs 00000000 08:22 272557                     /usr/share/texmf/fonts/type1/public/lm/lmcsc10.pfb
7f1c04bbf000-7f1c04bc7000 r-xs 00000000 08:22 272570                     /usr/share/texmf/fonts/type1/public/lm/lmmib5.pfb
7f1c04bc7000-7f1c04be2000 r-xs 00000000 08:22 272600                     /usr/share/texmf/fonts/type1/public/lm/lmsso12.pfb
7f1c04be2000-7f1c04c00000 r-xs 00000000 08:22 272579                     /usr/share/texmf/fonts/type1/public/lm/lmr9.pfb
7f1c04c00000-7f1c04c07000 r-xs 00000000 08:22 272613                     /usr/share/texmf/fonts/type1/public/lm/lmsy9.pfb
7f1c04c07000-7f1c04c25000 r-xs 00000000 08:22 272548                     /usr/share/texmf/fonts/type1/public/lm/lmbx10.pfb
7f1c04c25000-7f1c04c2d000 r-xs 00000000 08:22 272568                     /usr/share/texmf/fonts/type1/public/lm/lmmi9.pfb
7f1c04c2d000-7f1c04c34000 r-xs 00000000 08:22 272611                     /usr/share/texmf/fonts/type1/public/lm/lmsy7.pfb
7f1c04c34000-7f1c04c4c000 r-xs 00000000 08:22 272594                     /usr/share/texmf/fonts/type1/public/lm/lmss9.pfb
7f1c04c4c000-7f1c04c6d000 r-xs 00000000 08:22 272585                     /usr/share/texmf/fonts/type1/public/lm/lmro10.pfb
7f1c04c6d000-7f1c04c8c000 r-xs 00000000 08:22 272553                     /usr/share/texmf/fonts/type1/public/lm/lmbx8.pfb
7f1c04c8c000-7f1c04c93000 r-xs 00000000 08:22 272612                     /usr/share/texmf/fonts/type1/public/lm/lmsy8.pfb
7f1c04c93000-7f1c04caf000 r-xs 00000000 08:22 272573                     /usr/share/texmf/fonts/type1/public/lm/lmr12.pfb
7f1c04caf000-7f1c04ccd000 r-xs 00000000 08:22 272596                     /usr/share/texmf/fonts/type1/public/lm/lmssbx10.pfb
7f1c04ccd000-7f1c04ce5000 r-xs 00000000 08:22 272590                     /usr/share/texmf/fonts/type1/public/lm/lmss10.pfb
7f1c04ce5000-7f1c04d04000 r-xs 00000000 08:22 272629                     /usr/share/texmf/fonts/type1/public/lm/lmvtk10.pfb
7f1c04d04000-7f1c04d1f000 r-xs 00000000 08:22 272623                     /usr/share/texmf/fonts/type1/public/lm/lmtt12.pfb
7f1c04d1f000-7f1c04d41000 r-xs 00000000 08:22 272556                     /usr/share/texmf/fonts/type1/public/lm/lmbxo10.pfb
7f1c04d41000-7f1c04d5e000 r-xs 00000000 08:22 272549                     /usr/share/texmf/fonts/type1/public/lm/lmbx12.pfb
7f1c04d5e000-7f1c04d76000 r-xs 00000000 08:22 272592                     /usr/share/texmf/fonts/type1/public/lm/lmss17.pfb
7f1c04d76000-7f1c04d91000 r-xs 00000000 08:22 272601                     /usr/share/texmf/fonts/type1/public/lm/lmsso17.pfb
7f1c04d91000-7f1c04db6000 r-xs 00000000 08:22 272630                     /usr/share/texmf/fonts/type1/public/lm/lmvtko10.pfb
7f1c04db6000-7f1c04dd5000 r-xs 00000000 08:22 272627                     /usr/share/texmf/fonts/type1/public/lm/lmtto10.pfb
7f1c04dd5000-7f1c04ddd000 r-xs 00000000 08:22 272569                     /usr/share/texmf/fonts/type1/public/lm/lmmib10.pfb
7f1c04ddd000-7f1c04df7000 r-xs 00000000 08:22 272618                     /usr/share/texmf/fonts/type1/public/lm/lmtl10.pfb
7f1c04df7000-7f1c04e19000 r-xs 00000000 08:22 272632                     /usr/share/texmf/fonts/type1/public/lm/lmvtlo10.pfb
7f1c04e19000-7f1c04e20000 r-xp 00000000 08:22 1189392                    /usr/lib/jvm/java-6-sun-1.6.0.26/jre/lib/amd64/libnio.so
7f1c04e20000-7f1c04f1f000 ---p 00007000 08:22 1189392                    /usr/lib/jvm/java-6-sun-1.6.0.26/jre/lib/amd64/libnio.so
7f1c04f1f000-7f1c04f21000 rwxp 00006000 08:22 1189392                    /usr/lib/jvm/java-6-sun-1.6.0.26/jre/lib/amd64/libnio.so
7f1c04f21000-7f1c04f34000 r-xp 00000000 08:22 1189407                    /usr/lib/jvm/java-6-sun-1.6.0.26/jre/lib/amd64/libnet.so
7f1c04f34000-7f1c05035000 ---p 00013000 08:22 1189407                    /usr/lib/jvm/java-6-sun-1.6.0.26/jre/lib/amd64/libnet.so
7f1c05035000-7f1c05038000 rwxp 00014000 08:22 1189407                    /usr/lib/jvm/java-6-sun-1.6.0.26/jre/lib/amd64/libnet.so
7f1c05038000-7f1c05138000 rwxs 56148000 00:05 8038                       /dev/nvidia1
7f1c05138000-7f1c05139000 rwxs b2c04000 00:05 8038                       /dev/nvidia1
7f1c05139000-7f1c05239000 rwxs 1e615000 00:05 8038                       /dev/nvidia1
7f1c05239000-7f1c05449000 rwxp 00000000 00:00 0 
7f1c05449000-7f1c05cb9000 rwxs c0000000 00:05 8038                       /dev/nvidia1
7f1c05cb9000-7f1c05cbb000 r-xp 00000000 08:24 680267                     /home/bguaman/workspace/mt4j-desktop/libjogl_awt.so
7f1c05cbb000-7f1c05dba000 ---p 00002000 08:24 680267                     /home/bguaman/workspace/mt4j-desktop/libjogl_awt.so
7f1c05dba000-7f1c05dbb000 rwxp 00001000 08:24 680267                     /home/bguaman/workspace/mt4j-desktop/libjogl_awt.so
7f1c05dbb000-7f1c05dc0000 r-xp 00000000 08:22 1182806                    /usr/lib/x86_64-linux-gnu/libXxf86vm.so.1.0.0
7f1c05dc0000-7f1c05fbf000 ---p 00005000 08:22 1182806                    /usr/lib/x86_64-linux-gnu/libXxf86vm.so.1.0.0
7f1c05fbf000-7f1c05fc0000 r-xp 00004000 08:22 1182806                    /usr/lib/x86_64-linux-gnu/libXxf86vm.so.1.0.0
7f1c05fc0000-7f1c05fc1000 rwxp 00005000 08:22 1182806                    /usr/lib/x86_64-linux-gnu/libXxf86vm.so.1.0.0
7f1c05fc1000-7f1c060b0000 r-xp 00000000 08:24 680264                     /home/bguaman/workspace/mt4j-desktop/libjogl.so
7f1c060b0000-7f1c061b0000 ---p 000ef000 08:24 680264                     /home/bguaman/workspace/mt4j-desktop/libjogl.so
7f1c061b0000-7f1c061b1000 rwxp 000ef000 08:24 680264                     /home/bguaman/workspace/mt4j-desktop/libjogl.so
7f1c061b1000-7f1c075ff000 r-xp 00000000 08:22 1184078                    /usr/lib/nvidia-current/libnvidia-glcore.so.270.41.06
7f1c075ff000-7f1c077ff000 ---p 0144e000 08:22 1184078                    /usr/lib/nvidia-current/libnvidia-glcore.so.270.41.06
7f1c077ff000-7f1c07de7000 rwxp 0144e000 08:22 1184078                    /usr/lib/nvidia-current/libnvidia-glcore.so.270.41.06
7f1c07de7000-7f1c07dfe000 rwxp 00000000 00:00 0 
7f1c07dfe000-7f1c07dff000 r-xp 00000000 08:22 1180743                    /usr/lib/nvidia-current/tls/libnvidia-tls.so.270.41.06
7f1c07dff000-7f1c07fff000 ---p 00001000 08:22 1180743                    /usr/lib/nvidia-current/tls/libnvidia-tls.so.270.41.06
7f1c07fff000-7f1c08000000 rwxp 00001000 08:22 1180743                    /usr/lib/nvidia-current/tls/libnvidia-tls.so.270.41.06
7f1c08000000-7f1c09d1f000 rwxp 00000000 00:00 0 
7f1c09d1f000-7f1c0c000000 ---p 00000000 00:00 0 
7f1c0c014000-7f1c0c02f000 r-xs 00000000 08:22 272599                     /usr/share/texmf/fonts/type1/public/lm/lmsso10.pfb
7f1c0c02f000-7f1c0c04b000 r-xs 00000000 08:22 272628                     /usr/share/texmf/fonts/type1/public/lm/lmu10.pfb
7f1c0c04b000-7f1c0c053000 r-xs 00000000 08:22 272546                     /usr/share/texmf/fonts/type1/public/lm/lmbsy5.pfb
7f1c0c053000-7f1c0c06e000 r-xs 00000000 08:22 272584                     /usr/share/texmf/fonts/type1/public/lm/lmri9.pfb
7f1c0c06e000-7f1c0c08d000 r-xs 00000000 08:22 272621                     /usr/share/texmf/fonts/type1/public/lm/lmtlo10.pfb
7f1c0c08d000-7f1c0c08e000 r-xp 00000000 08:22 1189436                    /usr/lib/jvm/java-6-sun-1.6.0.26/jre/lib/amd64/libjawt.so
7f1c0c08e000-7f1c0c18d000 ---p 00001000 08:22 1189436                    /usr/lib/jvm/java-6-sun-1.6.0.26/jre/lib/amd64/libjawt.so
7f1c0c18d000-7f1c0c18e000 rwxp 00000000 08:22 1189436                    /usr/lib/jvm/java-6-sun-1.6.0.26/jre/lib/amd64/libjawt.so
7f1c0c18e000-7f1c0c24b000 r-xp 00000000 08:22 1183145                    /usr/lib/nvidia-current/libGL.so.270.41.06
7f1c0c24b000-7f1c0c44b000 ---p 000bd000 08:22 1183145                    /usr/lib/nvidia-current/libGL.so.270.41.06
7f1c0c44b000-7f1c0c484000 rwxp 000bd000 08:22 1183145                    /usr/lib/nvidia-current/libGL.so.270.41.06
7f1c0c484000-7f1c0c49a000 rwxp 00000000 00:00 0 
7f1c0c49a000-7f1c0c49b000 r-xp 00000000 08:24 659506                     /home/bguaman/workspace/mt4j-desktop/libgluegen-rt.so
7f1c0c49b000-7f1c0c59a000 ---p 00001000 08:24 659506                     /home/bguaman/workspace/mt4j-desktop/libgluegen-rt.so
7f1c0c59a000-7f1c0c59b000 rwxp 00000000 08:24 659506                     /home/bguaman/workspace/mt4j-desktop/libgluegen-rt.so
7f1c0c59b000-7f1c0c59e000 ---p 00000000 00:00 0 
7f1c0c59e000-7f1c0c69c000 rwxp 00000000 00:00 0 
7f1c0c69c000-7f1c0c69f000 ---p 00000000 00:00 0 
7f1c0c69f000-7f1c0c79d000 rwxp 00000000 00:00 0 
7f1c0c79d000-7f1c0c7a0000 ---p 00000000 00:00 0 
7f1c0c7a0000-7f1c0c89e000 rwxp 00000000 00:00 0 
7f1c0c89e000-7f1c0c89f000 r-xs 00000000 08:22 2621607                    /var/cache/fontconfig/c05880de57d1f5e948fdfacc138775d9-le64.cache-3
7f1c0c89f000-7f1c0c8a8000 r-xs 00000000 08:22 2621606                    /var/cache/fontconfig/945677eb7aeaf62f1d50efc3fb3ec7d8-le64.cache-3
7f1c0c8a8000-7f1c0c8aa000 r-xs 00000000 08:22 2621574                    /var/cache/fontconfig/99e8ed0e538f840c565b6ed5dad60d56-le64.cache-3
7f1c0c8aa000-7f1c0c8ad000 r-xs 00000000 08:22 2621604                    /var/cache/fontconfig/e383d7ea5fbe662a33d9b44caf393297-le64.cache-3
7f1c0c8ad000-7f1c0c8af000 r-xs 00000000 08:22 2621603                    /var/cache/fontconfig/2cd17615ca594fa2959ae173292e504c-le64.cache-3
7f1c0c8af000-7f1c0c8bf000 r-xs 00000000 08:22 2621593                    /var/cache/fontconfig/0f34bcd4b6ee430af32735b75db7f02b-le64.cache-3
7f1c0c8bf000-7f1c0c8ed000 r-xs 00000000 08:22 2621591                    /var/cache/fontconfig/365b55f210c0a22e9a19e35191240f32-le64.cache-3
7f1c0c8f5000-7f1c0c910000 r-xs 00000000 08:22 272583                     /usr/share/texmf/fonts/type1/public/lm/lmri8.pfb
7f1c0c910000-7f1c0c931000 r-xs 00000000 08:22 272587                     /usr/share/texmf/fonts/type1/public/lm/lmro17.pfb
7f1c0c931000-7f1c0c939000 r-xs 00000000 08:22 272564                     /usr/share/texmf/fonts/type1/public/lm/lmmi5.pfb
7f1c0c939000-7f1c0c95b000 r-xs 00000000 08:22 272620                     /usr/share/texmf/fonts/type1/public/lm/lmtlco10.pfb
7f1c0c95b000-7f1c0c99b000 rwxs cff3d000 00:05 8038                       /dev/nvidia1
7f1c0c99b000-7f1c0c9b6000 rwxs 13f8c0000 00:05 8038                      /dev/nvidia1
7f1c0c9b6000-7f1c0c9b9000 ---p 00000000 00:00 0 
7f1c0c9b9000-7f1c0cab7000 rwxp 00000000 00:00 0 
7f1c0cab7000-7f1c0caba000 ---p 00000000 00:00 0 
7f1c0caba000-7f1c0cbb8000 rwxp 00000000 00:00 0 
7f1c0cbb8000-7f1c0cbbd000 r-xp 00000000 08:22 1180715                    /usr/lib/x86_64-linux-gnu/libXfixes.so.3.1.0
7f1c0cbbd000-7f1c0cdbc000 ---p 00005000 08:22 1180715                    /usr/lib/x86_64-linux-gnu/libXfixes.so.3.1.0
7f1c0cdbc000-7f1c0cdbd000 r-xp 00004000 08:22 1180715                    /usr/lib/x86_64-linux-gnu/libXfixes.so.3.1.0
7f1c0cdbd000-7f1c0cdbe000 rwxp 00005000 08:22 1180715                    /usr/lib/x86_64-linux-gnu/libXfixes.so.3.1.0
7f1c0cdbe000-7f1c0cdc7000 r-xp 00000000 08:22 1180172                    /usr/lib/x86_64-linux-gnu/libXrender.so.1.3.0
7f1c0cdc7000-7f1c0cfc7000 ---p 00009000 08:22 1180172                    /usr/lib/x86_64-linux-gnu/libXrender.so.1.3.0
7f1c0cfc7000-7f1c0cfc8000 r-xp 00009000 08:22 1180172                    /usr/lib/x86_64-linux-gnu/libXrender.so.1.3.0
7f1c0cfc8000-7f1c0cfc9000 rwxp 0000a000 08:22 1180172                    /usr/lib/x86_64-linux-gnu/libXrender.so.1.3.0
7f1c0cfc9000-7f1c0cfd2000 r-xp 00000000 08:22 1188068                    /usr/lib/x86_64-linux-gnu/libXcursor.so.1.0.2
7f1c0cfd2000-7f1c0d1d1000 ---p 00009000 08:22 1188068                    /usr/lib/x86_64-linux-gnu/libXcursor.so.1.0.2
7f1c0d1d1000-7f1c0d1d2000 r-xp 00008000 08:22 1188068                    /usr/lib/x86_64-linux-gnu/libXcursor.so.1.0.2
7f1c0d1d2000-7f1c0d1d3000 rwxp 00009000 08:22 1188068                    /usr/lib/x86_64-linux-gnu/libXcursor.so.1.0.2
7f1c0d1db000-7f1c0d1df000 rwxs 5616c000 00:05 8038                       /dev/nvidia1
7f1c0d1df000-7f1c0d1e0000 rwxs cff7d000 00:05 8038                       /dev/nvidia1
7f1c0d1e0000-7f1c0d1e1000 rwxs 561ab000 00:05 8038                       /dev/nvidia1
7f1c0d1e1000-7f1c0d1e2000 rwxs 561aa000 00:05 8038                       /dev/nvidia1
7f1c0d1e2000-7f1c0d1e4000 r-xs 00005000 08:24 816243                     /home/bguaman/workspace/MT4jTUIO4jInputSources/tuio4jInput.jar
7f1c0d1e4000-7f1c0d1e6000 r-xs 0000b000 08:24 2107912                    /home/bguaman/workspace/mt4j-desktop/lib/tuio/tuio4j.jar
7f1c0d1e6000-7f1c0d1f2000 r-xs 0010f000 08:24 678557                     /home/bguaman/workspace/mt4j-desktop/lib/jogl/jogl.jar
7f1c0d1f2000-7f1c0d1f3000 r-xs 00005000 08:24 678552                     /home/bguaman/workspace/mt4j-desktop/lib/jogl/opengl.jar
7f1c0d1f3000-7f1c0d1f5000 r-xs 0005b000 08:24 678565                     /home/bguaman/workspace/mt4j-desktop/lib/core.jar
7f1c0d1f5000-7f1c0d1f7000 r-xs 0000a000 08:24 678566                     /home/bguaman/workspace/mt4j-desktop/lib/muito_blobtracking.jar
7f1c0d1f7000-7f1c0d1f9000 r-xs 00004000 08:24 678547                     /home/bguaman/workspace/mt4j-desktop/lib/jogl/gluegen-rt.jar
7f1c0d1f9000-7f1c0d1fe000 r-xs 00010000 08:24 1190174                    /home/bguaman/workspace/mt4j-core/lib/xml-apis-ext.jar
7f1c0d1fe000-7f1c0d201000 ---p 00000000 00:00 0 
7f1c0d201000-7f1c0d2ff000 rwxp 00000000 00:00 0 
7f1c0d2ff000-7f1c0d378000 r-xp 00000000 08:22 1189423                    /usr/lib/jvm/java-6-sun-1.6.0.26/jre/lib/amd64/libfontmanager.so
7f1c0d378000-7f1c0d477000 ---p 00079000 08:22 1189423                    /usr/lib/jvm/java-6-sun-1.6.0.26/jre/lib/amd64/libfontmanager.so
7f1c0d477000-7f1c0d48c000 rwxp 00078000 08:22 1189423                    /usr/lib/jvm/java-6-sun-1.6.0.26/jre/lib/amd64/libfontmanager.so
7f1c0d48c000-7f1c0d49d000 rwxp 00000000 00:00 0 
7f1c0d49d000-7f1c0d4a2000 r-xp 00000000 08:22 1187279                    /usr/lib/x86_64-linux-gnu/libXdmcp.so.6.0.0
7f1c0d4a2000-7f1c0d6a1000 ---p 00005000 08:22 1187279                    /usr/lib/x86_64-linux-gnu/libXdmcp.so.6.0.0
7f1c0d6a1000-7f1c0d6a2000 r-xp 00004000 08:22 1187279                    /usr/lib/x86_64-linux-gnu/libXdmcp.so.6.0.0
7f1c0d6a2000-7f1c0d6a3000 rwxp 00005000 08:22 1187279                    /usr/lib/x86_64-linux-gnu/libXdmcp.so.6.0.0
7f1c0d6a3000-7f1c0d6a5000 r-xp 00000000 08:22 1187247                    /usr/lib/x86_64-linux-gnu/libXau.so.6.0.0
7f1c0d6a5000-7f1c0d8a4000 ---p 00002000 08:22 1187247                    /usr/lib/x86_64-linux-gnu/libXau.so.6.0.0
7f1c0d8a4000-7f1c0d8a5000 r-xp 00001000 08:22 1187247                    /usr/lib/x86_64-linux-gnu/libXau.so.6.0.0
7f1c0d8a5000-7f1c0d8a6000 rwxp 00002000 08:22 1187247                    /usr/lib/x86_64-linux-gnu/libXau.so.6.0.0
7f1c0d8a6000-7f1c0d8c1000 r-xp 00000000 08:22 1187284                    /usr/lib/x86_64-linux-gnu/libxcb.so.1.1.0
7f1c0d8c1000-7f1c0dac0000 ---p 0001b000 08:22 1187284                    /usr/lib/x86_64-linux-gnu/libxcb.so.1.1.0
7f1c0dac0000-7f1c0dac1000 r-xp 0001a000 08:22 1187284                    /usr/lib/x86_64-linux-gnu/libxcb.so.1.1.0
7f1c0dac1000-7f1c0dac2000 rwxp 0001b000 08:22 1187284                    /usr/lib/x86_64-linux-gnu/libxcb.so.1.1.0
7f1c0dac2000-7f1c0dad1000 r-xp 00000000 08:22 1188155                    /usr/lib/x86_64-linux-gnu/libXi.so.6.1.0
7f1c0dad1000-7f1c0dcd0000 ---p 0000f000 08:22 1188155                    /usr/lib/x86_64-linux-gnu/libXi.so.6.1.0
7f1c0dcd0000-7f1c0dcd1000 r-xp 0000e000 08:22 1188155                    /usr/lib/x86_64-linux-gnu/libXi.so.6.1.0
7f1c0dcd1000-7f1c0dcd2000 rwxp 0000f000 08:22 1188155                    /usr/lib/x86_64-linux-gnu/libXi.so.6.1.0
7f1c0dcd2000-7f1c0dcd7000 r-xp 00000000 08:22 1182462                    /usr/lib/libXtst.so.6.1.0
7f1c0dcd7000-7f1c0ded6000 ---p 00005000 08:22 1182462                    /usr/lib/libXtst.so.6.1.0
7f1c0ded6000-7f1c0ded7000 r-xp 00004000 08:22 1182462                    /usr/lib/libXtst.so.6.1.0
7f1c0ded7000-7f1c0ded8000 rwxp 00005000 08:22 1182462                    /usr/lib/libXtst.so.6.1.0
7f1c0ded8000-7f1c0e00d000 r-xp 00000000 08:22 1188489                    /usr/lib/x86_64-linux-gnu/libX11.so.6.3.0
7f1c0e00d000-7f1c0e20d000 ---p 00135000 08:22 1188489                    /usr/lib/x86_64-linux-gnu/libX11.so.6.3.0
7f1c0e20d000-7f1c0e20e000 r-xp 00135000 08:22 1188489                    /usr/lib/x86_64-linux-gnu/libX11.so.6.3.0
7f1c0e20e000-7f1c0e212000 rwxp 00136000 08:22 1188489                    /usr/lib/x86_64-linux-gnu/libX11.so.6.3.0
7f1c0e212000-7f1c0e223000 r-xp 00000000 08:22 1183304                    /usr/lib/x86_64-linux-gnu/libXext.so.6.4.0
7f1c0e223000-7f1c0e422000 ---p 00011000 08:22 1183304                    /usr/lib/x86_64-linux-gnu/libXext.so.6.4.0
7f1c0e422000-7f1c0e423000 r-xp 00010000 08:22 1183304                    /usr/lib/x86_64-linux-gnu/libXext.so.6.4.0
7f1c0e423000-7f1c0e424000 rwxp 00011000 08:22 1183304                    /usr/lib/x86_64-linux-gnu/libXext.so.6.4.0
7f1c0e424000-7f1c0e425000 rwxs 1e616000 00:05 8038                       /dev/nvidia1
7f1c0e425000-7f1c0e429000 r-xs 00000000 08:22 2621600                    /var/cache/fontconfig/6eb3985aa4124903f6ff08ba781cd364-le64.cache-3
7f1c0e429000-7f1c0e42a000 r-xs 00000000 08:22 2621599                    /var/cache/fontconfig/4c73fe0c47614734b17d736dbde7580a-le64.cache-3
7f1c0e42a000-7f1c0e42b000 r-xs 00000000 08:22 2621598                    /var/cache/fontconfig/0d8c3b2ac0904cb8a57a757ad11a4a08-le64.cache-3
7f1c0e42b000-7f1c0e42c000 r-xs 00000000 08:22 2621597                    /var/cache/fontconfig/6a53c69dea097a2d716e069445527da8-le64.cache-3
7f1c0e42c000-7f1c0e432000 r-xs 00000000 08:22 2621596                    /var/cache/fontconfig/a755afe4a08bf5b97852ceb7400b47bc-le64.cache-3
7f1c0e432000-7f1c0e43c000 r-xs 00000000 08:22 2621590                    /var/cache/fontconfig/d52a8644073d54c13679302ca1180695-le64.cache-3
7f1c0e43c000-7f1c0e44f000 r-xs 00000000 08:22 2621573                    /var/cache/fontconfig/e13b20fdb08344e0e664864cc2ede53d-le64.cache-3
7f1c0e44f000-7f1c0e491000 r-xp 00000000 08:22 1189412                    /usr/lib/jvm/java-6-sun-1.6.0.26/jre/lib/amd64/xawt/libmawt.so
7f1c0e491000-7f1c0e590000 ---p 00042000 08:22 1189412                    /usr/lib/jvm/java-6-sun-1.6.0.26/jre/lib/amd64/xawt/libmawt.so
7f1c0e590000-7f1c0e59c000 rwxp 00041000 08:22 1189412                    /usr/lib/jvm/java-6-sun-1.6.0.26/jre/lib/amd64/xawt/libmawt.so
7f1c0e59c000-7f1c0e59d000 rwxp 00000000 00:00 0 
7f1c0e59d000-7f1c0e62f000 r-xp 00000000 08:22 1189435                    /usr/lib/jvm/java-6-sun-1.6.0.26/jre/lib/amd64/libawt.so
7f1c0e62f000-7f1c0e72e000 ---p 00092000 08:22 1189435                    /usr/lib/jvm/java-6-sun-1.6.0.26/jre/lib/amd64/libawt.so
7f1c0e72e000-7f1c0e748000 rwxp 00091000 08:22 1189435                    /usr/lib/jvm/java-6-sun-1.6.0.26/jre/lib/amd64/libawt.so
7f1c0e748000-7f1c0e76c000 rwxp 00000000 00:00 0 
7f1c0e76c000-7f1c0e78d000 r-xs 00261000 08:24 1190172                    /home/bguaman/workspace/mt4j-core/lib/mt4j-core.jar
7f1c0e78d000-7f1c0e795000 r-xs 00045000 08:24 1190178                    /home/bguaman/workspace/mt4j-core/lib/batik-css.jar
7f1c0e795000-7f1c0e796000 r-xs 00006000 08:24 1190173                    /home/bguaman/workspace/mt4j-core/lib/ani.jar
7f1c0e796000-7f1c0e797000 r-xs 00002000 08:24 1722383                    /home/bguaman/workspace/mt4j-desktop/examples/advanced/water/lib/waterScene.jar
7f1c0e797000-7f1c0e79b000 r-xs 00091000 08:24 534392                     /home/bguaman/workspace/mt4j-desktop/examples/advanced/physics/lib/jbox2d.jar
7f1c0e79b000-7f1c0e79d000 r-xs 0000c000 08:24 680828                     /home/bguaman/workspace/mt4j-desktop/examples/advanced/modestMapsMT/lib/modestMaps.jar
7f1c0e79d000-7f1c0e79e000 r-xs 00001000 08:24 680669                     /home/bguaman/workspace/mt4j-desktop/examples/advanced/fluidSimulator/lib/MSAFluid.jar
7f1c0e79e000-7f1c0e7a2000 r-xs 0005e000 08:24 680788                     /home/bguaman/workspace/mt4j-desktop/examples/advanced/flickrMT/lib/flickrj.jar
7f1c0e7a2000-7f1c0e7a4000 r-xs 0003c000 08:24 534101                     /home/bguaman/workspace/mt4j-desktop/extensions/lib/jbullet/vecmath.jar
7f1c0e7a4000-7f1c0e7a5000 r-xs 0000b000 08:24 534102                     /home/bguaman/workspace/mt4j-desktop/extensions/lib/jbullet/stack-alloc.jar
7f1c0e7a5000-7f1c0e7ae000 r-xs 0006c000 08:24 534103                     /home/bguaman/workspace/mt4j-desktop/extensions/lib/jbullet/jbullet.jar
7f1c0e7ae000-7f1c0e7b0000 r-xs 00008000 08:24 678443                     /home/bguaman/workspace/mt4j-desktop/lib/whirlylib/whirlycache-1.0.1.jar
7f1c0e7b0000-7f1c0e7b8000 r-xs 0004f000 08:24 678446                     /home/bguaman/workspace/mt4j-desktop/lib/whirlylib/log4j-1.2.8.jar
7f1c0e7b8000-7f1c0e7c0000 r-xs 00028000 08:24 678540                     /home/bguaman/workspace/mt4j-desktop/lib/batik/xml-apis.jar
7f1c0e7c0000-7f1c0e7cb000 r-xs 000ad000 08:24 678533                     /home/bguaman/workspace/mt4j-desktop/lib/batik/pdf-transcoder.jar
7f1c0e7cb000-7f1c0e7d3000 r-xs 00074000 08:24 678535                     /home/bguaman/workspace/mt4j-desktop/lib/batik/js.jar
7f1c0e7d3000-7f1c0e7d4000 r-xs 00007000 08:24 678522                     /home/bguaman/workspace/mt4j-desktop/lib/batik/batik-xml.jar
7f1c0e7d4000-7f1c0e7d7000 r-xs 0001d000 08:24 678530                     /home/bguaman/workspace/mt4j-desktop/lib/batik/batik-util.jar
7f1c0e7d7000-7f1c0e7d9000 r-xs 0001c000 08:24 678524                     /home/bguaman/workspace/mt4j-desktop/lib/batik/batik-transcoder.jar
7f1c0e7d9000-7f1c0e7de000 r-xs 00030000 08:24 678519                     /home/bguaman/workspace/mt4j-desktop/lib/batik/batik-svggen.jar
7f1c0e7de000-7f1c0e7eb000 r-xs 00087000 08:24 678529                     /home/bguaman/workspace/mt4j-desktop/lib/batik/batik-svg-dom.jar
7f1c0e7eb000-7f1c0e7ee000 r-xs 0000d000 08:24 678525                     /home/bguaman/workspace/mt4j-desktop/lib/batik/batik-script.jar
7f1c0e7ee000-7f1c0e7f0000 r-xs 00010000 08:24 678520                     /home/bguaman/workspace/mt4j-desktop/lib/batik/batik-parser.jar
7f1c0e7f0000-7f1c0e7f4000 r-xs 00038000 08:24 678539                     /home/bguaman/workspace/mt4j-desktop/lib/batik/batik-gvt.jar
7f1c0e7f4000-7f1c0e7f6000 r-xs 0000f000 08:24 678528                     /home/bguaman/workspace/mt4j-desktop/lib/batik/batik-extension.jar
7f1c0e7f6000-7f1c0e7f7000 r-xs 00002000 08:24 678538                     /home/bguaman/workspace/mt4j-desktop/lib/batik/batik-ext.jar
7f1c0e7f7000-7f1c0e7fb000 r-xs 00027000 08:24 678513                     /home/bguaman/workspace/mt4j-desktop/lib/batik/batik-dom.jar
7f1c0e7fb000-7f1c0e805000 r-xs 00080000 08:24 678521                     /home/bguaman/workspace/mt4j-desktop/lib/batik/batik-bridge.jar
7f1c0e805000-7f1c0e80c000 r-xs 0005c000 08:24 678542                     /home/bguaman/workspace/mt4j-desktop/lib/batik/batik-awt-util.jar
7f1c0e80c000-7f1c0e80f000 r-xs 00015000 08:24 678517                     /home/bguaman/workspace/mt4j-desktop/lib/batik/batik-anim.jar
7f1c0e80f000-7f1c0e811000 r-xs 00006000 08:24 678564                     /home/bguaman/workspace/mt4j-desktop/lib/mri.jar
7f1c0e811000-7f1c0e817000 r-xs 00034000 08:24 678567                     /home/bguaman/workspace/mt4j-desktop/lib/junit-4.8.2.jar
7f1c0e817000-7f1c0e818000 r-xs 00002000 08:24 678562                     /home/bguaman/workspace/mt4j-desktop/lib/GlulogicMT.jar
7f1c0e818000-7f1c0e819000 ---p 00000000 00:00 0 
7f1c0e819000-7f1c0e919000 rwxp 00000000 00:00 0 
7f1c0e919000-7f1c0e91c000 ---p 00000000 00:00 0 
7f1c0e91c000-7f1c0ea1a000 rwxp 00000000 00:00 0 
7f1c0ea1a000-7f1c0ea1d000 ---p 00000000 00:00 0 
7f1c0ea1d000-7f1c0eb1b000 rwxp 00000000 00:00 0 
7f1c0eb1b000-7f1c0eb1e000 ---p 00000000 00:00 0 
7f1c0eb1e000-7f1c0ec1c000 rwxp 00000000 00:00 0 
7f1c0ec1c000-7f1c0ec1f000 ---p 00000000 00:00 0 
7f1c0ec1f000-7f1c0ed1d000 rwxp 00000000 00:00 0 
7f1c0ed1d000-7f1c0efc2000 r-xp 00000000 08:22 1179791                    /usr/lib/locale/locale-archive
7f1c0efc2000-7f1c0efc5000 ---p 00000000 00:00 0 
7f1c0efc5000-7f1c0f0c3000 rwxp 00000000 00:00 0 
7f1c0f0c3000-7f1c0f0c6000 ---p 00000000 00:00 0 
7f1c0f0c6000-7f1c0f1c4000 rwxp 00000000 00:00 0 
7f1c0f1c4000-7f1c0f1c5000 ---p 00000000 00:00 0 
7f1c0f1c5000-7f1c0f7fe000 rwxp 00000000 00:00 0 
7f1c0f7fe000-7f1c0f996000 r-xs 03029000 08:22 1202981                    /usr/lib/jvm/java-6-sun-1.6.0.26/jre/lib/rt.jar
7f1c0f996000-7f1c0f9be000 rwxp 00000000 00:00 0 
7f1c0f9be000-7f1c0f9bf000 ---p 00000000 00:00 0 
7f1c0f9bf000-7f1c0fabf000 rwxp 00000000 00:00 0 
7f1c0fabf000-7f1c0fac0000 ---p 00000000 00:00 0 
7f1c0fac0000-7f1c0fbc0000 rwxp 00000000 00:00 0 
7f1c0fbc0000-7f1c0fbc1000 ---p 00000000 00:00 0 
7f1c0fbc1000-7f1c0fcc1000 rwxp 00000000 00:00 0 
7f1c0fcc1000-7f1c0fcc2000 ---p 00000000 00:00 0 
7f1c0fcc2000-7f1c0fdcd000 rwxp 00000000 00:00 0 
7f1c0fdcd000-7f1c0fdeb000 rwxp 00000000 00:00 0 
7f1c0fdeb000-7f1c0fe00000 rwxp 00000000 00:00 0 
7f1c0fe00000-7f1c0ff36000 rwxp 00000000 00:00 0 
7f1c0ff36000-7f1c0ff41000 rwxp 00000000 00:00 0 
7f1c0ff41000-7f1c0ff5f000 rwxp 00000000 00:00 0 
7f1c0ff5f000-7f1c0ff74000 rwxp 00000000 00:00 0 
7f1c0ff74000-7f1c100a9000 rwxp 00000000 00:00 0 
7f1c100a9000-7f1c100bc000 rwxp 00000000 00:00 0 
7f1c100bc000-7f1c1014f000 rwxp 00000000 00:00 0 
7f1c1014f000-7f1c103c0000 rwxp 00000000 00:00 0 
7f1c103c0000-7f1c13150000 rwxp 00000000 00:00 0 
7f1c13150000-7f1c1315e000 r-xp 00000000 08:22 1189430                    /usr/lib/jvm/java-6-sun-1.6.0.26/jre/lib/amd64/libzip.so
7f1c1315e000-7f1c13260000 ---p 0000e000 08:22 1189430                    /usr/lib/jvm/java-6-sun-1.6.0.26/jre/lib/amd64/libzip.so
7f1c13260000-7f1c13263000 rwxp 00010000 08:22 1189430                    /usr/lib/jvm/java-6-sun-1.6.0.26/jre/lib/amd64/libzip.so
7f1c13263000-7f1c13264000 rwxp 00000000 00:00 0 
7f1c13264000-7f1c13270000 r-xp 00000000 08:22 1837256                    /lib/x86_64-linux-gnu/libnss_files-2.13.so
7f1c13270000-7f1c1346f000 ---p 0000c000 08:22 1837256                    /lib/x86_64-linux-gnu/libnss_files-2.13.so
7f1c1346f000-7f1c13470000 r-xp 0000b000 08:22 1837256                    /lib/x86_64-linux-gnu/libnss_files-2.13.so
7f1c13470000-7f1c13471000 rwxp 0000c000 08:22 1837256                    /lib/x86_64-linux-gnu/libnss_files-2.13.so
7f1c13471000-7f1c1347c000 r-xp 00000000 08:22 1837260                    /lib/x86_64-linux-gnu/libnss_nis-2.13.so
7f1c1347c000-7f1c1367b000 ---p 0000b000 08:22 1837260                    /lib/x86_64-linux-gnu/libnss_nis-2.13.so
7f1c1367b000-7f1c1367c000 r-xp 0000a000 08:22 1837260                    /lib/x86_64-linux-gnu/libnss_nis-2.13.so
7f1c1367c000-7f1c1367d000 rwxp 0000b000 08:22 1837260                    /lib/x86_64-linux-gnu/libnss_nis-2.13.so
7f1c1367d000-7f1c13685000 r-xp 00000000 08:22 1837252                    /lib/x86_64-linux-gnu/libnss_compat-2.13.so
7f1c13685000-7f1c13884000 ---p 00008000 08:22 1837252                    /lib/x86_64-linux-gnu/libnss_compat-2.13.so
7f1c13884000-7f1c13885000 r-xp 00007000 08:22 1837252                    /lib/x86_64-linux-gnu/libnss_compat-2.13.so
7f1c13885000-7f1c13886000 rwxp 00008000 08:22 1837252                    /lib/x86_64-linux-gnu/libnss_compat-2.13.so
7f1c13886000-7f1c1389d000 r-xp 00000000 08:22 1837250                    /lib/x86_64-linux-gnu/libnsl-2.13.so
7f1c1389d000-7f1c13a9c000 ---p 00017000 08:22 1837250                    /lib/x86_64-linux-gnu/libnsl-2.13.so
7f1c13a9c000-7f1c13a9d000 r-xp 00016000 08:22 1837250                    /lib/x86_64-linux-gnu/libnsl-2.13.so
7f1c13a9d000-7f1c13a9e000 rwxp 00017000 08:22 1837250                    /lib/x86_64-linux-gnu/libnsl-2.13.so
7f1c13a9e000-7f1c13aa0000 rwxp 00000000 00:00 0 
7f1c13aa0000-7f1c13ac9000 r-xp 00000000 08:22 1189429                    /usr/lib/jvm/java-6-sun-1.6.0.26/jre/lib/amd64/libjava.so
7f1c13ac9000-7f1c13bc8000 ---p 00029000 08:22 1189429                    /usr/lib/jvm/java-6-sun-1.6.0.26/jre/lib/amd64/libjava.so
7f1c13bc8000-7f1c13bcf000 rwxp 00028000 08:22 1189429                    /usr/lib/jvm/java-6-sun-1.6.0.26/jre/lib/amd64/libjava.so
7f1c13bcf000-7f1c13bdc000 r-xp 00000000 08:22 1189406                    /usr/lib/jvm/java-6-sun-1.6.0.26/jre/lib/amd64/libverify.so
7f1c13bdc000-7f1c13cdb000 ---p 0000d000 08:22 1189406                    /usr/lib/jvm/java-6-sun-1.6.0.26/jre/lib/amd64/libverify.so
7f1c13cdb000-7f1c13cde000 rwxp 0000c000 08:22 1189406                    /usr/lib/jvm/java-6-sun-1.6.0.26/jre/lib/amd64/libverify.so
7f1c13cde000-7f1c13ce5000 r-xp 00000000 08:22 1837270                    /lib/x86_64-linux-gnu/librt-2.13.so
7f1c13ce5000-7f1c13ee4000 ---p 00007000 08:22 1837270                    /lib/x86_64-linux-gnu/librt-2.13.so
7f1c13ee4000-7f1c13ee5000 r-xp 00006000 08:22 1837270                    /lib/x86_64-linux-gnu/librt-2.13.so
7f1c13ee5000-7f1c13ee6000 rwxp 00007000 08:22 1837270                    /lib/x86_64-linux-gnu/librt-2.13.so
7f1c13ee6000-7f1c13ee9000 ---p 00000000 00:00 0 
7f1c13ee9000-7f1c13fe7000 rwxp 00000000 00:00 0 
7f1c13fe7000-7f1c1406b000 r-xp 00000000 08:22 1837246                    /lib/x86_64-linux-gnu/libm-2.13.so
7f1c1406b000-7f1c1426a000 ---p 00084000 08:22 1837246                    /lib/x86_64-linux-gnu/libm-2.13.so
7f1c1426a000-7f1c1426b000 r-xp 00083000 08:22 1837246                    /lib/x86_64-linux-gnu/libm-2.13.so
7f1c1426b000-7f1c1426c000 rwxp 00084000 08:22 1837246                    /lib/x86_64-linux-gnu/libm-2.13.so
7f1c1426c000-7f1c14b86000 r-xp 00000000 08:22 1189432                    /usr/lib/jvm/java-6-sun-1.6.0.26/jre/lib/amd64/server/libjvm.so
7f1c14b86000-7f1c14c88000 ---p 0091a000 08:22 1189432                    /usr/lib/jvm/java-6-sun-1.6.0.26/jre/lib/amd64/server/libjvm.so
7f1c14c88000-7f1c14e3d000 rwxp 0091c000 08:22 1189432                    /usr/lib/jvm/java-6-sun-1.6.0.26/jre/lib/amd64/server/libjvm.so
7f1c14e3d000-7f1c14e77000 rwxp 00000000 00:00 0 
7f1c14e77000-7f1c15001000 r-xp 00000000 08:22 1837230                    /lib/x86_64-linux-gnu/libc-2.13.so
7f1c15001000-7f1c15200000 ---p 0018a000 08:22 1837230                    /lib/x86_64-linux-gnu/libc-2.13.so
7f1c15200000-7f1c15204000 r-xp 00189000 08:22 1837230                    /lib/x86_64-linux-gnu/libc-2.13.so
7f1c15204000-7f1c15205000 rwxp 0018d000 08:22 1837230                    /lib/x86_64-linux-gnu/libc-2.13.so
7f1c15205000-7f1c1520b000 rwxp 00000000 00:00 0 
7f1c1520b000-7f1c1520d000 r-xp 00000000 08:22 1837244                    /lib/x86_64-linux-gnu/libdl-2.13.so
7f1c1520d000-7f1c1540d000 ---p 00002000 08:22 1837244                    /lib/x86_64-linux-gnu/libdl-2.13.so
7f1c1540d000-7f1c1540e000 r-xp 00002000 08:22 1837244                    /lib/x86_64-linux-gnu/libdl-2.13.so
7f1c1540e000-7f1c1540f000 rwxp 00003000 08:22 1837244                    /lib/x86_64-linux-gnu/libdl-2.13.so
7f1c1540f000-7f1c15427000 r-xp 00000000 08:22 1837266                    /lib/x86_64-linux-gnu/libpthread-2.13.so
7f1c15427000-7f1c15627000 ---p 00018000 08:22 1837266                    /lib/x86_64-linux-gnu/libpthread-2.13.so
7f1c15627000-7f1c15628000 r-xp 00018000 08:22 1837266                    /lib/x86_64-linux-gnu/libpthread-2.13.so
7f1c15628000-7f1c15629000 rwxp 00019000 08:22 1837266                    /lib/x86_64-linux-gnu/libpthread-2.13.so
7f1c15629000-7f1c1562d000 rwxp 00000000 00:00 0 
7f1c1562d000-7f1c1564e000 r-xp 00000000 08:22 1835033                    /lib/x86_64-linux-gnu/ld-2.13.so
7f1c1564e000-7f1c1564f000 r-xs 00000000 08:22 2621601                    /var/cache/fontconfig/e7071f4a29fa870f4323321c154eba04-le64.cache-3
7f1c1564f000-7f1c15652000 r-xs 00000000 08:22 2625717                    /var/cache/fontconfig/b5ea634b0fb353b8ea17632d1f9ef766-le64.cache-3
7f1c15652000-7f1c1565c000 rwxp 00000000 00:00 0 
7f1c1565c000-7f1c15712000 rwxp 00000000 00:00 0 
7f1c15712000-7f1c15715000 rwxp 00000000 00:00 0 
7f1c15715000-7f1c1571c000 r-xp 00000000 08:22 1189402                    /usr/lib/jvm/java-6-sun-1.6.0.26/jre/lib/amd64/jli/libjli.so
7f1c1571c000-7f1c1581d000 ---p 00007000 08:22 1189402                    /usr/lib/jvm/java-6-sun-1.6.0.26/jre/lib/amd64/jli/libjli.so
7f1c1581d000-7f1c1581f000 rwxp 00008000 08:22 1189402                    /usr/lib/jvm/java-6-sun-1.6.0.26/jre/lib/amd64/jli/libjli.so
7f1c1581f000-7f1c15820000 rwxp 00000000 00:00 0 
7f1c15820000-7f1c15821000 rwxs b2001000 00:05 8038                       /dev/nvidia1
7f1c15821000-7f1c15825000 r-xs 00000000 08:22 2626406                    /var/cache/fontconfig/6d41288fd70b0be22e8c3a91e032eec0-le64.cache-3
7f1c15825000-7f1c15828000 r-xs 00000000 08:22 2621592                    /var/cache/fontconfig/d60319d88cac85ba9e1a07bd06cfbb8c-le64.cache-3
7f1c15828000-7f1c15829000 r-xs 00000000 08:22 2622676                    /var/cache/fontconfig/4794a0821666d79190d59a36cb4f44b5-le64.cache-3
7f1c15829000-7f1c1582d000 r-xs 00000000 08:22 2625713                    /var/cache/fontconfig/7ef2298fde41cc6eeb7af42e48b7d293-le64.cache-3
7f1c1582d000-7f1c15841000 r-xs 00000000 08:22 2621609                    /var/cache/fontconfig/865f88548240fee46819705c6468c165-le64.cache-3
7f1c15841000-7f1c15849000 rwxs 00000000 08:22 2103830                    /tmp/hsperfdata_bguaman/7117
7f1c15849000-7f1c1584a000 rwxp 00000000 00:00 0 
7f1c1584a000-7f1c1584b000 r-xp 00000000 00:00 0 
7f1c1584b000-7f1c1584d000 rwxp 00000000 00:00 0 
7f1c1584d000-7f1c1584e000 r-xp 00020000 08:22 1835033                    /lib/x86_64-linux-gnu/ld-2.13.so
7f1c1584e000-7f1c15850000 rwxp 00021000 08:22 1835033                    /lib/x86_64-linux-gnu/ld-2.13.so
7fff15a7b000-7fff15a9d000 rwxp 00000000 00:00 0                          [stack]
7fff15b05000-7fff15b06000 r-xp 00000000 00:00 0                          [vdso]
ffffffffff600000-ffffffffff601000 r-xp 00000000 00:00 0                  [vsyscall]

VM Arguments:
jvm_args: -Djava.library.path=/home/bguaman/workspace/mt4j-desktop -Dfile.encoding=UTF-8 
java_command: advanced.physics.StartGlobitos
Launcher Type: SUN_STANDARD

Environment Variables:
PATH=/usr/local/sbin:/usr/local/bin:/usr/sbin:/usr/bin:/sbin:/bin:/usr/games
USERNAME=bguaman
LD_LIBRARY_PATH=/usr/lib/jvm/java-6-sun-1.6.0.26/jre/lib/amd64/server:/usr/lib/jvm/java-6-sun-1.6.0.26/jre/lib/amd64:/usr/lib/jvm/java-6-sun-1.6.0.26/jre/../lib/amd64:/usr/lib/xulrunner-1.9.2.17
SHELL=/bin/bash
DISPLAY=:0.0

Signal Handlers:
SIGSEGV: [libjvm.so+0x85f800], sa_mask[0]=0x7ffbfeff, sa_flags=0x10000004
SIGBUS: [libjvm.so+0x85f800], sa_mask[0]=0x7ffbfeff, sa_flags=0x10000004
SIGFPE: [libjvm.so+0x70e300], sa_mask[0]=0x7ffbfeff, sa_flags=0x10000004
SIGPIPE: [libjvm.so+0x70e300], sa_mask[0]=0x7ffbfeff, sa_flags=0x10000004
SIGXFSZ: [libjvm.so+0x70e300], sa_mask[0]=0x7ffbfeff, sa_flags=0x10000004
SIGILL: [libjvm.so+0x70e300], sa_mask[0]=0x7ffbfeff, sa_flags=0x10000004
SIGUSR1: SIG_DFL, sa_mask[0]=0x00000000, sa_flags=0x00000000
SIGUSR2: [libjvm.so+0x711110], sa_mask[0]=0x00000004, sa_flags=0x10000004
SIGHUP: [libjvm.so+0x710d10], sa_mask[0]=0x7ffbfeff, sa_flags=0x10000004
SIGINT: [libjvm.so+0x710d10], sa_mask[0]=0x7ffbfeff, sa_flags=0x10000004
SIGTERM: [libjvm.so+0x710d10], sa_mask[0]=0x7ffbfeff, sa_flags=0x10000004
SIGQUIT: [libjvm.so+0x710d10], sa_mask[0]=0x7ffbfeff, sa_flags=0x10000004


---------------  S Y S T E M  ---------------

OS:squeeze/sid

uname:Linux 2.6.38-13-generic #54-Ubuntu SMP Tue Jan 3 13:38:12 UTC 2012 x86_64
libc:glibc 2.13 NPTL 2.13 
rlimit: STACK 8192k, CORE 0k, NPROC infinity, NOFILE 4096, AS infinity
load average:0.13 0.10 0.08

/proc/meminfo:
MemTotal:        4056284 kB
MemFree:           41864 kB
Buffers:          335252 kB
Cached:           466788 kB
SwapCached:          152 kB
Active:          2214008 kB
Inactive:         904968 kB
Active(anon):    1809316 kB
Inactive(anon):   519252 kB
Active(file):     404692 kB
Inactive(file):   385716 kB
Unevictable:           0 kB
Mlocked:               0 kB
SwapTotal:       7815616 kB
SwapFree:        7811672 kB
Dirty:              1036 kB
Writeback:             0 kB
AnonPages:       2317144 kB
Mapped:           184288 kB
Shmem:             11632 kB
Slab:             703160 kB
SReclaimable:     673432 kB
SUnreclaim:        29728 kB
KernelStack:        4072 kB
PageTables:        37288 kB
NFS_Unstable:          0 kB
Bounce:                0 kB
WritebackTmp:          0 kB
CommitLimit:     9843756 kB
Committed_AS:    4648820 kB
VmallocTotal:   34359738367 kB
VmallocUsed:      113604 kB
VmallocChunk:   34359609340 kB
HardwareCorrupted:     0 kB
HugePages_Total:       0
HugePages_Free:        0
HugePages_Rsvd:        0
HugePages_Surp:        0
Hugepagesize:       2048 kB
DirectMap4k:      404352 kB
DirectMap2M:     3788800 kB


CPU:total 4 (2 cores per cpu, 1 threads per core) family 15 model 65 stepping 3, cmov, cx8, fxsr, mmx, sse, sse2, sse3, mmxext, 3dnow, 3dnowext

/proc/cpuinfo:
processor	: 0
vendor_id	: AuthenticAMD
cpu family	: 15
model		: 65
model name	: Dual-Core AMD Opteron(tm) Processor 2218
stepping	: 3
cpu MHz		: 1000.000
cache size	: 1024 KB
physical id	: 0
siblings	: 2
core id		: 0
cpu cores	: 2
apicid		: 0
initial apicid	: 0
fpu		: yes
fpu_exception	: yes
cpuid level	: 1
wp		: yes
flags		: fpu vme de pse tsc msr pae mce cx8 apic sep mtrr pge mca cmov pat pse36 clflush mmx fxsr sse sse2 ht syscall nx mmxext fxsr_opt rdtscp lm 3dnowext 3dnow rep_good nopl extd_apicid pni cx16 lahf_lm cmp_legacy svm extapic cr8_legacy
bogomips	: 1999.99
TLB size	: 1024 4K pages
clflush size	: 64
cache_alignment	: 64
address sizes	: 40 bits physical, 48 bits virtual
power management: ts fid vid ttp tm stc

processor	: 1
vendor_id	: AuthenticAMD
cpu family	: 15
model		: 65
model name	: Dual-Core AMD Opteron(tm) Processor 2218
stepping	: 3
cpu MHz		: 1000.000
cache size	: 1024 KB
physical id	: 0
siblings	: 2
core id		: 1
cpu cores	: 2
apicid		: 1
initial apicid	: 1
fpu		: yes
fpu_exception	: yes
cpuid level	: 1
wp		: yes
flags		: fpu vme de pse tsc msr pae mce cx8 apic sep mtrr pge mca cmov pat pse36 clflush mmx fxsr sse sse2 ht syscall nx mmxext fxsr_opt rdtscp lm 3dnowext 3dnow rep_good nopl extd_apicid pni cx16 lahf_lm cmp_legacy svm extapic cr8_legacy
bogomips	: 1999.99
TLB size	: 1024 4K pages
clflush size	: 64
cache_alignment	: 64
address sizes	: 40 bits physical, 48 bits virtual
power management: ts fid vid ttp tm stc

processor	: 2
vendor_id	: AuthenticAMD
cpu family	: 15
model		: 65
model name	: Dual-Core AMD Opteron(tm) Processor 2218
stepping	: 3
cpu MHz		: 2000.000
cache size	: 1024 KB
physical id	: 1
siblings	: 2
core id		: 0
cpu cores	: 2
apicid		: 2
initial apicid	: 2
fpu		: yes
fpu_exception	: yes
cpuid level	: 1
wp		: yes
flags		: fpu vme de pse tsc msr pae mce cx8 apic sep mtrr pge mca cmov pat pse36 clflush mmx fxsr sse sse2 ht syscall nx mmxext fxsr_opt rdtscp lm 3dnowext 3dnow rep_good nopl extd_apicid pni cx16 lahf_lm cmp_legacy svm extapic cr8_legacy
bogomips	: 3999.99
TLB size	: 1024 4K pages
clflush size	: 64
cache_alignment	: 64
address sizes	: 40 bits physical, 48 bits virtual
power management: ts fid vid ttp tm stc

processor	: 3
vendor_id	: AuthenticAMD
cpu family	: 15
model		: 65
model name	: Dual-Core AMD Opteron(tm) Processor 2218
stepping	: 3
cpu MHz		: 2000.000
cache size	: 1024 KB
physical id	: 1
siblings	: 2
core id		: 1
cpu cores	: 2
apicid		: 3
initial apicid	: 3
fpu		: yes
fpu_exception	: yes
cpuid level	: 1
wp		: yes
flags		: fpu vme de pse tsc msr pae mce cx8 apic sep mtrr pge mca cmov pat pse36 clflush mmx fxsr sse sse2 ht syscall nx mmxext fxsr_opt rdtscp lm 3dnowext 3dnow rep_good nopl extd_apicid pni cx16 lahf_lm cmp_legacy svm extapic cr8_legacy
bogomips	: 3999.99
TLB size	: 1024 4K pages
clflush size	: 64
cache_alignment	: 64
address sizes	: 40 bits physical, 48 bits virtual
power management: ts fid vid ttp tm stc



Memory: 4k page, physical 4056284k(41864k free), swap 7815616k(7811672k free)

vm_info: Java HotSpot(TM) 64-Bit Server VM (20.1-b02) for linux-amd64 JRE (1.6.0_26-b03), built on May  4 2011 01:13:47 by "java_re" with gcc 3.2.2 (SuSE Linux)

time: Tue Jun  5 16:18:07 2012
elapsed time: 8 seconds

