#
# A fatal error has been detected by the Java Runtime Environment:
#
#  SIGSEGV (0xb) at pc=0x00007f454b19e889, pid=7179, tid=139935511295744
#
# JRE version: 6.0_26-b03
# Java VM: Java HotSpot(TM) 64-Bit Server VM (20.1-b02 mixed mode linux-amd64 compressed oops)
# Problematic frame:
# C  [libGL.so.1+0x2e9889]  __float128+0x9
#
# If you would like to submit a bug report, please visit:
#   http://java.sun.com/webapps/bugreport/crash.jsp
# The crash happened outside the Java Virtual Machine in native code.
# See problematic frame for where to report the bug.
#

---------------  T H R E A D  ---------------

Current thread (0x00007f4547cbc000):  JavaThread "Thread-1" [_thread_in_native, id=7204, stack(0x00007f4546613000,0x00007f4546714000)]

siginfo:si_signo=SIGSEGV: si_errno=0, si_code=1 (SEGV_MAPERR), si_addr=0x00000000000008c0

Registers:
RAX=0x0000000000000000, RBX=0x00000000bdb1a1d0, RCX=0x00000000417b3640, RDX=0x00000000eb6d5e90
RSP=0x00007f4546711f28, RBP=0x00007f4546711f70, RSI=0x00000000eb6d5e90, RDI=0x0000000000000001
R8 =0x00007f4557a2afe8, R9 =0x00007f4557a2ee58, R10=0x00000000417b3a28, R11=0x00000000417b3678
R12=0x0000000000000000, R13=0x00000000bdb1a1d0, R14=0x00007f4546712020, R15=0x00007f4547cbc000
RIP=0x00007f454b19e889, EFLAGS=0x0000000000010206, CSGSFS=0x0000000000000033, ERR=0x0000000000000004
  TRAPNO=0x000000000000000e

Top of Stack: (sp=0x00007f4546711f28)
0x00007f4546711f28:   00007f4548ed5dcd 00000000bda7c828
0x00007f4546711f38:   0000000000000000 00007f4546712010
0x00007f4546711f48:   0000000100000000 00007f4546712020
0x00007f4546711f58:   00007f4547cbc1d0 00007f4552e7a85a
0x00007f4546711f68:   00000000eb6d5e90 00007f4546711fe8
0x00007f4546711f78:   00007f4552e85d6e 00000000bdbe540d
0x00007f4546711f88:   00007f4546711fd0 00000000bdbf5710
0x00007f4546711f98:   0000000000000000 00000000bdbe5418
0x00007f4546711fa8:   00007f4546711fa8 0000000000000000
0x00007f4546711fb8:   00007f4546712020 00000000bdbf5710
0x00007f4546711fc8:   0000000000000000 00000000bdb1a1d0
0x00007f4546711fd8:   0000000000000000 00007f4546712008
0x00007f4546711fe8:   00007f4546712068 00007f4552e7aa82
0x00007f4546711ff8:   0000000000000000 00007f4552e82f58
0x00007f4546712008:   0000000000000000 00000000eb6d5e80
0x00007f4546712018:   0000000000000001 00000000ec632498
0x00007f4546712028:   00007f4546712028 00000000bdb1a2f0
0x00007f4546712038:   00007f4546712090 00000000bdbf5710
0x00007f4546712048:   0000000000000000 00000000bdb1a318
0x00007f4546712058:   00007f4546712008 00007f4546712078
0x00007f4546712068:   00007f45467120d8 00007f4552e7af5c
0x00007f4546712078:   0000000000000000 00000000eb6d5e80
0x00007f4546712088:   0000000000000001 00000000ec632498
0x00007f4546712098:   00007f4546712098 00000000bdd76717
0x00007f45467120a8:   00007f4546712100 00000000bdd7a170
0x00007f45467120b8:   0000000000000000 00000000bdd76758
0x00007f45467120c8:   00007f4546712078 00007f45467120e8
0x00007f45467120d8:   00007f4546712148 00007f4552e7af5c
0x00007f45467120e8:   0000000000000000 00000000eb6d5e80
0x00007f45467120f8:   0000000000000001 00000000ec632488
0x00007f4546712108:   00007f4546712108 00000000bd323a11
0x00007f4546712118:   00007f4546712198 00000000be093498 

Instructions: (pc=0x00007f454b19e889)
0x00007f454b19e869:   ff a0 b8 08 00 00 cc cc cc cc cc cc cc cc cc cc
0x00007f454b19e879:   cc cc cc cc cc cc cc 64 48 8b 04 25 60 ff ff ff
0x00007f454b19e889:   ff a0 c0 08 00 00 cc cc cc cc cc cc cc cc cc cc
0x00007f454b19e899:   cc cc cc cc cc cc cc 64 48 8b 04 25 60 ff ff ff 

Register to memory mapping:

RAX=0x0000000000000000 is an unknown value
RBX=0x00000000bdb1a1d0 is an oop
{method} 
 - klass: {other class}
RCX=0x00000000417b3640 is an unknown value
RDX=0x00000000eb6d5e90 is an unknown value
RSP=0x00007f4546711f28 is pointing into the stack for thread: 0x00007f4547cbc000
RBP=0x00007f4546711f70 is pointing into the stack for thread: 0x00007f4547cbc000
RSI=0x00000000eb6d5e90 is an unknown value
RDI=0x0000000000000001 is an unknown value
R8 =0x00007f4557a2afe8: <offset 0xa99fe8> in /usr/lib/jvm/java-6-sun-1.6.0.26/jre/lib/amd64/server/libjvm.so at 0x00007f4556f91000
R9 =0x00007f4557a2ee58: <offset 0xa9de58> in /usr/lib/jvm/java-6-sun-1.6.0.26/jre/lib/amd64/server/libjvm.so at 0x00007f4556f91000
R10=0x00000000417b3a28 is an unknown value
R11=0x00000000417b3678 is an unknown value
R12=0x0000000000000000 is an unknown value
R13=0x00000000bdb1a1d0 is an oop
{method} 
 - klass: {other class}
R14=0x00007f4546712020 is pointing into the stack for thread: 0x00007f4547cbc000
R15=0x00007f4547cbc000 is a thread


Stack: [0x00007f4546613000,0x00007f4546714000],  sp=0x00007f4546711f28,  free space=1019k
Native frames: (J=compiled Java code, j=interpreted, Vv=VM code, C=native code)
C  [libGL.so.1+0x2e9889]  __float128+0x9
j  com.sun.opengl.impl.GLImpl.glGenTextures1(ILjava/lang/Object;I)V+0
j  com.sun.opengl.impl.GLImpl.glGenTextures(I[II)V+64
j  org.mt4j.util.opengl.JoglGL20Plus.glGenTextures(I[II)V+7
j  org.mt4j.util.opengl.GLTexture.setupGLTexture(II)V+417
j  org.mt4j.util.opengl.GLTexture.<init>(Lprocessing/core/PApplet;IILorg/mt4j/util/opengl/GLTextureSettings;)V+113
j  org.mt4j.util.opengl.GLTexture.<init>(Lprocessing/core/PApplet;Lprocessing/core/PImage;Lorg/mt4j/util/opengl/GLTextureSettings;)V+11
j  org.mt4j.components.visibleComponents.shapes.AbstractShape.setTexture(Lprocessing/core/PImage;)V+266
j  org.mt4j.components.visibleComponents.shapes.MTRectangle.setTexture(Lprocessing/core/PImage;)V+2
j  org.mt4j.components.visibleComponents.font.BitmapFontCharacter.<init>(Lprocessing/core/PApplet;Lprocessing/core/PImage;Ljava/lang/String;III)V+31
j  processing.core.BitmapFontFactoryProxy.createCharacters(Lprocessing/core/PApplet;Lprocessing/core/PFont;Ljava/lang/String;Lorg/mt4j/util/MTColor;)Ljava/util/List;+237
j  processing.core.BitmapFontFactoryProxy.createFont(Lprocessing/core/PApplet;Ljava/lang/String;ILorg/mt4j/util/MTColor;Lorg/mt4j/util/MTColor;Z)Lorg/mt4j/util/font/IFont;+33
j  processing.core.BitmapFontFactoryProxy.createFont(Lprocessing/core/PApplet;Ljava/lang/String;ILorg/mt4j/util/MTColor;Z)Lorg/mt4j/util/font/IFont;+10
j  org.mt4j.util.font.fontFactories.BitmapFontFactory.createFont(Lprocessing/core/PApplet;Ljava/lang/String;ILorg/mt4j/util/MTColor;Z)Lorg/mt4j/util/font/IFont;+26
j  org.mt4j.util.font.FontManager.createFont(Lprocessing/core/PApplet;Ljava/lang/String;ILorg/mt4j/util/MTColor;Z)Lorg/mt4j/util/font/IFont;+146
j  org.mt4j.util.font.FontManager.createFont(Lprocessing/core/PApplet;Ljava/lang/String;ILorg/mt4j/util/MTColor;)Lorg/mt4j/util/font/IFont;+7
j  org.mt4j.components.css.util.CSSStyleManager.getDefaultFont(Lorg/mt4j/AbstractMTApplication;)Lorg/mt4j/util/font/IFont;+19
j  org.mt4j.components.visibleComponents.widgets.MTTextArea.<init>(Lorg/mt4j/AbstractMTApplication;)V+7
j  advanced.physics.scenes.GlobitosScene$TextoTrans.<init>(Ladvanced/physics/scenes/GlobitosScene;Lorg/mt4j/AbstractMTApplication;I)V+7
j  advanced.physics.scenes.GlobitosScene$JuegoGlobos.run()V+55
j  java.lang.Thread.run()V+11
v  ~StubRoutines::call_stub
V  [libjvm.so+0x4df5c0]  JavaCalls::call_helper(JavaValue*, methodHandle*, JavaCallArguments*, Thread*)+0x1e0
V  [libjvm.so+0x70f629]  os::os_exception_wrapper(void (*)(JavaValue*, methodHandle*, JavaCallArguments*, Thread*), JavaValue*, methodHandle*, JavaCallArguments*, Thread*)+0x19
V  [libjvm.so+0x4def06]  JavaCalls::call_virtual(JavaValue*, KlassHandle, symbolHandle, symbolHandle, JavaCallArguments*, Thread*)+0x126
V  [libjvm.so+0x4defb7]  JavaCalls::call_virtual(JavaValue*, Handle, KlassHandle, symbolHandle, symbolHandle, Thread*)+0x47
V  [libjvm.so+0x572ce0]  thread_entry(JavaThread*, Thread*)+0xa0
V  [libjvm.so+0x8190f1]  JavaThread::run()+0x121
V  [libjvm.so+0x710adf]  java_start(Thread*)+0x13f

Java frames: (J=compiled Java code, j=interpreted, Vv=VM code)
j  com.sun.opengl.impl.GLImpl.glGenTextures1(ILjava/lang/Object;I)V+0
j  com.sun.opengl.impl.GLImpl.glGenTextures(I[II)V+64
j  org.mt4j.util.opengl.JoglGL20Plus.glGenTextures(I[II)V+7
j  org.mt4j.util.opengl.GLTexture.setupGLTexture(II)V+417
j  org.mt4j.util.opengl.GLTexture.<init>(Lprocessing/core/PApplet;IILorg/mt4j/util/opengl/GLTextureSettings;)V+113
j  org.mt4j.util.opengl.GLTexture.<init>(Lprocessing/core/PApplet;Lprocessing/core/PImage;Lorg/mt4j/util/opengl/GLTextureSettings;)V+11
j  org.mt4j.components.visibleComponents.shapes.AbstractShape.setTexture(Lprocessing/core/PImage;)V+266
j  org.mt4j.components.visibleComponents.shapes.MTRectangle.setTexture(Lprocessing/core/PImage;)V+2
j  org.mt4j.components.visibleComponents.font.BitmapFontCharacter.<init>(Lprocessing/core/PApplet;Lprocessing/core/PImage;Ljava/lang/String;III)V+31
j  processing.core.BitmapFontFactoryProxy.createCharacters(Lprocessing/core/PApplet;Lprocessing/core/PFont;Ljava/lang/String;Lorg/mt4j/util/MTColor;)Ljava/util/List;+237
j  processing.core.BitmapFontFactoryProxy.createFont(Lprocessing/core/PApplet;Ljava/lang/String;ILorg/mt4j/util/MTColor;Lorg/mt4j/util/MTColor;Z)Lorg/mt4j/util/font/IFont;+33
j  processing.core.BitmapFontFactoryProxy.createFont(Lprocessing/core/PApplet;Ljava/lang/String;ILorg/mt4j/util/MTColor;Z)Lorg/mt4j/util/font/IFont;+10
j  org.mt4j.util.font.fontFactories.BitmapFontFactory.createFont(Lprocessing/core/PApplet;Ljava/lang/String;ILorg/mt4j/util/MTColor;Z)Lorg/mt4j/util/font/IFont;+26
j  org.mt4j.util.font.FontManager.createFont(Lprocessing/core/PApplet;Ljava/lang/String;ILorg/mt4j/util/MTColor;Z)Lorg/mt4j/util/font/IFont;+146
j  org.mt4j.util.font.FontManager.createFont(Lprocessing/core/PApplet;Ljava/lang/String;ILorg/mt4j/util/MTColor;)Lorg/mt4j/util/font/IFont;+7
j  org.mt4j.components.css.util.CSSStyleManager.getDefaultFont(Lorg/mt4j/AbstractMTApplication;)Lorg/mt4j/util/font/IFont;+19
j  org.mt4j.components.visibleComponents.widgets.MTTextArea.<init>(Lorg/mt4j/AbstractMTApplication;)V+7
j  advanced.physics.scenes.GlobitosScene$TextoTrans.<init>(Ladvanced/physics/scenes/GlobitosScene;Lorg/mt4j/AbstractMTApplication;I)V+7
j  advanced.physics.scenes.GlobitosScene$JuegoGlobos.run()V+55
j  java.lang.Thread.run()V+11
v  ~StubRoutines::call_stub

---------------  P R O C E S S  ---------------

Java Threads: ( => current thread )
  0x00000000415bf800 JavaThread "DestroyJavaVM" [_thread_blocked, id=7184, stack(0x00007f4556c0b000,0x00007f4556d0c000)]
=>0x00007f4547cbc000 JavaThread "Thread-1" [_thread_in_native, id=7204, stack(0x00007f4546613000,0x00007f4546714000)]
  0x0000000041797000 JavaThread "AWT-EventQueue-0" [_thread_blocked, id=7203, stack(0x00007f454b2c2000,0x00007f454b3c3000)]
  0x00007f454c376000 JavaThread "Animation Thread" [_thread_blocked, id=7202, stack(0x00007f454b3c3000,0x00007f454b4c4000)]
  0x00007f454c375000 JavaThread "AWT-Shutdown" [_thread_blocked, id=7201, stack(0x00007f454b4c4000,0x00007f454b5c5000)]
  0x00007f454c305800 JavaThread "AWT-XAWT" daemon [_thread_in_native, id=7199, stack(0x00007f454b7b8000,0x00007f454b8b9000)]
  0x00007f454c2cc800 JavaThread "Java2D Disposer" daemon [_thread_blocked, id=7198, stack(0x00007f454beff000,0x00007f454c000000)]
  0x00007f454c076000 JavaThread "Low Memory Detector" daemon [_thread_blocked, id=7195, stack(0x00007f455163e000,0x00007f455173f000)]
  0x00007f454c073800 JavaThread "C2 CompilerThread1" daemon [_thread_in_native, id=7194, stack(0x00007f455173f000,0x00007f4551840000)]
  0x00007f454c070800 JavaThread "C2 CompilerThread0" daemon [_thread_blocked, id=7193, stack(0x00007f4551840000,0x00007f4551941000)]
  0x00007f454c06e800 JavaThread "Signal Dispatcher" daemon [_thread_blocked, id=7192, stack(0x00007f4551941000,0x00007f4551a42000)]
  0x00007f454c052800 JavaThread "Finalizer" daemon [_thread_blocked, id=7191, stack(0x00007f4551ce7000,0x00007f4551de8000)]
  0x00007f454c050800 JavaThread "Reference Handler" daemon [_thread_blocked, id=7190, stack(0x00007f4551de8000,0x00007f4551ee9000)]

Other Threads:
  0x00007f454c049800 VMThread [stack: 0x00007f4551ee9000,0x00007f4551fea000] [id=7189]
  0x00007f454c080800 WatcherThread [stack: 0x00007f455153d000,0x00007f455163e000] [id=7196]

VM state:not at safepoint (normal execution)

VM Mutex/Monitor currently owned by a thread: None

Heap
 PSYoungGen      total 18496K, used 4132K [0x00000000eb560000, 0x00000000ed980000, 0x0000000100000000)
  eden space 15872K, 9% used [0x00000000eb560000,0x00000000eb6de838,0x00000000ec4e0000)
  from space 2624K, 99% used [0x00000000ec4e0000,0x00000000ec76a9e0,0x00000000ec770000)
  to   space 2624K, 0% used [0x00000000ed6f0000,0x00000000ed6f0000,0x00000000ed980000)
 PSOldGen        total 42304K, used 7346K [0x00000000c2000000, 0x00000000c4950000, 0x00000000eb560000)
  object space 42304K, 17% used [0x00000000c2000000,0x00000000c272c960,0x00000000c4950000)
 PSPermGen       total 21248K, used 20050K [0x00000000bce00000, 0x00000000be2c0000, 0x00000000c2000000)
  object space 21248K, 94% used [0x00000000bce00000,0x00000000be194928,0x00000000be2c0000)

Code Cache  [0x00007f4552e75000, 0x00007f45530e5000, 0x00007f4555e75000)
 total_blobs=1053 nmethods=243 adapters=764 free_code_cache=48959872 largest_free_block=12288

Dynamic libraries:
40000000-40009000 r-xp 00000000 08:22 1185676                            /usr/lib/jvm/java-6-sun-1.6.0.26/jre/bin/java
40108000-4010a000 rwxp 00008000 08:22 1185676                            /usr/lib/jvm/java-6-sun-1.6.0.26/jre/bin/java
40b74000-40b76000 r-xs 00000000 08:22 1986605                            /tmp/glHKPkYd (deleted)
415b5000-41c7e000 rwxp 00000000 00:00 0                                  [heap]
41c7f000-41cf6000 rwxp 00000000 00:00 0 
bce00000-be2c0000 rwxp 00000000 00:00 0 
be2c0000-c2000000 rwxp 00000000 00:00 0 
c2000000-c4950000 rwxp 00000000 00:00 0 
c4950000-eb560000 rwxp 00000000 00:00 0 
eb560000-ed980000 rwxp 00000000 00:00 0 
ed980000-100000000 rwxp 00000000 00:00 0 
7f4546613000-7f4546616000 ---p 00000000 00:00 0 
7f4546616000-7f4546914000 rwxp 00000000 00:00 0 
7f4546914000-7f454691e000 r-xs 00000000 08:22 1708639                    /usr/share/fonts/type1/mathml/Symbol.pfb
7f454691e000-7f4546936000 r-xs 00000000 08:22 1581250                    /usr/share/fonts/type1/gsfonts/n022003l.pfb
7f4546936000-7f454694b000 r-xs 00000000 08:22 1581193                    /usr/share/fonts/type1/gsfonts/b018032l.pfb
7f454694b000-7f4546964000 r-xs 00000000 08:22 1581253                    /usr/share/fonts/type1/gsfonts/n022004l.pfb
7f4546964000-7f454697e000 r-xs 00000000 08:22 1581199                    /usr/share/fonts/type1/gsfonts/c059013l.pfb
7f454697e000-7f4546996000 r-xs 00000000 08:22 1581208                    /usr/share/fonts/type1/gsfonts/c059036l.pfb
7f4546996000-7f45469a9000 r-xs 00000000 08:22 1581235                    /usr/share/fonts/type1/gsfonts/n019064l.pfb
7f45469a9000-7f45469b3000 r-xs 00000000 08:22 1708248                    /usr/share/fonts/X11/Type1/c0419bt_.pfb
7f45469b3000-7f45469ce000 r-xs 00000000 08:22 1581265                    /usr/share/fonts/type1/gsfonts/p052004l.pfb
7f45469ce000-7f45469df000 r-xs 00000000 08:22 1581184                    /usr/share/fonts/type1/gsfonts/a010035l.pfb
7f45469df000-7f45469f3000 r-xs 00000000 08:22 1581214                    /usr/share/fonts/type1/gsfonts/n019003l.pfb
7f45469f3000-7f4546a09000 r-xs 00000000 08:22 1581247                    /usr/share/fonts/type1/gsfonts/n021024l.pfb
7f4546a09000-7f4546a20000 r-xs 00000000 08:22 1581244                    /usr/share/fonts/type1/gsfonts/n021023l.pfb
7f4546a20000-7f4546a36000 r-xs 00000000 08:22 1581259                    /usr/share/fonts/type1/gsfonts/n022024l.pfb
7f4546a36000-7f4546a3f000 r-xs 00000000 08:22 1581274                    /usr/share/fonts/type1/gsfonts/s050000l.pfb
7f4546a3f000-7f4546a48000 r-xs 00000000 08:22 1708253                    /usr/share/fonts/X11/Type1/c0632bt_.pfb
7f4546a48000-7f4546a5a000 r-xs 00000000 08:22 1581217                    /usr/share/fonts/type1/gsfonts/n019004l.pfb
7f4546a5a000-7f4546a71000 r-xs 00000000 08:22 1581277                    /usr/share/fonts/type1/gsfonts/z003034l.pfb
7f4546a71000-7f4546a82000 r-xs 00000000 08:22 1581223                    /usr/share/fonts/type1/gsfonts/n019024l.pfb
7f4546a82000-7f4546a8b000 r-xs 00000000 08:22 1708247                    /usr/share/fonts/X11/Type1/c0649bt_.pfb
7f4546a8b000-7f4546a9c000 r-xs 00000000 08:22 1581232                    /usr/share/fonts/type1/gsfonts/n019063l.pfb
7f4546a9c000-7f4546aac000 r-xs 00000000 08:22 1581175                    /usr/share/fonts/type1/gsfonts/a010013l.pfb
7f4546aac000-7f4546abc000 r-xs 00000000 08:22 1581178                    /usr/share/fonts/type1/gsfonts/a010015l.pfb
7f4546abc000-7f4546ad8000 r-xs 00000000 08:22 1581271                    /usr/share/fonts/type1/gsfonts/p052024l.pfb
7f4546ad8000-7f4546af0000 r-xs 00000000 08:22 1581205                    /usr/share/fonts/type1/gsfonts/c059033l.pfb
7f4546af0000-7f4546b09000 r-xs 00000000 08:22 1581241                    /usr/share/fonts/type1/gsfonts/n021004l.pfb
7f4546b09000-7f4546b15000 r-xs 00000000 08:22 1581211                    /usr/share/fonts/type1/gsfonts/d050000l.pfb
7f4546b15000-7f4546b1e000 r-xs 00000000 08:22 1708261                    /usr/share/fonts/X11/Type1/c0633bt_.pfb
7f4546b1e000-7f4546b2f000 r-xs 00000000 08:22 1581220                    /usr/share/fonts/type1/gsfonts/n019023l.pfb
7f4546b2f000-7f4546b38000 r-xs 00000000 08:22 1708255                    /usr/share/fonts/X11/Type1/c0648bt_.pfb
7f4546b38000-7f4546b53000 r-xs 00000000 08:22 1581202                    /usr/share/fonts/type1/gsfonts/c059016l.pfb
7f4546b53000-7f4546b63000 r-xs 00000000 08:22 1581181                    /usr/share/fonts/type1/gsfonts/a010033l.pfb
7f4546b63000-7f4546b7c000 r-xs 00000000 08:22 1581187                    /usr/share/fonts/type1/gsfonts/b018012l.pfb
7f4546b7c000-7f4546b8f000 r-xs 00000000 08:22 1581190                    /usr/share/fonts/type1/gsfonts/b018015l.pfb
7f4546b8f000-7f4546ba5000 r-xs 00000000 08:22 1581256                    /usr/share/fonts/type1/gsfonts/n022023l.pfb
7f4546ba5000-7f4546bc0000 r-xs 00000000 08:22 1581268                    /usr/share/fonts/type1/gsfonts/p052023l.pfb
7f4546bc0000-7f4546bdb000 r-xs 00000000 08:22 1581262                    /usr/share/fonts/type1/gsfonts/p052003l.pfb
7f4546bdb000-7f4546bf4000 r-xs 00000000 08:22 1581238                    /usr/share/fonts/type1/gsfonts/n021003l.pfb
7f4546bf4000-7f4546c06000 r-xs 00000000 08:22 1581196                    /usr/share/fonts/type1/gsfonts/b018035l.pfb
7f4546c06000-7f4546c18000 r-xs 00000000 08:22 1581229                    /usr/share/fonts/type1/gsfonts/n019044l.pfb
7f4546c18000-7f4546c2a000 r-xs 00000000 08:22 1581226                    /usr/share/fonts/type1/gsfonts/n019043l.pfb
7f4546c2a000-7f4546c34000 r-xs 00000000 08:22 1708252                    /usr/share/fonts/X11/Type1/c0611bt_.pfb
7f4546c34000-7f4546c3e000 r-xs 00000000 08:22 1708260                    /usr/share/fonts/X11/Type1/c0582bt_.pfb
7f4546c3e000-7f4546c48000 r-xs 00000000 08:22 1708259                    /usr/share/fonts/X11/Type1/c0583bt_.pfb
7f4546c48000-7f4546c63000 r-xs 00000000 08:22 272619                     /usr/share/texmf/fonts/type1/public/lm/lmtlc10.pfb
7f4546c63000-7f4546c7e000 r-xs 00000000 08:22 272614                     /usr/share/texmf/fonts/type1/public/lm/lmtcsc10.pfb
7f4546c7e000-7f4546ca2000 r-xs 00000000 08:22 272560                     /usr/share/texmf/fonts/type1/public/lm/lmduno10.pfb
7f4546ca2000-7f4546cc1000 r-xs 00000000 08:22 272576                     /usr/share/texmf/fonts/type1/public/lm/lmr6.pfb
7f4546cc1000-7f4546cdf000 r-xs 00000000 08:22 272574                     /usr/share/texmf/fonts/type1/public/lm/lmr17.pfb
7f4546cdf000-7f4546cfd000 r-xs 00000000 08:22 272572                     /usr/share/texmf/fonts/type1/public/lm/lmr10.pfb
7f4546cfd000-7f4546d05000 r-xs 00000000 08:22 272562                     /usr/share/texmf/fonts/type1/public/lm/lmmi10.pfb
7f4546d05000-7f4546d0c000 r-xs 00000000 08:22 272610                     /usr/share/texmf/fonts/type1/public/lm/lmsy6.pfb
7f4546d0c000-7f4546d29000 r-xs 00000000 08:22 272616                     /usr/share/texmf/fonts/type1/public/lm/lmtk10.pfb
7f4546d29000-7f4546d47000 r-xs 00000000 08:22 272577                     /usr/share/texmf/fonts/type1/public/lm/lmr7.pfb
7f4546d47000-7f4546d64000 r-xs 00000000 08:22 272624                     /usr/share/texmf/fonts/type1/public/lm/lmtt8.pfb
7f4546d64000-7f4546d7f000 r-xs 00000000 08:22 272625                     /usr/share/texmf/fonts/type1/public/lm/lmtt9.pfb
7f4546d7f000-7f4546d9b000 r-xs 00000000 08:22 272580                     /usr/share/texmf/fonts/type1/public/lm/lmri10.pfb
7f4546d9b000-7f4546dbd000 r-xs 00000000 08:22 272595                     /usr/share/texmf/fonts/type1/public/lm/lmssbo10.pfb
7f4546dbd000-7f4546dc4000 r-xs 00000000 08:22 272545                     /usr/share/texmf/fonts/type1/public/lm/lmbsy10.pfb
7f4546dc4000-7f4546de1000 r-xs 00000000 08:22 272606                     /usr/share/texmf/fonts/type1/public/lm/lmssqbx8.pfb
7f4546de1000-7f4546de9000 r-xs 00000000 08:22 272567                     /usr/share/texmf/fonts/type1/public/lm/lmmi8.pfb
7f4546de9000-7f4546df1000 r-xs 00000000 08:22 272547                     /usr/share/texmf/fonts/type1/public/lm/lmbsy7.pfb
7f4546df1000-7f4546df9000 r-xs 00000000 08:22 272566                     /usr/share/texmf/fonts/type1/public/lm/lmmi7.pfb
7f4546df9000-7f4546e14000 r-xs 00000000 08:22 272603                     /usr/share/texmf/fonts/type1/public/lm/lmsso9.pfb
7f4546e14000-7f4546e30000 r-xs 00000000 08:22 272622                     /usr/share/texmf/fonts/type1/public/lm/lmtt10.pfb
7f4546e30000-7f4546e51000 r-xs 00000000 08:22 272558                     /usr/share/texmf/fonts/type1/public/lm/lmcsco10.pfb
7f4546e51000-7f4546e69000 r-xs 00000000 08:22 272593                     /usr/share/texmf/fonts/type1/public/lm/lmss8.pfb
7f4546e69000-7f4546e6f000 r-xs 00000000 08:22 272561                     /usr/share/texmf/fonts/type1/public/lm/lmex10.pfb
7f4546e6f000-7f4546e91000 r-xs 00000000 08:22 272589                     /usr/share/texmf/fonts/type1/public/lm/lmro9.pfb
7f4546e91000-7f4546eb3000 r-xs 00000000 08:22 272544                     /usr/share/texmf/fonts/type1/public/lm/lmbo10.pfb
7f4546eb3000-7f4546ed2000 r-xs 00000000 08:22 272559                     /usr/share/texmf/fonts/type1/public/lm/lmdunh10.pfb
7f4546ed2000-7f4546ef0000 r-xs 00000000 08:22 272631                     /usr/share/texmf/fonts/type1/public/lm/lmvtl10.pfb
7f4546ef0000-7f4546f0f000 r-xs 00000000 08:22 272543                     /usr/share/texmf/fonts/type1/public/lm/lmb10.pfb
7f4546f0f000-7f4546f17000 r-xs 00000000 08:22 272563                     /usr/share/texmf/fonts/type1/public/lm/lmmi12.pfb
7f4546f17000-7f4546f1e000 r-xs 00000000 08:22 272609                     /usr/share/texmf/fonts/type1/public/lm/lmsy5.pfb
7f4546f1e000-7f4546f3d000 r-xs 00000000 08:22 272551                     /usr/share/texmf/fonts/type1/public/lm/lmbx6.pfb
7f4546f3d000-7f4546f58000 r-xs 00000000 08:22 272602                     /usr/share/texmf/fonts/type1/public/lm/lmsso8.pfb
7f4546f58000-7f4546f60000 r-xs 00000000 08:22 272565                     /usr/share/texmf/fonts/type1/public/lm/lmmi6.pfb
7f4546f60000-7f4546f81000 r-xs 00000000 08:22 272634                     /usr/share/texmf/fonts/type1/public/lm/lmvtto10.pfb
7f4546f81000-7f4546f9d000 r-xs 00000000 08:22 272555                     /usr/share/texmf/fonts/type1/public/lm/lmbxi10.pfb
7f4546f9d000-7f4546fba000 r-xs 00000000 08:22 272604                     /usr/share/texmf/fonts/type1/public/lm/lmssq8.pfb
7f4546fba000-7f4546fda000 r-xs 00000000 08:22 272615                     /usr/share/texmf/fonts/type1/public/lm/lmtcso10.pfb
7f4546fda000-7f4546ffb000 r-xs 00000000 08:22 272588                     /usr/share/texmf/fonts/type1/public/lm/lmro8.pfb
7f4546ffb000-7f454701a000 r-xs 00000000 08:22 272605                     /usr/share/texmf/fonts/type1/public/lm/lmssqbo8.pfb
7f454701a000-7f454703a000 r-xs 00000000 08:22 272607                     /usr/share/texmf/fonts/type1/public/lm/lmssqo8.pfb
7f454703a000-7f4547052000 r-xs 00000000 08:22 272591                     /usr/share/texmf/fonts/type1/public/lm/lmss12.pfb
7f4547052000-7f454706f000 r-xs 00000000 08:22 272633                     /usr/share/texmf/fonts/type1/public/lm/lmvtt10.pfb
7f454706f000-7f454708b000 r-xs 00000000 08:22 272582                     /usr/share/texmf/fonts/type1/public/lm/lmri7.pfb
7f454708b000-7f45470aa000 r-xs 00000000 08:22 272586                     /usr/share/texmf/fonts/type1/public/lm/lmro12.pfb
7f45470aa000-7f45470b2000 r-xs 00000000 08:22 272571                     /usr/share/texmf/fonts/type1/public/lm/lmmib7.pfb
7f45470b2000-7f45470d0000 r-xs 00000000 08:22 272575                     /usr/share/texmf/fonts/type1/public/lm/lmr5.pfb
7f45470d0000-7f45470ed000 r-xs 00000000 08:22 272550                     /usr/share/texmf/fonts/type1/public/lm/lmbx5.pfb
7f45470ed000-7f4547110000 r-xs 00000000 08:22 272617                     /usr/share/texmf/fonts/type1/public/lm/lmtko10.pfb
7f4547110000-7f454712e000 r-xs 00000000 08:22 272578                     /usr/share/texmf/fonts/type1/public/lm/lmr8.pfb
7f454712e000-7f4547149000 r-xs 00000000 08:22 272581                     /usr/share/texmf/fonts/type1/public/lm/lmri12.pfb
7f4547149000-7f4547167000 r-xs 00000000 08:22 272552                     /usr/share/texmf/fonts/type1/public/lm/lmbx7.pfb
7f4547167000-7f4547186000 r-xs 00000000 08:22 272554                     /usr/share/texmf/fonts/type1/public/lm/lmbx9.pfb
7f4547186000-7f45471a8000 r-xs 00000000 08:22 272598                     /usr/share/texmf/fonts/type1/public/lm/lmssdo10.pfb
7f45471a8000-7f45471c5000 r-xs 00000000 08:22 272597                     /usr/share/texmf/fonts/type1/public/lm/lmssdc10.pfb
7f45471c5000-7f45471cc000 r-xs 00000000 08:22 272608                     /usr/share/texmf/fonts/type1/public/lm/lmsy10.pfb
7f45471cc000-7f45471e5000 r-xs 00000000 08:22 272626                     /usr/share/texmf/fonts/type1/public/lm/lmtti10.pfb
7f45471e5000-7f4547202000 r-xs 00000000 08:22 272557                     /usr/share/texmf/fonts/type1/public/lm/lmcsc10.pfb
7f4547202000-7f454720a000 r-xs 00000000 08:22 272570                     /usr/share/texmf/fonts/type1/public/lm/lmmib5.pfb
7f454720a000-7f4547225000 r-xs 00000000 08:22 272600                     /usr/share/texmf/fonts/type1/public/lm/lmsso12.pfb
7f4547225000-7f4547243000 r-xs 00000000 08:22 272579                     /usr/share/texmf/fonts/type1/public/lm/lmr9.pfb
7f4547243000-7f454724a000 r-xs 00000000 08:22 272613                     /usr/share/texmf/fonts/type1/public/lm/lmsy9.pfb
7f454724a000-7f4547268000 r-xs 00000000 08:22 272548                     /usr/share/texmf/fonts/type1/public/lm/lmbx10.pfb
7f4547268000-7f4547270000 r-xs 00000000 08:22 272568                     /usr/share/texmf/fonts/type1/public/lm/lmmi9.pfb
7f4547270000-7f4547277000 r-xs 00000000 08:22 272611                     /usr/share/texmf/fonts/type1/public/lm/lmsy7.pfb
7f4547277000-7f454728f000 r-xs 00000000 08:22 272594                     /usr/share/texmf/fonts/type1/public/lm/lmss9.pfb
7f454728f000-7f45472b0000 r-xs 00000000 08:22 272585                     /usr/share/texmf/fonts/type1/public/lm/lmro10.pfb
7f45472b0000-7f45472cf000 r-xs 00000000 08:22 272553                     /usr/share/texmf/fonts/type1/public/lm/lmbx8.pfb
7f45472cf000-7f45472d6000 r-xs 00000000 08:22 272612                     /usr/share/texmf/fonts/type1/public/lm/lmsy8.pfb
7f45472d6000-7f45472f2000 r-xs 00000000 08:22 272573                     /usr/share/texmf/fonts/type1/public/lm/lmr12.pfb
7f45472f2000-7f4547310000 r-xs 00000000 08:22 272596                     /usr/share/texmf/fonts/type1/public/lm/lmssbx10.pfb
7f4547310000-7f4547328000 r-xs 00000000 08:22 272590                     /usr/share/texmf/fonts/type1/public/lm/lmss10.pfb
7f4547328000-7f4547347000 r-xs 00000000 08:22 272629                     /usr/share/texmf/fonts/type1/public/lm/lmvtk10.pfb
7f4547347000-7f4547362000 r-xs 00000000 08:22 272623                     /usr/share/texmf/fonts/type1/public/lm/lmtt12.pfb
7f4547362000-7f4547384000 r-xs 00000000 08:22 272556                     /usr/share/texmf/fonts/type1/public/lm/lmbxo10.pfb
7f4547384000-7f45473a1000 r-xs 00000000 08:22 272549                     /usr/share/texmf/fonts/type1/public/lm/lmbx12.pfb
7f45473a1000-7f45473b9000 r-xs 00000000 08:22 272592                     /usr/share/texmf/fonts/type1/public/lm/lmss17.pfb
7f45473b9000-7f45473d4000 r-xs 00000000 08:22 272601                     /usr/share/texmf/fonts/type1/public/lm/lmsso17.pfb
7f45473d4000-7f45473f9000 r-xs 00000000 08:22 272630                     /usr/share/texmf/fonts/type1/public/lm/lmvtko10.pfb
7f45473f9000-7f4547418000 r-xs 00000000 08:22 272627                     /usr/share/texmf/fonts/type1/public/lm/lmtto10.pfb
7f4547418000-7f4547420000 r-xs 00000000 08:22 272569                     /usr/share/texmf/fonts/type1/public/lm/lmmib10.pfb
7f4547420000-7f454743a000 r-xs 00000000 08:22 272618                     /usr/share/texmf/fonts/type1/public/lm/lmtl10.pfb
7f454743a000-7f454745c000 r-xs 00000000 08:22 272632                     /usr/share/texmf/fonts/type1/public/lm/lmvtlo10.pfb
7f454745c000-7f4547477000 r-xs 00000000 08:22 272599                     /usr/share/texmf/fonts/type1/public/lm/lmsso10.pfb
7f4547477000-7f4547493000 r-xs 00000000 08:22 272628                     /usr/share/texmf/fonts/type1/public/lm/lmu10.pfb
7f4547493000-7f45474ae000 r-xs 00000000 08:22 272584                     /usr/share/texmf/fonts/type1/public/lm/lmri9.pfb
7f45474ae000-7f45474cd000 r-xs 00000000 08:22 272621                     /usr/share/texmf/fonts/type1/public/lm/lmtlo10.pfb
7f45474cd000-7f45474d4000 r-xp 00000000 08:22 1189392                    /usr/lib/jvm/java-6-sun-1.6.0.26/jre/lib/amd64/libnio.so
7f45474d4000-7f45475d3000 ---p 00007000 08:22 1189392                    /usr/lib/jvm/java-6-sun-1.6.0.26/jre/lib/amd64/libnio.so
7f45475d3000-7f45475d5000 rwxp 00006000 08:22 1189392                    /usr/lib/jvm/java-6-sun-1.6.0.26/jre/lib/amd64/libnio.so
7f45475d5000-7f4547cd5000 rwxp 00000000 00:00 0 
7f4547cd5000-7f4547ce8000 r-xp 00000000 08:22 1189407                    /usr/lib/jvm/java-6-sun-1.6.0.26/jre/lib/amd64/libnet.so
7f4547ce8000-7f4547de9000 ---p 00013000 08:22 1189407                    /usr/lib/jvm/java-6-sun-1.6.0.26/jre/lib/amd64/libnet.so
7f4547de9000-7f4547dec000 rwxp 00014000 08:22 1189407                    /usr/lib/jvm/java-6-sun-1.6.0.26/jre/lib/amd64/libnet.so
7f4547dec000-7f4547eec000 rwxs 108035000 00:05 8038                      /dev/nvidia1
7f4547eec000-7f4547eed000 rwxs b2c04000 00:05 8038                       /dev/nvidia1
7f4547eed000-7f4547fed000 rwxs 10fee0000 00:05 8038                      /dev/nvidia1
7f4547fed000-7f45481fd000 rwxp 00000000 00:00 0 
7f45481fd000-7f4548a6d000 rwxs c0000000 00:05 8038                       /dev/nvidia1
7f4548a6d000-7f4548a6f000 r-xp 00000000 08:24 680267                     /home/bguaman/workspace/mt4j-desktop/libjogl_awt.so
7f4548a6f000-7f4548b6e000 ---p 00002000 08:24 680267                     /home/bguaman/workspace/mt4j-desktop/libjogl_awt.so
7f4548b6e000-7f4548b6f000 rwxp 00001000 08:24 680267                     /home/bguaman/workspace/mt4j-desktop/libjogl_awt.so
7f4548b6f000-7f4548b70000 r-xp 00000000 08:22 1189436                    /usr/lib/jvm/java-6-sun-1.6.0.26/jre/lib/amd64/libjawt.so
7f4548b70000-7f4548c6f000 ---p 00001000 08:22 1189436                    /usr/lib/jvm/java-6-sun-1.6.0.26/jre/lib/amd64/libjawt.so
7f4548c6f000-7f4548c70000 rwxp 00000000 08:22 1189436                    /usr/lib/jvm/java-6-sun-1.6.0.26/jre/lib/amd64/libjawt.so
7f4548c70000-7f4548c75000 r-xp 00000000 08:22 1182806                    /usr/lib/x86_64-linux-gnu/libXxf86vm.so.1.0.0
7f4548c75000-7f4548e74000 ---p 00005000 08:22 1182806                    /usr/lib/x86_64-linux-gnu/libXxf86vm.so.1.0.0
7f4548e74000-7f4548e75000 r-xp 00004000 08:22 1182806                    /usr/lib/x86_64-linux-gnu/libXxf86vm.so.1.0.0
7f4548e75000-7f4548e76000 rwxp 00005000 08:22 1182806                    /usr/lib/x86_64-linux-gnu/libXxf86vm.so.1.0.0
7f4548e76000-7f4548f65000 r-xp 00000000 08:24 680264                     /home/bguaman/workspace/mt4j-desktop/libjogl.so
7f4548f65000-7f4549065000 ---p 000ef000 08:24 680264                     /home/bguaman/workspace/mt4j-desktop/libjogl.so
7f4549065000-7f4549066000 rwxp 000ef000 08:24 680264                     /home/bguaman/workspace/mt4j-desktop/libjogl.so
7f4549066000-7f454a4b4000 r-xp 00000000 08:22 1184078                    /usr/lib/nvidia-current/libnvidia-glcore.so.270.41.06
7f454a4b4000-7f454a6b4000 ---p 0144e000 08:22 1184078                    /usr/lib/nvidia-current/libnvidia-glcore.so.270.41.06
7f454a6b4000-7f454ac9c000 rwxp 0144e000 08:22 1184078                    /usr/lib/nvidia-current/libnvidia-glcore.so.270.41.06
7f454ac9c000-7f454acb3000 rwxp 00000000 00:00 0 
7f454acb3000-7f454acb4000 r-xp 00000000 08:22 1180743                    /usr/lib/nvidia-current/tls/libnvidia-tls.so.270.41.06
7f454acb4000-7f454aeb4000 ---p 00001000 08:22 1180743                    /usr/lib/nvidia-current/tls/libnvidia-tls.so.270.41.06
7f454aeb4000-7f454aeb5000 rwxp 00001000 08:22 1180743                    /usr/lib/nvidia-current/tls/libnvidia-tls.so.270.41.06
7f454aeb5000-7f454af72000 r-xp 00000000 08:22 1183145                    /usr/lib/nvidia-current/libGL.so.270.41.06
7f454af72000-7f454b172000 ---p 000bd000 08:22 1183145                    /usr/lib/nvidia-current/libGL.so.270.41.06
7f454b172000-7f454b1ab000 rwxp 000bd000 08:22 1183145                    /usr/lib/nvidia-current/libGL.so.270.41.06
7f454b1ab000-7f454b1c1000 rwxp 00000000 00:00 0 
7f454b1c1000-7f454b1c2000 r-xp 00000000 08:24 659506                     /home/bguaman/workspace/mt4j-desktop/libgluegen-rt.so
7f454b1c2000-7f454b2c1000 ---p 00001000 08:24 659506                     /home/bguaman/workspace/mt4j-desktop/libgluegen-rt.so
7f454b2c1000-7f454b2c2000 rwxp 00000000 08:24 659506                     /home/bguaman/workspace/mt4j-desktop/libgluegen-rt.so
7f454b2c2000-7f454b2c5000 ---p 00000000 00:00 0 
7f454b2c5000-7f454b3c3000 rwxp 00000000 00:00 0 
7f454b3c3000-7f454b3c6000 ---p 00000000 00:00 0 
7f454b3c6000-7f454b4c4000 rwxp 00000000 00:00 0 
7f454b4c4000-7f454b4c7000 ---p 00000000 00:00 0 
7f454b4c7000-7f454b5c5000 rwxp 00000000 00:00 0 
7f454b5c5000-7f454b5c6000 r-xs 00000000 08:22 2621607                    /var/cache/fontconfig/c05880de57d1f5e948fdfacc138775d9-le64.cache-3
7f454b5c6000-7f454b5cf000 r-xs 00000000 08:22 2621606                    /var/cache/fontconfig/945677eb7aeaf62f1d50efc3fb3ec7d8-le64.cache-3
7f454b5cf000-7f454b5d1000 r-xs 00000000 08:22 2621574                    /var/cache/fontconfig/99e8ed0e538f840c565b6ed5dad60d56-le64.cache-3
7f454b5d1000-7f454b5d4000 r-xs 00000000 08:22 2621604                    /var/cache/fontconfig/e383d7ea5fbe662a33d9b44caf393297-le64.cache-3
7f454b5d4000-7f454b5d6000 r-xs 00000000 08:22 2621603                    /var/cache/fontconfig/2cd17615ca594fa2959ae173292e504c-le64.cache-3
7f454b5d6000-7f454b5d7000 r-xs 00000000 08:22 2621601                    /var/cache/fontconfig/e7071f4a29fa870f4323321c154eba04-le64.cache-3
7f454b5d7000-7f454b5da000 r-xs 00000000 08:22 2625717                    /var/cache/fontconfig/b5ea634b0fb353b8ea17632d1f9ef766-le64.cache-3
7f454b5da000-7f454b5de000 r-xs 00000000 08:22 2621600                    /var/cache/fontconfig/6eb3985aa4124903f6ff08ba781cd364-le64.cache-3
7f454b5de000-7f454b5ee000 r-xs 00000000 08:22 2621593                    /var/cache/fontconfig/0f34bcd4b6ee430af32735b75db7f02b-le64.cache-3
7f454b5ee000-7f454b5f6000 r-xs 00000000 08:22 272546                     /usr/share/texmf/fonts/type1/public/lm/lmbsy5.pfb
7f454b5f6000-7f454b611000 r-xs 00000000 08:22 272583                     /usr/share/texmf/fonts/type1/public/lm/lmri8.pfb
7f454b611000-7f454b632000 r-xs 00000000 08:22 272587                     /usr/share/texmf/fonts/type1/public/lm/lmro17.pfb
7f454b632000-7f454b63a000 r-xs 00000000 08:22 272564                     /usr/share/texmf/fonts/type1/public/lm/lmmi5.pfb
7f454b63a000-7f454b65c000 r-xs 00000000 08:22 272620                     /usr/share/texmf/fonts/type1/public/lm/lmtlco10.pfb
7f454b65c000-7f454b69c000 rwxs cff3d000 00:05 8038                       /dev/nvidia1
7f454b69c000-7f454b6b7000 rwxs 13f8c0000 00:05 8038                      /dev/nvidia1
7f454b6b7000-7f454b6ba000 ---p 00000000 00:00 0 
7f454b6ba000-7f454b7b8000 rwxp 00000000 00:00 0 
7f454b7b8000-7f454b7bb000 ---p 00000000 00:00 0 
7f454b7bb000-7f454b8b9000 rwxp 00000000 00:00 0 
7f454b8b9000-7f454b8be000 r-xp 00000000 08:22 1180715                    /usr/lib/x86_64-linux-gnu/libXfixes.so.3.1.0
7f454b8be000-7f454babd000 ---p 00005000 08:22 1180715                    /usr/lib/x86_64-linux-gnu/libXfixes.so.3.1.0
7f454babd000-7f454babe000 r-xp 00004000 08:22 1180715                    /usr/lib/x86_64-linux-gnu/libXfixes.so.3.1.0
7f454babe000-7f454babf000 rwxp 00005000 08:22 1180715                    /usr/lib/x86_64-linux-gnu/libXfixes.so.3.1.0
7f454babf000-7f454bac8000 r-xp 00000000 08:22 1180172                    /usr/lib/x86_64-linux-gnu/libXrender.so.1.3.0
7f454bac8000-7f454bcc8000 ---p 00009000 08:22 1180172                    /usr/lib/x86_64-linux-gnu/libXrender.so.1.3.0
7f454bcc8000-7f454bcc9000 r-xp 00009000 08:22 1180172                    /usr/lib/x86_64-linux-gnu/libXrender.so.1.3.0
7f454bcc9000-7f454bcca000 rwxp 0000a000 08:22 1180172                    /usr/lib/x86_64-linux-gnu/libXrender.so.1.3.0
7f454bcca000-7f454bcd3000 r-xp 00000000 08:22 1188068                    /usr/lib/x86_64-linux-gnu/libXcursor.so.1.0.2
7f454bcd3000-7f454bed2000 ---p 00009000 08:22 1188068                    /usr/lib/x86_64-linux-gnu/libXcursor.so.1.0.2
7f454bed2000-7f454bed3000 r-xp 00008000 08:22 1188068                    /usr/lib/x86_64-linux-gnu/libXcursor.so.1.0.2
7f454bed3000-7f454bed4000 rwxp 00009000 08:22 1188068                    /usr/lib/x86_64-linux-gnu/libXcursor.so.1.0.2
7f454bed8000-7f454beda000 rwxs 00000000 08:22 1986605                    /tmp/glHKPkYd (deleted)
7f454beda000-7f454bede000 rwxs 108031000 00:05 8038                      /dev/nvidia1
7f454bede000-7f454bedf000 rwxs cff7d000 00:05 8038                       /dev/nvidia1
7f454bedf000-7f454bee0000 rwxs 108030000 00:05 8038                      /dev/nvidia1
7f454bee0000-7f454bee1000 rwxs 10802f000 00:05 8038                      /dev/nvidia1
7f454bee1000-7f454bee2000 rwxs 10d044000 00:05 8038                      /dev/nvidia1
7f454bee2000-7f454bee3000 rwxs b2001000 00:05 8038                       /dev/nvidia1
7f454bee3000-7f454bee5000 r-xs 00005000 08:24 816243                     /home/bguaman/workspace/MT4jTUIO4jInputSources/tuio4jInput.jar
7f454bee5000-7f454bee7000 r-xs 0000b000 08:24 2107912                    /home/bguaman/workspace/mt4j-desktop/lib/tuio/tuio4j.jar
7f454bee7000-7f454bef3000 r-xs 0010f000 08:24 678557                     /home/bguaman/workspace/mt4j-desktop/lib/jogl/jogl.jar
7f454bef3000-7f454bef4000 r-xs 00005000 08:24 678552                     /home/bguaman/workspace/mt4j-desktop/lib/jogl/opengl.jar
7f454bef4000-7f454bef6000 r-xs 0005b000 08:24 678565                     /home/bguaman/workspace/mt4j-desktop/lib/core.jar
7f454bef6000-7f454bef8000 r-xs 0000a000 08:24 678566                     /home/bguaman/workspace/mt4j-desktop/lib/muito_blobtracking.jar
7f454bef8000-7f454befa000 r-xs 00004000 08:24 678547                     /home/bguaman/workspace/mt4j-desktop/lib/jogl/gluegen-rt.jar
7f454befa000-7f454beff000 r-xs 00010000 08:24 1190174                    /home/bguaman/workspace/mt4j-core/lib/xml-apis-ext.jar
7f454beff000-7f454bf02000 ---p 00000000 00:00 0 
7f454bf02000-7f454c000000 rwxp 00000000 00:00 0 
7f454c000000-7f454dd17000 rwxp 00000000 00:00 0 
7f454dd17000-7f4550000000 ---p 00000000 00:00 0 
7f4550000000-7f4550001000 r-xs 00000000 08:22 2621599                    /var/cache/fontconfig/4c73fe0c47614734b17d736dbde7580a-le64.cache-3
7f4550001000-7f4550002000 r-xs 00000000 08:22 2621598                    /var/cache/fontconfig/0d8c3b2ac0904cb8a57a757ad11a4a08-le64.cache-3
7f4550002000-7f4550008000 r-xs 00000000 08:22 2621596                    /var/cache/fontconfig/a755afe4a08bf5b97852ceb7400b47bc-le64.cache-3
7f4550008000-7f455000c000 r-xs 00000000 08:22 2626406                    /var/cache/fontconfig/6d41288fd70b0be22e8c3a91e032eec0-le64.cache-3
7f455000c000-7f455000f000 r-xs 00000000 08:22 2621592                    /var/cache/fontconfig/d60319d88cac85ba9e1a07bd06cfbb8c-le64.cache-3
7f455000f000-7f4550010000 r-xs 00000000 08:22 2622676                    /var/cache/fontconfig/4794a0821666d79190d59a36cb4f44b5-le64.cache-3
7f4550010000-7f455003e000 r-xs 00000000 08:22 2621591                    /var/cache/fontconfig/365b55f210c0a22e9a19e35191240f32-le64.cache-3
7f455003e000-7f4550048000 r-xs 00000000 08:22 2621590                    /var/cache/fontconfig/d52a8644073d54c13679302ca1180695-le64.cache-3
7f4550048000-7f45500c1000 r-xp 00000000 08:22 1189423                    /usr/lib/jvm/java-6-sun-1.6.0.26/jre/lib/amd64/libfontmanager.so
7f45500c1000-7f45501c0000 ---p 00079000 08:22 1189423                    /usr/lib/jvm/java-6-sun-1.6.0.26/jre/lib/amd64/libfontmanager.so
7f45501c0000-7f45501d5000 rwxp 00078000 08:22 1189423                    /usr/lib/jvm/java-6-sun-1.6.0.26/jre/lib/amd64/libfontmanager.so
7f45501d5000-7f45501e6000 rwxp 00000000 00:00 0 
7f45501e6000-7f45501eb000 r-xp 00000000 08:22 1187279                    /usr/lib/x86_64-linux-gnu/libXdmcp.so.6.0.0
7f45501eb000-7f45503ea000 ---p 00005000 08:22 1187279                    /usr/lib/x86_64-linux-gnu/libXdmcp.so.6.0.0
7f45503ea000-7f45503eb000 r-xp 00004000 08:22 1187279                    /usr/lib/x86_64-linux-gnu/libXdmcp.so.6.0.0
7f45503eb000-7f45503ec000 rwxp 00005000 08:22 1187279                    /usr/lib/x86_64-linux-gnu/libXdmcp.so.6.0.0
7f45503ec000-7f45503ee000 r-xp 00000000 08:22 1187247                    /usr/lib/x86_64-linux-gnu/libXau.so.6.0.0
7f45503ee000-7f45505ed000 ---p 00002000 08:22 1187247                    /usr/lib/x86_64-linux-gnu/libXau.so.6.0.0
7f45505ed000-7f45505ee000 r-xp 00001000 08:22 1187247                    /usr/lib/x86_64-linux-gnu/libXau.so.6.0.0
7f45505ee000-7f45505ef000 rwxp 00002000 08:22 1187247                    /usr/lib/x86_64-linux-gnu/libXau.so.6.0.0
7f45505ef000-7f455060a000 r-xp 00000000 08:22 1187284                    /usr/lib/x86_64-linux-gnu/libxcb.so.1.1.0
7f455060a000-7f4550809000 ---p 0001b000 08:22 1187284                    /usr/lib/x86_64-linux-gnu/libxcb.so.1.1.0
7f4550809000-7f455080a000 r-xp 0001a000 08:22 1187284                    /usr/lib/x86_64-linux-gnu/libxcb.so.1.1.0
7f455080a000-7f455080b000 rwxp 0001b000 08:22 1187284                    /usr/lib/x86_64-linux-gnu/libxcb.so.1.1.0
7f455080b000-7f455081a000 r-xp 00000000 08:22 1188155                    /usr/lib/x86_64-linux-gnu/libXi.so.6.1.0
7f455081a000-7f4550a19000 ---p 0000f000 08:22 1188155                    /usr/lib/x86_64-linux-gnu/libXi.so.6.1.0
7f4550a19000-7f4550a1a000 r-xp 0000e000 08:22 1188155                    /usr/lib/x86_64-linux-gnu/libXi.so.6.1.0
7f4550a1a000-7f4550a1b000 rwxp 0000f000 08:22 1188155                    /usr/lib/x86_64-linux-gnu/libXi.so.6.1.0
7f4550a1b000-7f4550a20000 r-xp 00000000 08:22 1182462                    /usr/lib/libXtst.so.6.1.0
7f4550a20000-7f4550c1f000 ---p 00005000 08:22 1182462                    /usr/lib/libXtst.so.6.1.0
7f4550c1f000-7f4550c20000 r-xp 00004000 08:22 1182462                    /usr/lib/libXtst.so.6.1.0
7f4550c20000-7f4550c21000 rwxp 00005000 08:22 1182462                    /usr/lib/libXtst.so.6.1.0
7f4550c21000-7f4550d56000 r-xp 00000000 08:22 1188489                    /usr/lib/x86_64-linux-gnu/libX11.so.6.3.0
7f4550d56000-7f4550f56000 ---p 00135000 08:22 1188489                    /usr/lib/x86_64-linux-gnu/libX11.so.6.3.0
7f4550f56000-7f4550f57000 r-xp 00135000 08:22 1188489                    /usr/lib/x86_64-linux-gnu/libX11.so.6.3.0
7f4550f57000-7f4550f5b000 rwxp 00136000 08:22 1188489                    /usr/lib/x86_64-linux-gnu/libX11.so.6.3.0
7f4550f5b000-7f4550f6c000 r-xp 00000000 08:22 1183304                    /usr/lib/x86_64-linux-gnu/libXext.so.6.4.0
7f4550f6c000-7f455116b000 ---p 00011000 08:22 1183304                    /usr/lib/x86_64-linux-gnu/libXext.so.6.4.0
7f455116b000-7f455116c000 r-xp 00010000 08:22 1183304                    /usr/lib/x86_64-linux-gnu/libXext.so.6.4.0
7f455116c000-7f455116d000 rwxp 00011000 08:22 1183304                    /usr/lib/x86_64-linux-gnu/libXext.so.6.4.0
7f455116d000-7f4551180000 r-xs 00000000 08:22 2621573                    /var/cache/fontconfig/e13b20fdb08344e0e664864cc2ede53d-le64.cache-3
7f4551180000-7f4551184000 r-xs 00000000 08:22 2625713                    /var/cache/fontconfig/7ef2298fde41cc6eeb7af42e48b7d293-le64.cache-3
7f4551184000-7f4551198000 r-xs 00000000 08:22 2621609                    /var/cache/fontconfig/865f88548240fee46819705c6468c165-le64.cache-3
7f4551198000-7f45511da000 r-xp 00000000 08:22 1189412                    /usr/lib/jvm/java-6-sun-1.6.0.26/jre/lib/amd64/xawt/libmawt.so
7f45511da000-7f45512d9000 ---p 00042000 08:22 1189412                    /usr/lib/jvm/java-6-sun-1.6.0.26/jre/lib/amd64/xawt/libmawt.so
7f45512d9000-7f45512e5000 rwxp 00041000 08:22 1189412                    /usr/lib/jvm/java-6-sun-1.6.0.26/jre/lib/amd64/xawt/libmawt.so
7f45512e5000-7f45512e6000 rwxp 00000000 00:00 0 
7f45512e6000-7f4551378000 r-xp 00000000 08:22 1189435                    /usr/lib/jvm/java-6-sun-1.6.0.26/jre/lib/amd64/libawt.so
7f4551378000-7f4551477000 ---p 00092000 08:22 1189435                    /usr/lib/jvm/java-6-sun-1.6.0.26/jre/lib/amd64/libawt.so
7f4551477000-7f4551491000 rwxp 00091000 08:22 1189435                    /usr/lib/jvm/java-6-sun-1.6.0.26/jre/lib/amd64/libawt.so
7f4551491000-7f45514b5000 rwxp 00000000 00:00 0 
7f45514b5000-7f45514d6000 r-xs 00261000 08:24 1190172                    /home/bguaman/workspace/mt4j-core/lib/mt4j-core.jar
7f45514d6000-7f45514de000 r-xs 00045000 08:24 1190178                    /home/bguaman/workspace/mt4j-core/lib/batik-css.jar
7f45514de000-7f45514df000 r-xs 00006000 08:24 1190173                    /home/bguaman/workspace/mt4j-core/lib/ani.jar
7f45514df000-7f45514e0000 r-xs 00002000 08:24 1722383                    /home/bguaman/workspace/mt4j-desktop/examples/advanced/water/lib/waterScene.jar
7f45514e0000-7f45514e4000 r-xs 00091000 08:24 534392                     /home/bguaman/workspace/mt4j-desktop/examples/advanced/physics/lib/jbox2d.jar
7f45514e4000-7f45514e6000 r-xs 0000c000 08:24 680828                     /home/bguaman/workspace/mt4j-desktop/examples/advanced/modestMapsMT/lib/modestMaps.jar
7f45514e6000-7f45514e7000 r-xs 00001000 08:24 680669                     /home/bguaman/workspace/mt4j-desktop/examples/advanced/fluidSimulator/lib/MSAFluid.jar
7f45514e7000-7f45514eb000 r-xs 0005e000 08:24 680788                     /home/bguaman/workspace/mt4j-desktop/examples/advanced/flickrMT/lib/flickrj.jar
7f45514eb000-7f45514ed000 r-xs 0003c000 08:24 534101                     /home/bguaman/workspace/mt4j-desktop/extensions/lib/jbullet/vecmath.jar
7f45514ed000-7f45514ee000 r-xs 0000b000 08:24 534102                     /home/bguaman/workspace/mt4j-desktop/extensions/lib/jbullet/stack-alloc.jar
7f45514ee000-7f45514f7000 r-xs 0006c000 08:24 534103                     /home/bguaman/workspace/mt4j-desktop/extensions/lib/jbullet/jbullet.jar
7f45514f7000-7f45514f9000 r-xs 00008000 08:24 678443                     /home/bguaman/workspace/mt4j-desktop/lib/whirlylib/whirlycache-1.0.1.jar
7f45514f9000-7f4551501000 r-xs 0004f000 08:24 678446                     /home/bguaman/workspace/mt4j-desktop/lib/whirlylib/log4j-1.2.8.jar
7f4551501000-7f4551509000 r-xs 00028000 08:24 678540                     /home/bguaman/workspace/mt4j-desktop/lib/batik/xml-apis.jar
7f4551509000-7f4551514000 r-xs 000ad000 08:24 678533                     /home/bguaman/workspace/mt4j-desktop/lib/batik/pdf-transcoder.jar
7f4551514000-7f455151c000 r-xs 00074000 08:24 678535                     /home/bguaman/workspace/mt4j-desktop/lib/batik/js.jar
7f455151c000-7f455151d000 r-xs 00007000 08:24 678522                     /home/bguaman/workspace/mt4j-desktop/lib/batik/batik-xml.jar
7f455151d000-7f4551520000 r-xs 0001d000 08:24 678530                     /home/bguaman/workspace/mt4j-desktop/lib/batik/batik-util.jar
7f4551520000-7f4551522000 r-xs 0001c000 08:24 678524                     /home/bguaman/workspace/mt4j-desktop/lib/batik/batik-transcoder.jar
7f4551522000-7f4551527000 r-xs 00030000 08:24 678519                     /home/bguaman/workspace/mt4j-desktop/lib/batik/batik-svggen.jar
7f4551527000-7f4551534000 r-xs 00087000 08:24 678529                     /home/bguaman/workspace/mt4j-desktop/lib/batik/batik-svg-dom.jar
7f4551534000-7f4551537000 r-xs 0000d000 08:24 678525                     /home/bguaman/workspace/mt4j-desktop/lib/batik/batik-script.jar
7f4551537000-7f4551539000 r-xs 00010000 08:24 678520                     /home/bguaman/workspace/mt4j-desktop/lib/batik/batik-parser.jar
7f4551539000-7f455153d000 r-xs 00038000 08:24 678539                     /home/bguaman/workspace/mt4j-desktop/lib/batik/batik-gvt.jar
7f455153d000-7f455153e000 ---p 00000000 00:00 0 
7f455153e000-7f455163e000 rwxp 00000000 00:00 0 
7f455163e000-7f4551641000 ---p 00000000 00:00 0 
7f4551641000-7f455173f000 rwxp 00000000 00:00 0 
7f455173f000-7f4551742000 ---p 00000000 00:00 0 
7f4551742000-7f4551840000 rwxp 00000000 00:00 0 
7f4551840000-7f4551843000 ---p 00000000 00:00 0 
7f4551843000-7f4551941000 rwxp 00000000 00:00 0 
7f4551941000-7f4551944000 ---p 00000000 00:00 0 
7f4551944000-7f4551a42000 rwxp 00000000 00:00 0 
7f4551a42000-7f4551ce7000 r-xp 00000000 08:22 1179791                    /usr/lib/locale/locale-archive
7f4551ce7000-7f4551cea000 ---p 00000000 00:00 0 
7f4551cea000-7f4551de8000 rwxp 00000000 00:00 0 
7f4551de8000-7f4551deb000 ---p 00000000 00:00 0 
7f4551deb000-7f4551ee9000 rwxp 00000000 00:00 0 
7f4551ee9000-7f4551eea000 ---p 00000000 00:00 0 
7f4551eea000-7f4552523000 rwxp 00000000 00:00 0 
7f4552523000-7f45526bb000 r-xs 03029000 08:22 1202981                    /usr/lib/jvm/java-6-sun-1.6.0.26/jre/lib/rt.jar
7f45526bb000-7f45526e3000 rwxp 00000000 00:00 0 
7f45526e3000-7f45526e4000 ---p 00000000 00:00 0 
7f45526e4000-7f45527e4000 rwxp 00000000 00:00 0 
7f45527e4000-7f45527e5000 ---p 00000000 00:00 0 
7f45527e5000-7f45528e5000 rwxp 00000000 00:00 0 
7f45528e5000-7f45528e6000 ---p 00000000 00:00 0 
7f45528e6000-7f45529e6000 rwxp 00000000 00:00 0 
7f45529e6000-7f45529e7000 ---p 00000000 00:00 0 
7f45529e7000-7f4552af2000 rwxp 00000000 00:00 0 
7f4552af2000-7f4552b10000 rwxp 00000000 00:00 0 
7f4552b10000-7f4552b25000 rwxp 00000000 00:00 0 
7f4552b25000-7f4552c5b000 rwxp 00000000 00:00 0 
7f4552c5b000-7f4552c66000 rwxp 00000000 00:00 0 
7f4552c66000-7f4552c84000 rwxp 00000000 00:00 0 
7f4552c84000-7f4552c99000 rwxp 00000000 00:00 0 
7f4552c99000-7f4552dce000 rwxp 00000000 00:00 0 
7f4552dce000-7f4552de1000 rwxp 00000000 00:00 0 
7f4552de1000-7f4552e74000 rwxp 00000000 00:00 0 
7f4552e74000-7f45530e5000 rwxp 00000000 00:00 0 
7f45530e5000-7f4555e75000 rwxp 00000000 00:00 0 
7f4555e75000-7f4555e83000 r-xp 00000000 08:22 1189430                    /usr/lib/jvm/java-6-sun-1.6.0.26/jre/lib/amd64/libzip.so
7f4555e83000-7f4555f85000 ---p 0000e000 08:22 1189430                    /usr/lib/jvm/java-6-sun-1.6.0.26/jre/lib/amd64/libzip.so
7f4555f85000-7f4555f88000 rwxp 00010000 08:22 1189430                    /usr/lib/jvm/java-6-sun-1.6.0.26/jre/lib/amd64/libzip.so
7f4555f88000-7f4555f89000 rwxp 00000000 00:00 0 
7f4555f89000-7f4555f95000 r-xp 00000000 08:22 1837256                    /lib/x86_64-linux-gnu/libnss_files-2.13.so
7f4555f95000-7f4556194000 ---p 0000c000 08:22 1837256                    /lib/x86_64-linux-gnu/libnss_files-2.13.so
7f4556194000-7f4556195000 r-xp 0000b000 08:22 1837256                    /lib/x86_64-linux-gnu/libnss_files-2.13.so
7f4556195000-7f4556196000 rwxp 0000c000 08:22 1837256                    /lib/x86_64-linux-gnu/libnss_files-2.13.so
7f4556196000-7f45561a1000 r-xp 00000000 08:22 1837260                    /lib/x86_64-linux-gnu/libnss_nis-2.13.so
7f45561a1000-7f45563a0000 ---p 0000b000 08:22 1837260                    /lib/x86_64-linux-gnu/libnss_nis-2.13.so
7f45563a0000-7f45563a1000 r-xp 0000a000 08:22 1837260                    /lib/x86_64-linux-gnu/libnss_nis-2.13.so
7f45563a1000-7f45563a2000 rwxp 0000b000 08:22 1837260                    /lib/x86_64-linux-gnu/libnss_nis-2.13.so
7f45563a2000-7f45563aa000 r-xp 00000000 08:22 1837252                    /lib/x86_64-linux-gnu/libnss_compat-2.13.so
7f45563aa000-7f45565a9000 ---p 00008000 08:22 1837252                    /lib/x86_64-linux-gnu/libnss_compat-2.13.so
7f45565a9000-7f45565aa000 r-xp 00007000 08:22 1837252                    /lib/x86_64-linux-gnu/libnss_compat-2.13.so
7f45565aa000-7f45565ab000 rwxp 00008000 08:22 1837252                    /lib/x86_64-linux-gnu/libnss_compat-2.13.so
7f45565ab000-7f45565c2000 r-xp 00000000 08:22 1837250                    /lib/x86_64-linux-gnu/libnsl-2.13.so
7f45565c2000-7f45567c1000 ---p 00017000 08:22 1837250                    /lib/x86_64-linux-gnu/libnsl-2.13.so
7f45567c1000-7f45567c2000 r-xp 00016000 08:22 1837250                    /lib/x86_64-linux-gnu/libnsl-2.13.so
7f45567c2000-7f45567c3000 rwxp 00017000 08:22 1837250                    /lib/x86_64-linux-gnu/libnsl-2.13.so
7f45567c3000-7f45567c5000 rwxp 00000000 00:00 0 
7f45567c5000-7f45567ee000 r-xp 00000000 08:22 1189429                    /usr/lib/jvm/java-6-sun-1.6.0.26/jre/lib/amd64/libjava.so
7f45567ee000-7f45568ed000 ---p 00029000 08:22 1189429                    /usr/lib/jvm/java-6-sun-1.6.0.26/jre/lib/amd64/libjava.so
7f45568ed000-7f45568f4000 rwxp 00028000 08:22 1189429                    /usr/lib/jvm/java-6-sun-1.6.0.26/jre/lib/amd64/libjava.so
7f45568f4000-7f4556901000 r-xp 00000000 08:22 1189406                    /usr/lib/jvm/java-6-sun-1.6.0.26/jre/lib/amd64/libverify.so
7f4556901000-7f4556a00000 ---p 0000d000 08:22 1189406                    /usr/lib/jvm/java-6-sun-1.6.0.26/jre/lib/amd64/libverify.so
7f4556a00000-7f4556a03000 rwxp 0000c000 08:22 1189406                    /usr/lib/jvm/java-6-sun-1.6.0.26/jre/lib/amd64/libverify.so
7f4556a03000-7f4556a0a000 r-xp 00000000 08:22 1837270                    /lib/x86_64-linux-gnu/librt-2.13.so
7f4556a0a000-7f4556c09000 ---p 00007000 08:22 1837270                    /lib/x86_64-linux-gnu/librt-2.13.so
7f4556c09000-7f4556c0a000 r-xp 00006000 08:22 1837270                    /lib/x86_64-linux-gnu/librt-2.13.so
7f4556c0a000-7f4556c0b000 rwxp 00007000 08:22 1837270                    /lib/x86_64-linux-gnu/librt-2.13.so
7f4556c0b000-7f4556c0e000 ---p 00000000 00:00 0 
7f4556c0e000-7f4556d0c000 rwxp 00000000 00:00 0 
7f4556d0c000-7f4556d90000 r-xp 00000000 08:22 1837246                    /lib/x86_64-linux-gnu/libm-2.13.so
7f4556d90000-7f4556f8f000 ---p 00084000 08:22 1837246                    /lib/x86_64-linux-gnu/libm-2.13.so
7f4556f8f000-7f4556f90000 r-xp 00083000 08:22 1837246                    /lib/x86_64-linux-gnu/libm-2.13.so
7f4556f90000-7f4556f91000 rwxp 00084000 08:22 1837246                    /lib/x86_64-linux-gnu/libm-2.13.so
7f4556f91000-7f45578ab000 r-xp 00000000 08:22 1189432                    /usr/lib/jvm/java-6-sun-1.6.0.26/jre/lib/amd64/server/libjvm.so
7f45578ab000-7f45579ad000 ---p 0091a000 08:22 1189432                    /usr/lib/jvm/java-6-sun-1.6.0.26/jre/lib/amd64/server/libjvm.so
7f45579ad000-7f4557b62000 rwxp 0091c000 08:22 1189432                    /usr/lib/jvm/java-6-sun-1.6.0.26/jre/lib/amd64/server/libjvm.so
7f4557b62000-7f4557b9c000 rwxp 00000000 00:00 0 
7f4557b9c000-7f4557d26000 r-xp 00000000 08:22 1837230                    /lib/x86_64-linux-gnu/libc-2.13.so
7f4557d26000-7f4557f25000 ---p 0018a000 08:22 1837230                    /lib/x86_64-linux-gnu/libc-2.13.so
7f4557f25000-7f4557f29000 r-xp 00189000 08:22 1837230                    /lib/x86_64-linux-gnu/libc-2.13.so
7f4557f29000-7f4557f2a000 rwxp 0018d000 08:22 1837230                    /lib/x86_64-linux-gnu/libc-2.13.so
7f4557f2a000-7f4557f30000 rwxp 00000000 00:00 0 
7f4557f30000-7f4557f32000 r-xp 00000000 08:22 1837244                    /lib/x86_64-linux-gnu/libdl-2.13.so
7f4557f32000-7f4558132000 ---p 00002000 08:22 1837244                    /lib/x86_64-linux-gnu/libdl-2.13.so
7f4558132000-7f4558133000 r-xp 00002000 08:22 1837244                    /lib/x86_64-linux-gnu/libdl-2.13.so
7f4558133000-7f4558134000 rwxp 00003000 08:22 1837244                    /lib/x86_64-linux-gnu/libdl-2.13.so
7f4558134000-7f455814c000 r-xp 00000000 08:22 1837266                    /lib/x86_64-linux-gnu/libpthread-2.13.so
7f455814c000-7f455834c000 ---p 00018000 08:22 1837266                    /lib/x86_64-linux-gnu/libpthread-2.13.so
7f455834c000-7f455834d000 r-xp 00018000 08:22 1837266                    /lib/x86_64-linux-gnu/libpthread-2.13.so
7f455834d000-7f455834e000 rwxp 00019000 08:22 1837266                    /lib/x86_64-linux-gnu/libpthread-2.13.so
7f455834e000-7f4558352000 rwxp 00000000 00:00 0 
7f4558352000-7f4558373000 r-xp 00000000 08:22 1835033                    /lib/x86_64-linux-gnu/ld-2.13.so
7f4558373000-7f4558374000 r-xs 00000000 08:22 2621597                    /var/cache/fontconfig/6a53c69dea097a2d716e069445527da8-le64.cache-3
7f4558374000-7f4558376000 r-xs 0000f000 08:24 678528                     /home/bguaman/workspace/mt4j-desktop/lib/batik/batik-extension.jar
7f4558376000-7f4558377000 r-xs 00002000 08:24 678538                     /home/bguaman/workspace/mt4j-desktop/lib/batik/batik-ext.jar
7f4558377000-7f4558381000 rwxp 00000000 00:00 0 
7f4558381000-7f4558437000 rwxp 00000000 00:00 0 
7f4558437000-7f455843a000 rwxp 00000000 00:00 0 
7f455843a000-7f4558441000 r-xp 00000000 08:22 1189402                    /usr/lib/jvm/java-6-sun-1.6.0.26/jre/lib/amd64/jli/libjli.so
7f4558441000-7f4558542000 ---p 00007000 08:22 1189402                    /usr/lib/jvm/java-6-sun-1.6.0.26/jre/lib/amd64/jli/libjli.so
7f4558542000-7f4558544000 rwxp 00008000 08:22 1189402                    /usr/lib/jvm/java-6-sun-1.6.0.26/jre/lib/amd64/jli/libjli.so
7f4558544000-7f4558545000 rwxp 00000000 00:00 0 
7f4558545000-7f4558549000 r-xs 00027000 08:24 678513                     /home/bguaman/workspace/mt4j-desktop/lib/batik/batik-dom.jar
7f4558549000-7f4558553000 r-xs 00080000 08:24 678521                     /home/bguaman/workspace/mt4j-desktop/lib/batik/batik-bridge.jar
7f4558553000-7f455855a000 r-xs 0005c000 08:24 678542                     /home/bguaman/workspace/mt4j-desktop/lib/batik/batik-awt-util.jar
7f455855a000-7f455855d000 r-xs 00015000 08:24 678517                     /home/bguaman/workspace/mt4j-desktop/lib/batik/batik-anim.jar
7f455855d000-7f455855f000 r-xs 00006000 08:24 678564                     /home/bguaman/workspace/mt4j-desktop/lib/mri.jar
7f455855f000-7f4558565000 r-xs 00034000 08:24 678567                     /home/bguaman/workspace/mt4j-desktop/lib/junit-4.8.2.jar
7f4558565000-7f4558566000 r-xs 00002000 08:24 678562                     /home/bguaman/workspace/mt4j-desktop/lib/GlulogicMT.jar
7f4558566000-7f455856e000 rwxs 00000000 08:22 2103830                    /tmp/hsperfdata_bguaman/7179
7f455856e000-7f455856f000 rwxp 00000000 00:00 0 
7f455856f000-7f4558570000 r-xp 00000000 00:00 0 
7f4558570000-7f4558572000 rwxp 00000000 00:00 0 
7f4558572000-7f4558573000 r-xp 00020000 08:22 1835033                    /lib/x86_64-linux-gnu/ld-2.13.so
7f4558573000-7f4558575000 rwxp 00021000 08:22 1835033                    /lib/x86_64-linux-gnu/ld-2.13.so
7ffffaae4000-7ffffab06000 rwxp 00000000 00:00 0                          [stack]
7ffffabff000-7ffffac00000 r-xp 00000000 00:00 0                          [vdso]
ffffffffff600000-ffffffffff601000 r-xp 00000000 00:00 0                  [vsyscall]

VM Arguments:
jvm_args: -Djava.library.path=/home/bguaman/workspace/mt4j-desktop -Dfile.encoding=UTF-8 
java_command: advanced.physics.StartGlobitos
Launcher Type: SUN_STANDARD

Environment Variables:
PATH=/usr/local/sbin:/usr/local/bin:/usr/sbin:/usr/bin:/sbin:/bin:/usr/games
USERNAME=bguaman
LD_LIBRARY_PATH=/usr/lib/jvm/java-6-sun-1.6.0.26/jre/lib/amd64/server:/usr/lib/jvm/java-6-sun-1.6.0.26/jre/lib/amd64:/usr/lib/jvm/java-6-sun-1.6.0.26/jre/../lib/amd64:/usr/lib/xulrunner-1.9.2.17
SHELL=/bin/bash
DISPLAY=:0.0

Signal Handlers:
SIGSEGV: [libjvm.so+0x85f800], sa_mask[0]=0x7ffbfeff, sa_flags=0x10000004
SIGBUS: [libjvm.so+0x85f800], sa_mask[0]=0x7ffbfeff, sa_flags=0x10000004
SIGFPE: [libjvm.so+0x70e300], sa_mask[0]=0x7ffbfeff, sa_flags=0x10000004
SIGPIPE: [libjvm.so+0x70e300], sa_mask[0]=0x7ffbfeff, sa_flags=0x10000004
SIGXFSZ: [libjvm.so+0x70e300], sa_mask[0]=0x7ffbfeff, sa_flags=0x10000004
SIGILL: [libjvm.so+0x70e300], sa_mask[0]=0x7ffbfeff, sa_flags=0x10000004
SIGUSR1: SIG_DFL, sa_mask[0]=0x00000000, sa_flags=0x00000000
SIGUSR2: [libjvm.so+0x711110], sa_mask[0]=0x00000004, sa_flags=0x10000004
SIGHUP: [libjvm.so+0x710d10], sa_mask[0]=0x7ffbfeff, sa_flags=0x10000004
SIGINT: [libjvm.so+0x710d10], sa_mask[0]=0x7ffbfeff, sa_flags=0x10000004
SIGTERM: [libjvm.so+0x710d10], sa_mask[0]=0x7ffbfeff, sa_flags=0x10000004
SIGQUIT: [libjvm.so+0x710d10], sa_mask[0]=0x7ffbfeff, sa_flags=0x10000004


---------------  S Y S T E M  ---------------

OS:squeeze/sid

uname:Linux 2.6.38-13-generic #54-Ubuntu SMP Tue Jan 3 13:38:12 UTC 2012 x86_64
libc:glibc 2.13 NPTL 2.13 
rlimit: STACK 8192k, CORE 0k, NPROC infinity, NOFILE 4096, AS infinity
load average:1.09 0.38 0.18

/proc/meminfo:
MemTotal:        4056284 kB
MemFree:           34380 kB
Buffers:          334400 kB
Cached:           460452 kB
SwapCached:          196 kB
Active:          2221984 kB
Inactive:         908328 kB
Active(anon):    1825156 kB
Inactive(anon):   522624 kB
Active(file):     396828 kB
Inactive(file):   385704 kB
Unevictable:           0 kB
Mlocked:               0 kB
SwapTotal:       7815616 kB
SwapFree:        7811588 kB
Dirty:               988 kB
Writeback:             0 kB
AnonPages:       2335480 kB
Mapped:           183184 kB
Shmem:             12220 kB
Slab:             698728 kB
SReclaimable:     669000 kB
SUnreclaim:        29728 kB
KernelStack:        4080 kB
PageTables:        37304 kB
NFS_Unstable:          0 kB
Bounce:                0 kB
WritebackTmp:          0 kB
CommitLimit:     9843756 kB
Committed_AS:    4663284 kB
VmallocTotal:   34359738367 kB
VmallocUsed:      113604 kB
VmallocChunk:   34359609340 kB
HardwareCorrupted:     0 kB
HugePages_Total:       0
HugePages_Free:        0
HugePages_Rsvd:        0
HugePages_Surp:        0
Hugepagesize:       2048 kB
DirectMap4k:      410496 kB
DirectMap2M:     3782656 kB


CPU:total 4 (2 cores per cpu, 1 threads per core) family 15 model 65 stepping 3, cmov, cx8, fxsr, mmx, sse, sse2, sse3, mmxext, 3dnow, 3dnowext

/proc/cpuinfo:
processor	: 0
vendor_id	: AuthenticAMD
cpu family	: 15
model		: 65
model name	: Dual-Core AMD Opteron(tm) Processor 2218
stepping	: 3
cpu MHz		: 1000.000
cache size	: 1024 KB
physical id	: 0
siblings	: 2
core id		: 0
cpu cores	: 2
apicid		: 0
initial apicid	: 0
fpu		: yes
fpu_exception	: yes
cpuid level	: 1
wp		: yes
flags		: fpu vme de pse tsc msr pae mce cx8 apic sep mtrr pge mca cmov pat pse36 clflush mmx fxsr sse sse2 ht syscall nx mmxext fxsr_opt rdtscp lm 3dnowext 3dnow rep_good nopl extd_apicid pni cx16 lahf_lm cmp_legacy svm extapic cr8_legacy
bogomips	: 1999.99
TLB size	: 1024 4K pages
clflush size	: 64
cache_alignment	: 64
address sizes	: 40 bits physical, 48 bits virtual
power management: ts fid vid ttp tm stc

processor	: 1
vendor_id	: AuthenticAMD
cpu family	: 15
model		: 65
model name	: Dual-Core AMD Opteron(tm) Processor 2218
stepping	: 3
cpu MHz		: 1000.000
cache size	: 1024 KB
physical id	: 0
siblings	: 2
core id		: 1
cpu cores	: 2
apicid		: 1
initial apicid	: 1
fpu		: yes
fpu_exception	: yes
cpuid level	: 1
wp		: yes
flags		: fpu vme de pse tsc msr pae mce cx8 apic sep mtrr pge mca cmov pat pse36 clflush mmx fxsr sse sse2 ht syscall nx mmxext fxsr_opt rdtscp lm 3dnowext 3dnow rep_good nopl extd_apicid pni cx16 lahf_lm cmp_legacy svm extapic cr8_legacy
bogomips	: 1999.99
TLB size	: 1024 4K pages
clflush size	: 64
cache_alignment	: 64
address sizes	: 40 bits physical, 48 bits virtual
power management: ts fid vid ttp tm stc

processor	: 2
vendor_id	: AuthenticAMD
cpu family	: 15
model		: 65
model name	: Dual-Core AMD Opteron(tm) Processor 2218
stepping	: 3
cpu MHz		: 1000.000
cache size	: 1024 KB
physical id	: 1
siblings	: 2
core id		: 0
cpu cores	: 2
apicid		: 2
initial apicid	: 2
fpu		: yes
fpu_exception	: yes
cpuid level	: 1
wp		: yes
flags		: fpu vme de pse tsc msr pae mce cx8 apic sep mtrr pge mca cmov pat pse36 clflush mmx fxsr sse sse2 ht syscall nx mmxext fxsr_opt rdtscp lm 3dnowext 3dnow rep_good nopl extd_apicid pni cx16 lahf_lm cmp_legacy svm extapic cr8_legacy
bogomips	: 1999.99
TLB size	: 1024 4K pages
clflush size	: 64
cache_alignment	: 64
address sizes	: 40 bits physical, 48 bits virtual
power management: ts fid vid ttp tm stc

processor	: 3
vendor_id	: AuthenticAMD
cpu family	: 15
model		: 65
model name	: Dual-Core AMD Opteron(tm) Processor 2218
stepping	: 3
cpu MHz		: 1000.000
cache size	: 1024 KB
physical id	: 1
siblings	: 2
core id		: 1
cpu cores	: 2
apicid		: 3
initial apicid	: 3
fpu		: yes
fpu_exception	: yes
cpuid level	: 1
wp		: yes
flags		: fpu vme de pse tsc msr pae mce cx8 apic sep mtrr pge mca cmov pat pse36 clflush mmx fxsr sse sse2 ht syscall nx mmxext fxsr_opt rdtscp lm 3dnowext 3dnow rep_good nopl extd_apicid pni cx16 lahf_lm cmp_legacy svm extapic cr8_legacy
bogomips	: 1999.99
TLB size	: 1024 4K pages
clflush size	: 64
cache_alignment	: 64
address sizes	: 40 bits physical, 48 bits virtual
power management: ts fid vid ttp tm stc



Memory: 4k page, physical 4056284k(34380k free), swap 7815616k(7811588k free)

vm_info: Java HotSpot(TM) 64-Bit Server VM (20.1-b02) for linux-amd64 JRE (1.6.0_26-b03), built on May  4 2011 01:13:47 by "java_re" with gcc 3.2.2 (SuSE Linux)

time: Tue Jun  5 16:19:08 2012
elapsed time: 8 seconds

