#
# A fatal error has been detected by the Java Runtime Environment:
#
#  SIGSEGV (0xb) at pc=0x00007f2e96249b69, pid=5286, tid=139837988841216
#
# JRE version: 6.0_26-b03
# Java VM: Java HotSpot(TM) 64-Bit Server VM (20.1-b02 mixed mode linux-amd64 compressed oops)
# Problematic frame:
# C  [libGL.so.1+0x2e8b69]  __float128+0x9
#
# If you would like to submit a bug report, please visit:
#   http://java.sun.com/webapps/bugreport/crash.jsp
# The crash happened outside the Java Virtual Machine in native code.
# See problematic frame for where to report the bug.
#

---------------  T H R E A D  ---------------

Current thread (0x00007f2e8c67d800):  JavaThread "Thread-2" [_thread_in_native, id=5312, stack(0x00007f2e9196a000,0x00007f2e91a6b000)]

siginfo:si_signo=SIGSEGV: si_errno=0, si_code=1 (SEGV_MAPERR), si_addr=0x0000000000000688

Registers:
RAX=0x0000000000000000, RBX=0x00000000bdc38b08, RCX=0x0000000000000438, RDX=0x0000000000000780
RSP=0x00007f2e91a695d8, RBP=0x00007f2e91a69620, RSI=0x0000000000000000, RDI=0x0000000000000000
R8 =0x0000000000001908, R9 =0x0000000000001401, R10=0x0000000000000000, R11=0x0000000000000000
R12=0x0000000000000000, R13=0x00000000bdc38b08, R14=0x00007f2e91a69718, R15=0x00007f2e8c67d800
RIP=0x00007f2e96249b69, EFLAGS=0x0000000000010246, CSGSFS=0x0000000000000033, ERR=0x0000000000000004
  TRAPNO=0x000000000000000e

Top of Stack: (sp=0x00007f2e91a695d8)
0x00007f2e91a695d8:   00007f2e93f9fae0 00007f2e90f80000
0x00007f2e91a695e8:   00007f2e91a69670 0000078000000438
0x00007f2e91a695f8:   0000000000000000 00007f2e91a69718
0x00007f2e91a69608:   00007f2e8c67d9d0 00000000ec5fefe8
0x00007f2e91a69618:   00007f2e90f80000 00007f2e91a696b8
0x00007f2e91a69628:   00007f2e9e0bad6e 00007f2e00001908
0x00007f2e91a69638:   0000000000001401 00007f2e91a696e0
0x00007f2e91a69648:   0000000000000000 00000000001fa400
0x00007f2e91a69658:   00007f2e91a69658 00000000bce86ae0
0x00007f2e91a69668:   00007f2e91a696a8 00007f2e91a69670
0x00007f2e91a69678:   00007f2e91a69678 0000000000000000
0x00007f2e91a69688:   00007f2e91a69718 00000000bdcb4620
0x00007f2e91a69698:   0000000000000000 00000000bdc38b08
0x00007f2e91a696a8:   0000000000000000 00007f2e91a696d8
0x00007f2e91a696b8:   00007f2e91a69760 00007f2e9e0afa82
0x00007f2e91a696c8:   0000000000000000 00007f2e9e0b7f58
0x00007f2e91a696d8:   0000000000000000 00000000ebb56690
0x00007f2e91a696e8:   0000000000001401 0000000000001908
0x00007f2e91a696f8:   0000000000000438 0000000000000780
0x00007f2e91a69708:   0000000000000000 0000000000000000
0x00007f2e91a69718:   00000000ec5ff2c0 00007f2e91a69720
0x00007f2e91a69728:   00000000bdc38a0a 00007f2e91a697b0
0x00007f2e91a69738:   00000000bdcb4620 0000000000000000
0x00007f2e91a69748:   00000000bdc38a38 00007f2e91a696d8
0x00007f2e91a69758:   00007f2e91a69778 00007f2e91a697f8
0x00007f2e91a69768:   00007f2e9e0aff5c 0000000000000001
0x00007f2e91a69778:   00000000ebb56690 0000000000001401
0x00007f2e91a69788:   0000000000001908 0000000000000438
0x00007f2e91a69798:   0000000000000780 0000000000000000
0x00007f2e91a697a8:   0000000000000000 00000000ec5ff2c0
0x00007f2e91a697b8:   00007f2e91a697b8 00000000bd94a863
0x00007f2e91a697c8:   00007f2e91a69830 00000000bd9695b0 

Instructions: (pc=0x00007f2e96249b69)
0x00007f2e96249b49:   ff a0 80 06 00 00 cc cc cc cc cc cc cc cc cc cc
0x00007f2e96249b59:   cc cc cc cc cc cc cc 64 48 8b 04 25 60 ff ff ff
0x00007f2e96249b69:   ff a0 88 06 00 00 cc cc cc cc cc cc cc cc cc cc
0x00007f2e96249b79:   cc cc cc cc cc cc cc 64 48 8b 04 25 60 ff ff ff 

Register to memory mapping:

RAX=0x0000000000000000 is an unknown value
RBX=0x00000000bdc38b08 is an oop
{method} 
 - klass: {other class}
RCX=0x0000000000000438 is an unknown value
RDX=0x0000000000000780 is an unknown value
RSP=0x00007f2e91a695d8 is pointing into the stack for thread: 0x00007f2e8c67d800
RBP=0x00007f2e91a69620 is pointing into the stack for thread: 0x00007f2e8c67d800
RSI=0x0000000000000000 is an unknown value
RDI=0x0000000000000000 is an unknown value
R8 =0x0000000000001908 is an unknown value
R9 =0x0000000000001401 is an unknown value
R10=0x0000000000000000 is an unknown value
R11=0x0000000000000000 is an unknown value
R12=0x0000000000000000 is an unknown value
R13=0x00000000bdc38b08 is an oop
{method} 
 - klass: {other class}
R14=0x00007f2e91a69718 is pointing into the stack for thread: 0x00007f2e8c67d800
R15=0x00007f2e8c67d800 is a thread


Stack: [0x00007f2e9196a000,0x00007f2e91a6b000],  sp=0x00007f2e91a695d8,  free space=1021k
Native frames: (J=compiled Java code, j=interpreted, Vv=VM code, C=native code)
C  [libGL.so.1+0x2e8b69]  __float128+0x9
j  com.sun.opengl.impl.GLImpl.glReadPixels0(IIIIIILjava/lang/Object;I)V+0
j  com.sun.opengl.impl.GLImpl.glReadPixels(IIIIIILjava/nio/Buffer;)V+50
j  processing.opengl.PGraphicsOpenGL.loadPixels()V+75
j  processing.core.PImage.save(Ljava/lang/String;)V+30
j  processing.core.PApplet.saveFrame()V+38
j  advanced.drawing.DrawSurfaceScene.run()V+12
j  java.lang.Thread.run()V+11
v  ~StubRoutines::call_stub
V  [libjvm.so+0x4df5c0]  JavaCalls::call_helper(JavaValue*, methodHandle*, JavaCallArguments*, Thread*)+0x1e0
V  [libjvm.so+0x70f629]  os::os_exception_wrapper(void (*)(JavaValue*, methodHandle*, JavaCallArguments*, Thread*), JavaValue*, methodHandle*, JavaCallArguments*, Thread*)+0x19
V  [libjvm.so+0x4def06]  JavaCalls::call_virtual(JavaValue*, KlassHandle, symbolHandle, symbolHandle, JavaCallArguments*, Thread*)+0x126
V  [libjvm.so+0x4defb7]  JavaCalls::call_virtual(JavaValue*, Handle, KlassHandle, symbolHandle, symbolHandle, Thread*)+0x47
V  [libjvm.so+0x572ce0]  thread_entry(JavaThread*, Thread*)+0xa0
V  [libjvm.so+0x8190f1]  JavaThread::run()+0x121
V  [libjvm.so+0x710adf]  java_start(Thread*)+0x13f

Java frames: (J=compiled Java code, j=interpreted, Vv=VM code)
j  com.sun.opengl.impl.GLImpl.glReadPixels0(IIIIIILjava/lang/Object;I)V+0
j  com.sun.opengl.impl.GLImpl.glReadPixels(IIIIIILjava/nio/Buffer;)V+50
j  processing.opengl.PGraphicsOpenGL.loadPixels()V+75
j  processing.core.PImage.save(Ljava/lang/String;)V+30
j  processing.core.PApplet.saveFrame()V+38
j  advanced.drawing.DrawSurfaceScene.run()V+12
j  java.lang.Thread.run()V+11
v  ~StubRoutines::call_stub

---------------  P R O C E S S  ---------------

Java Threads: ( => current thread )
  0x00007f2e9852e000 JavaThread "DestroyJavaVM" [_thread_blocked, id=5291, stack(0x00007f2ea1e40000,0x00007f2ea1f41000)]
=>0x00007f2e8c67d800 JavaThread "Thread-2" [_thread_in_native, id=5312, stack(0x00007f2e9196a000,0x00007f2e91a6b000)]
  0x0000000040b41000 JavaThread "Thread-1" [_thread_in_native, id=5310, stack(0x00007f2e92c40000,0x00007f2e92d41000)]
  0x00007f2e9834e000 JavaThread "Animation Thread" [_thread_blocked, id=5309, stack(0x00007f2e9636e000,0x00007f2e9646f000)]
  0x000000004088c800 JavaThread "AWT-EventQueue-0" [_thread_blocked, id=5308, stack(0x00007f2e9646f000,0x00007f2e96570000)]
  0x00007f2e98317000 JavaThread "AWT-Shutdown" [_thread_blocked, id=5307, stack(0x00007f2e96570000,0x00007f2e96671000)]
  0x00000000407da000 JavaThread "AWT-XAWT" daemon [_thread_in_native, id=5305, stack(0x00007f2e969a6000,0x00007f2e96aa7000)]
  0x00007f2e98247000 JavaThread "Java2D Disposer" daemon [_thread_blocked, id=5304, stack(0x00007f2e9c06b000,0x00007f2e9c16c000)]
  0x00007f2e98006800 JavaThread "Low Memory Detector" daemon [_thread_blocked, id=5302, stack(0x00007f2e9c873000,0x00007f2e9c974000)]
  0x00007f2e98004000 JavaThread "C2 CompilerThread1" daemon [_thread_blocked, id=5301, stack(0x00007f2e9c974000,0x00007f2e9ca75000)]
  0x00007f2e98001000 JavaThread "C2 CompilerThread0" daemon [_thread_in_native, id=5300, stack(0x00007f2e9ca75000,0x00007f2e9cb76000)]
  0x0000000040525000 JavaThread "Signal Dispatcher" daemon [_thread_blocked, id=5299, stack(0x00007f2e9cb76000,0x00007f2e9cc77000)]
  0x0000000040504000 JavaThread "Finalizer" daemon [_thread_blocked, id=5298, stack(0x00007f2e9cf1c000,0x00007f2e9d01d000)]
  0x0000000040501800 JavaThread "Reference Handler" daemon [_thread_blocked, id=5297, stack(0x00007f2e9d01d000,0x00007f2e9d11e000)]

Other Threads:
  0x00000000404fb000 VMThread [stack: 0x00007f2e9d11e000,0x00007f2e9d21f000] [id=5296]
  0x00007f2e98011800 WatcherThread [stack: 0x00007f2e9c772000,0x00007f2e9c873000] [id=5303]

VM state:not at safepoint (normal execution)

VM Mutex/Monitor currently owned by a thread: None

Heap
 PSYoungGen      total 18496K, used 17629K [0x00000000eb560000, 0x00000000ed980000, 0x0000000100000000)
  eden space 15872K, 97% used [0x00000000eb560000,0x00000000ec470a10,0x00000000ec4e0000)
  from space 2624K, 83% used [0x00000000ec4e0000,0x00000000ec706a10,0x00000000ec770000)
  to   space 2624K, 0% used [0x00000000ed6f0000,0x00000000ed6f0000,0x00000000ed980000)
 PSOldGen        total 42304K, used 0K [0x00000000c2000000, 0x00000000c4950000, 0x00000000eb560000)
  object space 42304K, 0% used [0x00000000c2000000,0x00000000c2000000,0x00000000c4950000)
 PSPermGen       total 21248K, used 18683K [0x00000000bce00000, 0x00000000be2c0000, 0x00000000c2000000)
  object space 21248K, 87% used [0x00000000bce00000,0x00000000be03ec60,0x00000000be2c0000)

Code Cache  [0x00007f2e9e0aa000, 0x00007f2e9e31a000, 0x00007f2ea10aa000)
 total_blobs=890 nmethods=87 adapters=757 free_code_cache=49362176 largest_free_block=12736

Dynamic libraries:
40000000-40009000 r-xp 00000000 08:22 1185676                            /usr/lib/jvm/java-6-sun-1.6.0.26/jre/bin/java
40108000-4010a000 rwxp 00008000 08:22 1185676                            /usr/lib/jvm/java-6-sun-1.6.0.26/jre/bin/java
40492000-40d40000 rwxp 00000000 00:00 0                                  [heap]
40d63000-40d65000 r-xs 00000000 08:22 1993135                            /tmp/glOgoAQk (deleted)
416be000-41735000 rwxp 00000000 00:00 0 
bce00000-be2c0000 rwxp 00000000 00:00 0 
be2c0000-c2000000 rwxp 00000000 00:00 0 
c2000000-c4950000 rwxp 00000000 00:00 0 
c4950000-eb560000 rwxp 00000000 00:00 0 
eb560000-ed980000 rwxp 00000000 00:00 0 
ed980000-100000000 rwxp 00000000 00:00 0 
7f2e8c000000-7f2e8c78d000 rwxp 00000000 00:00 0 
7f2e8c78d000-7f2e90000000 ---p 00000000 00:00 0 
7f2e90eff000-7f2e90f7f000 rwxs 4d4cc000 00:05 6100                       /dev/nvidia1
7f2e90f7f000-7f2e9196a000 rwxp 00000000 00:00 0 
7f2e9196a000-7f2e9196d000 ---p 00000000 00:00 0 
7f2e9196d000-7f2e91b6b000 rwxp 00000000 00:00 0 
7f2e91b6b000-7f2e91b6e000 ---p 00000000 00:00 0 
7f2e91b6e000-7f2e92c40000 rwxp 00000000 00:00 0 
7f2e92c40000-7f2e92c43000 ---p 00000000 00:00 0 
7f2e92c43000-7f2e92d41000 rwxp 00000000 00:00 0 
7f2e92d41000-7f2e92d54000 r-xp 00000000 08:22 1189407                    /usr/lib/jvm/java-6-sun-1.6.0.26/jre/lib/amd64/libnet.so
7f2e92d54000-7f2e92e55000 ---p 00013000 08:22 1189407                    /usr/lib/jvm/java-6-sun-1.6.0.26/jre/lib/amd64/libnet.so
7f2e92e55000-7f2e92e58000 rwxp 00014000 08:22 1189407                    /usr/lib/jvm/java-6-sun-1.6.0.26/jre/lib/amd64/libnet.so
7f2e92e58000-7f2e92e98000 rwxs cff7e000 00:05 6100                       /dev/nvidia1
7f2e92e98000-7f2e92f98000 rwxs 73fc3000 00:05 6100                       /dev/nvidia1
7f2e92f98000-7f2e92f99000 rwxs b2c03000 00:05 6100                       /dev/nvidia1
7f2e92f99000-7f2e93099000 rwxs 43c6e000 00:05 6100                       /dev/nvidia1
7f2e93099000-7f2e932a9000 rwxp 00000000 00:00 0 
7f2e932a9000-7f2e93b19000 rwxs c0000000 00:05 6100                       /dev/nvidia1
7f2e93b19000-7f2e93b1b000 r-xp 00000000 08:24 696261                     /home/bguaman/workspace/PLAYmt4j/MT4JClient/mt4j-desktop/libjogl_awt.so
7f2e93b1b000-7f2e93c1a000 ---p 00002000 08:24 696261                     /home/bguaman/workspace/PLAYmt4j/MT4JClient/mt4j-desktop/libjogl_awt.so
7f2e93c1a000-7f2e93c1b000 rwxp 00001000 08:24 696261                     /home/bguaman/workspace/PLAYmt4j/MT4JClient/mt4j-desktop/libjogl_awt.so
7f2e93c1b000-7f2e93c1c000 r-xp 00000000 08:22 1189436                    /usr/lib/jvm/java-6-sun-1.6.0.26/jre/lib/amd64/libjawt.so
7f2e93c1c000-7f2e93d1b000 ---p 00001000 08:22 1189436                    /usr/lib/jvm/java-6-sun-1.6.0.26/jre/lib/amd64/libjawt.so
7f2e93d1b000-7f2e93d1c000 rwxp 00000000 08:22 1189436                    /usr/lib/jvm/java-6-sun-1.6.0.26/jre/lib/amd64/libjawt.so
7f2e93d1c000-7f2e93d21000 r-xp 00000000 08:22 1182806                    /usr/lib/x86_64-linux-gnu/libXxf86vm.so.1.0.0
7f2e93d21000-7f2e93f20000 ---p 00005000 08:22 1182806                    /usr/lib/x86_64-linux-gnu/libXxf86vm.so.1.0.0
7f2e93f20000-7f2e93f21000 r-xp 00004000 08:22 1182806                    /usr/lib/x86_64-linux-gnu/libXxf86vm.so.1.0.0
7f2e93f21000-7f2e93f22000 rwxp 00005000 08:22 1182806                    /usr/lib/x86_64-linux-gnu/libXxf86vm.so.1.0.0
7f2e93f22000-7f2e94011000 r-xp 00000000 08:24 696252                     /home/bguaman/workspace/PLAYmt4j/MT4JClient/mt4j-desktop/libjogl.so
7f2e94011000-7f2e94111000 ---p 000ef000 08:24 696252                     /home/bguaman/workspace/PLAYmt4j/MT4JClient/mt4j-desktop/libjogl.so
7f2e94111000-7f2e94112000 rwxp 000ef000 08:24 696252                     /home/bguaman/workspace/PLAYmt4j/MT4JClient/mt4j-desktop/libjogl.so
7f2e94112000-7f2e95560000 r-xp 00000000 08:22 1184078                    /usr/lib/nvidia-current/libnvidia-glcore.so.270.41.06
7f2e95560000-7f2e95760000 ---p 0144e000 08:22 1184078                    /usr/lib/nvidia-current/libnvidia-glcore.so.270.41.06
7f2e95760000-7f2e95d48000 rwxp 0144e000 08:22 1184078                    /usr/lib/nvidia-current/libnvidia-glcore.so.270.41.06
7f2e95d48000-7f2e95d5f000 rwxp 00000000 00:00 0 
7f2e95d5f000-7f2e95d60000 r-xp 00000000 08:22 1180743                    /usr/lib/nvidia-current/tls/libnvidia-tls.so.270.41.06
7f2e95d60000-7f2e95f60000 ---p 00001000 08:22 1180743                    /usr/lib/nvidia-current/tls/libnvidia-tls.so.270.41.06
7f2e95f60000-7f2e95f61000 rwxp 00001000 08:22 1180743                    /usr/lib/nvidia-current/tls/libnvidia-tls.so.270.41.06
7f2e95f61000-7f2e9601e000 r-xp 00000000 08:22 1183145                    /usr/lib/nvidia-current/libGL.so.270.41.06
7f2e9601e000-7f2e9621e000 ---p 000bd000 08:22 1183145                    /usr/lib/nvidia-current/libGL.so.270.41.06
7f2e9621e000-7f2e96257000 rwxp 000bd000 08:22 1183145                    /usr/lib/nvidia-current/libGL.so.270.41.06
7f2e96257000-7f2e9626d000 rwxp 00000000 00:00 0 
7f2e9626d000-7f2e9626e000 r-xp 00000000 08:24 696219                     /home/bguaman/workspace/PLAYmt4j/MT4JClient/mt4j-desktop/libgluegen-rt.so
7f2e9626e000-7f2e9636d000 ---p 00001000 08:24 696219                     /home/bguaman/workspace/PLAYmt4j/MT4JClient/mt4j-desktop/libgluegen-rt.so
7f2e9636d000-7f2e9636e000 rwxp 00000000 08:24 696219                     /home/bguaman/workspace/PLAYmt4j/MT4JClient/mt4j-desktop/libgluegen-rt.so
7f2e9636e000-7f2e96371000 ---p 00000000 00:00 0 
7f2e96371000-7f2e9646f000 rwxp 00000000 00:00 0 
7f2e9646f000-7f2e96472000 ---p 00000000 00:00 0 
7f2e96472000-7f2e96570000 rwxp 00000000 00:00 0 
7f2e96570000-7f2e96573000 ---p 00000000 00:00 0 
7f2e96573000-7f2e96671000 rwxp 00000000 00:00 0 
7f2e96671000-7f2e96674000 ---p 00000000 00:00 0 
7f2e96674000-7f2e96772000 rwxp 00000000 00:00 0 
7f2e96772000-7f2e9677a000 r-xp 00000000 08:22 1187959                    /usr/lib/x86_64-linux-gnu/libXrandr.so.2.2.0
7f2e9677a000-7f2e96979000 ---p 00008000 08:22 1187959                    /usr/lib/x86_64-linux-gnu/libXrandr.so.2.2.0
7f2e96979000-7f2e9697a000 r-xp 00007000 08:22 1187959                    /usr/lib/x86_64-linux-gnu/libXrandr.so.2.2.0
7f2e9697a000-7f2e9697b000 rwxp 00008000 08:22 1187959                    /usr/lib/x86_64-linux-gnu/libXrandr.so.2.2.0
7f2e969a6000-7f2e969a9000 ---p 00000000 00:00 0 
7f2e969a9000-7f2e96aa7000 rwxp 00000000 00:00 0 
7f2e96aa7000-7f2e96aac000 r-xp 00000000 08:22 1180715                    /usr/lib/x86_64-linux-gnu/libXfixes.so.3.1.0
7f2e96aac000-7f2e96cab000 ---p 00005000 08:22 1180715                    /usr/lib/x86_64-linux-gnu/libXfixes.so.3.1.0
7f2e96cab000-7f2e96cac000 r-xp 00004000 08:22 1180715                    /usr/lib/x86_64-linux-gnu/libXfixes.so.3.1.0
7f2e96cac000-7f2e96cad000 rwxp 00005000 08:22 1180715                    /usr/lib/x86_64-linux-gnu/libXfixes.so.3.1.0
7f2e96cad000-7f2e96cb6000 r-xp 00000000 08:22 1180172                    /usr/lib/x86_64-linux-gnu/libXrender.so.1.3.0
7f2e96cb6000-7f2e96eb6000 ---p 00009000 08:22 1180172                    /usr/lib/x86_64-linux-gnu/libXrender.so.1.3.0
7f2e96eb6000-7f2e96eb7000 r-xp 00009000 08:22 1180172                    /usr/lib/x86_64-linux-gnu/libXrender.so.1.3.0
7f2e96eb7000-7f2e96eb8000 rwxp 0000a000 08:22 1180172                    /usr/lib/x86_64-linux-gnu/libXrender.so.1.3.0
7f2e96eb8000-7f2e96ec1000 r-xp 00000000 08:22 1188068                    /usr/lib/x86_64-linux-gnu/libXcursor.so.1.0.2
7f2e96ec1000-7f2e970c0000 ---p 00009000 08:22 1188068                    /usr/lib/x86_64-linux-gnu/libXcursor.so.1.0.2
7f2e970c0000-7f2e970c1000 r-xp 00008000 08:22 1188068                    /usr/lib/x86_64-linux-gnu/libXcursor.so.1.0.2
7f2e970c1000-7f2e970c2000 rwxp 00009000 08:22 1188068                    /usr/lib/x86_64-linux-gnu/libXcursor.so.1.0.2
7f2e970c2000-7f2e970dd000 rwxs 140e00000 00:05 6100                      /dev/nvidia1
7f2e970dd000-7f2e970df000 r-xs 00005000 08:24 816243                     /home/bguaman/workspace/MT4jTUIO4jInputSources/tuio4jInput.jar
7f2e970df000-7f2e970e1000 r-xs 0000b000 08:24 692063                     /home/bguaman/workspace/PLAYmt4j/MT4JClient/mt4j-desktop/lib/tuio/tuio4j.jar
7f2e970e1000-7f2e970ed000 r-xs 0010f000 08:24 692263                     /home/bguaman/workspace/PLAYmt4j/MT4JClient/mt4j-desktop/lib/jogl/jogl.jar
7f2e970ed000-7f2e97166000 r-xp 00000000 08:22 1189423                    /usr/lib/jvm/java-6-sun-1.6.0.26/jre/lib/amd64/libfontmanager.so
7f2e97166000-7f2e97265000 ---p 00079000 08:22 1189423                    /usr/lib/jvm/java-6-sun-1.6.0.26/jre/lib/amd64/libfontmanager.so
7f2e97265000-7f2e9727a000 rwxp 00078000 08:22 1189423                    /usr/lib/jvm/java-6-sun-1.6.0.26/jre/lib/amd64/libfontmanager.so
7f2e9727a000-7f2e9728b000 rwxp 00000000 00:00 0 
7f2e9728b000-7f2e97290000 r-xp 00000000 08:22 1187279                    /usr/lib/x86_64-linux-gnu/libXdmcp.so.6.0.0
7f2e97290000-7f2e9748f000 ---p 00005000 08:22 1187279                    /usr/lib/x86_64-linux-gnu/libXdmcp.so.6.0.0
7f2e9748f000-7f2e97490000 r-xp 00004000 08:22 1187279                    /usr/lib/x86_64-linux-gnu/libXdmcp.so.6.0.0
7f2e97490000-7f2e97491000 rwxp 00005000 08:22 1187279                    /usr/lib/x86_64-linux-gnu/libXdmcp.so.6.0.0
7f2e97491000-7f2e97493000 r-xp 00000000 08:22 1187247                    /usr/lib/x86_64-linux-gnu/libXau.so.6.0.0
7f2e97493000-7f2e97692000 ---p 00002000 08:22 1187247                    /usr/lib/x86_64-linux-gnu/libXau.so.6.0.0
7f2e97692000-7f2e97693000 r-xp 00001000 08:22 1187247                    /usr/lib/x86_64-linux-gnu/libXau.so.6.0.0
7f2e97693000-7f2e97694000 rwxp 00002000 08:22 1187247                    /usr/lib/x86_64-linux-gnu/libXau.so.6.0.0
7f2e97694000-7f2e976af000 r-xp 00000000 08:22 1187284                    /usr/lib/x86_64-linux-gnu/libxcb.so.1.1.0
7f2e976af000-7f2e978ae000 ---p 0001b000 08:22 1187284                    /usr/lib/x86_64-linux-gnu/libxcb.so.1.1.0
7f2e978ae000-7f2e978af000 r-xp 0001a000 08:22 1187284                    /usr/lib/x86_64-linux-gnu/libxcb.so.1.1.0
7f2e978af000-7f2e978b0000 rwxp 0001b000 08:22 1187284                    /usr/lib/x86_64-linux-gnu/libxcb.so.1.1.0
7f2e978b0000-7f2e978bf000 r-xp 00000000 08:22 1188155                    /usr/lib/x86_64-linux-gnu/libXi.so.6.1.0
7f2e978bf000-7f2e97abe000 ---p 0000f000 08:22 1188155                    /usr/lib/x86_64-linux-gnu/libXi.so.6.1.0
7f2e97abe000-7f2e97abf000 r-xp 0000e000 08:22 1188155                    /usr/lib/x86_64-linux-gnu/libXi.so.6.1.0
7f2e97abf000-7f2e97ac0000 rwxp 0000f000 08:22 1188155                    /usr/lib/x86_64-linux-gnu/libXi.so.6.1.0
7f2e97ac0000-7f2e97ac5000 r-xp 00000000 08:22 1182462                    /usr/lib/libXtst.so.6.1.0
7f2e97ac5000-7f2e97cc4000 ---p 00005000 08:22 1182462                    /usr/lib/libXtst.so.6.1.0
7f2e97cc4000-7f2e97cc5000 r-xp 00004000 08:22 1182462                    /usr/lib/libXtst.so.6.1.0
7f2e97cc5000-7f2e97cc6000 rwxp 00005000 08:22 1182462                    /usr/lib/libXtst.so.6.1.0
7f2e97cc6000-7f2e97dfb000 r-xp 00000000 08:22 1188489                    /usr/lib/x86_64-linux-gnu/libX11.so.6.3.0
7f2e97dfb000-7f2e97ffb000 ---p 00135000 08:22 1188489                    /usr/lib/x86_64-linux-gnu/libX11.so.6.3.0
7f2e97ffb000-7f2e97ffc000 r-xp 00135000 08:22 1188489                    /usr/lib/x86_64-linux-gnu/libX11.so.6.3.0
7f2e97ffc000-7f2e98000000 rwxp 00136000 08:22 1188489                    /usr/lib/x86_64-linux-gnu/libX11.so.6.3.0
7f2e98000000-7f2e986d9000 rwxp 00000000 00:00 0 
7f2e986d9000-7f2e9c000000 ---p 00000000 00:00 0 
7f2e9c001000-7f2e9c003000 rwxs 00000000 08:22 1993135                    /tmp/glOgoAQk (deleted)
7f2e9c003000-7f2e9c007000 rwxs 43faf000 00:05 6100                       /dev/nvidia1
7f2e9c007000-7f2e9c008000 r-xs 00000000 08:22 2621607                    /var/cache/fontconfig/c05880de57d1f5e948fdfacc138775d9-le64.cache-3
7f2e9c008000-7f2e9c011000 r-xs 00000000 08:22 2621606                    /var/cache/fontconfig/945677eb7aeaf62f1d50efc3fb3ec7d8-le64.cache-3
7f2e9c011000-7f2e9c013000 r-xs 00000000 08:22 2621574                    /var/cache/fontconfig/99e8ed0e538f840c565b6ed5dad60d56-le64.cache-3
7f2e9c013000-7f2e9c016000 r-xs 00000000 08:22 2621604                    /var/cache/fontconfig/e383d7ea5fbe662a33d9b44caf393297-le64.cache-3
7f2e9c016000-7f2e9c018000 r-xs 00000000 08:22 2621603                    /var/cache/fontconfig/2cd17615ca594fa2959ae173292e504c-le64.cache-3
7f2e9c018000-7f2e9c019000 r-xs 00000000 08:22 2621601                    /var/cache/fontconfig/e7071f4a29fa870f4323321c154eba04-le64.cache-3
7f2e9c019000-7f2e9c01c000 r-xs 00000000 08:22 2625717                    /var/cache/fontconfig/b5ea634b0fb353b8ea17632d1f9ef766-le64.cache-3
7f2e9c01c000-7f2e9c020000 r-xs 00000000 08:22 2621600                    /var/cache/fontconfig/6eb3985aa4124903f6ff08ba781cd364-le64.cache-3
7f2e9c020000-7f2e9c021000 r-xs 00000000 08:22 2621599                    /var/cache/fontconfig/4c73fe0c47614734b17d736dbde7580a-le64.cache-3
7f2e9c021000-7f2e9c022000 r-xs 00000000 08:22 2621598                    /var/cache/fontconfig/0d8c3b2ac0904cb8a57a757ad11a4a08-le64.cache-3
7f2e9c022000-7f2e9c023000 r-xs 00000000 08:22 2621597                    /var/cache/fontconfig/6a53c69dea097a2d716e069445527da8-le64.cache-3
7f2e9c023000-7f2e9c029000 r-xs 00000000 08:22 2621596                    /var/cache/fontconfig/a755afe4a08bf5b97852ceb7400b47bc-le64.cache-3
7f2e9c029000-7f2e9c02d000 r-xs 00000000 08:22 2626406                    /var/cache/fontconfig/6d41288fd70b0be22e8c3a91e032eec0-le64.cache-3
7f2e9c02d000-7f2e9c03d000 r-xs 00000000 08:22 2621593                    /var/cache/fontconfig/0f34bcd4b6ee430af32735b75db7f02b-le64.cache-3
7f2e9c03d000-7f2e9c06b000 r-xs 00000000 08:22 2621591                    /var/cache/fontconfig/365b55f210c0a22e9a19e35191240f32-le64.cache-3
7f2e9c06b000-7f2e9c06e000 ---p 00000000 00:00 0 
7f2e9c06e000-7f2e9c16c000 rwxp 00000000 00:00 0 
7f2e9c16c000-7f2e9c17d000 r-xp 00000000 08:22 1183304                    /usr/lib/x86_64-linux-gnu/libXext.so.6.4.0
7f2e9c17d000-7f2e9c37c000 ---p 00011000 08:22 1183304                    /usr/lib/x86_64-linux-gnu/libXext.so.6.4.0
7f2e9c37c000-7f2e9c37d000 r-xp 00010000 08:22 1183304                    /usr/lib/x86_64-linux-gnu/libXext.so.6.4.0
7f2e9c37d000-7f2e9c37e000 rwxp 00011000 08:22 1183304                    /usr/lib/x86_64-linux-gnu/libXext.so.6.4.0
7f2e9c37e000-7f2e9c37f000 rwxs cffbe000 00:05 6100                       /dev/nvidia1
7f2e9c37f000-7f2e9c380000 rwxs 43fae000 00:05 6100                       /dev/nvidia1
7f2e9c380000-7f2e9c381000 rwxs 65669000 00:05 6100                       /dev/nvidia1
7f2e9c381000-7f2e9c382000 rwxs 1b344000 00:05 6100                       /dev/nvidia1
7f2e9c382000-7f2e9c383000 rwxs b2001000 00:05 6100                       /dev/nvidia1
7f2e9c383000-7f2e9c384000 r-xs 00005000 08:24 692258                     /home/bguaman/workspace/PLAYmt4j/MT4JClient/mt4j-desktop/lib/jogl/opengl.jar
7f2e9c384000-7f2e9c386000 r-xs 0005b000 08:24 692276                     /home/bguaman/workspace/PLAYmt4j/MT4JClient/mt4j-desktop/lib/core.jar
7f2e9c386000-7f2e9c390000 r-xs 00000000 08:22 2621590                    /var/cache/fontconfig/d52a8644073d54c13679302ca1180695-le64.cache-3
7f2e9c390000-7f2e9c396000 r-xs 00000000 08:22 2626487                    /var/cache/fontconfig/105b9c7e6f0a4f82d8c9b6e39c52c6f9-le64.cache-3
7f2e9c396000-7f2e9c3a9000 r-xs 00000000 08:22 2621573                    /var/cache/fontconfig/e13b20fdb08344e0e664864cc2ede53d-le64.cache-3
7f2e9c3a9000-7f2e9c3eb000 r-xp 00000000 08:22 1189412                    /usr/lib/jvm/java-6-sun-1.6.0.26/jre/lib/amd64/xawt/libmawt.so
7f2e9c3eb000-7f2e9c4ea000 ---p 00042000 08:22 1189412                    /usr/lib/jvm/java-6-sun-1.6.0.26/jre/lib/amd64/xawt/libmawt.so
7f2e9c4ea000-7f2e9c4f6000 rwxp 00041000 08:22 1189412                    /usr/lib/jvm/java-6-sun-1.6.0.26/jre/lib/amd64/xawt/libmawt.so
7f2e9c4f6000-7f2e9c4f7000 rwxp 00000000 00:00 0 
7f2e9c4f7000-7f2e9c589000 r-xp 00000000 08:22 1189435                    /usr/lib/jvm/java-6-sun-1.6.0.26/jre/lib/amd64/libawt.so
7f2e9c589000-7f2e9c688000 ---p 00092000 08:22 1189435                    /usr/lib/jvm/java-6-sun-1.6.0.26/jre/lib/amd64/libawt.so
7f2e9c688000-7f2e9c6a2000 rwxp 00091000 08:22 1189435                    /usr/lib/jvm/java-6-sun-1.6.0.26/jre/lib/amd64/libawt.so
7f2e9c6a2000-7f2e9c6c6000 rwxp 00000000 00:00 0 
7f2e9c6c6000-7f2e9c6e7000 r-xs 00261000 08:24 684919                     /home/bguaman/workspace/PLAYmt4j/MT4JClient/mt4j-core/lib/mt4j-core.jar
7f2e9c6e7000-7f2e9c6ef000 r-xs 00045000 08:24 684925                     /home/bguaman/workspace/PLAYmt4j/MT4JClient/mt4j-core/lib/batik-css.jar
7f2e9c6ef000-7f2e9c6f0000 r-xs 00006000 08:24 684920                     /home/bguaman/workspace/PLAYmt4j/MT4JClient/mt4j-core/lib/ani.jar
7f2e9c6f0000-7f2e9c6f1000 r-xs 00002000 08:24 695877                     /home/bguaman/workspace/PLAYmt4j/MT4JClient/mt4j-desktop/examples/advanced/water/lib/waterScene.jar
7f2e9c6f1000-7f2e9c6f5000 r-xs 00091000 08:24 694960                     /home/bguaman/workspace/PLAYmt4j/MT4JClient/mt4j-desktop/examples/advanced/physics/lib/jbox2d.jar
7f2e9c6f5000-7f2e9c6f7000 r-xs 0000c000 08:24 696150                     /home/bguaman/workspace/PLAYmt4j/MT4JClient/mt4j-desktop/examples/advanced/modestMapsMT/lib/modestMaps.jar
7f2e9c6f7000-7f2e9c6f8000 r-xs 00001000 08:24 695903                     /home/bguaman/workspace/PLAYmt4j/MT4JClient/mt4j-desktop/examples/advanced/fluidSimulator/lib/MSAFluid.jar
7f2e9c6f8000-7f2e9c6fc000 r-xs 0005e000 08:24 696093                     /home/bguaman/workspace/PLAYmt4j/MT4JClient/mt4j-desktop/examples/advanced/flickrMT/lib/flickrj.jar
7f2e9c6fc000-7f2e9c6fe000 r-xs 0003c000 08:24 688488                     /home/bguaman/workspace/PLAYmt4j/MT4JClient/mt4j-desktop/extensions/lib/jbullet/vecmath.jar
7f2e9c6fe000-7f2e9c6ff000 r-xs 0000b000 08:24 688489                     /home/bguaman/workspace/PLAYmt4j/MT4JClient/mt4j-desktop/extensions/lib/jbullet/stack-alloc.jar
7f2e9c6ff000-7f2e9c708000 r-xs 0006c000 08:24 688490                     /home/bguaman/workspace/PLAYmt4j/MT4JClient/mt4j-desktop/extensions/lib/jbullet/jbullet.jar
7f2e9c708000-7f2e9c70a000 r-xs 00008000 08:24 692099                     /home/bguaman/workspace/PLAYmt4j/MT4JClient/mt4j-desktop/lib/whirlylib/whirlycache-1.0.1.jar
7f2e9c70a000-7f2e9c712000 r-xs 0004f000 08:24 692104                     /home/bguaman/workspace/PLAYmt4j/MT4JClient/mt4j-desktop/lib/whirlylib/log4j-1.2.8.jar
7f2e9c712000-7f2e9c71a000 r-xs 00028000 08:24 692211                     /home/bguaman/workspace/PLAYmt4j/MT4JClient/mt4j-desktop/lib/batik/xml-apis.jar
7f2e9c71a000-7f2e9c725000 r-xs 000ad000 08:24 692204                     /home/bguaman/workspace/PLAYmt4j/MT4JClient/mt4j-desktop/lib/batik/pdf-transcoder.jar
7f2e9c725000-7f2e9c72d000 r-xs 00074000 08:24 692206                     /home/bguaman/workspace/PLAYmt4j/MT4JClient/mt4j-desktop/lib/batik/js.jar
7f2e9c72d000-7f2e9c72e000 r-xs 00007000 08:24 692193                     /home/bguaman/workspace/PLAYmt4j/MT4JClient/mt4j-desktop/lib/batik/batik-xml.jar
7f2e9c72e000-7f2e9c731000 r-xs 0001d000 08:24 692201                     /home/bguaman/workspace/PLAYmt4j/MT4JClient/mt4j-desktop/lib/batik/batik-util.jar
7f2e9c731000-7f2e9c733000 r-xs 0001c000 08:24 692195                     /home/bguaman/workspace/PLAYmt4j/MT4JClient/mt4j-desktop/lib/batik/batik-transcoder.jar
7f2e9c733000-7f2e9c738000 r-xs 00030000 08:24 692190                     /home/bguaman/workspace/PLAYmt4j/MT4JClient/mt4j-desktop/lib/batik/batik-svggen.jar
7f2e9c738000-7f2e9c745000 r-xs 00087000 08:24 692200                     /home/bguaman/workspace/PLAYmt4j/MT4JClient/mt4j-desktop/lib/batik/batik-svg-dom.jar
7f2e9c745000-7f2e9c748000 r-xs 0000d000 08:24 692196                     /home/bguaman/workspace/PLAYmt4j/MT4JClient/mt4j-desktop/lib/batik/batik-script.jar
7f2e9c748000-7f2e9c74a000 r-xs 00010000 08:24 692191                     /home/bguaman/workspace/PLAYmt4j/MT4JClient/mt4j-desktop/lib/batik/batik-parser.jar
7f2e9c74a000-7f2e9c74e000 r-xs 00038000 08:24 692210                     /home/bguaman/workspace/PLAYmt4j/MT4JClient/mt4j-desktop/lib/batik/batik-gvt.jar
7f2e9c74e000-7f2e9c750000 r-xs 0000f000 08:24 692199                     /home/bguaman/workspace/PLAYmt4j/MT4JClient/mt4j-desktop/lib/batik/batik-extension.jar
7f2e9c750000-7f2e9c751000 r-xs 00002000 08:24 692209                     /home/bguaman/workspace/PLAYmt4j/MT4JClient/mt4j-desktop/lib/batik/batik-ext.jar
7f2e9c751000-7f2e9c755000 r-xs 00027000 08:24 692184                     /home/bguaman/workspace/PLAYmt4j/MT4JClient/mt4j-desktop/lib/batik/batik-dom.jar
7f2e9c755000-7f2e9c75f000 r-xs 00080000 08:24 692192                     /home/bguaman/workspace/PLAYmt4j/MT4JClient/mt4j-desktop/lib/batik/batik-bridge.jar
7f2e9c75f000-7f2e9c766000 r-xs 0005c000 08:24 692213                     /home/bguaman/workspace/PLAYmt4j/MT4JClient/mt4j-desktop/lib/batik/batik-awt-util.jar
7f2e9c766000-7f2e9c769000 r-xs 00015000 08:24 692188                     /home/bguaman/workspace/PLAYmt4j/MT4JClient/mt4j-desktop/lib/batik/batik-anim.jar
7f2e9c769000-7f2e9c76b000 r-xs 00006000 08:24 692275                     /home/bguaman/workspace/PLAYmt4j/MT4JClient/mt4j-desktop/lib/mri.jar
7f2e9c76b000-7f2e9c771000 r-xs 00034000 08:24 692278                     /home/bguaman/workspace/PLAYmt4j/MT4JClient/mt4j-desktop/lib/junit-4.8.2.jar
7f2e9c771000-7f2e9c772000 r-xs 00002000 08:24 692273                     /home/bguaman/workspace/PLAYmt4j/MT4JClient/mt4j-desktop/lib/GlulogicMT.jar
7f2e9c772000-7f2e9c773000 ---p 00000000 00:00 0 
7f2e9c773000-7f2e9c873000 rwxp 00000000 00:00 0 
7f2e9c873000-7f2e9c876000 ---p 00000000 00:00 0 
7f2e9c876000-7f2e9c974000 rwxp 00000000 00:00 0 
7f2e9c974000-7f2e9c977000 ---p 00000000 00:00 0 
7f2e9c977000-7f2e9ca75000 rwxp 00000000 00:00 0 
7f2e9ca75000-7f2e9ca78000 ---p 00000000 00:00 0 
7f2e9ca78000-7f2e9cb76000 rwxp 00000000 00:00 0 
7f2e9cb76000-7f2e9cb79000 ---p 00000000 00:00 0 
7f2e9cb79000-7f2e9cc77000 rwxp 00000000 00:00 0 
7f2e9cc77000-7f2e9cf1c000 r-xp 00000000 08:22 1179791                    /usr/lib/locale/locale-archive
7f2e9cf1c000-7f2e9cf1f000 ---p 00000000 00:00 0 
7f2e9cf1f000-7f2e9d01d000 rwxp 00000000 00:00 0 
7f2e9d01d000-7f2e9d020000 ---p 00000000 00:00 0 
7f2e9d020000-7f2e9d11e000 rwxp 00000000 00:00 0 
7f2e9d11e000-7f2e9d11f000 ---p 00000000 00:00 0 
7f2e9d11f000-7f2e9d758000 rwxp 00000000 00:00 0 
7f2e9d758000-7f2e9d8f0000 r-xs 03029000 08:22 1202981                    /usr/lib/jvm/java-6-sun-1.6.0.26/jre/lib/rt.jar
7f2e9d8f0000-7f2e9d918000 rwxp 00000000 00:00 0 
7f2e9d918000-7f2e9d919000 ---p 00000000 00:00 0 
7f2e9d919000-7f2e9da19000 rwxp 00000000 00:00 0 
7f2e9da19000-7f2e9da1a000 ---p 00000000 00:00 0 
7f2e9da1a000-7f2e9db1a000 rwxp 00000000 00:00 0 
7f2e9db1a000-7f2e9db1b000 ---p 00000000 00:00 0 
7f2e9db1b000-7f2e9dc1b000 rwxp 00000000 00:00 0 
7f2e9dc1b000-7f2e9dc1c000 ---p 00000000 00:00 0 
7f2e9dc1c000-7f2e9dd27000 rwxp 00000000 00:00 0 
7f2e9dd27000-7f2e9dd45000 rwxp 00000000 00:00 0 
7f2e9dd45000-7f2e9dd5a000 rwxp 00000000 00:00 0 
7f2e9dd5a000-7f2e9de90000 rwxp 00000000 00:00 0 
7f2e9de90000-7f2e9de9b000 rwxp 00000000 00:00 0 
7f2e9de9b000-7f2e9deb9000 rwxp 00000000 00:00 0 
7f2e9deb9000-7f2e9dece000 rwxp 00000000 00:00 0 
7f2e9dece000-7f2e9e003000 rwxp 00000000 00:00 0 
7f2e9e003000-7f2e9e016000 rwxp 00000000 00:00 0 
7f2e9e016000-7f2e9e0a9000 rwxp 00000000 00:00 0 
7f2e9e0a9000-7f2e9e31a000 rwxp 00000000 00:00 0 
7f2e9e31a000-7f2ea10aa000 rwxp 00000000 00:00 0 
7f2ea10aa000-7f2ea10b8000 r-xp 00000000 08:22 1189430                    /usr/lib/jvm/java-6-sun-1.6.0.26/jre/lib/amd64/libzip.so
7f2ea10b8000-7f2ea11ba000 ---p 0000e000 08:22 1189430                    /usr/lib/jvm/java-6-sun-1.6.0.26/jre/lib/amd64/libzip.so
7f2ea11ba000-7f2ea11bd000 rwxp 00010000 08:22 1189430                    /usr/lib/jvm/java-6-sun-1.6.0.26/jre/lib/amd64/libzip.so
7f2ea11bd000-7f2ea11be000 rwxp 00000000 00:00 0 
7f2ea11be000-7f2ea11ca000 r-xp 00000000 08:22 1837256                    /lib/x86_64-linux-gnu/libnss_files-2.13.so
7f2ea11ca000-7f2ea13c9000 ---p 0000c000 08:22 1837256                    /lib/x86_64-linux-gnu/libnss_files-2.13.so
7f2ea13c9000-7f2ea13ca000 r-xp 0000b000 08:22 1837256                    /lib/x86_64-linux-gnu/libnss_files-2.13.so
7f2ea13ca000-7f2ea13cb000 rwxp 0000c000 08:22 1837256                    /lib/x86_64-linux-gnu/libnss_files-2.13.so
7f2ea13cb000-7f2ea13d6000 r-xp 00000000 08:22 1837260                    /lib/x86_64-linux-gnu/libnss_nis-2.13.so
7f2ea13d6000-7f2ea15d5000 ---p 0000b000 08:22 1837260                    /lib/x86_64-linux-gnu/libnss_nis-2.13.so
7f2ea15d5000-7f2ea15d6000 r-xp 0000a000 08:22 1837260                    /lib/x86_64-linux-gnu/libnss_nis-2.13.so
7f2ea15d6000-7f2ea15d7000 rwxp 0000b000 08:22 1837260                    /lib/x86_64-linux-gnu/libnss_nis-2.13.so
7f2ea15d7000-7f2ea15df000 r-xp 00000000 08:22 1837252                    /lib/x86_64-linux-gnu/libnss_compat-2.13.so
7f2ea15df000-7f2ea17de000 ---p 00008000 08:22 1837252                    /lib/x86_64-linux-gnu/libnss_compat-2.13.so
7f2ea17de000-7f2ea17df000 r-xp 00007000 08:22 1837252                    /lib/x86_64-linux-gnu/libnss_compat-2.13.so
7f2ea17df000-7f2ea17e0000 rwxp 00008000 08:22 1837252                    /lib/x86_64-linux-gnu/libnss_compat-2.13.so
7f2ea17e0000-7f2ea17f7000 r-xp 00000000 08:22 1837250                    /lib/x86_64-linux-gnu/libnsl-2.13.so
7f2ea17f7000-7f2ea19f6000 ---p 00017000 08:22 1837250                    /lib/x86_64-linux-gnu/libnsl-2.13.so
7f2ea19f6000-7f2ea19f7000 r-xp 00016000 08:22 1837250                    /lib/x86_64-linux-gnu/libnsl-2.13.so
7f2ea19f7000-7f2ea19f8000 rwxp 00017000 08:22 1837250                    /lib/x86_64-linux-gnu/libnsl-2.13.so
7f2ea19f8000-7f2ea19fa000 rwxp 00000000 00:00 0 
7f2ea19fa000-7f2ea1a23000 r-xp 00000000 08:22 1189429                    /usr/lib/jvm/java-6-sun-1.6.0.26/jre/lib/amd64/libjava.so
7f2ea1a23000-7f2ea1b22000 ---p 00029000 08:22 1189429                    /usr/lib/jvm/java-6-sun-1.6.0.26/jre/lib/amd64/libjava.so
7f2ea1b22000-7f2ea1b29000 rwxp 00028000 08:22 1189429                    /usr/lib/jvm/java-6-sun-1.6.0.26/jre/lib/amd64/libjava.so
7f2ea1b29000-7f2ea1b36000 r-xp 00000000 08:22 1189406                    /usr/lib/jvm/java-6-sun-1.6.0.26/jre/lib/amd64/libverify.so
7f2ea1b36000-7f2ea1c35000 ---p 0000d000 08:22 1189406                    /usr/lib/jvm/java-6-sun-1.6.0.26/jre/lib/amd64/libverify.so
7f2ea1c35000-7f2ea1c38000 rwxp 0000c000 08:22 1189406                    /usr/lib/jvm/java-6-sun-1.6.0.26/jre/lib/amd64/libverify.so
7f2ea1c38000-7f2ea1c3f000 r-xp 00000000 08:22 1837270                    /lib/x86_64-linux-gnu/librt-2.13.so
7f2ea1c3f000-7f2ea1e3e000 ---p 00007000 08:22 1837270                    /lib/x86_64-linux-gnu/librt-2.13.so
7f2ea1e3e000-7f2ea1e3f000 r-xp 00006000 08:22 1837270                    /lib/x86_64-linux-gnu/librt-2.13.so
7f2ea1e3f000-7f2ea1e40000 rwxp 00007000 08:22 1837270                    /lib/x86_64-linux-gnu/librt-2.13.so
7f2ea1e40000-7f2ea1e43000 ---p 00000000 00:00 0 
7f2ea1e43000-7f2ea1f41000 rwxp 00000000 00:00 0 
7f2ea1f41000-7f2ea1fc5000 r-xp 00000000 08:22 1837246                    /lib/x86_64-linux-gnu/libm-2.13.so
7f2ea1fc5000-7f2ea21c4000 ---p 00084000 08:22 1837246                    /lib/x86_64-linux-gnu/libm-2.13.so
7f2ea21c4000-7f2ea21c5000 r-xp 00083000 08:22 1837246                    /lib/x86_64-linux-gnu/libm-2.13.so
7f2ea21c5000-7f2ea21c6000 rwxp 00084000 08:22 1837246                    /lib/x86_64-linux-gnu/libm-2.13.so
7f2ea21c6000-7f2ea2ae0000 r-xp 00000000 08:22 1189432                    /usr/lib/jvm/java-6-sun-1.6.0.26/jre/lib/amd64/server/libjvm.so
7f2ea2ae0000-7f2ea2be2000 ---p 0091a000 08:22 1189432                    /usr/lib/jvm/java-6-sun-1.6.0.26/jre/lib/amd64/server/libjvm.so
7f2ea2be2000-7f2ea2d97000 rwxp 0091c000 08:22 1189432                    /usr/lib/jvm/java-6-sun-1.6.0.26/jre/lib/amd64/server/libjvm.so
7f2ea2d97000-7f2ea2dd1000 rwxp 00000000 00:00 0 
7f2ea2dd1000-7f2ea2f5b000 r-xp 00000000 08:22 1837230                    /lib/x86_64-linux-gnu/libc-2.13.so
7f2ea2f5b000-7f2ea315a000 ---p 0018a000 08:22 1837230                    /lib/x86_64-linux-gnu/libc-2.13.so
7f2ea315a000-7f2ea315e000 r-xp 00189000 08:22 1837230                    /lib/x86_64-linux-gnu/libc-2.13.so
7f2ea315e000-7f2ea315f000 rwxp 0018d000 08:22 1837230                    /lib/x86_64-linux-gnu/libc-2.13.so
7f2ea315f000-7f2ea3165000 rwxp 00000000 00:00 0 
7f2ea3165000-7f2ea3167000 r-xp 00000000 08:22 1837244                    /lib/x86_64-linux-gnu/libdl-2.13.so
7f2ea3167000-7f2ea3367000 ---p 00002000 08:22 1837244                    /lib/x86_64-linux-gnu/libdl-2.13.so
7f2ea3367000-7f2ea3368000 r-xp 00002000 08:22 1837244                    /lib/x86_64-linux-gnu/libdl-2.13.so
7f2ea3368000-7f2ea3369000 rwxp 00003000 08:22 1837244                    /lib/x86_64-linux-gnu/libdl-2.13.so
7f2ea3369000-7f2ea3381000 r-xp 00000000 08:22 1837266                    /lib/x86_64-linux-gnu/libpthread-2.13.so
7f2ea3381000-7f2ea3581000 ---p 00018000 08:22 1837266                    /lib/x86_64-linux-gnu/libpthread-2.13.so
7f2ea3581000-7f2ea3582000 r-xp 00018000 08:22 1837266                    /lib/x86_64-linux-gnu/libpthread-2.13.so
7f2ea3582000-7f2ea3583000 rwxp 00019000 08:22 1837266                    /lib/x86_64-linux-gnu/libpthread-2.13.so
7f2ea3583000-7f2ea3587000 rwxp 00000000 00:00 0 
7f2ea3587000-7f2ea35a8000 r-xp 00000000 08:22 1835033                    /lib/x86_64-linux-gnu/ld-2.13.so
7f2ea35a8000-7f2ea35aa000 r-xs 0000a000 08:24 692277                     /home/bguaman/workspace/PLAYmt4j/MT4JClient/mt4j-desktop/lib/muito_blobtracking.jar
7f2ea35aa000-7f2ea35ac000 r-xs 00004000 08:24 692253                     /home/bguaman/workspace/PLAYmt4j/MT4JClient/mt4j-desktop/lib/jogl/gluegen-rt.jar
7f2ea35ac000-7f2ea35b6000 rwxp 00000000 00:00 0 
7f2ea35b6000-7f2ea366c000 rwxp 00000000 00:00 0 
7f2ea366c000-7f2ea366f000 rwxp 00000000 00:00 0 
7f2ea366f000-7f2ea3676000 r-xp 00000000 08:22 1189402                    /usr/lib/jvm/java-6-sun-1.6.0.26/jre/lib/amd64/jli/libjli.so
7f2ea3676000-7f2ea3777000 ---p 00007000 08:22 1189402                    /usr/lib/jvm/java-6-sun-1.6.0.26/jre/lib/amd64/jli/libjli.so
7f2ea3777000-7f2ea3779000 rwxp 00008000 08:22 1189402                    /usr/lib/jvm/java-6-sun-1.6.0.26/jre/lib/amd64/jli/libjli.so
7f2ea3779000-7f2ea377a000 rwxp 00000000 00:00 0 
7f2ea377a000-7f2ea377f000 r-xs 00010000 08:24 684921                     /home/bguaman/workspace/PLAYmt4j/MT4JClient/mt4j-core/lib/xml-apis-ext.jar
7f2ea377f000-7f2ea3782000 r-xs 00000000 08:22 2621592                    /var/cache/fontconfig/d60319d88cac85ba9e1a07bd06cfbb8c-le64.cache-3
7f2ea3782000-7f2ea3783000 r-xs 00000000 08:22 2622676                    /var/cache/fontconfig/4794a0821666d79190d59a36cb4f44b5-le64.cache-3
7f2ea3783000-7f2ea3787000 r-xs 00000000 08:22 2626485                    /var/cache/fontconfig/7ef2298fde41cc6eeb7af42e48b7d293-le64.cache-3
7f2ea3787000-7f2ea379b000 r-xs 00000000 08:22 2621609                    /var/cache/fontconfig/865f88548240fee46819705c6468c165-le64.cache-3
7f2ea379b000-7f2ea37a3000 rwxs 00000000 08:22 1993131                    /tmp/hsperfdata_bguaman/5286
7f2ea37a3000-7f2ea37a4000 rwxp 00000000 00:00 0 
7f2ea37a4000-7f2ea37a5000 r-xp 00000000 00:00 0 
7f2ea37a5000-7f2ea37a7000 rwxp 00000000 00:00 0 
7f2ea37a7000-7f2ea37a8000 r-xp 00020000 08:22 1835033                    /lib/x86_64-linux-gnu/ld-2.13.so
7f2ea37a8000-7f2ea37aa000 rwxp 00021000 08:22 1835033                    /lib/x86_64-linux-gnu/ld-2.13.so
7fffbbcec000-7fffbbd0e000 rwxp 00000000 00:00 0                          [stack]
7fffbbd41000-7fffbbd42000 r-xp 00000000 00:00 0                          [vdso]
ffffffffff600000-ffffffffff601000 r-xp 00000000 00:00 0                  [vsyscall]

VM Arguments:
jvm_args: -Djava.library.path=/home/bguaman/workspace/PLAYmt4j/MT4JClient/mt4j-desktop -Dfile.encoding=UTF-8 
java_command: advanced.drawing.StartDrawExample
Launcher Type: SUN_STANDARD

Environment Variables:
PATH=/usr/local/sbin:/usr/local/bin:/usr/sbin:/usr/bin:/sbin:/bin:/usr/games
USERNAME=bguaman
LD_LIBRARY_PATH=/usr/lib/jvm/java-6-sun-1.6.0.26/jre/lib/amd64/server:/usr/lib/jvm/java-6-sun-1.6.0.26/jre/lib/amd64:/usr/lib/jvm/java-6-sun-1.6.0.26/jre/../lib/amd64:/usr/lib/xulrunner-1.9.2.17
SHELL=/bin/bash
DISPLAY=:0.0

Signal Handlers:
SIGSEGV: [libjvm.so+0x85f800], sa_mask[0]=0x7ffbfeff, sa_flags=0x10000004
SIGBUS: [libjvm.so+0x85f800], sa_mask[0]=0x7ffbfeff, sa_flags=0x10000004
SIGFPE: [libjvm.so+0x70e300], sa_mask[0]=0x7ffbfeff, sa_flags=0x10000004
SIGPIPE: [libjvm.so+0x70e300], sa_mask[0]=0x7ffbfeff, sa_flags=0x10000004
SIGXFSZ: [libjvm.so+0x70e300], sa_mask[0]=0x7ffbfeff, sa_flags=0x10000004
SIGILL: [libjvm.so+0x70e300], sa_mask[0]=0x7ffbfeff, sa_flags=0x10000004
SIGUSR1: SIG_DFL, sa_mask[0]=0x00000000, sa_flags=0x00000000
SIGUSR2: [libjvm.so+0x711110], sa_mask[0]=0x00000004, sa_flags=0x10000004
SIGHUP: [libjvm.so+0x710d10], sa_mask[0]=0x7ffbfeff, sa_flags=0x10000004
SIGINT: [libjvm.so+0x710d10], sa_mask[0]=0x7ffbfeff, sa_flags=0x10000004
SIGTERM: [libjvm.so+0x710d10], sa_mask[0]=0x7ffbfeff, sa_flags=0x10000004
SIGQUIT: [libjvm.so+0x710d10], sa_mask[0]=0x7ffbfeff, sa_flags=0x10000004


---------------  S Y S T E M  ---------------

OS:squeeze/sid

uname:Linux 2.6.38-13-generic #54-Ubuntu SMP Tue Jan 3 13:38:12 UTC 2012 x86_64
libc:glibc 2.13 NPTL 2.13 
rlimit: STACK 8192k, CORE 0k, NPROC infinity, NOFILE 4096, AS infinity
load average:0.01 0.04 0.05

/proc/meminfo:
MemTotal:        4056284 kB
MemFree:           47384 kB
Buffers:          690136 kB
Cached:           675760 kB
SwapCached:            0 kB
Active:          1785524 kB
Inactive:        1110952 kB
Active(anon):    1204076 kB
Inactive(anon):   349824 kB
Active(file):     581448 kB
Inactive(file):   761128 kB
Unevictable:           0 kB
Mlocked:               0 kB
SwapTotal:       7815616 kB
SwapFree:        7815540 kB
Dirty:              6888 kB
Writeback:             0 kB
AnonPages:       1530472 kB
Mapped:           191636 kB
Shmem:             23320 kB
Slab:             925288 kB
SReclaimable:     896184 kB
SUnreclaim:        29104 kB
KernelStack:        3584 kB
PageTables:        34984 kB
NFS_Unstable:          0 kB
Bounce:                0 kB
WritebackTmp:          0 kB
CommitLimit:     9843756 kB
Committed_AS:    3559076 kB
VmallocTotal:   34359738367 kB
VmallocUsed:      113588 kB
VmallocChunk:   34359615996 kB
HardwareCorrupted:     0 kB
HugePages_Total:       0
HugePages_Free:        0
HugePages_Rsvd:        0
HugePages_Surp:        0
Hugepagesize:       2048 kB
DirectMap4k:      250752 kB
DirectMap2M:     3942400 kB


CPU:total 4 (2 cores per cpu, 1 threads per core) family 15 model 65 stepping 3, cmov, cx8, fxsr, mmx, sse, sse2, sse3, mmxext, 3dnow, 3dnowext

/proc/cpuinfo:
processor	: 0
vendor_id	: AuthenticAMD
cpu family	: 15
model		: 65
model name	: Dual-Core AMD Opteron(tm) Processor 2218
stepping	: 3
cpu MHz		: 1000.000
cache size	: 1024 KB
physical id	: 0
siblings	: 2
core id		: 0
cpu cores	: 2
apicid		: 0
initial apicid	: 0
fpu		: yes
fpu_exception	: yes
cpuid level	: 1
wp		: yes
flags		: fpu vme de pse tsc msr pae mce cx8 apic sep mtrr pge mca cmov pat pse36 clflush mmx fxsr sse sse2 ht syscall nx mmxext fxsr_opt rdtscp lm 3dnowext 3dnow rep_good nopl extd_apicid pni cx16 lahf_lm cmp_legacy svm extapic cr8_legacy
bogomips	: 2000.01
TLB size	: 1024 4K pages
clflush size	: 64
cache_alignment	: 64
address sizes	: 40 bits physical, 48 bits virtual
power management: ts fid vid ttp tm stc

processor	: 1
vendor_id	: AuthenticAMD
cpu family	: 15
model		: 65
model name	: Dual-Core AMD Opteron(tm) Processor 2218
stepping	: 3
cpu MHz		: 1000.000
cache size	: 1024 KB
physical id	: 0
siblings	: 2
core id		: 1
cpu cores	: 2
apicid		: 1
initial apicid	: 1
fpu		: yes
fpu_exception	: yes
cpuid level	: 1
wp		: yes
flags		: fpu vme de pse tsc msr pae mce cx8 apic sep mtrr pge mca cmov pat pse36 clflush mmx fxsr sse sse2 ht syscall nx mmxext fxsr_opt rdtscp lm 3dnowext 3dnow rep_good nopl extd_apicid pni cx16 lahf_lm cmp_legacy svm extapic cr8_legacy
bogomips	: 2000.01
TLB size	: 1024 4K pages
clflush size	: 64
cache_alignment	: 64
address sizes	: 40 bits physical, 48 bits virtual
power management: ts fid vid ttp tm stc

processor	: 2
vendor_id	: AuthenticAMD
cpu family	: 15
model		: 65
model name	: Dual-Core AMD Opteron(tm) Processor 2218
stepping	: 3
cpu MHz		: 1000.000
cache size	: 1024 KB
physical id	: 1
siblings	: 2
core id		: 0
cpu cores	: 2
apicid		: 2
initial apicid	: 2
fpu		: yes
fpu_exception	: yes
cpuid level	: 1
wp		: yes
flags		: fpu vme de pse tsc msr pae mce cx8 apic sep mtrr pge mca cmov pat pse36 clflush mmx fxsr sse sse2 ht syscall nx mmxext fxsr_opt rdtscp lm 3dnowext 3dnow rep_good nopl extd_apicid pni cx16 lahf_lm cmp_legacy svm extapic cr8_legacy
bogomips	: 2000.01
TLB size	: 1024 4K pages
clflush size	: 64
cache_alignment	: 64
address sizes	: 40 bits physical, 48 bits virtual
power management: ts fid vid ttp tm stc

processor	: 3
vendor_id	: AuthenticAMD
cpu family	: 15
model		: 65
model name	: Dual-Core AMD Opteron(tm) Processor 2218
stepping	: 3
cpu MHz		: 1000.000
cache size	: 1024 KB
physical id	: 1
siblings	: 2
core id		: 1
cpu cores	: 2
apicid		: 3
initial apicid	: 3
fpu		: yes
fpu_exception	: yes
cpuid level	: 1
wp		: yes
flags		: fpu vme de pse tsc msr pae mce cx8 apic sep mtrr pge mca cmov pat pse36 clflush mmx fxsr sse sse2 ht syscall nx mmxext fxsr_opt rdtscp lm 3dnowext 3dnow rep_good nopl extd_apicid pni cx16 lahf_lm cmp_legacy svm extapic cr8_legacy
bogomips	: 2000.01
TLB size	: 1024 4K pages
clflush size	: 64
cache_alignment	: 64
address sizes	: 40 bits physical, 48 bits virtual
power management: ts fid vid ttp tm stc



Memory: 4k page, physical 4056284k(47384k free), swap 7815616k(7815540k free)

vm_info: Java HotSpot(TM) 64-Bit Server VM (20.1-b02) for linux-amd64 JRE (1.6.0_26-b03), built on May  4 2011 01:13:47 by "java_re" with gcc 3.2.2 (SuSE Linux)

time: Thu Jul 12 11:55:28 2012
elapsed time: 11 seconds

