#
# A fatal error has been detected by the Java Runtime Environment:
#
#  SIGSEGV (0xb) at pc=0x00007f69def59b69, pid=5335, tid=140092614878976
#
# JRE version: 6.0_26-b03
# Java VM: Java HotSpot(TM) 64-Bit Server VM (20.1-b02 mixed mode linux-amd64 compressed oops)
# Problematic frame:
# C  [libGL.so.1+0x2e8b69]  __float128+0x9
#
# If you would like to submit a bug report, please visit:
#   http://java.sun.com/webapps/bugreport/crash.jsp
# The crash happened outside the Java Virtual Machine in native code.
# See problematic frame for where to report the bug.
#

---------------  T H R E A D  ---------------

Current thread (0x0000000041fa1800):  JavaThread "Thread-2" [_thread_in_native, id=5364, stack(0x00007f69da7ba000,0x00007f69da8bb000)]

siginfo:si_signo=SIGSEGV: si_errno=0, si_code=1 (SEGV_MAPERR), si_addr=0x0000000000000688

Registers:
RAX=0x0000000000000000, RBX=0x00000000bdc3f010, RCX=0x0000000000000438, RDX=0x0000000000000780
RSP=0x00007f69da8b9558, RBP=0x00007f69da8b95a0, RSI=0x0000000000000000, RDI=0x0000000000000000
R8 =0x0000000000001908, R9 =0x0000000000001401, R10=0x00007f69da8b92d0, R11=0x00007f69def59b60
R12=0x0000000000000000, R13=0x00000000bdc3f010, R14=0x00007f69da8b9698, R15=0x0000000041fa1800
RIP=0x00007f69def59b69, EFLAGS=0x0000000000010202, CSGSFS=0x0000000000000033, ERR=0x0000000000000004
  TRAPNO=0x000000000000000e

Top of Stack: (sp=0x00007f69da8b9558)
0x00007f69da8b9558:   00007f69dccafae0 00007f69d9fd0000
0x00007f69da8b9568:   00007f69000000b7 0000078000000438
0x00007f69da8b9578:   0000000000000000 00007f69da8b9698
0x00007f69da8b9588:   0000000041fa19d0 00007f69da8b9638
0x00007f69da8b9598:   00007f69d9fd0000 00007f69da8b9638
0x00007f69da8b95a8:   00007f69e6e65d6e 00007f6900001908
0x00007f69da8b95b8:   00007f6900001401 00007f69da8b9660
0x00007f69da8b95c8:   00007f6900000000 00007f69da8b96e0
0x00007f69da8b95d8:   00007f69da8b9658 00000000bce86ae0
0x00007f69da8b95e8:   00007f69da8b9628 0000000041fa1800
0x00007f69da8b95f8:   00007f69da8b95f8 00000000bdc3f010
0x00007f69da8b9608:   00007f69da8b9698 00000000bdcbab28
0x00007f69da8b9618:   0000000000000000 00000000bdc3f010
0x00007f69da8b9628:   0000000000000000 00007f69da8b9658
0x00007f69da8b9638:   00007f69da8b96e0 00007f69e6e5aa82
0x00007f69da8b9648:   0000000000000000 00007f69e6e62f58
0x00007f69da8b9658:   0000000000000000 00000000ebc6d650
0x00007f69da8b9668:   0000000000001401 0000000000001908
0x00007f69da8b9678:   0000000000000438 0000000000000780
0x00007f69da8b9688:   0000000000000000 0000000000000000
0x00007f69da8b9698:   00000000ec511018 00007f69da8b96a0
0x00007f69da8b96a8:   00000000bdc3ef12 00007f69da8b9730
0x00007f69da8b96b8:   00000000bdcbab28 0000000000000000
0x00007f69da8b96c8:   00000000bdc3ef40 00007f69da8b9658
0x00007f69da8b96d8:   00007f69da8b96f8 00007f69da8b9778
0x00007f69da8b96e8:   00007f69e6e5af5c 0000000000000001
0x00007f69da8b96f8:   00000000ebc6d650 0000000000001401
0x00007f69da8b9708:   0000000000001908 0000000000000438
0x00007f69da8b9718:   0000000000000780 0000000000000000
0x00007f69da8b9728:   0000000000000000 00000000ec511018
0x00007f69da8b9738:   00007f69da8b9738 00000000bd96c333
0x00007f69da8b9748:   00007f69da8b97b0 00000000bd98fad8 

Instructions: (pc=0x00007f69def59b69)
0x00007f69def59b49:   ff a0 80 06 00 00 cc cc cc cc cc cc cc cc cc cc
0x00007f69def59b59:   cc cc cc cc cc cc cc 64 48 8b 04 25 60 ff ff ff
0x00007f69def59b69:   ff a0 88 06 00 00 cc cc cc cc cc cc cc cc cc cc
0x00007f69def59b79:   cc cc cc cc cc cc cc 64 48 8b 04 25 60 ff ff ff 

Register to memory mapping:

RAX=0x0000000000000000 is an unknown value
RBX=0x00000000bdc3f010 is an oop
{method} 
 - klass: {other class}
RCX=0x0000000000000438 is an unknown value
RDX=0x0000000000000780 is an unknown value
RSP=0x00007f69da8b9558 is pointing into the stack for thread: 0x0000000041fa1800
RBP=0x00007f69da8b95a0 is pointing into the stack for thread: 0x0000000041fa1800
RSI=0x0000000000000000 is an unknown value
RDI=0x0000000000000000 is an unknown value
R8 =0x0000000000001908 is an unknown value
R9 =0x0000000000001401 is an unknown value
R10=0x00007f69da8b92d0 is pointing into the stack for thread: 0x0000000041fa1800
R11=0x00007f69def59b60: glReadPixels+0 in /usr/lib/nvidia-current/libGL.so.1 at 0x00007f69dec71000
R12=0x0000000000000000 is an unknown value
R13=0x00000000bdc3f010 is an oop
{method} 
 - klass: {other class}
R14=0x00007f69da8b9698 is pointing into the stack for thread: 0x0000000041fa1800
R15=0x0000000041fa1800 is a thread


Stack: [0x00007f69da7ba000,0x00007f69da8bb000],  sp=0x00007f69da8b9558,  free space=1021k
Native frames: (J=compiled Java code, j=interpreted, Vv=VM code, C=native code)
C  [libGL.so.1+0x2e8b69]  __float128+0x9
j  com.sun.opengl.impl.GLImpl.glReadPixels0(IIIIIILjava/lang/Object;I)V+0
j  com.sun.opengl.impl.GLImpl.glReadPixels(IIIIIILjava/nio/Buffer;)V+50
j  processing.opengl.PGraphicsOpenGL.loadPixels()V+75
j  processing.core.PImage.save(Ljava/lang/String;)V+30
j  processing.core.PApplet.saveFrame()V+38
j  advanced.drawing.DrawSurfaceScene.run()V+12
j  java.lang.Thread.run()V+11
v  ~StubRoutines::call_stub
V  [libjvm.so+0x4df5c0]  JavaCalls::call_helper(JavaValue*, methodHandle*, JavaCallArguments*, Thread*)+0x1e0
V  [libjvm.so+0x70f629]  os::os_exception_wrapper(void (*)(JavaValue*, methodHandle*, JavaCallArguments*, Thread*), JavaValue*, methodHandle*, JavaCallArguments*, Thread*)+0x19
V  [libjvm.so+0x4def06]  JavaCalls::call_virtual(JavaValue*, KlassHandle, symbolHandle, symbolHandle, JavaCallArguments*, Thread*)+0x126
V  [libjvm.so+0x4defb7]  JavaCalls::call_virtual(JavaValue*, Handle, KlassHandle, symbolHandle, symbolHandle, Thread*)+0x47
V  [libjvm.so+0x572ce0]  thread_entry(JavaThread*, Thread*)+0xa0
V  [libjvm.so+0x8190f1]  JavaThread::run()+0x121
V  [libjvm.so+0x710adf]  java_start(Thread*)+0x13f

Java frames: (J=compiled Java code, j=interpreted, Vv=VM code)
j  com.sun.opengl.impl.GLImpl.glReadPixels0(IIIIIILjava/lang/Object;I)V+0
j  com.sun.opengl.impl.GLImpl.glReadPixels(IIIIIILjava/nio/Buffer;)V+50
j  processing.opengl.PGraphicsOpenGL.loadPixels()V+75
j  processing.core.PImage.save(Ljava/lang/String;)V+30
j  processing.core.PApplet.saveFrame()V+38
j  advanced.drawing.DrawSurfaceScene.run()V+12
j  java.lang.Thread.run()V+11
v  ~StubRoutines::call_stub

---------------  P R O C E S S  ---------------

Java Threads: ( => current thread )
=>0x0000000041fa1800 JavaThread "Thread-2" [_thread_in_native, id=5364, stack(0x00007f69da7ba000,0x00007f69da8bb000)]
  0x0000000041af1000 JavaThread "Thread-1" [_thread_in_native, id=5362, stack(0x00007f69db990000,0x00007f69dba91000)]
  0x00007f69e043c000 JavaThread "DestroyJavaVM" [_thread_blocked, id=5340, stack(0x00007f69eabeb000,0x00007f69eacec000)]
  0x0000000041851000 JavaThread "Animation Thread" [_thread_blocked, id=5361, stack(0x00007f69df07e000,0x00007f69df17f000)]
  0x00007f69e047d800 JavaThread "AWT-EventQueue-0" [_thread_blocked, id=5357, stack(0x00007f69df17f000,0x00007f69df280000)]
  0x00007f69e047c800 JavaThread "AWT-Shutdown" [_thread_blocked, id=5356, stack(0x00007f69df280000,0x00007f69df381000)]
  0x0000000041828000 JavaThread "AWT-XAWT" daemon [_thread_in_native, id=5354, stack(0x00007f69df7b8000,0x00007f69df8b9000)]
  0x00007f69e024d000 JavaThread "Java2D Disposer" daemon [_thread_blocked, id=5353, stack(0x00007f69dfeff000,0x00007f69e0000000)]
  0x00007f69e002d800 JavaThread "Low Memory Detector" daemon [_thread_blocked, id=5351, stack(0x00007f69e561e000,0x00007f69e571f000)]
  0x00007f69e002b000 JavaThread "C2 CompilerThread1" daemon [_thread_blocked, id=5350, stack(0x00007f69e571f000,0x00007f69e5820000)]
  0x00007f69e0028000 JavaThread "C2 CompilerThread0" daemon [_thread_blocked, id=5349, stack(0x00007f69e5820000,0x00007f69e5921000)]
  0x00007f69e0026000 JavaThread "Signal Dispatcher" daemon [_thread_blocked, id=5348, stack(0x00007f69e5921000,0x00007f69e5a22000)]
  0x00007f69e000a000 JavaThread "Finalizer" daemon [_thread_blocked, id=5347, stack(0x00007f69e5cc7000,0x00007f69e5dc8000)]
  0x00007f69e0008000 JavaThread "Reference Handler" daemon [_thread_blocked, id=5346, stack(0x00007f69e5dc8000,0x00007f69e5ec9000)]

Other Threads:
  0x00007f69e0001000 VMThread [stack: 0x00007f69e5ec9000,0x00007f69e5fca000] [id=5345]
  0x00007f69e0040800 WatcherThread [stack: 0x00007f69e551d000,0x00007f69e561e000] [id=5352]

VM state:not at safepoint (normal execution)

VM Mutex/Monitor currently owned by a thread: None

Heap
 PSYoungGen      total 18496K, used 17583K [0x00000000eb560000, 0x00000000eca00000, 0x0000000100000000)
  eden space 15872K, 97% used [0x00000000eb560000,0x00000000ec4692b8,0x00000000ec4e0000)
  from space 2624K, 83% used [0x00000000ec4e0000,0x00000000ec7029e0,0x00000000ec770000)
  to   space 2624K, 0% used [0x00000000ec770000,0x00000000ec770000,0x00000000eca00000)
 PSOldGen        total 42304K, used 0K [0x00000000c2000000, 0x00000000c4950000, 0x00000000eb560000)
  object space 42304K, 0% used [0x00000000c2000000,0x00000000c2000000,0x00000000c4950000)
 PSPermGen       total 21248K, used 18330K [0x00000000bce00000, 0x00000000be2c0000, 0x00000000c2000000)
  object space 21248K, 86% used [0x00000000bce00000,0x00000000bdfe6860,0x00000000be2c0000)

Code Cache  [0x00007f69e6e55000, 0x00007f69e70c5000, 0x00007f69e9e55000)
 total_blobs=888 nmethods=89 adapters=753 free_code_cache=49358656 largest_free_block=14208

Dynamic libraries:
40000000-40009000 r-xp 00000000 08:22 1185676                            /usr/lib/jvm/java-6-sun-1.6.0.26/jre/bin/java
40108000-4010a000 rwxp 00008000 08:22 1185676                            /usr/lib/jvm/java-6-sun-1.6.0.26/jre/bin/java
4010a000-40181000 rwxp 00000000 00:00 0 
40760000-40762000 r-xs 00000000 08:22 1993131                            /tmp/gl1F2Qlu (deleted)
414d3000-420b9000 rwxp 00000000 00:00 0                                  [heap]
bce00000-be2c0000 rwxp 00000000 00:00 0 
be2c0000-c2000000 rwxp 00000000 00:00 0 
c2000000-c4950000 rwxp 00000000 00:00 0 
c4950000-eb560000 rwxp 00000000 00:00 0 
eb560000-eca00000 rwxp 00000000 00:00 0 
eca00000-100000000 rwxp 00000000 00:00 0 
7f69d9fcf000-7f69da7ba000 rwxp 00000000 00:00 0 
7f69da7ba000-7f69da7bd000 ---p 00000000 00:00 0 
7f69da7bd000-7f69da8bb000 rwxp 00000000 00:00 0 
7f69da8bb000-7f69da8be000 ---p 00000000 00:00 0 
7f69da8be000-7f69db990000 rwxp 00000000 00:00 0 
7f69db990000-7f69db993000 ---p 00000000 00:00 0 
7f69db993000-7f69dba91000 rwxp 00000000 00:00 0 
7f69dba91000-7f69dbaa4000 r-xp 00000000 08:22 1189407                    /usr/lib/jvm/java-6-sun-1.6.0.26/jre/lib/amd64/libnet.so
7f69dbaa4000-7f69dbba5000 ---p 00013000 08:22 1189407                    /usr/lib/jvm/java-6-sun-1.6.0.26/jre/lib/amd64/libnet.so
7f69dbba5000-7f69dbba8000 rwxp 00014000 08:22 1189407                    /usr/lib/jvm/java-6-sun-1.6.0.26/jre/lib/amd64/libnet.so
7f69dbba8000-7f69dbca8000 rwxs 36e50000 00:05 6100                       /dev/nvidia1
7f69dbca8000-7f69dbca9000 rwxs b2c03000 00:05 6100                       /dev/nvidia1
7f69dbca9000-7f69dbda9000 rwxs 43ecf000 00:05 6100                       /dev/nvidia1
7f69dbda9000-7f69dbfb9000 rwxp 00000000 00:00 0 
7f69dbfb9000-7f69dc829000 rwxs c0000000 00:05 6100                       /dev/nvidia1
7f69dc829000-7f69dc82b000 r-xp 00000000 08:24 696261                     /home/bguaman/workspace/PLAYmt4j/MT4JClient/mt4j-desktop/libjogl_awt.so
7f69dc82b000-7f69dc92a000 ---p 00002000 08:24 696261                     /home/bguaman/workspace/PLAYmt4j/MT4JClient/mt4j-desktop/libjogl_awt.so
7f69dc92a000-7f69dc92b000 rwxp 00001000 08:24 696261                     /home/bguaman/workspace/PLAYmt4j/MT4JClient/mt4j-desktop/libjogl_awt.so
7f69dc92b000-7f69dc92c000 r-xp 00000000 08:22 1189436                    /usr/lib/jvm/java-6-sun-1.6.0.26/jre/lib/amd64/libjawt.so
7f69dc92c000-7f69dca2b000 ---p 00001000 08:22 1189436                    /usr/lib/jvm/java-6-sun-1.6.0.26/jre/lib/amd64/libjawt.so
7f69dca2b000-7f69dca2c000 rwxp 00000000 08:22 1189436                    /usr/lib/jvm/java-6-sun-1.6.0.26/jre/lib/amd64/libjawt.so
7f69dca2c000-7f69dca31000 r-xp 00000000 08:22 1182806                    /usr/lib/x86_64-linux-gnu/libXxf86vm.so.1.0.0
7f69dca31000-7f69dcc30000 ---p 00005000 08:22 1182806                    /usr/lib/x86_64-linux-gnu/libXxf86vm.so.1.0.0
7f69dcc30000-7f69dcc31000 r-xp 00004000 08:22 1182806                    /usr/lib/x86_64-linux-gnu/libXxf86vm.so.1.0.0
7f69dcc31000-7f69dcc32000 rwxp 00005000 08:22 1182806                    /usr/lib/x86_64-linux-gnu/libXxf86vm.so.1.0.0
7f69dcc32000-7f69dcd21000 r-xp 00000000 08:24 696252                     /home/bguaman/workspace/PLAYmt4j/MT4JClient/mt4j-desktop/libjogl.so
7f69dcd21000-7f69dce21000 ---p 000ef000 08:24 696252                     /home/bguaman/workspace/PLAYmt4j/MT4JClient/mt4j-desktop/libjogl.so
7f69dce21000-7f69dce22000 rwxp 000ef000 08:24 696252                     /home/bguaman/workspace/PLAYmt4j/MT4JClient/mt4j-desktop/libjogl.so
7f69dce22000-7f69de270000 r-xp 00000000 08:22 1184078                    /usr/lib/nvidia-current/libnvidia-glcore.so.270.41.06
7f69de270000-7f69de470000 ---p 0144e000 08:22 1184078                    /usr/lib/nvidia-current/libnvidia-glcore.so.270.41.06
7f69de470000-7f69dea58000 rwxp 0144e000 08:22 1184078                    /usr/lib/nvidia-current/libnvidia-glcore.so.270.41.06
7f69dea58000-7f69dea6f000 rwxp 00000000 00:00 0 
7f69dea6f000-7f69dea70000 r-xp 00000000 08:22 1180743                    /usr/lib/nvidia-current/tls/libnvidia-tls.so.270.41.06
7f69dea70000-7f69dec70000 ---p 00001000 08:22 1180743                    /usr/lib/nvidia-current/tls/libnvidia-tls.so.270.41.06
7f69dec70000-7f69dec71000 rwxp 00001000 08:22 1180743                    /usr/lib/nvidia-current/tls/libnvidia-tls.so.270.41.06
7f69dec71000-7f69ded2e000 r-xp 00000000 08:22 1183145                    /usr/lib/nvidia-current/libGL.so.270.41.06
7f69ded2e000-7f69def2e000 ---p 000bd000 08:22 1183145                    /usr/lib/nvidia-current/libGL.so.270.41.06
7f69def2e000-7f69def67000 rwxp 000bd000 08:22 1183145                    /usr/lib/nvidia-current/libGL.so.270.41.06
7f69def67000-7f69def7d000 rwxp 00000000 00:00 0 
7f69def7d000-7f69def7e000 r-xp 00000000 08:24 696219                     /home/bguaman/workspace/PLAYmt4j/MT4JClient/mt4j-desktop/libgluegen-rt.so
7f69def7e000-7f69df07d000 ---p 00001000 08:24 696219                     /home/bguaman/workspace/PLAYmt4j/MT4JClient/mt4j-desktop/libgluegen-rt.so
7f69df07d000-7f69df07e000 rwxp 00000000 08:24 696219                     /home/bguaman/workspace/PLAYmt4j/MT4JClient/mt4j-desktop/libgluegen-rt.so
7f69df07e000-7f69df081000 ---p 00000000 00:00 0 
7f69df081000-7f69df17f000 rwxp 00000000 00:00 0 
7f69df17f000-7f69df182000 ---p 00000000 00:00 0 
7f69df182000-7f69df280000 rwxp 00000000 00:00 0 
7f69df280000-7f69df283000 ---p 00000000 00:00 0 
7f69df283000-7f69df381000 rwxp 00000000 00:00 0 
7f69df381000-7f69df389000 r-xp 00000000 08:22 1187959                    /usr/lib/x86_64-linux-gnu/libXrandr.so.2.2.0
7f69df389000-7f69df588000 ---p 00008000 08:22 1187959                    /usr/lib/x86_64-linux-gnu/libXrandr.so.2.2.0
7f69df588000-7f69df589000 r-xp 00007000 08:22 1187959                    /usr/lib/x86_64-linux-gnu/libXrandr.so.2.2.0
7f69df589000-7f69df58a000 rwxp 00008000 08:22 1187959                    /usr/lib/x86_64-linux-gnu/libXrandr.so.2.2.0
7f69df58a000-7f69df58b000 r-xs 00000000 08:22 2621607                    /var/cache/fontconfig/c05880de57d1f5e948fdfacc138775d9-le64.cache-3
7f69df58b000-7f69df594000 r-xs 00000000 08:22 2621606                    /var/cache/fontconfig/945677eb7aeaf62f1d50efc3fb3ec7d8-le64.cache-3
7f69df594000-7f69df596000 r-xs 00000000 08:22 2621574                    /var/cache/fontconfig/99e8ed0e538f840c565b6ed5dad60d56-le64.cache-3
7f69df596000-7f69df599000 r-xs 00000000 08:22 2621604                    /var/cache/fontconfig/e383d7ea5fbe662a33d9b44caf393297-le64.cache-3
7f69df599000-7f69df59b000 r-xs 00000000 08:22 2621603                    /var/cache/fontconfig/2cd17615ca594fa2959ae173292e504c-le64.cache-3
7f69df59b000-7f69df59c000 r-xs 00000000 08:22 2621601                    /var/cache/fontconfig/e7071f4a29fa870f4323321c154eba04-le64.cache-3
7f69df59c000-7f69df59f000 r-xs 00000000 08:22 2625717                    /var/cache/fontconfig/b5ea634b0fb353b8ea17632d1f9ef766-le64.cache-3
7f69df59f000-7f69df5a3000 r-xs 00000000 08:22 2621600                    /var/cache/fontconfig/6eb3985aa4124903f6ff08ba781cd364-le64.cache-3
7f69df5a3000-7f69df5a4000 r-xs 00000000 08:22 2621599                    /var/cache/fontconfig/4c73fe0c47614734b17d736dbde7580a-le64.cache-3
7f69df5a4000-7f69df5a5000 r-xs 00000000 08:22 2621598                    /var/cache/fontconfig/0d8c3b2ac0904cb8a57a757ad11a4a08-le64.cache-3
7f69df5a5000-7f69df5a6000 r-xs 00000000 08:22 2621597                    /var/cache/fontconfig/6a53c69dea097a2d716e069445527da8-le64.cache-3
7f69df5a6000-7f69df5ac000 r-xs 00000000 08:22 2621596                    /var/cache/fontconfig/a755afe4a08bf5b97852ceb7400b47bc-le64.cache-3
7f69df5ac000-7f69df5b0000 r-xs 00000000 08:22 2626406                    /var/cache/fontconfig/6d41288fd70b0be22e8c3a91e032eec0-le64.cache-3
7f69df5b0000-7f69df5c0000 r-xs 00000000 08:22 2621593                    /var/cache/fontconfig/0f34bcd4b6ee430af32735b75db7f02b-le64.cache-3
7f69df5c0000-7f69df5ee000 r-xs 00000000 08:22 2621591                    /var/cache/fontconfig/365b55f210c0a22e9a19e35191240f32-le64.cache-3
7f69df675000-7f69df677000 rwxs 00000000 08:22 1993131                    /tmp/gl1F2Qlu (deleted)
7f69df677000-7f69df6b7000 rwxs cff7e000 00:05 6100                       /dev/nvidia1
7f69df6b7000-7f69df6ba000 ---p 00000000 00:00 0 
7f69df6ba000-7f69df7b8000 rwxp 00000000 00:00 0 
7f69df7b8000-7f69df7bb000 ---p 00000000 00:00 0 
7f69df7bb000-7f69df8b9000 rwxp 00000000 00:00 0 
7f69df8b9000-7f69df8be000 r-xp 00000000 08:22 1180715                    /usr/lib/x86_64-linux-gnu/libXfixes.so.3.1.0
7f69df8be000-7f69dfabd000 ---p 00005000 08:22 1180715                    /usr/lib/x86_64-linux-gnu/libXfixes.so.3.1.0
7f69dfabd000-7f69dfabe000 r-xp 00004000 08:22 1180715                    /usr/lib/x86_64-linux-gnu/libXfixes.so.3.1.0
7f69dfabe000-7f69dfabf000 rwxp 00005000 08:22 1180715                    /usr/lib/x86_64-linux-gnu/libXfixes.so.3.1.0
7f69dfabf000-7f69dfac8000 r-xp 00000000 08:22 1180172                    /usr/lib/x86_64-linux-gnu/libXrender.so.1.3.0
7f69dfac8000-7f69dfcc8000 ---p 00009000 08:22 1180172                    /usr/lib/x86_64-linux-gnu/libXrender.so.1.3.0
7f69dfcc8000-7f69dfcc9000 r-xp 00009000 08:22 1180172                    /usr/lib/x86_64-linux-gnu/libXrender.so.1.3.0
7f69dfcc9000-7f69dfcca000 rwxp 0000a000 08:22 1180172                    /usr/lib/x86_64-linux-gnu/libXrender.so.1.3.0
7f69dfcca000-7f69dfcd3000 r-xp 00000000 08:22 1188068                    /usr/lib/x86_64-linux-gnu/libXcursor.so.1.0.2
7f69dfcd3000-7f69dfed2000 ---p 00009000 08:22 1188068                    /usr/lib/x86_64-linux-gnu/libXcursor.so.1.0.2
7f69dfed2000-7f69dfed3000 r-xp 00008000 08:22 1188068                    /usr/lib/x86_64-linux-gnu/libXcursor.so.1.0.2
7f69dfed3000-7f69dfed4000 rwxp 00009000 08:22 1188068                    /usr/lib/x86_64-linux-gnu/libXcursor.so.1.0.2
7f69dfed4000-7f69dfed8000 rwxs 36d19000 00:05 6100                       /dev/nvidia1
7f69dfed8000-7f69dfef3000 rwxs 140e00000 00:05 6100                      /dev/nvidia1
7f69dfef3000-7f69dfeff000 r-xs 0010f000 08:24 692263                     /home/bguaman/workspace/PLAYmt4j/MT4JClient/mt4j-desktop/lib/jogl/jogl.jar
7f69dfeff000-7f69dff02000 ---p 00000000 00:00 0 
7f69dff02000-7f69e0000000 rwxp 00000000 00:00 0 
7f69e0000000-7f69e0dea000 rwxp 00000000 00:00 0 
7f69e0dea000-7f69e4000000 ---p 00000000 00:00 0 
7f69e4000000-7f69e4001000 rwxs cffbe000 00:05 6100                       /dev/nvidia1
7f69e4001000-7f69e4002000 rwxs 65732000 00:05 6100                       /dev/nvidia1
7f69e4002000-7f69e4003000 rwxs 73ffc000 00:05 6100                       /dev/nvidia1
7f69e4003000-7f69e4004000 rwxs 1eb83000 00:05 6100                       /dev/nvidia1
7f69e4004000-7f69e407d000 r-xp 00000000 08:22 1189423                    /usr/lib/jvm/java-6-sun-1.6.0.26/jre/lib/amd64/libfontmanager.so
7f69e407d000-7f69e417c000 ---p 00079000 08:22 1189423                    /usr/lib/jvm/java-6-sun-1.6.0.26/jre/lib/amd64/libfontmanager.so
7f69e417c000-7f69e4191000 rwxp 00078000 08:22 1189423                    /usr/lib/jvm/java-6-sun-1.6.0.26/jre/lib/amd64/libfontmanager.so
7f69e4191000-7f69e41a2000 rwxp 00000000 00:00 0 
7f69e41a2000-7f69e41a7000 r-xp 00000000 08:22 1187279                    /usr/lib/x86_64-linux-gnu/libXdmcp.so.6.0.0
7f69e41a7000-7f69e43a6000 ---p 00005000 08:22 1187279                    /usr/lib/x86_64-linux-gnu/libXdmcp.so.6.0.0
7f69e43a6000-7f69e43a7000 r-xp 00004000 08:22 1187279                    /usr/lib/x86_64-linux-gnu/libXdmcp.so.6.0.0
7f69e43a7000-7f69e43a8000 rwxp 00005000 08:22 1187279                    /usr/lib/x86_64-linux-gnu/libXdmcp.so.6.0.0
7f69e43a8000-7f69e43aa000 r-xp 00000000 08:22 1187247                    /usr/lib/x86_64-linux-gnu/libXau.so.6.0.0
7f69e43aa000-7f69e45a9000 ---p 00002000 08:22 1187247                    /usr/lib/x86_64-linux-gnu/libXau.so.6.0.0
7f69e45a9000-7f69e45aa000 r-xp 00001000 08:22 1187247                    /usr/lib/x86_64-linux-gnu/libXau.so.6.0.0
7f69e45aa000-7f69e45ab000 rwxp 00002000 08:22 1187247                    /usr/lib/x86_64-linux-gnu/libXau.so.6.0.0
7f69e45ab000-7f69e45c6000 r-xp 00000000 08:22 1187284                    /usr/lib/x86_64-linux-gnu/libxcb.so.1.1.0
7f69e45c6000-7f69e47c5000 ---p 0001b000 08:22 1187284                    /usr/lib/x86_64-linux-gnu/libxcb.so.1.1.0
7f69e47c5000-7f69e47c6000 r-xp 0001a000 08:22 1187284                    /usr/lib/x86_64-linux-gnu/libxcb.so.1.1.0
7f69e47c6000-7f69e47c7000 rwxp 0001b000 08:22 1187284                    /usr/lib/x86_64-linux-gnu/libxcb.so.1.1.0
7f69e47c7000-7f69e47d6000 r-xp 00000000 08:22 1188155                    /usr/lib/x86_64-linux-gnu/libXi.so.6.1.0
7f69e47d6000-7f69e49d5000 ---p 0000f000 08:22 1188155                    /usr/lib/x86_64-linux-gnu/libXi.so.6.1.0
7f69e49d5000-7f69e49d6000 r-xp 0000e000 08:22 1188155                    /usr/lib/x86_64-linux-gnu/libXi.so.6.1.0
7f69e49d6000-7f69e49d7000 rwxp 0000f000 08:22 1188155                    /usr/lib/x86_64-linux-gnu/libXi.so.6.1.0
7f69e49d7000-7f69e49dc000 r-xp 00000000 08:22 1182462                    /usr/lib/libXtst.so.6.1.0
7f69e49dc000-7f69e4bdb000 ---p 00005000 08:22 1182462                    /usr/lib/libXtst.so.6.1.0
7f69e4bdb000-7f69e4bdc000 r-xp 00004000 08:22 1182462                    /usr/lib/libXtst.so.6.1.0
7f69e4bdc000-7f69e4bdd000 rwxp 00005000 08:22 1182462                    /usr/lib/libXtst.so.6.1.0
7f69e4bdd000-7f69e4d12000 r-xp 00000000 08:22 1188489                    /usr/lib/x86_64-linux-gnu/libX11.so.6.3.0
7f69e4d12000-7f69e4f12000 ---p 00135000 08:22 1188489                    /usr/lib/x86_64-linux-gnu/libX11.so.6.3.0
7f69e4f12000-7f69e4f13000 r-xp 00135000 08:22 1188489                    /usr/lib/x86_64-linux-gnu/libX11.so.6.3.0
7f69e4f13000-7f69e4f17000 rwxp 00136000 08:22 1188489                    /usr/lib/x86_64-linux-gnu/libX11.so.6.3.0
7f69e4f17000-7f69e4f28000 r-xp 00000000 08:22 1183304                    /usr/lib/x86_64-linux-gnu/libXext.so.6.4.0
7f69e4f28000-7f69e5127000 ---p 00011000 08:22 1183304                    /usr/lib/x86_64-linux-gnu/libXext.so.6.4.0
7f69e5127000-7f69e5128000 r-xp 00010000 08:22 1183304                    /usr/lib/x86_64-linux-gnu/libXext.so.6.4.0
7f69e5128000-7f69e5129000 rwxp 00011000 08:22 1183304                    /usr/lib/x86_64-linux-gnu/libXext.so.6.4.0
7f69e5129000-7f69e512a000 rwxs b2001000 00:05 6100                       /dev/nvidia1
7f69e512a000-7f69e512c000 r-xs 00005000 08:24 816243                     /home/bguaman/workspace/MT4jTUIO4jInputSources/tuio4jInput.jar
7f69e512c000-7f69e512e000 r-xs 0000b000 08:24 692063                     /home/bguaman/workspace/PLAYmt4j/MT4JClient/mt4j-desktop/lib/tuio/tuio4j.jar
7f69e512e000-7f69e512f000 r-xs 00005000 08:24 692258                     /home/bguaman/workspace/PLAYmt4j/MT4JClient/mt4j-desktop/lib/jogl/opengl.jar
7f69e512f000-7f69e5131000 r-xs 0005b000 08:24 692276                     /home/bguaman/workspace/PLAYmt4j/MT4JClient/mt4j-desktop/lib/core.jar
7f69e5131000-7f69e513b000 r-xs 00000000 08:22 2621590                    /var/cache/fontconfig/d52a8644073d54c13679302ca1180695-le64.cache-3
7f69e513b000-7f69e5141000 r-xs 00000000 08:22 2626487                    /var/cache/fontconfig/105b9c7e6f0a4f82d8c9b6e39c52c6f9-le64.cache-3
7f69e5141000-7f69e5154000 r-xs 00000000 08:22 2621573                    /var/cache/fontconfig/e13b20fdb08344e0e664864cc2ede53d-le64.cache-3
7f69e5154000-7f69e5196000 r-xp 00000000 08:22 1189412                    /usr/lib/jvm/java-6-sun-1.6.0.26/jre/lib/amd64/xawt/libmawt.so
7f69e5196000-7f69e5295000 ---p 00042000 08:22 1189412                    /usr/lib/jvm/java-6-sun-1.6.0.26/jre/lib/amd64/xawt/libmawt.so
7f69e5295000-7f69e52a1000 rwxp 00041000 08:22 1189412                    /usr/lib/jvm/java-6-sun-1.6.0.26/jre/lib/amd64/xawt/libmawt.so
7f69e52a1000-7f69e52a2000 rwxp 00000000 00:00 0 
7f69e52a2000-7f69e5334000 r-xp 00000000 08:22 1189435                    /usr/lib/jvm/java-6-sun-1.6.0.26/jre/lib/amd64/libawt.so
7f69e5334000-7f69e5433000 ---p 00092000 08:22 1189435                    /usr/lib/jvm/java-6-sun-1.6.0.26/jre/lib/amd64/libawt.so
7f69e5433000-7f69e544d000 rwxp 00091000 08:22 1189435                    /usr/lib/jvm/java-6-sun-1.6.0.26/jre/lib/amd64/libawt.so
7f69e544d000-7f69e5471000 rwxp 00000000 00:00 0 
7f69e5471000-7f69e5492000 r-xs 00261000 08:24 684919                     /home/bguaman/workspace/PLAYmt4j/MT4JClient/mt4j-core/lib/mt4j-core.jar
7f69e5492000-7f69e549a000 r-xs 00045000 08:24 684925                     /home/bguaman/workspace/PLAYmt4j/MT4JClient/mt4j-core/lib/batik-css.jar
7f69e549a000-7f69e549b000 r-xs 00006000 08:24 684920                     /home/bguaman/workspace/PLAYmt4j/MT4JClient/mt4j-core/lib/ani.jar
7f69e549b000-7f69e549c000 r-xs 00002000 08:24 695877                     /home/bguaman/workspace/PLAYmt4j/MT4JClient/mt4j-desktop/examples/advanced/water/lib/waterScene.jar
7f69e549c000-7f69e54a0000 r-xs 00091000 08:24 694960                     /home/bguaman/workspace/PLAYmt4j/MT4JClient/mt4j-desktop/examples/advanced/physics/lib/jbox2d.jar
7f69e54a0000-7f69e54a2000 r-xs 0000c000 08:24 696150                     /home/bguaman/workspace/PLAYmt4j/MT4JClient/mt4j-desktop/examples/advanced/modestMapsMT/lib/modestMaps.jar
7f69e54a2000-7f69e54a3000 r-xs 00001000 08:24 695903                     /home/bguaman/workspace/PLAYmt4j/MT4JClient/mt4j-desktop/examples/advanced/fluidSimulator/lib/MSAFluid.jar
7f69e54a3000-7f69e54a7000 r-xs 0005e000 08:24 696093                     /home/bguaman/workspace/PLAYmt4j/MT4JClient/mt4j-desktop/examples/advanced/flickrMT/lib/flickrj.jar
7f69e54a7000-7f69e54a9000 r-xs 0003c000 08:24 688488                     /home/bguaman/workspace/PLAYmt4j/MT4JClient/mt4j-desktop/extensions/lib/jbullet/vecmath.jar
7f69e54a9000-7f69e54aa000 r-xs 0000b000 08:24 688489                     /home/bguaman/workspace/PLAYmt4j/MT4JClient/mt4j-desktop/extensions/lib/jbullet/stack-alloc.jar
7f69e54aa000-7f69e54b3000 r-xs 0006c000 08:24 688490                     /home/bguaman/workspace/PLAYmt4j/MT4JClient/mt4j-desktop/extensions/lib/jbullet/jbullet.jar
7f69e54b3000-7f69e54b5000 r-xs 00008000 08:24 692099                     /home/bguaman/workspace/PLAYmt4j/MT4JClient/mt4j-desktop/lib/whirlylib/whirlycache-1.0.1.jar
7f69e54b5000-7f69e54bd000 r-xs 0004f000 08:24 692104                     /home/bguaman/workspace/PLAYmt4j/MT4JClient/mt4j-desktop/lib/whirlylib/log4j-1.2.8.jar
7f69e54bd000-7f69e54c5000 r-xs 00028000 08:24 692211                     /home/bguaman/workspace/PLAYmt4j/MT4JClient/mt4j-desktop/lib/batik/xml-apis.jar
7f69e54c5000-7f69e54d0000 r-xs 000ad000 08:24 692204                     /home/bguaman/workspace/PLAYmt4j/MT4JClient/mt4j-desktop/lib/batik/pdf-transcoder.jar
7f69e54d0000-7f69e54d8000 r-xs 00074000 08:24 692206                     /home/bguaman/workspace/PLAYmt4j/MT4JClient/mt4j-desktop/lib/batik/js.jar
7f69e54d8000-7f69e54d9000 r-xs 00007000 08:24 692193                     /home/bguaman/workspace/PLAYmt4j/MT4JClient/mt4j-desktop/lib/batik/batik-xml.jar
7f69e54d9000-7f69e54dc000 r-xs 0001d000 08:24 692201                     /home/bguaman/workspace/PLAYmt4j/MT4JClient/mt4j-desktop/lib/batik/batik-util.jar
7f69e54dc000-7f69e54de000 r-xs 0001c000 08:24 692195                     /home/bguaman/workspace/PLAYmt4j/MT4JClient/mt4j-desktop/lib/batik/batik-transcoder.jar
7f69e54de000-7f69e54e3000 r-xs 00030000 08:24 692190                     /home/bguaman/workspace/PLAYmt4j/MT4JClient/mt4j-desktop/lib/batik/batik-svggen.jar
7f69e54e3000-7f69e54f0000 r-xs 00087000 08:24 692200                     /home/bguaman/workspace/PLAYmt4j/MT4JClient/mt4j-desktop/lib/batik/batik-svg-dom.jar
7f69e54f0000-7f69e54f3000 r-xs 0000d000 08:24 692196                     /home/bguaman/workspace/PLAYmt4j/MT4JClient/mt4j-desktop/lib/batik/batik-script.jar
7f69e54f3000-7f69e54f5000 r-xs 00010000 08:24 692191                     /home/bguaman/workspace/PLAYmt4j/MT4JClient/mt4j-desktop/lib/batik/batik-parser.jar
7f69e54f5000-7f69e54f9000 r-xs 00038000 08:24 692210                     /home/bguaman/workspace/PLAYmt4j/MT4JClient/mt4j-desktop/lib/batik/batik-gvt.jar
7f69e54f9000-7f69e54fb000 r-xs 0000f000 08:24 692199                     /home/bguaman/workspace/PLAYmt4j/MT4JClient/mt4j-desktop/lib/batik/batik-extension.jar
7f69e54fb000-7f69e54fc000 r-xs 00002000 08:24 692209                     /home/bguaman/workspace/PLAYmt4j/MT4JClient/mt4j-desktop/lib/batik/batik-ext.jar
7f69e54fc000-7f69e5500000 r-xs 00027000 08:24 692184                     /home/bguaman/workspace/PLAYmt4j/MT4JClient/mt4j-desktop/lib/batik/batik-dom.jar
7f69e5500000-7f69e550a000 r-xs 00080000 08:24 692192                     /home/bguaman/workspace/PLAYmt4j/MT4JClient/mt4j-desktop/lib/batik/batik-bridge.jar
7f69e550a000-7f69e5511000 r-xs 0005c000 08:24 692213                     /home/bguaman/workspace/PLAYmt4j/MT4JClient/mt4j-desktop/lib/batik/batik-awt-util.jar
7f69e5511000-7f69e5514000 r-xs 00015000 08:24 692188                     /home/bguaman/workspace/PLAYmt4j/MT4JClient/mt4j-desktop/lib/batik/batik-anim.jar
7f69e5514000-7f69e5516000 r-xs 00006000 08:24 692275                     /home/bguaman/workspace/PLAYmt4j/MT4JClient/mt4j-desktop/lib/mri.jar
7f69e5516000-7f69e551c000 r-xs 00034000 08:24 692278                     /home/bguaman/workspace/PLAYmt4j/MT4JClient/mt4j-desktop/lib/junit-4.8.2.jar
7f69e551c000-7f69e551d000 r-xs 00002000 08:24 692273                     /home/bguaman/workspace/PLAYmt4j/MT4JClient/mt4j-desktop/lib/GlulogicMT.jar
7f69e551d000-7f69e551e000 ---p 00000000 00:00 0 
7f69e551e000-7f69e561e000 rwxp 00000000 00:00 0 
7f69e561e000-7f69e5621000 ---p 00000000 00:00 0 
7f69e5621000-7f69e571f000 rwxp 00000000 00:00 0 
7f69e571f000-7f69e5722000 ---p 00000000 00:00 0 
7f69e5722000-7f69e5820000 rwxp 00000000 00:00 0 
7f69e5820000-7f69e5823000 ---p 00000000 00:00 0 
7f69e5823000-7f69e5921000 rwxp 00000000 00:00 0 
7f69e5921000-7f69e5924000 ---p 00000000 00:00 0 
7f69e5924000-7f69e5a22000 rwxp 00000000 00:00 0 
7f69e5a22000-7f69e5cc7000 r-xp 00000000 08:22 1179791                    /usr/lib/locale/locale-archive
7f69e5cc7000-7f69e5cca000 ---p 00000000 00:00 0 
7f69e5cca000-7f69e5dc8000 rwxp 00000000 00:00 0 
7f69e5dc8000-7f69e5dcb000 ---p 00000000 00:00 0 
7f69e5dcb000-7f69e5ec9000 rwxp 00000000 00:00 0 
7f69e5ec9000-7f69e5eca000 ---p 00000000 00:00 0 
7f69e5eca000-7f69e6503000 rwxp 00000000 00:00 0 
7f69e6503000-7f69e669b000 r-xs 03029000 08:22 1202981                    /usr/lib/jvm/java-6-sun-1.6.0.26/jre/lib/rt.jar
7f69e669b000-7f69e66c3000 rwxp 00000000 00:00 0 
7f69e66c3000-7f69e66c4000 ---p 00000000 00:00 0 
7f69e66c4000-7f69e67c4000 rwxp 00000000 00:00 0 
7f69e67c4000-7f69e67c5000 ---p 00000000 00:00 0 
7f69e67c5000-7f69e68c5000 rwxp 00000000 00:00 0 
7f69e68c5000-7f69e68c6000 ---p 00000000 00:00 0 
7f69e68c6000-7f69e69c6000 rwxp 00000000 00:00 0 
7f69e69c6000-7f69e69c7000 ---p 00000000 00:00 0 
7f69e69c7000-7f69e6ad2000 rwxp 00000000 00:00 0 
7f69e6ad2000-7f69e6af0000 rwxp 00000000 00:00 0 
7f69e6af0000-7f69e6b05000 rwxp 00000000 00:00 0 
7f69e6b05000-7f69e6c3b000 rwxp 00000000 00:00 0 
7f69e6c3b000-7f69e6c46000 rwxp 00000000 00:00 0 
7f69e6c46000-7f69e6c64000 rwxp 00000000 00:00 0 
7f69e6c64000-7f69e6c79000 rwxp 00000000 00:00 0 
7f69e6c79000-7f69e6dae000 rwxp 00000000 00:00 0 
7f69e6dae000-7f69e6db9000 rwxp 00000000 00:00 0 
7f69e6db9000-7f69e6e54000 rwxp 00000000 00:00 0 
7f69e6e54000-7f69e70c5000 rwxp 00000000 00:00 0 
7f69e70c5000-7f69e9e55000 rwxp 00000000 00:00 0 
7f69e9e55000-7f69e9e63000 r-xp 00000000 08:22 1189430                    /usr/lib/jvm/java-6-sun-1.6.0.26/jre/lib/amd64/libzip.so
7f69e9e63000-7f69e9f65000 ---p 0000e000 08:22 1189430                    /usr/lib/jvm/java-6-sun-1.6.0.26/jre/lib/amd64/libzip.so
7f69e9f65000-7f69e9f68000 rwxp 00010000 08:22 1189430                    /usr/lib/jvm/java-6-sun-1.6.0.26/jre/lib/amd64/libzip.so
7f69e9f68000-7f69e9f69000 rwxp 00000000 00:00 0 
7f69e9f69000-7f69e9f75000 r-xp 00000000 08:22 1837256                    /lib/x86_64-linux-gnu/libnss_files-2.13.so
7f69e9f75000-7f69ea174000 ---p 0000c000 08:22 1837256                    /lib/x86_64-linux-gnu/libnss_files-2.13.so
7f69ea174000-7f69ea175000 r-xp 0000b000 08:22 1837256                    /lib/x86_64-linux-gnu/libnss_files-2.13.so
7f69ea175000-7f69ea176000 rwxp 0000c000 08:22 1837256                    /lib/x86_64-linux-gnu/libnss_files-2.13.so
7f69ea176000-7f69ea181000 r-xp 00000000 08:22 1837260                    /lib/x86_64-linux-gnu/libnss_nis-2.13.so
7f69ea181000-7f69ea380000 ---p 0000b000 08:22 1837260                    /lib/x86_64-linux-gnu/libnss_nis-2.13.so
7f69ea380000-7f69ea381000 r-xp 0000a000 08:22 1837260                    /lib/x86_64-linux-gnu/libnss_nis-2.13.so
7f69ea381000-7f69ea382000 rwxp 0000b000 08:22 1837260                    /lib/x86_64-linux-gnu/libnss_nis-2.13.so
7f69ea382000-7f69ea38a000 r-xp 00000000 08:22 1837252                    /lib/x86_64-linux-gnu/libnss_compat-2.13.so
7f69ea38a000-7f69ea589000 ---p 00008000 08:22 1837252                    /lib/x86_64-linux-gnu/libnss_compat-2.13.so
7f69ea589000-7f69ea58a000 r-xp 00007000 08:22 1837252                    /lib/x86_64-linux-gnu/libnss_compat-2.13.so
7f69ea58a000-7f69ea58b000 rwxp 00008000 08:22 1837252                    /lib/x86_64-linux-gnu/libnss_compat-2.13.so
7f69ea58b000-7f69ea5a2000 r-xp 00000000 08:22 1837250                    /lib/x86_64-linux-gnu/libnsl-2.13.so
7f69ea5a2000-7f69ea7a1000 ---p 00017000 08:22 1837250                    /lib/x86_64-linux-gnu/libnsl-2.13.so
7f69ea7a1000-7f69ea7a2000 r-xp 00016000 08:22 1837250                    /lib/x86_64-linux-gnu/libnsl-2.13.so
7f69ea7a2000-7f69ea7a3000 rwxp 00017000 08:22 1837250                    /lib/x86_64-linux-gnu/libnsl-2.13.so
7f69ea7a3000-7f69ea7a5000 rwxp 00000000 00:00 0 
7f69ea7a5000-7f69ea7ce000 r-xp 00000000 08:22 1189429                    /usr/lib/jvm/java-6-sun-1.6.0.26/jre/lib/amd64/libjava.so
7f69ea7ce000-7f69ea8cd000 ---p 00029000 08:22 1189429                    /usr/lib/jvm/java-6-sun-1.6.0.26/jre/lib/amd64/libjava.so
7f69ea8cd000-7f69ea8d4000 rwxp 00028000 08:22 1189429                    /usr/lib/jvm/java-6-sun-1.6.0.26/jre/lib/amd64/libjava.so
7f69ea8d4000-7f69ea8e1000 r-xp 00000000 08:22 1189406                    /usr/lib/jvm/java-6-sun-1.6.0.26/jre/lib/amd64/libverify.so
7f69ea8e1000-7f69ea9e0000 ---p 0000d000 08:22 1189406                    /usr/lib/jvm/java-6-sun-1.6.0.26/jre/lib/amd64/libverify.so
7f69ea9e0000-7f69ea9e3000 rwxp 0000c000 08:22 1189406                    /usr/lib/jvm/java-6-sun-1.6.0.26/jre/lib/amd64/libverify.so
7f69ea9e3000-7f69ea9ea000 r-xp 00000000 08:22 1837270                    /lib/x86_64-linux-gnu/librt-2.13.so
7f69ea9ea000-7f69eabe9000 ---p 00007000 08:22 1837270                    /lib/x86_64-linux-gnu/librt-2.13.so
7f69eabe9000-7f69eabea000 r-xp 00006000 08:22 1837270                    /lib/x86_64-linux-gnu/librt-2.13.so
7f69eabea000-7f69eabeb000 rwxp 00007000 08:22 1837270                    /lib/x86_64-linux-gnu/librt-2.13.so
7f69eabeb000-7f69eabee000 ---p 00000000 00:00 0 
7f69eabee000-7f69eacec000 rwxp 00000000 00:00 0 
7f69eacec000-7f69ead70000 r-xp 00000000 08:22 1837246                    /lib/x86_64-linux-gnu/libm-2.13.so
7f69ead70000-7f69eaf6f000 ---p 00084000 08:22 1837246                    /lib/x86_64-linux-gnu/libm-2.13.so
7f69eaf6f000-7f69eaf70000 r-xp 00083000 08:22 1837246                    /lib/x86_64-linux-gnu/libm-2.13.so
7f69eaf70000-7f69eaf71000 rwxp 00084000 08:22 1837246                    /lib/x86_64-linux-gnu/libm-2.13.so
7f69eaf71000-7f69eb88b000 r-xp 00000000 08:22 1189432                    /usr/lib/jvm/java-6-sun-1.6.0.26/jre/lib/amd64/server/libjvm.so
7f69eb88b000-7f69eb98d000 ---p 0091a000 08:22 1189432                    /usr/lib/jvm/java-6-sun-1.6.0.26/jre/lib/amd64/server/libjvm.so
7f69eb98d000-7f69ebb42000 rwxp 0091c000 08:22 1189432                    /usr/lib/jvm/java-6-sun-1.6.0.26/jre/lib/amd64/server/libjvm.so
7f69ebb42000-7f69ebb7c000 rwxp 00000000 00:00 0 
7f69ebb7c000-7f69ebd06000 r-xp 00000000 08:22 1837230                    /lib/x86_64-linux-gnu/libc-2.13.so
7f69ebd06000-7f69ebf05000 ---p 0018a000 08:22 1837230                    /lib/x86_64-linux-gnu/libc-2.13.so
7f69ebf05000-7f69ebf09000 r-xp 00189000 08:22 1837230                    /lib/x86_64-linux-gnu/libc-2.13.so
7f69ebf09000-7f69ebf0a000 rwxp 0018d000 08:22 1837230                    /lib/x86_64-linux-gnu/libc-2.13.so
7f69ebf0a000-7f69ebf10000 rwxp 00000000 00:00 0 
7f69ebf10000-7f69ebf12000 r-xp 00000000 08:22 1837244                    /lib/x86_64-linux-gnu/libdl-2.13.so
7f69ebf12000-7f69ec112000 ---p 00002000 08:22 1837244                    /lib/x86_64-linux-gnu/libdl-2.13.so
7f69ec112000-7f69ec113000 r-xp 00002000 08:22 1837244                    /lib/x86_64-linux-gnu/libdl-2.13.so
7f69ec113000-7f69ec114000 rwxp 00003000 08:22 1837244                    /lib/x86_64-linux-gnu/libdl-2.13.so
7f69ec114000-7f69ec12c000 r-xp 00000000 08:22 1837266                    /lib/x86_64-linux-gnu/libpthread-2.13.so
7f69ec12c000-7f69ec32c000 ---p 00018000 08:22 1837266                    /lib/x86_64-linux-gnu/libpthread-2.13.so
7f69ec32c000-7f69ec32d000 r-xp 00018000 08:22 1837266                    /lib/x86_64-linux-gnu/libpthread-2.13.so
7f69ec32d000-7f69ec32e000 rwxp 00019000 08:22 1837266                    /lib/x86_64-linux-gnu/libpthread-2.13.so
7f69ec32e000-7f69ec332000 rwxp 00000000 00:00 0 
7f69ec332000-7f69ec353000 r-xp 00000000 08:22 1835033                    /lib/x86_64-linux-gnu/ld-2.13.so
7f69ec353000-7f69ec355000 r-xs 0000a000 08:24 692277                     /home/bguaman/workspace/PLAYmt4j/MT4JClient/mt4j-desktop/lib/muito_blobtracking.jar
7f69ec355000-7f69ec357000 r-xs 00004000 08:24 692253                     /home/bguaman/workspace/PLAYmt4j/MT4JClient/mt4j-desktop/lib/jogl/gluegen-rt.jar
7f69ec357000-7f69ec361000 rwxp 00000000 00:00 0 
7f69ec361000-7f69ec417000 rwxp 00000000 00:00 0 
7f69ec417000-7f69ec41a000 rwxp 00000000 00:00 0 
7f69ec41a000-7f69ec421000 r-xp 00000000 08:22 1189402                    /usr/lib/jvm/java-6-sun-1.6.0.26/jre/lib/amd64/jli/libjli.so
7f69ec421000-7f69ec522000 ---p 00007000 08:22 1189402                    /usr/lib/jvm/java-6-sun-1.6.0.26/jre/lib/amd64/jli/libjli.so
7f69ec522000-7f69ec524000 rwxp 00008000 08:22 1189402                    /usr/lib/jvm/java-6-sun-1.6.0.26/jre/lib/amd64/jli/libjli.so
7f69ec524000-7f69ec525000 rwxp 00000000 00:00 0 
7f69ec525000-7f69ec52a000 r-xs 00010000 08:24 684921                     /home/bguaman/workspace/PLAYmt4j/MT4JClient/mt4j-core/lib/xml-apis-ext.jar
7f69ec52a000-7f69ec52d000 r-xs 00000000 08:22 2621592                    /var/cache/fontconfig/d60319d88cac85ba9e1a07bd06cfbb8c-le64.cache-3
7f69ec52d000-7f69ec52e000 r-xs 00000000 08:22 2622676                    /var/cache/fontconfig/4794a0821666d79190d59a36cb4f44b5-le64.cache-3
7f69ec52e000-7f69ec532000 r-xs 00000000 08:22 2626485                    /var/cache/fontconfig/7ef2298fde41cc6eeb7af42e48b7d293-le64.cache-3
7f69ec532000-7f69ec546000 r-xs 00000000 08:22 2621609                    /var/cache/fontconfig/865f88548240fee46819705c6468c165-le64.cache-3
7f69ec546000-7f69ec54e000 rwxs 00000000 08:22 1993113                    /tmp/hsperfdata_bguaman/5335
7f69ec54e000-7f69ec54f000 rwxp 00000000 00:00 0 
7f69ec54f000-7f69ec550000 r-xp 00000000 00:00 0 
7f69ec550000-7f69ec552000 rwxp 00000000 00:00 0 
7f69ec552000-7f69ec553000 r-xp 00020000 08:22 1835033                    /lib/x86_64-linux-gnu/ld-2.13.so
7f69ec553000-7f69ec555000 rwxp 00021000 08:22 1835033                    /lib/x86_64-linux-gnu/ld-2.13.so
7fff7c887000-7fff7c8a9000 rwxp 00000000 00:00 0                          [stack]
7fff7c9f7000-7fff7c9f8000 r-xp 00000000 00:00 0                          [vdso]
ffffffffff600000-ffffffffff601000 r-xp 00000000 00:00 0                  [vsyscall]

VM Arguments:
jvm_args: -Djava.library.path=/home/bguaman/workspace/PLAYmt4j/MT4JClient/mt4j-desktop -Dfile.encoding=UTF-8 
java_command: advanced.drawing.StartDrawExample
Launcher Type: SUN_STANDARD

Environment Variables:
PATH=/usr/local/sbin:/usr/local/bin:/usr/sbin:/usr/bin:/sbin:/bin:/usr/games
USERNAME=bguaman
LD_LIBRARY_PATH=/usr/lib/jvm/java-6-sun-1.6.0.26/jre/lib/amd64/server:/usr/lib/jvm/java-6-sun-1.6.0.26/jre/lib/amd64:/usr/lib/jvm/java-6-sun-1.6.0.26/jre/../lib/amd64:/usr/lib/xulrunner-1.9.2.17
SHELL=/bin/bash
DISPLAY=:0.0

Signal Handlers:
SIGSEGV: [libjvm.so+0x85f800], sa_mask[0]=0x7ffbfeff, sa_flags=0x10000004
SIGBUS: [libjvm.so+0x85f800], sa_mask[0]=0x7ffbfeff, sa_flags=0x10000004
SIGFPE: [libjvm.so+0x70e300], sa_mask[0]=0x7ffbfeff, sa_flags=0x10000004
SIGPIPE: [libjvm.so+0x70e300], sa_mask[0]=0x7ffbfeff, sa_flags=0x10000004
SIGXFSZ: [libjvm.so+0x70e300], sa_mask[0]=0x7ffbfeff, sa_flags=0x10000004
SIGILL: [libjvm.so+0x70e300], sa_mask[0]=0x7ffbfeff, sa_flags=0x10000004
SIGUSR1: SIG_DFL, sa_mask[0]=0x00000000, sa_flags=0x00000000
SIGUSR2: [libjvm.so+0x711110], sa_mask[0]=0x00000004, sa_flags=0x10000004
SIGHUP: [libjvm.so+0x710d10], sa_mask[0]=0x7ffbfeff, sa_flags=0x10000004
SIGINT: [libjvm.so+0x710d10], sa_mask[0]=0x7ffbfeff, sa_flags=0x10000004
SIGTERM: [libjvm.so+0x710d10], sa_mask[0]=0x7ffbfeff, sa_flags=0x10000004
SIGQUIT: [libjvm.so+0x710d10], sa_mask[0]=0x7ffbfeff, sa_flags=0x10000004


---------------  S Y S T E M  ---------------

OS:squeeze/sid

uname:Linux 2.6.38-13-generic #54-Ubuntu SMP Tue Jan 3 13:38:12 UTC 2012 x86_64
libc:glibc 2.13 NPTL 2.13 
rlimit: STACK 8192k, CORE 0k, NPROC infinity, NOFILE 4096, AS infinity
load average:0.00 0.04 0.05

/proc/meminfo:
MemTotal:        4056284 kB
MemFree:           54220 kB
Buffers:          690288 kB
Cached:           675304 kB
SwapCached:            0 kB
Active:          1781928 kB
Inactive:        1110392 kB
Active(anon):    1200280 kB
Inactive(anon):   349196 kB
Active(file):     581648 kB
Inactive(file):   761196 kB
Unevictable:           0 kB
Mlocked:               0 kB
SwapTotal:       7815616 kB
SwapFree:        7815540 kB
Dirty:               740 kB
Writeback:             0 kB
AnonPages:       1526740 kB
Mapped:           188904 kB
Shmem:             22744 kB
Slab:             925252 kB
SReclaimable:     896184 kB
SUnreclaim:        29068 kB
KernelStack:        3576 kB
PageTables:        34356 kB
NFS_Unstable:          0 kB
Bounce:                0 kB
WritebackTmp:          0 kB
CommitLimit:     9843756 kB
Committed_AS:    3518712 kB
VmallocTotal:   34359738367 kB
VmallocUsed:      113588 kB
VmallocChunk:   34359615996 kB
HardwareCorrupted:     0 kB
HugePages_Total:       0
HugePages_Free:        0
HugePages_Rsvd:        0
HugePages_Surp:        0
Hugepagesize:       2048 kB
DirectMap4k:      250752 kB
DirectMap2M:     3942400 kB


CPU:total 4 (2 cores per cpu, 1 threads per core) family 15 model 65 stepping 3, cmov, cx8, fxsr, mmx, sse, sse2, sse3, mmxext, 3dnow, 3dnowext

/proc/cpuinfo:
processor	: 0
vendor_id	: AuthenticAMD
cpu family	: 15
model		: 65
model name	: Dual-Core AMD Opteron(tm) Processor 2218
stepping	: 3
cpu MHz		: 1000.000
cache size	: 1024 KB
physical id	: 0
siblings	: 2
core id		: 0
cpu cores	: 2
apicid		: 0
initial apicid	: 0
fpu		: yes
fpu_exception	: yes
cpuid level	: 1
wp		: yes
flags		: fpu vme de pse tsc msr pae mce cx8 apic sep mtrr pge mca cmov pat pse36 clflush mmx fxsr sse sse2 ht syscall nx mmxext fxsr_opt rdtscp lm 3dnowext 3dnow rep_good nopl extd_apicid pni cx16 lahf_lm cmp_legacy svm extapic cr8_legacy
bogomips	: 2000.01
TLB size	: 1024 4K pages
clflush size	: 64
cache_alignment	: 64
address sizes	: 40 bits physical, 48 bits virtual
power management: ts fid vid ttp tm stc

processor	: 1
vendor_id	: AuthenticAMD
cpu family	: 15
model		: 65
model name	: Dual-Core AMD Opteron(tm) Processor 2218
stepping	: 3
cpu MHz		: 1000.000
cache size	: 1024 KB
physical id	: 0
siblings	: 2
core id		: 1
cpu cores	: 2
apicid		: 1
initial apicid	: 1
fpu		: yes
fpu_exception	: yes
cpuid level	: 1
wp		: yes
flags		: fpu vme de pse tsc msr pae mce cx8 apic sep mtrr pge mca cmov pat pse36 clflush mmx fxsr sse sse2 ht syscall nx mmxext fxsr_opt rdtscp lm 3dnowext 3dnow rep_good nopl extd_apicid pni cx16 lahf_lm cmp_legacy svm extapic cr8_legacy
bogomips	: 2000.01
TLB size	: 1024 4K pages
clflush size	: 64
cache_alignment	: 64
address sizes	: 40 bits physical, 48 bits virtual
power management: ts fid vid ttp tm stc

processor	: 2
vendor_id	: AuthenticAMD
cpu family	: 15
model		: 65
model name	: Dual-Core AMD Opteron(tm) Processor 2218
stepping	: 3
cpu MHz		: 1000.000
cache size	: 1024 KB
physical id	: 1
siblings	: 2
core id		: 0
cpu cores	: 2
apicid		: 2
initial apicid	: 2
fpu		: yes
fpu_exception	: yes
cpuid level	: 1
wp		: yes
flags		: fpu vme de pse tsc msr pae mce cx8 apic sep mtrr pge mca cmov pat pse36 clflush mmx fxsr sse sse2 ht syscall nx mmxext fxsr_opt rdtscp lm 3dnowext 3dnow rep_good nopl extd_apicid pni cx16 lahf_lm cmp_legacy svm extapic cr8_legacy
bogomips	: 2000.01
TLB size	: 1024 4K pages
clflush size	: 64
cache_alignment	: 64
address sizes	: 40 bits physical, 48 bits virtual
power management: ts fid vid ttp tm stc

processor	: 3
vendor_id	: AuthenticAMD
cpu family	: 15
model		: 65
model name	: Dual-Core AMD Opteron(tm) Processor 2218
stepping	: 3
cpu MHz		: 1000.000
cache size	: 1024 KB
physical id	: 1
siblings	: 2
core id		: 1
cpu cores	: 2
apicid		: 3
initial apicid	: 3
fpu		: yes
fpu_exception	: yes
cpuid level	: 1
wp		: yes
flags		: fpu vme de pse tsc msr pae mce cx8 apic sep mtrr pge mca cmov pat pse36 clflush mmx fxsr sse sse2 ht syscall nx mmxext fxsr_opt rdtscp lm 3dnowext 3dnow rep_good nopl extd_apicid pni cx16 lahf_lm cmp_legacy svm extapic cr8_legacy
bogomips	: 2000.01
TLB size	: 1024 4K pages
clflush size	: 64
cache_alignment	: 64
address sizes	: 40 bits physical, 48 bits virtual
power management: ts fid vid ttp tm stc



Memory: 4k page, physical 4056284k(54220k free), swap 7815616k(7815540k free)

vm_info: Java HotSpot(TM) 64-Bit Server VM (20.1-b02) for linux-amd64 JRE (1.6.0_26-b03), built on May  4 2011 01:13:47 by "java_re" with gcc 3.2.2 (SuSE Linux)

time: Thu Jul 12 11:56:21 2012
elapsed time: 12 seconds

