#
# A fatal error has been detected by the Java Runtime Environment:
#
#  SIGSEGV (0xb) at pc=0x00007f973d75b889, pid=5481, tid=140287478126336
#
# JRE version: 6.0_26-b03
# Java VM: Java HotSpot(TM) 64-Bit Server VM (20.1-b02 mixed mode linux-amd64 compressed oops)
# Problematic frame:
# C  [libGL.so.1+0x2e9889]  __float128+0x9
#
# If you would like to submit a bug report, please visit:
#   http://java.sun.com/webapps/bugreport/crash.jsp
# The crash happened outside the Java Virtual Machine in native code.
# See problematic frame for where to report the bug.
#

---------------  T H R E A D  ---------------

Current thread (0x000000004205c800):  JavaThread "Thread-2" [_thread_in_native, id=5509, stack(0x00007f97393cd000,0x00007f97394ce000)]

siginfo:si_signo=SIGSEGV: si_errno=0, si_code=1 (SEGV_MAPERR), si_addr=0x00000000000008c0

Registers:
RAX=0x0000000000000000, RBX=0x00000000bdb1a1d0, RCX=0x000000004139ad40, RDX=0x00000000ebeba8a8
RSP=0x00007f97394cc018, RBP=0x00007f97394cc060, RSI=0x00000000ebeba8a8, RDI=0x0000000000000001
R8 =0x00007f9749fe8fe8, R9 =0x00007f9749fece58, R10=0x000000004139b128, R11=0x000000004139ad78
R12=0x0000000000000000, R13=0x00000000bdb1a1d0, R14=0x00007f97394cc108, R15=0x000000004205c800
RIP=0x00007f973d75b889, EFLAGS=0x0000000000010206, CSGSFS=0x0000000000000033, ERR=0x0000000000000004
  TRAPNO=0x000000000000000e

Top of Stack: (sp=0x00007f97394cc018)
0x00007f97394cc018:   00007f973b492dcd 0000000000000000
0x00007f97394cc028:   00000000bd969860 00007f97394cc0f8
0x00007f97394cc038:   00000001394cc050 00007f97394cc108
0x00007f97394cc048:   000000004205c9d0 00000000bdd8dea0
0x00007f97394cc058:   00000000ebeba8a8 00007f97394cc0d0
0x00007f97394cc068:   00007f9745443d6e 00007f97394cc0b8
0x00007f97394cc078:   00000000bdbf5710 0000000000000000
0x00007f97394cc088:   00000000bdbe5418 00007f97394cc090
0x00007f97394cc098:   0000000000000000 00007f97394cc108
0x00007f97394cc0a8:   00000000bdbf5710 0000000000000000
0x00007f97394cc0b8:   00000000bdb1a1d0 0000000000000000
0x00007f97394cc0c8:   00007f97394cc0f0 00007f97394cc150
0x00007f97394cc0d8:   00007f9745438a82 0000000000000000
0x00007f97394cc0e8:   00007f9745440f58 0000000000000000
0x00007f97394cc0f8:   00000000ebeba898 0000000000000001
0x00007f97394cc108:   00000000ef664958 00007f97394cc110
0x00007f97394cc118:   00000000bdb1a2f0 00007f97394cc178
0x00007f97394cc128:   00000000bdbf5710 0000000000000000
0x00007f97394cc138:   00000000bdb1a318 00007f97394cc0f0
0x00007f97394cc148:   00007f97394cc160 00007f97394cc1c0
0x00007f97394cc158:   00007f9745438f5c 0000000000000000
0x00007f97394cc168:   00000000ebeba898 0000000000000001
0x00007f97394cc178:   00000000ef664958 00007f97394cc180
0x00007f97394cc188:   00000000bdd76717 00007f97394cc1e8
0x00007f97394cc198:   00000000bdd7a170 0000000000000000
0x00007f97394cc1a8:   00000000bdd76758 00007f97394cc160
0x00007f97394cc1b8:   00007f97394cc1d0 00007f97394cc230
0x00007f97394cc1c8:   00007f9745438f5c 0000000000000000
0x00007f97394cc1d8:   00000000ebeba898 0000000000000001
0x00007f97394cc1e8:   00000000ef664948 00007f97394cc1f0
0x00007f97394cc1f8:   00000000bd323a11 00007f97394cc280
0x00007f97394cc208:   00000000be094620 0000000000000000 

Instructions: (pc=0x00007f973d75b889)
0x00007f973d75b869:   ff a0 b8 08 00 00 cc cc cc cc cc cc cc cc cc cc
0x00007f973d75b879:   cc cc cc cc cc cc cc 64 48 8b 04 25 60 ff ff ff
0x00007f973d75b889:   ff a0 c0 08 00 00 cc cc cc cc cc cc cc cc cc cc
0x00007f973d75b899:   cc cc cc cc cc cc cc 64 48 8b 04 25 60 ff ff ff 

Register to memory mapping:

RAX=0x0000000000000000 is an unknown value
RBX=0x00000000bdb1a1d0 is an oop
{method} 
 - klass: {other class}
RCX=0x000000004139ad40 is an unknown value
RDX=0x00000000ebeba8a8 is an unknown value
RSP=0x00007f97394cc018 is pointing into the stack for thread: 0x000000004205c800
RBP=0x00007f97394cc060 is pointing into the stack for thread: 0x000000004205c800
RSI=0x00000000ebeba8a8 is an unknown value
RDI=0x0000000000000001 is an unknown value
R8 =0x00007f9749fe8fe8: <offset 0xa99fe8> in /usr/lib/jvm/java-6-sun-1.6.0.26/jre/lib/amd64/server/libjvm.so at 0x00007f974954f000
R9 =0x00007f9749fece58: <offset 0xa9de58> in /usr/lib/jvm/java-6-sun-1.6.0.26/jre/lib/amd64/server/libjvm.so at 0x00007f974954f000
R10=0x000000004139b128 is an unknown value
R11=0x000000004139ad78 is an unknown value
R12=0x0000000000000000 is an unknown value
R13=0x00000000bdb1a1d0 is an oop
{method} 
 - klass: {other class}
R14=0x00007f97394cc108 is pointing into the stack for thread: 0x000000004205c800
R15=0x000000004205c800 is a thread


Stack: [0x00007f97393cd000,0x00007f97394ce000],  sp=0x00007f97394cc018,  free space=1020k
Native frames: (J=compiled Java code, j=interpreted, Vv=VM code, C=native code)
C  [libGL.so.1+0x2e9889]  __float128+0x9
j  com.sun.opengl.impl.GLImpl.glGenTextures1(ILjava/lang/Object;I)V+0
j  com.sun.opengl.impl.GLImpl.glGenTextures(I[II)V+64
j  org.mt4j.util.opengl.JoglGL20Plus.glGenTextures(I[II)V+7
j  org.mt4j.util.opengl.GLTexture.setupGLTexture(II)V+417
j  org.mt4j.util.opengl.GLTexture.<init>(Lprocessing/core/PApplet;IILorg/mt4j/util/opengl/GLTextureSettings;)V+113
j  org.mt4j.util.opengl.GLTexture.<init>(Lprocessing/core/PApplet;Lprocessing/core/PImage;Lorg/mt4j/util/opengl/GLTextureSettings;)V+11
j  org.mt4j.components.visibleComponents.shapes.AbstractShape.setTexture(Lprocessing/core/PImage;)V+266
j  org.mt4j.components.visibleComponents.shapes.MTRectangle.setTexture(Lprocessing/core/PImage;)V+2
j  org.mt4j.components.visibleComponents.font.BitmapFontCharacter.<init>(Lprocessing/core/PApplet;Lprocessing/core/PImage;Ljava/lang/String;III)V+31
j  processing.core.BitmapFontFactoryProxy.createCharacters(Lprocessing/core/PApplet;Lprocessing/core/PFont;Ljava/lang/String;Lorg/mt4j/util/MTColor;)Ljava/util/List;+237
j  processing.core.BitmapFontFactoryProxy.createFont(Lprocessing/core/PApplet;Ljava/lang/String;ILorg/mt4j/util/MTColor;Lorg/mt4j/util/MTColor;Z)Lorg/mt4j/util/font/IFont;+33
j  processing.core.BitmapFontFactoryProxy.createFont(Lprocessing/core/PApplet;Ljava/lang/String;ILorg/mt4j/util/MTColor;Z)Lorg/mt4j/util/font/IFont;+10
j  org.mt4j.util.font.fontFactories.BitmapFontFactory.createFont(Lprocessing/core/PApplet;Ljava/lang/String;ILorg/mt4j/util/MTColor;Z)Lorg/mt4j/util/font/IFont;+26
j  org.mt4j.util.font.FontManager.createFont(Lprocessing/core/PApplet;Ljava/lang/String;ILorg/mt4j/util/MTColor;Z)Lorg/mt4j/util/font/IFont;+146
j  org.mt4j.util.font.FontManager.createFont(Lprocessing/core/PApplet;Ljava/lang/String;ILorg/mt4j/util/MTColor;)Lorg/mt4j/util/font/IFont;+7
j  advanced.physics.scenes.GlobitosScene$JuegoGlobos.run()V+313
j  java.lang.Thread.run()V+11
v  ~StubRoutines::call_stub
V  [libjvm.so+0x4df5c0]  JavaCalls::call_helper(JavaValue*, methodHandle*, JavaCallArguments*, Thread*)+0x1e0
V  [libjvm.so+0x70f629]  os::os_exception_wrapper(void (*)(JavaValue*, methodHandle*, JavaCallArguments*, Thread*), JavaValue*, methodHandle*, JavaCallArguments*, Thread*)+0x19
V  [libjvm.so+0x4def06]  JavaCalls::call_virtual(JavaValue*, KlassHandle, symbolHandle, symbolHandle, JavaCallArguments*, Thread*)+0x126
V  [libjvm.so+0x4defb7]  JavaCalls::call_virtual(JavaValue*, Handle, KlassHandle, symbolHandle, symbolHandle, Thread*)+0x47
V  [libjvm.so+0x572ce0]  thread_entry(JavaThread*, Thread*)+0xa0
V  [libjvm.so+0x8190f1]  JavaThread::run()+0x121
V  [libjvm.so+0x710adf]  java_start(Thread*)+0x13f

Java frames: (J=compiled Java code, j=interpreted, Vv=VM code)
j  com.sun.opengl.impl.GLImpl.glGenTextures1(ILjava/lang/Object;I)V+0
j  com.sun.opengl.impl.GLImpl.glGenTextures(I[II)V+64
j  org.mt4j.util.opengl.JoglGL20Plus.glGenTextures(I[II)V+7
j  org.mt4j.util.opengl.GLTexture.setupGLTexture(II)V+417
j  org.mt4j.util.opengl.GLTexture.<init>(Lprocessing/core/PApplet;IILorg/mt4j/util/opengl/GLTextureSettings;)V+113
j  org.mt4j.util.opengl.GLTexture.<init>(Lprocessing/core/PApplet;Lprocessing/core/PImage;Lorg/mt4j/util/opengl/GLTextureSettings;)V+11
j  org.mt4j.components.visibleComponents.shapes.AbstractShape.setTexture(Lprocessing/core/PImage;)V+266
j  org.mt4j.components.visibleComponents.shapes.MTRectangle.setTexture(Lprocessing/core/PImage;)V+2
j  org.mt4j.components.visibleComponents.font.BitmapFontCharacter.<init>(Lprocessing/core/PApplet;Lprocessing/core/PImage;Ljava/lang/String;III)V+31
j  processing.core.BitmapFontFactoryProxy.createCharacters(Lprocessing/core/PApplet;Lprocessing/core/PFont;Ljava/lang/String;Lorg/mt4j/util/MTColor;)Ljava/util/List;+237
j  processing.core.BitmapFontFactoryProxy.createFont(Lprocessing/core/PApplet;Ljava/lang/String;ILorg/mt4j/util/MTColor;Lorg/mt4j/util/MTColor;Z)Lorg/mt4j/util/font/IFont;+33
j  processing.core.BitmapFontFactoryProxy.createFont(Lprocessing/core/PApplet;Ljava/lang/String;ILorg/mt4j/util/MTColor;Z)Lorg/mt4j/util/font/IFont;+10
j  org.mt4j.util.font.fontFactories.BitmapFontFactory.createFont(Lprocessing/core/PApplet;Ljava/lang/String;ILorg/mt4j/util/MTColor;Z)Lorg/mt4j/util/font/IFont;+26
j  org.mt4j.util.font.FontManager.createFont(Lprocessing/core/PApplet;Ljava/lang/String;ILorg/mt4j/util/MTColor;Z)Lorg/mt4j/util/font/IFont;+146
j  org.mt4j.util.font.FontManager.createFont(Lprocessing/core/PApplet;Ljava/lang/String;ILorg/mt4j/util/MTColor;)Lorg/mt4j/util/font/IFont;+7
j  advanced.physics.scenes.GlobitosScene$JuegoGlobos.run()V+313
j  java.lang.Thread.run()V+11
v  ~StubRoutines::call_stub

---------------  P R O C E S S  ---------------

Java Threads: ( => current thread )
  0x0000000041140800 JavaThread "DestroyJavaVM" [_thread_blocked, id=5488, stack(0x00007f97491c9000,0x00007f97492ca000)]
=>0x000000004205c800 JavaThread "Thread-2" [_thread_in_native, id=5509, stack(0x00007f97393cd000,0x00007f97394ce000)]
  0x00007f97405a4000 JavaThread "Thread-1" [_thread_in_native, id=5507, stack(0x00007f973a191000,0x00007f973a292000)]
  0x0000000041387000 JavaThread "AWT-EventQueue-0" [_thread_blocked, id=5506, stack(0x00007f973d87f000,0x00007f973d980000)]
  0x00007f9740376800 JavaThread "Animation Thread" [_thread_blocked, id=5505, stack(0x00007f973d980000,0x00007f973da81000)]
  0x00007f9740376000 JavaThread "AWT-Shutdown" [_thread_blocked, id=5504, stack(0x00007f973da81000,0x00007f973db82000)]
  0x00007f9740312000 JavaThread "AWT-XAWT" daemon [_thread_in_native, id=5502, stack(0x00007f973ddbe000,0x00007f973debf000)]
  0x00007f974026d800 JavaThread "Java2D Disposer" daemon [_thread_blocked, id=5501, stack(0x00007f973e505000,0x00007f973e606000)]
  0x00007f9740076000 JavaThread "Low Memory Detector" daemon [_thread_blocked, id=5499, stack(0x00007f973fbfc000,0x00007f973fcfd000)]
  0x00007f9740073800 JavaThread "C2 CompilerThread1" daemon [_thread_blocked, id=5498, stack(0x00007f973fcfd000,0x00007f973fdfe000)]
  0x00007f9740070800 JavaThread "C2 CompilerThread0" daemon [_thread_blocked, id=5497, stack(0x00007f973fdfe000,0x00007f973feff000)]
  0x00007f974006e800 JavaThread "Signal Dispatcher" daemon [_thread_blocked, id=5496, stack(0x00007f973feff000,0x00007f9740000000)]
  0x00007f9740052800 JavaThread "Finalizer" daemon [_thread_blocked, id=5495, stack(0x00007f97442a5000,0x00007f97443a6000)]
  0x00007f9740050800 JavaThread "Reference Handler" daemon [_thread_blocked, id=5494, stack(0x00007f97443a6000,0x00007f97444a7000)]

Other Threads:
  0x00007f9740049800 VMThread [stack: 0x00007f97444a7000,0x00007f97445a8000] [id=5493]
  0x00007f9740079000 WatcherThread [stack: 0x00007f973fafb000,0x00007f973fbfc000] [id=5500]

VM state:not at safepoint (normal execution)

VM Mutex/Monitor currently owned by a thread: None

Heap
 PSYoungGen      total 34368K, used 12241K [0x00000000eb560000, 0x00000000ef880000, 0x0000000100000000)
  eden space 31744K, 30% used [0x00000000eb560000,0x00000000ebecc640,0x00000000ed460000)
  from space 2624K, 98% used [0x00000000ef5f0000,0x00000000ef878030,0x00000000ef880000)
  to   space 2624K, 0% used [0x00000000ed460000,0x00000000ed460000,0x00000000ed6f0000)
 PSOldGen        total 42304K, used 7630K [0x00000000c2000000, 0x00000000c4950000, 0x00000000eb560000)
  object space 42304K, 18% used [0x00000000c2000000,0x00000000c2773b90,0x00000000c4950000)
 PSPermGen       total 21248K, used 20261K [0x00000000bce00000, 0x00000000be2c0000, 0x00000000c2000000)
  object space 21248K, 95% used [0x00000000bce00000,0x00000000be1c94c0,0x00000000be2c0000)

Code Cache  [0x00007f9745433000, 0x00007f97456a3000, 0x00007f9748433000)
 total_blobs=1262 nmethods=452 adapters=764 free_code_cache=48503296 largest_free_block=17536

Dynamic libraries:
40000000-40009000 r-xp 00000000 08:22 1185676                            /usr/lib/jvm/java-6-sun-1.6.0.26/jre/bin/java
40108000-4010a000 rwxp 00008000 08:22 1185676                            /usr/lib/jvm/java-6-sun-1.6.0.26/jre/bin/java
40877000-408ee000 rwxp 00000000 00:00 0 
40c53000-40c55000 r-xs 00000000 08:22 1986193                            /tmp/glsTu46g (deleted)
41136000-42413000 rwxp 00000000 00:00 0                                  [heap]
bce00000-be2c0000 rwxp 00000000 00:00 0 
be2c0000-c2000000 rwxp 00000000 00:00 0 
c2000000-c4950000 rwxp 00000000 00:00 0 
c4950000-eb560000 rwxp 00000000 00:00 0 
eb560000-ef880000 rwxp 00000000 00:00 0 
ef880000-100000000 rwxp 00000000 00:00 0 
7f97393cd000-7f97393d0000 ---p 00000000 00:00 0 
7f97393d0000-7f97394ce000 rwxp 00000000 00:00 0 
7f97394ce000-7f97394d0000 rwxs 00000000 08:22 1986193                    /tmp/glsTu46g (deleted)
7f97394d0000-7f97394da000 r-xs 00000000 08:22 1708639                    /usr/share/fonts/type1/mathml/Symbol.pfb
7f97394da000-7f97394f2000 r-xs 00000000 08:22 1581250                    /usr/share/fonts/type1/gsfonts/n022003l.pfb
7f97394f2000-7f9739507000 r-xs 00000000 08:22 1581193                    /usr/share/fonts/type1/gsfonts/b018032l.pfb
7f9739507000-7f9739520000 r-xs 00000000 08:22 1581253                    /usr/share/fonts/type1/gsfonts/n022004l.pfb
7f9739520000-7f973953a000 r-xs 00000000 08:22 1581199                    /usr/share/fonts/type1/gsfonts/c059013l.pfb
7f973953a000-7f9739552000 r-xs 00000000 08:22 1581208                    /usr/share/fonts/type1/gsfonts/c059036l.pfb
7f9739552000-7f9739565000 r-xs 00000000 08:22 1581235                    /usr/share/fonts/type1/gsfonts/n019064l.pfb
7f9739565000-7f973956f000 r-xs 00000000 08:22 1708248                    /usr/share/fonts/X11/Type1/c0419bt_.pfb
7f973956f000-7f973958a000 r-xs 00000000 08:22 1581265                    /usr/share/fonts/type1/gsfonts/p052004l.pfb
7f973958a000-7f973959b000 r-xs 00000000 08:22 1581184                    /usr/share/fonts/type1/gsfonts/a010035l.pfb
7f973959b000-7f97395af000 r-xs 00000000 08:22 1581214                    /usr/share/fonts/type1/gsfonts/n019003l.pfb
7f97395af000-7f97395c5000 r-xs 00000000 08:22 1581247                    /usr/share/fonts/type1/gsfonts/n021024l.pfb
7f97395c5000-7f97395dc000 r-xs 00000000 08:22 1581244                    /usr/share/fonts/type1/gsfonts/n021023l.pfb
7f97395dc000-7f97395f2000 r-xs 00000000 08:22 1581259                    /usr/share/fonts/type1/gsfonts/n022024l.pfb
7f97395f2000-7f97395fb000 r-xs 00000000 08:22 1581274                    /usr/share/fonts/type1/gsfonts/s050000l.pfb
7f97395fb000-7f9739604000 r-xs 00000000 08:22 1708253                    /usr/share/fonts/X11/Type1/c0632bt_.pfb
7f9739604000-7f9739616000 r-xs 00000000 08:22 1581217                    /usr/share/fonts/type1/gsfonts/n019004l.pfb
7f9739616000-7f973962d000 r-xs 00000000 08:22 1581277                    /usr/share/fonts/type1/gsfonts/z003034l.pfb
7f973962d000-7f973963e000 r-xs 00000000 08:22 1581223                    /usr/share/fonts/type1/gsfonts/n019024l.pfb
7f973963e000-7f9739647000 r-xs 00000000 08:22 1708247                    /usr/share/fonts/X11/Type1/c0649bt_.pfb
7f9739647000-7f9739658000 r-xs 00000000 08:22 1581232                    /usr/share/fonts/type1/gsfonts/n019063l.pfb
7f9739658000-7f9739668000 r-xs 00000000 08:22 1581175                    /usr/share/fonts/type1/gsfonts/a010013l.pfb
7f9739668000-7f9739678000 r-xs 00000000 08:22 1581178                    /usr/share/fonts/type1/gsfonts/a010015l.pfb
7f9739678000-7f9739694000 r-xs 00000000 08:22 1581271                    /usr/share/fonts/type1/gsfonts/p052024l.pfb
7f9739694000-7f97396ac000 r-xs 00000000 08:22 1581205                    /usr/share/fonts/type1/gsfonts/c059033l.pfb
7f97396ac000-7f97396c5000 r-xs 00000000 08:22 1581241                    /usr/share/fonts/type1/gsfonts/n021004l.pfb
7f97396c5000-7f97396d1000 r-xs 00000000 08:22 1581211                    /usr/share/fonts/type1/gsfonts/d050000l.pfb
7f97396d1000-7f97396da000 r-xs 00000000 08:22 1708261                    /usr/share/fonts/X11/Type1/c0633bt_.pfb
7f97396da000-7f97396eb000 r-xs 00000000 08:22 1581220                    /usr/share/fonts/type1/gsfonts/n019023l.pfb
7f97396eb000-7f97396f4000 r-xs 00000000 08:22 1708255                    /usr/share/fonts/X11/Type1/c0648bt_.pfb
7f97396f4000-7f973970f000 r-xs 00000000 08:22 1581202                    /usr/share/fonts/type1/gsfonts/c059016l.pfb
7f973970f000-7f973971f000 r-xs 00000000 08:22 1581181                    /usr/share/fonts/type1/gsfonts/a010033l.pfb
7f973971f000-7f9739738000 r-xs 00000000 08:22 1581187                    /usr/share/fonts/type1/gsfonts/b018012l.pfb
7f9739738000-7f973974b000 r-xs 00000000 08:22 1581190                    /usr/share/fonts/type1/gsfonts/b018015l.pfb
7f973974b000-7f9739761000 r-xs 00000000 08:22 1581256                    /usr/share/fonts/type1/gsfonts/n022023l.pfb
7f9739761000-7f973977c000 r-xs 00000000 08:22 1581268                    /usr/share/fonts/type1/gsfonts/p052023l.pfb
7f973977c000-7f9739797000 r-xs 00000000 08:22 1581262                    /usr/share/fonts/type1/gsfonts/p052003l.pfb
7f9739797000-7f97397b0000 r-xs 00000000 08:22 1581238                    /usr/share/fonts/type1/gsfonts/n021003l.pfb
7f97397b0000-7f97397c2000 r-xs 00000000 08:22 1581196                    /usr/share/fonts/type1/gsfonts/b018035l.pfb
7f97397c2000-7f97397d4000 r-xs 00000000 08:22 1581229                    /usr/share/fonts/type1/gsfonts/n019044l.pfb
7f97397d4000-7f97397e6000 r-xs 00000000 08:22 1581226                    /usr/share/fonts/type1/gsfonts/n019043l.pfb
7f97397e6000-7f97397f0000 r-xs 00000000 08:22 1708252                    /usr/share/fonts/X11/Type1/c0611bt_.pfb
7f97397f0000-7f97397fa000 r-xs 00000000 08:22 1708260                    /usr/share/fonts/X11/Type1/c0582bt_.pfb
7f97397fa000-7f9739804000 r-xs 00000000 08:22 1708259                    /usr/share/fonts/X11/Type1/c0583bt_.pfb
7f9739804000-7f973981f000 r-xs 00000000 08:22 272619                     /usr/share/texmf/fonts/type1/public/lm/lmtlc10.pfb
7f973981f000-7f973983a000 r-xs 00000000 08:22 272614                     /usr/share/texmf/fonts/type1/public/lm/lmtcsc10.pfb
7f973983a000-7f973985e000 r-xs 00000000 08:22 272560                     /usr/share/texmf/fonts/type1/public/lm/lmduno10.pfb
7f973985e000-7f973987d000 r-xs 00000000 08:22 272576                     /usr/share/texmf/fonts/type1/public/lm/lmr6.pfb
7f973987d000-7f973989b000 r-xs 00000000 08:22 272574                     /usr/share/texmf/fonts/type1/public/lm/lmr17.pfb
7f973989b000-7f97398b9000 r-xs 00000000 08:22 272572                     /usr/share/texmf/fonts/type1/public/lm/lmr10.pfb
7f97398b9000-7f97398c1000 r-xs 00000000 08:22 272562                     /usr/share/texmf/fonts/type1/public/lm/lmmi10.pfb
7f97398c1000-7f97398c8000 r-xs 00000000 08:22 272610                     /usr/share/texmf/fonts/type1/public/lm/lmsy6.pfb
7f97398c8000-7f97398e5000 r-xs 00000000 08:22 272616                     /usr/share/texmf/fonts/type1/public/lm/lmtk10.pfb
7f97398e5000-7f9739903000 r-xs 00000000 08:22 272577                     /usr/share/texmf/fonts/type1/public/lm/lmr7.pfb
7f9739903000-7f9739920000 r-xs 00000000 08:22 272624                     /usr/share/texmf/fonts/type1/public/lm/lmtt8.pfb
7f9739920000-7f973993b000 r-xs 00000000 08:22 272625                     /usr/share/texmf/fonts/type1/public/lm/lmtt9.pfb
7f973993b000-7f9739957000 r-xs 00000000 08:22 272580                     /usr/share/texmf/fonts/type1/public/lm/lmri10.pfb
7f9739957000-7f9739979000 r-xs 00000000 08:22 272595                     /usr/share/texmf/fonts/type1/public/lm/lmssbo10.pfb
7f9739979000-7f9739980000 r-xs 00000000 08:22 272545                     /usr/share/texmf/fonts/type1/public/lm/lmbsy10.pfb
7f9739980000-7f973999d000 r-xs 00000000 08:22 272606                     /usr/share/texmf/fonts/type1/public/lm/lmssqbx8.pfb
7f973999d000-7f97399a5000 r-xs 00000000 08:22 272567                     /usr/share/texmf/fonts/type1/public/lm/lmmi8.pfb
7f97399a5000-7f97399ad000 r-xs 00000000 08:22 272547                     /usr/share/texmf/fonts/type1/public/lm/lmbsy7.pfb
7f97399ad000-7f97399b5000 r-xs 00000000 08:22 272566                     /usr/share/texmf/fonts/type1/public/lm/lmmi7.pfb
7f97399b5000-7f97399d0000 r-xs 00000000 08:22 272603                     /usr/share/texmf/fonts/type1/public/lm/lmsso9.pfb
7f97399d0000-7f97399ec000 r-xs 00000000 08:22 272622                     /usr/share/texmf/fonts/type1/public/lm/lmtt10.pfb
7f97399ec000-7f9739a0d000 r-xs 00000000 08:22 272558                     /usr/share/texmf/fonts/type1/public/lm/lmcsco10.pfb
7f9739a0d000-7f9739a25000 r-xs 00000000 08:22 272593                     /usr/share/texmf/fonts/type1/public/lm/lmss8.pfb
7f9739a25000-7f9739a2b000 r-xs 00000000 08:22 272561                     /usr/share/texmf/fonts/type1/public/lm/lmex10.pfb
7f9739a2b000-7f9739a4d000 r-xs 00000000 08:22 272589                     /usr/share/texmf/fonts/type1/public/lm/lmro9.pfb
7f9739a4d000-7f9739a6f000 r-xs 00000000 08:22 272544                     /usr/share/texmf/fonts/type1/public/lm/lmbo10.pfb
7f9739a6f000-7f9739a8e000 r-xs 00000000 08:22 272559                     /usr/share/texmf/fonts/type1/public/lm/lmdunh10.pfb
7f9739a8e000-7f9739aac000 r-xs 00000000 08:22 272631                     /usr/share/texmf/fonts/type1/public/lm/lmvtl10.pfb
7f9739aac000-7f9739acb000 r-xs 00000000 08:22 272543                     /usr/share/texmf/fonts/type1/public/lm/lmb10.pfb
7f9739acb000-7f9739ad3000 r-xs 00000000 08:22 272563                     /usr/share/texmf/fonts/type1/public/lm/lmmi12.pfb
7f9739ad3000-7f9739ada000 r-xs 00000000 08:22 272609                     /usr/share/texmf/fonts/type1/public/lm/lmsy5.pfb
7f9739ada000-7f9739af9000 r-xs 00000000 08:22 272551                     /usr/share/texmf/fonts/type1/public/lm/lmbx6.pfb
7f9739af9000-7f9739b14000 r-xs 00000000 08:22 272602                     /usr/share/texmf/fonts/type1/public/lm/lmsso8.pfb
7f9739b14000-7f9739b1c000 r-xs 00000000 08:22 272565                     /usr/share/texmf/fonts/type1/public/lm/lmmi6.pfb
7f9739b1c000-7f9739b3d000 r-xs 00000000 08:22 272634                     /usr/share/texmf/fonts/type1/public/lm/lmvtto10.pfb
7f9739b3d000-7f9739b59000 r-xs 00000000 08:22 272555                     /usr/share/texmf/fonts/type1/public/lm/lmbxi10.pfb
7f9739b59000-7f9739b76000 r-xs 00000000 08:22 272604                     /usr/share/texmf/fonts/type1/public/lm/lmssq8.pfb
7f9739b76000-7f9739b96000 r-xs 00000000 08:22 272615                     /usr/share/texmf/fonts/type1/public/lm/lmtcso10.pfb
7f9739b96000-7f9739bb7000 r-xs 00000000 08:22 272588                     /usr/share/texmf/fonts/type1/public/lm/lmro8.pfb
7f9739bb7000-7f9739bd6000 r-xs 00000000 08:22 272605                     /usr/share/texmf/fonts/type1/public/lm/lmssqbo8.pfb
7f9739bd6000-7f9739bf6000 r-xs 00000000 08:22 272607                     /usr/share/texmf/fonts/type1/public/lm/lmssqo8.pfb
7f9739bf6000-7f9739c0e000 r-xs 00000000 08:22 272591                     /usr/share/texmf/fonts/type1/public/lm/lmss12.pfb
7f9739c0e000-7f9739c2b000 r-xs 00000000 08:22 272633                     /usr/share/texmf/fonts/type1/public/lm/lmvtt10.pfb
7f9739c2b000-7f9739c47000 r-xs 00000000 08:22 272582                     /usr/share/texmf/fonts/type1/public/lm/lmri7.pfb
7f9739c47000-7f9739c66000 r-xs 00000000 08:22 272586                     /usr/share/texmf/fonts/type1/public/lm/lmro12.pfb
7f9739c66000-7f9739c6e000 r-xs 00000000 08:22 272571                     /usr/share/texmf/fonts/type1/public/lm/lmmib7.pfb
7f9739c6e000-7f9739c8c000 r-xs 00000000 08:22 272575                     /usr/share/texmf/fonts/type1/public/lm/lmr5.pfb
7f9739c8c000-7f9739ca9000 r-xs 00000000 08:22 272550                     /usr/share/texmf/fonts/type1/public/lm/lmbx5.pfb
7f9739ca9000-7f9739ccc000 r-xs 00000000 08:22 272617                     /usr/share/texmf/fonts/type1/public/lm/lmtko10.pfb
7f9739ccc000-7f9739cea000 r-xs 00000000 08:22 272578                     /usr/share/texmf/fonts/type1/public/lm/lmr8.pfb
7f9739cea000-7f9739d05000 r-xs 00000000 08:22 272581                     /usr/share/texmf/fonts/type1/public/lm/lmri12.pfb
7f9739d05000-7f9739d23000 r-xs 00000000 08:22 272552                     /usr/share/texmf/fonts/type1/public/lm/lmbx7.pfb
7f9739d23000-7f9739d42000 r-xs 00000000 08:22 272554                     /usr/share/texmf/fonts/type1/public/lm/lmbx9.pfb
7f9739d42000-7f9739d64000 r-xs 00000000 08:22 272598                     /usr/share/texmf/fonts/type1/public/lm/lmssdo10.pfb
7f9739d64000-7f9739d81000 r-xs 00000000 08:22 272597                     /usr/share/texmf/fonts/type1/public/lm/lmssdc10.pfb
7f9739d81000-7f9739d88000 r-xs 00000000 08:22 272608                     /usr/share/texmf/fonts/type1/public/lm/lmsy10.pfb
7f9739d88000-7f9739da1000 r-xs 00000000 08:22 272626                     /usr/share/texmf/fonts/type1/public/lm/lmtti10.pfb
7f9739da1000-7f9739dbe000 r-xs 00000000 08:22 272557                     /usr/share/texmf/fonts/type1/public/lm/lmcsc10.pfb
7f9739dbe000-7f9739dc6000 r-xs 00000000 08:22 272570                     /usr/share/texmf/fonts/type1/public/lm/lmmib5.pfb
7f9739dc6000-7f9739de1000 r-xs 00000000 08:22 272600                     /usr/share/texmf/fonts/type1/public/lm/lmsso12.pfb
7f9739de1000-7f9739dff000 r-xs 00000000 08:22 272579                     /usr/share/texmf/fonts/type1/public/lm/lmr9.pfb
7f9739dff000-7f9739e06000 r-xs 00000000 08:22 272613                     /usr/share/texmf/fonts/type1/public/lm/lmsy9.pfb
7f9739e06000-7f9739e24000 r-xs 00000000 08:22 272548                     /usr/share/texmf/fonts/type1/public/lm/lmbx10.pfb
7f9739e24000-7f9739e2c000 r-xs 00000000 08:22 272568                     /usr/share/texmf/fonts/type1/public/lm/lmmi9.pfb
7f9739e2c000-7f9739e33000 r-xs 00000000 08:22 272611                     /usr/share/texmf/fonts/type1/public/lm/lmsy7.pfb
7f9739e33000-7f9739e4b000 r-xs 00000000 08:22 272594                     /usr/share/texmf/fonts/type1/public/lm/lmss9.pfb
7f9739e4b000-7f9739e6c000 r-xs 00000000 08:22 272585                     /usr/share/texmf/fonts/type1/public/lm/lmro10.pfb
7f9739e6c000-7f9739e8b000 r-xs 00000000 08:22 272553                     /usr/share/texmf/fonts/type1/public/lm/lmbx8.pfb
7f9739e8b000-7f9739e92000 r-xs 00000000 08:22 272612                     /usr/share/texmf/fonts/type1/public/lm/lmsy8.pfb
7f9739e92000-7f9739eae000 r-xs 00000000 08:22 272573                     /usr/share/texmf/fonts/type1/public/lm/lmr12.pfb
7f9739eae000-7f9739ecc000 r-xs 00000000 08:22 272596                     /usr/share/texmf/fonts/type1/public/lm/lmssbx10.pfb
7f9739ecc000-7f9739ee4000 r-xs 00000000 08:22 272590                     /usr/share/texmf/fonts/type1/public/lm/lmss10.pfb
7f9739ee4000-7f9739f03000 r-xs 00000000 08:22 272629                     /usr/share/texmf/fonts/type1/public/lm/lmvtk10.pfb
7f9739f03000-7f9739f1e000 r-xs 00000000 08:22 272623                     /usr/share/texmf/fonts/type1/public/lm/lmtt12.pfb
7f9739f1e000-7f9739f40000 r-xs 00000000 08:22 272556                     /usr/share/texmf/fonts/type1/public/lm/lmbxo10.pfb
7f9739f40000-7f9739f5d000 r-xs 00000000 08:22 272549                     /usr/share/texmf/fonts/type1/public/lm/lmbx12.pfb
7f9739f5d000-7f9739f75000 r-xs 00000000 08:22 272592                     /usr/share/texmf/fonts/type1/public/lm/lmss17.pfb
7f9739f75000-7f9739f90000 r-xs 00000000 08:22 272601                     /usr/share/texmf/fonts/type1/public/lm/lmsso17.pfb
7f9739f90000-7f9739fb5000 r-xs 00000000 08:22 272630                     /usr/share/texmf/fonts/type1/public/lm/lmvtko10.pfb
7f9739fb5000-7f9739fd4000 r-xs 00000000 08:22 272627                     /usr/share/texmf/fonts/type1/public/lm/lmtto10.pfb
7f9739fd4000-7f9739fdc000 r-xs 00000000 08:22 272569                     /usr/share/texmf/fonts/type1/public/lm/lmmib10.pfb
7f9739fdc000-7f9739ff6000 r-xs 00000000 08:22 272618                     /usr/share/texmf/fonts/type1/public/lm/lmtl10.pfb
7f9739ff6000-7f973a018000 r-xs 00000000 08:22 272632                     /usr/share/texmf/fonts/type1/public/lm/lmvtlo10.pfb
7f973a018000-7f973a033000 r-xs 00000000 08:22 272599                     /usr/share/texmf/fonts/type1/public/lm/lmsso10.pfb
7f973a033000-7f973a04f000 r-xs 00000000 08:22 272628                     /usr/share/texmf/fonts/type1/public/lm/lmu10.pfb
7f973a04f000-7f973a06a000 r-xs 00000000 08:22 272584                     /usr/share/texmf/fonts/type1/public/lm/lmri9.pfb
7f973a06a000-7f973a089000 r-xs 00000000 08:22 272621                     /usr/share/texmf/fonts/type1/public/lm/lmtlo10.pfb
7f973a089000-7f973a090000 r-xp 00000000 08:22 1189392                    /usr/lib/jvm/java-6-sun-1.6.0.26/jre/lib/amd64/libnio.so
7f973a090000-7f973a18f000 ---p 00007000 08:22 1189392                    /usr/lib/jvm/java-6-sun-1.6.0.26/jre/lib/amd64/libnio.so
7f973a18f000-7f973a191000 rwxp 00006000 08:22 1189392                    /usr/lib/jvm/java-6-sun-1.6.0.26/jre/lib/amd64/libnio.so
7f973a191000-7f973a194000 ---p 00000000 00:00 0 
7f973a194000-7f973a292000 rwxp 00000000 00:00 0 
7f973a292000-7f973a2a5000 r-xp 00000000 08:22 1189407                    /usr/lib/jvm/java-6-sun-1.6.0.26/jre/lib/amd64/libnet.so
7f973a2a5000-7f973a3a6000 ---p 00013000 08:22 1189407                    /usr/lib/jvm/java-6-sun-1.6.0.26/jre/lib/amd64/libnet.so
7f973a3a6000-7f973a3a9000 rwxp 00014000 08:22 1189407                    /usr/lib/jvm/java-6-sun-1.6.0.26/jre/lib/amd64/libnet.so
7f973a3a9000-7f973a4a9000 rwxs 36fa3000 00:05 6006                       /dev/nvidia1
7f973a4a9000-7f973a4aa000 rwxs b2c03000 00:05 6006                       /dev/nvidia1
7f973a4aa000-7f973a5aa000 rwxs 62882000 00:05 6006                       /dev/nvidia1
7f973a5aa000-7f973a7ba000 rwxp 00000000 00:00 0 
7f973a7ba000-7f973b02a000 rwxs c0000000 00:05 6006                       /dev/nvidia1
7f973b02a000-7f973b02c000 r-xp 00000000 08:24 680267                     /home/bguaman/workspace/mt4j-desktop/libjogl_awt.so
7f973b02c000-7f973b12b000 ---p 00002000 08:24 680267                     /home/bguaman/workspace/mt4j-desktop/libjogl_awt.so
7f973b12b000-7f973b12c000 rwxp 00001000 08:24 680267                     /home/bguaman/workspace/mt4j-desktop/libjogl_awt.so
7f973b12c000-7f973b12d000 r-xp 00000000 08:22 1189436                    /usr/lib/jvm/java-6-sun-1.6.0.26/jre/lib/amd64/libjawt.so
7f973b12d000-7f973b22c000 ---p 00001000 08:22 1189436                    /usr/lib/jvm/java-6-sun-1.6.0.26/jre/lib/amd64/libjawt.so
7f973b22c000-7f973b22d000 rwxp 00000000 08:22 1189436                    /usr/lib/jvm/java-6-sun-1.6.0.26/jre/lib/amd64/libjawt.so
7f973b22d000-7f973b232000 r-xp 00000000 08:22 1182806                    /usr/lib/x86_64-linux-gnu/libXxf86vm.so.1.0.0
7f973b232000-7f973b431000 ---p 00005000 08:22 1182806                    /usr/lib/x86_64-linux-gnu/libXxf86vm.so.1.0.0
7f973b431000-7f973b432000 r-xp 00004000 08:22 1182806                    /usr/lib/x86_64-linux-gnu/libXxf86vm.so.1.0.0
7f973b432000-7f973b433000 rwxp 00005000 08:22 1182806                    /usr/lib/x86_64-linux-gnu/libXxf86vm.so.1.0.0
7f973b433000-7f973b522000 r-xp 00000000 08:24 680264                     /home/bguaman/workspace/mt4j-desktop/libjogl.so
7f973b522000-7f973b622000 ---p 000ef000 08:24 680264                     /home/bguaman/workspace/mt4j-desktop/libjogl.so
7f973b622000-7f973b623000 rwxp 000ef000 08:24 680264                     /home/bguaman/workspace/mt4j-desktop/libjogl.so
7f973b623000-7f973ca71000 r-xp 00000000 08:22 1184078                    /usr/lib/nvidia-current/libnvidia-glcore.so.270.41.06
7f973ca71000-7f973cc71000 ---p 0144e000 08:22 1184078                    /usr/lib/nvidia-current/libnvidia-glcore.so.270.41.06
7f973cc71000-7f973d259000 rwxp 0144e000 08:22 1184078                    /usr/lib/nvidia-current/libnvidia-glcore.so.270.41.06
7f973d259000-7f973d270000 rwxp 00000000 00:00 0 
7f973d270000-7f973d271000 r-xp 00000000 08:22 1180743                    /usr/lib/nvidia-current/tls/libnvidia-tls.so.270.41.06
7f973d271000-7f973d471000 ---p 00001000 08:22 1180743                    /usr/lib/nvidia-current/tls/libnvidia-tls.so.270.41.06
7f973d471000-7f973d472000 rwxp 00001000 08:22 1180743                    /usr/lib/nvidia-current/tls/libnvidia-tls.so.270.41.06
7f973d472000-7f973d52f000 r-xp 00000000 08:22 1183145                    /usr/lib/nvidia-current/libGL.so.270.41.06
7f973d52f000-7f973d72f000 ---p 000bd000 08:22 1183145                    /usr/lib/nvidia-current/libGL.so.270.41.06
7f973d72f000-7f973d768000 rwxp 000bd000 08:22 1183145                    /usr/lib/nvidia-current/libGL.so.270.41.06
7f973d768000-7f973d77e000 rwxp 00000000 00:00 0 
7f973d77e000-7f973d77f000 r-xp 00000000 08:24 659506                     /home/bguaman/workspace/mt4j-desktop/libgluegen-rt.so
7f973d77f000-7f973d87e000 ---p 00001000 08:24 659506                     /home/bguaman/workspace/mt4j-desktop/libgluegen-rt.so
7f973d87e000-7f973d87f000 rwxp 00000000 08:24 659506                     /home/bguaman/workspace/mt4j-desktop/libgluegen-rt.so
7f973d87f000-7f973d882000 ---p 00000000 00:00 0 
7f973d882000-7f973d980000 rwxp 00000000 00:00 0 
7f973d980000-7f973d983000 ---p 00000000 00:00 0 
7f973d983000-7f973da81000 rwxp 00000000 00:00 0 
7f973da81000-7f973da84000 ---p 00000000 00:00 0 
7f973da84000-7f973db82000 rwxp 00000000 00:00 0 
7f973db82000-7f973db83000 r-xs 00000000 08:22 2621607                    /var/cache/fontconfig/c05880de57d1f5e948fdfacc138775d9-le64.cache-3
7f973db83000-7f973db8c000 r-xs 00000000 08:22 2621606                    /var/cache/fontconfig/945677eb7aeaf62f1d50efc3fb3ec7d8-le64.cache-3
7f973db8c000-7f973db8e000 r-xs 00000000 08:22 2621574                    /var/cache/fontconfig/99e8ed0e538f840c565b6ed5dad60d56-le64.cache-3
7f973db8e000-7f973db91000 r-xs 00000000 08:22 2621604                    /var/cache/fontconfig/e383d7ea5fbe662a33d9b44caf393297-le64.cache-3
7f973db91000-7f973db93000 r-xs 00000000 08:22 2621603                    /var/cache/fontconfig/2cd17615ca594fa2959ae173292e504c-le64.cache-3
7f973db93000-7f973db94000 r-xs 00000000 08:22 2621601                    /var/cache/fontconfig/e7071f4a29fa870f4323321c154eba04-le64.cache-3
7f973db94000-7f973db97000 r-xs 00000000 08:22 2625717                    /var/cache/fontconfig/b5ea634b0fb353b8ea17632d1f9ef766-le64.cache-3
7f973db97000-7f973db9b000 r-xs 00000000 08:22 2621600                    /var/cache/fontconfig/6eb3985aa4124903f6ff08ba781cd364-le64.cache-3
7f973db9b000-7f973db9c000 r-xs 00000000 08:22 2621599                    /var/cache/fontconfig/4c73fe0c47614734b17d736dbde7580a-le64.cache-3
7f973db9c000-7f973db9d000 r-xs 00000000 08:22 2621598                    /var/cache/fontconfig/0d8c3b2ac0904cb8a57a757ad11a4a08-le64.cache-3
7f973db9d000-7f973db9e000 r-xs 00000000 08:22 2621597                    /var/cache/fontconfig/6a53c69dea097a2d716e069445527da8-le64.cache-3
7f973db9e000-7f973dba4000 r-xs 00000000 08:22 2621596                    /var/cache/fontconfig/a755afe4a08bf5b97852ceb7400b47bc-le64.cache-3
7f973dba4000-7f973dba8000 r-xs 00000000 08:22 2626406                    /var/cache/fontconfig/6d41288fd70b0be22e8c3a91e032eec0-le64.cache-3
7f973dba8000-7f973dbb8000 r-xs 00000000 08:22 2621593                    /var/cache/fontconfig/0f34bcd4b6ee430af32735b75db7f02b-le64.cache-3
7f973dbb8000-7f973dbbb000 r-xs 00000000 08:22 2621592                    /var/cache/fontconfig/d60319d88cac85ba9e1a07bd06cfbb8c-le64.cache-3
7f973dbbb000-7f973dbbc000 r-xs 00000000 08:22 2622676                    /var/cache/fontconfig/4794a0821666d79190d59a36cb4f44b5-le64.cache-3
7f973dbbc000-7f973dbea000 r-xs 00000000 08:22 2621591                    /var/cache/fontconfig/365b55f210c0a22e9a19e35191240f32-le64.cache-3
7f973dbea000-7f973dbf4000 r-xs 00000000 08:22 2621590                    /var/cache/fontconfig/d52a8644073d54c13679302ca1180695-le64.cache-3
7f973dbfc000-7f973dc17000 r-xs 00000000 08:22 272583                     /usr/share/texmf/fonts/type1/public/lm/lmri8.pfb
7f973dc17000-7f973dc38000 r-xs 00000000 08:22 272587                     /usr/share/texmf/fonts/type1/public/lm/lmro17.pfb
7f973dc38000-7f973dc40000 r-xs 00000000 08:22 272564                     /usr/share/texmf/fonts/type1/public/lm/lmmi5.pfb
7f973dc40000-7f973dc62000 r-xs 00000000 08:22 272620                     /usr/share/texmf/fonts/type1/public/lm/lmtlco10.pfb
7f973dc62000-7f973dca2000 rwxs cff7e000 00:05 6006                       /dev/nvidia1
7f973dca2000-7f973dcbd000 rwxs 13f000000 00:05 6006                      /dev/nvidia1
7f973dcbd000-7f973dcc0000 ---p 00000000 00:00 0 
7f973dcc0000-7f973ddbe000 rwxp 00000000 00:00 0 
7f973ddbe000-7f973ddc1000 ---p 00000000 00:00 0 
7f973ddc1000-7f973debf000 rwxp 00000000 00:00 0 
7f973debf000-7f973dec4000 r-xp 00000000 08:22 1180715                    /usr/lib/x86_64-linux-gnu/libXfixes.so.3.1.0
7f973dec4000-7f973e0c3000 ---p 00005000 08:22 1180715                    /usr/lib/x86_64-linux-gnu/libXfixes.so.3.1.0
7f973e0c3000-7f973e0c4000 r-xp 00004000 08:22 1180715                    /usr/lib/x86_64-linux-gnu/libXfixes.so.3.1.0
7f973e0c4000-7f973e0c5000 rwxp 00005000 08:22 1180715                    /usr/lib/x86_64-linux-gnu/libXfixes.so.3.1.0
7f973e0c5000-7f973e0ce000 r-xp 00000000 08:22 1180172                    /usr/lib/x86_64-linux-gnu/libXrender.so.1.3.0
7f973e0ce000-7f973e2ce000 ---p 00009000 08:22 1180172                    /usr/lib/x86_64-linux-gnu/libXrender.so.1.3.0
7f973e2ce000-7f973e2cf000 r-xp 00009000 08:22 1180172                    /usr/lib/x86_64-linux-gnu/libXrender.so.1.3.0
7f973e2cf000-7f973e2d0000 rwxp 0000a000 08:22 1180172                    /usr/lib/x86_64-linux-gnu/libXrender.so.1.3.0
7f973e2d0000-7f973e2d9000 r-xp 00000000 08:22 1188068                    /usr/lib/x86_64-linux-gnu/libXcursor.so.1.0.2
7f973e2d9000-7f973e4d8000 ---p 00009000 08:22 1188068                    /usr/lib/x86_64-linux-gnu/libXcursor.so.1.0.2
7f973e4d8000-7f973e4d9000 r-xp 00008000 08:22 1188068                    /usr/lib/x86_64-linux-gnu/libXcursor.so.1.0.2
7f973e4d9000-7f973e4da000 rwxp 00009000 08:22 1188068                    /usr/lib/x86_64-linux-gnu/libXcursor.so.1.0.2
7f973e4da000-7f973e4e2000 r-xs 00000000 08:22 272546                     /usr/share/texmf/fonts/type1/public/lm/lmbsy5.pfb
7f973e4e2000-7f973e4e6000 rwxs 62aef000 00:05 6006                       /dev/nvidia1
7f973e4e6000-7f973e4e7000 rwxs cffbe000 00:05 6006                       /dev/nvidia1
7f973e4e7000-7f973e4e8000 rwxs 62aee000 00:05 6006                       /dev/nvidia1
7f973e4e8000-7f973e4e9000 rwxs 39809000 00:05 6006                       /dev/nvidia1
7f973e4e9000-7f973e4ea000 rwxs 3e796000 00:05 6006                       /dev/nvidia1
7f973e4ea000-7f973e4ec000 r-xs 0000b000 08:24 2107912                    /home/bguaman/workspace/mt4j-desktop/lib/tuio/tuio4j.jar
7f973e4ec000-7f973e4f8000 r-xs 0010f000 08:24 678557                     /home/bguaman/workspace/mt4j-desktop/lib/jogl/jogl.jar
7f973e4f8000-7f973e4f9000 r-xs 00005000 08:24 678552                     /home/bguaman/workspace/mt4j-desktop/lib/jogl/opengl.jar
7f973e4f9000-7f973e4fb000 r-xs 0005b000 08:24 678565                     /home/bguaman/workspace/mt4j-desktop/lib/core.jar
7f973e4fb000-7f973e4fc000 r-xs 00003000 08:24 2107913                    /home/bguaman/workspace/mt4j-desktop/lib/tuio/tuio4jinput.jar
7f973e4fc000-7f973e4fe000 r-xs 0000a000 08:24 678566                     /home/bguaman/workspace/mt4j-desktop/lib/muito_blobtracking.jar
7f973e4fe000-7f973e500000 r-xs 00004000 08:24 678547                     /home/bguaman/workspace/mt4j-desktop/lib/jogl/gluegen-rt.jar
7f973e500000-7f973e505000 r-xs 00010000 08:24 1190174                    /home/bguaman/workspace/mt4j-core/lib/xml-apis-ext.jar
7f973e505000-7f973e508000 ---p 00000000 00:00 0 
7f973e508000-7f973e606000 rwxp 00000000 00:00 0 
7f973e606000-7f973e67f000 r-xp 00000000 08:22 1189423                    /usr/lib/jvm/java-6-sun-1.6.0.26/jre/lib/amd64/libfontmanager.so
7f973e67f000-7f973e77e000 ---p 00079000 08:22 1189423                    /usr/lib/jvm/java-6-sun-1.6.0.26/jre/lib/amd64/libfontmanager.so
7f973e77e000-7f973e793000 rwxp 00078000 08:22 1189423                    /usr/lib/jvm/java-6-sun-1.6.0.26/jre/lib/amd64/libfontmanager.so
7f973e793000-7f973e7a4000 rwxp 00000000 00:00 0 
7f973e7a4000-7f973e7a9000 r-xp 00000000 08:22 1187279                    /usr/lib/x86_64-linux-gnu/libXdmcp.so.6.0.0
7f973e7a9000-7f973e9a8000 ---p 00005000 08:22 1187279                    /usr/lib/x86_64-linux-gnu/libXdmcp.so.6.0.0
7f973e9a8000-7f973e9a9000 r-xp 00004000 08:22 1187279                    /usr/lib/x86_64-linux-gnu/libXdmcp.so.6.0.0
7f973e9a9000-7f973e9aa000 rwxp 00005000 08:22 1187279                    /usr/lib/x86_64-linux-gnu/libXdmcp.so.6.0.0
7f973e9aa000-7f973e9ac000 r-xp 00000000 08:22 1187247                    /usr/lib/x86_64-linux-gnu/libXau.so.6.0.0
7f973e9ac000-7f973ebab000 ---p 00002000 08:22 1187247                    /usr/lib/x86_64-linux-gnu/libXau.so.6.0.0
7f973ebab000-7f973ebac000 r-xp 00001000 08:22 1187247                    /usr/lib/x86_64-linux-gnu/libXau.so.6.0.0
7f973ebac000-7f973ebad000 rwxp 00002000 08:22 1187247                    /usr/lib/x86_64-linux-gnu/libXau.so.6.0.0
7f973ebad000-7f973ebc8000 r-xp 00000000 08:22 1187284                    /usr/lib/x86_64-linux-gnu/libxcb.so.1.1.0
7f973ebc8000-7f973edc7000 ---p 0001b000 08:22 1187284                    /usr/lib/x86_64-linux-gnu/libxcb.so.1.1.0
7f973edc7000-7f973edc8000 r-xp 0001a000 08:22 1187284                    /usr/lib/x86_64-linux-gnu/libxcb.so.1.1.0
7f973edc8000-7f973edc9000 rwxp 0001b000 08:22 1187284                    /usr/lib/x86_64-linux-gnu/libxcb.so.1.1.0
7f973edc9000-7f973edd8000 r-xp 00000000 08:22 1188155                    /usr/lib/x86_64-linux-gnu/libXi.so.6.1.0
7f973edd8000-7f973efd7000 ---p 0000f000 08:22 1188155                    /usr/lib/x86_64-linux-gnu/libXi.so.6.1.0
7f973efd7000-7f973efd8000 r-xp 0000e000 08:22 1188155                    /usr/lib/x86_64-linux-gnu/libXi.so.6.1.0
7f973efd8000-7f973efd9000 rwxp 0000f000 08:22 1188155                    /usr/lib/x86_64-linux-gnu/libXi.so.6.1.0
7f973efd9000-7f973efde000 r-xp 00000000 08:22 1182462                    /usr/lib/libXtst.so.6.1.0
7f973efde000-7f973f1dd000 ---p 00005000 08:22 1182462                    /usr/lib/libXtst.so.6.1.0
7f973f1dd000-7f973f1de000 r-xp 00004000 08:22 1182462                    /usr/lib/libXtst.so.6.1.0
7f973f1de000-7f973f1df000 rwxp 00005000 08:22 1182462                    /usr/lib/libXtst.so.6.1.0
7f973f1df000-7f973f314000 r-xp 00000000 08:22 1188489                    /usr/lib/x86_64-linux-gnu/libX11.so.6.3.0
7f973f314000-7f973f514000 ---p 00135000 08:22 1188489                    /usr/lib/x86_64-linux-gnu/libX11.so.6.3.0
7f973f514000-7f973f515000 r-xp 00135000 08:22 1188489                    /usr/lib/x86_64-linux-gnu/libX11.so.6.3.0
7f973f515000-7f973f519000 rwxp 00136000 08:22 1188489                    /usr/lib/x86_64-linux-gnu/libX11.so.6.3.0
7f973f519000-7f973f52a000 r-xp 00000000 08:22 1183304                    /usr/lib/x86_64-linux-gnu/libXext.so.6.4.0
7f973f52a000-7f973f729000 ---p 00011000 08:22 1183304                    /usr/lib/x86_64-linux-gnu/libXext.so.6.4.0
7f973f729000-7f973f72a000 r-xp 00010000 08:22 1183304                    /usr/lib/x86_64-linux-gnu/libXext.so.6.4.0
7f973f72a000-7f973f72b000 rwxp 00011000 08:22 1183304                    /usr/lib/x86_64-linux-gnu/libXext.so.6.4.0
7f973f72b000-7f973f73e000 r-xs 00000000 08:22 2621573                    /var/cache/fontconfig/e13b20fdb08344e0e664864cc2ede53d-le64.cache-3
7f973f73e000-7f973f742000 r-xs 00000000 08:22 2625713                    /var/cache/fontconfig/7ef2298fde41cc6eeb7af42e48b7d293-le64.cache-3
7f973f742000-7f973f756000 r-xs 00000000 08:22 2621609                    /var/cache/fontconfig/865f88548240fee46819705c6468c165-le64.cache-3
7f973f756000-7f973f798000 r-xp 00000000 08:22 1189412                    /usr/lib/jvm/java-6-sun-1.6.0.26/jre/lib/amd64/xawt/libmawt.so
7f973f798000-7f973f897000 ---p 00042000 08:22 1189412                    /usr/lib/jvm/java-6-sun-1.6.0.26/jre/lib/amd64/xawt/libmawt.so
7f973f897000-7f973f8a3000 rwxp 00041000 08:22 1189412                    /usr/lib/jvm/java-6-sun-1.6.0.26/jre/lib/amd64/xawt/libmawt.so
7f973f8a3000-7f973f8a4000 rwxp 00000000 00:00 0 
7f973f8a4000-7f973f936000 r-xp 00000000 08:22 1189435                    /usr/lib/jvm/java-6-sun-1.6.0.26/jre/lib/amd64/libawt.so
7f973f936000-7f973fa35000 ---p 00092000 08:22 1189435                    /usr/lib/jvm/java-6-sun-1.6.0.26/jre/lib/amd64/libawt.so
7f973fa35000-7f973fa4f000 rwxp 00091000 08:22 1189435                    /usr/lib/jvm/java-6-sun-1.6.0.26/jre/lib/amd64/libawt.so
7f973fa4f000-7f973fa73000 rwxp 00000000 00:00 0 
7f973fa73000-7f973fa94000 r-xs 00261000 08:24 1190172                    /home/bguaman/workspace/mt4j-core/lib/mt4j-core.jar
7f973fa94000-7f973fa9c000 r-xs 00045000 08:24 1190178                    /home/bguaman/workspace/mt4j-core/lib/batik-css.jar
7f973fa9c000-7f973fa9d000 r-xs 00006000 08:24 1190173                    /home/bguaman/workspace/mt4j-core/lib/ani.jar
7f973fa9d000-7f973fa9e000 r-xs 00002000 08:24 1722383                    /home/bguaman/workspace/mt4j-desktop/examples/advanced/water/lib/waterScene.jar
7f973fa9e000-7f973faa2000 r-xs 00091000 08:24 534392                     /home/bguaman/workspace/mt4j-desktop/examples/advanced/physics/lib/jbox2d.jar
7f973faa2000-7f973faa4000 r-xs 0000c000 08:24 680828                     /home/bguaman/workspace/mt4j-desktop/examples/advanced/modestMapsMT/lib/modestMaps.jar
7f973faa4000-7f973faa5000 r-xs 00001000 08:24 680669                     /home/bguaman/workspace/mt4j-desktop/examples/advanced/fluidSimulator/lib/MSAFluid.jar
7f973faa5000-7f973faa9000 r-xs 0005e000 08:24 680788                     /home/bguaman/workspace/mt4j-desktop/examples/advanced/flickrMT/lib/flickrj.jar
7f973faa9000-7f973faab000 r-xs 0003c000 08:24 534101                     /home/bguaman/workspace/mt4j-desktop/extensions/lib/jbullet/vecmath.jar
7f973faab000-7f973faac000 r-xs 0000b000 08:24 534102                     /home/bguaman/workspace/mt4j-desktop/extensions/lib/jbullet/stack-alloc.jar
7f973faac000-7f973fab5000 r-xs 0006c000 08:24 534103                     /home/bguaman/workspace/mt4j-desktop/extensions/lib/jbullet/jbullet.jar
7f973fab5000-7f973fab7000 r-xs 00008000 08:24 678443                     /home/bguaman/workspace/mt4j-desktop/lib/whirlylib/whirlycache-1.0.1.jar
7f973fab7000-7f973fabf000 r-xs 0004f000 08:24 678446                     /home/bguaman/workspace/mt4j-desktop/lib/whirlylib/log4j-1.2.8.jar
7f973fabf000-7f973fac7000 r-xs 00028000 08:24 678540                     /home/bguaman/workspace/mt4j-desktop/lib/batik/xml-apis.jar
7f973fac7000-7f973fad2000 r-xs 000ad000 08:24 678533                     /home/bguaman/workspace/mt4j-desktop/lib/batik/pdf-transcoder.jar
7f973fad2000-7f973fada000 r-xs 00074000 08:24 678535                     /home/bguaman/workspace/mt4j-desktop/lib/batik/js.jar
7f973fada000-7f973fadb000 r-xs 00007000 08:24 678522                     /home/bguaman/workspace/mt4j-desktop/lib/batik/batik-xml.jar
7f973fadb000-7f973fade000 r-xs 0001d000 08:24 678530                     /home/bguaman/workspace/mt4j-desktop/lib/batik/batik-util.jar
7f973fade000-7f973fae0000 r-xs 0001c000 08:24 678524                     /home/bguaman/workspace/mt4j-desktop/lib/batik/batik-transcoder.jar
7f973fae0000-7f973fae5000 r-xs 00030000 08:24 678519                     /home/bguaman/workspace/mt4j-desktop/lib/batik/batik-svggen.jar
7f973fae5000-7f973faf2000 r-xs 00087000 08:24 678529                     /home/bguaman/workspace/mt4j-desktop/lib/batik/batik-svg-dom.jar
7f973faf2000-7f973faf5000 r-xs 0000d000 08:24 678525                     /home/bguaman/workspace/mt4j-desktop/lib/batik/batik-script.jar
7f973faf5000-7f973faf7000 r-xs 00010000 08:24 678520                     /home/bguaman/workspace/mt4j-desktop/lib/batik/batik-parser.jar
7f973faf7000-7f973fafb000 r-xs 00038000 08:24 678539                     /home/bguaman/workspace/mt4j-desktop/lib/batik/batik-gvt.jar
7f973fafb000-7f973fafc000 ---p 00000000 00:00 0 
7f973fafc000-7f973fbfc000 rwxp 00000000 00:00 0 
7f973fbfc000-7f973fbff000 ---p 00000000 00:00 0 
7f973fbff000-7f973fcfd000 rwxp 00000000 00:00 0 
7f973fcfd000-7f973fd00000 ---p 00000000 00:00 0 
7f973fd00000-7f973fdfe000 rwxp 00000000 00:00 0 
7f973fdfe000-7f973fe01000 ---p 00000000 00:00 0 
7f973fe01000-7f973feff000 rwxp 00000000 00:00 0 
7f973feff000-7f973ff02000 ---p 00000000 00:00 0 
7f973ff02000-7f9740000000 rwxp 00000000 00:00 0 
7f9740000000-7f9741e52000 rwxp 00000000 00:00 0 
7f9741e52000-7f9744000000 ---p 00000000 00:00 0 
7f9744000000-7f97442a5000 r-xp 00000000 08:22 1179791                    /usr/lib/locale/locale-archive
7f97442a5000-7f97442a8000 ---p 00000000 00:00 0 
7f97442a8000-7f97443a6000 rwxp 00000000 00:00 0 
7f97443a6000-7f97443a9000 ---p 00000000 00:00 0 
7f97443a9000-7f97444a7000 rwxp 00000000 00:00 0 
7f97444a7000-7f97444a8000 ---p 00000000 00:00 0 
7f97444a8000-7f9744ae1000 rwxp 00000000 00:00 0 
7f9744ae1000-7f9744c79000 r-xs 03029000 08:22 1202981                    /usr/lib/jvm/java-6-sun-1.6.0.26/jre/lib/rt.jar
7f9744c79000-7f9744ca1000 rwxp 00000000 00:00 0 
7f9744ca1000-7f9744ca2000 ---p 00000000 00:00 0 
7f9744ca2000-7f9744da2000 rwxp 00000000 00:00 0 
7f9744da2000-7f9744da3000 ---p 00000000 00:00 0 
7f9744da3000-7f9744ea3000 rwxp 00000000 00:00 0 
7f9744ea3000-7f9744ea4000 ---p 00000000 00:00 0 
7f9744ea4000-7f9744fa4000 rwxp 00000000 00:00 0 
7f9744fa4000-7f9744fa5000 ---p 00000000 00:00 0 
7f9744fa5000-7f97450b0000 rwxp 00000000 00:00 0 
7f97450b0000-7f97450ce000 rwxp 00000000 00:00 0 
7f97450ce000-7f97450e3000 rwxp 00000000 00:00 0 
7f97450e3000-7f9745219000 rwxp 00000000 00:00 0 
7f9745219000-7f9745224000 rwxp 00000000 00:00 0 
7f9745224000-7f9745242000 rwxp 00000000 00:00 0 
7f9745242000-7f9745257000 rwxp 00000000 00:00 0 
7f9745257000-7f974538c000 rwxp 00000000 00:00 0 
7f974538c000-7f97453af000 rwxp 00000000 00:00 0 
7f97453af000-7f9745432000 rwxp 00000000 00:00 0 
7f9745432000-7f97456a3000 rwxp 00000000 00:00 0 
7f97456a3000-7f9748433000 rwxp 00000000 00:00 0 
7f9748433000-7f9748441000 r-xp 00000000 08:22 1189430                    /usr/lib/jvm/java-6-sun-1.6.0.26/jre/lib/amd64/libzip.so
7f9748441000-7f9748543000 ---p 0000e000 08:22 1189430                    /usr/lib/jvm/java-6-sun-1.6.0.26/jre/lib/amd64/libzip.so
7f9748543000-7f9748546000 rwxp 00010000 08:22 1189430                    /usr/lib/jvm/java-6-sun-1.6.0.26/jre/lib/amd64/libzip.so
7f9748546000-7f9748547000 rwxp 00000000 00:00 0 
7f9748547000-7f9748553000 r-xp 00000000 08:22 1837256                    /lib/x86_64-linux-gnu/libnss_files-2.13.so
7f9748553000-7f9748752000 ---p 0000c000 08:22 1837256                    /lib/x86_64-linux-gnu/libnss_files-2.13.so
7f9748752000-7f9748753000 r-xp 0000b000 08:22 1837256                    /lib/x86_64-linux-gnu/libnss_files-2.13.so
7f9748753000-7f9748754000 rwxp 0000c000 08:22 1837256                    /lib/x86_64-linux-gnu/libnss_files-2.13.so
7f9748754000-7f974875f000 r-xp 00000000 08:22 1837260                    /lib/x86_64-linux-gnu/libnss_nis-2.13.so
7f974875f000-7f974895e000 ---p 0000b000 08:22 1837260                    /lib/x86_64-linux-gnu/libnss_nis-2.13.so
7f974895e000-7f974895f000 r-xp 0000a000 08:22 1837260                    /lib/x86_64-linux-gnu/libnss_nis-2.13.so
7f974895f000-7f9748960000 rwxp 0000b000 08:22 1837260                    /lib/x86_64-linux-gnu/libnss_nis-2.13.so
7f9748960000-7f9748968000 r-xp 00000000 08:22 1837252                    /lib/x86_64-linux-gnu/libnss_compat-2.13.so
7f9748968000-7f9748b67000 ---p 00008000 08:22 1837252                    /lib/x86_64-linux-gnu/libnss_compat-2.13.so
7f9748b67000-7f9748b68000 r-xp 00007000 08:22 1837252                    /lib/x86_64-linux-gnu/libnss_compat-2.13.so
7f9748b68000-7f9748b69000 rwxp 00008000 08:22 1837252                    /lib/x86_64-linux-gnu/libnss_compat-2.13.so
7f9748b69000-7f9748b80000 r-xp 00000000 08:22 1837250                    /lib/x86_64-linux-gnu/libnsl-2.13.so
7f9748b80000-7f9748d7f000 ---p 00017000 08:22 1837250                    /lib/x86_64-linux-gnu/libnsl-2.13.so
7f9748d7f000-7f9748d80000 r-xp 00016000 08:22 1837250                    /lib/x86_64-linux-gnu/libnsl-2.13.so
7f9748d80000-7f9748d81000 rwxp 00017000 08:22 1837250                    /lib/x86_64-linux-gnu/libnsl-2.13.so
7f9748d81000-7f9748d83000 rwxp 00000000 00:00 0 
7f9748d83000-7f9748dac000 r-xp 00000000 08:22 1189429                    /usr/lib/jvm/java-6-sun-1.6.0.26/jre/lib/amd64/libjava.so
7f9748dac000-7f9748eab000 ---p 00029000 08:22 1189429                    /usr/lib/jvm/java-6-sun-1.6.0.26/jre/lib/amd64/libjava.so
7f9748eab000-7f9748eb2000 rwxp 00028000 08:22 1189429                    /usr/lib/jvm/java-6-sun-1.6.0.26/jre/lib/amd64/libjava.so
7f9748eb2000-7f9748ebf000 r-xp 00000000 08:22 1189406                    /usr/lib/jvm/java-6-sun-1.6.0.26/jre/lib/amd64/libverify.so
7f9748ebf000-7f9748fbe000 ---p 0000d000 08:22 1189406                    /usr/lib/jvm/java-6-sun-1.6.0.26/jre/lib/amd64/libverify.so
7f9748fbe000-7f9748fc1000 rwxp 0000c000 08:22 1189406                    /usr/lib/jvm/java-6-sun-1.6.0.26/jre/lib/amd64/libverify.so
7f9748fc1000-7f9748fc8000 r-xp 00000000 08:22 1837270                    /lib/x86_64-linux-gnu/librt-2.13.so
7f9748fc8000-7f97491c7000 ---p 00007000 08:22 1837270                    /lib/x86_64-linux-gnu/librt-2.13.so
7f97491c7000-7f97491c8000 r-xp 00006000 08:22 1837270                    /lib/x86_64-linux-gnu/librt-2.13.so
7f97491c8000-7f97491c9000 rwxp 00007000 08:22 1837270                    /lib/x86_64-linux-gnu/librt-2.13.so
7f97491c9000-7f97491cc000 ---p 00000000 00:00 0 
7f97491cc000-7f97492ca000 rwxp 00000000 00:00 0 
7f97492ca000-7f974934e000 r-xp 00000000 08:22 1837246                    /lib/x86_64-linux-gnu/libm-2.13.so
7f974934e000-7f974954d000 ---p 00084000 08:22 1837246                    /lib/x86_64-linux-gnu/libm-2.13.so
7f974954d000-7f974954e000 r-xp 00083000 08:22 1837246                    /lib/x86_64-linux-gnu/libm-2.13.so
7f974954e000-7f974954f000 rwxp 00084000 08:22 1837246                    /lib/x86_64-linux-gnu/libm-2.13.so
7f974954f000-7f9749e69000 r-xp 00000000 08:22 1189432                    /usr/lib/jvm/java-6-sun-1.6.0.26/jre/lib/amd64/server/libjvm.so
7f9749e69000-7f9749f6b000 ---p 0091a000 08:22 1189432                    /usr/lib/jvm/java-6-sun-1.6.0.26/jre/lib/amd64/server/libjvm.so
7f9749f6b000-7f974a120000 rwxp 0091c000 08:22 1189432                    /usr/lib/jvm/java-6-sun-1.6.0.26/jre/lib/amd64/server/libjvm.so
7f974a120000-7f974a15a000 rwxp 00000000 00:00 0 
7f974a15a000-7f974a2e4000 r-xp 00000000 08:22 1837230                    /lib/x86_64-linux-gnu/libc-2.13.so
7f974a2e4000-7f974a4e3000 ---p 0018a000 08:22 1837230                    /lib/x86_64-linux-gnu/libc-2.13.so
7f974a4e3000-7f974a4e7000 r-xp 00189000 08:22 1837230                    /lib/x86_64-linux-gnu/libc-2.13.so
7f974a4e7000-7f974a4e8000 rwxp 0018d000 08:22 1837230                    /lib/x86_64-linux-gnu/libc-2.13.so
7f974a4e8000-7f974a4ee000 rwxp 00000000 00:00 0 
7f974a4ee000-7f974a4f0000 r-xp 00000000 08:22 1837244                    /lib/x86_64-linux-gnu/libdl-2.13.so
7f974a4f0000-7f974a6f0000 ---p 00002000 08:22 1837244                    /lib/x86_64-linux-gnu/libdl-2.13.so
7f974a6f0000-7f974a6f1000 r-xp 00002000 08:22 1837244                    /lib/x86_64-linux-gnu/libdl-2.13.so
7f974a6f1000-7f974a6f2000 rwxp 00003000 08:22 1837244                    /lib/x86_64-linux-gnu/libdl-2.13.so
7f974a6f2000-7f974a70a000 r-xp 00000000 08:22 1837266                    /lib/x86_64-linux-gnu/libpthread-2.13.so
7f974a70a000-7f974a90a000 ---p 00018000 08:22 1837266                    /lib/x86_64-linux-gnu/libpthread-2.13.so
7f974a90a000-7f974a90b000 r-xp 00018000 08:22 1837266                    /lib/x86_64-linux-gnu/libpthread-2.13.so
7f974a90b000-7f974a90c000 rwxp 00019000 08:22 1837266                    /lib/x86_64-linux-gnu/libpthread-2.13.so
7f974a90c000-7f974a910000 rwxp 00000000 00:00 0 
7f974a910000-7f974a931000 r-xp 00000000 08:22 1835033                    /lib/x86_64-linux-gnu/ld-2.13.so
7f974a931000-7f974a932000 rwxs b2001000 00:05 6006                       /dev/nvidia1
7f974a932000-7f974a934000 r-xs 0000f000 08:24 678528                     /home/bguaman/workspace/mt4j-desktop/lib/batik/batik-extension.jar
7f974a934000-7f974a935000 r-xs 00002000 08:24 678538                     /home/bguaman/workspace/mt4j-desktop/lib/batik/batik-ext.jar
7f974a935000-7f974a93f000 rwxp 00000000 00:00 0 
7f974a93f000-7f974a9f5000 rwxp 00000000 00:00 0 
7f974a9f5000-7f974a9f8000 rwxp 00000000 00:00 0 
7f974a9f8000-7f974a9ff000 r-xp 00000000 08:22 1189402                    /usr/lib/jvm/java-6-sun-1.6.0.26/jre/lib/amd64/jli/libjli.so
7f974a9ff000-7f974ab00000 ---p 00007000 08:22 1189402                    /usr/lib/jvm/java-6-sun-1.6.0.26/jre/lib/amd64/jli/libjli.so
7f974ab00000-7f974ab02000 rwxp 00008000 08:22 1189402                    /usr/lib/jvm/java-6-sun-1.6.0.26/jre/lib/amd64/jli/libjli.so
7f974ab02000-7f974ab03000 rwxp 00000000 00:00 0 
7f974ab03000-7f974ab07000 r-xs 00027000 08:24 678513                     /home/bguaman/workspace/mt4j-desktop/lib/batik/batik-dom.jar
7f974ab07000-7f974ab11000 r-xs 00080000 08:24 678521                     /home/bguaman/workspace/mt4j-desktop/lib/batik/batik-bridge.jar
7f974ab11000-7f974ab18000 r-xs 0005c000 08:24 678542                     /home/bguaman/workspace/mt4j-desktop/lib/batik/batik-awt-util.jar
7f974ab18000-7f974ab1b000 r-xs 00015000 08:24 678517                     /home/bguaman/workspace/mt4j-desktop/lib/batik/batik-anim.jar
7f974ab1b000-7f974ab1d000 r-xs 00006000 08:24 678564                     /home/bguaman/workspace/mt4j-desktop/lib/mri.jar
7f974ab1d000-7f974ab23000 r-xs 00034000 08:24 678567                     /home/bguaman/workspace/mt4j-desktop/lib/junit-4.8.2.jar
7f974ab23000-7f974ab24000 r-xs 00002000 08:24 678562                     /home/bguaman/workspace/mt4j-desktop/lib/GlulogicMT.jar
7f974ab24000-7f974ab2c000 rwxs 00000000 08:22 2103828                    /tmp/hsperfdata_bguaman/5481
7f974ab2c000-7f974ab2d000 rwxp 00000000 00:00 0 
7f974ab2d000-7f974ab2e000 r-xp 00000000 00:00 0 
7f974ab2e000-7f974ab30000 rwxp 00000000 00:00 0 
7f974ab30000-7f974ab31000 r-xp 00020000 08:22 1835033                    /lib/x86_64-linux-gnu/ld-2.13.so
7f974ab31000-7f974ab33000 rwxp 00021000 08:22 1835033                    /lib/x86_64-linux-gnu/ld-2.13.so
7fffc523d000-7fffc525f000 rwxp 00000000 00:00 0                          [stack]
7fffc5365000-7fffc5366000 r-xp 00000000 00:00 0                          [vdso]
ffffffffff600000-ffffffffff601000 r-xp 00000000 00:00 0                  [vsyscall]

VM Arguments:
jvm_args: -Djava.library.path=/home/bguaman/workspace/mt4j-desktop -Dfile.encoding=UTF-8 
java_command: advanced.physics.StartGlobitos
Launcher Type: SUN_STANDARD

Environment Variables:
PATH=/usr/local/sbin:/usr/local/bin:/usr/sbin:/usr/bin:/sbin:/bin:/usr/games
USERNAME=bguaman
LD_LIBRARY_PATH=/usr/lib/jvm/java-6-sun-1.6.0.26/jre/lib/amd64/server:/usr/lib/jvm/java-6-sun-1.6.0.26/jre/lib/amd64:/usr/lib/jvm/java-6-sun-1.6.0.26/jre/../lib/amd64:/usr/lib/xulrunner-1.9.2.17
SHELL=/bin/bash
DISPLAY=:0.0

Signal Handlers:
SIGSEGV: [libjvm.so+0x85f800], sa_mask[0]=0x7ffbfeff, sa_flags=0x10000004
SIGBUS: [libjvm.so+0x85f800], sa_mask[0]=0x7ffbfeff, sa_flags=0x10000004
SIGFPE: [libjvm.so+0x70e300], sa_mask[0]=0x7ffbfeff, sa_flags=0x10000004
SIGPIPE: [libjvm.so+0x70e300], sa_mask[0]=0x7ffbfeff, sa_flags=0x10000004
SIGXFSZ: [libjvm.so+0x70e300], sa_mask[0]=0x7ffbfeff, sa_flags=0x10000004
SIGILL: [libjvm.so+0x70e300], sa_mask[0]=0x7ffbfeff, sa_flags=0x10000004
SIGUSR1: SIG_DFL, sa_mask[0]=0x00000000, sa_flags=0x00000000
SIGUSR2: [libjvm.so+0x711110], sa_mask[0]=0x00000004, sa_flags=0x10000004
SIGHUP: [libjvm.so+0x710d10], sa_mask[0]=0x7ffbfeff, sa_flags=0x10000004
SIGINT: [libjvm.so+0x710d10], sa_mask[0]=0x7ffbfeff, sa_flags=0x10000004
SIGTERM: [libjvm.so+0x710d10], sa_mask[0]=0x7ffbfeff, sa_flags=0x10000004
SIGQUIT: [libjvm.so+0x710d10], sa_mask[0]=0x7ffbfeff, sa_flags=0x10000004


---------------  S Y S T E M  ---------------

OS:squeeze/sid

uname:Linux 2.6.38-13-generic #54-Ubuntu SMP Tue Jan 3 13:38:12 UTC 2012 x86_64
libc:glibc 2.13 NPTL 2.13 
rlimit: STACK 8192k, CORE 0k, NPROC infinity, NOFILE 4096, AS infinity
load average:0.05 0.07 0.05

/proc/meminfo:
MemTotal:        4056284 kB
MemFree:          644004 kB
Buffers:          659024 kB
Cached:           775064 kB
SwapCached:            0 kB
Active:          1456056 kB
Inactive:         944200 kB
Active(anon):     966964 kB
Inactive(anon):     5280 kB
Active(file):     489092 kB
Inactive(file):   938920 kB
Unevictable:           0 kB
Mlocked:               0 kB
SwapTotal:       7815616 kB
SwapFree:        7815616 kB
Dirty:                72 kB
Writeback:             0 kB
AnonPages:        966296 kB
Mapped:           173424 kB
Shmem:              6064 kB
Slab:             835040 kB
SReclaimable:     805208 kB
SUnreclaim:        29832 kB
KernelStack:        3168 kB
PageTables:        28388 kB
NFS_Unstable:          0 kB
Bounce:                0 kB
WritebackTmp:          0 kB
CommitLimit:     9843756 kB
Committed_AS:    2561752 kB
VmallocTotal:   34359738367 kB
VmallocUsed:      113588 kB
VmallocChunk:   34359615996 kB
HardwareCorrupted:     0 kB
HugePages_Total:       0
HugePages_Free:        0
HugePages_Rsvd:        0
HugePages_Surp:        0
Hugepagesize:       2048 kB
DirectMap4k:      166784 kB
DirectMap2M:     4026368 kB


CPU:total 4 (2 cores per cpu, 1 threads per core) family 15 model 65 stepping 3, cmov, cx8, fxsr, mmx, sse, sse2, sse3, mmxext, 3dnow, 3dnowext

/proc/cpuinfo:
processor	: 0
vendor_id	: AuthenticAMD
cpu family	: 15
model		: 65
model name	: Dual-Core AMD Opteron(tm) Processor 2218
stepping	: 3
cpu MHz		: 1000.000
cache size	: 1024 KB
physical id	: 0
siblings	: 2
core id		: 0
cpu cores	: 2
apicid		: 0
initial apicid	: 0
fpu		: yes
fpu_exception	: yes
cpuid level	: 1
wp		: yes
flags		: fpu vme de pse tsc msr pae mce cx8 apic sep mtrr pge mca cmov pat pse36 clflush mmx fxsr sse sse2 ht syscall nx mmxext fxsr_opt rdtscp lm 3dnowext 3dnow rep_good nopl extd_apicid pni cx16 lahf_lm cmp_legacy svm extapic cr8_legacy
bogomips	: 2000.01
TLB size	: 1024 4K pages
clflush size	: 64
cache_alignment	: 64
address sizes	: 40 bits physical, 48 bits virtual
power management: ts fid vid ttp tm stc

processor	: 1
vendor_id	: AuthenticAMD
cpu family	: 15
model		: 65
model name	: Dual-Core AMD Opteron(tm) Processor 2218
stepping	: 3
cpu MHz		: 1000.000
cache size	: 1024 KB
physical id	: 0
siblings	: 2
core id		: 1
cpu cores	: 2
apicid		: 1
initial apicid	: 1
fpu		: yes
fpu_exception	: yes
cpuid level	: 1
wp		: yes
flags		: fpu vme de pse tsc msr pae mce cx8 apic sep mtrr pge mca cmov pat pse36 clflush mmx fxsr sse sse2 ht syscall nx mmxext fxsr_opt rdtscp lm 3dnowext 3dnow rep_good nopl extd_apicid pni cx16 lahf_lm cmp_legacy svm extapic cr8_legacy
bogomips	: 2000.01
TLB size	: 1024 4K pages
clflush size	: 64
cache_alignment	: 64
address sizes	: 40 bits physical, 48 bits virtual
power management: ts fid vid ttp tm stc

processor	: 2
vendor_id	: AuthenticAMD
cpu family	: 15
model		: 65
model name	: Dual-Core AMD Opteron(tm) Processor 2218
stepping	: 3
cpu MHz		: 1000.000
cache size	: 1024 KB
physical id	: 1
siblings	: 2
core id		: 0
cpu cores	: 2
apicid		: 2
initial apicid	: 2
fpu		: yes
fpu_exception	: yes
cpuid level	: 1
wp		: yes
flags		: fpu vme de pse tsc msr pae mce cx8 apic sep mtrr pge mca cmov pat pse36 clflush mmx fxsr sse sse2 ht syscall nx mmxext fxsr_opt rdtscp lm 3dnowext 3dnow rep_good nopl extd_apicid pni cx16 lahf_lm cmp_legacy svm extapic cr8_legacy
bogomips	: 2000.01
TLB size	: 1024 4K pages
clflush size	: 64
cache_alignment	: 64
address sizes	: 40 bits physical, 48 bits virtual
power management: ts fid vid ttp tm stc

processor	: 3
vendor_id	: AuthenticAMD
cpu family	: 15
model		: 65
model name	: Dual-Core AMD Opteron(tm) Processor 2218
stepping	: 3
cpu MHz		: 1000.000
cache size	: 1024 KB
physical id	: 1
siblings	: 2
core id		: 1
cpu cores	: 2
apicid		: 3
initial apicid	: 3
fpu		: yes
fpu_exception	: yes
cpuid level	: 1
wp		: yes
flags		: fpu vme de pse tsc msr pae mce cx8 apic sep mtrr pge mca cmov pat pse36 clflush mmx fxsr sse sse2 ht syscall nx mmxext fxsr_opt rdtscp lm 3dnowext 3dnow rep_good nopl extd_apicid pni cx16 lahf_lm cmp_legacy svm extapic cr8_legacy
bogomips	: 2000.01
TLB size	: 1024 4K pages
clflush size	: 64
cache_alignment	: 64
address sizes	: 40 bits physical, 48 bits virtual
power management: ts fid vid ttp tm stc



Memory: 4k page, physical 4056284k(644004k free), swap 7815616k(7815616k free)

vm_info: Java HotSpot(TM) 64-Bit Server VM (20.1-b02) for linux-amd64 JRE (1.6.0_26-b03), built on May  4 2011 01:13:47 by "java_re" with gcc 3.2.2 (SuSE Linux)

time: Tue May  8 11:37:20 2012
elapsed time: 62 seconds

