#
# A fatal error has been detected by the Java Runtime Environment:
#
#  SIGSEGV (0xb) at pc=0x00007f026072bb69, pid=7217, tid=139648034719488
#
# JRE version: 6.0_26-b03
# Java VM: Java HotSpot(TM) 64-Bit Server VM (20.1-b02 mixed mode linux-amd64 compressed oops)
# Problematic frame:
# C  [libGL.so.1+0x2e8b69]  __float128+0x9
#
# If you would like to submit a bug report, please visit:
#   http://java.sun.com/webapps/bugreport/crash.jsp
# The crash happened outside the Java Virtual Machine in native code.
# See problematic frame for where to report the bug.
#

---------------  T H R E A D  ---------------

Current thread (0x00007f025c690000):  JavaThread "Timer-0" [_thread_in_native, id=7245, stack(0x00007f025770c000,0x00007f025780d000)]

siginfo:si_signo=SIGSEGV: si_errno=0, si_code=1 (SEGV_MAPERR), si_addr=0x0000000000000688

Registers:
RAX=0x0000000000000000, RBX=0x00000000bdc3f010, RCX=0x0000000000000438, RDX=0x0000000000000780
RSP=0x00007f025780b368, RBP=0x00007f025780b3b0, RSI=0x0000000000000000, RDI=0x0000000000000000
R8 =0x0000000000001908, R9 =0x0000000000001401, R10=0x00007f025780b0e0, R11=0x00007f026072bb60
R12=0x0000000000000000, R13=0x00000000bdc3f010, R14=0x00007f025780b4b0, R15=0x00007f025c690000
RIP=0x00007f026072bb69, EFLAGS=0x0000000000010202, CSGSFS=0x0000000000000033, ERR=0x0000000000000004
  TRAPNO=0x000000000000000e

Top of Stack: (sp=0x00007f025780b368)
0x00007f025780b368:   00007f02600ceae0 00007f0256f22000
0x00007f025780b378:   00007f02000000b7 0000078000000438
0x00007f025780b388:   0000000000000000 00007f025780b4b0
0x00007f025780b398:   00007f025c6901d0 00007f025780b450
0x00007f025780b3a8:   00007f0256f22000 00007f025780b450
0x00007f025780b3b8:   00007f0264633d6e 00007f0200001908
0x00007f025780b3c8:   00007f0200001401 00007f025780b478
0x00007f025780b3d8:   00007f0200000000 00007f025780b4f8
0x00007f025780b3e8:   00007f025780b470 00007f025780b3f0
0x00007f025780b3f8:   00000000bce86ae0 00007f025c690000
0x00007f025780b408:   00007f025780b408 00007f025780b410
0x00007f025780b418:   00000000bdc3f010 00007f025780b4b0
0x00007f025780b428:   00000000bdcbab28 0000000000000000
0x00007f025780b438:   00000000bdc3f010 0000000000000000
0x00007f025780b448:   00007f025780b470 00007f025780b4f8
0x00007f025780b458:   00007f0264628a82 0000000000000000
0x00007f025780b468:   00007f0264630f58 0000000000000000
0x00007f025780b478:   00000000ebb32e18 0000000000001401
0x00007f025780b488:   0000000000001908 0000000000000438
0x00007f025780b498:   0000000000000780 0000000000000000
0x00007f025780b4a8:   0000000000000000 00000000ec5f1970
0x00007f025780b4b8:   00007f025780b4b8 00000000bdc3ef12
0x00007f025780b4c8:   00007f025780b548 00000000bdcbab28
0x00007f025780b4d8:   0000000000000000 00000000bdc3ef40
0x00007f025780b4e8:   00007f025780b470 00007f025780b510
0x00007f025780b4f8:   00007f025780b590 00007f0264628f5c
0x00007f025780b508:   0000000000000001 00000000ebb32e18
0x00007f025780b518:   0000000000001401 0000000000001908
0x00007f025780b528:   0000000000000438 0000000000000780
0x00007f025780b538:   0000000000000000 0000000000000000
0x00007f025780b548:   00000000ec5f1970 00007f025780b550
0x00007f025780b558:   00000000bd965a8b 00007f025780b5c8 

Instructions: (pc=0x00007f026072bb69)
0x00007f026072bb49:   ff a0 80 06 00 00 cc cc cc cc cc cc cc cc cc cc
0x00007f026072bb59:   cc cc cc cc cc cc cc 64 48 8b 04 25 60 ff ff ff
0x00007f026072bb69:   ff a0 88 06 00 00 cc cc cc cc cc cc cc cc cc cc
0x00007f026072bb79:   cc cc cc cc cc cc cc 64 48 8b 04 25 60 ff ff ff 

Register to memory mapping:

RAX=0x0000000000000000 is an unknown value
RBX=0x00000000bdc3f010 is an oop
{method} 
 - klass: {other class}
RCX=0x0000000000000438 is an unknown value
RDX=0x0000000000000780 is an unknown value
RSP=0x00007f025780b368 is pointing into the stack for thread: 0x00007f025c690000
RBP=0x00007f025780b3b0 is pointing into the stack for thread: 0x00007f025c690000
RSI=0x0000000000000000 is an unknown value
RDI=0x0000000000000000 is an unknown value
R8 =0x0000000000001908 is an unknown value
R9 =0x0000000000001401 is an unknown value
R10=0x00007f025780b0e0 is pointing into the stack for thread: 0x00007f025c690000
R11=0x00007f026072bb60: glReadPixels+0 in /usr/lib/nvidia-current/libGL.so.1 at 0x00007f0260443000
R12=0x0000000000000000 is an unknown value
R13=0x00000000bdc3f010 is an oop
{method} 
 - klass: {other class}
R14=0x00007f025780b4b0 is pointing into the stack for thread: 0x00007f025c690000
R15=0x00007f025c690000 is a thread


Stack: [0x00007f025770c000,0x00007f025780d000],  sp=0x00007f025780b368,  free space=1020k
Native frames: (J=compiled Java code, j=interpreted, Vv=VM code, C=native code)
C  [libGL.so.1+0x2e8b69]  __float128+0x9
j  com.sun.opengl.impl.GLImpl.glReadPixels0(IIIIIILjava/lang/Object;I)V+0
j  com.sun.opengl.impl.GLImpl.glReadPixels(IIIIIILjava/nio/Buffer;)V+50
j  processing.opengl.PGraphicsOpenGL.loadPixels()V+75
j  processing.core.PImage.save(Ljava/lang/String;)V+30
j  processing.core.PApplet.saveFrame()V+38
j  advanced.drawing.MainDrawingScene$8.run()V+21
j  java.util.TimerThread.mainLoop()V+221
j  java.util.TimerThread.run()V+1
v  ~StubRoutines::call_stub
V  [libjvm.so+0x4df5c0]  JavaCalls::call_helper(JavaValue*, methodHandle*, JavaCallArguments*, Thread*)+0x1e0
V  [libjvm.so+0x70f629]  os::os_exception_wrapper(void (*)(JavaValue*, methodHandle*, JavaCallArguments*, Thread*), JavaValue*, methodHandle*, JavaCallArguments*, Thread*)+0x19
V  [libjvm.so+0x4def06]  JavaCalls::call_virtual(JavaValue*, KlassHandle, symbolHandle, symbolHandle, JavaCallArguments*, Thread*)+0x126
V  [libjvm.so+0x4defb7]  JavaCalls::call_virtual(JavaValue*, Handle, KlassHandle, symbolHandle, symbolHandle, Thread*)+0x47
V  [libjvm.so+0x572ce0]  thread_entry(JavaThread*, Thread*)+0xa0
V  [libjvm.so+0x8190f1]  JavaThread::run()+0x121
V  [libjvm.so+0x710adf]  java_start(Thread*)+0x13f

Java frames: (J=compiled Java code, j=interpreted, Vv=VM code)
j  com.sun.opengl.impl.GLImpl.glReadPixels0(IIIIIILjava/lang/Object;I)V+0
j  com.sun.opengl.impl.GLImpl.glReadPixels(IIIIIILjava/nio/Buffer;)V+50
j  processing.opengl.PGraphicsOpenGL.loadPixels()V+75
j  processing.core.PImage.save(Ljava/lang/String;)V+30
j  processing.core.PApplet.saveFrame()V+38
j  advanced.drawing.MainDrawingScene$8.run()V+21
j  java.util.TimerThread.mainLoop()V+221
j  java.util.TimerThread.run()V+1
v  ~StubRoutines::call_stub

---------------  P R O C E S S  ---------------

Java Threads: ( => current thread )
  0x00007f025c5e5800 JavaThread "DestroyJavaVM" [_thread_blocked, id=7222, stack(0x00007f02683b9000,0x00007f02684ba000)]
=>0x00007f025c690000 JavaThread "Timer-0" [_thread_in_native, id=7245, stack(0x00007f025770c000,0x00007f025780d000)]
  0x0000000040e16800 JavaThread "Thread-1" [_thread_in_native, id=7243, stack(0x00007f02592e2000,0x00007f02593e3000)]
  0x00007f025c3a0000 JavaThread "Animation Thread" [_thread_blocked, id=7241, stack(0x00007f0260850000,0x00007f0260951000)]
  0x00000000408bf800 JavaThread "AWT-EventQueue-0" [_thread_blocked, id=7239, stack(0x00007f0260951000,0x00007f0260a52000)]
  0x00007f025c39f800 JavaThread "AWT-Shutdown" [_thread_blocked, id=7238, stack(0x00007f0260a52000,0x00007f0260b53000)]
  0x00007f025c32f000 JavaThread "AWT-XAWT" daemon [_thread_in_native, id=7236, stack(0x00007f0260f8a000,0x00007f026108b000)]
  0x00007f025c298000 JavaThread "Java2D Disposer" daemon [_thread_blocked, id=7235, stack(0x00007f02616d1000,0x00007f02617d2000)]
  0x00007f025c070800 JavaThread "Low Memory Detector" daemon [_thread_blocked, id=7233, stack(0x00007f0262dec000,0x00007f0262eed000)]
  0x00007f025c06e000 JavaThread "C2 CompilerThread1" daemon [_thread_blocked, id=7232, stack(0x00007f0262eed000,0x00007f0262fee000)]
  0x00007f025c06b000 JavaThread "C2 CompilerThread0" daemon [_thread_blocked, id=7231, stack(0x00007f0262fee000,0x00007f02630ef000)]
  0x00007f025c068800 JavaThread "Signal Dispatcher" daemon [_thread_blocked, id=7230, stack(0x00007f02630ef000,0x00007f02631f0000)]
  0x00007f025c04c800 JavaThread "Finalizer" daemon [_thread_blocked, id=7229, stack(0x00007f0263495000,0x00007f0263596000)]
  0x00007f025c04a800 JavaThread "Reference Handler" daemon [_thread_blocked, id=7228, stack(0x00007f0263596000,0x00007f0263697000)]

Other Threads:
  0x00007f025c044000 VMThread [stack: 0x00007f0263697000,0x00007f0263798000] [id=7227]
  0x00007f025c073800 WatcherThread [stack: 0x00007f0262ceb000,0x00007f0262dec000] [id=7234]

VM state:not at safepoint (normal execution)

VM Mutex/Monitor currently owned by a thread: None

Heap
 PSYoungGen      total 18496K, used 16325K [0x00000000eb560000, 0x00000000eca00000, 0x0000000100000000)
  eden space 15872K, 89% used [0x00000000eb560000,0x00000000ec32ea80,0x00000000ec4e0000)
  from space 2624K, 83% used [0x00000000ec4e0000,0x00000000ec702a00,0x00000000ec770000)
  to   space 2624K, 0% used [0x00000000ec770000,0x00000000ec770000,0x00000000eca00000)
 PSOldGen        total 42304K, used 0K [0x00000000c2000000, 0x00000000c4950000, 0x00000000eb560000)
  object space 42304K, 0% used [0x00000000c2000000,0x00000000c2000000,0x00000000c4950000)
 PSPermGen       total 21248K, used 18262K [0x00000000bce00000, 0x00000000be2c0000, 0x00000000c2000000)
  object space 21248K, 85% used [0x00000000bce00000,0x00000000bdfd5a68,0x00000000be2c0000)

Code Cache  [0x00007f0264623000, 0x00007f0264893000, 0x00007f0267623000)
 total_blobs=865 nmethods=71 adapters=748 free_code_cache=49397888 largest_free_block=28992

Dynamic libraries:
40000000-40009000 r-xp 00000000 08:22 1185676                            /usr/lib/jvm/java-6-sun-1.6.0.26/jre/bin/java
40108000-4010a000 rwxp 00008000 08:22 1185676                            /usr/lib/jvm/java-6-sun-1.6.0.26/jre/bin/java
4070b000-410f2000 rwxp 00000000 00:00 0                                  [heap]
410f2000-410f4000 r-xs 00000000 08:22 1993135                            /tmp/glG1gD1t (deleted)
bce00000-be2c0000 rwxp 00000000 00:00 0 
be2c0000-c2000000 rwxp 00000000 00:00 0 
c2000000-c4950000 rwxp 00000000 00:00 0 
c4950000-eb560000 rwxp 00000000 00:00 0 
eb560000-eca00000 rwxp 00000000 00:00 0 
eca00000-100000000 rwxp 00000000 00:00 0 
7f0256f21000-7f025770c000 rwxp 00000000 00:00 0 
7f025770c000-7f025770f000 ---p 00000000 00:00 0 
7f025770f000-7f0258fe1000 rwxp 00000000 00:00 0 
7f0258fe1000-7f0258fe4000 ---p 00000000 00:00 0 
7f0258fe4000-7f02592e2000 rwxp 00000000 00:00 0 
7f02592e2000-7f02592e5000 ---p 00000000 00:00 0 
7f02592e5000-7f02593e3000 rwxp 00000000 00:00 0 
7f02593e3000-7f02593f6000 r-xp 00000000 08:22 1189407                    /usr/lib/jvm/java-6-sun-1.6.0.26/jre/lib/amd64/libnet.so
7f02593f6000-7f02594f7000 ---p 00013000 08:22 1189407                    /usr/lib/jvm/java-6-sun-1.6.0.26/jre/lib/amd64/libnet.so
7f02594f7000-7f02594fa000 rwxp 00014000 08:22 1189407                    /usr/lib/jvm/java-6-sun-1.6.0.26/jre/lib/amd64/libnet.so
7f02594fa000-7f025953a000 rwxs cff7e000 00:05 6100                       /dev/nvidia1
7f025953a000-7f025963a000 rwxs 19473000 00:05 6100                       /dev/nvidia1
7f025963a000-7f025973a000 rwxs 43c7c000 00:05 6100                       /dev/nvidia1
7f025973a000-7f0259faa000 rwxs c0000000 00:05 6100                       /dev/nvidia1
7f0259faa000-7f0259fac000 r-xp 00000000 08:24 696261                     /home/bguaman/workspace/PLAYmt4j/MT4JClient/mt4j-desktop/libjogl_awt.so
7f0259fac000-7f025a0ab000 ---p 00002000 08:24 696261                     /home/bguaman/workspace/PLAYmt4j/MT4JClient/mt4j-desktop/libjogl_awt.so
7f025a0ab000-7f025a0ac000 rwxp 00001000 08:24 696261                     /home/bguaman/workspace/PLAYmt4j/MT4JClient/mt4j-desktop/libjogl_awt.so
7f025a0ac000-7f025a0ad000 r-xp 00000000 08:22 1189436                    /usr/lib/jvm/java-6-sun-1.6.0.26/jre/lib/amd64/libjawt.so
7f025a0ad000-7f025a1ac000 ---p 00001000 08:22 1189436                    /usr/lib/jvm/java-6-sun-1.6.0.26/jre/lib/amd64/libjawt.so
7f025a1ac000-7f025a1ad000 rwxp 00000000 08:22 1189436                    /usr/lib/jvm/java-6-sun-1.6.0.26/jre/lib/amd64/libjawt.so
7f025a1ad000-7f025a1b2000 r-xp 00000000 08:22 1182806                    /usr/lib/x86_64-linux-gnu/libXxf86vm.so.1.0.0
7f025a1b2000-7f025a3b1000 ---p 00005000 08:22 1182806                    /usr/lib/x86_64-linux-gnu/libXxf86vm.so.1.0.0
7f025a3b1000-7f025a3b2000 r-xp 00004000 08:22 1182806                    /usr/lib/x86_64-linux-gnu/libXxf86vm.so.1.0.0
7f025a3b2000-7f025a3b3000 rwxp 00005000 08:22 1182806                    /usr/lib/x86_64-linux-gnu/libXxf86vm.so.1.0.0
7f025a3b3000-7f025b801000 r-xp 00000000 08:22 1184078                    /usr/lib/nvidia-current/libnvidia-glcore.so.270.41.06
7f025b801000-7f025ba01000 ---p 0144e000 08:22 1184078                    /usr/lib/nvidia-current/libnvidia-glcore.so.270.41.06
7f025ba01000-7f025bfe9000 rwxp 0144e000 08:22 1184078                    /usr/lib/nvidia-current/libnvidia-glcore.so.270.41.06
7f025bfe9000-7f025c000000 rwxp 00000000 00:00 0 
7f025c000000-7f025c7ae000 rwxp 00000000 00:00 0 
7f025c7ae000-7f0260000000 ---p 00000000 00:00 0 
7f0260051000-7f0260140000 r-xp 00000000 08:24 696252                     /home/bguaman/workspace/PLAYmt4j/MT4JClient/mt4j-desktop/libjogl.so
7f0260140000-7f0260240000 ---p 000ef000 08:24 696252                     /home/bguaman/workspace/PLAYmt4j/MT4JClient/mt4j-desktop/libjogl.so
7f0260240000-7f0260241000 rwxp 000ef000 08:24 696252                     /home/bguaman/workspace/PLAYmt4j/MT4JClient/mt4j-desktop/libjogl.so
7f0260241000-7f0260242000 r-xp 00000000 08:22 1180743                    /usr/lib/nvidia-current/tls/libnvidia-tls.so.270.41.06
7f0260242000-7f0260442000 ---p 00001000 08:22 1180743                    /usr/lib/nvidia-current/tls/libnvidia-tls.so.270.41.06
7f0260442000-7f0260443000 rwxp 00001000 08:22 1180743                    /usr/lib/nvidia-current/tls/libnvidia-tls.so.270.41.06
7f0260443000-7f0260500000 r-xp 00000000 08:22 1183145                    /usr/lib/nvidia-current/libGL.so.270.41.06
7f0260500000-7f0260700000 ---p 000bd000 08:22 1183145                    /usr/lib/nvidia-current/libGL.so.270.41.06
7f0260700000-7f0260739000 rwxp 000bd000 08:22 1183145                    /usr/lib/nvidia-current/libGL.so.270.41.06
7f0260739000-7f026074f000 rwxp 00000000 00:00 0 
7f026074f000-7f0260750000 r-xp 00000000 08:24 696219                     /home/bguaman/workspace/PLAYmt4j/MT4JClient/mt4j-desktop/libgluegen-rt.so
7f0260750000-7f026084f000 ---p 00001000 08:24 696219                     /home/bguaman/workspace/PLAYmt4j/MT4JClient/mt4j-desktop/libgluegen-rt.so
7f026084f000-7f0260850000 rwxp 00000000 08:24 696219                     /home/bguaman/workspace/PLAYmt4j/MT4JClient/mt4j-desktop/libgluegen-rt.so
7f0260850000-7f0260853000 ---p 00000000 00:00 0 
7f0260853000-7f0260951000 rwxp 00000000 00:00 0 
7f0260951000-7f0260954000 ---p 00000000 00:00 0 
7f0260954000-7f0260a52000 rwxp 00000000 00:00 0 
7f0260a52000-7f0260a55000 ---p 00000000 00:00 0 
7f0260a55000-7f0260b53000 rwxp 00000000 00:00 0 
7f0260b53000-7f0260b5b000 r-xp 00000000 08:22 1187959                    /usr/lib/x86_64-linux-gnu/libXrandr.so.2.2.0
7f0260b5b000-7f0260d5a000 ---p 00008000 08:22 1187959                    /usr/lib/x86_64-linux-gnu/libXrandr.so.2.2.0
7f0260d5a000-7f0260d5b000 r-xp 00007000 08:22 1187959                    /usr/lib/x86_64-linux-gnu/libXrandr.so.2.2.0
7f0260d5b000-7f0260d5c000 rwxp 00008000 08:22 1187959                    /usr/lib/x86_64-linux-gnu/libXrandr.so.2.2.0
7f0260d5c000-7f0260d5d000 r-xs 00000000 08:22 2621607                    /var/cache/fontconfig/c05880de57d1f5e948fdfacc138775d9-le64.cache-3
7f0260d5d000-7f0260d66000 r-xs 00000000 08:22 2621606                    /var/cache/fontconfig/945677eb7aeaf62f1d50efc3fb3ec7d8-le64.cache-3
7f0260d66000-7f0260d68000 r-xs 00000000 08:22 2621574                    /var/cache/fontconfig/99e8ed0e538f840c565b6ed5dad60d56-le64.cache-3
7f0260d68000-7f0260d6b000 r-xs 00000000 08:22 2621604                    /var/cache/fontconfig/e383d7ea5fbe662a33d9b44caf393297-le64.cache-3
7f0260d6b000-7f0260d6d000 r-xs 00000000 08:22 2621603                    /var/cache/fontconfig/2cd17615ca594fa2959ae173292e504c-le64.cache-3
7f0260d6d000-7f0260d6e000 r-xs 00000000 08:22 2621601                    /var/cache/fontconfig/e7071f4a29fa870f4323321c154eba04-le64.cache-3
7f0260d6e000-7f0260d71000 r-xs 00000000 08:22 2625717                    /var/cache/fontconfig/b5ea634b0fb353b8ea17632d1f9ef766-le64.cache-3
7f0260d71000-7f0260d75000 r-xs 00000000 08:22 2621600                    /var/cache/fontconfig/6eb3985aa4124903f6ff08ba781cd364-le64.cache-3
7f0260d75000-7f0260d76000 r-xs 00000000 08:22 2621599                    /var/cache/fontconfig/4c73fe0c47614734b17d736dbde7580a-le64.cache-3
7f0260d76000-7f0260d77000 r-xs 00000000 08:22 2621598                    /var/cache/fontconfig/0d8c3b2ac0904cb8a57a757ad11a4a08-le64.cache-3
7f0260d77000-7f0260d78000 r-xs 00000000 08:22 2621597                    /var/cache/fontconfig/6a53c69dea097a2d716e069445527da8-le64.cache-3
7f0260d78000-7f0260d7e000 r-xs 00000000 08:22 2621596                    /var/cache/fontconfig/a755afe4a08bf5b97852ceb7400b47bc-le64.cache-3
7f0260d7e000-7f0260d82000 r-xs 00000000 08:22 2626406                    /var/cache/fontconfig/6d41288fd70b0be22e8c3a91e032eec0-le64.cache-3
7f0260d82000-7f0260d92000 r-xs 00000000 08:22 2621593                    /var/cache/fontconfig/0f34bcd4b6ee430af32735b75db7f02b-le64.cache-3
7f0260d92000-7f0260dc0000 r-xs 00000000 08:22 2621591                    /var/cache/fontconfig/365b55f210c0a22e9a19e35191240f32-le64.cache-3
7f0260e82000-7f0260e84000 rwxs 00000000 08:22 1993135                    /tmp/glG1gD1t (deleted)
7f0260e84000-7f0260e88000 rwxs 1946f000 00:05 6100                       /dev/nvidia1
7f0260e88000-7f0260e89000 rwxs cffbe000 00:05 6100                       /dev/nvidia1
7f0260e89000-7f0260e8c000 ---p 00000000 00:00 0 
7f0260e8c000-7f0260f8a000 rwxp 00000000 00:00 0 
7f0260f8a000-7f0260f8d000 ---p 00000000 00:00 0 
7f0260f8d000-7f026108b000 rwxp 00000000 00:00 0 
7f026108b000-7f0261090000 r-xp 00000000 08:22 1180715                    /usr/lib/x86_64-linux-gnu/libXfixes.so.3.1.0
7f0261090000-7f026128f000 ---p 00005000 08:22 1180715                    /usr/lib/x86_64-linux-gnu/libXfixes.so.3.1.0
7f026128f000-7f0261290000 r-xp 00004000 08:22 1180715                    /usr/lib/x86_64-linux-gnu/libXfixes.so.3.1.0
7f0261290000-7f0261291000 rwxp 00005000 08:22 1180715                    /usr/lib/x86_64-linux-gnu/libXfixes.so.3.1.0
7f0261291000-7f026129a000 r-xp 00000000 08:22 1180172                    /usr/lib/x86_64-linux-gnu/libXrender.so.1.3.0
7f026129a000-7f026149a000 ---p 00009000 08:22 1180172                    /usr/lib/x86_64-linux-gnu/libXrender.so.1.3.0
7f026149a000-7f026149b000 r-xp 00009000 08:22 1180172                    /usr/lib/x86_64-linux-gnu/libXrender.so.1.3.0
7f026149b000-7f026149c000 rwxp 0000a000 08:22 1180172                    /usr/lib/x86_64-linux-gnu/libXrender.so.1.3.0
7f026149c000-7f02614a5000 r-xp 00000000 08:22 1188068                    /usr/lib/x86_64-linux-gnu/libXcursor.so.1.0.2
7f02614a5000-7f02616a4000 ---p 00009000 08:22 1188068                    /usr/lib/x86_64-linux-gnu/libXcursor.so.1.0.2
7f02616a4000-7f02616a5000 r-xp 00008000 08:22 1188068                    /usr/lib/x86_64-linux-gnu/libXcursor.so.1.0.2
7f02616a5000-7f02616a6000 rwxp 00009000 08:22 1188068                    /usr/lib/x86_64-linux-gnu/libXcursor.so.1.0.2
7f02616a6000-7f02616a7000 rwxs 1946e000 00:05 6100                       /dev/nvidia1
7f02616a7000-7f02616a8000 rwxs 1946d000 00:05 6100                       /dev/nvidia1
7f02616a8000-7f02616a9000 rwxs b2c03000 00:05 6100                       /dev/nvidia1
7f02616a9000-7f02616aa000 rwxs 1b3b5000 00:05 6100                       /dev/nvidia1
7f02616aa000-7f02616c5000 rwxs 140e00000 00:05 6100                      /dev/nvidia1
7f02616c5000-7f02616d1000 r-xs 0010f000 08:24 692263                     /home/bguaman/workspace/PLAYmt4j/MT4JClient/mt4j-desktop/lib/jogl/jogl.jar
7f02616d1000-7f02616d4000 ---p 00000000 00:00 0 
7f02616d4000-7f02617d2000 rwxp 00000000 00:00 0 
7f02617d2000-7f026184b000 r-xp 00000000 08:22 1189423                    /usr/lib/jvm/java-6-sun-1.6.0.26/jre/lib/amd64/libfontmanager.so
7f026184b000-7f026194a000 ---p 00079000 08:22 1189423                    /usr/lib/jvm/java-6-sun-1.6.0.26/jre/lib/amd64/libfontmanager.so
7f026194a000-7f026195f000 rwxp 00078000 08:22 1189423                    /usr/lib/jvm/java-6-sun-1.6.0.26/jre/lib/amd64/libfontmanager.so
7f026195f000-7f0261970000 rwxp 00000000 00:00 0 
7f0261970000-7f0261975000 r-xp 00000000 08:22 1187279                    /usr/lib/x86_64-linux-gnu/libXdmcp.so.6.0.0
7f0261975000-7f0261b74000 ---p 00005000 08:22 1187279                    /usr/lib/x86_64-linux-gnu/libXdmcp.so.6.0.0
7f0261b74000-7f0261b75000 r-xp 00004000 08:22 1187279                    /usr/lib/x86_64-linux-gnu/libXdmcp.so.6.0.0
7f0261b75000-7f0261b76000 rwxp 00005000 08:22 1187279                    /usr/lib/x86_64-linux-gnu/libXdmcp.so.6.0.0
7f0261b76000-7f0261b78000 r-xp 00000000 08:22 1187247                    /usr/lib/x86_64-linux-gnu/libXau.so.6.0.0
7f0261b78000-7f0261d77000 ---p 00002000 08:22 1187247                    /usr/lib/x86_64-linux-gnu/libXau.so.6.0.0
7f0261d77000-7f0261d78000 r-xp 00001000 08:22 1187247                    /usr/lib/x86_64-linux-gnu/libXau.so.6.0.0
7f0261d78000-7f0261d79000 rwxp 00002000 08:22 1187247                    /usr/lib/x86_64-linux-gnu/libXau.so.6.0.0
7f0261d79000-7f0261d94000 r-xp 00000000 08:22 1187284                    /usr/lib/x86_64-linux-gnu/libxcb.so.1.1.0
7f0261d94000-7f0261f93000 ---p 0001b000 08:22 1187284                    /usr/lib/x86_64-linux-gnu/libxcb.so.1.1.0
7f0261f93000-7f0261f94000 r-xp 0001a000 08:22 1187284                    /usr/lib/x86_64-linux-gnu/libxcb.so.1.1.0
7f0261f94000-7f0261f95000 rwxp 0001b000 08:22 1187284                    /usr/lib/x86_64-linux-gnu/libxcb.so.1.1.0
7f0261f95000-7f0261fa4000 r-xp 00000000 08:22 1188155                    /usr/lib/x86_64-linux-gnu/libXi.so.6.1.0
7f0261fa4000-7f02621a3000 ---p 0000f000 08:22 1188155                    /usr/lib/x86_64-linux-gnu/libXi.so.6.1.0
7f02621a3000-7f02621a4000 r-xp 0000e000 08:22 1188155                    /usr/lib/x86_64-linux-gnu/libXi.so.6.1.0
7f02621a4000-7f02621a5000 rwxp 0000f000 08:22 1188155                    /usr/lib/x86_64-linux-gnu/libXi.so.6.1.0
7f02621a5000-7f02621aa000 r-xp 00000000 08:22 1182462                    /usr/lib/libXtst.so.6.1.0
7f02621aa000-7f02623a9000 ---p 00005000 08:22 1182462                    /usr/lib/libXtst.so.6.1.0
7f02623a9000-7f02623aa000 r-xp 00004000 08:22 1182462                    /usr/lib/libXtst.so.6.1.0
7f02623aa000-7f02623ab000 rwxp 00005000 08:22 1182462                    /usr/lib/libXtst.so.6.1.0
7f02623ab000-7f02624e0000 r-xp 00000000 08:22 1188489                    /usr/lib/x86_64-linux-gnu/libX11.so.6.3.0
7f02624e0000-7f02626e0000 ---p 00135000 08:22 1188489                    /usr/lib/x86_64-linux-gnu/libX11.so.6.3.0
7f02626e0000-7f02626e1000 r-xp 00135000 08:22 1188489                    /usr/lib/x86_64-linux-gnu/libX11.so.6.3.0
7f02626e1000-7f02626e5000 rwxp 00136000 08:22 1188489                    /usr/lib/x86_64-linux-gnu/libX11.so.6.3.0
7f02626e5000-7f02626f6000 r-xp 00000000 08:22 1183304                    /usr/lib/x86_64-linux-gnu/libXext.so.6.4.0
7f02626f6000-7f02628f5000 ---p 00011000 08:22 1183304                    /usr/lib/x86_64-linux-gnu/libXext.so.6.4.0
7f02628f5000-7f02628f6000 r-xp 00010000 08:22 1183304                    /usr/lib/x86_64-linux-gnu/libXext.so.6.4.0
7f02628f6000-7f02628f7000 rwxp 00011000 08:22 1183304                    /usr/lib/x86_64-linux-gnu/libXext.so.6.4.0
7f02628f7000-7f02628f8000 rwxs b2001000 00:05 6100                       /dev/nvidia1
7f02628f8000-7f02628fa000 r-xs 00005000 08:24 816243                     /home/bguaman/workspace/MT4jTUIO4jInputSources/tuio4jInput.jar
7f02628fa000-7f02628fc000 r-xs 0000b000 08:24 692063                     /home/bguaman/workspace/PLAYmt4j/MT4JClient/mt4j-desktop/lib/tuio/tuio4j.jar
7f02628fc000-7f02628fd000 r-xs 00005000 08:24 692258                     /home/bguaman/workspace/PLAYmt4j/MT4JClient/mt4j-desktop/lib/jogl/opengl.jar
7f02628fd000-7f02628ff000 r-xs 0005b000 08:24 692276                     /home/bguaman/workspace/PLAYmt4j/MT4JClient/mt4j-desktop/lib/core.jar
7f02628ff000-7f0262909000 r-xs 00000000 08:22 2621590                    /var/cache/fontconfig/d52a8644073d54c13679302ca1180695-le64.cache-3
7f0262909000-7f026290f000 r-xs 00000000 08:22 2626487                    /var/cache/fontconfig/105b9c7e6f0a4f82d8c9b6e39c52c6f9-le64.cache-3
7f026290f000-7f0262922000 r-xs 00000000 08:22 2621573                    /var/cache/fontconfig/e13b20fdb08344e0e664864cc2ede53d-le64.cache-3
7f0262922000-7f0262964000 r-xp 00000000 08:22 1189412                    /usr/lib/jvm/java-6-sun-1.6.0.26/jre/lib/amd64/xawt/libmawt.so
7f0262964000-7f0262a63000 ---p 00042000 08:22 1189412                    /usr/lib/jvm/java-6-sun-1.6.0.26/jre/lib/amd64/xawt/libmawt.so
7f0262a63000-7f0262a6f000 rwxp 00041000 08:22 1189412                    /usr/lib/jvm/java-6-sun-1.6.0.26/jre/lib/amd64/xawt/libmawt.so
7f0262a6f000-7f0262a70000 rwxp 00000000 00:00 0 
7f0262a70000-7f0262b02000 r-xp 00000000 08:22 1189435                    /usr/lib/jvm/java-6-sun-1.6.0.26/jre/lib/amd64/libawt.so
7f0262b02000-7f0262c01000 ---p 00092000 08:22 1189435                    /usr/lib/jvm/java-6-sun-1.6.0.26/jre/lib/amd64/libawt.so
7f0262c01000-7f0262c1b000 rwxp 00091000 08:22 1189435                    /usr/lib/jvm/java-6-sun-1.6.0.26/jre/lib/amd64/libawt.so
7f0262c1b000-7f0262c3f000 rwxp 00000000 00:00 0 
7f0262c3f000-7f0262c60000 r-xs 00261000 08:24 684919                     /home/bguaman/workspace/PLAYmt4j/MT4JClient/mt4j-core/lib/mt4j-core.jar
7f0262c60000-7f0262c68000 r-xs 00045000 08:24 684925                     /home/bguaman/workspace/PLAYmt4j/MT4JClient/mt4j-core/lib/batik-css.jar
7f0262c68000-7f0262c69000 r-xs 00006000 08:24 684920                     /home/bguaman/workspace/PLAYmt4j/MT4JClient/mt4j-core/lib/ani.jar
7f0262c69000-7f0262c6a000 r-xs 00002000 08:24 695877                     /home/bguaman/workspace/PLAYmt4j/MT4JClient/mt4j-desktop/examples/advanced/water/lib/waterScene.jar
7f0262c6a000-7f0262c6e000 r-xs 00091000 08:24 694960                     /home/bguaman/workspace/PLAYmt4j/MT4JClient/mt4j-desktop/examples/advanced/physics/lib/jbox2d.jar
7f0262c6e000-7f0262c70000 r-xs 0000c000 08:24 696150                     /home/bguaman/workspace/PLAYmt4j/MT4JClient/mt4j-desktop/examples/advanced/modestMapsMT/lib/modestMaps.jar
7f0262c70000-7f0262c71000 r-xs 00001000 08:24 695903                     /home/bguaman/workspace/PLAYmt4j/MT4JClient/mt4j-desktop/examples/advanced/fluidSimulator/lib/MSAFluid.jar
7f0262c71000-7f0262c75000 r-xs 0005e000 08:24 696093                     /home/bguaman/workspace/PLAYmt4j/MT4JClient/mt4j-desktop/examples/advanced/flickrMT/lib/flickrj.jar
7f0262c75000-7f0262c77000 r-xs 0003c000 08:24 688488                     /home/bguaman/workspace/PLAYmt4j/MT4JClient/mt4j-desktop/extensions/lib/jbullet/vecmath.jar
7f0262c77000-7f0262c78000 r-xs 0000b000 08:24 688489                     /home/bguaman/workspace/PLAYmt4j/MT4JClient/mt4j-desktop/extensions/lib/jbullet/stack-alloc.jar
7f0262c78000-7f0262c81000 r-xs 0006c000 08:24 688490                     /home/bguaman/workspace/PLAYmt4j/MT4JClient/mt4j-desktop/extensions/lib/jbullet/jbullet.jar
7f0262c81000-7f0262c83000 r-xs 00008000 08:24 692099                     /home/bguaman/workspace/PLAYmt4j/MT4JClient/mt4j-desktop/lib/whirlylib/whirlycache-1.0.1.jar
7f0262c83000-7f0262c8b000 r-xs 0004f000 08:24 692104                     /home/bguaman/workspace/PLAYmt4j/MT4JClient/mt4j-desktop/lib/whirlylib/log4j-1.2.8.jar
7f0262c8b000-7f0262c93000 r-xs 00028000 08:24 692211                     /home/bguaman/workspace/PLAYmt4j/MT4JClient/mt4j-desktop/lib/batik/xml-apis.jar
7f0262c93000-7f0262c9e000 r-xs 000ad000 08:24 692204                     /home/bguaman/workspace/PLAYmt4j/MT4JClient/mt4j-desktop/lib/batik/pdf-transcoder.jar
7f0262c9e000-7f0262ca6000 r-xs 00074000 08:24 692206                     /home/bguaman/workspace/PLAYmt4j/MT4JClient/mt4j-desktop/lib/batik/js.jar
7f0262ca6000-7f0262ca7000 r-xs 00007000 08:24 692193                     /home/bguaman/workspace/PLAYmt4j/MT4JClient/mt4j-desktop/lib/batik/batik-xml.jar
7f0262ca7000-7f0262caa000 r-xs 0001d000 08:24 692201                     /home/bguaman/workspace/PLAYmt4j/MT4JClient/mt4j-desktop/lib/batik/batik-util.jar
7f0262caa000-7f0262cac000 r-xs 0001c000 08:24 692195                     /home/bguaman/workspace/PLAYmt4j/MT4JClient/mt4j-desktop/lib/batik/batik-transcoder.jar
7f0262cac000-7f0262cb1000 r-xs 00030000 08:24 692190                     /home/bguaman/workspace/PLAYmt4j/MT4JClient/mt4j-desktop/lib/batik/batik-svggen.jar
7f0262cb1000-7f0262cbe000 r-xs 00087000 08:24 692200                     /home/bguaman/workspace/PLAYmt4j/MT4JClient/mt4j-desktop/lib/batik/batik-svg-dom.jar
7f0262cbe000-7f0262cc1000 r-xs 0000d000 08:24 692196                     /home/bguaman/workspace/PLAYmt4j/MT4JClient/mt4j-desktop/lib/batik/batik-script.jar
7f0262cc1000-7f0262cc3000 r-xs 00010000 08:24 692191                     /home/bguaman/workspace/PLAYmt4j/MT4JClient/mt4j-desktop/lib/batik/batik-parser.jar
7f0262cc3000-7f0262cc7000 r-xs 00038000 08:24 692210                     /home/bguaman/workspace/PLAYmt4j/MT4JClient/mt4j-desktop/lib/batik/batik-gvt.jar
7f0262cc7000-7f0262cc9000 r-xs 0000f000 08:24 692199                     /home/bguaman/workspace/PLAYmt4j/MT4JClient/mt4j-desktop/lib/batik/batik-extension.jar
7f0262cc9000-7f0262cca000 r-xs 00002000 08:24 692209                     /home/bguaman/workspace/PLAYmt4j/MT4JClient/mt4j-desktop/lib/batik/batik-ext.jar
7f0262cca000-7f0262cce000 r-xs 00027000 08:24 692184                     /home/bguaman/workspace/PLAYmt4j/MT4JClient/mt4j-desktop/lib/batik/batik-dom.jar
7f0262cce000-7f0262cd8000 r-xs 00080000 08:24 692192                     /home/bguaman/workspace/PLAYmt4j/MT4JClient/mt4j-desktop/lib/batik/batik-bridge.jar
7f0262cd8000-7f0262cdf000 r-xs 0005c000 08:24 692213                     /home/bguaman/workspace/PLAYmt4j/MT4JClient/mt4j-desktop/lib/batik/batik-awt-util.jar
7f0262cdf000-7f0262ce2000 r-xs 00015000 08:24 692188                     /home/bguaman/workspace/PLAYmt4j/MT4JClient/mt4j-desktop/lib/batik/batik-anim.jar
7f0262ce2000-7f0262ce4000 r-xs 00006000 08:24 692275                     /home/bguaman/workspace/PLAYmt4j/MT4JClient/mt4j-desktop/lib/mri.jar
7f0262ce4000-7f0262cea000 r-xs 00034000 08:24 692278                     /home/bguaman/workspace/PLAYmt4j/MT4JClient/mt4j-desktop/lib/junit-4.8.2.jar
7f0262cea000-7f0262ceb000 r-xs 00002000 08:24 692273                     /home/bguaman/workspace/PLAYmt4j/MT4JClient/mt4j-desktop/lib/GlulogicMT.jar
7f0262ceb000-7f0262cec000 ---p 00000000 00:00 0 
7f0262cec000-7f0262dec000 rwxp 00000000 00:00 0 
7f0262dec000-7f0262def000 ---p 00000000 00:00 0 
7f0262def000-7f0262eed000 rwxp 00000000 00:00 0 
7f0262eed000-7f0262ef0000 ---p 00000000 00:00 0 
7f0262ef0000-7f0262fee000 rwxp 00000000 00:00 0 
7f0262fee000-7f0262ff1000 ---p 00000000 00:00 0 
7f0262ff1000-7f02630ef000 rwxp 00000000 00:00 0 
7f02630ef000-7f02630f2000 ---p 00000000 00:00 0 
7f02630f2000-7f02631f0000 rwxp 00000000 00:00 0 
7f02631f0000-7f0263495000 r-xp 00000000 08:22 1179791                    /usr/lib/locale/locale-archive
7f0263495000-7f0263498000 ---p 00000000 00:00 0 
7f0263498000-7f0263596000 rwxp 00000000 00:00 0 
7f0263596000-7f0263599000 ---p 00000000 00:00 0 
7f0263599000-7f0263697000 rwxp 00000000 00:00 0 
7f0263697000-7f0263698000 ---p 00000000 00:00 0 
7f0263698000-7f0263cd1000 rwxp 00000000 00:00 0 
7f0263cd1000-7f0263e69000 r-xs 03029000 08:22 1202981                    /usr/lib/jvm/java-6-sun-1.6.0.26/jre/lib/rt.jar
7f0263e69000-7f0263e91000 rwxp 00000000 00:00 0 
7f0263e91000-7f0263e92000 ---p 00000000 00:00 0 
7f0263e92000-7f0263f92000 rwxp 00000000 00:00 0 
7f0263f92000-7f0263f93000 ---p 00000000 00:00 0 
7f0263f93000-7f0264093000 rwxp 00000000 00:00 0 
7f0264093000-7f0264094000 ---p 00000000 00:00 0 
7f0264094000-7f0264194000 rwxp 00000000 00:00 0 
7f0264194000-7f0264195000 ---p 00000000 00:00 0 
7f0264195000-7f02642a0000 rwxp 00000000 00:00 0 
7f02642a0000-7f02642be000 rwxp 00000000 00:00 0 
7f02642be000-7f02642d3000 rwxp 00000000 00:00 0 
7f02642d3000-7f0264409000 rwxp 00000000 00:00 0 
7f0264409000-7f0264414000 rwxp 00000000 00:00 0 
7f0264414000-7f0264432000 rwxp 00000000 00:00 0 
7f0264432000-7f0264447000 rwxp 00000000 00:00 0 
7f0264447000-7f026457c000 rwxp 00000000 00:00 0 
7f026457c000-7f0264587000 rwxp 00000000 00:00 0 
7f0264587000-7f0264622000 rwxp 00000000 00:00 0 
7f0264622000-7f0264893000 rwxp 00000000 00:00 0 
7f0264893000-7f0267623000 rwxp 00000000 00:00 0 
7f0267623000-7f0267631000 r-xp 00000000 08:22 1189430                    /usr/lib/jvm/java-6-sun-1.6.0.26/jre/lib/amd64/libzip.so
7f0267631000-7f0267733000 ---p 0000e000 08:22 1189430                    /usr/lib/jvm/java-6-sun-1.6.0.26/jre/lib/amd64/libzip.so
7f0267733000-7f0267736000 rwxp 00010000 08:22 1189430                    /usr/lib/jvm/java-6-sun-1.6.0.26/jre/lib/amd64/libzip.so
7f0267736000-7f0267737000 rwxp 00000000 00:00 0 
7f0267737000-7f0267743000 r-xp 00000000 08:22 1837256                    /lib/x86_64-linux-gnu/libnss_files-2.13.so
7f0267743000-7f0267942000 ---p 0000c000 08:22 1837256                    /lib/x86_64-linux-gnu/libnss_files-2.13.so
7f0267942000-7f0267943000 r-xp 0000b000 08:22 1837256                    /lib/x86_64-linux-gnu/libnss_files-2.13.so
7f0267943000-7f0267944000 rwxp 0000c000 08:22 1837256                    /lib/x86_64-linux-gnu/libnss_files-2.13.so
7f0267944000-7f026794f000 r-xp 00000000 08:22 1837260                    /lib/x86_64-linux-gnu/libnss_nis-2.13.so
7f026794f000-7f0267b4e000 ---p 0000b000 08:22 1837260                    /lib/x86_64-linux-gnu/libnss_nis-2.13.so
7f0267b4e000-7f0267b4f000 r-xp 0000a000 08:22 1837260                    /lib/x86_64-linux-gnu/libnss_nis-2.13.so
7f0267b4f000-7f0267b50000 rwxp 0000b000 08:22 1837260                    /lib/x86_64-linux-gnu/libnss_nis-2.13.so
7f0267b50000-7f0267b58000 r-xp 00000000 08:22 1837252                    /lib/x86_64-linux-gnu/libnss_compat-2.13.so
7f0267b58000-7f0267d57000 ---p 00008000 08:22 1837252                    /lib/x86_64-linux-gnu/libnss_compat-2.13.so
7f0267d57000-7f0267d58000 r-xp 00007000 08:22 1837252                    /lib/x86_64-linux-gnu/libnss_compat-2.13.so
7f0267d58000-7f0267d59000 rwxp 00008000 08:22 1837252                    /lib/x86_64-linux-gnu/libnss_compat-2.13.so
7f0267d59000-7f0267d70000 r-xp 00000000 08:22 1837250                    /lib/x86_64-linux-gnu/libnsl-2.13.so
7f0267d70000-7f0267f6f000 ---p 00017000 08:22 1837250                    /lib/x86_64-linux-gnu/libnsl-2.13.so
7f0267f6f000-7f0267f70000 r-xp 00016000 08:22 1837250                    /lib/x86_64-linux-gnu/libnsl-2.13.so
7f0267f70000-7f0267f71000 rwxp 00017000 08:22 1837250                    /lib/x86_64-linux-gnu/libnsl-2.13.so
7f0267f71000-7f0267f73000 rwxp 00000000 00:00 0 
7f0267f73000-7f0267f9c000 r-xp 00000000 08:22 1189429                    /usr/lib/jvm/java-6-sun-1.6.0.26/jre/lib/amd64/libjava.so
7f0267f9c000-7f026809b000 ---p 00029000 08:22 1189429                    /usr/lib/jvm/java-6-sun-1.6.0.26/jre/lib/amd64/libjava.so
7f026809b000-7f02680a2000 rwxp 00028000 08:22 1189429                    /usr/lib/jvm/java-6-sun-1.6.0.26/jre/lib/amd64/libjava.so
7f02680a2000-7f02680af000 r-xp 00000000 08:22 1189406                    /usr/lib/jvm/java-6-sun-1.6.0.26/jre/lib/amd64/libverify.so
7f02680af000-7f02681ae000 ---p 0000d000 08:22 1189406                    /usr/lib/jvm/java-6-sun-1.6.0.26/jre/lib/amd64/libverify.so
7f02681ae000-7f02681b1000 rwxp 0000c000 08:22 1189406                    /usr/lib/jvm/java-6-sun-1.6.0.26/jre/lib/amd64/libverify.so
7f02681b1000-7f02681b8000 r-xp 00000000 08:22 1837270                    /lib/x86_64-linux-gnu/librt-2.13.so
7f02681b8000-7f02683b7000 ---p 00007000 08:22 1837270                    /lib/x86_64-linux-gnu/librt-2.13.so
7f02683b7000-7f02683b8000 r-xp 00006000 08:22 1837270                    /lib/x86_64-linux-gnu/librt-2.13.so
7f02683b8000-7f02683b9000 rwxp 00007000 08:22 1837270                    /lib/x86_64-linux-gnu/librt-2.13.so
7f02683b9000-7f02683bc000 ---p 00000000 00:00 0 
7f02683bc000-7f02684ba000 rwxp 00000000 00:00 0 
7f02684ba000-7f026853e000 r-xp 00000000 08:22 1837246                    /lib/x86_64-linux-gnu/libm-2.13.so
7f026853e000-7f026873d000 ---p 00084000 08:22 1837246                    /lib/x86_64-linux-gnu/libm-2.13.so
7f026873d000-7f026873e000 r-xp 00083000 08:22 1837246                    /lib/x86_64-linux-gnu/libm-2.13.so
7f026873e000-7f026873f000 rwxp 00084000 08:22 1837246                    /lib/x86_64-linux-gnu/libm-2.13.so
7f026873f000-7f0269059000 r-xp 00000000 08:22 1189432                    /usr/lib/jvm/java-6-sun-1.6.0.26/jre/lib/amd64/server/libjvm.so
7f0269059000-7f026915b000 ---p 0091a000 08:22 1189432                    /usr/lib/jvm/java-6-sun-1.6.0.26/jre/lib/amd64/server/libjvm.so
7f026915b000-7f0269310000 rwxp 0091c000 08:22 1189432                    /usr/lib/jvm/java-6-sun-1.6.0.26/jre/lib/amd64/server/libjvm.so
7f0269310000-7f026934a000 rwxp 00000000 00:00 0 
7f026934a000-7f02694d4000 r-xp 00000000 08:22 1837230                    /lib/x86_64-linux-gnu/libc-2.13.so
7f02694d4000-7f02696d3000 ---p 0018a000 08:22 1837230                    /lib/x86_64-linux-gnu/libc-2.13.so
7f02696d3000-7f02696d7000 r-xp 00189000 08:22 1837230                    /lib/x86_64-linux-gnu/libc-2.13.so
7f02696d7000-7f02696d8000 rwxp 0018d000 08:22 1837230                    /lib/x86_64-linux-gnu/libc-2.13.so
7f02696d8000-7f02696de000 rwxp 00000000 00:00 0 
7f02696de000-7f02696e0000 r-xp 00000000 08:22 1837244                    /lib/x86_64-linux-gnu/libdl-2.13.so
7f02696e0000-7f02698e0000 ---p 00002000 08:22 1837244                    /lib/x86_64-linux-gnu/libdl-2.13.so
7f02698e0000-7f02698e1000 r-xp 00002000 08:22 1837244                    /lib/x86_64-linux-gnu/libdl-2.13.so
7f02698e1000-7f02698e2000 rwxp 00003000 08:22 1837244                    /lib/x86_64-linux-gnu/libdl-2.13.so
7f02698e2000-7f02698fa000 r-xp 00000000 08:22 1837266                    /lib/x86_64-linux-gnu/libpthread-2.13.so
7f02698fa000-7f0269afa000 ---p 00018000 08:22 1837266                    /lib/x86_64-linux-gnu/libpthread-2.13.so
7f0269afa000-7f0269afb000 r-xp 00018000 08:22 1837266                    /lib/x86_64-linux-gnu/libpthread-2.13.so
7f0269afb000-7f0269afc000 rwxp 00019000 08:22 1837266                    /lib/x86_64-linux-gnu/libpthread-2.13.so
7f0269afc000-7f0269b00000 rwxp 00000000 00:00 0 
7f0269b00000-7f0269b21000 r-xp 00000000 08:22 1835033                    /lib/x86_64-linux-gnu/ld-2.13.so
7f0269b21000-7f0269b23000 r-xs 0000a000 08:24 692277                     /home/bguaman/workspace/PLAYmt4j/MT4JClient/mt4j-desktop/lib/muito_blobtracking.jar
7f0269b23000-7f0269b25000 r-xs 00004000 08:24 692253                     /home/bguaman/workspace/PLAYmt4j/MT4JClient/mt4j-desktop/lib/jogl/gluegen-rt.jar
7f0269b25000-7f0269b2f000 rwxp 00000000 00:00 0 
7f0269b2f000-7f0269be5000 rwxp 00000000 00:00 0 
7f0269be5000-7f0269be8000 rwxp 00000000 00:00 0 
7f0269be8000-7f0269bef000 r-xp 00000000 08:22 1189402                    /usr/lib/jvm/java-6-sun-1.6.0.26/jre/lib/amd64/jli/libjli.so
7f0269bef000-7f0269cf0000 ---p 00007000 08:22 1189402                    /usr/lib/jvm/java-6-sun-1.6.0.26/jre/lib/amd64/jli/libjli.so
7f0269cf0000-7f0269cf2000 rwxp 00008000 08:22 1189402                    /usr/lib/jvm/java-6-sun-1.6.0.26/jre/lib/amd64/jli/libjli.so
7f0269cf2000-7f0269cf3000 rwxp 00000000 00:00 0 
7f0269cf3000-7f0269cf8000 r-xs 00010000 08:24 684921                     /home/bguaman/workspace/PLAYmt4j/MT4JClient/mt4j-core/lib/xml-apis-ext.jar
7f0269cf8000-7f0269cfb000 r-xs 00000000 08:22 2621592                    /var/cache/fontconfig/d60319d88cac85ba9e1a07bd06cfbb8c-le64.cache-3
7f0269cfb000-7f0269cfc000 r-xs 00000000 08:22 2622676                    /var/cache/fontconfig/4794a0821666d79190d59a36cb4f44b5-le64.cache-3
7f0269cfc000-7f0269d00000 r-xs 00000000 08:22 2626485                    /var/cache/fontconfig/7ef2298fde41cc6eeb7af42e48b7d293-le64.cache-3
7f0269d00000-7f0269d14000 r-xs 00000000 08:22 2621609                    /var/cache/fontconfig/865f88548240fee46819705c6468c165-le64.cache-3
7f0269d14000-7f0269d1c000 rwxs 00000000 08:22 1993131                    /tmp/hsperfdata_bguaman/7217
7f0269d1c000-7f0269d1d000 rwxp 00000000 00:00 0 
7f0269d1d000-7f0269d1e000 r-xp 00000000 00:00 0 
7f0269d1e000-7f0269d20000 rwxp 00000000 00:00 0 
7f0269d20000-7f0269d21000 r-xp 00020000 08:22 1835033                    /lib/x86_64-linux-gnu/ld-2.13.so
7f0269d21000-7f0269d23000 rwxp 00021000 08:22 1835033                    /lib/x86_64-linux-gnu/ld-2.13.so
7fffdf79e000-7fffdf7c0000 rwxp 00000000 00:00 0                          [stack]
7fffdf7f5000-7fffdf7f6000 r-xp 00000000 00:00 0                          [vdso]
ffffffffff600000-ffffffffff601000 r-xp 00000000 00:00 0                  [vsyscall]

VM Arguments:
jvm_args: -Djava.library.path=/home/bguaman/workspace/PLAYmt4j/MT4JClient/mt4j-desktop -Dfile.encoding=UTF-8 
java_command: advanced.drawing.StartDrawExample
Launcher Type: SUN_STANDARD

Environment Variables:
PATH=/usr/local/sbin:/usr/local/bin:/usr/sbin:/usr/bin:/sbin:/bin:/usr/games
USERNAME=bguaman
LD_LIBRARY_PATH=/usr/lib/jvm/java-6-sun-1.6.0.26/jre/lib/amd64/server:/usr/lib/jvm/java-6-sun-1.6.0.26/jre/lib/amd64:/usr/lib/jvm/java-6-sun-1.6.0.26/jre/../lib/amd64:/usr/lib/xulrunner-1.9.2.17
SHELL=/bin/bash
DISPLAY=:0.0

Signal Handlers:
SIGSEGV: [libjvm.so+0x85f800], sa_mask[0]=0x7ffbfeff, sa_flags=0x10000004
SIGBUS: [libjvm.so+0x85f800], sa_mask[0]=0x7ffbfeff, sa_flags=0x10000004
SIGFPE: [libjvm.so+0x70e300], sa_mask[0]=0x7ffbfeff, sa_flags=0x10000004
SIGPIPE: [libjvm.so+0x70e300], sa_mask[0]=0x7ffbfeff, sa_flags=0x10000004
SIGXFSZ: [libjvm.so+0x70e300], sa_mask[0]=0x7ffbfeff, sa_flags=0x10000004
SIGILL: [libjvm.so+0x70e300], sa_mask[0]=0x7ffbfeff, sa_flags=0x10000004
SIGUSR1: SIG_DFL, sa_mask[0]=0x00000000, sa_flags=0x00000000
SIGUSR2: [libjvm.so+0x711110], sa_mask[0]=0x00000004, sa_flags=0x10000004
SIGHUP: [libjvm.so+0x710d10], sa_mask[0]=0x7ffbfeff, sa_flags=0x10000004
SIGINT: [libjvm.so+0x710d10], sa_mask[0]=0x7ffbfeff, sa_flags=0x10000004
SIGTERM: [libjvm.so+0x710d10], sa_mask[0]=0x7ffbfeff, sa_flags=0x10000004
SIGQUIT: [libjvm.so+0x710d10], sa_mask[0]=0x7ffbfeff, sa_flags=0x10000004


---------------  S Y S T E M  ---------------

OS:squeeze/sid

uname:Linux 2.6.38-13-generic #54-Ubuntu SMP Tue Jan 3 13:38:12 UTC 2012 x86_64
libc:glibc 2.13 NPTL 2.13 
rlimit: STACK 8192k, CORE 0k, NPROC infinity, NOFILE 4096, AS infinity
load average:0.00 0.03 0.05

/proc/meminfo:
MemTotal:        4056284 kB
MemFree:          107724 kB
Buffers:          455640 kB
Cached:           630600 kB
SwapCached:          116 kB
Active:          1953856 kB
Inactive:         942360 kB
Active(anon):    1422248 kB
Inactive(anon):   397912 kB
Active(file):     531608 kB
Inactive(file):   544448 kB
Unevictable:           0 kB
Mlocked:               0 kB
SwapTotal:       7815616 kB
SwapFree:        7813672 kB
Dirty:               500 kB
Writeback:             0 kB
AnonPages:       1809824 kB
Mapped:           182076 kB
Shmem:             10184 kB
Slab:             858252 kB
SReclaimable:     827888 kB
SUnreclaim:        30364 kB
KernelStack:        3976 kB
PageTables:        41008 kB
NFS_Unstable:          0 kB
Bounce:                0 kB
WritebackTmp:          0 kB
CommitLimit:     9843756 kB
Committed_AS:    4558424 kB
VmallocTotal:   34359738367 kB
VmallocUsed:      113588 kB
VmallocChunk:   34359615996 kB
HardwareCorrupted:     0 kB
HugePages_Total:       0
HugePages_Free:        0
HugePages_Rsvd:        0
HugePages_Surp:        0
Hugepagesize:       2048 kB
DirectMap4k:      850816 kB
DirectMap2M:     3342336 kB


CPU:total 4 (2 cores per cpu, 1 threads per core) family 15 model 65 stepping 3, cmov, cx8, fxsr, mmx, sse, sse2, sse3, mmxext, 3dnow, 3dnowext

/proc/cpuinfo:
processor	: 0
vendor_id	: AuthenticAMD
cpu family	: 15
model		: 65
model name	: Dual-Core AMD Opteron(tm) Processor 2218
stepping	: 3
cpu MHz		: 1000.000
cache size	: 1024 KB
physical id	: 0
siblings	: 2
core id		: 0
cpu cores	: 2
apicid		: 0
initial apicid	: 0
fpu		: yes
fpu_exception	: yes
cpuid level	: 1
wp		: yes
flags		: fpu vme de pse tsc msr pae mce cx8 apic sep mtrr pge mca cmov pat pse36 clflush mmx fxsr sse sse2 ht syscall nx mmxext fxsr_opt rdtscp lm 3dnowext 3dnow rep_good nopl extd_apicid pni cx16 lahf_lm cmp_legacy svm extapic cr8_legacy
bogomips	: 2000.01
TLB size	: 1024 4K pages
clflush size	: 64
cache_alignment	: 64
address sizes	: 40 bits physical, 48 bits virtual
power management: ts fid vid ttp tm stc

processor	: 1
vendor_id	: AuthenticAMD
cpu family	: 15
model		: 65
model name	: Dual-Core AMD Opteron(tm) Processor 2218
stepping	: 3
cpu MHz		: 1000.000
cache size	: 1024 KB
physical id	: 0
siblings	: 2
core id		: 1
cpu cores	: 2
apicid		: 1
initial apicid	: 1
fpu		: yes
fpu_exception	: yes
cpuid level	: 1
wp		: yes
flags		: fpu vme de pse tsc msr pae mce cx8 apic sep mtrr pge mca cmov pat pse36 clflush mmx fxsr sse sse2 ht syscall nx mmxext fxsr_opt rdtscp lm 3dnowext 3dnow rep_good nopl extd_apicid pni cx16 lahf_lm cmp_legacy svm extapic cr8_legacy
bogomips	: 2000.01
TLB size	: 1024 4K pages
clflush size	: 64
cache_alignment	: 64
address sizes	: 40 bits physical, 48 bits virtual
power management: ts fid vid ttp tm stc

processor	: 2
vendor_id	: AuthenticAMD
cpu family	: 15
model		: 65
model name	: Dual-Core AMD Opteron(tm) Processor 2218
stepping	: 3
cpu MHz		: 1000.000
cache size	: 1024 KB
physical id	: 1
siblings	: 2
core id		: 0
cpu cores	: 2
apicid		: 2
initial apicid	: 2
fpu		: yes
fpu_exception	: yes
cpuid level	: 1
wp		: yes
flags		: fpu vme de pse tsc msr pae mce cx8 apic sep mtrr pge mca cmov pat pse36 clflush mmx fxsr sse sse2 ht syscall nx mmxext fxsr_opt rdtscp lm 3dnowext 3dnow rep_good nopl extd_apicid pni cx16 lahf_lm cmp_legacy svm extapic cr8_legacy
bogomips	: 2000.01
TLB size	: 1024 4K pages
clflush size	: 64
cache_alignment	: 64
address sizes	: 40 bits physical, 48 bits virtual
power management: ts fid vid ttp tm stc

processor	: 3
vendor_id	: AuthenticAMD
cpu family	: 15
model		: 65
model name	: Dual-Core AMD Opteron(tm) Processor 2218
stepping	: 3
cpu MHz		: 1000.000
cache size	: 1024 KB
physical id	: 1
siblings	: 2
core id		: 1
cpu cores	: 2
apicid		: 3
initial apicid	: 3
fpu		: yes
fpu_exception	: yes
cpuid level	: 1
wp		: yes
flags		: fpu vme de pse tsc msr pae mce cx8 apic sep mtrr pge mca cmov pat pse36 clflush mmx fxsr sse sse2 ht syscall nx mmxext fxsr_opt rdtscp lm 3dnowext 3dnow rep_good nopl extd_apicid pni cx16 lahf_lm cmp_legacy svm extapic cr8_legacy
bogomips	: 2000.01
TLB size	: 1024 4K pages
clflush size	: 64
cache_alignment	: 64
address sizes	: 40 bits physical, 48 bits virtual
power management: ts fid vid ttp tm stc



Memory: 4k page, physical 4056284k(107724k free), swap 7815616k(7813672k free)

vm_info: Java HotSpot(TM) 64-Bit Server VM (20.1-b02) for linux-amd64 JRE (1.6.0_26-b03), built on May  4 2011 01:13:47 by "java_re" with gcc 3.2.2 (SuSE Linux)

time: Thu Jul 12 14:40:41 2012
elapsed time: 9 seconds

