#
# A fatal error has been detected by the Java Runtime Environment:
#
#  SIGSEGV (0xb) at pc=0x00007f50c9615889, pid=7807, tid=139984805177088
#
# JRE version: 6.0_26-b03
# Java VM: Java HotSpot(TM) 64-Bit Server VM (20.1-b02 mixed mode linux-amd64 compressed oops)
# Problematic frame:
# C  [libGL.so.1+0x2e9889]  __float128+0x9
#
# If you would like to submit a bug report, please visit:
#   http://java.sun.com/webapps/bugreport/crash.jsp
# The crash happened outside the Java Virtual Machine in native code.
# See problematic frame for where to report the bug.
#

---------------  T H R E A D  ---------------

Current thread (0x00007f50c0a50800):  JavaThread "Thread-1" [_thread_in_native, id=7836, stack(0x00007f50c0862000,0x00007f50c0963000)]

siginfo:si_signo=SIGSEGV: si_errno=0, si_code=1 (SEGV_MAPERR), si_addr=0x00000000000008c0

Registers:
RAX=0x0000000000000000, RBX=0x00000000bdb1a1d0, RCX=0x00007f50c0a50d80, RDX=0x00000000eb6a0f28
RSP=0x00007f50c0960d28, RBP=0x00007f50c0960d70, RSI=0x00000000eb6a0f28, RDI=0x0000000000000001
R8 =0x00007f50d1da0fe8, R9 =0x00007f50d1da4e58, R10=0x00007f50c0a51168, R11=0x00007f50c0a50db8
R12=0x0000000000000000, R13=0x00000000bdb1a1d0, R14=0x00007f50c0960e20, R15=0x00007f50c0a50800
RIP=0x00007f50c9615889, EFLAGS=0x0000000000010206, CSGSFS=0x0000000000000033, ERR=0x0000000000000004
  TRAPNO=0x000000000000000e

Top of Stack: (sp=0x00007f50c0960d28)
0x00007f50c0960d28:   00007f50c8f99dcd 00000000bda7c828
0x00007f50c0960d38:   0000000000000000 00007f50c0960e10
0x00007f50c0960d48:   0000000100000000 00007f50c0960e20
0x00007f50c0960d58:   00007f50c0a509d0 00007f50cd1f085a
0x00007f50c0960d68:   00000000eb6a0f28 00007f50c0960de8
0x00007f50c0960d78:   00007f50cd1fbd6e 00000000bdbe540d
0x00007f50c0960d88:   00007f50c0960dd0 00000000bdbf5710
0x00007f50c0960d98:   0000000000000000 00000000bdbe5418
0x00007f50c0960da8:   00007f50c0960da8 0000000000000000
0x00007f50c0960db8:   00007f50c0960e20 00000000bdbf5710
0x00007f50c0960dc8:   0000000000000000 00000000bdb1a1d0
0x00007f50c0960dd8:   0000000000000000 00007f50c0960e08
0x00007f50c0960de8:   00007f50c0960e68 00007f50cd1f0a82
0x00007f50c0960df8:   0000000000000000 00007f50cd1f8f58
0x00007f50c0960e08:   0000000000000000 00000000eb6a0f18
0x00007f50c0960e18:   0000000000000001 00000000ec647e50
0x00007f50c0960e28:   00007f50c0960e28 00000000bdb1a2f0
0x00007f50c0960e38:   00007f50c0960e90 00000000bdbf5710
0x00007f50c0960e48:   0000000000000000 00000000bdb1a318
0x00007f50c0960e58:   00007f50c0960e08 00007f50c0960e78
0x00007f50c0960e68:   00007f50c0960ed8 00007f50cd1f0f5c
0x00007f50c0960e78:   0000000000000000 00000000eb6a0f18
0x00007f50c0960e88:   0000000000000001 00000000ec647e50
0x00007f50c0960e98:   00007f50c0960e98 00000000bdd3267f
0x00007f50c0960ea8:   00007f50c0960f00 00000000bdd360d8
0x00007f50c0960eb8:   0000000000000000 00000000bdd326c0
0x00007f50c0960ec8:   00007f50c0960e78 00007f50c0960ee8
0x00007f50c0960ed8:   00007f50c0960f48 00007f50cd1f0f5c
0x00007f50c0960ee8:   0000000000000000 00000000eb6a0f18
0x00007f50c0960ef8:   0000000000000001 00000000ec647e40
0x00007f50c0960f08:   00007f50c0960f08 00000000bd323a11
0x00007f50c0960f18:   00007f50c0960f98 00000000be054218 

Instructions: (pc=0x00007f50c9615889)
0x00007f50c9615869:   ff a0 b8 08 00 00 cc cc cc cc cc cc cc cc cc cc
0x00007f50c9615879:   cc cc cc cc cc cc cc 64 48 8b 04 25 60 ff ff ff
0x00007f50c9615889:   ff a0 c0 08 00 00 cc cc cc cc cc cc cc cc cc cc
0x00007f50c9615899:   cc cc cc cc cc cc cc 64 48 8b 04 25 60 ff ff ff 

Register to memory mapping:

RAX=0x0000000000000000 is an unknown value
RBX=0x00000000bdb1a1d0 is an oop
{method} 
 - klass: {other class}
RCX=0x00007f50c0a50d80 is an unknown value
RDX=0x00000000eb6a0f28 is an unknown value
RSP=0x00007f50c0960d28 is pointing into the stack for thread: 0x00007f50c0a50800
RBP=0x00007f50c0960d70 is pointing into the stack for thread: 0x00007f50c0a50800
RSI=0x00000000eb6a0f28 is an unknown value
RDI=0x0000000000000001 is an unknown value
R8 =0x00007f50d1da0fe8: <offset 0xa99fe8> in /usr/lib/jvm/java-6-sun-1.6.0.26/jre/lib/amd64/server/libjvm.so at 0x00007f50d1307000
R9 =0x00007f50d1da4e58: <offset 0xa9de58> in /usr/lib/jvm/java-6-sun-1.6.0.26/jre/lib/amd64/server/libjvm.so at 0x00007f50d1307000
R10=0x00007f50c0a51168 is an unknown value
R11=0x00007f50c0a50db8 is an unknown value
R12=0x0000000000000000 is an unknown value
R13=0x00000000bdb1a1d0 is an oop
{method} 
 - klass: {other class}
R14=0x00007f50c0960e20 is pointing into the stack for thread: 0x00007f50c0a50800
R15=0x00007f50c0a50800 is a thread


Stack: [0x00007f50c0862000,0x00007f50c0963000],  sp=0x00007f50c0960d28,  free space=1019k
Native frames: (J=compiled Java code, j=interpreted, Vv=VM code, C=native code)
C  [libGL.so.1+0x2e9889]  __float128+0x9
j  com.sun.opengl.impl.GLImpl.glGenTextures1(ILjava/lang/Object;I)V+0
j  com.sun.opengl.impl.GLImpl.glGenTextures(I[II)V+64
j  org.mt4j.util.opengl.JoglGL20Plus.glGenTextures(I[II)V+7
j  org.mt4j.util.opengl.GLTexture.setupGLTexture(II)V+417
j  org.mt4j.util.opengl.GLTexture.<init>(Lprocessing/core/PApplet;IILorg/mt4j/util/opengl/GLTextureSettings;)V+113
j  org.mt4j.util.opengl.GLTexture.<init>(Lprocessing/core/PApplet;Lprocessing/core/PImage;Lorg/mt4j/util/opengl/GLTextureSettings;)V+11
j  org.mt4j.components.visibleComponents.shapes.AbstractShape.setTexture(Lprocessing/core/PImage;)V+266
j  org.mt4j.components.visibleComponents.shapes.MTRectangle.setTexture(Lprocessing/core/PImage;)V+2
j  org.mt4j.components.visibleComponents.font.BitmapFontCharacter.<init>(Lprocessing/core/PApplet;Lprocessing/core/PImage;Ljava/lang/String;III)V+31
j  processing.core.BitmapFontFactoryProxy.createCharacters(Lprocessing/core/PApplet;Lprocessing/core/PFont;Ljava/lang/String;Lorg/mt4j/util/MTColor;)Ljava/util/List;+237
j  processing.core.BitmapFontFactoryProxy.createFont(Lprocessing/core/PApplet;Ljava/lang/String;ILorg/mt4j/util/MTColor;Lorg/mt4j/util/MTColor;Z)Lorg/mt4j/util/font/IFont;+33
j  processing.core.BitmapFontFactoryProxy.createFont(Lprocessing/core/PApplet;Ljava/lang/String;ILorg/mt4j/util/MTColor;Z)Lorg/mt4j/util/font/IFont;+10
j  org.mt4j.util.font.fontFactories.BitmapFontFactory.createFont(Lprocessing/core/PApplet;Ljava/lang/String;ILorg/mt4j/util/MTColor;Z)Lorg/mt4j/util/font/IFont;+26
j  org.mt4j.util.font.FontManager.createFont(Lprocessing/core/PApplet;Ljava/lang/String;ILorg/mt4j/util/MTColor;Z)Lorg/mt4j/util/font/IFont;+146
j  org.mt4j.util.font.FontManager.createFont(Lprocessing/core/PApplet;Ljava/lang/String;ILorg/mt4j/util/MTColor;)Lorg/mt4j/util/font/IFont;+7
j  org.mt4j.components.css.util.CSSStyleManager.getDefaultFont(Lorg/mt4j/AbstractMTApplication;)Lorg/mt4j/util/font/IFont;+19
j  org.mt4j.components.visibleComponents.widgets.MTTextArea.<init>(Lorg/mt4j/AbstractMTApplication;)V+7
j  advanced.physics.scenes.GlobitosScene$TextoTrans.<init>(Ladvanced/physics/scenes/GlobitosScene;Lorg/mt4j/AbstractMTApplication;I)V+7
j  advanced.physics.scenes.GlobitosScene$JuegoGlobos.run()V+55
j  java.lang.Thread.run()V+11
v  ~StubRoutines::call_stub
V  [libjvm.so+0x4df5c0]  JavaCalls::call_helper(JavaValue*, methodHandle*, JavaCallArguments*, Thread*)+0x1e0
V  [libjvm.so+0x70f629]  os::os_exception_wrapper(void (*)(JavaValue*, methodHandle*, JavaCallArguments*, Thread*), JavaValue*, methodHandle*, JavaCallArguments*, Thread*)+0x19
V  [libjvm.so+0x4def06]  JavaCalls::call_virtual(JavaValue*, KlassHandle, symbolHandle, symbolHandle, JavaCallArguments*, Thread*)+0x126
V  [libjvm.so+0x4defb7]  JavaCalls::call_virtual(JavaValue*, Handle, KlassHandle, symbolHandle, symbolHandle, Thread*)+0x47
V  [libjvm.so+0x572ce0]  thread_entry(JavaThread*, Thread*)+0xa0
V  [libjvm.so+0x8190f1]  JavaThread::run()+0x121
V  [libjvm.so+0x710adf]  java_start(Thread*)+0x13f

Java frames: (J=compiled Java code, j=interpreted, Vv=VM code)
j  com.sun.opengl.impl.GLImpl.glGenTextures1(ILjava/lang/Object;I)V+0
j  com.sun.opengl.impl.GLImpl.glGenTextures(I[II)V+64
j  org.mt4j.util.opengl.JoglGL20Plus.glGenTextures(I[II)V+7
j  org.mt4j.util.opengl.GLTexture.setupGLTexture(II)V+417
j  org.mt4j.util.opengl.GLTexture.<init>(Lprocessing/core/PApplet;IILorg/mt4j/util/opengl/GLTextureSettings;)V+113
j  org.mt4j.util.opengl.GLTexture.<init>(Lprocessing/core/PApplet;Lprocessing/core/PImage;Lorg/mt4j/util/opengl/GLTextureSettings;)V+11
j  org.mt4j.components.visibleComponents.shapes.AbstractShape.setTexture(Lprocessing/core/PImage;)V+266
j  org.mt4j.components.visibleComponents.shapes.MTRectangle.setTexture(Lprocessing/core/PImage;)V+2
j  org.mt4j.components.visibleComponents.font.BitmapFontCharacter.<init>(Lprocessing/core/PApplet;Lprocessing/core/PImage;Ljava/lang/String;III)V+31
j  processing.core.BitmapFontFactoryProxy.createCharacters(Lprocessing/core/PApplet;Lprocessing/core/PFont;Ljava/lang/String;Lorg/mt4j/util/MTColor;)Ljava/util/List;+237
j  processing.core.BitmapFontFactoryProxy.createFont(Lprocessing/core/PApplet;Ljava/lang/String;ILorg/mt4j/util/MTColor;Lorg/mt4j/util/MTColor;Z)Lorg/mt4j/util/font/IFont;+33
j  processing.core.BitmapFontFactoryProxy.createFont(Lprocessing/core/PApplet;Ljava/lang/String;ILorg/mt4j/util/MTColor;Z)Lorg/mt4j/util/font/IFont;+10
j  org.mt4j.util.font.fontFactories.BitmapFontFactory.createFont(Lprocessing/core/PApplet;Ljava/lang/String;ILorg/mt4j/util/MTColor;Z)Lorg/mt4j/util/font/IFont;+26
j  org.mt4j.util.font.FontManager.createFont(Lprocessing/core/PApplet;Ljava/lang/String;ILorg/mt4j/util/MTColor;Z)Lorg/mt4j/util/font/IFont;+146
j  org.mt4j.util.font.FontManager.createFont(Lprocessing/core/PApplet;Ljava/lang/String;ILorg/mt4j/util/MTColor;)Lorg/mt4j/util/font/IFont;+7
j  org.mt4j.components.css.util.CSSStyleManager.getDefaultFont(Lorg/mt4j/AbstractMTApplication;)Lorg/mt4j/util/font/IFont;+19
j  org.mt4j.components.visibleComponents.widgets.MTTextArea.<init>(Lorg/mt4j/AbstractMTApplication;)V+7
j  advanced.physics.scenes.GlobitosScene$TextoTrans.<init>(Ladvanced/physics/scenes/GlobitosScene;Lorg/mt4j/AbstractMTApplication;I)V+7
j  advanced.physics.scenes.GlobitosScene$JuegoGlobos.run()V+55
j  java.lang.Thread.run()V+11
v  ~StubRoutines::call_stub

---------------  P R O C E S S  ---------------

Java Threads: ( => current thread )
  0x0000000040ccc800 JavaThread "DestroyJavaVM" [_thread_blocked, id=7812, stack(0x00007f50d0f81000,0x00007f50d1082000)]
=>0x00007f50c0a50800 JavaThread "Thread-1" [_thread_in_native, id=7836, stack(0x00007f50c0862000,0x00007f50c0963000)]
  0x00000000410fd800 JavaThread "AWT-EventQueue-0" [_thread_blocked, id=7835, stack(0x00007f50c9739000,0x00007f50c983a000)]
  0x00000000410f9000 JavaThread "Animation Thread" [_thread_blocked, id=7834, stack(0x00007f50c983a000,0x00007f50c993b000)]
  0x00007f50c42ac000 JavaThread "AWT-Shutdown" [_thread_blocked, id=7833, stack(0x00007f50c993b000,0x00007f50c9a3c000)]
  0x0000000041180000 JavaThread "AWT-XAWT" daemon [_thread_in_native, id=7831, stack(0x00007f50c9c53000,0x00007f50c9d54000)]
  0x00007f50c415f800 JavaThread "Java2D Disposer" daemon [_thread_blocked, id=7830, stack(0x00007f50ca39a000,0x00007f50ca49b000)]
  0x0000000040d5c000 JavaThread "Low Memory Detector" daemon [_thread_blocked, id=7827, stack(0x00007f50cbab5000,0x00007f50cbbb6000)]
  0x0000000040d59800 JavaThread "C2 CompilerThread1" daemon [_thread_in_native, id=7826, stack(0x00007f50c3ab5000,0x00007f50c3bb6000)]
  0x0000000040d57000 JavaThread "C2 CompilerThread0" daemon [_thread_in_native, id=7825, stack(0x00007f50cbbb6000,0x00007f50cbcb7000)]
  0x0000000040d54800 JavaThread "Signal Dispatcher" daemon [_thread_blocked, id=7824, stack(0x00007f50cbcb7000,0x00007f50cbdb8000)]
  0x0000000040d33000 JavaThread "Finalizer" daemon [_thread_blocked, id=7821, stack(0x00007f50cc05d000,0x00007f50cc15e000)]
  0x0000000040d31000 JavaThread "Reference Handler" daemon [_thread_blocked, id=7820, stack(0x00007f50cc15e000,0x00007f50cc25f000)]

Other Threads:
  0x0000000040d2a000 VMThread [stack: 0x00007f50cc25f000,0x00007f50cc360000] [id=7819]
  0x0000000040d66800 WatcherThread [stack: 0x00007f50cb9b4000,0x00007f50cbab5000] [id=7828]

VM state:not at safepoint (normal execution)

VM Mutex/Monitor currently owned by a thread: None

Heap
 PSYoungGen      total 18496K, used 3926K [0x00000000eb560000, 0x00000000ed980000, 0x0000000100000000)
  eden space 15872K, 8% used [0x00000000eb560000,0x00000000eb6a9a58,0x00000000ec4e0000)
  from space 2624K, 99% used [0x00000000ec4e0000,0x00000000ec76c020,0x00000000ec770000)
  to   space 2624K, 0% used [0x00000000ed6f0000,0x00000000ed6f0000,0x00000000ed980000)
 PSOldGen        total 42304K, used 7342K [0x00000000c2000000, 0x00000000c4950000, 0x00000000eb560000)
  object space 42304K, 17% used [0x00000000c2000000,0x00000000c272b970,0x00000000c4950000)
 PSPermGen       total 21248K, used 19928K [0x00000000bce00000, 0x00000000be2c0000, 0x00000000c2000000)
  object space 21248K, 93% used [0x00000000bce00000,0x00000000be1763b0,0x00000000be2c0000)

Code Cache  [0x00007f50cd1eb000, 0x00007f50cd45b000, 0x00007f50d01eb000)
 total_blobs=1030 nmethods=227 adapters=757 free_code_cache=49007232 largest_free_block=19520

Dynamic libraries:
40000000-40009000 r-xp 00000000 08:22 1185676                            /usr/lib/jvm/java-6-sun-1.6.0.26/jre/bin/java
40108000-4010a000 rwxp 00008000 08:22 1185676                            /usr/lib/jvm/java-6-sun-1.6.0.26/jre/bin/java
40cc2000-412ea000 rwxp 00000000 00:00 0                                  [heap]
412ea000-412ec000 r-xs 00000000 08:22 1986613                            /tmp/glIwUUgX (deleted)
bce00000-be2c0000 rwxp 00000000 00:00 0 
be2c0000-c2000000 rwxp 00000000 00:00 0 
c2000000-c4950000 rwxp 00000000 00:00 0 
c4950000-eb560000 rwxp 00000000 00:00 0 
eb560000-ed980000 rwxp 00000000 00:00 0 
ed980000-100000000 rwxp 00000000 00:00 0 
7f50bc000000-7f50bd182000 rwxp 00000000 00:00 0 
7f50bd182000-7f50c0000000 ---p 00000000 00:00 0 
7f50c056e000-7f50c066e000 rwxp 00000000 00:00 0 
7f50c0762000-7f50c0862000 rwxp 00000000 00:00 0 
7f50c0862000-7f50c0865000 ---p 00000000 00:00 0 
7f50c0865000-7f50c0b63000 rwxp 00000000 00:00 0 
7f50c1660000-7f50c1667000 r-xp 00000000 08:22 1189392                    /usr/lib/jvm/java-6-sun-1.6.0.26/jre/lib/amd64/libnio.so
7f50c1667000-7f50c1766000 ---p 00007000 08:22 1189392                    /usr/lib/jvm/java-6-sun-1.6.0.26/jre/lib/amd64/libnio.so
7f50c1766000-7f50c1768000 rwxp 00006000 08:22 1189392                    /usr/lib/jvm/java-6-sun-1.6.0.26/jre/lib/amd64/libnio.so
7f50c1768000-7f50c1e68000 rwxp 00000000 00:00 0 
7f50c1e68000-7f50c32b6000 r-xp 00000000 08:22 1184078                    /usr/lib/nvidia-current/libnvidia-glcore.so.270.41.06
7f50c32b6000-7f50c34b6000 ---p 0144e000 08:22 1184078                    /usr/lib/nvidia-current/libnvidia-glcore.so.270.41.06
7f50c34b6000-7f50c3a9e000 rwxp 0144e000 08:22 1184078                    /usr/lib/nvidia-current/libnvidia-glcore.so.270.41.06
7f50c3a9e000-7f50c3ab5000 rwxp 00000000 00:00 0 
7f50c3ab5000-7f50c3ab8000 ---p 00000000 00:00 0 
7f50c3ab8000-7f50c3bb6000 rwxp 00000000 00:00 0 
7f50c3be8000-7f50c3ce8000 rwxp 00000000 00:00 0 
7f50c3ce8000-7f50c3cfb000 r-xp 00000000 08:22 1189407                    /usr/lib/jvm/java-6-sun-1.6.0.26/jre/lib/amd64/libnet.so
7f50c3cfb000-7f50c3dfc000 ---p 00013000 08:22 1189407                    /usr/lib/jvm/java-6-sun-1.6.0.26/jre/lib/amd64/libnet.so
7f50c3dfc000-7f50c3dff000 rwxp 00014000 08:22 1189407                    /usr/lib/jvm/java-6-sun-1.6.0.26/jre/lib/amd64/libnet.so
7f50c3dff000-7f50c3eff000 rwxs 108ecc000 00:05 8038                      /dev/nvidia1
7f50c3eff000-7f50c3f00000 rwxs b2c04000 00:05 8038                       /dev/nvidia1
7f50c3f00000-7f50c4000000 rwxs 108e4c000 00:05 8038                      /dev/nvidia1
7f50c4000000-7f50c4d5f000 rwxp 00000000 00:00 0 
7f50c4d5f000-7f50c8000000 ---p 00000000 00:00 0 
7f50c80b1000-7f50c82c1000 rwxp 00000000 00:00 0 
7f50c82c1000-7f50c8b31000 rwxs c0000000 00:05 8038                       /dev/nvidia1
7f50c8b31000-7f50c8b33000 r-xp 00000000 08:24 680267                     /home/bguaman/workspace/mt4j-desktop/libjogl_awt.so
7f50c8b33000-7f50c8c32000 ---p 00002000 08:24 680267                     /home/bguaman/workspace/mt4j-desktop/libjogl_awt.so
7f50c8c32000-7f50c8c33000 rwxp 00001000 08:24 680267                     /home/bguaman/workspace/mt4j-desktop/libjogl_awt.so
7f50c8c33000-7f50c8c34000 r-xp 00000000 08:22 1189436                    /usr/lib/jvm/java-6-sun-1.6.0.26/jre/lib/amd64/libjawt.so
7f50c8c34000-7f50c8d33000 ---p 00001000 08:22 1189436                    /usr/lib/jvm/java-6-sun-1.6.0.26/jre/lib/amd64/libjawt.so
7f50c8d33000-7f50c8d34000 rwxp 00000000 08:22 1189436                    /usr/lib/jvm/java-6-sun-1.6.0.26/jre/lib/amd64/libjawt.so
7f50c8d34000-7f50c8d39000 r-xp 00000000 08:22 1182806                    /usr/lib/x86_64-linux-gnu/libXxf86vm.so.1.0.0
7f50c8d39000-7f50c8f38000 ---p 00005000 08:22 1182806                    /usr/lib/x86_64-linux-gnu/libXxf86vm.so.1.0.0
7f50c8f38000-7f50c8f39000 r-xp 00004000 08:22 1182806                    /usr/lib/x86_64-linux-gnu/libXxf86vm.so.1.0.0
7f50c8f39000-7f50c8f3a000 rwxp 00005000 08:22 1182806                    /usr/lib/x86_64-linux-gnu/libXxf86vm.so.1.0.0
7f50c8f3a000-7f50c9029000 r-xp 00000000 08:24 680264                     /home/bguaman/workspace/mt4j-desktop/libjogl.so
7f50c9029000-7f50c9129000 ---p 000ef000 08:24 680264                     /home/bguaman/workspace/mt4j-desktop/libjogl.so
7f50c9129000-7f50c912a000 rwxp 000ef000 08:24 680264                     /home/bguaman/workspace/mt4j-desktop/libjogl.so
7f50c912a000-7f50c912b000 r-xp 00000000 08:22 1180743                    /usr/lib/nvidia-current/tls/libnvidia-tls.so.270.41.06
7f50c912b000-7f50c932b000 ---p 00001000 08:22 1180743                    /usr/lib/nvidia-current/tls/libnvidia-tls.so.270.41.06
7f50c932b000-7f50c932c000 rwxp 00001000 08:22 1180743                    /usr/lib/nvidia-current/tls/libnvidia-tls.so.270.41.06
7f50c932c000-7f50c93e9000 r-xp 00000000 08:22 1183145                    /usr/lib/nvidia-current/libGL.so.270.41.06
7f50c93e9000-7f50c95e9000 ---p 000bd000 08:22 1183145                    /usr/lib/nvidia-current/libGL.so.270.41.06
7f50c95e9000-7f50c9622000 rwxp 000bd000 08:22 1183145                    /usr/lib/nvidia-current/libGL.so.270.41.06
7f50c9622000-7f50c9638000 rwxp 00000000 00:00 0 
7f50c9638000-7f50c9639000 r-xp 00000000 08:24 659506                     /home/bguaman/workspace/mt4j-desktop/libgluegen-rt.so
7f50c9639000-7f50c9738000 ---p 00001000 08:24 659506                     /home/bguaman/workspace/mt4j-desktop/libgluegen-rt.so
7f50c9738000-7f50c9739000 rwxp 00000000 08:24 659506                     /home/bguaman/workspace/mt4j-desktop/libgluegen-rt.so
7f50c9739000-7f50c973c000 ---p 00000000 00:00 0 
7f50c973c000-7f50c983a000 rwxp 00000000 00:00 0 
7f50c983a000-7f50c983d000 ---p 00000000 00:00 0 
7f50c983d000-7f50c993b000 rwxp 00000000 00:00 0 
7f50c993b000-7f50c993e000 ---p 00000000 00:00 0 
7f50c993e000-7f50c9a3c000 rwxp 00000000 00:00 0 
7f50c9a3c000-7f50c9a3d000 r-xs 00000000 08:22 2621607                    /var/cache/fontconfig/c05880de57d1f5e948fdfacc138775d9-le64.cache-3
7f50c9a3d000-7f50c9a46000 r-xs 00000000 08:22 2621606                    /var/cache/fontconfig/945677eb7aeaf62f1d50efc3fb3ec7d8-le64.cache-3
7f50c9a46000-7f50c9a48000 r-xs 00000000 08:22 2621574                    /var/cache/fontconfig/99e8ed0e538f840c565b6ed5dad60d56-le64.cache-3
7f50c9a48000-7f50c9a4b000 r-xs 00000000 08:22 2621604                    /var/cache/fontconfig/e383d7ea5fbe662a33d9b44caf393297-le64.cache-3
7f50c9a4b000-7f50c9a4d000 r-xs 00000000 08:22 2621603                    /var/cache/fontconfig/2cd17615ca594fa2959ae173292e504c-le64.cache-3
7f50c9a4d000-7f50c9a4e000 r-xs 00000000 08:22 2621601                    /var/cache/fontconfig/e7071f4a29fa870f4323321c154eba04-le64.cache-3
7f50c9a4e000-7f50c9a51000 r-xs 00000000 08:22 2625717                    /var/cache/fontconfig/b5ea634b0fb353b8ea17632d1f9ef766-le64.cache-3
7f50c9a51000-7f50c9a55000 r-xs 00000000 08:22 2621600                    /var/cache/fontconfig/6eb3985aa4124903f6ff08ba781cd364-le64.cache-3
7f50c9a55000-7f50c9a5b000 r-xs 00000000 08:22 2621596                    /var/cache/fontconfig/a755afe4a08bf5b97852ceb7400b47bc-le64.cache-3
7f50c9a5b000-7f50c9a89000 r-xs 00000000 08:22 2621591                    /var/cache/fontconfig/365b55f210c0a22e9a19e35191240f32-le64.cache-3
7f50c9af7000-7f50c9b37000 rwxs cff3d000 00:05 8038                       /dev/nvidia1
7f50c9b37000-7f50c9b52000 rwxs 13f8c0000 00:05 8038                      /dev/nvidia1
7f50c9b52000-7f50c9b55000 ---p 00000000 00:00 0 
7f50c9b55000-7f50c9c53000 rwxp 00000000 00:00 0 
7f50c9c53000-7f50c9c56000 ---p 00000000 00:00 0 
7f50c9c56000-7f50c9d54000 rwxp 00000000 00:00 0 
7f50c9d54000-7f50c9d59000 r-xp 00000000 08:22 1180715                    /usr/lib/x86_64-linux-gnu/libXfixes.so.3.1.0
7f50c9d59000-7f50c9f58000 ---p 00005000 08:22 1180715                    /usr/lib/x86_64-linux-gnu/libXfixes.so.3.1.0
7f50c9f58000-7f50c9f59000 r-xp 00004000 08:22 1180715                    /usr/lib/x86_64-linux-gnu/libXfixes.so.3.1.0
7f50c9f59000-7f50c9f5a000 rwxp 00005000 08:22 1180715                    /usr/lib/x86_64-linux-gnu/libXfixes.so.3.1.0
7f50c9f5a000-7f50c9f63000 r-xp 00000000 08:22 1180172                    /usr/lib/x86_64-linux-gnu/libXrender.so.1.3.0
7f50c9f63000-7f50ca163000 ---p 00009000 08:22 1180172                    /usr/lib/x86_64-linux-gnu/libXrender.so.1.3.0
7f50ca163000-7f50ca164000 r-xp 00009000 08:22 1180172                    /usr/lib/x86_64-linux-gnu/libXrender.so.1.3.0
7f50ca164000-7f50ca165000 rwxp 0000a000 08:22 1180172                    /usr/lib/x86_64-linux-gnu/libXrender.so.1.3.0
7f50ca165000-7f50ca16e000 r-xp 00000000 08:22 1188068                    /usr/lib/x86_64-linux-gnu/libXcursor.so.1.0.2
7f50ca16e000-7f50ca36d000 ---p 00009000 08:22 1188068                    /usr/lib/x86_64-linux-gnu/libXcursor.so.1.0.2
7f50ca36d000-7f50ca36e000 r-xp 00008000 08:22 1188068                    /usr/lib/x86_64-linux-gnu/libXcursor.so.1.0.2
7f50ca36e000-7f50ca36f000 rwxp 00009000 08:22 1188068                    /usr/lib/x86_64-linux-gnu/libXcursor.so.1.0.2
7f50ca373000-7f50ca375000 rwxs 00000000 08:22 1986613                    /tmp/glIwUUgX (deleted)
7f50ca375000-7f50ca379000 rwxs 1461c0000 00:05 8038                      /dev/nvidia1
7f50ca379000-7f50ca37a000 rwxs cff7d000 00:05 8038                       /dev/nvidia1
7f50ca37a000-7f50ca37b000 rwxs 1447fb000 00:05 8038                      /dev/nvidia1
7f50ca37b000-7f50ca37c000 rwxs 1447fa000 00:05 8038                      /dev/nvidia1
7f50ca37c000-7f50ca37d000 rwxs 14731c000 00:05 8038                      /dev/nvidia1
7f50ca37d000-7f50ca37e000 rwxs b2001000 00:05 8038                       /dev/nvidia1
7f50ca37e000-7f50ca380000 r-xs 00005000 08:24 816243                     /home/bguaman/workspace/MT4jTUIO4jInputSources/tuio4jInput.jar
7f50ca380000-7f50ca382000 r-xs 0000b000 08:24 2107912                    /home/bguaman/workspace/mt4j-desktop/lib/tuio/tuio4j.jar
7f50ca382000-7f50ca38e000 r-xs 0010f000 08:24 678557                     /home/bguaman/workspace/mt4j-desktop/lib/jogl/jogl.jar
7f50ca38e000-7f50ca38f000 r-xs 00005000 08:24 678552                     /home/bguaman/workspace/mt4j-desktop/lib/jogl/opengl.jar
7f50ca38f000-7f50ca391000 r-xs 0005b000 08:24 678565                     /home/bguaman/workspace/mt4j-desktop/lib/core.jar
7f50ca391000-7f50ca393000 r-xs 0000a000 08:24 678566                     /home/bguaman/workspace/mt4j-desktop/lib/muito_blobtracking.jar
7f50ca393000-7f50ca395000 r-xs 00004000 08:24 678547                     /home/bguaman/workspace/mt4j-desktop/lib/jogl/gluegen-rt.jar
7f50ca395000-7f50ca39a000 r-xs 00010000 08:24 1190174                    /home/bguaman/workspace/mt4j-core/lib/xml-apis-ext.jar
7f50ca39a000-7f50ca39d000 ---p 00000000 00:00 0 
7f50ca39d000-7f50ca49b000 rwxp 00000000 00:00 0 
7f50ca49b000-7f50ca514000 r-xp 00000000 08:22 1189423                    /usr/lib/jvm/java-6-sun-1.6.0.26/jre/lib/amd64/libfontmanager.so
7f50ca514000-7f50ca613000 ---p 00079000 08:22 1189423                    /usr/lib/jvm/java-6-sun-1.6.0.26/jre/lib/amd64/libfontmanager.so
7f50ca613000-7f50ca628000 rwxp 00078000 08:22 1189423                    /usr/lib/jvm/java-6-sun-1.6.0.26/jre/lib/amd64/libfontmanager.so
7f50ca628000-7f50ca639000 rwxp 00000000 00:00 0 
7f50ca639000-7f50ca63e000 r-xp 00000000 08:22 1187279                    /usr/lib/x86_64-linux-gnu/libXdmcp.so.6.0.0
7f50ca63e000-7f50ca83d000 ---p 00005000 08:22 1187279                    /usr/lib/x86_64-linux-gnu/libXdmcp.so.6.0.0
7f50ca83d000-7f50ca83e000 r-xp 00004000 08:22 1187279                    /usr/lib/x86_64-linux-gnu/libXdmcp.so.6.0.0
7f50ca83e000-7f50ca83f000 rwxp 00005000 08:22 1187279                    /usr/lib/x86_64-linux-gnu/libXdmcp.so.6.0.0
7f50ca83f000-7f50ca841000 r-xp 00000000 08:22 1187247                    /usr/lib/x86_64-linux-gnu/libXau.so.6.0.0
7f50ca841000-7f50caa40000 ---p 00002000 08:22 1187247                    /usr/lib/x86_64-linux-gnu/libXau.so.6.0.0
7f50caa40000-7f50caa41000 r-xp 00001000 08:22 1187247                    /usr/lib/x86_64-linux-gnu/libXau.so.6.0.0
7f50caa41000-7f50caa42000 rwxp 00002000 08:22 1187247                    /usr/lib/x86_64-linux-gnu/libXau.so.6.0.0
7f50caa42000-7f50caa5d000 r-xp 00000000 08:22 1187284                    /usr/lib/x86_64-linux-gnu/libxcb.so.1.1.0
7f50caa5d000-7f50cac5c000 ---p 0001b000 08:22 1187284                    /usr/lib/x86_64-linux-gnu/libxcb.so.1.1.0
7f50cac5c000-7f50cac5d000 r-xp 0001a000 08:22 1187284                    /usr/lib/x86_64-linux-gnu/libxcb.so.1.1.0
7f50cac5d000-7f50cac5e000 rwxp 0001b000 08:22 1187284                    /usr/lib/x86_64-linux-gnu/libxcb.so.1.1.0
7f50cac5e000-7f50cac6d000 r-xp 00000000 08:22 1188155                    /usr/lib/x86_64-linux-gnu/libXi.so.6.1.0
7f50cac6d000-7f50cae6c000 ---p 0000f000 08:22 1188155                    /usr/lib/x86_64-linux-gnu/libXi.so.6.1.0
7f50cae6c000-7f50cae6d000 r-xp 0000e000 08:22 1188155                    /usr/lib/x86_64-linux-gnu/libXi.so.6.1.0
7f50cae6d000-7f50cae6e000 rwxp 0000f000 08:22 1188155                    /usr/lib/x86_64-linux-gnu/libXi.so.6.1.0
7f50cae6e000-7f50cae73000 r-xp 00000000 08:22 1182462                    /usr/lib/libXtst.so.6.1.0
7f50cae73000-7f50cb072000 ---p 00005000 08:22 1182462                    /usr/lib/libXtst.so.6.1.0
7f50cb072000-7f50cb073000 r-xp 00004000 08:22 1182462                    /usr/lib/libXtst.so.6.1.0
7f50cb073000-7f50cb074000 rwxp 00005000 08:22 1182462                    /usr/lib/libXtst.so.6.1.0
7f50cb074000-7f50cb1a9000 r-xp 00000000 08:22 1188489                    /usr/lib/x86_64-linux-gnu/libX11.so.6.3.0
7f50cb1a9000-7f50cb3a9000 ---p 00135000 08:22 1188489                    /usr/lib/x86_64-linux-gnu/libX11.so.6.3.0
7f50cb3a9000-7f50cb3aa000 r-xp 00135000 08:22 1188489                    /usr/lib/x86_64-linux-gnu/libX11.so.6.3.0
7f50cb3aa000-7f50cb3ae000 rwxp 00136000 08:22 1188489                    /usr/lib/x86_64-linux-gnu/libX11.so.6.3.0
7f50cb3ae000-7f50cb3bf000 r-xp 00000000 08:22 1183304                    /usr/lib/x86_64-linux-gnu/libXext.so.6.4.0
7f50cb3bf000-7f50cb5be000 ---p 00011000 08:22 1183304                    /usr/lib/x86_64-linux-gnu/libXext.so.6.4.0
7f50cb5be000-7f50cb5bf000 r-xp 00010000 08:22 1183304                    /usr/lib/x86_64-linux-gnu/libXext.so.6.4.0
7f50cb5bf000-7f50cb5c0000 rwxp 00011000 08:22 1183304                    /usr/lib/x86_64-linux-gnu/libXext.so.6.4.0
7f50cb5c0000-7f50cb5c1000 r-xs 00000000 08:22 2621599                    /var/cache/fontconfig/4c73fe0c47614734b17d736dbde7580a-le64.cache-3
7f50cb5c1000-7f50cb5c2000 r-xs 00000000 08:22 2621598                    /var/cache/fontconfig/0d8c3b2ac0904cb8a57a757ad11a4a08-le64.cache-3
7f50cb5c2000-7f50cb5c3000 r-xs 00000000 08:22 2621597                    /var/cache/fontconfig/6a53c69dea097a2d716e069445527da8-le64.cache-3
7f50cb5c3000-7f50cb5c7000 r-xs 00000000 08:22 2626406                    /var/cache/fontconfig/6d41288fd70b0be22e8c3a91e032eec0-le64.cache-3
7f50cb5c7000-7f50cb5d7000 r-xs 00000000 08:22 2621593                    /var/cache/fontconfig/0f34bcd4b6ee430af32735b75db7f02b-le64.cache-3
7f50cb5d7000-7f50cb5eb000 r-xs 00000000 08:22 2621609                    /var/cache/fontconfig/865f88548240fee46819705c6468c165-le64.cache-3
7f50cb5eb000-7f50cb62d000 r-xp 00000000 08:22 1189412                    /usr/lib/jvm/java-6-sun-1.6.0.26/jre/lib/amd64/xawt/libmawt.so
7f50cb62d000-7f50cb72c000 ---p 00042000 08:22 1189412                    /usr/lib/jvm/java-6-sun-1.6.0.26/jre/lib/amd64/xawt/libmawt.so
7f50cb72c000-7f50cb738000 rwxp 00041000 08:22 1189412                    /usr/lib/jvm/java-6-sun-1.6.0.26/jre/lib/amd64/xawt/libmawt.so
7f50cb738000-7f50cb739000 rwxp 00000000 00:00 0 
7f50cb739000-7f50cb7cb000 r-xp 00000000 08:22 1189435                    /usr/lib/jvm/java-6-sun-1.6.0.26/jre/lib/amd64/libawt.so
7f50cb7cb000-7f50cb8ca000 ---p 00092000 08:22 1189435                    /usr/lib/jvm/java-6-sun-1.6.0.26/jre/lib/amd64/libawt.so
7f50cb8ca000-7f50cb8e4000 rwxp 00091000 08:22 1189435                    /usr/lib/jvm/java-6-sun-1.6.0.26/jre/lib/amd64/libawt.so
7f50cb8e4000-7f50cb908000 rwxp 00000000 00:00 0 
7f50cb908000-7f50cb929000 r-xs 00261000 08:24 1190172                    /home/bguaman/workspace/mt4j-core/lib/mt4j-core.jar
7f50cb929000-7f50cb931000 r-xs 00045000 08:24 1190178                    /home/bguaman/workspace/mt4j-core/lib/batik-css.jar
7f50cb931000-7f50cb932000 r-xs 00006000 08:24 1190173                    /home/bguaman/workspace/mt4j-core/lib/ani.jar
7f50cb932000-7f50cb933000 r-xs 00002000 08:24 1722383                    /home/bguaman/workspace/mt4j-desktop/examples/advanced/water/lib/waterScene.jar
7f50cb933000-7f50cb937000 r-xs 00091000 08:24 534392                     /home/bguaman/workspace/mt4j-desktop/examples/advanced/physics/lib/jbox2d.jar
7f50cb937000-7f50cb939000 r-xs 0000c000 08:24 680828                     /home/bguaman/workspace/mt4j-desktop/examples/advanced/modestMapsMT/lib/modestMaps.jar
7f50cb939000-7f50cb93a000 r-xs 00001000 08:24 680669                     /home/bguaman/workspace/mt4j-desktop/examples/advanced/fluidSimulator/lib/MSAFluid.jar
7f50cb93a000-7f50cb93e000 r-xs 0005e000 08:24 680788                     /home/bguaman/workspace/mt4j-desktop/examples/advanced/flickrMT/lib/flickrj.jar
7f50cb93e000-7f50cb940000 r-xs 0003c000 08:24 534101                     /home/bguaman/workspace/mt4j-desktop/extensions/lib/jbullet/vecmath.jar
7f50cb940000-7f50cb941000 r-xs 0000b000 08:24 534102                     /home/bguaman/workspace/mt4j-desktop/extensions/lib/jbullet/stack-alloc.jar
7f50cb941000-7f50cb94a000 r-xs 0006c000 08:24 534103                     /home/bguaman/workspace/mt4j-desktop/extensions/lib/jbullet/jbullet.jar
7f50cb94a000-7f50cb94c000 r-xs 00008000 08:24 678443                     /home/bguaman/workspace/mt4j-desktop/lib/whirlylib/whirlycache-1.0.1.jar
7f50cb94c000-7f50cb954000 r-xs 0004f000 08:24 678446                     /home/bguaman/workspace/mt4j-desktop/lib/whirlylib/log4j-1.2.8.jar
7f50cb954000-7f50cb95c000 r-xs 00028000 08:24 678540                     /home/bguaman/workspace/mt4j-desktop/lib/batik/xml-apis.jar
7f50cb95c000-7f50cb967000 r-xs 000ad000 08:24 678533                     /home/bguaman/workspace/mt4j-desktop/lib/batik/pdf-transcoder.jar
7f50cb967000-7f50cb96f000 r-xs 00074000 08:24 678535                     /home/bguaman/workspace/mt4j-desktop/lib/batik/js.jar
7f50cb96f000-7f50cb970000 r-xs 00007000 08:24 678522                     /home/bguaman/workspace/mt4j-desktop/lib/batik/batik-xml.jar
7f50cb970000-7f50cb973000 r-xs 0001d000 08:24 678530                     /home/bguaman/workspace/mt4j-desktop/lib/batik/batik-util.jar
7f50cb973000-7f50cb975000 r-xs 0001c000 08:24 678524                     /home/bguaman/workspace/mt4j-desktop/lib/batik/batik-transcoder.jar
7f50cb975000-7f50cb97a000 r-xs 00030000 08:24 678519                     /home/bguaman/workspace/mt4j-desktop/lib/batik/batik-svggen.jar
7f50cb97a000-7f50cb987000 r-xs 00087000 08:24 678529                     /home/bguaman/workspace/mt4j-desktop/lib/batik/batik-svg-dom.jar
7f50cb987000-7f50cb98a000 r-xs 0000d000 08:24 678525                     /home/bguaman/workspace/mt4j-desktop/lib/batik/batik-script.jar
7f50cb98a000-7f50cb98c000 r-xs 00010000 08:24 678520                     /home/bguaman/workspace/mt4j-desktop/lib/batik/batik-parser.jar
7f50cb98c000-7f50cb990000 r-xs 00038000 08:24 678539                     /home/bguaman/workspace/mt4j-desktop/lib/batik/batik-gvt.jar
7f50cb990000-7f50cb992000 r-xs 0000f000 08:24 678528                     /home/bguaman/workspace/mt4j-desktop/lib/batik/batik-extension.jar
7f50cb992000-7f50cb993000 r-xs 00002000 08:24 678538                     /home/bguaman/workspace/mt4j-desktop/lib/batik/batik-ext.jar
7f50cb993000-7f50cb997000 r-xs 00027000 08:24 678513                     /home/bguaman/workspace/mt4j-desktop/lib/batik/batik-dom.jar
7f50cb997000-7f50cb9a1000 r-xs 00080000 08:24 678521                     /home/bguaman/workspace/mt4j-desktop/lib/batik/batik-bridge.jar
7f50cb9a1000-7f50cb9a8000 r-xs 0005c000 08:24 678542                     /home/bguaman/workspace/mt4j-desktop/lib/batik/batik-awt-util.jar
7f50cb9a8000-7f50cb9ab000 r-xs 00015000 08:24 678517                     /home/bguaman/workspace/mt4j-desktop/lib/batik/batik-anim.jar
7f50cb9ab000-7f50cb9ad000 r-xs 00006000 08:24 678564                     /home/bguaman/workspace/mt4j-desktop/lib/mri.jar
7f50cb9ad000-7f50cb9b3000 r-xs 00034000 08:24 678567                     /home/bguaman/workspace/mt4j-desktop/lib/junit-4.8.2.jar
7f50cb9b3000-7f50cb9b4000 r-xs 00002000 08:24 678562                     /home/bguaman/workspace/mt4j-desktop/lib/GlulogicMT.jar
7f50cb9b4000-7f50cb9b5000 ---p 00000000 00:00 0 
7f50cb9b5000-7f50cbab5000 rwxp 00000000 00:00 0 
7f50cbab5000-7f50cbab8000 ---p 00000000 00:00 0 
7f50cbab8000-7f50cbbb6000 rwxp 00000000 00:00 0 
7f50cbbb6000-7f50cbbb9000 ---p 00000000 00:00 0 
7f50cbbb9000-7f50cbcb7000 rwxp 00000000 00:00 0 
7f50cbcb7000-7f50cbcba000 ---p 00000000 00:00 0 
7f50cbcba000-7f50cbdb8000 rwxp 00000000 00:00 0 
7f50cbdb8000-7f50cc05d000 r-xp 00000000 08:22 1179791                    /usr/lib/locale/locale-archive
7f50cc05d000-7f50cc060000 ---p 00000000 00:00 0 
7f50cc060000-7f50cc15e000 rwxp 00000000 00:00 0 
7f50cc15e000-7f50cc161000 ---p 00000000 00:00 0 
7f50cc161000-7f50cc25f000 rwxp 00000000 00:00 0 
7f50cc25f000-7f50cc260000 ---p 00000000 00:00 0 
7f50cc260000-7f50cc899000 rwxp 00000000 00:00 0 
7f50cc899000-7f50cca31000 r-xs 03029000 08:22 1202981                    /usr/lib/jvm/java-6-sun-1.6.0.26/jre/lib/rt.jar
7f50cca31000-7f50cca59000 rwxp 00000000 00:00 0 
7f50cca59000-7f50cca5a000 ---p 00000000 00:00 0 
7f50cca5a000-7f50ccb5a000 rwxp 00000000 00:00 0 
7f50ccb5a000-7f50ccb5b000 ---p 00000000 00:00 0 
7f50ccb5b000-7f50ccc5b000 rwxp 00000000 00:00 0 
7f50ccc5b000-7f50ccc5c000 ---p 00000000 00:00 0 
7f50ccc5c000-7f50ccd5c000 rwxp 00000000 00:00 0 
7f50ccd5c000-7f50ccd5d000 ---p 00000000 00:00 0 
7f50ccd5d000-7f50cce68000 rwxp 00000000 00:00 0 
7f50cce68000-7f50cce86000 rwxp 00000000 00:00 0 
7f50cce86000-7f50cce9b000 rwxp 00000000 00:00 0 
7f50cce9b000-7f50ccfd1000 rwxp 00000000 00:00 0 
7f50ccfd1000-7f50ccfdc000 rwxp 00000000 00:00 0 
7f50ccfdc000-7f50ccffa000 rwxp 00000000 00:00 0 
7f50ccffa000-7f50cd00f000 rwxp 00000000 00:00 0 
7f50cd00f000-7f50cd144000 rwxp 00000000 00:00 0 
7f50cd144000-7f50cd157000 rwxp 00000000 00:00 0 
7f50cd157000-7f50cd1ea000 rwxp 00000000 00:00 0 
7f50cd1ea000-7f50cd45b000 rwxp 00000000 00:00 0 
7f50cd45b000-7f50d01eb000 rwxp 00000000 00:00 0 
7f50d01eb000-7f50d01f9000 r-xp 00000000 08:22 1189430                    /usr/lib/jvm/java-6-sun-1.6.0.26/jre/lib/amd64/libzip.so
7f50d01f9000-7f50d02fb000 ---p 0000e000 08:22 1189430                    /usr/lib/jvm/java-6-sun-1.6.0.26/jre/lib/amd64/libzip.so
7f50d02fb000-7f50d02fe000 rwxp 00010000 08:22 1189430                    /usr/lib/jvm/java-6-sun-1.6.0.26/jre/lib/amd64/libzip.so
7f50d02fe000-7f50d02ff000 rwxp 00000000 00:00 0 
7f50d02ff000-7f50d030b000 r-xp 00000000 08:22 1837256                    /lib/x86_64-linux-gnu/libnss_files-2.13.so
7f50d030b000-7f50d050a000 ---p 0000c000 08:22 1837256                    /lib/x86_64-linux-gnu/libnss_files-2.13.so
7f50d050a000-7f50d050b000 r-xp 0000b000 08:22 1837256                    /lib/x86_64-linux-gnu/libnss_files-2.13.so
7f50d050b000-7f50d050c000 rwxp 0000c000 08:22 1837256                    /lib/x86_64-linux-gnu/libnss_files-2.13.so
7f50d050c000-7f50d0517000 r-xp 00000000 08:22 1837260                    /lib/x86_64-linux-gnu/libnss_nis-2.13.so
7f50d0517000-7f50d0716000 ---p 0000b000 08:22 1837260                    /lib/x86_64-linux-gnu/libnss_nis-2.13.so
7f50d0716000-7f50d0717000 r-xp 0000a000 08:22 1837260                    /lib/x86_64-linux-gnu/libnss_nis-2.13.so
7f50d0717000-7f50d0718000 rwxp 0000b000 08:22 1837260                    /lib/x86_64-linux-gnu/libnss_nis-2.13.so
7f50d0718000-7f50d0720000 r-xp 00000000 08:22 1837252                    /lib/x86_64-linux-gnu/libnss_compat-2.13.so
7f50d0720000-7f50d091f000 ---p 00008000 08:22 1837252                    /lib/x86_64-linux-gnu/libnss_compat-2.13.so
7f50d091f000-7f50d0920000 r-xp 00007000 08:22 1837252                    /lib/x86_64-linux-gnu/libnss_compat-2.13.so
7f50d0920000-7f50d0921000 rwxp 00008000 08:22 1837252                    /lib/x86_64-linux-gnu/libnss_compat-2.13.so
7f50d0921000-7f50d0938000 r-xp 00000000 08:22 1837250                    /lib/x86_64-linux-gnu/libnsl-2.13.so
7f50d0938000-7f50d0b37000 ---p 00017000 08:22 1837250                    /lib/x86_64-linux-gnu/libnsl-2.13.so
7f50d0b37000-7f50d0b38000 r-xp 00016000 08:22 1837250                    /lib/x86_64-linux-gnu/libnsl-2.13.so
7f50d0b38000-7f50d0b39000 rwxp 00017000 08:22 1837250                    /lib/x86_64-linux-gnu/libnsl-2.13.so
7f50d0b39000-7f50d0b3b000 rwxp 00000000 00:00 0 
7f50d0b3b000-7f50d0b64000 r-xp 00000000 08:22 1189429                    /usr/lib/jvm/java-6-sun-1.6.0.26/jre/lib/amd64/libjava.so
7f50d0b64000-7f50d0c63000 ---p 00029000 08:22 1189429                    /usr/lib/jvm/java-6-sun-1.6.0.26/jre/lib/amd64/libjava.so
7f50d0c63000-7f50d0c6a000 rwxp 00028000 08:22 1189429                    /usr/lib/jvm/java-6-sun-1.6.0.26/jre/lib/amd64/libjava.so
7f50d0c6a000-7f50d0c77000 r-xp 00000000 08:22 1189406                    /usr/lib/jvm/java-6-sun-1.6.0.26/jre/lib/amd64/libverify.so
7f50d0c77000-7f50d0d76000 ---p 0000d000 08:22 1189406                    /usr/lib/jvm/java-6-sun-1.6.0.26/jre/lib/amd64/libverify.so
7f50d0d76000-7f50d0d79000 rwxp 0000c000 08:22 1189406                    /usr/lib/jvm/java-6-sun-1.6.0.26/jre/lib/amd64/libverify.so
7f50d0d79000-7f50d0d80000 r-xp 00000000 08:22 1837270                    /lib/x86_64-linux-gnu/librt-2.13.so
7f50d0d80000-7f50d0f7f000 ---p 00007000 08:22 1837270                    /lib/x86_64-linux-gnu/librt-2.13.so
7f50d0f7f000-7f50d0f80000 r-xp 00006000 08:22 1837270                    /lib/x86_64-linux-gnu/librt-2.13.so
7f50d0f80000-7f50d0f81000 rwxp 00007000 08:22 1837270                    /lib/x86_64-linux-gnu/librt-2.13.so
7f50d0f81000-7f50d0f84000 ---p 00000000 00:00 0 
7f50d0f84000-7f50d1082000 rwxp 00000000 00:00 0 
7f50d1082000-7f50d1106000 r-xp 00000000 08:22 1837246                    /lib/x86_64-linux-gnu/libm-2.13.so
7f50d1106000-7f50d1305000 ---p 00084000 08:22 1837246                    /lib/x86_64-linux-gnu/libm-2.13.so
7f50d1305000-7f50d1306000 r-xp 00083000 08:22 1837246                    /lib/x86_64-linux-gnu/libm-2.13.so
7f50d1306000-7f50d1307000 rwxp 00084000 08:22 1837246                    /lib/x86_64-linux-gnu/libm-2.13.so
7f50d1307000-7f50d1c21000 r-xp 00000000 08:22 1189432                    /usr/lib/jvm/java-6-sun-1.6.0.26/jre/lib/amd64/server/libjvm.so
7f50d1c21000-7f50d1d23000 ---p 0091a000 08:22 1189432                    /usr/lib/jvm/java-6-sun-1.6.0.26/jre/lib/amd64/server/libjvm.so
7f50d1d23000-7f50d1ed8000 rwxp 0091c000 08:22 1189432                    /usr/lib/jvm/java-6-sun-1.6.0.26/jre/lib/amd64/server/libjvm.so
7f50d1ed8000-7f50d1f12000 rwxp 00000000 00:00 0 
7f50d1f12000-7f50d209c000 r-xp 00000000 08:22 1837230                    /lib/x86_64-linux-gnu/libc-2.13.so
7f50d209c000-7f50d229b000 ---p 0018a000 08:22 1837230                    /lib/x86_64-linux-gnu/libc-2.13.so
7f50d229b000-7f50d229f000 r-xp 00189000 08:22 1837230                    /lib/x86_64-linux-gnu/libc-2.13.so
7f50d229f000-7f50d22a0000 rwxp 0018d000 08:22 1837230                    /lib/x86_64-linux-gnu/libc-2.13.so
7f50d22a0000-7f50d22a6000 rwxp 00000000 00:00 0 
7f50d22a6000-7f50d22a8000 r-xp 00000000 08:22 1837244                    /lib/x86_64-linux-gnu/libdl-2.13.so
7f50d22a8000-7f50d24a8000 ---p 00002000 08:22 1837244                    /lib/x86_64-linux-gnu/libdl-2.13.so
7f50d24a8000-7f50d24a9000 r-xp 00002000 08:22 1837244                    /lib/x86_64-linux-gnu/libdl-2.13.so
7f50d24a9000-7f50d24aa000 rwxp 00003000 08:22 1837244                    /lib/x86_64-linux-gnu/libdl-2.13.so
7f50d24aa000-7f50d24c2000 r-xp 00000000 08:22 1837266                    /lib/x86_64-linux-gnu/libpthread-2.13.so
7f50d24c2000-7f50d26c2000 ---p 00018000 08:22 1837266                    /lib/x86_64-linux-gnu/libpthread-2.13.so
7f50d26c2000-7f50d26c3000 r-xp 00018000 08:22 1837266                    /lib/x86_64-linux-gnu/libpthread-2.13.so
7f50d26c3000-7f50d26c4000 rwxp 00019000 08:22 1837266                    /lib/x86_64-linux-gnu/libpthread-2.13.so
7f50d26c4000-7f50d26c8000 rwxp 00000000 00:00 0 
7f50d26c8000-7f50d26e9000 r-xp 00000000 08:22 1835033                    /lib/x86_64-linux-gnu/ld-2.13.so
7f50d26e9000-7f50d26ec000 r-xs 00000000 08:22 2621592                    /var/cache/fontconfig/d60319d88cac85ba9e1a07bd06cfbb8c-le64.cache-3
7f50d26ec000-7f50d26ed000 r-xs 00000000 08:22 2622676                    /var/cache/fontconfig/4794a0821666d79190d59a36cb4f44b5-le64.cache-3
7f50d26ed000-7f50d26f7000 rwxp 00000000 00:00 0 
7f50d26f7000-7f50d27ad000 rwxp 00000000 00:00 0 
7f50d27ad000-7f50d27b0000 rwxp 00000000 00:00 0 
7f50d27b0000-7f50d27b7000 r-xp 00000000 08:22 1189402                    /usr/lib/jvm/java-6-sun-1.6.0.26/jre/lib/amd64/jli/libjli.so
7f50d27b7000-7f50d28b8000 ---p 00007000 08:22 1189402                    /usr/lib/jvm/java-6-sun-1.6.0.26/jre/lib/amd64/jli/libjli.so
7f50d28b8000-7f50d28ba000 rwxp 00008000 08:22 1189402                    /usr/lib/jvm/java-6-sun-1.6.0.26/jre/lib/amd64/jli/libjli.so
7f50d28ba000-7f50d28bb000 rwxp 00000000 00:00 0 
7f50d28bb000-7f50d28c5000 r-xs 00000000 08:22 2621590                    /var/cache/fontconfig/d52a8644073d54c13679302ca1180695-le64.cache-3
7f50d28c5000-7f50d28d8000 r-xs 00000000 08:22 2621573                    /var/cache/fontconfig/e13b20fdb08344e0e664864cc2ede53d-le64.cache-3
7f50d28d8000-7f50d28dc000 r-xs 00000000 08:22 2625713                    /var/cache/fontconfig/7ef2298fde41cc6eeb7af42e48b7d293-le64.cache-3
7f50d28dc000-7f50d28e4000 rwxs 00000000 08:22 2103830                    /tmp/hsperfdata_bguaman/7807
7f50d28e4000-7f50d28e5000 rwxp 00000000 00:00 0 
7f50d28e5000-7f50d28e6000 r-xp 00000000 00:00 0 
7f50d28e6000-7f50d28e8000 rwxp 00000000 00:00 0 
7f50d28e8000-7f50d28e9000 r-xp 00020000 08:22 1835033                    /lib/x86_64-linux-gnu/ld-2.13.so
7f50d28e9000-7f50d28eb000 rwxp 00021000 08:22 1835033                    /lib/x86_64-linux-gnu/ld-2.13.so
7fff46caa000-7fff46ccc000 rwxp 00000000 00:00 0                          [stack]
7fff46d68000-7fff46d69000 r-xp 00000000 00:00 0                          [vdso]
ffffffffff600000-ffffffffff601000 r-xp 00000000 00:00 0                  [vsyscall]

VM Arguments:
jvm_args: -Djava.library.path=/home/bguaman/workspace/mt4j-desktop -Dfile.encoding=UTF-8 
java_command: advanced.physics.StartGlobitos
Launcher Type: SUN_STANDARD

Environment Variables:
PATH=/usr/local/sbin:/usr/local/bin:/usr/sbin:/usr/bin:/sbin:/bin:/usr/games
USERNAME=bguaman
LD_LIBRARY_PATH=/usr/lib/jvm/java-6-sun-1.6.0.26/jre/lib/amd64/server:/usr/lib/jvm/java-6-sun-1.6.0.26/jre/lib/amd64:/usr/lib/jvm/java-6-sun-1.6.0.26/jre/../lib/amd64:/usr/lib/xulrunner-1.9.2.17
SHELL=/bin/bash
DISPLAY=:0.0

Signal Handlers:
SIGSEGV: [libjvm.so+0x85f800], sa_mask[0]=0x7ffbfeff, sa_flags=0x10000004
SIGBUS: [libjvm.so+0x85f800], sa_mask[0]=0x7ffbfeff, sa_flags=0x10000004
SIGFPE: [libjvm.so+0x70e300], sa_mask[0]=0x7ffbfeff, sa_flags=0x10000004
SIGPIPE: [libjvm.so+0x70e300], sa_mask[0]=0x7ffbfeff, sa_flags=0x10000004
SIGXFSZ: [libjvm.so+0x70e300], sa_mask[0]=0x7ffbfeff, sa_flags=0x10000004
SIGILL: [libjvm.so+0x70e300], sa_mask[0]=0x7ffbfeff, sa_flags=0x10000004
SIGUSR1: SIG_DFL, sa_mask[0]=0x00000000, sa_flags=0x00000000
SIGUSR2: [libjvm.so+0x711110], sa_mask[0]=0x00000004, sa_flags=0x10000004
SIGHUP: [libjvm.so+0x710d10], sa_mask[0]=0x7ffbfeff, sa_flags=0x10000004
SIGINT: [libjvm.so+0x710d10], sa_mask[0]=0x7ffbfeff, sa_flags=0x10000004
SIGTERM: [libjvm.so+0x710d10], sa_mask[0]=0x7ffbfeff, sa_flags=0x10000004
SIGQUIT: [libjvm.so+0x710d10], sa_mask[0]=0x7ffbfeff, sa_flags=0x10000004


---------------  S Y S T E M  ---------------

OS:squeeze/sid

uname:Linux 2.6.38-13-generic #54-Ubuntu SMP Tue Jan 3 13:38:12 UTC 2012 x86_64
libc:glibc 2.13 NPTL 2.13 
rlimit: STACK 8192k, CORE 0k, NPROC infinity, NOFILE 4096, AS infinity
load average:0.00 0.11 0.12

/proc/meminfo:
MemTotal:        4056284 kB
MemFree:           50496 kB
Buffers:          333944 kB
Cached:           443120 kB
SwapCached:          144 kB
Active:          2216188 kB
Inactive:         911960 kB
Active(anon):    1834416 kB
Inactive(anon):   528296 kB
Active(file):     381772 kB
Inactive(file):   383664 kB
Unevictable:           0 kB
Mlocked:               0 kB
SwapTotal:       7815616 kB
SwapFree:        7811456 kB
Dirty:              1560 kB
Writeback:             0 kB
AnonPages:       2351024 kB
Mapped:           181260 kB
Shmem:             11628 kB
Slab:             686400 kB
SReclaimable:     656752 kB
SUnreclaim:        29648 kB
KernelStack:        4072 kB
PageTables:        37400 kB
NFS_Unstable:          0 kB
Bounce:                0 kB
WritebackTmp:          0 kB
CommitLimit:     9843756 kB
Committed_AS:    4686316 kB
VmallocTotal:   34359738367 kB
VmallocUsed:      113604 kB
VmallocChunk:   34359609340 kB
HardwareCorrupted:     0 kB
HugePages_Total:       0
HugePages_Free:        0
HugePages_Rsvd:        0
HugePages_Surp:        0
Hugepagesize:       2048 kB
DirectMap4k:      422784 kB
DirectMap2M:     3770368 kB


CPU:total 4 (2 cores per cpu, 1 threads per core) family 15 model 65 stepping 3, cmov, cx8, fxsr, mmx, sse, sse2, sse3, mmxext, 3dnow, 3dnowext

/proc/cpuinfo:
processor	: 0
vendor_id	: AuthenticAMD
cpu family	: 15
model		: 65
model name	: Dual-Core AMD Opteron(tm) Processor 2218
stepping	: 3
cpu MHz		: 1000.000
cache size	: 1024 KB
physical id	: 0
siblings	: 2
core id		: 0
cpu cores	: 2
apicid		: 0
initial apicid	: 0
fpu		: yes
fpu_exception	: yes
cpuid level	: 1
wp		: yes
flags		: fpu vme de pse tsc msr pae mce cx8 apic sep mtrr pge mca cmov pat pse36 clflush mmx fxsr sse sse2 ht syscall nx mmxext fxsr_opt rdtscp lm 3dnowext 3dnow rep_good nopl extd_apicid pni cx16 lahf_lm cmp_legacy svm extapic cr8_legacy
bogomips	: 1999.99
TLB size	: 1024 4K pages
clflush size	: 64
cache_alignment	: 64
address sizes	: 40 bits physical, 48 bits virtual
power management: ts fid vid ttp tm stc

processor	: 1
vendor_id	: AuthenticAMD
cpu family	: 15
model		: 65
model name	: Dual-Core AMD Opteron(tm) Processor 2218
stepping	: 3
cpu MHz		: 1000.000
cache size	: 1024 KB
physical id	: 0
siblings	: 2
core id		: 1
cpu cores	: 2
apicid		: 1
initial apicid	: 1
fpu		: yes
fpu_exception	: yes
cpuid level	: 1
wp		: yes
flags		: fpu vme de pse tsc msr pae mce cx8 apic sep mtrr pge mca cmov pat pse36 clflush mmx fxsr sse sse2 ht syscall nx mmxext fxsr_opt rdtscp lm 3dnowext 3dnow rep_good nopl extd_apicid pni cx16 lahf_lm cmp_legacy svm extapic cr8_legacy
bogomips	: 1999.99
TLB size	: 1024 4K pages
clflush size	: 64
cache_alignment	: 64
address sizes	: 40 bits physical, 48 bits virtual
power management: ts fid vid ttp tm stc

processor	: 2
vendor_id	: AuthenticAMD
cpu family	: 15
model		: 65
model name	: Dual-Core AMD Opteron(tm) Processor 2218
stepping	: 3
cpu MHz		: 1000.000
cache size	: 1024 KB
physical id	: 1
siblings	: 2
core id		: 0
cpu cores	: 2
apicid		: 2
initial apicid	: 2
fpu		: yes
fpu_exception	: yes
cpuid level	: 1
wp		: yes
flags		: fpu vme de pse tsc msr pae mce cx8 apic sep mtrr pge mca cmov pat pse36 clflush mmx fxsr sse sse2 ht syscall nx mmxext fxsr_opt rdtscp lm 3dnowext 3dnow rep_good nopl extd_apicid pni cx16 lahf_lm cmp_legacy svm extapic cr8_legacy
bogomips	: 1999.99
TLB size	: 1024 4K pages
clflush size	: 64
cache_alignment	: 64
address sizes	: 40 bits physical, 48 bits virtual
power management: ts fid vid ttp tm stc

processor	: 3
vendor_id	: AuthenticAMD
cpu family	: 15
model		: 65
model name	: Dual-Core AMD Opteron(tm) Processor 2218
stepping	: 3
cpu MHz		: 1000.000
cache size	: 1024 KB
physical id	: 1
siblings	: 2
core id		: 1
cpu cores	: 2
apicid		: 3
initial apicid	: 3
fpu		: yes
fpu_exception	: yes
cpuid level	: 1
wp		: yes
flags		: fpu vme de pse tsc msr pae mce cx8 apic sep mtrr pge mca cmov pat pse36 clflush mmx fxsr sse sse2 ht syscall nx mmxext fxsr_opt rdtscp lm 3dnowext 3dnow rep_good nopl extd_apicid pni cx16 lahf_lm cmp_legacy svm extapic cr8_legacy
bogomips	: 1999.99
TLB size	: 1024 4K pages
clflush size	: 64
cache_alignment	: 64
address sizes	: 40 bits physical, 48 bits virtual
power management: ts fid vid ttp tm stc



Memory: 4k page, physical 4056284k(50496k free), swap 7815616k(7811456k free)

vm_info: Java HotSpot(TM) 64-Bit Server VM (20.1-b02) for linux-amd64 JRE (1.6.0_26-b03), built on May  4 2011 01:13:47 by "java_re" with gcc 3.2.2 (SuSE Linux)

time: Tue Jun  5 16:26:15 2012
elapsed time: 8 seconds

