#
# A fatal error has been detected by the Java Runtime Environment:
#
#  SIGSEGV (0xb) at pc=0x00007f72ed35bb69, pid=5209, tid=140131442579200
#
# JRE version: 6.0_26-b03
# Java VM: Java HotSpot(TM) 64-Bit Server VM (20.1-b02 mixed mode linux-amd64 compressed oops)
# Problematic frame:
# C  [libGL.so.1+0x2e8b69]  __float128+0x9
#
# If you would like to submit a bug report, please visit:
#   http://java.sun.com/webapps/bugreport/crash.jsp
# The crash happened outside the Java Virtual Machine in native code.
# See problematic frame for where to report the bug.
#

---------------  T H R E A D  ---------------

Current thread (0x00007f72e8529800):  JavaThread "Thread-2" [_thread_in_native, id=5235, stack(0x00007f72e4cb5000,0x00007f72e4db6000)]

siginfo:si_signo=SIGSEGV: si_errno=0, si_code=1 (SEGV_MAPERR), si_addr=0x0000000000000688

Registers:
RAX=0x0000000000000000, RBX=0x00000000bdc38b08, RCX=0x0000000000000438, RDX=0x0000000000000780
RSP=0x00007f72e4db45c8, RBP=0x00007f72e4db4610, RSI=0x0000000000000000, RDI=0x0000000000000000
R8 =0x0000000000001908, R9 =0x0000000000001401, R10=0x00007f72e4db4340, R11=0x00007f72ed35bb60
R12=0x0000000000000000, R13=0x00000000bdc38b08, R14=0x00007f72e4db4710, R15=0x00007f72e8529800
RIP=0x00007f72ed35bb69, EFLAGS=0x0000000000010202, CSGSFS=0x0000000000000033, ERR=0x0000000000000004
  TRAPNO=0x000000000000000e

Top of Stack: (sp=0x00007f72e4db45c8)
0x00007f72e4db45c8:   00007f72eccfeae0 00007f72e44cb000
0x00007f72e4db45d8:   00007f72000000b7 0000078000000438
0x00007f72e4db45e8:   0000000000000000 00007f72e4db4710
0x00007f72e4db45f8:   00007f72e85299d0 00007f72e4db46b0
0x00007f72e4db4608:   00007f72e44cb000 00007f72e4db46b0
0x00007f72e4db4618:   00007f72f1252d6e 00007f7200001908
0x00007f72e4db4628:   00007f7200001401 00007f72e4db46d8
0x00007f72e4db4638:   00007f7200000000 00007f72e4db4758
0x00007f72e4db4648:   00007f72e4db46d0 00007f72e4db4650
0x00007f72e4db4658:   00000000bce86ae0 00007f72e8529800
0x00007f72e4db4668:   00007f72e4db4668 00007f72e4db4670
0x00007f72e4db4678:   00000000bdc38b08 00007f72e4db4710
0x00007f72e4db4688:   00000000bdcb4620 0000000000000000
0x00007f72e4db4698:   00000000bdc38b08 0000000000000000
0x00007f72e4db46a8:   00007f72e4db46d0 00007f72e4db4758
0x00007f72e4db46b8:   00007f72f1247a82 0000000000000000
0x00007f72e4db46c8:   00007f72f124ff58 0000000000000000
0x00007f72e4db46d8:   00000000ebb7b8e0 0000000000001401
0x00007f72e4db46e8:   0000000000001908 0000000000000438
0x00007f72e4db46f8:   0000000000000780 0000000000000000
0x00007f72e4db4708:   0000000000000000 00000000ec560fe8
0x00007f72e4db4718:   00007f72e4db4718 00000000bdc38a0a
0x00007f72e4db4728:   00007f72e4db47a8 00000000bdcb4620
0x00007f72e4db4738:   0000000000000000 00000000bdc38a38
0x00007f72e4db4748:   00007f72e4db46d0 00007f72e4db4770
0x00007f72e4db4758:   00007f72e4db47f0 00007f72f1247f5c
0x00007f72e4db4768:   0000000000000001 00000000ebb7b8e0
0x00007f72e4db4778:   0000000000001401 0000000000001908
0x00007f72e4db4788:   0000000000000438 0000000000000780
0x00007f72e4db4798:   0000000000000000 0000000000000000
0x00007f72e4db47a8:   00000000ec560fe8 00007f72e4db47b0
0x00007f72e4db47b8:   00000000bd9652cb 00007f72e4db4828 

Instructions: (pc=0x00007f72ed35bb69)
0x00007f72ed35bb49:   ff a0 80 06 00 00 cc cc cc cc cc cc cc cc cc cc
0x00007f72ed35bb59:   cc cc cc cc cc cc cc 64 48 8b 04 25 60 ff ff ff
0x00007f72ed35bb69:   ff a0 88 06 00 00 cc cc cc cc cc cc cc cc cc cc
0x00007f72ed35bb79:   cc cc cc cc cc cc cc 64 48 8b 04 25 60 ff ff ff 

Register to memory mapping:

RAX=0x0000000000000000 is an unknown value
RBX=0x00000000bdc38b08 is an oop
{method} 
 - klass: {other class}
RCX=0x0000000000000438 is an unknown value
RDX=0x0000000000000780 is an unknown value
RSP=0x00007f72e4db45c8 is pointing into the stack for thread: 0x00007f72e8529800
RBP=0x00007f72e4db4610 is pointing into the stack for thread: 0x00007f72e8529800
RSI=0x0000000000000000 is an unknown value
RDI=0x0000000000000000 is an unknown value
R8 =0x0000000000001908 is an unknown value
R9 =0x0000000000001401 is an unknown value
R10=0x00007f72e4db4340 is pointing into the stack for thread: 0x00007f72e8529800
R11=0x00007f72ed35bb60: glReadPixels+0 in /usr/lib/nvidia-current/libGL.so.1 at 0x00007f72ed073000
R12=0x0000000000000000 is an unknown value
R13=0x00000000bdc38b08 is an oop
{method} 
 - klass: {other class}
R14=0x00007f72e4db4710 is pointing into the stack for thread: 0x00007f72e8529800
R15=0x00007f72e8529800 is a thread


Stack: [0x00007f72e4cb5000,0x00007f72e4db6000],  sp=0x00007f72e4db45c8,  free space=1021k
Native frames: (J=compiled Java code, j=interpreted, Vv=VM code, C=native code)
C  [libGL.so.1+0x2e8b69]  __float128+0x9
j  com.sun.opengl.impl.GLImpl.glReadPixels0(IIIIIILjava/lang/Object;I)V+0
j  com.sun.opengl.impl.GLImpl.glReadPixels(IIIIIILjava/nio/Buffer;)V+50
j  processing.opengl.PGraphicsOpenGL.loadPixels()V+75
j  processing.core.PImage.save(Ljava/lang/String;)V+30
j  processing.core.PApplet.saveFrame(Ljava/lang/String;)V+13
j  advanced.drawing.DrawSurfaceScene.run()V+14
j  java.lang.Thread.run()V+11
v  ~StubRoutines::call_stub
V  [libjvm.so+0x4df5c0]  JavaCalls::call_helper(JavaValue*, methodHandle*, JavaCallArguments*, Thread*)+0x1e0
V  [libjvm.so+0x70f629]  os::os_exception_wrapper(void (*)(JavaValue*, methodHandle*, JavaCallArguments*, Thread*), JavaValue*, methodHandle*, JavaCallArguments*, Thread*)+0x19
V  [libjvm.so+0x4def06]  JavaCalls::call_virtual(JavaValue*, KlassHandle, symbolHandle, symbolHandle, JavaCallArguments*, Thread*)+0x126
V  [libjvm.so+0x4defb7]  JavaCalls::call_virtual(JavaValue*, Handle, KlassHandle, symbolHandle, symbolHandle, Thread*)+0x47
V  [libjvm.so+0x572ce0]  thread_entry(JavaThread*, Thread*)+0xa0
V  [libjvm.so+0x8190f1]  JavaThread::run()+0x121
V  [libjvm.so+0x710adf]  java_start(Thread*)+0x13f

Java frames: (J=compiled Java code, j=interpreted, Vv=VM code)
j  com.sun.opengl.impl.GLImpl.glReadPixels0(IIIIIILjava/lang/Object;I)V+0
j  com.sun.opengl.impl.GLImpl.glReadPixels(IIIIIILjava/nio/Buffer;)V+50
j  processing.opengl.PGraphicsOpenGL.loadPixels()V+75
j  processing.core.PImage.save(Ljava/lang/String;)V+30
j  processing.core.PApplet.saveFrame(Ljava/lang/String;)V+13
j  advanced.drawing.DrawSurfaceScene.run()V+14
j  java.lang.Thread.run()V+11
v  ~StubRoutines::call_stub

---------------  P R O C E S S  ---------------

Java Threads: ( => current thread )
=>0x00007f72e8529800 JavaThread "Thread-2" [_thread_in_native, id=5235, stack(0x00007f72e4cb5000,0x00007f72e4db6000)]
  0x00007f72e020f000 JavaThread "Thread-1" [_thread_in_native, id=5234, stack(0x00007f72e5d8a000,0x00007f72e5e8b000)]
  0x00007f72e837a800 JavaThread "DestroyJavaVM" [_thread_blocked, id=5215, stack(0x00007f72f4fd8000,0x00007f72f50d9000)]
  0x00007f72e831c800 JavaThread "Animation Thread" [_thread_blocked, id=5233, stack(0x00007f72ed480000,0x00007f72ed581000)]
  0x00007f72e01a2800 JavaThread "AWT-EventQueue-0" [_thread_blocked, id=5232, stack(0x00007f72ed581000,0x00007f72ed682000)]
  0x00007f72e831b800 JavaThread "AWT-Shutdown" [_thread_blocked, id=5231, stack(0x00007f72ed682000,0x00007f72ed783000)]
  0x00007f72e82ab000 JavaThread "AWT-XAWT" daemon [_thread_in_native, id=5229, stack(0x00007f72edbce000,0x00007f72edccf000)]
  0x00007f72e8224800 JavaThread "Java2D Disposer" daemon [_thread_blocked, id=5228, stack(0x00007f72ee315000,0x00007f72ee416000)]
  0x00007f72e8004800 JavaThread "Low Memory Detector" daemon [_thread_blocked, id=5226, stack(0x00007f72efa0b000,0x00007f72efb0c000)]
  0x00007f72e8002000 JavaThread "C2 CompilerThread1" daemon [_thread_blocked, id=5225, stack(0x00007f72efb0c000,0x00007f72efc0d000)]
  0x0000000041229800 JavaThread "C2 CompilerThread0" daemon [_thread_blocked, id=5224, stack(0x00007f72efc0d000,0x00007f72efd0e000)]
  0x0000000041227000 JavaThread "Signal Dispatcher" daemon [_thread_blocked, id=5223, stack(0x00007f72efd0e000,0x00007f72efe0f000)]
  0x0000000041206000 JavaThread "Finalizer" daemon [_thread_blocked, id=5222, stack(0x00007f72f00b4000,0x00007f72f01b5000)]
  0x0000000041203800 JavaThread "Reference Handler" daemon [_thread_blocked, id=5221, stack(0x00007f72f01b5000,0x00007f72f02b6000)]

Other Threads:
  0x00000000411fd000 VMThread [stack: 0x00007f72f02b6000,0x00007f72f03b7000] [id=5220]
  0x00007f72e800f800 WatcherThread [stack: 0x00007f72ef90a000,0x00007f72efa0b000] [id=5227]

VM state:not at safepoint (normal execution)

VM Mutex/Monitor currently owned by a thread: None

Heap
 PSYoungGen      total 18496K, used 16602K [0x00000000eb560000, 0x00000000eca00000, 0x0000000100000000)
  eden space 15872K, 90% used [0x00000000eb560000,0x00000000ec377ff0,0x00000000ec4e0000)
  from space 2624K, 82% used [0x00000000ec4e0000,0x00000000ec6fe9f0,0x00000000ec770000)
  to   space 2624K, 0% used [0x00000000ec770000,0x00000000ec770000,0x00000000eca00000)
 PSOldGen        total 42304K, used 0K [0x00000000c2000000, 0x00000000c4950000, 0x00000000eb560000)
  object space 42304K, 0% used [0x00000000c2000000,0x00000000c2000000,0x00000000c4950000)
 PSPermGen       total 21248K, used 18217K [0x00000000bce00000, 0x00000000be2c0000, 0x00000000c2000000)
  object space 21248K, 85% used [0x00000000bce00000,0x00000000bdfca6d0,0x00000000be2c0000)

Code Cache  [0x00007f72f1242000, 0x00007f72f14b2000, 0x00007f72f4242000)
 total_blobs=870 nmethods=76 adapters=748 free_code_cache=49392832 largest_free_block=21120

Dynamic libraries:
40000000-40009000 r-xp 00000000 08:22 1185676                            /usr/lib/jvm/java-6-sun-1.6.0.26/jre/bin/java
40108000-4010a000 rwxp 00008000 08:22 1185676                            /usr/lib/jvm/java-6-sun-1.6.0.26/jre/bin/java
40288000-4028a000 r-xs 00000000 08:22 1993135                            /tmp/glU9hFYQ (deleted)
40ff8000-4106f000 rwxp 00000000 00:00 0 
41194000-41b07000 rwxp 00000000 00:00 0                                  [heap]
bce00000-be2c0000 rwxp 00000000 00:00 0 
be2c0000-c2000000 rwxp 00000000 00:00 0 
c2000000-c4950000 rwxp 00000000 00:00 0 
c4950000-eb560000 rwxp 00000000 00:00 0 
eb560000-eca00000 rwxp 00000000 00:00 0 
eca00000-100000000 rwxp 00000000 00:00 0 
7f72e0000000-7f72e04b4000 rwxp 00000000 00:00 0 
7f72e04b4000-7f72e4000000 ---p 00000000 00:00 0 
7f72e44ca000-7f72e4cb5000 rwxp 00000000 00:00 0 
7f72e4cb5000-7f72e4cb8000 ---p 00000000 00:00 0 
7f72e4cb8000-7f72e5d8a000 rwxp 00000000 00:00 0 
7f72e5d8a000-7f72e5d8d000 ---p 00000000 00:00 0 
7f72e5d8d000-7f72e5e8b000 rwxp 00000000 00:00 0 
7f72e5e8b000-7f72e5e9e000 r-xp 00000000 08:22 1189407                    /usr/lib/jvm/java-6-sun-1.6.0.26/jre/lib/amd64/libnet.so
7f72e5e9e000-7f72e5f9f000 ---p 00013000 08:22 1189407                    /usr/lib/jvm/java-6-sun-1.6.0.26/jre/lib/amd64/libnet.so
7f72e5f9f000-7f72e5fa2000 rwxp 00014000 08:22 1189407                    /usr/lib/jvm/java-6-sun-1.6.0.26/jre/lib/amd64/libnet.so
7f72e5fa2000-7f72e60a2000 rwxs 656a3000 00:05 6100                       /dev/nvidia1
7f72e60a2000-7f72e60a3000 rwxs b2c03000 00:05 6100                       /dev/nvidia1
7f72e60a3000-7f72e61a3000 rwxs 43f68000 00:05 6100                       /dev/nvidia1
7f72e61a3000-7f72e63b3000 rwxp 00000000 00:00 0 
7f72e63b3000-7f72e7801000 r-xp 00000000 08:22 1184078                    /usr/lib/nvidia-current/libnvidia-glcore.so.270.41.06
7f72e7801000-7f72e7a01000 ---p 0144e000 08:22 1184078                    /usr/lib/nvidia-current/libnvidia-glcore.so.270.41.06
7f72e7a01000-7f72e7fe9000 rwxp 0144e000 08:22 1184078                    /usr/lib/nvidia-current/libnvidia-glcore.so.270.41.06
7f72e7fe9000-7f72e8000000 rwxp 00000000 00:00 0 
7f72e8000000-7f72e85dc000 rwxp 00000000 00:00 0 
7f72e85dc000-7f72ec000000 ---p 00000000 00:00 0 
7f72ec008000-7f72ec878000 rwxs c0000000 00:05 6100                       /dev/nvidia1
7f72ec878000-7f72ec87a000 r-xp 00000000 08:24 696261                     /home/bguaman/workspace/PLAYmt4j/MT4JClient/mt4j-desktop/libjogl_awt.so
7f72ec87a000-7f72ec979000 ---p 00002000 08:24 696261                     /home/bguaman/workspace/PLAYmt4j/MT4JClient/mt4j-desktop/libjogl_awt.so
7f72ec979000-7f72ec97a000 rwxp 00001000 08:24 696261                     /home/bguaman/workspace/PLAYmt4j/MT4JClient/mt4j-desktop/libjogl_awt.so
7f72ec97a000-7f72ec97b000 r-xp 00000000 08:22 1189436                    /usr/lib/jvm/java-6-sun-1.6.0.26/jre/lib/amd64/libjawt.so
7f72ec97b000-7f72eca7a000 ---p 00001000 08:22 1189436                    /usr/lib/jvm/java-6-sun-1.6.0.26/jre/lib/amd64/libjawt.so
7f72eca7a000-7f72eca7b000 rwxp 00000000 08:22 1189436                    /usr/lib/jvm/java-6-sun-1.6.0.26/jre/lib/amd64/libjawt.so
7f72eca7b000-7f72eca80000 r-xp 00000000 08:22 1182806                    /usr/lib/x86_64-linux-gnu/libXxf86vm.so.1.0.0
7f72eca80000-7f72ecc7f000 ---p 00005000 08:22 1182806                    /usr/lib/x86_64-linux-gnu/libXxf86vm.so.1.0.0
7f72ecc7f000-7f72ecc80000 r-xp 00004000 08:22 1182806                    /usr/lib/x86_64-linux-gnu/libXxf86vm.so.1.0.0
7f72ecc80000-7f72ecc81000 rwxp 00005000 08:22 1182806                    /usr/lib/x86_64-linux-gnu/libXxf86vm.so.1.0.0
7f72ecc81000-7f72ecd70000 r-xp 00000000 08:24 696252                     /home/bguaman/workspace/PLAYmt4j/MT4JClient/mt4j-desktop/libjogl.so
7f72ecd70000-7f72ece70000 ---p 000ef000 08:24 696252                     /home/bguaman/workspace/PLAYmt4j/MT4JClient/mt4j-desktop/libjogl.so
7f72ece70000-7f72ece71000 rwxp 000ef000 08:24 696252                     /home/bguaman/workspace/PLAYmt4j/MT4JClient/mt4j-desktop/libjogl.so
7f72ece71000-7f72ece72000 r-xp 00000000 08:22 1180743                    /usr/lib/nvidia-current/tls/libnvidia-tls.so.270.41.06
7f72ece72000-7f72ed072000 ---p 00001000 08:22 1180743                    /usr/lib/nvidia-current/tls/libnvidia-tls.so.270.41.06
7f72ed072000-7f72ed073000 rwxp 00001000 08:22 1180743                    /usr/lib/nvidia-current/tls/libnvidia-tls.so.270.41.06
7f72ed073000-7f72ed130000 r-xp 00000000 08:22 1183145                    /usr/lib/nvidia-current/libGL.so.270.41.06
7f72ed130000-7f72ed330000 ---p 000bd000 08:22 1183145                    /usr/lib/nvidia-current/libGL.so.270.41.06
7f72ed330000-7f72ed369000 rwxp 000bd000 08:22 1183145                    /usr/lib/nvidia-current/libGL.so.270.41.06
7f72ed369000-7f72ed37f000 rwxp 00000000 00:00 0 
7f72ed37f000-7f72ed380000 r-xp 00000000 08:24 696219                     /home/bguaman/workspace/PLAYmt4j/MT4JClient/mt4j-desktop/libgluegen-rt.so
7f72ed380000-7f72ed47f000 ---p 00001000 08:24 696219                     /home/bguaman/workspace/PLAYmt4j/MT4JClient/mt4j-desktop/libgluegen-rt.so
7f72ed47f000-7f72ed480000 rwxp 00000000 08:24 696219                     /home/bguaman/workspace/PLAYmt4j/MT4JClient/mt4j-desktop/libgluegen-rt.so
7f72ed480000-7f72ed483000 ---p 00000000 00:00 0 
7f72ed483000-7f72ed581000 rwxp 00000000 00:00 0 
7f72ed581000-7f72ed584000 ---p 00000000 00:00 0 
7f72ed584000-7f72ed682000 rwxp 00000000 00:00 0 
7f72ed682000-7f72ed685000 ---p 00000000 00:00 0 
7f72ed685000-7f72ed783000 rwxp 00000000 00:00 0 
7f72ed783000-7f72ed78b000 r-xp 00000000 08:22 1187959                    /usr/lib/x86_64-linux-gnu/libXrandr.so.2.2.0
7f72ed78b000-7f72ed98a000 ---p 00008000 08:22 1187959                    /usr/lib/x86_64-linux-gnu/libXrandr.so.2.2.0
7f72ed98a000-7f72ed98b000 r-xp 00007000 08:22 1187959                    /usr/lib/x86_64-linux-gnu/libXrandr.so.2.2.0
7f72ed98b000-7f72ed98c000 rwxp 00008000 08:22 1187959                    /usr/lib/x86_64-linux-gnu/libXrandr.so.2.2.0
7f72ed98c000-7f72ed98d000 r-xs 00000000 08:22 2621607                    /var/cache/fontconfig/c05880de57d1f5e948fdfacc138775d9-le64.cache-3
7f72ed98d000-7f72ed996000 r-xs 00000000 08:22 2621606                    /var/cache/fontconfig/945677eb7aeaf62f1d50efc3fb3ec7d8-le64.cache-3
7f72ed996000-7f72ed998000 r-xs 00000000 08:22 2621574                    /var/cache/fontconfig/99e8ed0e538f840c565b6ed5dad60d56-le64.cache-3
7f72ed998000-7f72ed99b000 r-xs 00000000 08:22 2621604                    /var/cache/fontconfig/e383d7ea5fbe662a33d9b44caf393297-le64.cache-3
7f72ed99b000-7f72ed99d000 r-xs 00000000 08:22 2621603                    /var/cache/fontconfig/2cd17615ca594fa2959ae173292e504c-le64.cache-3
7f72ed99d000-7f72ed99e000 r-xs 00000000 08:22 2621601                    /var/cache/fontconfig/e7071f4a29fa870f4323321c154eba04-le64.cache-3
7f72ed99e000-7f72ed9a1000 r-xs 00000000 08:22 2625717                    /var/cache/fontconfig/b5ea634b0fb353b8ea17632d1f9ef766-le64.cache-3
7f72ed9a1000-7f72ed9a5000 r-xs 00000000 08:22 2621600                    /var/cache/fontconfig/6eb3985aa4124903f6ff08ba781cd364-le64.cache-3
7f72ed9a5000-7f72ed9a6000 r-xs 00000000 08:22 2621599                    /var/cache/fontconfig/4c73fe0c47614734b17d736dbde7580a-le64.cache-3
7f72ed9a6000-7f72ed9a7000 r-xs 00000000 08:22 2621598                    /var/cache/fontconfig/0d8c3b2ac0904cb8a57a757ad11a4a08-le64.cache-3
7f72ed9a7000-7f72ed9a8000 r-xs 00000000 08:22 2621597                    /var/cache/fontconfig/6a53c69dea097a2d716e069445527da8-le64.cache-3
7f72ed9a8000-7f72ed9ae000 r-xs 00000000 08:22 2621596                    /var/cache/fontconfig/a755afe4a08bf5b97852ceb7400b47bc-le64.cache-3
7f72ed9ae000-7f72ed9b2000 r-xs 00000000 08:22 2626406                    /var/cache/fontconfig/6d41288fd70b0be22e8c3a91e032eec0-le64.cache-3
7f72ed9b2000-7f72ed9c2000 r-xs 00000000 08:22 2621593                    /var/cache/fontconfig/0f34bcd4b6ee430af32735b75db7f02b-le64.cache-3
7f72ed9c2000-7f72ed9c5000 r-xs 00000000 08:22 2621592                    /var/cache/fontconfig/d60319d88cac85ba9e1a07bd06cfbb8c-le64.cache-3
7f72ed9c5000-7f72ed9c6000 r-xs 00000000 08:22 2622676                    /var/cache/fontconfig/4794a0821666d79190d59a36cb4f44b5-le64.cache-3
7f72ed9c6000-7f72ed9f4000 r-xs 00000000 08:22 2621591                    /var/cache/fontconfig/365b55f210c0a22e9a19e35191240f32-le64.cache-3
7f72ed9f4000-7f72ed9fe000 r-xs 00000000 08:22 2621590                    /var/cache/fontconfig/d52a8644073d54c13679302ca1180695-le64.cache-3
7f72ed9fe000-7f72eda04000 r-xs 00000000 08:22 2626487                    /var/cache/fontconfig/105b9c7e6f0a4f82d8c9b6e39c52c6f9-le64.cache-3
7f72eda72000-7f72edab2000 rwxs cff7e000 00:05 6100                       /dev/nvidia1
7f72edab2000-7f72edacd000 rwxs 140e00000 00:05 6100                      /dev/nvidia1
7f72edacd000-7f72edad0000 ---p 00000000 00:00 0 
7f72edad0000-7f72edbce000 rwxp 00000000 00:00 0 
7f72edbce000-7f72edbd1000 ---p 00000000 00:00 0 
7f72edbd1000-7f72edccf000 rwxp 00000000 00:00 0 
7f72edccf000-7f72edcd4000 r-xp 00000000 08:22 1180715                    /usr/lib/x86_64-linux-gnu/libXfixes.so.3.1.0
7f72edcd4000-7f72eded3000 ---p 00005000 08:22 1180715                    /usr/lib/x86_64-linux-gnu/libXfixes.so.3.1.0
7f72eded3000-7f72eded4000 r-xp 00004000 08:22 1180715                    /usr/lib/x86_64-linux-gnu/libXfixes.so.3.1.0
7f72eded4000-7f72eded5000 rwxp 00005000 08:22 1180715                    /usr/lib/x86_64-linux-gnu/libXfixes.so.3.1.0
7f72eded5000-7f72edede000 r-xp 00000000 08:22 1180172                    /usr/lib/x86_64-linux-gnu/libXrender.so.1.3.0
7f72edede000-7f72ee0de000 ---p 00009000 08:22 1180172                    /usr/lib/x86_64-linux-gnu/libXrender.so.1.3.0
7f72ee0de000-7f72ee0df000 r-xp 00009000 08:22 1180172                    /usr/lib/x86_64-linux-gnu/libXrender.so.1.3.0
7f72ee0df000-7f72ee0e0000 rwxp 0000a000 08:22 1180172                    /usr/lib/x86_64-linux-gnu/libXrender.so.1.3.0
7f72ee0e0000-7f72ee0e9000 r-xp 00000000 08:22 1188068                    /usr/lib/x86_64-linux-gnu/libXcursor.so.1.0.2
7f72ee0e9000-7f72ee2e8000 ---p 00009000 08:22 1188068                    /usr/lib/x86_64-linux-gnu/libXcursor.so.1.0.2
7f72ee2e8000-7f72ee2e9000 r-xp 00008000 08:22 1188068                    /usr/lib/x86_64-linux-gnu/libXcursor.so.1.0.2
7f72ee2e9000-7f72ee2ea000 rwxp 00009000 08:22 1188068                    /usr/lib/x86_64-linux-gnu/libXcursor.so.1.0.2
7f72ee2ee000-7f72ee2f0000 rwxs 00000000 08:22 1993135                    /tmp/glU9hFYQ (deleted)
7f72ee2f0000-7f72ee2f4000 rwxs 6569f000 00:05 6100                       /dev/nvidia1
7f72ee2f4000-7f72ee2f5000 rwxs cffbe000 00:05 6100                       /dev/nvidia1
7f72ee2f5000-7f72ee2f6000 rwxs 6569e000 00:05 6100                       /dev/nvidia1
7f72ee2f6000-7f72ee2f7000 rwxs 6569d000 00:05 6100                       /dev/nvidia1
7f72ee2f7000-7f72ee2f8000 rwxs 1b341000 00:05 6100                       /dev/nvidia1
7f72ee2f8000-7f72ee2f9000 rwxs b2001000 00:05 6100                       /dev/nvidia1
7f72ee2f9000-7f72ee2fb000 r-xs 00005000 08:24 816243                     /home/bguaman/workspace/MT4jTUIO4jInputSources/tuio4jInput.jar
7f72ee2fb000-7f72ee2fd000 r-xs 0000b000 08:24 692063                     /home/bguaman/workspace/PLAYmt4j/MT4JClient/mt4j-desktop/lib/tuio/tuio4j.jar
7f72ee2fd000-7f72ee309000 r-xs 0010f000 08:24 692263                     /home/bguaman/workspace/PLAYmt4j/MT4JClient/mt4j-desktop/lib/jogl/jogl.jar
7f72ee309000-7f72ee30a000 r-xs 00005000 08:24 692258                     /home/bguaman/workspace/PLAYmt4j/MT4JClient/mt4j-desktop/lib/jogl/opengl.jar
7f72ee30a000-7f72ee30c000 r-xs 0005b000 08:24 692276                     /home/bguaman/workspace/PLAYmt4j/MT4JClient/mt4j-desktop/lib/core.jar
7f72ee30c000-7f72ee30e000 r-xs 0000a000 08:24 692277                     /home/bguaman/workspace/PLAYmt4j/MT4JClient/mt4j-desktop/lib/muito_blobtracking.jar
7f72ee30e000-7f72ee310000 r-xs 00004000 08:24 692253                     /home/bguaman/workspace/PLAYmt4j/MT4JClient/mt4j-desktop/lib/jogl/gluegen-rt.jar
7f72ee310000-7f72ee315000 r-xs 00010000 08:24 684921                     /home/bguaman/workspace/PLAYmt4j/MT4JClient/mt4j-core/lib/xml-apis-ext.jar
7f72ee315000-7f72ee318000 ---p 00000000 00:00 0 
7f72ee318000-7f72ee416000 rwxp 00000000 00:00 0 
7f72ee416000-7f72ee48f000 r-xp 00000000 08:22 1189423                    /usr/lib/jvm/java-6-sun-1.6.0.26/jre/lib/amd64/libfontmanager.so
7f72ee48f000-7f72ee58e000 ---p 00079000 08:22 1189423                    /usr/lib/jvm/java-6-sun-1.6.0.26/jre/lib/amd64/libfontmanager.so
7f72ee58e000-7f72ee5a3000 rwxp 00078000 08:22 1189423                    /usr/lib/jvm/java-6-sun-1.6.0.26/jre/lib/amd64/libfontmanager.so
7f72ee5a3000-7f72ee5b4000 rwxp 00000000 00:00 0 
7f72ee5b4000-7f72ee5b9000 r-xp 00000000 08:22 1187279                    /usr/lib/x86_64-linux-gnu/libXdmcp.so.6.0.0
7f72ee5b9000-7f72ee7b8000 ---p 00005000 08:22 1187279                    /usr/lib/x86_64-linux-gnu/libXdmcp.so.6.0.0
7f72ee7b8000-7f72ee7b9000 r-xp 00004000 08:22 1187279                    /usr/lib/x86_64-linux-gnu/libXdmcp.so.6.0.0
7f72ee7b9000-7f72ee7ba000 rwxp 00005000 08:22 1187279                    /usr/lib/x86_64-linux-gnu/libXdmcp.so.6.0.0
7f72ee7ba000-7f72ee7bc000 r-xp 00000000 08:22 1187247                    /usr/lib/x86_64-linux-gnu/libXau.so.6.0.0
7f72ee7bc000-7f72ee9bb000 ---p 00002000 08:22 1187247                    /usr/lib/x86_64-linux-gnu/libXau.so.6.0.0
7f72ee9bb000-7f72ee9bc000 r-xp 00001000 08:22 1187247                    /usr/lib/x86_64-linux-gnu/libXau.so.6.0.0
7f72ee9bc000-7f72ee9bd000 rwxp 00002000 08:22 1187247                    /usr/lib/x86_64-linux-gnu/libXau.so.6.0.0
7f72ee9bd000-7f72ee9d8000 r-xp 00000000 08:22 1187284                    /usr/lib/x86_64-linux-gnu/libxcb.so.1.1.0
7f72ee9d8000-7f72eebd7000 ---p 0001b000 08:22 1187284                    /usr/lib/x86_64-linux-gnu/libxcb.so.1.1.0
7f72eebd7000-7f72eebd8000 r-xp 0001a000 08:22 1187284                    /usr/lib/x86_64-linux-gnu/libxcb.so.1.1.0
7f72eebd8000-7f72eebd9000 rwxp 0001b000 08:22 1187284                    /usr/lib/x86_64-linux-gnu/libxcb.so.1.1.0
7f72eebd9000-7f72eebe8000 r-xp 00000000 08:22 1188155                    /usr/lib/x86_64-linux-gnu/libXi.so.6.1.0
7f72eebe8000-7f72eede7000 ---p 0000f000 08:22 1188155                    /usr/lib/x86_64-linux-gnu/libXi.so.6.1.0
7f72eede7000-7f72eede8000 r-xp 0000e000 08:22 1188155                    /usr/lib/x86_64-linux-gnu/libXi.so.6.1.0
7f72eede8000-7f72eede9000 rwxp 0000f000 08:22 1188155                    /usr/lib/x86_64-linux-gnu/libXi.so.6.1.0
7f72eede9000-7f72eedee000 r-xp 00000000 08:22 1182462                    /usr/lib/libXtst.so.6.1.0
7f72eedee000-7f72eefed000 ---p 00005000 08:22 1182462                    /usr/lib/libXtst.so.6.1.0
7f72eefed000-7f72eefee000 r-xp 00004000 08:22 1182462                    /usr/lib/libXtst.so.6.1.0
7f72eefee000-7f72eefef000 rwxp 00005000 08:22 1182462                    /usr/lib/libXtst.so.6.1.0
7f72eefef000-7f72ef124000 r-xp 00000000 08:22 1188489                    /usr/lib/x86_64-linux-gnu/libX11.so.6.3.0
7f72ef124000-7f72ef324000 ---p 00135000 08:22 1188489                    /usr/lib/x86_64-linux-gnu/libX11.so.6.3.0
7f72ef324000-7f72ef325000 r-xp 00135000 08:22 1188489                    /usr/lib/x86_64-linux-gnu/libX11.so.6.3.0
7f72ef325000-7f72ef329000 rwxp 00136000 08:22 1188489                    /usr/lib/x86_64-linux-gnu/libX11.so.6.3.0
7f72ef329000-7f72ef33a000 r-xp 00000000 08:22 1183304                    /usr/lib/x86_64-linux-gnu/libXext.so.6.4.0
7f72ef33a000-7f72ef539000 ---p 00011000 08:22 1183304                    /usr/lib/x86_64-linux-gnu/libXext.so.6.4.0
7f72ef539000-7f72ef53a000 r-xp 00010000 08:22 1183304                    /usr/lib/x86_64-linux-gnu/libXext.so.6.4.0
7f72ef53a000-7f72ef53b000 rwxp 00011000 08:22 1183304                    /usr/lib/x86_64-linux-gnu/libXext.so.6.4.0
7f72ef53b000-7f72ef54e000 r-xs 00000000 08:22 2621573                    /var/cache/fontconfig/e13b20fdb08344e0e664864cc2ede53d-le64.cache-3
7f72ef54e000-7f72ef552000 r-xs 00000000 08:22 2626485                    /var/cache/fontconfig/7ef2298fde41cc6eeb7af42e48b7d293-le64.cache-3
7f72ef552000-7f72ef566000 r-xs 00000000 08:22 2621609                    /var/cache/fontconfig/865f88548240fee46819705c6468c165-le64.cache-3
7f72ef566000-7f72ef5a8000 r-xp 00000000 08:22 1189412                    /usr/lib/jvm/java-6-sun-1.6.0.26/jre/lib/amd64/xawt/libmawt.so
7f72ef5a8000-7f72ef6a7000 ---p 00042000 08:22 1189412                    /usr/lib/jvm/java-6-sun-1.6.0.26/jre/lib/amd64/xawt/libmawt.so
7f72ef6a7000-7f72ef6b3000 rwxp 00041000 08:22 1189412                    /usr/lib/jvm/java-6-sun-1.6.0.26/jre/lib/amd64/xawt/libmawt.so
7f72ef6b3000-7f72ef6b4000 rwxp 00000000 00:00 0 
7f72ef6b4000-7f72ef746000 r-xp 00000000 08:22 1189435                    /usr/lib/jvm/java-6-sun-1.6.0.26/jre/lib/amd64/libawt.so
7f72ef746000-7f72ef845000 ---p 00092000 08:22 1189435                    /usr/lib/jvm/java-6-sun-1.6.0.26/jre/lib/amd64/libawt.so
7f72ef845000-7f72ef85f000 rwxp 00091000 08:22 1189435                    /usr/lib/jvm/java-6-sun-1.6.0.26/jre/lib/amd64/libawt.so
7f72ef85f000-7f72ef883000 rwxp 00000000 00:00 0 
7f72ef883000-7f72ef8a4000 r-xs 00261000 08:24 684919                     /home/bguaman/workspace/PLAYmt4j/MT4JClient/mt4j-core/lib/mt4j-core.jar
7f72ef8a4000-7f72ef8ac000 r-xs 00045000 08:24 684925                     /home/bguaman/workspace/PLAYmt4j/MT4JClient/mt4j-core/lib/batik-css.jar
7f72ef8ac000-7f72ef8ad000 r-xs 00006000 08:24 684920                     /home/bguaman/workspace/PLAYmt4j/MT4JClient/mt4j-core/lib/ani.jar
7f72ef8ad000-7f72ef8ae000 r-xs 00002000 08:24 695877                     /home/bguaman/workspace/PLAYmt4j/MT4JClient/mt4j-desktop/examples/advanced/water/lib/waterScene.jar
7f72ef8ae000-7f72ef8b2000 r-xs 00091000 08:24 694960                     /home/bguaman/workspace/PLAYmt4j/MT4JClient/mt4j-desktop/examples/advanced/physics/lib/jbox2d.jar
7f72ef8b2000-7f72ef8b4000 r-xs 0000c000 08:24 696150                     /home/bguaman/workspace/PLAYmt4j/MT4JClient/mt4j-desktop/examples/advanced/modestMapsMT/lib/modestMaps.jar
7f72ef8b4000-7f72ef8b5000 r-xs 00001000 08:24 695903                     /home/bguaman/workspace/PLAYmt4j/MT4JClient/mt4j-desktop/examples/advanced/fluidSimulator/lib/MSAFluid.jar
7f72ef8b5000-7f72ef8b9000 r-xs 0005e000 08:24 696093                     /home/bguaman/workspace/PLAYmt4j/MT4JClient/mt4j-desktop/examples/advanced/flickrMT/lib/flickrj.jar
7f72ef8b9000-7f72ef8bb000 r-xs 0003c000 08:24 688488                     /home/bguaman/workspace/PLAYmt4j/MT4JClient/mt4j-desktop/extensions/lib/jbullet/vecmath.jar
7f72ef8bb000-7f72ef8bc000 r-xs 0000b000 08:24 688489                     /home/bguaman/workspace/PLAYmt4j/MT4JClient/mt4j-desktop/extensions/lib/jbullet/stack-alloc.jar
7f72ef8bc000-7f72ef8c5000 r-xs 0006c000 08:24 688490                     /home/bguaman/workspace/PLAYmt4j/MT4JClient/mt4j-desktop/extensions/lib/jbullet/jbullet.jar
7f72ef8c5000-7f72ef8c7000 r-xs 00008000 08:24 692099                     /home/bguaman/workspace/PLAYmt4j/MT4JClient/mt4j-desktop/lib/whirlylib/whirlycache-1.0.1.jar
7f72ef8c7000-7f72ef8cf000 r-xs 0004f000 08:24 692104                     /home/bguaman/workspace/PLAYmt4j/MT4JClient/mt4j-desktop/lib/whirlylib/log4j-1.2.8.jar
7f72ef8cf000-7f72ef8d7000 r-xs 00028000 08:24 692211                     /home/bguaman/workspace/PLAYmt4j/MT4JClient/mt4j-desktop/lib/batik/xml-apis.jar
7f72ef8d7000-7f72ef8e2000 r-xs 000ad000 08:24 692204                     /home/bguaman/workspace/PLAYmt4j/MT4JClient/mt4j-desktop/lib/batik/pdf-transcoder.jar
7f72ef8e2000-7f72ef8ea000 r-xs 00074000 08:24 692206                     /home/bguaman/workspace/PLAYmt4j/MT4JClient/mt4j-desktop/lib/batik/js.jar
7f72ef8ea000-7f72ef8f7000 r-xs 00087000 08:24 692200                     /home/bguaman/workspace/PLAYmt4j/MT4JClient/mt4j-desktop/lib/batik/batik-svg-dom.jar
7f72ef8f7000-7f72ef8fe000 r-xs 0005c000 08:24 692213                     /home/bguaman/workspace/PLAYmt4j/MT4JClient/mt4j-desktop/lib/batik/batik-awt-util.jar
7f72ef8fe000-7f72ef901000 r-xs 00015000 08:24 692188                     /home/bguaman/workspace/PLAYmt4j/MT4JClient/mt4j-desktop/lib/batik/batik-anim.jar
7f72ef901000-7f72ef903000 r-xs 00006000 08:24 692275                     /home/bguaman/workspace/PLAYmt4j/MT4JClient/mt4j-desktop/lib/mri.jar
7f72ef903000-7f72ef909000 r-xs 00034000 08:24 692278                     /home/bguaman/workspace/PLAYmt4j/MT4JClient/mt4j-desktop/lib/junit-4.8.2.jar
7f72ef909000-7f72ef90a000 r-xs 00002000 08:24 692273                     /home/bguaman/workspace/PLAYmt4j/MT4JClient/mt4j-desktop/lib/GlulogicMT.jar
7f72ef90a000-7f72ef90b000 ---p 00000000 00:00 0 
7f72ef90b000-7f72efa0b000 rwxp 00000000 00:00 0 
7f72efa0b000-7f72efa0e000 ---p 00000000 00:00 0 
7f72efa0e000-7f72efb0c000 rwxp 00000000 00:00 0 
7f72efb0c000-7f72efb0f000 ---p 00000000 00:00 0 
7f72efb0f000-7f72efc0d000 rwxp 00000000 00:00 0 
7f72efc0d000-7f72efc10000 ---p 00000000 00:00 0 
7f72efc10000-7f72efd0e000 rwxp 00000000 00:00 0 
7f72efd0e000-7f72efd11000 ---p 00000000 00:00 0 
7f72efd11000-7f72efe0f000 rwxp 00000000 00:00 0 
7f72efe0f000-7f72f00b4000 r-xp 00000000 08:22 1179791                    /usr/lib/locale/locale-archive
7f72f00b4000-7f72f00b7000 ---p 00000000 00:00 0 
7f72f00b7000-7f72f01b5000 rwxp 00000000 00:00 0 
7f72f01b5000-7f72f01b8000 ---p 00000000 00:00 0 
7f72f01b8000-7f72f02b6000 rwxp 00000000 00:00 0 
7f72f02b6000-7f72f02b7000 ---p 00000000 00:00 0 
7f72f02b7000-7f72f08f0000 rwxp 00000000 00:00 0 
7f72f08f0000-7f72f0a88000 r-xs 03029000 08:22 1202981                    /usr/lib/jvm/java-6-sun-1.6.0.26/jre/lib/rt.jar
7f72f0a88000-7f72f0ab0000 rwxp 00000000 00:00 0 
7f72f0ab0000-7f72f0ab1000 ---p 00000000 00:00 0 
7f72f0ab1000-7f72f0bb1000 rwxp 00000000 00:00 0 
7f72f0bb1000-7f72f0bb2000 ---p 00000000 00:00 0 
7f72f0bb2000-7f72f0cb2000 rwxp 00000000 00:00 0 
7f72f0cb2000-7f72f0cb3000 ---p 00000000 00:00 0 
7f72f0cb3000-7f72f0db3000 rwxp 00000000 00:00 0 
7f72f0db3000-7f72f0db4000 ---p 00000000 00:00 0 
7f72f0db4000-7f72f0ebf000 rwxp 00000000 00:00 0 
7f72f0ebf000-7f72f0edd000 rwxp 00000000 00:00 0 
7f72f0edd000-7f72f0ef2000 rwxp 00000000 00:00 0 
7f72f0ef2000-7f72f1028000 rwxp 00000000 00:00 0 
7f72f1028000-7f72f1033000 rwxp 00000000 00:00 0 
7f72f1033000-7f72f1051000 rwxp 00000000 00:00 0 
7f72f1051000-7f72f1066000 rwxp 00000000 00:00 0 
7f72f1066000-7f72f119b000 rwxp 00000000 00:00 0 
7f72f119b000-7f72f11a6000 rwxp 00000000 00:00 0 
7f72f11a6000-7f72f1241000 rwxp 00000000 00:00 0 
7f72f1241000-7f72f14b2000 rwxp 00000000 00:00 0 
7f72f14b2000-7f72f4242000 rwxp 00000000 00:00 0 
7f72f4242000-7f72f4250000 r-xp 00000000 08:22 1189430                    /usr/lib/jvm/java-6-sun-1.6.0.26/jre/lib/amd64/libzip.so
7f72f4250000-7f72f4352000 ---p 0000e000 08:22 1189430                    /usr/lib/jvm/java-6-sun-1.6.0.26/jre/lib/amd64/libzip.so
7f72f4352000-7f72f4355000 rwxp 00010000 08:22 1189430                    /usr/lib/jvm/java-6-sun-1.6.0.26/jre/lib/amd64/libzip.so
7f72f4355000-7f72f4356000 rwxp 00000000 00:00 0 
7f72f4356000-7f72f4362000 r-xp 00000000 08:22 1837256                    /lib/x86_64-linux-gnu/libnss_files-2.13.so
7f72f4362000-7f72f4561000 ---p 0000c000 08:22 1837256                    /lib/x86_64-linux-gnu/libnss_files-2.13.so
7f72f4561000-7f72f4562000 r-xp 0000b000 08:22 1837256                    /lib/x86_64-linux-gnu/libnss_files-2.13.so
7f72f4562000-7f72f4563000 rwxp 0000c000 08:22 1837256                    /lib/x86_64-linux-gnu/libnss_files-2.13.so
7f72f4563000-7f72f456e000 r-xp 00000000 08:22 1837260                    /lib/x86_64-linux-gnu/libnss_nis-2.13.so
7f72f456e000-7f72f476d000 ---p 0000b000 08:22 1837260                    /lib/x86_64-linux-gnu/libnss_nis-2.13.so
7f72f476d000-7f72f476e000 r-xp 0000a000 08:22 1837260                    /lib/x86_64-linux-gnu/libnss_nis-2.13.so
7f72f476e000-7f72f476f000 rwxp 0000b000 08:22 1837260                    /lib/x86_64-linux-gnu/libnss_nis-2.13.so
7f72f476f000-7f72f4777000 r-xp 00000000 08:22 1837252                    /lib/x86_64-linux-gnu/libnss_compat-2.13.so
7f72f4777000-7f72f4976000 ---p 00008000 08:22 1837252                    /lib/x86_64-linux-gnu/libnss_compat-2.13.so
7f72f4976000-7f72f4977000 r-xp 00007000 08:22 1837252                    /lib/x86_64-linux-gnu/libnss_compat-2.13.so
7f72f4977000-7f72f4978000 rwxp 00008000 08:22 1837252                    /lib/x86_64-linux-gnu/libnss_compat-2.13.so
7f72f4978000-7f72f498f000 r-xp 00000000 08:22 1837250                    /lib/x86_64-linux-gnu/libnsl-2.13.so
7f72f498f000-7f72f4b8e000 ---p 00017000 08:22 1837250                    /lib/x86_64-linux-gnu/libnsl-2.13.so
7f72f4b8e000-7f72f4b8f000 r-xp 00016000 08:22 1837250                    /lib/x86_64-linux-gnu/libnsl-2.13.so
7f72f4b8f000-7f72f4b90000 rwxp 00017000 08:22 1837250                    /lib/x86_64-linux-gnu/libnsl-2.13.so
7f72f4b90000-7f72f4b92000 rwxp 00000000 00:00 0 
7f72f4b92000-7f72f4bbb000 r-xp 00000000 08:22 1189429                    /usr/lib/jvm/java-6-sun-1.6.0.26/jre/lib/amd64/libjava.so
7f72f4bbb000-7f72f4cba000 ---p 00029000 08:22 1189429                    /usr/lib/jvm/java-6-sun-1.6.0.26/jre/lib/amd64/libjava.so
7f72f4cba000-7f72f4cc1000 rwxp 00028000 08:22 1189429                    /usr/lib/jvm/java-6-sun-1.6.0.26/jre/lib/amd64/libjava.so
7f72f4cc1000-7f72f4cce000 r-xp 00000000 08:22 1189406                    /usr/lib/jvm/java-6-sun-1.6.0.26/jre/lib/amd64/libverify.so
7f72f4cce000-7f72f4dcd000 ---p 0000d000 08:22 1189406                    /usr/lib/jvm/java-6-sun-1.6.0.26/jre/lib/amd64/libverify.so
7f72f4dcd000-7f72f4dd0000 rwxp 0000c000 08:22 1189406                    /usr/lib/jvm/java-6-sun-1.6.0.26/jre/lib/amd64/libverify.so
7f72f4dd0000-7f72f4dd7000 r-xp 00000000 08:22 1837270                    /lib/x86_64-linux-gnu/librt-2.13.so
7f72f4dd7000-7f72f4fd6000 ---p 00007000 08:22 1837270                    /lib/x86_64-linux-gnu/librt-2.13.so
7f72f4fd6000-7f72f4fd7000 r-xp 00006000 08:22 1837270                    /lib/x86_64-linux-gnu/librt-2.13.so
7f72f4fd7000-7f72f4fd8000 rwxp 00007000 08:22 1837270                    /lib/x86_64-linux-gnu/librt-2.13.so
7f72f4fd8000-7f72f4fdb000 ---p 00000000 00:00 0 
7f72f4fdb000-7f72f50d9000 rwxp 00000000 00:00 0 
7f72f50d9000-7f72f515d000 r-xp 00000000 08:22 1837246                    /lib/x86_64-linux-gnu/libm-2.13.so
7f72f515d000-7f72f535c000 ---p 00084000 08:22 1837246                    /lib/x86_64-linux-gnu/libm-2.13.so
7f72f535c000-7f72f535d000 r-xp 00083000 08:22 1837246                    /lib/x86_64-linux-gnu/libm-2.13.so
7f72f535d000-7f72f535e000 rwxp 00084000 08:22 1837246                    /lib/x86_64-linux-gnu/libm-2.13.so
7f72f535e000-7f72f5c78000 r-xp 00000000 08:22 1189432                    /usr/lib/jvm/java-6-sun-1.6.0.26/jre/lib/amd64/server/libjvm.so
7f72f5c78000-7f72f5d7a000 ---p 0091a000 08:22 1189432                    /usr/lib/jvm/java-6-sun-1.6.0.26/jre/lib/amd64/server/libjvm.so
7f72f5d7a000-7f72f5f2f000 rwxp 0091c000 08:22 1189432                    /usr/lib/jvm/java-6-sun-1.6.0.26/jre/lib/amd64/server/libjvm.so
7f72f5f2f000-7f72f5f69000 rwxp 00000000 00:00 0 
7f72f5f69000-7f72f60f3000 r-xp 00000000 08:22 1837230                    /lib/x86_64-linux-gnu/libc-2.13.so
7f72f60f3000-7f72f62f2000 ---p 0018a000 08:22 1837230                    /lib/x86_64-linux-gnu/libc-2.13.so
7f72f62f2000-7f72f62f6000 r-xp 00189000 08:22 1837230                    /lib/x86_64-linux-gnu/libc-2.13.so
7f72f62f6000-7f72f62f7000 rwxp 0018d000 08:22 1837230                    /lib/x86_64-linux-gnu/libc-2.13.so
7f72f62f7000-7f72f62fd000 rwxp 00000000 00:00 0 
7f72f62fd000-7f72f62ff000 r-xp 00000000 08:22 1837244                    /lib/x86_64-linux-gnu/libdl-2.13.so
7f72f62ff000-7f72f64ff000 ---p 00002000 08:22 1837244                    /lib/x86_64-linux-gnu/libdl-2.13.so
7f72f64ff000-7f72f6500000 r-xp 00002000 08:22 1837244                    /lib/x86_64-linux-gnu/libdl-2.13.so
7f72f6500000-7f72f6501000 rwxp 00003000 08:22 1837244                    /lib/x86_64-linux-gnu/libdl-2.13.so
7f72f6501000-7f72f6519000 r-xp 00000000 08:22 1837266                    /lib/x86_64-linux-gnu/libpthread-2.13.so
7f72f6519000-7f72f6719000 ---p 00018000 08:22 1837266                    /lib/x86_64-linux-gnu/libpthread-2.13.so
7f72f6719000-7f72f671a000 r-xp 00018000 08:22 1837266                    /lib/x86_64-linux-gnu/libpthread-2.13.so
7f72f671a000-7f72f671b000 rwxp 00019000 08:22 1837266                    /lib/x86_64-linux-gnu/libpthread-2.13.so
7f72f671b000-7f72f671f000 rwxp 00000000 00:00 0 
7f72f671f000-7f72f6740000 r-xp 00000000 08:22 1835033                    /lib/x86_64-linux-gnu/ld-2.13.so
7f72f6740000-7f72f6741000 r-xs 00007000 08:24 692193                     /home/bguaman/workspace/PLAYmt4j/MT4JClient/mt4j-desktop/lib/batik/batik-xml.jar
7f72f6741000-7f72f6744000 r-xs 0001d000 08:24 692201                     /home/bguaman/workspace/PLAYmt4j/MT4JClient/mt4j-desktop/lib/batik/batik-util.jar
7f72f6744000-7f72f674e000 rwxp 00000000 00:00 0 
7f72f674e000-7f72f6804000 rwxp 00000000 00:00 0 
7f72f6804000-7f72f6807000 rwxp 00000000 00:00 0 
7f72f6807000-7f72f680e000 r-xp 00000000 08:22 1189402                    /usr/lib/jvm/java-6-sun-1.6.0.26/jre/lib/amd64/jli/libjli.so
7f72f680e000-7f72f690f000 ---p 00007000 08:22 1189402                    /usr/lib/jvm/java-6-sun-1.6.0.26/jre/lib/amd64/jli/libjli.so
7f72f690f000-7f72f6911000 rwxp 00008000 08:22 1189402                    /usr/lib/jvm/java-6-sun-1.6.0.26/jre/lib/amd64/jli/libjli.so
7f72f6911000-7f72f6912000 rwxp 00000000 00:00 0 
7f72f6912000-7f72f6914000 r-xs 0001c000 08:24 692195                     /home/bguaman/workspace/PLAYmt4j/MT4JClient/mt4j-desktop/lib/batik/batik-transcoder.jar
7f72f6914000-7f72f6919000 r-xs 00030000 08:24 692190                     /home/bguaman/workspace/PLAYmt4j/MT4JClient/mt4j-desktop/lib/batik/batik-svggen.jar
7f72f6919000-7f72f691c000 r-xs 0000d000 08:24 692196                     /home/bguaman/workspace/PLAYmt4j/MT4JClient/mt4j-desktop/lib/batik/batik-script.jar
7f72f691c000-7f72f691e000 r-xs 00010000 08:24 692191                     /home/bguaman/workspace/PLAYmt4j/MT4JClient/mt4j-desktop/lib/batik/batik-parser.jar
7f72f691e000-7f72f6922000 r-xs 00038000 08:24 692210                     /home/bguaman/workspace/PLAYmt4j/MT4JClient/mt4j-desktop/lib/batik/batik-gvt.jar
7f72f6922000-7f72f6924000 r-xs 0000f000 08:24 692199                     /home/bguaman/workspace/PLAYmt4j/MT4JClient/mt4j-desktop/lib/batik/batik-extension.jar
7f72f6924000-7f72f6925000 r-xs 00002000 08:24 692209                     /home/bguaman/workspace/PLAYmt4j/MT4JClient/mt4j-desktop/lib/batik/batik-ext.jar
7f72f6925000-7f72f6929000 r-xs 00027000 08:24 692184                     /home/bguaman/workspace/PLAYmt4j/MT4JClient/mt4j-desktop/lib/batik/batik-dom.jar
7f72f6929000-7f72f6933000 r-xs 00080000 08:24 692192                     /home/bguaman/workspace/PLAYmt4j/MT4JClient/mt4j-desktop/lib/batik/batik-bridge.jar
7f72f6933000-7f72f693b000 rwxs 00000000 08:22 1993131                    /tmp/hsperfdata_bguaman/5209
7f72f693b000-7f72f693c000 rwxp 00000000 00:00 0 
7f72f693c000-7f72f693d000 r-xp 00000000 00:00 0 
7f72f693d000-7f72f693f000 rwxp 00000000 00:00 0 
7f72f693f000-7f72f6940000 r-xp 00020000 08:22 1835033                    /lib/x86_64-linux-gnu/ld-2.13.so
7f72f6940000-7f72f6942000 rwxp 00021000 08:22 1835033                    /lib/x86_64-linux-gnu/ld-2.13.so
7fffa562c000-7fffa564e000 rwxp 00000000 00:00 0                          [stack]
7fffa56f2000-7fffa56f3000 r-xp 00000000 00:00 0                          [vdso]
ffffffffff600000-ffffffffff601000 r-xp 00000000 00:00 0                  [vsyscall]

VM Arguments:
jvm_args: -Djava.library.path=/home/bguaman/workspace/PLAYmt4j/MT4JClient/mt4j-desktop -Dfile.encoding=UTF-8 
java_command: advanced.drawing.StartDrawExample
Launcher Type: SUN_STANDARD

Environment Variables:
PATH=/usr/local/sbin:/usr/local/bin:/usr/sbin:/usr/bin:/sbin:/bin:/usr/games
USERNAME=bguaman
LD_LIBRARY_PATH=/usr/lib/jvm/java-6-sun-1.6.0.26/jre/lib/amd64/server:/usr/lib/jvm/java-6-sun-1.6.0.26/jre/lib/amd64:/usr/lib/jvm/java-6-sun-1.6.0.26/jre/../lib/amd64:/usr/lib/xulrunner-1.9.2.17
SHELL=/bin/bash
DISPLAY=:0.0

Signal Handlers:
SIGSEGV: [libjvm.so+0x85f800], sa_mask[0]=0x7ffbfeff, sa_flags=0x10000004
SIGBUS: [libjvm.so+0x85f800], sa_mask[0]=0x7ffbfeff, sa_flags=0x10000004
SIGFPE: [libjvm.so+0x70e300], sa_mask[0]=0x7ffbfeff, sa_flags=0x10000004
SIGPIPE: [libjvm.so+0x70e300], sa_mask[0]=0x7ffbfeff, sa_flags=0x10000004
SIGXFSZ: [libjvm.so+0x70e300], sa_mask[0]=0x7ffbfeff, sa_flags=0x10000004
SIGILL: [libjvm.so+0x70e300], sa_mask[0]=0x7ffbfeff, sa_flags=0x10000004
SIGUSR1: SIG_DFL, sa_mask[0]=0x00000000, sa_flags=0x00000000
SIGUSR2: [libjvm.so+0x711110], sa_mask[0]=0x00000004, sa_flags=0x10000004
SIGHUP: [libjvm.so+0x710d10], sa_mask[0]=0x7ffbfeff, sa_flags=0x10000004
SIGINT: [libjvm.so+0x710d10], sa_mask[0]=0x7ffbfeff, sa_flags=0x10000004
SIGTERM: [libjvm.so+0x710d10], sa_mask[0]=0x7ffbfeff, sa_flags=0x10000004
SIGQUIT: [libjvm.so+0x710d10], sa_mask[0]=0x7ffbfeff, sa_flags=0x10000004


---------------  S Y S T E M  ---------------

OS:squeeze/sid

uname:Linux 2.6.38-13-generic #54-Ubuntu SMP Tue Jan 3 13:38:12 UTC 2012 x86_64
libc:glibc 2.13 NPTL 2.13 
rlimit: STACK 8192k, CORE 0k, NPROC infinity, NOFILE 4096, AS infinity
load average:0.03 0.06 0.05

/proc/meminfo:
MemTotal:        4056284 kB
MemFree:           41796 kB
Buffers:          694108 kB
Cached:           678620 kB
SwapCached:            0 kB
Active:          1786296 kB
Inactive:        1116256 kB
Active(anon):    1204088 kB
Inactive(anon):   349056 kB
Active(file):     582208 kB
Inactive(file):   767200 kB
Unevictable:           0 kB
Mlocked:               0 kB
SwapTotal:       7815616 kB
SwapFree:        7815540 kB
Dirty:               700 kB
Writeback:             0 kB
AnonPages:       1530048 kB
Mapped:           191076 kB
Shmem:             23320 kB
Slab:             926164 kB
SReclaimable:     897120 kB
SUnreclaim:        29044 kB
KernelStack:        3592 kB
PageTables:        34960 kB
NFS_Unstable:          0 kB
Bounce:                0 kB
WritebackTmp:          0 kB
CommitLimit:     9843756 kB
Committed_AS:    3552972 kB
VmallocTotal:   34359738367 kB
VmallocUsed:      113588 kB
VmallocChunk:   34359615996 kB
HardwareCorrupted:     0 kB
HugePages_Total:       0
HugePages_Free:        0
HugePages_Rsvd:        0
HugePages_Surp:        0
Hugepagesize:       2048 kB
DirectMap4k:      250752 kB
DirectMap2M:     3942400 kB


CPU:total 4 (2 cores per cpu, 1 threads per core) family 15 model 65 stepping 3, cmov, cx8, fxsr, mmx, sse, sse2, sse3, mmxext, 3dnow, 3dnowext

/proc/cpuinfo:
processor	: 0
vendor_id	: AuthenticAMD
cpu family	: 15
model		: 65
model name	: Dual-Core AMD Opteron(tm) Processor 2218
stepping	: 3
cpu MHz		: 1000.000
cache size	: 1024 KB
physical id	: 0
siblings	: 2
core id		: 0
cpu cores	: 2
apicid		: 0
initial apicid	: 0
fpu		: yes
fpu_exception	: yes
cpuid level	: 1
wp		: yes
flags		: fpu vme de pse tsc msr pae mce cx8 apic sep mtrr pge mca cmov pat pse36 clflush mmx fxsr sse sse2 ht syscall nx mmxext fxsr_opt rdtscp lm 3dnowext 3dnow rep_good nopl extd_apicid pni cx16 lahf_lm cmp_legacy svm extapic cr8_legacy
bogomips	: 2000.01
TLB size	: 1024 4K pages
clflush size	: 64
cache_alignment	: 64
address sizes	: 40 bits physical, 48 bits virtual
power management: ts fid vid ttp tm stc

processor	: 1
vendor_id	: AuthenticAMD
cpu family	: 15
model		: 65
model name	: Dual-Core AMD Opteron(tm) Processor 2218
stepping	: 3
cpu MHz		: 1000.000
cache size	: 1024 KB
physical id	: 0
siblings	: 2
core id		: 1
cpu cores	: 2
apicid		: 1
initial apicid	: 1
fpu		: yes
fpu_exception	: yes
cpuid level	: 1
wp		: yes
flags		: fpu vme de pse tsc msr pae mce cx8 apic sep mtrr pge mca cmov pat pse36 clflush mmx fxsr sse sse2 ht syscall nx mmxext fxsr_opt rdtscp lm 3dnowext 3dnow rep_good nopl extd_apicid pni cx16 lahf_lm cmp_legacy svm extapic cr8_legacy
bogomips	: 2000.01
TLB size	: 1024 4K pages
clflush size	: 64
cache_alignment	: 64
address sizes	: 40 bits physical, 48 bits virtual
power management: ts fid vid ttp tm stc

processor	: 2
vendor_id	: AuthenticAMD
cpu family	: 15
model		: 65
model name	: Dual-Core AMD Opteron(tm) Processor 2218
stepping	: 3
cpu MHz		: 1000.000
cache size	: 1024 KB
physical id	: 1
siblings	: 2
core id		: 0
cpu cores	: 2
apicid		: 2
initial apicid	: 2
fpu		: yes
fpu_exception	: yes
cpuid level	: 1
wp		: yes
flags		: fpu vme de pse tsc msr pae mce cx8 apic sep mtrr pge mca cmov pat pse36 clflush mmx fxsr sse sse2 ht syscall nx mmxext fxsr_opt rdtscp lm 3dnowext 3dnow rep_good nopl extd_apicid pni cx16 lahf_lm cmp_legacy svm extapic cr8_legacy
bogomips	: 2000.01
TLB size	: 1024 4K pages
clflush size	: 64
cache_alignment	: 64
address sizes	: 40 bits physical, 48 bits virtual
power management: ts fid vid ttp tm stc

processor	: 3
vendor_id	: AuthenticAMD
cpu family	: 15
model		: 65
model name	: Dual-Core AMD Opteron(tm) Processor 2218
stepping	: 3
cpu MHz		: 1000.000
cache size	: 1024 KB
physical id	: 1
siblings	: 2
core id		: 1
cpu cores	: 2
apicid		: 3
initial apicid	: 3
fpu		: yes
fpu_exception	: yes
cpuid level	: 1
wp		: yes
flags		: fpu vme de pse tsc msr pae mce cx8 apic sep mtrr pge mca cmov pat pse36 clflush mmx fxsr sse sse2 ht syscall nx mmxext fxsr_opt rdtscp lm 3dnowext 3dnow rep_good nopl extd_apicid pni cx16 lahf_lm cmp_legacy svm extapic cr8_legacy
bogomips	: 2000.01
TLB size	: 1024 4K pages
clflush size	: 64
cache_alignment	: 64
address sizes	: 40 bits physical, 48 bits virtual
power management: ts fid vid ttp tm stc



Memory: 4k page, physical 4056284k(41796k free), swap 7815616k(7815540k free)

vm_info: Java HotSpot(TM) 64-Bit Server VM (20.1-b02) for linux-amd64 JRE (1.6.0_26-b03), built on May  4 2011 01:13:47 by "java_re" with gcc 3.2.2 (SuSE Linux)

time: Thu Jul 12 11:54:05 2012
elapsed time: 11 seconds

