#
# A fatal error has been detected by the Java Runtime Environment:
#
#  SIGSEGV (0xb) at pc=0x00007f57d8bbbb69, pid=7160, tid=140015202912000
#
# JRE version: 6.0_26-b03
# Java VM: Java HotSpot(TM) 64-Bit Server VM (20.1-b02 mixed mode linux-amd64 compressed oops)
# Problematic frame:
# C  [libGL.so.1+0x2e8b69]  __float128+0x9
#
# If you would like to submit a bug report, please visit:
#   http://java.sun.com/webapps/bugreport/crash.jsp
# The crash happened outside the Java Virtual Machine in native code.
# See problematic frame for where to report the bug.
#

---------------  T H R E A D  ---------------

Current thread (0x000000004194d000):  JavaThread "Timer-0" [_thread_in_native, id=7187, stack(0x00007f57d45ec000,0x00007f57d46ed000)]

siginfo:si_signo=SIGSEGV: si_errno=0, si_code=1 (SEGV_MAPERR), si_addr=0x0000000000000688

Registers:
RAX=0x0000000000000000, RBX=0x00000000bdc3c7e8, RCX=0x0000000000000438, RDX=0x0000000000000780
RSP=0x00007f57d46eb3f8, RBP=0x00007f57d46eb440, RSI=0x0000000000000000, RDI=0x0000000000000000
R8 =0x0000000000001908, R9 =0x0000000000001401, R10=0x00007f57d46eb170, R11=0x00007f57d8bbbb60
R12=0x0000000000000000, R13=0x00000000bdc3c7e8, R14=0x00007f57d46eb538, R15=0x000000004194d000
RIP=0x00007f57d8bbbb69, EFLAGS=0x0000000000010202, CSGSFS=0x0000000000000033, ERR=0x0000000000000004
  TRAPNO=0x000000000000000e

Top of Stack: (sp=0x00007f57d46eb3f8)
0x00007f57d46eb3f8:   00007f57d6911ae0 00007f57cf816000
0x00007f57d46eb408:   00007f57000000b7 0000078000000438
0x00007f57d46eb418:   0000000000000000 00007f57d46eb538
0x00007f57d46eb428:   000000004194d1d0 00007f57d46eb4d8
0x00007f57d46eb438:   00007f57cf816000 00007f57d46eb4d8
0x00007f57d46eb448:   00007f57e0a2ad6e 00007f5700001908
0x00007f57d46eb458:   00007f5700001401 00007f57d46eb500
0x00007f57d46eb468:   00007f5700000000 00007f57d46eb580
0x00007f57d46eb478:   00007f57d46eb4f8 00000000bce86ae0
0x00007f57d46eb488:   00007f57d46eb4c8 000000004194d000
0x00007f57d46eb498:   00007f57d46eb498 00000000bdc3c7e8
0x00007f57d46eb4a8:   00007f57d46eb538 00000000bdcb8300
0x00007f57d46eb4b8:   0000000000000000 00000000bdc3c7e8
0x00007f57d46eb4c8:   0000000000000000 00007f57d46eb4f8
0x00007f57d46eb4d8:   00007f57d46eb580 00007f57e0a1fa82
0x00007f57d46eb4e8:   0000000000000000 00007f57e0a27f58
0x00007f57d46eb4f8:   0000000000000000 00000000ebafa930
0x00007f57d46eb508:   0000000000001401 0000000000001908
0x00007f57d46eb518:   0000000000000438 0000000000000780
0x00007f57d46eb528:   0000000000000000 0000000000000000
0x00007f57d46eb538:   00000000ec5e32e8 00007f57d46eb540
0x00007f57d46eb548:   00000000bdc3c6ea 00007f57d46eb5d0
0x00007f57d46eb558:   00000000bdcb8300 0000000000000000
0x00007f57d46eb568:   00000000bdc3c718 00007f57d46eb4f8
0x00007f57d46eb578:   00007f57d46eb598 00007f57d46eb618
0x00007f57d46eb588:   00007f57e0a1ff5c 0000000000000001
0x00007f57d46eb598:   00000000ebafa930 0000000000001401
0x00007f57d46eb5a8:   0000000000001908 0000000000000438
0x00007f57d46eb5b8:   0000000000000780 0000000000000000
0x00007f57d46eb5c8:   0000000000000000 00000000ec5e32e8
0x00007f57d46eb5d8:   00007f57d46eb5d8 00000000bd966bbb
0x00007f57d46eb5e8:   00007f57d46eb650 00000000bd98d2b0 

Instructions: (pc=0x00007f57d8bbbb69)
0x00007f57d8bbbb49:   ff a0 80 06 00 00 cc cc cc cc cc cc cc cc cc cc
0x00007f57d8bbbb59:   cc cc cc cc cc cc cc 64 48 8b 04 25 60 ff ff ff
0x00007f57d8bbbb69:   ff a0 88 06 00 00 cc cc cc cc cc cc cc cc cc cc
0x00007f57d8bbbb79:   cc cc cc cc cc cc cc 64 48 8b 04 25 60 ff ff ff 

Register to memory mapping:

RAX=0x0000000000000000 is an unknown value
RBX=0x00000000bdc3c7e8 is an oop
{method} 
 - klass: {other class}
RCX=0x0000000000000438 is an unknown value
RDX=0x0000000000000780 is an unknown value
RSP=0x00007f57d46eb3f8 is pointing into the stack for thread: 0x000000004194d000
RBP=0x00007f57d46eb440 is pointing into the stack for thread: 0x000000004194d000
RSI=0x0000000000000000 is an unknown value
RDI=0x0000000000000000 is an unknown value
R8 =0x0000000000001908 is an unknown value
R9 =0x0000000000001401 is an unknown value
R10=0x00007f57d46eb170 is pointing into the stack for thread: 0x000000004194d000
R11=0x00007f57d8bbbb60: glReadPixels+0 in /usr/lib/nvidia-current/libGL.so.1 at 0x00007f57d88d3000
R12=0x0000000000000000 is an unknown value
R13=0x00000000bdc3c7e8 is an oop
{method} 
 - klass: {other class}
R14=0x00007f57d46eb538 is pointing into the stack for thread: 0x000000004194d000
R15=0x000000004194d000 is a thread


Stack: [0x00007f57d45ec000,0x00007f57d46ed000],  sp=0x00007f57d46eb3f8,  free space=1020k
Native frames: (J=compiled Java code, j=interpreted, Vv=VM code, C=native code)
C  [libGL.so.1+0x2e8b69]  __float128+0x9
j  com.sun.opengl.impl.GLImpl.glReadPixels0(IIIIIILjava/lang/Object;I)V+0
j  com.sun.opengl.impl.GLImpl.glReadPixels(IIIIIILjava/nio/Buffer;)V+50
j  processing.opengl.PGraphicsOpenGL.loadPixels()V+75
j  processing.core.PImage.save(Ljava/lang/String;)V+30
j  processing.core.PApplet.saveFrame()V+38
j  advanced.drawing.MainDrawingScene$8.run()V+7
j  java.util.TimerThread.mainLoop()V+221
j  java.util.TimerThread.run()V+1
v  ~StubRoutines::call_stub
V  [libjvm.so+0x4df5c0]  JavaCalls::call_helper(JavaValue*, methodHandle*, JavaCallArguments*, Thread*)+0x1e0
V  [libjvm.so+0x70f629]  os::os_exception_wrapper(void (*)(JavaValue*, methodHandle*, JavaCallArguments*, Thread*), JavaValue*, methodHandle*, JavaCallArguments*, Thread*)+0x19
V  [libjvm.so+0x4def06]  JavaCalls::call_virtual(JavaValue*, KlassHandle, symbolHandle, symbolHandle, JavaCallArguments*, Thread*)+0x126
V  [libjvm.so+0x4defb7]  JavaCalls::call_virtual(JavaValue*, Handle, KlassHandle, symbolHandle, symbolHandle, Thread*)+0x47
V  [libjvm.so+0x572ce0]  thread_entry(JavaThread*, Thread*)+0xa0
V  [libjvm.so+0x8190f1]  JavaThread::run()+0x121
V  [libjvm.so+0x710adf]  java_start(Thread*)+0x13f

Java frames: (J=compiled Java code, j=interpreted, Vv=VM code)
j  com.sun.opengl.impl.GLImpl.glReadPixels0(IIIIIILjava/lang/Object;I)V+0
j  com.sun.opengl.impl.GLImpl.glReadPixels(IIIIIILjava/nio/Buffer;)V+50
j  processing.opengl.PGraphicsOpenGL.loadPixels()V+75
j  processing.core.PImage.save(Ljava/lang/String;)V+30
j  processing.core.PApplet.saveFrame()V+38
j  advanced.drawing.MainDrawingScene$8.run()V+7
j  java.util.TimerThread.mainLoop()V+221
j  java.util.TimerThread.run()V+1
v  ~StubRoutines::call_stub

---------------  P R O C E S S  ---------------

Java Threads: ( => current thread )
=>0x000000004194d000 JavaThread "Timer-0" [_thread_in_native, id=7187, stack(0x00007f57d45ec000,0x00007f57d46ed000)]
  0x0000000041507000 JavaThread "Thread-1" [_thread_in_native, id=7185, stack(0x00007f57d57c2000,0x00007f57d58c3000)]
  0x00007f57dc43d800 JavaThread "DestroyJavaVM" [_thread_blocked, id=7161, stack(0x00007f57e47b0000,0x00007f57e48b1000)]
  0x000000004119e800 JavaThread "Animation Thread" [_thread_blocked, id=7184, stack(0x00007f57d8ce0000,0x00007f57d8de1000)]
  0x0000000041040800 JavaThread "AWT-EventQueue-0" [_thread_blocked, id=7183, stack(0x00007f57d8de1000,0x00007f57d8ee2000)]
  0x000000004111c000 JavaThread "AWT-Shutdown" [_thread_blocked, id=7182, stack(0x00007f57d8ee2000,0x00007f57d8fe3000)]
  0x00007f57dc31f000 JavaThread "AWT-XAWT" daemon [_thread_in_native, id=7180, stack(0x00007f57d9318000,0x00007f57d9419000)]
  0x00007f57dc290000 JavaThread "Java2D Disposer" daemon [_thread_blocked, id=7179, stack(0x00007f57d9a5f000,0x00007f57d9b60000)]
  0x00007f57dc070800 JavaThread "Low Memory Detector" daemon [_thread_blocked, id=7176, stack(0x00007f57db14f000,0x00007f57db250000)]
  0x00007f57dc06e000 JavaThread "C2 CompilerThread1" daemon [_thread_blocked, id=7175, stack(0x00007f57db250000,0x00007f57db351000)]
  0x00007f57dc06b000 JavaThread "C2 CompilerThread0" daemon [_thread_blocked, id=7174, stack(0x00007f57db351000,0x00007f57db452000)]
  0x00007f57dc068800 JavaThread "Signal Dispatcher" daemon [_thread_blocked, id=7173, stack(0x00007f57db452000,0x00007f57db553000)]
  0x00007f57dc04c800 JavaThread "Finalizer" daemon [_thread_blocked, id=7172, stack(0x00007f57db7f8000,0x00007f57db8f9000)]
  0x00007f57dc04b000 JavaThread "Reference Handler" daemon [_thread_blocked, id=7171, stack(0x00007f57db8f9000,0x00007f57db9fa000)]

Other Threads:
  0x00007f57dc044000 VMThread [stack: 0x00007f57db9fa000,0x00007f57dbafb000] [id=7170]
  0x00007f57dc07b000 WatcherThread [stack: 0x00007f57db04e000,0x00007f57db14f000] [id=7177]

VM state:not at safepoint (normal execution)

VM Mutex/Monitor currently owned by a thread: None

Heap
 PSYoungGen      total 18496K, used 16051K [0x00000000eb560000, 0x00000000eca00000, 0x0000000100000000)
  eden space 15872K, 87% used [0x00000000eb560000,0x00000000ec2f6598,0x00000000ec4e0000)
  from space 2624K, 81% used [0x00000000ec4e0000,0x00000000ec6f69f0,0x00000000ec770000)
  to   space 2624K, 0% used [0x00000000ec770000,0x00000000ec770000,0x00000000eca00000)
 PSOldGen        total 42304K, used 0K [0x00000000c2000000, 0x00000000c4950000, 0x00000000eb560000)
  object space 42304K, 0% used [0x00000000c2000000,0x00000000c2000000,0x00000000c4950000)
 PSPermGen       total 21248K, used 18240K [0x00000000bce00000, 0x00000000be2c0000, 0x00000000c2000000)
  object space 21248K, 85% used [0x00000000bce00000,0x00000000bdfd0160,0x00000000be2c0000)

Code Cache  [0x00007f57e0a1a000, 0x00007f57e0c8a000, 0x00007f57e3a1a000)
 total_blobs=864 nmethods=70 adapters=748 free_code_cache=49393792 largest_free_block=21504

Dynamic libraries:
40000000-40009000 r-xp 00000000 08:22 1185676                            /usr/lib/jvm/java-6-sun-1.6.0.26/jre/bin/java
40108000-4010a000 rwxp 00008000 08:22 1185676                            /usr/lib/jvm/java-6-sun-1.6.0.26/jre/bin/java
40511000-40588000 rwxp 00000000 00:00 0 
406c0000-406c2000 r-xs 00000000 08:22 1993135                            /tmp/glJoJS3L (deleted)
40d81000-41e53000 rwxp 00000000 00:00 0                                  [heap]
bce00000-be2c0000 rwxp 00000000 00:00 0 
be2c0000-c2000000 rwxp 00000000 00:00 0 
c2000000-c4950000 rwxp 00000000 00:00 0 
c4950000-eb560000 rwxp 00000000 00:00 0 
eb560000-eca00000 rwxp 00000000 00:00 0 
eca00000-100000000 rwxp 00000000 00:00 0 
7f57cf815000-7f57d0000000 rwxp 00000000 00:00 0 
7f57d0000000-7f57d0021000 rwxp 00000000 00:00 0 
7f57d0021000-7f57d4000000 ---p 00000000 00:00 0 
7f57d45ec000-7f57d45ef000 ---p 00000000 00:00 0 
7f57d45ef000-7f57d46ed000 rwxp 00000000 00:00 0 
7f57d46ed000-7f57d46f0000 ---p 00000000 00:00 0 
7f57d46f0000-7f57d57c2000 rwxp 00000000 00:00 0 
7f57d57c2000-7f57d57c5000 ---p 00000000 00:00 0 
7f57d57c5000-7f57d58c3000 rwxp 00000000 00:00 0 
7f57d58c3000-7f57d58d6000 r-xp 00000000 08:22 1189407                    /usr/lib/jvm/java-6-sun-1.6.0.26/jre/lib/amd64/libnet.so
7f57d58d6000-7f57d59d7000 ---p 00013000 08:22 1189407                    /usr/lib/jvm/java-6-sun-1.6.0.26/jre/lib/amd64/libnet.so
7f57d59d7000-7f57d59da000 rwxp 00014000 08:22 1189407                    /usr/lib/jvm/java-6-sun-1.6.0.26/jre/lib/amd64/libnet.so
7f57d59da000-7f57d5a1a000 rwxs cff7e000 00:05 6100                       /dev/nvidia1
7f57d5a1a000-7f57d5b1a000 rwxs 0fd94000 00:05 6100                       /dev/nvidia1
7f57d5b1a000-7f57d5b1b000 rwxs b2c03000 00:05 6100                       /dev/nvidia1
7f57d5b1b000-7f57d5c1b000 rwxs 73f63000 00:05 6100                       /dev/nvidia1
7f57d5c1b000-7f57d648b000 rwxs c0000000 00:05 6100                       /dev/nvidia1
7f57d648b000-7f57d648d000 r-xp 00000000 08:24 696261                     /home/bguaman/workspace/PLAYmt4j/MT4JClient/mt4j-desktop/libjogl_awt.so
7f57d648d000-7f57d658c000 ---p 00002000 08:24 696261                     /home/bguaman/workspace/PLAYmt4j/MT4JClient/mt4j-desktop/libjogl_awt.so
7f57d658c000-7f57d658d000 rwxp 00001000 08:24 696261                     /home/bguaman/workspace/PLAYmt4j/MT4JClient/mt4j-desktop/libjogl_awt.so
7f57d658d000-7f57d658e000 r-xp 00000000 08:22 1189436                    /usr/lib/jvm/java-6-sun-1.6.0.26/jre/lib/amd64/libjawt.so
7f57d658e000-7f57d668d000 ---p 00001000 08:22 1189436                    /usr/lib/jvm/java-6-sun-1.6.0.26/jre/lib/amd64/libjawt.so
7f57d668d000-7f57d668e000 rwxp 00000000 08:22 1189436                    /usr/lib/jvm/java-6-sun-1.6.0.26/jre/lib/amd64/libjawt.so
7f57d668e000-7f57d6693000 r-xp 00000000 08:22 1182806                    /usr/lib/x86_64-linux-gnu/libXxf86vm.so.1.0.0
7f57d6693000-7f57d6892000 ---p 00005000 08:22 1182806                    /usr/lib/x86_64-linux-gnu/libXxf86vm.so.1.0.0
7f57d6892000-7f57d6893000 r-xp 00004000 08:22 1182806                    /usr/lib/x86_64-linux-gnu/libXxf86vm.so.1.0.0
7f57d6893000-7f57d6894000 rwxp 00005000 08:22 1182806                    /usr/lib/x86_64-linux-gnu/libXxf86vm.so.1.0.0
7f57d6894000-7f57d6983000 r-xp 00000000 08:24 696252                     /home/bguaman/workspace/PLAYmt4j/MT4JClient/mt4j-desktop/libjogl.so
7f57d6983000-7f57d6a83000 ---p 000ef000 08:24 696252                     /home/bguaman/workspace/PLAYmt4j/MT4JClient/mt4j-desktop/libjogl.so
7f57d6a83000-7f57d6a84000 rwxp 000ef000 08:24 696252                     /home/bguaman/workspace/PLAYmt4j/MT4JClient/mt4j-desktop/libjogl.so
7f57d6a84000-7f57d7ed2000 r-xp 00000000 08:22 1184078                    /usr/lib/nvidia-current/libnvidia-glcore.so.270.41.06
7f57d7ed2000-7f57d80d2000 ---p 0144e000 08:22 1184078                    /usr/lib/nvidia-current/libnvidia-glcore.so.270.41.06
7f57d80d2000-7f57d86ba000 rwxp 0144e000 08:22 1184078                    /usr/lib/nvidia-current/libnvidia-glcore.so.270.41.06
7f57d86ba000-7f57d86d1000 rwxp 00000000 00:00 0 
7f57d86d1000-7f57d86d2000 r-xp 00000000 08:22 1180743                    /usr/lib/nvidia-current/tls/libnvidia-tls.so.270.41.06
7f57d86d2000-7f57d88d2000 ---p 00001000 08:22 1180743                    /usr/lib/nvidia-current/tls/libnvidia-tls.so.270.41.06
7f57d88d2000-7f57d88d3000 rwxp 00001000 08:22 1180743                    /usr/lib/nvidia-current/tls/libnvidia-tls.so.270.41.06
7f57d88d3000-7f57d8990000 r-xp 00000000 08:22 1183145                    /usr/lib/nvidia-current/libGL.so.270.41.06
7f57d8990000-7f57d8b90000 ---p 000bd000 08:22 1183145                    /usr/lib/nvidia-current/libGL.so.270.41.06
7f57d8b90000-7f57d8bc9000 rwxp 000bd000 08:22 1183145                    /usr/lib/nvidia-current/libGL.so.270.41.06
7f57d8bc9000-7f57d8bdf000 rwxp 00000000 00:00 0 
7f57d8bdf000-7f57d8be0000 r-xp 00000000 08:24 696219                     /home/bguaman/workspace/PLAYmt4j/MT4JClient/mt4j-desktop/libgluegen-rt.so
7f57d8be0000-7f57d8cdf000 ---p 00001000 08:24 696219                     /home/bguaman/workspace/PLAYmt4j/MT4JClient/mt4j-desktop/libgluegen-rt.so
7f57d8cdf000-7f57d8ce0000 rwxp 00000000 08:24 696219                     /home/bguaman/workspace/PLAYmt4j/MT4JClient/mt4j-desktop/libgluegen-rt.so
7f57d8ce0000-7f57d8ce3000 ---p 00000000 00:00 0 
7f57d8ce3000-7f57d8de1000 rwxp 00000000 00:00 0 
7f57d8de1000-7f57d8de4000 ---p 00000000 00:00 0 
7f57d8de4000-7f57d8ee2000 rwxp 00000000 00:00 0 
7f57d8ee2000-7f57d8ee5000 ---p 00000000 00:00 0 
7f57d8ee5000-7f57d8fe3000 rwxp 00000000 00:00 0 
7f57d8fe3000-7f57d8fe6000 ---p 00000000 00:00 0 
7f57d8fe6000-7f57d90e4000 rwxp 00000000 00:00 0 
7f57d90e4000-7f57d90ec000 r-xp 00000000 08:22 1187959                    /usr/lib/x86_64-linux-gnu/libXrandr.so.2.2.0
7f57d90ec000-7f57d92eb000 ---p 00008000 08:22 1187959                    /usr/lib/x86_64-linux-gnu/libXrandr.so.2.2.0
7f57d92eb000-7f57d92ec000 r-xp 00007000 08:22 1187959                    /usr/lib/x86_64-linux-gnu/libXrandr.so.2.2.0
7f57d92ec000-7f57d92ed000 rwxp 00008000 08:22 1187959                    /usr/lib/x86_64-linux-gnu/libXrandr.so.2.2.0
7f57d9316000-7f57d9318000 rwxs 00000000 08:22 1993135                    /tmp/glJoJS3L (deleted)
7f57d9318000-7f57d931b000 ---p 00000000 00:00 0 
7f57d931b000-7f57d9419000 rwxp 00000000 00:00 0 
7f57d9419000-7f57d941e000 r-xp 00000000 08:22 1180715                    /usr/lib/x86_64-linux-gnu/libXfixes.so.3.1.0
7f57d941e000-7f57d961d000 ---p 00005000 08:22 1180715                    /usr/lib/x86_64-linux-gnu/libXfixes.so.3.1.0
7f57d961d000-7f57d961e000 r-xp 00004000 08:22 1180715                    /usr/lib/x86_64-linux-gnu/libXfixes.so.3.1.0
7f57d961e000-7f57d961f000 rwxp 00005000 08:22 1180715                    /usr/lib/x86_64-linux-gnu/libXfixes.so.3.1.0
7f57d961f000-7f57d9628000 r-xp 00000000 08:22 1180172                    /usr/lib/x86_64-linux-gnu/libXrender.so.1.3.0
7f57d9628000-7f57d9828000 ---p 00009000 08:22 1180172                    /usr/lib/x86_64-linux-gnu/libXrender.so.1.3.0
7f57d9828000-7f57d9829000 r-xp 00009000 08:22 1180172                    /usr/lib/x86_64-linux-gnu/libXrender.so.1.3.0
7f57d9829000-7f57d982a000 rwxp 0000a000 08:22 1180172                    /usr/lib/x86_64-linux-gnu/libXrender.so.1.3.0
7f57d982a000-7f57d9833000 r-xp 00000000 08:22 1188068                    /usr/lib/x86_64-linux-gnu/libXcursor.so.1.0.2
7f57d9833000-7f57d9a32000 ---p 00009000 08:22 1188068                    /usr/lib/x86_64-linux-gnu/libXcursor.so.1.0.2
7f57d9a32000-7f57d9a33000 r-xp 00008000 08:22 1188068                    /usr/lib/x86_64-linux-gnu/libXcursor.so.1.0.2
7f57d9a33000-7f57d9a34000 rwxp 00009000 08:22 1188068                    /usr/lib/x86_64-linux-gnu/libXcursor.so.1.0.2
7f57d9a34000-7f57d9a38000 rwxs 0fd90000 00:05 6100                       /dev/nvidia1
7f57d9a38000-7f57d9a53000 rwxs 140e00000 00:05 6100                      /dev/nvidia1
7f57d9a53000-7f57d9a5f000 r-xs 0010f000 08:24 692263                     /home/bguaman/workspace/PLAYmt4j/MT4JClient/mt4j-desktop/lib/jogl/jogl.jar
7f57d9a5f000-7f57d9a62000 ---p 00000000 00:00 0 
7f57d9a62000-7f57d9b60000 rwxp 00000000 00:00 0 
7f57d9b60000-7f57d9bd9000 r-xp 00000000 08:22 1189423                    /usr/lib/jvm/java-6-sun-1.6.0.26/jre/lib/amd64/libfontmanager.so
7f57d9bd9000-7f57d9cd8000 ---p 00079000 08:22 1189423                    /usr/lib/jvm/java-6-sun-1.6.0.26/jre/lib/amd64/libfontmanager.so
7f57d9cd8000-7f57d9ced000 rwxp 00078000 08:22 1189423                    /usr/lib/jvm/java-6-sun-1.6.0.26/jre/lib/amd64/libfontmanager.so
7f57d9ced000-7f57d9cfe000 rwxp 00000000 00:00 0 
7f57d9cfe000-7f57d9d03000 r-xp 00000000 08:22 1187279                    /usr/lib/x86_64-linux-gnu/libXdmcp.so.6.0.0
7f57d9d03000-7f57d9f02000 ---p 00005000 08:22 1187279                    /usr/lib/x86_64-linux-gnu/libXdmcp.so.6.0.0
7f57d9f02000-7f57d9f03000 r-xp 00004000 08:22 1187279                    /usr/lib/x86_64-linux-gnu/libXdmcp.so.6.0.0
7f57d9f03000-7f57d9f04000 rwxp 00005000 08:22 1187279                    /usr/lib/x86_64-linux-gnu/libXdmcp.so.6.0.0
7f57d9f04000-7f57d9f06000 r-xp 00000000 08:22 1187247                    /usr/lib/x86_64-linux-gnu/libXau.so.6.0.0
7f57d9f06000-7f57da105000 ---p 00002000 08:22 1187247                    /usr/lib/x86_64-linux-gnu/libXau.so.6.0.0
7f57da105000-7f57da106000 r-xp 00001000 08:22 1187247                    /usr/lib/x86_64-linux-gnu/libXau.so.6.0.0
7f57da106000-7f57da107000 rwxp 00002000 08:22 1187247                    /usr/lib/x86_64-linux-gnu/libXau.so.6.0.0
7f57da107000-7f57da122000 r-xp 00000000 08:22 1187284                    /usr/lib/x86_64-linux-gnu/libxcb.so.1.1.0
7f57da122000-7f57da321000 ---p 0001b000 08:22 1187284                    /usr/lib/x86_64-linux-gnu/libxcb.so.1.1.0
7f57da321000-7f57da322000 r-xp 0001a000 08:22 1187284                    /usr/lib/x86_64-linux-gnu/libxcb.so.1.1.0
7f57da322000-7f57da323000 rwxp 0001b000 08:22 1187284                    /usr/lib/x86_64-linux-gnu/libxcb.so.1.1.0
7f57da323000-7f57da332000 r-xp 00000000 08:22 1188155                    /usr/lib/x86_64-linux-gnu/libXi.so.6.1.0
7f57da332000-7f57da531000 ---p 0000f000 08:22 1188155                    /usr/lib/x86_64-linux-gnu/libXi.so.6.1.0
7f57da531000-7f57da532000 r-xp 0000e000 08:22 1188155                    /usr/lib/x86_64-linux-gnu/libXi.so.6.1.0
7f57da532000-7f57da533000 rwxp 0000f000 08:22 1188155                    /usr/lib/x86_64-linux-gnu/libXi.so.6.1.0
7f57da533000-7f57da538000 r-xp 00000000 08:22 1182462                    /usr/lib/libXtst.so.6.1.0
7f57da538000-7f57da737000 ---p 00005000 08:22 1182462                    /usr/lib/libXtst.so.6.1.0
7f57da737000-7f57da738000 r-xp 00004000 08:22 1182462                    /usr/lib/libXtst.so.6.1.0
7f57da738000-7f57da739000 rwxp 00005000 08:22 1182462                    /usr/lib/libXtst.so.6.1.0
7f57da739000-7f57da86e000 r-xp 00000000 08:22 1188489                    /usr/lib/x86_64-linux-gnu/libX11.so.6.3.0
7f57da86e000-7f57daa6e000 ---p 00135000 08:22 1188489                    /usr/lib/x86_64-linux-gnu/libX11.so.6.3.0
7f57daa6e000-7f57daa6f000 r-xp 00135000 08:22 1188489                    /usr/lib/x86_64-linux-gnu/libX11.so.6.3.0
7f57daa6f000-7f57daa73000 rwxp 00136000 08:22 1188489                    /usr/lib/x86_64-linux-gnu/libX11.so.6.3.0
7f57daa73000-7f57daa84000 r-xp 00000000 08:22 1183304                    /usr/lib/x86_64-linux-gnu/libXext.so.6.4.0
7f57daa84000-7f57dac83000 ---p 00011000 08:22 1183304                    /usr/lib/x86_64-linux-gnu/libXext.so.6.4.0
7f57dac83000-7f57dac84000 r-xp 00010000 08:22 1183304                    /usr/lib/x86_64-linux-gnu/libXext.so.6.4.0
7f57dac84000-7f57dac85000 rwxp 00011000 08:22 1183304                    /usr/lib/x86_64-linux-gnu/libXext.so.6.4.0
7f57dac85000-7f57dacc7000 r-xp 00000000 08:22 1189412                    /usr/lib/jvm/java-6-sun-1.6.0.26/jre/lib/amd64/xawt/libmawt.so
7f57dacc7000-7f57dadc6000 ---p 00042000 08:22 1189412                    /usr/lib/jvm/java-6-sun-1.6.0.26/jre/lib/amd64/xawt/libmawt.so
7f57dadc6000-7f57dadd2000 rwxp 00041000 08:22 1189412                    /usr/lib/jvm/java-6-sun-1.6.0.26/jre/lib/amd64/xawt/libmawt.so
7f57dadd2000-7f57dadd3000 rwxp 00000000 00:00 0 
7f57dadd3000-7f57dae65000 r-xp 00000000 08:22 1189435                    /usr/lib/jvm/java-6-sun-1.6.0.26/jre/lib/amd64/libawt.so
7f57dae65000-7f57daf64000 ---p 00092000 08:22 1189435                    /usr/lib/jvm/java-6-sun-1.6.0.26/jre/lib/amd64/libawt.so
7f57daf64000-7f57daf7e000 rwxp 00091000 08:22 1189435                    /usr/lib/jvm/java-6-sun-1.6.0.26/jre/lib/amd64/libawt.so
7f57daf7e000-7f57dafa2000 rwxp 00000000 00:00 0 
7f57dafa2000-7f57dafc3000 r-xs 00261000 08:24 684919                     /home/bguaman/workspace/PLAYmt4j/MT4JClient/mt4j-core/lib/mt4j-core.jar
7f57dafc3000-7f57dafcb000 r-xs 00045000 08:24 684925                     /home/bguaman/workspace/PLAYmt4j/MT4JClient/mt4j-core/lib/batik-css.jar
7f57dafcb000-7f57dafcc000 r-xs 00006000 08:24 684920                     /home/bguaman/workspace/PLAYmt4j/MT4JClient/mt4j-core/lib/ani.jar
7f57dafcc000-7f57dafcd000 r-xs 00002000 08:24 695877                     /home/bguaman/workspace/PLAYmt4j/MT4JClient/mt4j-desktop/examples/advanced/water/lib/waterScene.jar
7f57dafcd000-7f57dafd1000 r-xs 00091000 08:24 694960                     /home/bguaman/workspace/PLAYmt4j/MT4JClient/mt4j-desktop/examples/advanced/physics/lib/jbox2d.jar
7f57dafd1000-7f57dafd3000 r-xs 0000c000 08:24 696150                     /home/bguaman/workspace/PLAYmt4j/MT4JClient/mt4j-desktop/examples/advanced/modestMapsMT/lib/modestMaps.jar
7f57dafd3000-7f57dafd4000 r-xs 00001000 08:24 695903                     /home/bguaman/workspace/PLAYmt4j/MT4JClient/mt4j-desktop/examples/advanced/fluidSimulator/lib/MSAFluid.jar
7f57dafd4000-7f57dafd8000 r-xs 0005e000 08:24 696093                     /home/bguaman/workspace/PLAYmt4j/MT4JClient/mt4j-desktop/examples/advanced/flickrMT/lib/flickrj.jar
7f57dafd8000-7f57dafda000 r-xs 0003c000 08:24 688488                     /home/bguaman/workspace/PLAYmt4j/MT4JClient/mt4j-desktop/extensions/lib/jbullet/vecmath.jar
7f57dafda000-7f57dafdb000 r-xs 0000b000 08:24 688489                     /home/bguaman/workspace/PLAYmt4j/MT4JClient/mt4j-desktop/extensions/lib/jbullet/stack-alloc.jar
7f57dafdb000-7f57dafe4000 r-xs 0006c000 08:24 688490                     /home/bguaman/workspace/PLAYmt4j/MT4JClient/mt4j-desktop/extensions/lib/jbullet/jbullet.jar
7f57dafe4000-7f57dafe6000 r-xs 00008000 08:24 692099                     /home/bguaman/workspace/PLAYmt4j/MT4JClient/mt4j-desktop/lib/whirlylib/whirlycache-1.0.1.jar
7f57dafe6000-7f57dafee000 r-xs 0004f000 08:24 692104                     /home/bguaman/workspace/PLAYmt4j/MT4JClient/mt4j-desktop/lib/whirlylib/log4j-1.2.8.jar
7f57dafee000-7f57daff6000 r-xs 00028000 08:24 692211                     /home/bguaman/workspace/PLAYmt4j/MT4JClient/mt4j-desktop/lib/batik/xml-apis.jar
7f57daff6000-7f57db001000 r-xs 000ad000 08:24 692204                     /home/bguaman/workspace/PLAYmt4j/MT4JClient/mt4j-desktop/lib/batik/pdf-transcoder.jar
7f57db001000-7f57db009000 r-xs 00074000 08:24 692206                     /home/bguaman/workspace/PLAYmt4j/MT4JClient/mt4j-desktop/lib/batik/js.jar
7f57db009000-7f57db00a000 r-xs 00007000 08:24 692193                     /home/bguaman/workspace/PLAYmt4j/MT4JClient/mt4j-desktop/lib/batik/batik-xml.jar
7f57db00a000-7f57db00d000 r-xs 0001d000 08:24 692201                     /home/bguaman/workspace/PLAYmt4j/MT4JClient/mt4j-desktop/lib/batik/batik-util.jar
7f57db00d000-7f57db00f000 r-xs 0001c000 08:24 692195                     /home/bguaman/workspace/PLAYmt4j/MT4JClient/mt4j-desktop/lib/batik/batik-transcoder.jar
7f57db00f000-7f57db014000 r-xs 00030000 08:24 692190                     /home/bguaman/workspace/PLAYmt4j/MT4JClient/mt4j-desktop/lib/batik/batik-svggen.jar
7f57db014000-7f57db021000 r-xs 00087000 08:24 692200                     /home/bguaman/workspace/PLAYmt4j/MT4JClient/mt4j-desktop/lib/batik/batik-svg-dom.jar
7f57db021000-7f57db024000 r-xs 0000d000 08:24 692196                     /home/bguaman/workspace/PLAYmt4j/MT4JClient/mt4j-desktop/lib/batik/batik-script.jar
7f57db024000-7f57db026000 r-xs 00010000 08:24 692191                     /home/bguaman/workspace/PLAYmt4j/MT4JClient/mt4j-desktop/lib/batik/batik-parser.jar
7f57db026000-7f57db02a000 r-xs 00038000 08:24 692210                     /home/bguaman/workspace/PLAYmt4j/MT4JClient/mt4j-desktop/lib/batik/batik-gvt.jar
7f57db02a000-7f57db02c000 r-xs 0000f000 08:24 692199                     /home/bguaman/workspace/PLAYmt4j/MT4JClient/mt4j-desktop/lib/batik/batik-extension.jar
7f57db02c000-7f57db02d000 r-xs 00002000 08:24 692209                     /home/bguaman/workspace/PLAYmt4j/MT4JClient/mt4j-desktop/lib/batik/batik-ext.jar
7f57db02d000-7f57db031000 r-xs 00027000 08:24 692184                     /home/bguaman/workspace/PLAYmt4j/MT4JClient/mt4j-desktop/lib/batik/batik-dom.jar
7f57db031000-7f57db03b000 r-xs 00080000 08:24 692192                     /home/bguaman/workspace/PLAYmt4j/MT4JClient/mt4j-desktop/lib/batik/batik-bridge.jar
7f57db03b000-7f57db042000 r-xs 0005c000 08:24 692213                     /home/bguaman/workspace/PLAYmt4j/MT4JClient/mt4j-desktop/lib/batik/batik-awt-util.jar
7f57db042000-7f57db045000 r-xs 00015000 08:24 692188                     /home/bguaman/workspace/PLAYmt4j/MT4JClient/mt4j-desktop/lib/batik/batik-anim.jar
7f57db045000-7f57db047000 r-xs 00006000 08:24 692275                     /home/bguaman/workspace/PLAYmt4j/MT4JClient/mt4j-desktop/lib/mri.jar
7f57db047000-7f57db04d000 r-xs 00034000 08:24 692278                     /home/bguaman/workspace/PLAYmt4j/MT4JClient/mt4j-desktop/lib/junit-4.8.2.jar
7f57db04d000-7f57db04e000 r-xs 00002000 08:24 692273                     /home/bguaman/workspace/PLAYmt4j/MT4JClient/mt4j-desktop/lib/GlulogicMT.jar
7f57db04e000-7f57db04f000 ---p 00000000 00:00 0 
7f57db04f000-7f57db14f000 rwxp 00000000 00:00 0 
7f57db14f000-7f57db152000 ---p 00000000 00:00 0 
7f57db152000-7f57db250000 rwxp 00000000 00:00 0 
7f57db250000-7f57db253000 ---p 00000000 00:00 0 
7f57db253000-7f57db351000 rwxp 00000000 00:00 0 
7f57db351000-7f57db354000 ---p 00000000 00:00 0 
7f57db354000-7f57db452000 rwxp 00000000 00:00 0 
7f57db452000-7f57db455000 ---p 00000000 00:00 0 
7f57db455000-7f57db553000 rwxp 00000000 00:00 0 
7f57db553000-7f57db7f8000 r-xp 00000000 08:22 1179791                    /usr/lib/locale/locale-archive
7f57db7f8000-7f57db7fb000 ---p 00000000 00:00 0 
7f57db7fb000-7f57db8f9000 rwxp 00000000 00:00 0 
7f57db8f9000-7f57db8fc000 ---p 00000000 00:00 0 
7f57db8fc000-7f57db9fa000 rwxp 00000000 00:00 0 
7f57db9fa000-7f57db9fb000 ---p 00000000 00:00 0 
7f57db9fb000-7f57dc000000 rwxp 00000000 00:00 0 
7f57dc000000-7f57dcb50000 rwxp 00000000 00:00 0 
7f57dcb50000-7f57e0000000 ---p 00000000 00:00 0 
7f57e0001000-7f57e0002000 rwxs cffbe000 00:05 6100                       /dev/nvidia1
7f57e0002000-7f57e0003000 rwxs 0fd8f000 00:05 6100                       /dev/nvidia1
7f57e0003000-7f57e0004000 rwxs 0fd8e000 00:05 6100                       /dev/nvidia1
7f57e0004000-7f57e0005000 rwxs 73f62000 00:05 6100                       /dev/nvidia1
7f57e0005000-7f57e0007000 r-xs 00005000 08:24 816243                     /home/bguaman/workspace/MT4jTUIO4jInputSources/tuio4jInput.jar
7f57e0007000-7f57e0009000 r-xs 0000b000 08:24 692063                     /home/bguaman/workspace/PLAYmt4j/MT4JClient/mt4j-desktop/lib/tuio/tuio4j.jar
7f57e0009000-7f57e000a000 r-xs 00000000 08:22 2621607                    /var/cache/fontconfig/c05880de57d1f5e948fdfacc138775d9-le64.cache-3
7f57e000a000-7f57e0013000 r-xs 00000000 08:22 2621606                    /var/cache/fontconfig/945677eb7aeaf62f1d50efc3fb3ec7d8-le64.cache-3
7f57e0013000-7f57e0015000 r-xs 00000000 08:22 2621574                    /var/cache/fontconfig/99e8ed0e538f840c565b6ed5dad60d56-le64.cache-3
7f57e0015000-7f57e0018000 r-xs 00000000 08:22 2621604                    /var/cache/fontconfig/e383d7ea5fbe662a33d9b44caf393297-le64.cache-3
7f57e0018000-7f57e001a000 r-xs 00000000 08:22 2621603                    /var/cache/fontconfig/2cd17615ca594fa2959ae173292e504c-le64.cache-3
7f57e001a000-7f57e001b000 r-xs 00000000 08:22 2621601                    /var/cache/fontconfig/e7071f4a29fa870f4323321c154eba04-le64.cache-3
7f57e001b000-7f57e001e000 r-xs 00000000 08:22 2625717                    /var/cache/fontconfig/b5ea634b0fb353b8ea17632d1f9ef766-le64.cache-3
7f57e001e000-7f57e0022000 r-xs 00000000 08:22 2621600                    /var/cache/fontconfig/6eb3985aa4124903f6ff08ba781cd364-le64.cache-3
7f57e0022000-7f57e0023000 r-xs 00000000 08:22 2621599                    /var/cache/fontconfig/4c73fe0c47614734b17d736dbde7580a-le64.cache-3
7f57e0023000-7f57e0024000 r-xs 00000000 08:22 2621598                    /var/cache/fontconfig/0d8c3b2ac0904cb8a57a757ad11a4a08-le64.cache-3
7f57e0024000-7f57e0025000 r-xs 00000000 08:22 2621597                    /var/cache/fontconfig/6a53c69dea097a2d716e069445527da8-le64.cache-3
7f57e0025000-7f57e002b000 r-xs 00000000 08:22 2621596                    /var/cache/fontconfig/a755afe4a08bf5b97852ceb7400b47bc-le64.cache-3
7f57e002b000-7f57e002f000 r-xs 00000000 08:22 2626406                    /var/cache/fontconfig/6d41288fd70b0be22e8c3a91e032eec0-le64.cache-3
7f57e002f000-7f57e003f000 r-xs 00000000 08:22 2621593                    /var/cache/fontconfig/0f34bcd4b6ee430af32735b75db7f02b-le64.cache-3
7f57e003f000-7f57e0042000 r-xs 00000000 08:22 2621592                    /var/cache/fontconfig/d60319d88cac85ba9e1a07bd06cfbb8c-le64.cache-3
7f57e0042000-7f57e0043000 r-xs 00000000 08:22 2622676                    /var/cache/fontconfig/4794a0821666d79190d59a36cb4f44b5-le64.cache-3
7f57e0043000-7f57e0071000 r-xs 00000000 08:22 2621591                    /var/cache/fontconfig/365b55f210c0a22e9a19e35191240f32-le64.cache-3
7f57e0071000-7f57e007b000 r-xs 00000000 08:22 2621590                    /var/cache/fontconfig/d52a8644073d54c13679302ca1180695-le64.cache-3
7f57e007b000-7f57e0081000 r-xs 00000000 08:22 2626487                    /var/cache/fontconfig/105b9c7e6f0a4f82d8c9b6e39c52c6f9-le64.cache-3
7f57e0081000-7f57e0094000 r-xs 00000000 08:22 2621573                    /var/cache/fontconfig/e13b20fdb08344e0e664864cc2ede53d-le64.cache-3
7f57e0094000-7f57e00c8000 rwxp 00000000 00:00 0 
7f57e00c8000-7f57e0260000 r-xs 03029000 08:22 1202981                    /usr/lib/jvm/java-6-sun-1.6.0.26/jre/lib/rt.jar
7f57e0260000-7f57e0288000 rwxp 00000000 00:00 0 
7f57e0288000-7f57e0289000 ---p 00000000 00:00 0 
7f57e0289000-7f57e0389000 rwxp 00000000 00:00 0 
7f57e0389000-7f57e038a000 ---p 00000000 00:00 0 
7f57e038a000-7f57e048a000 rwxp 00000000 00:00 0 
7f57e048a000-7f57e048b000 ---p 00000000 00:00 0 
7f57e048b000-7f57e058b000 rwxp 00000000 00:00 0 
7f57e058b000-7f57e058c000 ---p 00000000 00:00 0 
7f57e058c000-7f57e0697000 rwxp 00000000 00:00 0 
7f57e0697000-7f57e06b5000 rwxp 00000000 00:00 0 
7f57e06b5000-7f57e06ca000 rwxp 00000000 00:00 0 
7f57e06ca000-7f57e0800000 rwxp 00000000 00:00 0 
7f57e0800000-7f57e080b000 rwxp 00000000 00:00 0 
7f57e080b000-7f57e0829000 rwxp 00000000 00:00 0 
7f57e0829000-7f57e083e000 rwxp 00000000 00:00 0 
7f57e083e000-7f57e0973000 rwxp 00000000 00:00 0 
7f57e0973000-7f57e097e000 rwxp 00000000 00:00 0 
7f57e097e000-7f57e0a19000 rwxp 00000000 00:00 0 
7f57e0a19000-7f57e0c8a000 rwxp 00000000 00:00 0 
7f57e0c8a000-7f57e3a1a000 rwxp 00000000 00:00 0 
7f57e3a1a000-7f57e3a28000 r-xp 00000000 08:22 1189430                    /usr/lib/jvm/java-6-sun-1.6.0.26/jre/lib/amd64/libzip.so
7f57e3a28000-7f57e3b2a000 ---p 0000e000 08:22 1189430                    /usr/lib/jvm/java-6-sun-1.6.0.26/jre/lib/amd64/libzip.so
7f57e3b2a000-7f57e3b2d000 rwxp 00010000 08:22 1189430                    /usr/lib/jvm/java-6-sun-1.6.0.26/jre/lib/amd64/libzip.so
7f57e3b2d000-7f57e3b2e000 rwxp 00000000 00:00 0 
7f57e3b2e000-7f57e3b3a000 r-xp 00000000 08:22 1837256                    /lib/x86_64-linux-gnu/libnss_files-2.13.so
7f57e3b3a000-7f57e3d39000 ---p 0000c000 08:22 1837256                    /lib/x86_64-linux-gnu/libnss_files-2.13.so
7f57e3d39000-7f57e3d3a000 r-xp 0000b000 08:22 1837256                    /lib/x86_64-linux-gnu/libnss_files-2.13.so
7f57e3d3a000-7f57e3d3b000 rwxp 0000c000 08:22 1837256                    /lib/x86_64-linux-gnu/libnss_files-2.13.so
7f57e3d3b000-7f57e3d46000 r-xp 00000000 08:22 1837260                    /lib/x86_64-linux-gnu/libnss_nis-2.13.so
7f57e3d46000-7f57e3f45000 ---p 0000b000 08:22 1837260                    /lib/x86_64-linux-gnu/libnss_nis-2.13.so
7f57e3f45000-7f57e3f46000 r-xp 0000a000 08:22 1837260                    /lib/x86_64-linux-gnu/libnss_nis-2.13.so
7f57e3f46000-7f57e3f47000 rwxp 0000b000 08:22 1837260                    /lib/x86_64-linux-gnu/libnss_nis-2.13.so
7f57e3f47000-7f57e3f4f000 r-xp 00000000 08:22 1837252                    /lib/x86_64-linux-gnu/libnss_compat-2.13.so
7f57e3f4f000-7f57e414e000 ---p 00008000 08:22 1837252                    /lib/x86_64-linux-gnu/libnss_compat-2.13.so
7f57e414e000-7f57e414f000 r-xp 00007000 08:22 1837252                    /lib/x86_64-linux-gnu/libnss_compat-2.13.so
7f57e414f000-7f57e4150000 rwxp 00008000 08:22 1837252                    /lib/x86_64-linux-gnu/libnss_compat-2.13.so
7f57e4150000-7f57e4167000 r-xp 00000000 08:22 1837250                    /lib/x86_64-linux-gnu/libnsl-2.13.so
7f57e4167000-7f57e4366000 ---p 00017000 08:22 1837250                    /lib/x86_64-linux-gnu/libnsl-2.13.so
7f57e4366000-7f57e4367000 r-xp 00016000 08:22 1837250                    /lib/x86_64-linux-gnu/libnsl-2.13.so
7f57e4367000-7f57e4368000 rwxp 00017000 08:22 1837250                    /lib/x86_64-linux-gnu/libnsl-2.13.so
7f57e4368000-7f57e436a000 rwxp 00000000 00:00 0 
7f57e436a000-7f57e4393000 r-xp 00000000 08:22 1189429                    /usr/lib/jvm/java-6-sun-1.6.0.26/jre/lib/amd64/libjava.so
7f57e4393000-7f57e4492000 ---p 00029000 08:22 1189429                    /usr/lib/jvm/java-6-sun-1.6.0.26/jre/lib/amd64/libjava.so
7f57e4492000-7f57e4499000 rwxp 00028000 08:22 1189429                    /usr/lib/jvm/java-6-sun-1.6.0.26/jre/lib/amd64/libjava.so
7f57e4499000-7f57e44a6000 r-xp 00000000 08:22 1189406                    /usr/lib/jvm/java-6-sun-1.6.0.26/jre/lib/amd64/libverify.so
7f57e44a6000-7f57e45a5000 ---p 0000d000 08:22 1189406                    /usr/lib/jvm/java-6-sun-1.6.0.26/jre/lib/amd64/libverify.so
7f57e45a5000-7f57e45a8000 rwxp 0000c000 08:22 1189406                    /usr/lib/jvm/java-6-sun-1.6.0.26/jre/lib/amd64/libverify.so
7f57e45a8000-7f57e45af000 r-xp 00000000 08:22 1837270                    /lib/x86_64-linux-gnu/librt-2.13.so
7f57e45af000-7f57e47ae000 ---p 00007000 08:22 1837270                    /lib/x86_64-linux-gnu/librt-2.13.so
7f57e47ae000-7f57e47af000 r-xp 00006000 08:22 1837270                    /lib/x86_64-linux-gnu/librt-2.13.so
7f57e47af000-7f57e47b0000 rwxp 00007000 08:22 1837270                    /lib/x86_64-linux-gnu/librt-2.13.so
7f57e47b0000-7f57e47b3000 ---p 00000000 00:00 0 
7f57e47b3000-7f57e48b1000 rwxp 00000000 00:00 0 
7f57e48b1000-7f57e4935000 r-xp 00000000 08:22 1837246                    /lib/x86_64-linux-gnu/libm-2.13.so
7f57e4935000-7f57e4b34000 ---p 00084000 08:22 1837246                    /lib/x86_64-linux-gnu/libm-2.13.so
7f57e4b34000-7f57e4b35000 r-xp 00083000 08:22 1837246                    /lib/x86_64-linux-gnu/libm-2.13.so
7f57e4b35000-7f57e4b36000 rwxp 00084000 08:22 1837246                    /lib/x86_64-linux-gnu/libm-2.13.so
7f57e4b36000-7f57e5450000 r-xp 00000000 08:22 1189432                    /usr/lib/jvm/java-6-sun-1.6.0.26/jre/lib/amd64/server/libjvm.so
7f57e5450000-7f57e5552000 ---p 0091a000 08:22 1189432                    /usr/lib/jvm/java-6-sun-1.6.0.26/jre/lib/amd64/server/libjvm.so
7f57e5552000-7f57e5707000 rwxp 0091c000 08:22 1189432                    /usr/lib/jvm/java-6-sun-1.6.0.26/jre/lib/amd64/server/libjvm.so
7f57e5707000-7f57e5741000 rwxp 00000000 00:00 0 
7f57e5741000-7f57e58cb000 r-xp 00000000 08:22 1837230                    /lib/x86_64-linux-gnu/libc-2.13.so
7f57e58cb000-7f57e5aca000 ---p 0018a000 08:22 1837230                    /lib/x86_64-linux-gnu/libc-2.13.so
7f57e5aca000-7f57e5ace000 r-xp 00189000 08:22 1837230                    /lib/x86_64-linux-gnu/libc-2.13.so
7f57e5ace000-7f57e5acf000 rwxp 0018d000 08:22 1837230                    /lib/x86_64-linux-gnu/libc-2.13.so
7f57e5acf000-7f57e5ad5000 rwxp 00000000 00:00 0 
7f57e5ad5000-7f57e5ad7000 r-xp 00000000 08:22 1837244                    /lib/x86_64-linux-gnu/libdl-2.13.so
7f57e5ad7000-7f57e5cd7000 ---p 00002000 08:22 1837244                    /lib/x86_64-linux-gnu/libdl-2.13.so
7f57e5cd7000-7f57e5cd8000 r-xp 00002000 08:22 1837244                    /lib/x86_64-linux-gnu/libdl-2.13.so
7f57e5cd8000-7f57e5cd9000 rwxp 00003000 08:22 1837244                    /lib/x86_64-linux-gnu/libdl-2.13.so
7f57e5cd9000-7f57e5cf1000 r-xp 00000000 08:22 1837266                    /lib/x86_64-linux-gnu/libpthread-2.13.so
7f57e5cf1000-7f57e5ef1000 ---p 00018000 08:22 1837266                    /lib/x86_64-linux-gnu/libpthread-2.13.so
7f57e5ef1000-7f57e5ef2000 r-xp 00018000 08:22 1837266                    /lib/x86_64-linux-gnu/libpthread-2.13.so
7f57e5ef2000-7f57e5ef3000 rwxp 00019000 08:22 1837266                    /lib/x86_64-linux-gnu/libpthread-2.13.so
7f57e5ef3000-7f57e5ef7000 rwxp 00000000 00:00 0 
7f57e5ef7000-7f57e5f18000 r-xp 00000000 08:22 1835033                    /lib/x86_64-linux-gnu/ld-2.13.so
7f57e5f18000-7f57e5f19000 rwxs b2001000 00:05 6100                       /dev/nvidia1
7f57e5f19000-7f57e5f1a000 r-xs 00005000 08:24 692258                     /home/bguaman/workspace/PLAYmt4j/MT4JClient/mt4j-desktop/lib/jogl/opengl.jar
7f57e5f1a000-7f57e5f1c000 r-xs 0005b000 08:24 692276                     /home/bguaman/workspace/PLAYmt4j/MT4JClient/mt4j-desktop/lib/core.jar
7f57e5f1c000-7f57e5f26000 rwxp 00000000 00:00 0 
7f57e5f26000-7f57e5fdc000 rwxp 00000000 00:00 0 
7f57e5fdc000-7f57e5fdf000 rwxp 00000000 00:00 0 
7f57e5fdf000-7f57e5fe6000 r-xp 00000000 08:22 1189402                    /usr/lib/jvm/java-6-sun-1.6.0.26/jre/lib/amd64/jli/libjli.so
7f57e5fe6000-7f57e60e7000 ---p 00007000 08:22 1189402                    /usr/lib/jvm/java-6-sun-1.6.0.26/jre/lib/amd64/jli/libjli.so
7f57e60e7000-7f57e60e9000 rwxp 00008000 08:22 1189402                    /usr/lib/jvm/java-6-sun-1.6.0.26/jre/lib/amd64/jli/libjli.so
7f57e60e9000-7f57e60ea000 rwxp 00000000 00:00 0 
7f57e60ea000-7f57e60ec000 r-xs 0000a000 08:24 692277                     /home/bguaman/workspace/PLAYmt4j/MT4JClient/mt4j-desktop/lib/muito_blobtracking.jar
7f57e60ec000-7f57e60ee000 r-xs 00004000 08:24 692253                     /home/bguaman/workspace/PLAYmt4j/MT4JClient/mt4j-desktop/lib/jogl/gluegen-rt.jar
7f57e60ee000-7f57e60f3000 r-xs 00010000 08:24 684921                     /home/bguaman/workspace/PLAYmt4j/MT4JClient/mt4j-core/lib/xml-apis-ext.jar
7f57e60f3000-7f57e60f7000 r-xs 00000000 08:22 2626485                    /var/cache/fontconfig/7ef2298fde41cc6eeb7af42e48b7d293-le64.cache-3
7f57e60f7000-7f57e610b000 r-xs 00000000 08:22 2621609                    /var/cache/fontconfig/865f88548240fee46819705c6468c165-le64.cache-3
7f57e610b000-7f57e6113000 rwxs 00000000 08:22 1993131                    /tmp/hsperfdata_bguaman/7160
7f57e6113000-7f57e6114000 rwxp 00000000 00:00 0 
7f57e6114000-7f57e6115000 r-xp 00000000 00:00 0 
7f57e6115000-7f57e6117000 rwxp 00000000 00:00 0 
7f57e6117000-7f57e6118000 r-xp 00020000 08:22 1835033                    /lib/x86_64-linux-gnu/ld-2.13.so
7f57e6118000-7f57e611a000 rwxp 00021000 08:22 1835033                    /lib/x86_64-linux-gnu/ld-2.13.so
7fff31ef5000-7fff31f17000 rwxp 00000000 00:00 0                          [stack]
7fff31fff000-7fff32000000 r-xp 00000000 00:00 0                          [vdso]
ffffffffff600000-ffffffffff601000 r-xp 00000000 00:00 0                  [vsyscall]

VM Arguments:
jvm_args: -Djava.library.path=/home/bguaman/workspace/PLAYmt4j/MT4JClient/mt4j-desktop -Dfile.encoding=UTF-8 
java_command: advanced.drawing.StartDrawExample
Launcher Type: SUN_STANDARD

Environment Variables:
PATH=/usr/local/sbin:/usr/local/bin:/usr/sbin:/usr/bin:/sbin:/bin:/usr/games
USERNAME=bguaman
LD_LIBRARY_PATH=/usr/lib/jvm/java-6-sun-1.6.0.26/jre/lib/amd64/server:/usr/lib/jvm/java-6-sun-1.6.0.26/jre/lib/amd64:/usr/lib/jvm/java-6-sun-1.6.0.26/jre/../lib/amd64:/usr/lib/xulrunner-1.9.2.17
SHELL=/bin/bash
DISPLAY=:0.0

Signal Handlers:
SIGSEGV: [libjvm.so+0x85f800], sa_mask[0]=0x7ffbfeff, sa_flags=0x10000004
SIGBUS: [libjvm.so+0x85f800], sa_mask[0]=0x7ffbfeff, sa_flags=0x10000004
SIGFPE: [libjvm.so+0x70e300], sa_mask[0]=0x7ffbfeff, sa_flags=0x10000004
SIGPIPE: [libjvm.so+0x70e300], sa_mask[0]=0x7ffbfeff, sa_flags=0x10000004
SIGXFSZ: [libjvm.so+0x70e300], sa_mask[0]=0x7ffbfeff, sa_flags=0x10000004
SIGILL: [libjvm.so+0x70e300], sa_mask[0]=0x7ffbfeff, sa_flags=0x10000004
SIGUSR1: SIG_DFL, sa_mask[0]=0x00000000, sa_flags=0x00000000
SIGUSR2: [libjvm.so+0x711110], sa_mask[0]=0x00000004, sa_flags=0x10000004
SIGHUP: [libjvm.so+0x710d10], sa_mask[0]=0x7ffbfeff, sa_flags=0x10000004
SIGINT: [libjvm.so+0x710d10], sa_mask[0]=0x7ffbfeff, sa_flags=0x10000004
SIGTERM: [libjvm.so+0x710d10], sa_mask[0]=0x7ffbfeff, sa_flags=0x10000004
SIGQUIT: [libjvm.so+0x710d10], sa_mask[0]=0x7ffbfeff, sa_flags=0x10000004


---------------  S Y S T E M  ---------------

OS:squeeze/sid

uname:Linux 2.6.38-13-generic #54-Ubuntu SMP Tue Jan 3 13:38:12 UTC 2012 x86_64
libc:glibc 2.13 NPTL 2.13 
rlimit: STACK 8192k, CORE 0k, NPROC infinity, NOFILE 4096, AS infinity
load average:0.00 0.04 0.05

/proc/meminfo:
MemTotal:        4056284 kB
MemFree:          103896 kB
Buffers:          455532 kB
Cached:           631020 kB
SwapCached:          116 kB
Active:          1957488 kB
Inactive:         942708 kB
Active(anon):    1425896 kB
Inactive(anon):   398444 kB
Active(file):     531592 kB
Inactive(file):   544264 kB
Unevictable:           0 kB
Mlocked:               0 kB
SwapTotal:       7815616 kB
SwapFree:        7813672 kB
Dirty:               584 kB
Writeback:             0 kB
AnonPages:       1813532 kB
Mapped:           182588 kB
Shmem:             10696 kB
Slab:             858224 kB
SReclaimable:     827884 kB
SUnreclaim:        30340 kB
KernelStack:        3984 kB
PageTables:        41036 kB
NFS_Unstable:          0 kB
Bounce:                0 kB
WritebackTmp:          0 kB
CommitLimit:     9843756 kB
Committed_AS:    4560264 kB
VmallocTotal:   34359738367 kB
VmallocUsed:      113588 kB
VmallocChunk:   34359615996 kB
HardwareCorrupted:     0 kB
HugePages_Total:       0
HugePages_Free:        0
HugePages_Rsvd:        0
HugePages_Surp:        0
Hugepagesize:       2048 kB
DirectMap4k:      842624 kB
DirectMap2M:     3350528 kB


CPU:total 4 (2 cores per cpu, 1 threads per core) family 15 model 65 stepping 3, cmov, cx8, fxsr, mmx, sse, sse2, sse3, mmxext, 3dnow, 3dnowext

/proc/cpuinfo:
processor	: 0
vendor_id	: AuthenticAMD
cpu family	: 15
model		: 65
model name	: Dual-Core AMD Opteron(tm) Processor 2218
stepping	: 3
cpu MHz		: 1000.000
cache size	: 1024 KB
physical id	: 0
siblings	: 2
core id		: 0
cpu cores	: 2
apicid		: 0
initial apicid	: 0
fpu		: yes
fpu_exception	: yes
cpuid level	: 1
wp		: yes
flags		: fpu vme de pse tsc msr pae mce cx8 apic sep mtrr pge mca cmov pat pse36 clflush mmx fxsr sse sse2 ht syscall nx mmxext fxsr_opt rdtscp lm 3dnowext 3dnow rep_good nopl extd_apicid pni cx16 lahf_lm cmp_legacy svm extapic cr8_legacy
bogomips	: 2000.01
TLB size	: 1024 4K pages
clflush size	: 64
cache_alignment	: 64
address sizes	: 40 bits physical, 48 bits virtual
power management: ts fid vid ttp tm stc

processor	: 1
vendor_id	: AuthenticAMD
cpu family	: 15
model		: 65
model name	: Dual-Core AMD Opteron(tm) Processor 2218
stepping	: 3
cpu MHz		: 1000.000
cache size	: 1024 KB
physical id	: 0
siblings	: 2
core id		: 1
cpu cores	: 2
apicid		: 1
initial apicid	: 1
fpu		: yes
fpu_exception	: yes
cpuid level	: 1
wp		: yes
flags		: fpu vme de pse tsc msr pae mce cx8 apic sep mtrr pge mca cmov pat pse36 clflush mmx fxsr sse sse2 ht syscall nx mmxext fxsr_opt rdtscp lm 3dnowext 3dnow rep_good nopl extd_apicid pni cx16 lahf_lm cmp_legacy svm extapic cr8_legacy
bogomips	: 2000.01
TLB size	: 1024 4K pages
clflush size	: 64
cache_alignment	: 64
address sizes	: 40 bits physical, 48 bits virtual
power management: ts fid vid ttp tm stc

processor	: 2
vendor_id	: AuthenticAMD
cpu family	: 15
model		: 65
model name	: Dual-Core AMD Opteron(tm) Processor 2218
stepping	: 3
cpu MHz		: 1000.000
cache size	: 1024 KB
physical id	: 1
siblings	: 2
core id		: 0
cpu cores	: 2
apicid		: 2
initial apicid	: 2
fpu		: yes
fpu_exception	: yes
cpuid level	: 1
wp		: yes
flags		: fpu vme de pse tsc msr pae mce cx8 apic sep mtrr pge mca cmov pat pse36 clflush mmx fxsr sse sse2 ht syscall nx mmxext fxsr_opt rdtscp lm 3dnowext 3dnow rep_good nopl extd_apicid pni cx16 lahf_lm cmp_legacy svm extapic cr8_legacy
bogomips	: 2000.01
TLB size	: 1024 4K pages
clflush size	: 64
cache_alignment	: 64
address sizes	: 40 bits physical, 48 bits virtual
power management: ts fid vid ttp tm stc

processor	: 3
vendor_id	: AuthenticAMD
cpu family	: 15
model		: 65
model name	: Dual-Core AMD Opteron(tm) Processor 2218
stepping	: 3
cpu MHz		: 1000.000
cache size	: 1024 KB
physical id	: 1
siblings	: 2
core id		: 1
cpu cores	: 2
apicid		: 3
initial apicid	: 3
fpu		: yes
fpu_exception	: yes
cpuid level	: 1
wp		: yes
flags		: fpu vme de pse tsc msr pae mce cx8 apic sep mtrr pge mca cmov pat pse36 clflush mmx fxsr sse sse2 ht syscall nx mmxext fxsr_opt rdtscp lm 3dnowext 3dnow rep_good nopl extd_apicid pni cx16 lahf_lm cmp_legacy svm extapic cr8_legacy
bogomips	: 2000.01
TLB size	: 1024 4K pages
clflush size	: 64
cache_alignment	: 64
address sizes	: 40 bits physical, 48 bits virtual
power management: ts fid vid ttp tm stc



Memory: 4k page, physical 4056284k(103896k free), swap 7815616k(7813672k free)

vm_info: Java HotSpot(TM) 64-Bit Server VM (20.1-b02) for linux-amd64 JRE (1.6.0_26-b03), built on May  4 2011 01:13:47 by "java_re" with gcc 3.2.2 (SuSE Linux)

time: Thu Jul 12 14:39:49 2012
elapsed time: 6 seconds

